************************************************************************************************************************************
 ************************************************************************************************************************************
 ************************************************************************************************************************************
 ****************                                                                                                    ****************
 ****************          *  FITTING OF THE POTENTIAL PARAMETERS TO AB INITIO DATA                                  ****************
 ****************          *                                                                                         ****************
 ****************          *  2016                                                                                   ****************
 ****************          *  C2H6                                                                                   ****************

 ****************                                                                                                    ****************
 ************************************************************************************************************************************
 ************************************************************************************************************************************
 ************************************************************************************************************************************
 
        12 <= number of degrees of freedom
         5 <= number of bonds
         7 <= number of bond angles
        20 <= number of iterations in the fit
  0.000000 <= The fit is over if the stability is reached 
  0.000010 <= The fit is over if the st.dev. best is reached 
  1.000000 <= sterr parameter out 
  0.000010 <= stdev parameter out 
         1 <= watson robust on (1) or of (0) 
         8 <= number of non-linear parameters
 parameters of structure 
rCOe      =           1.420
rOHe      =           0.957
rCH       =           1.091
aHOC      =         107.633
aHCO      =         110.202
a1        =           2.170
a2        =           2.554
b1        =           1.857
Lowest energy = -115.609751    

   ------------------------------------------------------------------
   |   iter  |  points |    deviat     |     rms       |  stability  |
   ------------------------------------------------------------------
   |     1   |    168  |   0.99716E+00 |  0.12719E+02  |   0.165E+10 |
   |     2   |    168  |   0.55993E-01 |  0.16088E+01  |   0.103E+03 |
   |     3   |    168  |   0.16770E-01 |  0.64856E+01  |   0.246E+01 |
   |     4   |    168  |   0.16510E-01 |  0.65462E+01  |   0.159E-01 |
   |     5   |    168  |   0.16510E-01 |  0.65494E+01  |   0.279E-05 |
   |     6   |    168  |   0.16510E-01 |  0.65495E+01  |   0.172E-06 |
   |     7   |    168  |   0.16510E-01 |  0.65495E+01  |   0.926E-09 |
   |     8   |    168  |   0.16510E-01 |  0.65495E+01  |   0.329E-08 |
   |     9   |    168  |   0.16510E-01 |  0.65495E+01  |   0.110E-07 |
   |    10   |    168  |   0.16510E-01 |  0.65495E+01  |   0.147E-07 |
   |    11   |    168  |   0.16510E-01 |  0.65495E+01  |   0.110E-07 |
   |    12   |    168  |   0.16510E-01 |  0.65495E+01  |   0.157E-07 |
   |    13   |    168  |   0.16510E-01 |  0.65495E+01  |   0.307E-07 |
   |    14   |    168  |   0.16510E-01 |  0.65495E+01  |   0.165E-07 |
   |    15   |    168  |   0.16510E-01 |  0.65495E+01  |   0.141E-07 |
   |    16   |    168  |   0.16510E-01 |  0.65495E+01  |   0.609E-08 |
   |    17   |    168  |   0.16510E-01 |  0.65495E+01  |   0.508E-09 |
   |    18   |    168  |   0.16510E-01 |  0.65495E+01  |   0.155E-08 |
   |    19   |    168  |   0.16510E-01 |  0.65495E+01  |   0.226E-07 |
   |    20   |    168  |   0.16510E-01 |  0.65495E+01  |   0.334E-09 |
   |    21   |    168  |   0.16510E-01 |  0.65495E+01  |   0.124E-07 |

Watson Alpha parameter  0.1000 fitted with rms2 = 


Potential parameters rounded in accord. with their standart errors

rC  0  0  0  0  0  0  0  0  0  0  0  0   9        1.42019973    (      71)
rO  0  0  0  0  0  0  0  0  0  0  0  0   9        0.95721801    (      62)
rC  0  0  0  0  0  0  0  0  0  0  0  0   9        1.09071638    (      49)
aH  0  0  0  0  0  0  0  0  0  0  0  0   9        107.632661    (      91)
aH  0  0  0  0  0  0  0  0  0  0  0  0   9        110.201791    (      49)
a1  0  0  0  0  0  0  0  0  0  0  0  0   0   2.1702389    
a2  0  0  0  0  0  0  0  0  0  0  0  0   0   2.5539218    
b1  0  0  0  0  0  0  0  0  0  0  0  0   0   1.8574419    
 f  0  0  0  0  0  0  0  0  0  0  0  0   9    -25373229.1995    (      42)
 f  0  0  0  0  0  0  0  0  0  0  0  3   9          128.6325    (      53)
 f  0  0  0  0  0  0  0  0  0  0  0  6   9            0.7265    (      53)
 f  0  0  0  0  0  0  0  0  0  0  0  9   9            0.0092    (      53)
 f  0  0  0  0  0  0  0  0  0  0  0 12   9            0.0052    (      53)
 f  0  0  0  0  0  0  0  0  0  0  0 15   9            0.0033    (      53)
 f  0  0  0  0  0  0  0  0  0  0  0 18   9            0.0014    (      53)
 f  2  0  0  0  0  0  0  0  0  0  0  0   9          29627.84    (      38)
 f  3  0  0  0  0  0  0  0  0  0  0  0   9            3628.7    (      26)
 f  4  0  0  0  0  0  0  0  0  0  0  0   9            2948.8    (      61)
 f  5  0  0  0  0  0  0  0  0  0  0  0   9             1740.    (      23)
 f  6  0  0  0  0  0  0  0  0  0  0  0   9             1169.    (      35)
 f  7  0  0  0  0  0  0  0  0  0  0  0   9              885.    (      57)
 f  8  0  0  0  0  0  0  0  0  0  0  0   9              388.    (      76)
 f  0  2  0  0  0  0  0  0  0  0  0  0   9          32419.11    (      48)
 f  0  3  0  0  0  0  0  0  0  0  0  0   9            2610.2    (      32)
 f  0  4  0  0  0  0  0  0  0  0  0  0   9            3113.6    (      95)
 f  0  5  0  0  0  0  0  0  0  0  0  0   9             1796.    (      30)
 f  0  6  0  0  0  0  0  0  0  0  0  0   9             1350.    (      66)
 f  0  7  0  0  0  0  0  0  0  0  0  0   9              944.    (      83)
 f  0  8  0  0  0  0  0  0  0  0  0  0   9              144.    (     158)
 f  0  0  2  0  0  0  0  0  0  0  0  0   9          114545.4    (      12)
 f  0  0  3  0  0  0  0  0  0  0  0  0   9           -5642.5    (      68)
 f  0  0  4  0  0  0  0  0  0  0  0  0   9             8570.    (      26)
 f  0  0  5  0  0  0  0  0  0  0  0  0   9             3358.    (      67)
 f  0  0  6  0  0  0  0  0  0  0  0  0   9             2420.    (     190)
 f  0  0  7  0  0  0  0  0  0  0  0  0   9             1913.    (     199)
 f  0  0  8  0  0  0  0  0  0  0  0  0   9              830.    (     452)
 f  0  0  0  1  0  0  0  0  0  0  0  1   9           4144.12    (      54)
 f  0  0  0  2  0  0  0  0  0  0  0  1   9            4596.5    (      28)
 f  0  0  0  3  0  0  0  0  0  0  0  1   9             3428.    (      18)
 f  0  0  0  4  0  0  0  0  0  0  0  1   9             2101.    (      65)
 f  0  0  0  5  0  0  0  0  0  0  0  1   9             1431.    (     190)
 f  0  0  0  6  0  0  0  0  0  0  0  1   9             1721.    (     482)
 f  0  0  0  7  0  0  0  0  0  0  0  1   9             -239.    (     580)
 f  0  0  0  8  0  0  0  0  0  0  0  1   9            -2005.    (    1200)
 f  0  0  0  0  0  2  0  0  0  0  0  0   9          19870.28    (      39)
 f  0  0  0  0  0  3  0  0  0  0  0  0   9           -7699.3    (      16)
 f  0  0  0  0  0  4  0  0  0  0  0  0   9           -1286.5    (      48)
 f  0  0  0  0  0  5  0  0  0  0  0  0   9             -444.    (      13)
 f  0  0  0  0  0  6  0  0  0  0  0  0   9             -197.    (      16)
 f  0  0  0  0  0  7  0  0  0  0  0  0   9             -463.    (      30)
 f  0  0  0  0  0  8  0  0  0  0  0  0   9              545.    (      28)
 f  0  0  0  0  0  0  2  0  0  0  0  0   9           84715.7    (      10)
 f  0  0  0  0  0  0  3  0  0  0  0  0   9          -11686.5    (      42)
 f  0  0  0  0  0  0  4  0  0  0  0  0   9             6933.    (      14)
 f  0  0  0  0  0  0  5  0  0  0  0  0   9            -1203.    (      37)
 f  0  0  0  0  0  0  6  0  0  0  0  0   9            -3248.    (      60)
 f  0  0  0  0  0  0  7  0  0  0  0  0   9             2998.    (      87)
 f  0  0  0  0  0  0  8  0  0  0  0  0   9            -1809.    (      92)
 f  0  0  0  0  0  0  0  1  0  0  0  1   9          14926.28    (      36)
 f  0  0  0  0  0  0  0  2  0  0  0  1   9           -7449.5    (      24)
 f  0  0  0  0  0  0  0  3  0  0  0  1   9                2.    (      11)
 f  0  0  0  0  0  0  0  4  0  0  0  1   9             1493.    (      34)
 f  0  0  0  0  0  0  0  5  0  0  0  1   9            -4563.    (      93)
 f  0  0  0  0  0  0  0  6  0  0  0  1   9             4399.    (     144)
 f  0  0  0  0  0  0  0  7  0  0  0  1   9            -1212.    (     219)
 f  0  0  0  0  0  0  0  8  0  0  0  1   9             -773.    (     231)
 f  0  0  0  0  0  0  0  0  0  1  0  1   9            804.87    (      10)
 f  0  0  0  0  0  0  0  0  0  2  0  0   9          19710.70    (      51)
 f  0  0  0  0  0  0  0  0  0  2  0  1   9            -264.3    (      18)
 f  0  0  0  0  0  0  0  0  0  1  2  0   9            5979.9    (      84)
 h  0  0  0  0  0  0  0  0  0  2  1 -1   9           -828.43    (      88)
 f  0  0  0  0  0  0  0  0  0  4  0  0   9              84.5    (      53)
 f  0  0  0  0  0  0  0  0  0  4  0  1   9             -192.    (      14)
 f  0  0  0  0  0  0  0  0  0  5  0  0   9             -235.    (      18)
 f  0  0  0  0  0  0  0  0  0  4  2  0   9             -943.    (      77)
 f  0  0  0  0  0  0  0  0  0  2  4  0   9              217.    (      60)
 f  0  0  0  0  0  0  0  0  0  7  0  0   9             -33.7    (      78)
 f  0  0  0  0  0  0  0  0  0  8  0  0   9              69.2    (      59)
 f  0  0  0  0  0  0  0  0  0  8  0  1   9              -91.    (      13)
------------------------------
*  FITTING OF THE POTENTIAL PARAMETERS TO AB INITIO DATA                        
*                                                                               
*  2016                                                                         
*  C2H6                                                                         
      rCOe                        9          1.42019973
      rOHe                        9          0.95721801
       rCH                        9          1.09071638
      aHOC                        9        107.63266098
      aHCO                        9        110.20179105
        a1                        0          2.17023887
        a2                        0          2.55392176
        b1                        0          1.85744195
 f   0   0   0   0   0   0   0   0   0   0   0   0   9  -25373229.19954265
 f   0   0   0   0   0   0   0   0   0   0   0   3   9        128.63249270
 f   0   0   0   0   0   0   0   0   0   0   0   6   9          0.72654111
 f   0   0   0   0   0   0   0   0   0   0   0   9   9          0.00918296
 f   0   0   0   0   0   0   0   0   0   0   0  12   9          0.00521947
 f   0   0   0   0   0   0   0   0   0   0   0  15   9          0.00333175
 f   0   0   0   0   0   0   0   0   0   0   0  18   9          0.00135738
 f   2   0   0   0   0   0   0   0   0   0   0   0   9      29627.83934402
 f   3   0   0   0   0   0   0   0   0   0   0   0   9       3628.72596873
 f   4   0   0   0   0   0   0   0   0   0   0   0   9       2948.83277254
 f   5   0   0   0   0   0   0   0   0   0   0   0   9       1739.95697102
 f   6   0   0   0   0   0   0   0   0   0   0   0   9       1169.16806834
 f   7   0   0   0   0   0   0   0   0   0   0   0   9        884.92573197
 f   8   0   0   0   0   0   0   0   0   0   0   0   9        387.55158817
 f   0   2   0   0   0   0   0   0   0   0   0   0   9      32419.10606375
 f   0   3   0   0   0   0   0   0   0   0   0   0   9       2610.23401772
 f   0   4   0   0   0   0   0   0   0   0   0   0   9       3113.57631072
 f   0   5   0   0   0   0   0   0   0   0   0   0   9       1795.92357954
 f   0   6   0   0   0   0   0   0   0   0   0   0   9       1349.94871207
 f   0   7   0   0   0   0   0   0   0   0   0   0   9        944.28818918
 f   0   8   0   0   0   0   0   0   0   0   0   0   9        143.87008537
 f   0   0   2   0   0   0   0   0   0   0   0   0   9     114545.36422226
 f   0   0   3   0   0   0   0   0   0   0   0   0   9      -5642.48643414
 f   0   0   4   0   0   0   0   0   0   0   0   0   9       8570.01099387
 f   0   0   5   0   0   0   0   0   0   0   0   0   9       3358.16015724
 f   0   0   6   0   0   0   0   0   0   0   0   0   9       2419.63167321
 f   0   0   7   0   0   0   0   0   0   0   0   0   9       1913.04314909
 f   0   0   8   0   0   0   0   0   0   0   0   0   9        829.92193639
 f   0   0   0   1   0   0   0   0   0   0   0   1   9       4144.12413241
 f   0   0   0   2   0   0   0   0   0   0   0   1   9       4596.52771401
 f   0   0   0   3   0   0   0   0   0   0   0   1   9       3428.43862563
 f   0   0   0   4   0   0   0   0   0   0   0   1   9       2101.40785186
 f   0   0   0   5   0   0   0   0   0   0   0   1   9       1431.48779346
 f   0   0   0   6   0   0   0   0   0   0   0   1   9       1721.33064592
 f   0   0   0   7   0   0   0   0   0   0   0   1   9       -239.18367170
 f   0   0   0   8   0   0   0   0   0   0   0   1   9      -2004.66422520
 f   0   0   0   0   0   2   0   0   0   0   0   0   9      19870.28157804
 f   0   0   0   0   0   3   0   0   0   0   0   0   9      -7699.32144572
 f   0   0   0   0   0   4   0   0   0   0   0   0   9      -1286.50838707
 f   0   0   0   0   0   5   0   0   0   0   0   0   9       -443.91777663
 f   0   0   0   0   0   6   0   0   0   0   0   0   9       -197.00468825
 f   0   0   0   0   0   7   0   0   0   0   0   0   9       -463.29615728
 f   0   0   0   0   0   8   0   0   0   0   0   0   9        544.67974644
 f   0   0   0   0   0   0   2   0   0   0   0   0   9      84715.74261968
 f   0   0   0   0   0   0   3   0   0   0   0   0   9     -11686.52599193
 f   0   0   0   0   0   0   4   0   0   0   0   0   9       6932.66385555
 f   0   0   0   0   0   0   5   0   0   0   0   0   9      -1203.05828742
 f   0   0   0   0   0   0   6   0   0   0   0   0   9      -3248.46330397
 f   0   0   0   0   0   0   7   0   0   0   0   0   9       2998.10432589
 f   0   0   0   0   0   0   8   0   0   0   0   0   9      -1809.42840908
 f   0   0   0   0   0   0   0   1   0   0   0   1   9      14926.28493526
 f   0   0   0   0   0   0   0   2   0   0   0   1   9      -7449.47350993
 f   0   0   0   0   0   0   0   3   0   0   0   1   9          1.83274614
 f   0   0   0   0   0   0   0   4   0   0   0   1   9       1492.87409982
 f   0   0   0   0   0   0   0   5   0   0   0   1   9      -4562.81174104
 f   0   0   0   0   0   0   0   6   0   0   0   1   9       4399.28606696
 f   0   0   0   0   0   0   0   7   0   0   0   1   9      -1211.84117493
 f   0   0   0   0   0   0   0   8   0   0   0   1   9       -773.25598520
 f   0   0   0   0   0   0   0   0   0   1   0   1   9        804.86575381
 f   0   0   0   0   0   0   0   0   0   2   0   0   9      19710.70497204
 f   0   0   0   0   0   0   0   0   0   2   0   1   9       -264.26273880
 f   0   0   0   0   0   0   0   0   0   1   2   0   9       5979.91628859
 h   0   0   0   0   0   0   0   0   0   2   1  -1   9       -828.43100517
 f   0   0   0   0   0   0   0   0   0   4   0   0   9         84.51489510
 f   0   0   0   0   0   0   0   0   0   4   0   1   9       -192.23384200
 f   0   0   0   0   0   0   0   0   0   5   0   0   9       -235.31525303
 f   0   0   0   0   0   0   0   0   0   4   2   0   9       -942.53891279
 f   0   0   0   0   0   0   0   0   0   2   4   0   9        216.91184066
 f   0   0   0   0   0   0   0   0   0   7   0   0   9        -33.74711209
 f   0   0   0   0   0   0   0   0   0   8   0   0   9         69.17208950
 f   0   0   0   0   0   0   0   0   0   8   0   1   9        -91.12564729

Correlation coefficients larger than 0.9: 
          corr(   1,  14) =  0.9047106
          corr(   3,  28) =  0.9005097
          corr(  13,  15) =  0.9405084
          corr(  14,  16) =  0.9672881
          corr(  14,  18) =  0.9214329
          corr(  15,  17) =  0.9095801
          corr(  16,  18) =  0.9889127
          corr(  17,  19) =  0.9264208
          corr(  21,  23) =  0.9699651
          corr(  21,  25) =  0.9249187
          corr(  22,  24) =  0.9292057
          corr(  23,  25) =  0.9886051
          corr(  24,  26) =  0.9568085
          corr(  27,  29) =  0.9265326
          corr(  28,  30) =  0.9517572
          corr(  29,  31) =  0.9526340
          corr(  30,  32) =  0.9816511
          corr(  31,  33) =  0.9604966
          corr(  35,  37) =  0.9467418
          corr(  36,  38) =  0.9543411
          corr(  37,  39) =  0.9454747
          corr(  38,  40) =  0.9835204
          corr(  39,  41) =  0.9547252
          corr(  42,  44) =  0.9388566
          corr(  43,  45) =  0.9236030
          corr(  45,  47) =  0.9779121
          corr(  49,  51) =  0.9504502
          corr(  50,  52) =  0.9443808
          corr(  51,  53) =  0.9228422
          corr(  52,  54) =  0.9875128
          corr(  57,  59) =  0.9484467
          corr(  58,  60) =  0.9452410
          corr(  59,  61) =  0.9178602
          corr(  60,  62) =  0.9875592
          corr(  64,  68) =  0.9479230
          corr(  67,  71) =  0.9962236
          corr(  67,  74) =  0.9272713
          corr(  69,  75) =  0.9337239
          corr(  70,  76) =  0.9281964
          corr(  71,  74) =  0.9559041
          corr(  72,  76) =  0.9387219

               --------------------------------------------------------------------------------
               :     old parm   :     new parm   :  delta parm  :   std. err.  : sensitility
               --------------------------------------------------------------------------------
  1  rCOe       :          1.42  :          1.42  :         0.000:         0.000:         0.000:!
  2  rOHe       :          0.96  :          0.96  :        -0.000:         0.000:         0.000:!
  3  rCH        :          1.09  :          1.09  :         0.000:         0.000:         0.000:!
  4  aHOC       :        107.63  :        107.63  :         0.000:         0.000:         0.000:!
  5  aHCO       :        110.20  :        110.20  :        -0.000:         0.000:         0.000:!
  6  f          :  -25373229.20  :  -25373229.20  :         0.000:         0.004:         0.000:!
  7  f          :        128.63  :        128.63  :         0.000:         0.005:         0.000:!
  8  f          :          0.73  :          0.73  :        -0.000:         0.005:         0.000:!
  9  f          :          0.01  :          0.01  :        -0.000:         0.005:         0.000:!
 10##f          :          0.01  :          0.01  :         0.000:         0.005:         0.000:!#
 11##f          :          0.00  :          0.00  :        -0.000:         0.005:         0.000:!#
 12##f          :          0.00  :          0.00  :         0.000:         0.005:         0.000:!#
 13  f          :      29627.84  :      29627.84  :        -0.000:         0.377:         0.001:!
 14  f          :       3628.73  :       3628.73  :         0.000:         2.630:         0.001:!
 15  f          :       2948.83  :       2948.83  :         0.000:         6.132:         0.002:!
 16  f          :       1739.96  :       1739.96  :        -0.000:        22.864:         0.005:!
 17  f          :       1169.17  :       1169.17  :        -0.000:        35.298:         0.009:!
 18  f          :        884.93  :        884.93  :         0.000:        56.601:         0.017:!
 19  f          :        387.55  :        387.55  :         0.000:        76.343:         0.031:!
 20  f          :      32419.11  :      32419.11  :         0.000:         0.483:         0.001:!
 21  f          :       2610.23  :       2610.23  :        -0.000:         3.234:         0.002:!
 22  f          :       3113.58  :       3113.58  :        -0.000:         9.475:         0.004:!
 23  f          :       1795.92  :       1795.92  :        -0.000:        30.409:         0.009:!
 24  f          :       1349.95  :       1349.95  :         0.000:        66.248:         0.019:!
 25  f          :        944.29  :        944.29  :         0.000:        82.801:         0.040:!
 26##f          :        143.87  :        143.87  :        -0.000:       158.053:         0.083:!#
 27  f          :     114545.36  :     114545.36  :         0.000:         1.175:         0.002:!
 28  f          :      -5642.49  :      -5642.49  :         0.000:         6.752:         0.004:!
 29  f          :       8570.01  :       8570.01  :        -0.000:        26.484:         0.008:!
 30  f          :       3358.16  :       3358.16  :        -0.000:        67.259:         0.019:!
 31  f          :       2419.63  :       2419.63  :         0.000:       190.096:         0.040:!
 32  f          :       1913.04  :       1913.04  :         0.000:       198.573:         0.085:!
 33  f          :        829.92  :        829.92  :        -0.000:       452.482:         0.177:!
 34  f          :       4144.12  :       4144.12  :        -0.000:         0.537:         0.001:!
 35  f          :       4596.53  :       4596.53  :         0.000:         2.789:         0.004:!
 36  f          :       3428.44  :       3428.44  :         0.000:        18.074:         0.010:!
 37  f          :       2101.41  :       2101.41  :        -0.000:        65.128:         0.023:!
 38  f          :       1431.49  :       1431.49  :        -0.000:       189.566:         0.051:!
 39  f          :       1721.33  :       1721.33  :         0.000:       482.222:         0.114:!
 40##f          :       -239.18  :       -239.18  :         0.000:       580.092:         0.248:!#
 41  f          :      -2004.66  :      -2004.66  :         0.000:      1199.647:         0.535:!
 42  f          :      19870.28  :      19870.28  :         0.000:         0.391:         0.000:!
 43  f          :      -7699.32  :      -7699.32  :         0.000:         1.567:         0.000:!
 44  f          :      -1286.51  :      -1286.51  :        -0.000:         4.752:         0.000:!
 45  f          :       -443.92  :       -443.92  :        -0.000:        12.826:         0.000:!
 46  f          :       -197.00  :       -197.00  :         0.000:        15.879:         0.001:!
 47  f          :       -463.30  :       -463.30  :         0.000:        30.121:         0.001:!
 48  f          :        544.68  :        544.68  :        -0.000:        27.507:         0.001:!
 49  f          :      84715.74  :      84715.74  :         0.000:         1.050:         0.001:!
 50  f          :     -11686.53  :     -11686.53  :        -0.000:         4.212:         0.002:!
 51  f          :       6932.66  :       6932.66  :        -0.000:        14.375:         0.005:!
 52  f          :      -1203.06  :      -1203.06  :         0.000:        36.930:         0.009:!
 53  f          :      -3248.46  :      -3248.46  :         0.000:        59.550:         0.018:!
 54  f          :       2998.10  :       2998.10  :        -0.000:        86.710:         0.034:!
 55  f          :      -1809.43  :      -1809.43  :        -0.000:        92.280:         0.065:!
 56  f          :      14926.28  :      14926.28  :        -0.000:         0.361:         0.001:!
 57  f          :      -7449.47  :      -7449.47  :         0.000:         2.362:         0.003:!
 58##f          :          1.83  :          1.83  :         0.000:        10.607:         0.006:!#
 59  f          :       1492.87  :       1492.87  :        -0.000:        33.757:         0.012:!
 60  f          :      -4562.81  :      -4562.81  :        -0.000:        93.379:         0.024:!
 61  f          :       4399.29  :       4399.29  :         0.000:       144.351:         0.046:!
 62  f          :      -1211.84  :      -1211.84  :         0.000:       219.302:         0.087:!
 63  f          :       -773.26  :       -773.26  :        -0.000:       231.102:         0.164:!
 64  f          :        804.87  :        804.87  :         0.000:         0.101:         0.000:!
 65  f          :      19710.70  :      19710.70  :         0.000:         0.513:         0.000:!
 66  f          :       -264.26  :       -264.26  :        -0.000:         1.799:         0.001:!
 67  f          :       5979.92  :       5979.92  :         0.000:         8.393:         0.001:!
 68  h          :       -828.43  :       -828.43  :         0.000:         0.880:         0.003:!
 69  f          :         84.51  :         84.51  :         0.000:         5.335:         0.001:!
 70  f          :       -192.23  :       -192.23  :         0.000:        14.332:         0.001:!
 71  f          :       -235.32  :       -235.32  :         0.000:        17.540:         0.001:!
 72  f          :       -942.54  :       -942.54  :         0.000:        76.704:         0.006:!
 73  f          :        216.91  :        216.91  :        -0.000:        60.189:         0.002:!
 74  f          :        -33.75  :        -33.75  :        -0.000:         7.790:         0.001:!
 75  f          :         69.17  :         69.17  :         0.000:         5.894:         0.001:!
 76  f          :        -91.13  :        -91.13  :         0.000:        13.443:         0.001:!

   ------------------------------------------------------------------
   |   iter  |  points |    deviat     |     rms       |  stability  |
   ------------------------------------------------------------------

   -----------------------------------------------------------
   |  param  |  points |   deviat    |    rms      | stability |
   -----------------------------------------------------------
   |    76   |    168  |   0.16510E-01 |  0.72130E+04  |    0.124E-07 |

############################################################################################
