************************************************************************************************************************************
 ************************************************************************************************************************************
 ************************************************************************************************************************************
 ****************                                                                                                    ****************
 ****************          *  FITTING OF THE POTENTIAL PARAMETERS TO AB INITIO DATA                                  ****************
 ****************          *                                                                                         ****************
 ****************          *  2016                                                                                   ****************
 ****************          *  C2H6                                                                                   ****************

 ****************                                                                                                    ****************
 ************************************************************************************************************************************
 ************************************************************************************************************************************
 ************************************************************************************************************************************
 
        12 <= number of degrees of freedom
         5 <= number of bonds
         7 <= number of bond angles
        20 <= number of iterations in the fit
  0.000000 <= The fit is over if the stability is reached 
  0.000010 <= The fit is over if the st.dev. best is reached 
  1.000000 <= sterr parameter out 
  0.000010 <= stdev parameter out 
         1 <= watson robust on (1) or of (0) 
         8 <= number of non-linear parameters
 parameters of structure 
rCOe      =           1.420
rOHe      =           0.957
rCH       =           1.091
aHOC      =         107.633
aHCO      =         110.202
a1        =           2.170
a2        =           2.554
b1        =           1.857
Lowest energy = -115.609500    

   ------------------------------------------------------------------
   |   iter  |  points |    deviat     |     rms       |  stability  |
   ------------------------------------------------------------------
   |     1   |     19  |   0.60406E-02 |  0.36587E+00  |   0.521E+12 |
   |     2   |     19  |   0.62939E-02 |  0.10810E+00  |   0.205E+01 |
   |     3   |     19  |   0.60404E-02 |  0.36584E+00  |   0.420E-01 |
   |     4   |     19  |   0.60404E-02 |  0.36584E+00  |   0.139E-06 |
   |     5   |     19  |   0.60404E-02 |  0.36584E+00  |   0.104E-06 |
   |     6   |     19  |   0.60404E-02 |  0.36584E+00  |   0.734E-07 |
   |     7   |     19  |   0.60404E-02 |  0.36584E+00  |   0.222E-06 |
   |     8   |     19  |   0.60404E-02 |  0.36584E+00  |   0.184E-06 |
   |     9   |     19  |   0.60404E-02 |  0.36584E+00  |   0.603E-07 |
   |    10   |     19  |   0.60404E-02 |  0.36584E+00  |   0.445E-07 |
   |    11   |     19  |   0.60404E-02 |  0.36584E+00  |   0.122E-06 |
   |    12   |     19  |   0.60404E-02 |  0.36584E+00  |   0.171E-06 |
   |    13   |     19  |   0.60404E-02 |  0.36584E+00  |   0.803E-07 |
   |    14   |     19  |   0.60404E-02 |  0.36584E+00  |   0.507E-07 |
   |    15   |     19  |   0.60404E-02 |  0.36584E+00  |   0.894E-08 |
   |    16   |     19  |   0.60404E-02 |  0.36584E+00  |   0.170E-06 |
   |    17   |     19  |   0.60404E-02 |  0.36584E+00  |   0.153E-06 |
   |    18   |     19  |   0.60404E-02 |  0.36584E+00  |   0.629E-07 |
   |    19   |     19  |   0.60404E-02 |  0.36584E+00  |   0.121E-06 |
   |    20   |     19  |   0.60404E-02 |  0.36584E+00  |   0.170E-08 |
   |    21   |     19  |   0.60404E-02 |  0.36584E+00  |   0.178E-06 |

Watson Alpha parameter  0.1000 fitted with rms2 = 


Potential parameters rounded in accord. with their standart errors

rC  0  0  0  0  0  0  0  0  0  0  0  0   0   1.4201997    
rO  0  0  0  0  0  0  0  0  0  0  0  0   0  0.95721798    
rC  0  0  0  0  0  0  0  0  0  0  0  0   9        1.09061376    (      23)
aH  0  0  0  0  0  0  0  0  0  0  0  0   0   107.63257    
aH  0  0  0  0  0  0  0  0  0  0  0  0   0   110.20179    
a1  0  0  0  0  0  0  0  0  0  0  0  0   0   2.1702389    
a2  0  0  0  0  0  0  0  0  0  0  0  0   0   2.5539218    
b1  0  0  0  0  0  0  0  0  0  0  0  0   0   1.8574419    
 f  0  0  0  0  0  0  0  0  0  0  0  0   9    -25373229.0822    (      28)
 f  0  0  0  0  0  0  0  0  0  0  0  3   0   128.63224    
 f  0  0  0  0  0  0  0  0  0  0  0  6   0  0.72677944    
 f  0  0  0  0  0  0  0  0  0  0  0  9   0  0.89314000E-02
 f  0  0  0  0  0  0  0  0  0  0  0 12   0  0.54578000E-02
 f  0  0  0  0  0  0  0  0  0  0  0 15   0  0.30801900E-02
 f  0  0  0  0  0  0  0  0  0  0  0 18   0  0.15957000E-02
 f  2  0  0  0  0  0  0  0  0  0  0  0   0   29627.890    
 f  3  0  0  0  0  0  0  0  0  0  0  0   0   3628.7106    
 f  4  0  0  0  0  0  0  0  0  0  0  0   0   2948.2974    
 f  5  0  0  0  0  0  0  0  0  0  0  0   0   1740.0422    
 f  6  0  0  0  0  0  0  0  0  0  0  0   0   1171.0816    
 f  7  0  0  0  0  0  0  0  0  0  0  0   0   884.86399    
 f  8  0  0  0  0  0  0  0  0  0  0  0   0   385.56474    
 f  0  2  0  0  0  0  0  0  0  0  0  0   0   32418.852    
 f  0  3  0  0  0  0  0  0  0  0  0  0   0   2610.1683    
 f  0  4  0  0  0  0  0  0  0  0  0  0   0   3116.8921    
 f  0  5  0  0  0  0  0  0  0  0  0  0   0   1796.0979    
 f  0  6  0  0  0  0  0  0  0  0  0  0   0   1334.6762    
 f  0  7  0  0  0  0  0  0  0  0  0  0   0   944.40102    
 f  0  8  0  0  0  0  0  0  0  0  0  0   0   166.51039    
 f  0  0  2  0  0  0  0  0  0  0  0  0   9         114667.39    (      72)
 f  0  0  3  0  0  0  0  0  0  0  0  0   9           -5598.3    (      31)
 f  0  0  4  0  0  0  0  0  0  0  0  0   9             8597.    (      14)
 f  0  0  5  0  0  0  0  0  0  0  0  0   9             3344.    (      30)
 f  0  0  6  0  0  0  0  0  0  0  0  0   9             2406.    (      97)
 f  0  0  7  0  0  0  0  0  0  0  0  0   9             1872.    (      85)
 f  0  0  8  0  0  0  0  0  0  0  0  0   9              719.    (     218)
 f  0  0  0  1  0  0  0  0  0  0  0  1   0   4317.9067    
 f  0  0  0  2  0  0  0  0  0  0  0  1   0   4899.7351    
 f  0  0  0  3  0  0  0  0  0  0  0  1   0   3643.2427    
 f  0  0  0  4  0  0  0  0  0  0  0  1   0   2152.8833    
 f  0  0  0  5  0  0  0  0  0  0  0  1   0   1385.9805    
 f  0  0  0  6  0  0  0  0  0  0  0  1   0   1900.2694    
 f  0  0  0  7  0  0  0  0  0  0  0  1   0  -442.07308    
 f  0  0  0  8  0  0  0  0  0  0  0  1   0  -2839.0194    
 f  0  0  0  0  0  2  0  0  0  0  0  0   0   19869.276    
 f  0  0  0  0  0  3  0  0  0  0  0  0   0  -7703.6040    
 f  0  0  0  0  0  4  0  0  0  0  0  0   0  -1267.7240    
 f  0  0  0  0  0  5  0  0  0  0  0  0   0  -398.88442    
 f  0  0  0  0  0  6  0  0  0  0  0  0   0  -296.64864    
 f  0  0  0  0  0  7  0  0  0  0  0  0   0  -573.91751    
 f  0  0  0  0  0  8  0  0  0  0  0  0   0   711.70923    
 f  0  0  0  0  0  0  2  0  0  0  0  0   0   84715.437    
 f  0  0  0  0  0  0  3  0  0  0  0  0   0  -11686.578    
 f  0  0  0  0  0  0  4  0  0  0  0  0   0   6936.0491    
 f  0  0  0  0  0  0  5  0  0  0  0  0   0  -1202.4880    
 f  0  0  0  0  0  0  6  0  0  0  0  0   0  -3259.2495    
 f  0  0  0  0  0  0  7  0  0  0  0  0   0   2996.6691    
 f  0  0  0  0  0  0  8  0  0  0  0  0   0  -1801.1572    
 f  0  0  0  0  0  0  0  1  0  0  0  1   0   14926.285    
 f  0  0  0  0  0  0  0  2  0  0  0  1   0  -7449.4735    
 f  0  0  0  0  0  0  0  3  0  0  0  1   0   1.8325307    
 f  0  0  0  0  0  0  0  4  0  0  0  1   0   1492.8746    
 f  0  0  0  0  0  0  0  5  0  0  0  1   0  -4562.8103    
 f  0  0  0  0  0  0  0  6  0  0  0  1   0   4399.2831    
 f  0  0  0  0  0  0  0  7  0  0  0  1   0  -1211.8428    
 f  0  0  0  0  0  0  0  8  0  0  0  1   0  -773.25315    
 f  0  0  0  0  0  0  0  0  0  1  0  1   0   804.86594    
 f  0  0  0  0  0  0  0  0  0  2  0  0   0   19710.549    
 f  0  0  0  0  0  0  0  0  0  2  0  1   0  -264.26381    
 f  0  0  0  0  0  0  0  0  0  1  2  0   0   5979.9522    
 h  0  0  0  0  0  0  0  0  0  2  1 -1   0  -828.42945    
 f  0  0  0  0  0  0  0  0  0  4  0  0   0   85.167879    
 f  0  0  0  0  0  0  0  0  0  4  0  1   0  -192.19664    
 f  0  0  0  0  0  0  0  0  0  5  0  0   0  -235.23046    
 f  0  0  0  0  0  0  0  0  0  4  2  0   0  -944.05397    
 f  0  0  0  0  0  0  0  0  0  2  4  0   0   215.01742    
 f  0  0  0  0  0  0  0  0  0  7  0  0   0  -33.797645    
 f  0  0  0  0  0  0  0  0  0  8  0  0   0   69.362742    
 f  0  0  0  0  0  0  0  0  0  8  0  1   0  -91.180628    
------------------------------
*  FITTING OF THE POTENTIAL PARAMETERS TO AB INITIO DATA                        
*                                                                               
*  2016                                                                         
*  C2H6                                                                         
      rCOe                        0          1.42019973
      rOHe                        0          0.95721798
       rCH                        9          1.09061376
      aHOC                        0        107.63257079
      aHCO                        0        110.20179086
        a1                        0          2.17023887
        a2                        0          2.55392176
        b1                        0          1.85744195
 f   0   0   0   0   0   0   0   0   0   0   0   0   9  -25373229.08222464
 f   0   0   0   0   0   0   0   0   0   0   0   3   0        128.63224113
 f   0   0   0   0   0   0   0   0   0   0   0   6   0          0.72677944
 f   0   0   0   0   0   0   0   0   0   0   0   9   0          0.00893140
 f   0   0   0   0   0   0   0   0   0   0   0  12   0          0.00545780
 f   0   0   0   0   0   0   0   0   0   0   0  15   0          0.00308019
 f   0   0   0   0   0   0   0   0   0   0   0  18   0          0.00159570
 f   2   0   0   0   0   0   0   0   0   0   0   0   0      29627.88973445
 f   3   0   0   0   0   0   0   0   0   0   0   0   0       3628.71064344
 f   4   0   0   0   0   0   0   0   0   0   0   0   0       2948.29742478
 f   5   0   0   0   0   0   0   0   0   0   0   0   0       1740.04217676
 f   6   0   0   0   0   0   0   0   0   0   0   0   0       1171.08163818
 f   7   0   0   0   0   0   0   0   0   0   0   0   0        884.86398993
 f   8   0   0   0   0   0   0   0   0   0   0   0   0        385.56474437
 f   0   2   0   0   0   0   0   0   0   0   0   0   0      32418.85207731
 f   0   3   0   0   0   0   0   0   0   0   0   0   0       2610.16826623
 f   0   4   0   0   0   0   0   0   0   0   0   0   0       3116.89211838
 f   0   5   0   0   0   0   0   0   0   0   0   0   0       1796.09792383
 f   0   6   0   0   0   0   0   0   0   0   0   0   0       1334.67618802
 f   0   7   0   0   0   0   0   0   0   0   0   0   0        944.40101614
 f   0   8   0   0   0   0   0   0   0   0   0   0   0        166.51038708
 f   0   0   2   0   0   0   0   0   0   0   0   0   9     114667.39306234
 f   0   0   3   0   0   0   0   0   0   0   0   0   9      -5598.29465202
 f   0   0   4   0   0   0   0   0   0   0   0   0   9       8597.14014322
 f   0   0   5   0   0   0   0   0   0   0   0   0   9       3343.89723812
 f   0   0   6   0   0   0   0   0   0   0   0   0   9       2406.42042052
 f   0   0   7   0   0   0   0   0   0   0   0   0   9       1872.05985852
 f   0   0   8   0   0   0   0   0   0   0   0   0   9        719.06053167
 f   0   0   0   1   0   0   0   0   0   0   0   1   0       4317.90673936
 f   0   0   0   2   0   0   0   0   0   0   0   1   0       4899.73514853
 f   0   0   0   3   0   0   0   0   0   0   0   1   0       3643.24267360
 f   0   0   0   4   0   0   0   0   0   0   0   1   0       2152.88327089
 f   0   0   0   5   0   0   0   0   0   0   0   1   0       1385.98050118
 f   0   0   0   6   0   0   0   0   0   0   0   1   0       1900.26936056
 f   0   0   0   7   0   0   0   0   0   0   0   1   0       -442.07308154
 f   0   0   0   8   0   0   0   0   0   0   0   1   0      -2839.01943289
 f   0   0   0   0   0   2   0   0   0   0   0   0   0      19869.27559639
 f   0   0   0   0   0   3   0   0   0   0   0   0   0      -7703.60404240
 f   0   0   0   0   0   4   0   0   0   0   0   0   0      -1267.72403387
 f   0   0   0   0   0   5   0   0   0   0   0   0   0       -398.88441802
 f   0   0   0   0   0   6   0   0   0   0   0   0   0       -296.64864454
 f   0   0   0   0   0   7   0   0   0   0   0   0   0       -573.91751309
 f   0   0   0   0   0   8   0   0   0   0   0   0   0        711.70923241
 f   0   0   0   0   0   0   2   0   0   0   0   0   0      84715.43744074
 f   0   0   0   0   0   0   3   0   0   0   0   0   0     -11686.57766388
 f   0   0   0   0   0   0   4   0   0   0   0   0   0       6936.04913074
 f   0   0   0   0   0   0   5   0   0   0   0   0   0      -1202.48800546
 f   0   0   0   0   0   0   6   0   0   0   0   0   0      -3259.24952123
 f   0   0   0   0   0   0   7   0   0   0   0   0   0       2996.66908331
 f   0   0   0   0   0   0   8   0   0   0   0   0   0      -1801.15715085
 f   0   0   0   0   0   0   0   1   0   0   0   1   0      14926.28498892
 f   0   0   0   0   0   0   0   2   0   0   0   1   0      -7449.47352370
 f   0   0   0   0   0   0   0   3   0   0   0   1   0          1.83253068
 f   0   0   0   0   0   0   0   4   0   0   0   1   0       1492.87461681
 f   0   0   0   0   0   0   0   5   0   0   0   1   0      -4562.81027399
 f   0   0   0   0   0   0   0   6   0   0   0   1   0       4399.28306043
 f   0   0   0   0   0   0   0   7   0   0   0   1   0      -1211.84282359
 f   0   0   0   0   0   0   0   8   0   0   0   1   0       -773.25315184
 f   0   0   0   0   0   0   0   0   0   1   0   1   0        804.86594178
 f   0   0   0   0   0   0   0   0   0   2   0   0   0      19710.54852525
 f   0   0   0   0   0   0   0   0   0   2   0   1   0       -264.26380655
 f   0   0   0   0   0   0   0   0   0   1   2   0   0       5979.95217705
 h   0   0   0   0   0   0   0   0   0   2   1  -1   0       -828.42945325
 f   0   0   0   0   0   0   0   0   0   4   0   0   0         85.16787887
 f   0   0   0   0   0   0   0   0   0   4   0   1   0       -192.19663885
 f   0   0   0   0   0   0   0   0   0   5   0   0   0       -235.23046035
 f   0   0   0   0   0   0   0   0   0   4   2   0   0       -944.05397418
 f   0   0   0   0   0   0   0   0   0   2   4   0   0        215.01741969
 f   0   0   0   0   0   0   0   0   0   7   0   0   0        -33.79764516
 f   0   0   0   0   0   0   0   0   0   8   0   0   0         69.36274167
 f   0   0   0   0   0   0   0   0   0   8   0   1   0        -91.18062850

Correlation coefficients larger than 0.9: 
          corr(   1,   4) =  0.9032024
          corr(   3,   5) =  0.9311657
          corr(   4,   6) =  0.9518552
          corr(   5,   7) =  0.9585913
          corr(   6,   8) =  0.9811097
          corr(   7,   9) =  0.9647209

               --------------------------------------------------------------------------------
               :     old parm   :     new parm   :  delta parm  :   std. err.  : sensitility
               --------------------------------------------------------------------------------
  1  rCH        :          1.09  :          1.09  :        -0.000:         0.000:         0.000:!
  2  f          :  -25373229.08  :  -25373229.08  :        -0.000:         0.003:         0.000:!
  3  f          :     114667.39  :     114667.39  :         0.000:         0.717:         0.002:!
  4  f          :      -5598.29  :      -5598.29  :        -0.000:         3.112:         0.005:!
  5  f          :       8597.14  :       8597.14  :        -0.000:        14.330:         0.011:!
  6  f          :       3343.90  :       3343.90  :         0.000:        29.789:         0.024:!
  7  f          :       2406.42  :       2406.42  :         0.000:        96.806:         0.050:!
  8  f          :       1872.06  :       1872.06  :        -0.000:        84.765:         0.103:!
  9  f          :        719.06  :        719.06  :        -0.000:       217.532:         0.208:!

   ------------------------------------------------------------------
   |   iter  |  points |    deviat     |     rms       |  stability  |
   ------------------------------------------------------------------

   -----------------------------------------------------------
   |  param  |  points |   deviat    |    rms      | stability |
   -----------------------------------------------------------
   |     9   |     19  |   0.60404E-02 |  0.29088E+01  |    0.178E-06 |

############################################################################################
