************************************************************************************************************************************
 ************************************************************************************************************************************
 ************************************************************************************************************************************
 ****************                                                                                                    ****************
 ****************          *  FITTING OF THE POTENTIAL PARAMETERS TO AB INITIO DATA                                  ****************
 ****************          *                                                                                         ****************
 ****************          *  2016                                                                                   ****************
 ****************          *  C2H6                                                                                   ****************

 ****************                                                                                                    ****************
 ************************************************************************************************************************************
 ************************************************************************************************************************************
 ************************************************************************************************************************************
 
        12 <= number of degrees of freedom
         5 <= number of bonds
         7 <= number of bond angles
        20 <= number of iterations in the fit
  0.000000 <= The fit is over if the stability is reached 
  0.000010 <= The fit is over if the st.dev. best is reached 
  1.000000 <= sterr parameter out 
  0.000010 <= stdev parameter out 
         1 <= watson robust on (1) or of (0) 
         8 <= number of non-linear parameters
 parameters of structure 
rCOe      =           1.420
rOHe      =           0.957
rCH       =           1.091
aHOC      =         107.633
aHCO      =         110.202
a1        =           2.170
a2        =           2.554
b1        =           1.783
Lowest energy = -115.609500    

   ------------------------------------------------------------------
   |   iter  |  points |    deviat     |     rms       |  stability  |
   ------------------------------------------------------------------
   |     1   |     18  |   0.59700E-02 |  0.29618E+01  |   0.624E+11 |
   |     2   |     18  |   0.58293E-01 |  0.22609E+01  |   0.175E+01 |
   |     3   |     18  |   0.59700E-02 |  0.29618E+01  |   0.877E+01 |
   |     4   |     18  |   0.59700E-02 |  0.29618E+01  |   0.144E-03 |
   |     5   |     18  |   0.59700E-02 |  0.29618E+01  |   0.896E-07 |
   |     6   |     18  |   0.59700E-02 |  0.29618E+01  |   0.128E-06 |
   |     7   |     18  |   0.59700E-02 |  0.29618E+01  |   0.794E-08 |
   |     8   |     18  |   0.59700E-02 |  0.29618E+01  |   0.303E-07 |
   |     9   |     18  |   0.59700E-02 |  0.29618E+01  |   0.380E-07 |
   |    10   |     18  |   0.59700E-02 |  0.29618E+01  |   0.588E-07 |
   |    11   |     18  |   0.59700E-02 |  0.29618E+01  |   0.976E-07 |
   |    12   |     18  |   0.59700E-02 |  0.29618E+01  |   0.344E-07 |
   |    13   |     18  |   0.59700E-02 |  0.29618E+01  |   0.812E-07 |
   |    14   |     18  |   0.59700E-02 |  0.29618E+01  |   0.458E-07 |
   |    15   |     18  |   0.59700E-02 |  0.29618E+01  |   0.134E-07 |
   |    16   |     18  |   0.59700E-02 |  0.29618E+01  |   0.569E-07 |
   |    17   |     18  |   0.59700E-02 |  0.29618E+01  |   0.108E-07 |
   |    18   |     18  |   0.59700E-02 |  0.29618E+01  |   0.163E-07 |
   |    19   |     18  |   0.59700E-02 |  0.29618E+01  |   0.160E-07 |
   |    20   |     18  |   0.59700E-02 |  0.29618E+01  |   0.653E-08 |
   |    21   |     18  |   0.59700E-02 |  0.29618E+01  |   0.644E-07 |

Watson Alpha parameter  0.1000 fitted with rms2 = 


Potential parameters rounded in accord. with their standart errors

rC  0  0  0  0  0  0  0  0  0  0  0  0   0   1.4201997    
rO  0  0  0  0  0  0  0  0  0  0  0  0   9        0.95721798    (      21)
rC  0  0  0  0  0  0  0  0  0  0  0  0   0   1.0907162    
aH  0  0  0  0  0  0  0  0  0  0  0  0   0   107.63257    
aH  0  0  0  0  0  0  0  0  0  0  0  0   0   110.20179    
a1  0  0  0  0  0  0  0  0  0  0  0  0   0   2.1702389    
a2  0  0  0  0  0  0  0  0  0  0  0  0   0   2.5539218    
b1  0  0  0  0  0  0  0  0  0  0  0  0   0   1.7826628    
 f  0  0  0  0  0  0  0  0  0  0  0  0   9    -25373229.1961    (      29)
 f  0  0  0  0  0  0  0  0  0  0  0  3   0   128.63224    
 f  0  0  0  0  0  0  0  0  0  0  0  6   0  0.72677944    
 f  0  0  0  0  0  0  0  0  0  0  0  9   0  0.89314000E-02
 f  0  0  0  0  0  0  0  0  0  0  0 12   0  0.54578000E-02
 f  0  0  0  0  0  0  0  0  0  0  0 15   0  0.30801900E-02
 f  0  0  0  0  0  0  0  0  0  0  0 18   0  0.15957000E-02
 f  2  0  0  0  0  0  0  0  0  0  0  0   0   29627.890    
 f  3  0  0  0  0  0  0  0  0  0  0  0   0   3628.7106    
 f  4  0  0  0  0  0  0  0  0  0  0  0   0   2948.2974    
 f  5  0  0  0  0  0  0  0  0  0  0  0   0   1740.0422    
 f  6  0  0  0  0  0  0  0  0  0  0  0   0   1171.0816    
 f  7  0  0  0  0  0  0  0  0  0  0  0   0   884.86399    
 f  8  0  0  0  0  0  0  0  0  0  0  0   0   385.56474    
 f  0  2  0  0  0  0  0  0  0  0  0  0   9          32418.85    (      21)
 f  0  3  0  0  0  0  0  0  0  0  0  0   9            2610.2    (      11)
 f  0  4  0  0  0  0  0  0  0  0  0  0   9            3116.9    (      36)
 f  0  5  0  0  0  0  0  0  0  0  0  0   9             1796.    (      10)
 f  0  6  0  0  0  0  0  0  0  0  0  0   9             1335.    (      24)
 f  0  7  0  0  0  0  0  0  0  0  0  0   9              944.    (      28)
 f  0  8  0  0  0  0  0  0  0  0  0  0   9              167.    (      54)
 f  0  0  2  0  0  0  0  0  0  0  0  0   0   124356.76    
 f  0  0  3  0  0  0  0  0  0  0  0  0   0  -11604.738    
 f  0  0  4  0  0  0  0  0  0  0  0  0   0   8890.2327    
 f  0  0  5  0  0  0  0  0  0  0  0  0   0   2701.6523    
 f  0  0  6  0  0  0  0  0  0  0  0  0   0   2075.5287    
 f  0  0  7  0  0  0  0  0  0  0  0  0   0   1221.6812    
 f  0  0  8  0  0  0  0  0  0  0  0  0   0   32.447018    
 f  0  0  0  1  0  0  0  0  0  0  0  1   0   4317.9067    
 f  0  0  0  2  0  0  0  0  0  0  0  1   0   4899.7351    
 f  0  0  0  3  0  0  0  0  0  0  0  1   0   3643.2427    
 f  0  0  0  4  0  0  0  0  0  0  0  1   0   2152.8833    
 f  0  0  0  5  0  0  0  0  0  0  0  1   0   1385.9805    
 f  0  0  0  6  0  0  0  0  0  0  0  1   0   1900.2694    
 f  0  0  0  7  0  0  0  0  0  0  0  1   0  -442.07308    
 f  0  0  0  8  0  0  0  0  0  0  0  1   0  -2839.0194    
 f  0  0  0  0  0  2  0  0  0  0  0  0   0   19869.276    
 f  0  0  0  0  0  3  0  0  0  0  0  0   0  -7703.6040    
 f  0  0  0  0  0  4  0  0  0  0  0  0   0  -1267.7240    
 f  0  0  0  0  0  5  0  0  0  0  0  0   0  -398.88442    
 f  0  0  0  0  0  6  0  0  0  0  0  0   0  -296.64864    
 f  0  0  0  0  0  7  0  0  0  0  0  0   0  -573.91751    
 f  0  0  0  0  0  8  0  0  0  0  0  0   0   711.70923    
 f  0  0  0  0  0  0  2  0  0  0  0  0   0   84715.437    
 f  0  0  0  0  0  0  3  0  0  0  0  0   0  -11686.578    
 f  0  0  0  0  0  0  4  0  0  0  0  0   0   6936.0491    
 f  0  0  0  0  0  0  5  0  0  0  0  0   0  -1202.4880    
 f  0  0  0  0  0  0  6  0  0  0  0  0   0  -3259.2495    
 f  0  0  0  0  0  0  7  0  0  0  0  0   0   2996.6691    
 f  0  0  0  0  0  0  8  0  0  0  0  0   0  -1801.1572    
 f  0  0  0  0  0  0  0  1  0  0  0  1   0   14926.285    
 f  0  0  0  0  0  0  0  2  0  0  0  1   0  -7449.4735    
 f  0  0  0  0  0  0  0  3  0  0  0  1   0   1.8325307    
 f  0  0  0  0  0  0  0  4  0  0  0  1   0   1492.8746    
 f  0  0  0  0  0  0  0  5  0  0  0  1   0  -4562.8103    
 f  0  0  0  0  0  0  0  6  0  0  0  1   0   4399.2831    
 f  0  0  0  0  0  0  0  7  0  0  0  1   0  -1211.8428    
 f  0  0  0  0  0  0  0  8  0  0  0  1   0  -773.25315    
 f  0  0  0  0  0  0  0  0  0  1  0  1   0   804.86594    
 f  0  0  0  0  0  0  0  0  0  2  0  0   0   19710.549    
 f  0  0  0  0  0  0  0  0  0  2  0  1   0  -264.26381    
 f  0  0  0  0  0  0  0  0  0  1  2  0   0   5979.9522    
 h  0  0  0  0  0  0  0  0  0  2  1 -1   0  -828.42945    
 f  0  0  0  0  0  0  0  0  0  4  0  0   0   85.167879    
 f  0  0  0  0  0  0  0  0  0  4  0  1   0  -192.19664    
 f  0  0  0  0  0  0  0  0  0  5  0  0   0  -235.23046    
 f  0  0  0  0  0  0  0  0  0  4  2  0   0  -944.05397    
 f  0  0  0  0  0  0  0  0  0  2  4  0   0   215.01742    
 f  0  0  0  0  0  0  0  0  0  7  0  0   0  -33.797645    
 f  0  0  0  0  0  0  0  0  0  8  0  0   0   69.362742    
 f  0  0  0  0  0  0  0  0  0  8  0  1   0  -91.180628    
------------------------------
*  FITTING OF THE POTENTIAL PARAMETERS TO AB INITIO DATA                        
*                                                                               
*  2016                                                                         
*  C2H6                                                                         
      rCOe                        0          1.42019973
      rOHe                        9          0.95721798
       rCH                        0          1.09071618
      aHOC                        0        107.63257079
      aHCO                        0        110.20179086
        a1                        0          2.17023887
        a2                        0          2.55392176
        b1                        0          1.78266276
 f   0   0   0   0   0   0   0   0   0   0   0   0   9  -25373229.19605486
 f   0   0   0   0   0   0   0   0   0   0   0   3   0        128.63224113
 f   0   0   0   0   0   0   0   0   0   0   0   6   0          0.72677944
 f   0   0   0   0   0   0   0   0   0   0   0   9   0          0.00893140
 f   0   0   0   0   0   0   0   0   0   0   0  12   0          0.00545780
 f   0   0   0   0   0   0   0   0   0   0   0  15   0          0.00308019
 f   0   0   0   0   0   0   0   0   0   0   0  18   0          0.00159570
 f   2   0   0   0   0   0   0   0   0   0   0   0   0      29627.88973445
 f   3   0   0   0   0   0   0   0   0   0   0   0   0       3628.71064344
 f   4   0   0   0   0   0   0   0   0   0   0   0   0       2948.29742478
 f   5   0   0   0   0   0   0   0   0   0   0   0   0       1740.04217676
 f   6   0   0   0   0   0   0   0   0   0   0   0   0       1171.08163818
 f   7   0   0   0   0   0   0   0   0   0   0   0   0        884.86398993
 f   8   0   0   0   0   0   0   0   0   0   0   0   0        385.56474437
 f   0   2   0   0   0   0   0   0   0   0   0   0   9      32418.85207731
 f   0   3   0   0   0   0   0   0   0   0   0   0   9       2610.16826623
 f   0   4   0   0   0   0   0   0   0   0   0   0   9       3116.89211838
 f   0   5   0   0   0   0   0   0   0   0   0   0   9       1796.09792383
 f   0   6   0   0   0   0   0   0   0   0   0   0   9       1334.67618802
 f   0   7   0   0   0   0   0   0   0   0   0   0   9        944.40101614
 f   0   8   0   0   0   0   0   0   0   0   0   0   9        166.51038708
 f   0   0   2   0   0   0   0   0   0   0   0   0   0     124356.75501279
 f   0   0   3   0   0   0   0   0   0   0   0   0   0     -11604.73782426
 f   0   0   4   0   0   0   0   0   0   0   0   0   0       8890.23270400
 f   0   0   5   0   0   0   0   0   0   0   0   0   0       2701.65231347
 f   0   0   6   0   0   0   0   0   0   0   0   0   0       2075.52867892
 f   0   0   7   0   0   0   0   0   0   0   0   0   0       1221.68117726
 f   0   0   8   0   0   0   0   0   0   0   0   0   0         32.44701774
 f   0   0   0   1   0   0   0   0   0   0   0   1   0       4317.90673936
 f   0   0   0   2   0   0   0   0   0   0   0   1   0       4899.73514853
 f   0   0   0   3   0   0   0   0   0   0   0   1   0       3643.24267360
 f   0   0   0   4   0   0   0   0   0   0   0   1   0       2152.88327089
 f   0   0   0   5   0   0   0   0   0   0   0   1   0       1385.98050118
 f   0   0   0   6   0   0   0   0   0   0   0   1   0       1900.26936056
 f   0   0   0   7   0   0   0   0   0   0   0   1   0       -442.07308154
 f   0   0   0   8   0   0   0   0   0   0   0   1   0      -2839.01943289
 f   0   0   0   0   0   2   0   0   0   0   0   0   0      19869.27559639
 f   0   0   0   0   0   3   0   0   0   0   0   0   0      -7703.60404240
 f   0   0   0   0   0   4   0   0   0   0   0   0   0      -1267.72403387
 f   0   0   0   0   0   5   0   0   0   0   0   0   0       -398.88441802
 f   0   0   0   0   0   6   0   0   0   0   0   0   0       -296.64864454
 f   0   0   0   0   0   7   0   0   0   0   0   0   0       -573.91751309
 f   0   0   0   0   0   8   0   0   0   0   0   0   0        711.70923241
 f   0   0   0   0   0   0   2   0   0   0   0   0   0      84715.43744074
 f   0   0   0   0   0   0   3   0   0   0   0   0   0     -11686.57766388
 f   0   0   0   0   0   0   4   0   0   0   0   0   0       6936.04913074
 f   0   0   0   0   0   0   5   0   0   0   0   0   0      -1202.48800546
 f   0   0   0   0   0   0   6   0   0   0   0   0   0      -3259.24952123
 f   0   0   0   0   0   0   7   0   0   0   0   0   0       2996.66908331
 f   0   0   0   0   0   0   8   0   0   0   0   0   0      -1801.15715085
 f   0   0   0   0   0   0   0   1   0   0   0   1   0      14926.28498892
 f   0   0   0   0   0   0   0   2   0   0   0   1   0      -7449.47352370
 f   0   0   0   0   0   0   0   3   0   0   0   1   0          1.83253068
 f   0   0   0   0   0   0   0   4   0   0   0   1   0       1492.87461681
 f   0   0   0   0   0   0   0   5   0   0   0   1   0      -4562.81027399
 f   0   0   0   0   0   0   0   6   0   0   0   1   0       4399.28306043
 f   0   0   0   0   0   0   0   7   0   0   0   1   0      -1211.84282359
 f   0   0   0   0   0   0   0   8   0   0   0   1   0       -773.25315184
 f   0   0   0   0   0   0   0   0   0   1   0   1   0        804.86594178
 f   0   0   0   0   0   0   0   0   0   2   0   0   0      19710.54852525
 f   0   0   0   0   0   0   0   0   0   2   0   1   0       -264.26380655
 f   0   0   0   0   0   0   0   0   0   1   2   0   0       5979.95217705
 h   0   0   0   0   0   0   0   0   0   2   1  -1   0       -828.42945325
 f   0   0   0   0   0   0   0   0   0   4   0   0   0         85.16787887
 f   0   0   0   0   0   0   0   0   0   4   0   1   0       -192.19663885
 f   0   0   0   0   0   0   0   0   0   5   0   0   0       -235.23046035
 f   0   0   0   0   0   0   0   0   0   4   2   0   0       -944.05397418
 f   0   0   0   0   0   0   0   0   0   2   4   0   0        215.01741969
 f   0   0   0   0   0   0   0   0   0   7   0   0   0        -33.79764516
 f   0   0   0   0   0   0   0   0   0   8   0   0   0         69.36274167
 f   0   0   0   0   0   0   0   0   0   8   0   1   0        -91.18062850

Correlation coefficients larger than 0.9: 
          corr(   4,   6) =  0.9697175
          corr(   4,   8) =  0.9243728
          corr(   5,   7) =  0.9296652
          corr(   6,   8) =  0.9885426
          corr(   7,   9) =  0.9524222

               --------------------------------------------------------------------------------
               :     old parm   :     new parm   :  delta parm  :   std. err.  : sensitility
               --------------------------------------------------------------------------------
  1  rOHe       :          0.96  :          0.96  :        -0.000:         0.000:         0.000:!
  2  f          :  -25373229.20  :  -25373229.20  :         0.000:         0.003:         0.000:!
  3  f          :      32418.85  :      32418.85  :        -0.000:         0.210:         0.001:!
  4  f          :       2610.17  :       2610.17  :        -0.000:         1.085:         0.002:!
  5  f          :       3116.89  :       3116.89  :         0.000:         3.626:         0.004:!
  6  f          :       1796.10  :       1796.10  :         0.000:        10.194:         0.008:!
  7  f          :       1334.68  :       1334.68  :        -0.000:        23.625:         0.018:!
  8  f          :        944.40  :        944.40  :        -0.000:        27.756:         0.038:!
  9  f          :        166.51  :        166.51  :         0.000:        54.312:         0.077:!

   ------------------------------------------------------------------
   |   iter  |  points |    deviat     |     rms       |  stability  |
   ------------------------------------------------------------------

   -----------------------------------------------------------
   |  param  |  points |   deviat    |    rms      | stability |
   -----------------------------------------------------------
   |     9   |     18  |   0.59700E-02 |  0.16086E+03  |    0.644E-07 |

############################################################################################
