************************************************************************************************************************************
 ************************************************************************************************************************************
 ************************************************************************************************************************************
 ****************                                                                                                    ****************
 ****************          *  FITTING OF THE POTENTIAL PARAMETERS TO AB INITIO DATA                                  ****************
 ****************          *                                                                                         ****************
 ****************          *  2016                                                                                   ****************
 ****************          *  C2H6                                                                                   ****************

 ****************                                                                                                    ****************
 ************************************************************************************************************************************
 ************************************************************************************************************************************
 ************************************************************************************************************************************
 
        12 <= number of degrees of freedom
         5 <= number of bonds
         7 <= number of bond angles
        20 <= number of iterations in the fit
  0.000000 <= The fit is over if the stability is reached 
  0.000010 <= The fit is over if the st.dev. best is reached 
  1.000000 <= sterr parameter out 
  0.000010 <= stdev parameter out 
         1 <= watson robust on (1) or of (0) 
         8 <= number of non-linear parameters
 parameters of structure 
rCOe      =           1.420
rOHe      =           0.957
rCH       =           1.091
aHOC      =         107.633
aHCO      =         110.202
a1        =           2.170
a2        =           2.573
b1        =           1.783
Lowest energy = -115.609500    

   ------------------------------------------------------------------
   |   iter  |  points |    deviat     |     rms       |  stability  |
   ------------------------------------------------------------------
   |     1   |     19  |   0.12427E-01 |  0.15891E+01  |   0.123E+12 |
   |     2   |     19  |   0.29810E-01 |  0.12265E+01  |   0.174E+01 |
   |     3   |     19  |   0.12424E-01 |  0.15890E+01  |   0.140E+01 |
   |     4   |     19  |   0.12424E-01 |  0.15889E+01  |   0.944E-05 |
   |     5   |     19  |   0.12424E-01 |  0.15890E+01  |   0.806E-07 |
   |     6   |     19  |   0.12424E-01 |  0.15890E+01  |   0.121E-07 |
   |     7   |     19  |   0.12424E-01 |  0.15890E+01  |   0.137E-07 |
   |     8   |     19  |   0.12424E-01 |  0.15890E+01  |   0.870E-07 |
   |     9   |     19  |   0.12424E-01 |  0.15890E+01  |   0.874E-07 |
   |    10   |     19  |   0.12424E-01 |  0.15890E+01  |   0.589E-07 |
   |    11   |     19  |   0.12424E-01 |  0.15890E+01  |   0.265E-07 |
   |    12   |     19  |   0.12424E-01 |  0.15890E+01  |   0.998E-07 |
   |    13   |     19  |   0.12424E-01 |  0.15890E+01  |   0.154E-06 |
   |    14   |     19  |   0.12424E-01 |  0.15890E+01  |   0.924E-07 |
   |    15   |     19  |   0.12424E-01 |  0.15890E+01  |   0.180E-07 |
   |    16   |     19  |   0.12424E-01 |  0.15890E+01  |   0.214E-07 |
   |    17   |     19  |   0.12424E-01 |  0.15890E+01  |   0.350E-07 |
   |    18   |     19  |   0.12424E-01 |  0.15890E+01  |   0.150E-06 |
   |    19   |     19  |   0.12424E-01 |  0.15890E+01  |   0.882E-07 |
   |    20   |     19  |   0.12424E-01 |  0.15890E+01  |   0.812E-08 |
   |    21   |     19  |   0.12424E-01 |  0.15890E+01  |   0.227E-07 |

Watson Alpha parameter  0.1000 fitted with rms2 = 


Potential parameters rounded in accord. with their standart errors

rC  0  0  0  0  0  0  0  0  0  0  0  0   9        1.42019973    (      52)
rO  0  0  0  0  0  0  0  0  0  0  0  0   0  0.95721807    
rC  0  0  0  0  0  0  0  0  0  0  0  0   0   1.0907162    
aH  0  0  0  0  0  0  0  0  0  0  0  0   0   107.63257    
aH  0  0  0  0  0  0  0  0  0  0  0  0   0   110.20179    
a1  0  0  0  0  0  0  0  0  0  0  0  0   0   2.1702389    
a2  0  0  0  0  0  0  0  0  0  0  0  0   0   2.5727607    
b1  0  0  0  0  0  0  0  0  0  0  0  0   0   1.7826628    
 f  0  0  0  0  0  0  0  0  0  0  0  0   9    -25373229.2024    (      57)
 f  0  0  0  0  0  0  0  0  0  0  0  3   0   128.63224    
 f  0  0  0  0  0  0  0  0  0  0  0  6   0  0.72677944    
 f  0  0  0  0  0  0  0  0  0  0  0  9   0  0.89314000E-02
 f  0  0  0  0  0  0  0  0  0  0  0 12   0  0.54578000E-02
 f  0  0  0  0  0  0  0  0  0  0  0 15   0  0.30801900E-02
 f  0  0  0  0  0  0  0  0  0  0  0 18   0  0.15957000E-02
 f  2  0  0  0  0  0  0  0  0  0  0  0   9          29627.89    (      36)
 f  3  0  0  0  0  0  0  0  0  0  0  0   9            3628.7    (      19)
 f  4  0  0  0  0  0  0  0  0  0  0  0   9            2948.3    (      51)
 f  5  0  0  0  0  0  0  0  0  0  0  0   9             1740.    (      17)
 f  6  0  0  0  0  0  0  0  0  0  0  0   9             1171.    (      27)
 f  7  0  0  0  0  0  0  0  0  0  0  0   9              885.    (      41)
 f  8  0  0  0  0  0  0  0  0  0  0  0   9              386.    (      56)
 f  0  2  0  0  0  0  0  0  0  0  0  0   0   31946.068    
 f  0  3  0  0  0  0  0  0  0  0  0  0   0   2788.0812    
 f  0  4  0  0  0  0  0  0  0  0  0  0   0   3129.7874    
 f  0  5  0  0  0  0  0  0  0  0  0  0   0   1811.8342    
 f  0  6  0  0  0  0  0  0  0  0  0  0   0   1366.0447    
 f  0  7  0  0  0  0  0  0  0  0  0  0   0   1017.4507    
 f  0  8  0  0  0  0  0  0  0  0  0  0   0   223.46276    
 f  0  0  2  0  0  0  0  0  0  0  0  0   0   124356.76    
 f  0  0  3  0  0  0  0  0  0  0  0  0   0  -11604.738    
 f  0  0  4  0  0  0  0  0  0  0  0  0   0   8890.2327    
 f  0  0  5  0  0  0  0  0  0  0  0  0   0   2701.6523    
 f  0  0  6  0  0  0  0  0  0  0  0  0   0   2075.5287    
 f  0  0  7  0  0  0  0  0  0  0  0  0   0   1221.6812    
 f  0  0  8  0  0  0  0  0  0  0  0  0   0   32.447018    
 f  0  0  0  1  0  0  0  0  0  0  0  1   0   4317.9067    
 f  0  0  0  2  0  0  0  0  0  0  0  1   0   4899.7351    
 f  0  0  0  3  0  0  0  0  0  0  0  1   0   3643.2427    
 f  0  0  0  4  0  0  0  0  0  0  0  1   0   2152.8833    
 f  0  0  0  5  0  0  0  0  0  0  0  1   0   1385.9805    
 f  0  0  0  6  0  0  0  0  0  0  0  1   0   1900.2694    
 f  0  0  0  7  0  0  0  0  0  0  0  1   0  -442.07308    
 f  0  0  0  8  0  0  0  0  0  0  0  1   0  -2839.0194    
 f  0  0  0  0  0  2  0  0  0  0  0  0   0   19869.276    
 f  0  0  0  0  0  3  0  0  0  0  0  0   0  -7703.6040    
 f  0  0  0  0  0  4  0  0  0  0  0  0   0  -1267.7240    
 f  0  0  0  0  0  5  0  0  0  0  0  0   0  -398.88442    
 f  0  0  0  0  0  6  0  0  0  0  0  0   0  -296.64864    
 f  0  0  0  0  0  7  0  0  0  0  0  0   0  -573.91751    
 f  0  0  0  0  0  8  0  0  0  0  0  0   0   711.70923    
 f  0  0  0  0  0  0  2  0  0  0  0  0   0   84715.437    
 f  0  0  0  0  0  0  3  0  0  0  0  0   0  -11686.578    
 f  0  0  0  0  0  0  4  0  0  0  0  0   0   6936.0491    
 f  0  0  0  0  0  0  5  0  0  0  0  0   0  -1202.4880    
 f  0  0  0  0  0  0  6  0  0  0  0  0   0  -3259.2495    
 f  0  0  0  0  0  0  7  0  0  0  0  0   0   2996.6691    
 f  0  0  0  0  0  0  8  0  0  0  0  0   0  -1801.1572    
 f  0  0  0  0  0  0  0  1  0  0  0  1   0   14926.285    
 f  0  0  0  0  0  0  0  2  0  0  0  1   0  -7449.4735    
 f  0  0  0  0  0  0  0  3  0  0  0  1   0   1.8325307    
 f  0  0  0  0  0  0  0  4  0  0  0  1   0   1492.8746    
 f  0  0  0  0  0  0  0  5  0  0  0  1   0  -4562.8103    
 f  0  0  0  0  0  0  0  6  0  0  0  1   0   4399.2831    
 f  0  0  0  0  0  0  0  7  0  0  0  1   0  -1211.8428    
 f  0  0  0  0  0  0  0  8  0  0  0  1   0  -773.25315    
 f  0  0  0  0  0  0  0  0  0  1  0  1   0   804.86594    
 f  0  0  0  0  0  0  0  0  0  2  0  0   0   19710.549    
 f  0  0  0  0  0  0  0  0  0  2  0  1   0  -264.26381    
 f  0  0  0  0  0  0  0  0  0  1  2  0   0   5979.9522    
 h  0  0  0  0  0  0  0  0  0  2  1 -1   0  -828.42945    
 f  0  0  0  0  0  0  0  0  0  4  0  0   0   85.167879    
 f  0  0  0  0  0  0  0  0  0  4  0  1   0  -192.19664    
 f  0  0  0  0  0  0  0  0  0  5  0  0   0  -235.23046    
 f  0  0  0  0  0  0  0  0  0  4  2  0   0  -944.05397    
 f  0  0  0  0  0  0  0  0  0  2  4  0   0   215.01742    
 f  0  0  0  0  0  0  0  0  0  7  0  0   0  -33.797645    
 f  0  0  0  0  0  0  0  0  0  8  0  0   0   69.362742    
 f  0  0  0  0  0  0  0  0  0  8  0  1   0  -91.180628    
------------------------------
*  FITTING OF THE POTENTIAL PARAMETERS TO AB INITIO DATA                        
*                                                                               
*  2016                                                                         
*  C2H6                                                                         
      rCOe                        9          1.42019973
      rOHe                        0          0.95721807
       rCH                        0          1.09071618
      aHOC                        0        107.63257079
      aHCO                        0        110.20179086
        a1                        0          2.17023887
        a2                        0          2.57276067
        b1                        0          1.78266276
 f   0   0   0   0   0   0   0   0   0   0   0   0   9  -25373229.20238827
 f   0   0   0   0   0   0   0   0   0   0   0   3   0        128.63224113
 f   0   0   0   0   0   0   0   0   0   0   0   6   0          0.72677944
 f   0   0   0   0   0   0   0   0   0   0   0   9   0          0.00893140
 f   0   0   0   0   0   0   0   0   0   0   0  12   0          0.00545780
 f   0   0   0   0   0   0   0   0   0   0   0  15   0          0.00308019
 f   0   0   0   0   0   0   0   0   0   0   0  18   0          0.00159570
 f   2   0   0   0   0   0   0   0   0   0   0   0   9      29627.88973445
 f   3   0   0   0   0   0   0   0   0   0   0   0   9       3628.71064344
 f   4   0   0   0   0   0   0   0   0   0   0   0   9       2948.29742478
 f   5   0   0   0   0   0   0   0   0   0   0   0   9       1740.04217676
 f   6   0   0   0   0   0   0   0   0   0   0   0   9       1171.08163818
 f   7   0   0   0   0   0   0   0   0   0   0   0   9        884.86398993
 f   8   0   0   0   0   0   0   0   0   0   0   0   9        385.56474437
 f   0   2   0   0   0   0   0   0   0   0   0   0   0      31946.06837581
 f   0   3   0   0   0   0   0   0   0   0   0   0   0       2788.08124500
 f   0   4   0   0   0   0   0   0   0   0   0   0   0       3129.78737325
 f   0   5   0   0   0   0   0   0   0   0   0   0   0       1811.83421413
 f   0   6   0   0   0   0   0   0   0   0   0   0   0       1366.04469831
 f   0   7   0   0   0   0   0   0   0   0   0   0   0       1017.45071224
 f   0   8   0   0   0   0   0   0   0   0   0   0   0        223.46275834
 f   0   0   2   0   0   0   0   0   0   0   0   0   0     124356.75501279
 f   0   0   3   0   0   0   0   0   0   0   0   0   0     -11604.73782426
 f   0   0   4   0   0   0   0   0   0   0   0   0   0       8890.23270400
 f   0   0   5   0   0   0   0   0   0   0   0   0   0       2701.65231347
 f   0   0   6   0   0   0   0   0   0   0   0   0   0       2075.52867892
 f   0   0   7   0   0   0   0   0   0   0   0   0   0       1221.68117726
 f   0   0   8   0   0   0   0   0   0   0   0   0   0         32.44701774
 f   0   0   0   1   0   0   0   0   0   0   0   1   0       4317.90673936
 f   0   0   0   2   0   0   0   0   0   0   0   1   0       4899.73514853
 f   0   0   0   3   0   0   0   0   0   0   0   1   0       3643.24267360
 f   0   0   0   4   0   0   0   0   0   0   0   1   0       2152.88327089
 f   0   0   0   5   0   0   0   0   0   0   0   1   0       1385.98050118
 f   0   0   0   6   0   0   0   0   0   0   0   1   0       1900.26936056
 f   0   0   0   7   0   0   0   0   0   0   0   1   0       -442.07308154
 f   0   0   0   8   0   0   0   0   0   0   0   1   0      -2839.01943289
 f   0   0   0   0   0   2   0   0   0   0   0   0   0      19869.27559639
 f   0   0   0   0   0   3   0   0   0   0   0   0   0      -7703.60404240
 f   0   0   0   0   0   4   0   0   0   0   0   0   0      -1267.72403387
 f   0   0   0   0   0   5   0   0   0   0   0   0   0       -398.88441802
 f   0   0   0   0   0   6   0   0   0   0   0   0   0       -296.64864454
 f   0   0   0   0   0   7   0   0   0   0   0   0   0       -573.91751309
 f   0   0   0   0   0   8   0   0   0   0   0   0   0        711.70923241
 f   0   0   0   0   0   0   2   0   0   0   0   0   0      84715.43744074
 f   0   0   0   0   0   0   3   0   0   0   0   0   0     -11686.57766388
 f   0   0   0   0   0   0   4   0   0   0   0   0   0       6936.04913074
 f   0   0   0   0   0   0   5   0   0   0   0   0   0      -1202.48800546
 f   0   0   0   0   0   0   6   0   0   0   0   0   0      -3259.24952123
 f   0   0   0   0   0   0   7   0   0   0   0   0   0       2996.66908331
 f   0   0   0   0   0   0   8   0   0   0   0   0   0      -1801.15715085
 f   0   0   0   0   0   0   0   1   0   0   0   1   0      14926.28498892
 f   0   0   0   0   0   0   0   2   0   0   0   1   0      -7449.47352370
 f   0   0   0   0   0   0   0   3   0   0   0   1   0          1.83253068
 f   0   0   0   0   0   0   0   4   0   0   0   1   0       1492.87461681
 f   0   0   0   0   0   0   0   5   0   0   0   1   0      -4562.81027399
 f   0   0   0   0   0   0   0   6   0   0   0   1   0       4399.28306043
 f   0   0   0   0   0   0   0   7   0   0   0   1   0      -1211.84282359
 f   0   0   0   0   0   0   0   8   0   0   0   1   0       -773.25315184
 f   0   0   0   0   0   0   0   0   0   1   0   1   0        804.86594178
 f   0   0   0   0   0   0   0   0   0   2   0   0   0      19710.54852525
 f   0   0   0   0   0   0   0   0   0   2   0   1   0       -264.26380655
 f   0   0   0   0   0   0   0   0   0   1   2   0   0       5979.95217705
 h   0   0   0   0   0   0   0   0   0   2   1  -1   0       -828.42945325
 f   0   0   0   0   0   0   0   0   0   4   0   0   0         85.16787887
 f   0   0   0   0   0   0   0   0   0   4   0   1   0       -192.19663885
 f   0   0   0   0   0   0   0   0   0   5   0   0   0       -235.23046035
 f   0   0   0   0   0   0   0   0   0   4   2   0   0       -944.05397418
 f   0   0   0   0   0   0   0   0   0   2   4   0   0        215.01741969
 f   0   0   0   0   0   0   0   0   0   7   0   0   0        -33.79764516
 f   0   0   0   0   0   0   0   0   0   8   0   0   0         69.36274167
 f   0   0   0   0   0   0   0   0   0   8   0   1   0        -91.18062850

Correlation coefficients larger than 0.9: 
          corr(   1,   4) =  0.9048105
          corr(   3,   5) =  0.9404057
          corr(   4,   6) =  0.9672349
          corr(   4,   8) =  0.9210650
          corr(   5,   7) =  0.9098277
          corr(   6,   8) =  0.9887857
          corr(   7,   9) =  0.9178698

               --------------------------------------------------------------------------------
               :     old parm   :     new parm   :  delta parm  :   std. err.  : sensitility
               --------------------------------------------------------------------------------
  1  rCOe       :          1.42  :          1.42  :         0.000:         0.000:         0.000:!
  2  f          :  -25373229.20  :  -25373229.20  :         0.000:         0.006:         0.000:!
  3  f          :      29627.89  :      29627.89  :         0.000:         0.356:         0.001:!
  4  f          :       3628.71  :       3628.71  :        -0.000:         1.923:         0.002:!
  5  f          :       2948.30  :       2948.30  :        -0.000:         5.078:         0.005:!
  6  f          :       1740.04  :       1740.04  :         0.000:        16.705:         0.010:!
  7  f          :       1171.08  :       1171.08  :         0.000:        27.165:         0.018:!
  8  f          :        884.86  :        884.86  :        -0.000:        41.344:         0.035:!
  9  f          :        385.56  :        385.56  :        -0.000:        56.466:         0.065:!

   ------------------------------------------------------------------
   |   iter  |  points |    deviat     |     rms       |  stability  |
   ------------------------------------------------------------------

   -----------------------------------------------------------
   |  param  |  points |   deviat    |    rms      | stability |
   -----------------------------------------------------------
   |     9   |     19  |   0.12424E-01 |  0.49562E+02  |    0.227E-07 |

############################################################################################
