Mathematica 13.1.0 Kernel for Linux x86 (64-bit)
Copyright 1988-2022 Wolfram Research, Inc.

In[1]:= 
In[2]:= 
In[3]:= 
In[4]:=                                                                                                                                                                                                                                                                                                                                                                                                                                                                                                                                                                                                                                                                                                                                                                                                                                                                                                                                                                                                                                                                                                                                                                                                                                                                                                                                                                                                                                                                                                                                                                                                                                                                                                                                                                                                                                                                                                                                                                                                                                                                                                                                                                                                                                                                                                                                                                                                                                                                                                                                                                                                                                                                                                                                                                                                                                                                                                                                                                                                                                                                                                                                                                                                                                                                                                                                                                                                                                                                                                                                                                                                                                                                                                                                                                                                                                                                                                                                                                                                                                                                                                                                                                                                                                                                                                                                                                                                                                                                                                                                                                                                                                                                                                                                                                                                                                                                                                                                                                                                                                                                                                                                                                                                                                                                                                                                                                                                                                                                                                                                                                                                                                 
In[5]:= In[5]:= 
In[6]:= 
In[7]:= 
In[8]:= 
In[9]:= 
In[10]:= In[10]:= 
In[11]:= In[11]:= 
In[12]:= In[12]:= 
In[13]:= In[13]:= 
In[14]:= 
In[15]:= In[15]:= 
In[16]:= In[16]:= 
In[17]:= In[17]:= 
Out[17]//MatrixForm= ξ
                       1

                     ξ
                       2

                     ξ
                       3

                     ξ
                       4

                     ξ
                       5

                     ξ
                       6

                     ξ
                       7

                     ξ
                       8

                     ξ
                       9

                     ξ
                       10

                     ξ
                       11


                     τ

In[18]:= 
Out[18]//MatrixForm= torsionSymmetryOperations

In[19]:=          
In[20]:= In[20]:= 
In[21]:= 
Out[21]= 15

In[22]:= 
In[23]:= 
In[24]:= In[24]:= 
In[25]:= 
In[26]:= 
In[27]:= In[27]:= 
In[28]:= 
In[29]:= 
In[30]:= 
In[31]:= 
In[32]:= 
In[33]:= 
In[34]:= 
In[35]:= 
In[36]:= Difference after applying symmetry operations

In[37]:= 
Out[37]//MatrixForm= 0   0   0   0   0   0

                     A   A   A   A   A   A

                     0   0   0   0   0   0

                     0   0   0   0   0   0

                     0   0   0   0   0   0

                     A   A   A   A   A   A

                     0   0   0   0   0   0

                     0   0   0   0   0   0

                     A   A   A   A   A   A

                     0   0   0   0   0   0

                     0   0   0   0   0   0

                     0   0   0   0   0   0

                     0   0   0   0   0   0

                     0   0   0   0   0   0

                     0   0   0   0   0   0

In[38]:= Term 2

In[39]:= 
Out[39]//MatrixForm= h

                     0

                     0

                     6

                     0

                     0

                     0

                     0

                     0

                     0

                     2

                     0

                     -1

In[40]:= 
Out[40]//MatrixForm= 0

In[41]:= 
Out[41]//MatrixForm= 0

In[42]:= 
Out[42]//MatrixForm= 
 
                                   Sqrt[3] ξ
        Pi          6    1                   11 2
    Cos[-- - τ] ξ   (-(-) ξ   - ------------)  + 
        6          5     2    10        2
     
                                       Sqrt[3] ξ
            Pi          6    1                   11 2
    >   Cos[-- + τ] ξ   (-(-) ξ   + ------------)  - 
>           6          4     2    10        2
     
                                                          ξ
                                      1                     11
                           Sqrt[3] (-(-) (Sqrt[3] ξ  ) - ----)
            Pi          6             2             10     2
    >   Cos[-- - τ] ξ   (------------------------------------ + 
            6          5                    2
     
            ξ     Sqrt[3] ξ
              10             11
            ---- - ------------
             2          2       2
    >       -------------------)  - 
                     2
     
                               Sqrt[3] ξ     ξ      ξ     Sqrt[3] ξ
                                         10     11      10             11
                      Sqrt[3] (------------ + ----)   ---- - ------------
                   6                2          2       2          2       2
    >   Sin[τ] ξ   (----------------------------- + -------------------)  + 
                  3                 2                          2
     
                               Sqrt[3] ξ     ξ      ξ     Sqrt[3] ξ
                                         10     11      10             11
                      Sqrt[3] (------------ - ----)   ---- + ------------
                   6                2          2       2          2       2
    >   Sin[τ] ξ   (----------------------------- + -------------------)  - 
                  3                 2                          2
     
                                                          ξ
                                      1                     11
                           Sqrt[3] (-(-) (Sqrt[3] ξ  ) + ----)
            Pi          6             2             10     2
    >   Cos[-- + τ] ξ   (------------------------------------ + 
            6          4                    2
     
            ξ     Sqrt[3] ξ
              10             11
            ---- + ------------
             2          2       2
    >       -------------------)
                     2

In[43]:= 
Out[43]//MatrixForm= 
 
                                     Sqrt[3] ξ
          Pi          6    1                   11 2
    -(Cos[-- - τ] ξ   (-(-) ξ   - ------------) ) - 
          6          5     2    10        2
     
                                       Sqrt[3] ξ
            Pi          6    1                   11 2
    >   Cos[-- + τ] ξ   (-(-) ξ   + ------------)  + 
            6          4     2    10        2
>    
                                                           ξ
                   6    1              1                     11
    >   Sin[τ] ξ   (-(-) (Sqrt[3] (-(-) (Sqrt[3] ξ  ) - ----)) + 
                  3     2              2             10     2
     
            ξ     Sqrt[3] ξ
              10             11
            ---- - ------------
             2          2       2
    >       -------------------)  + 
                     2
     
                                          Sqrt[3] ξ     ξ
            Pi          6    1                      10     11
    >   Cos[-- - τ] ξ   (-(-) (Sqrt[3] (------------ + ----)) + 
            6          5     2                 2          2
     
            ξ     Sqrt[3] ξ
              10             11
            ---- - ------------
             2          2       2
    >       -------------------)  + 
                     2
     
                                          Sqrt[3] ξ     ξ
            Pi          6    1                      10     11
    >   Cos[-- + τ] ξ   (-(-) (Sqrt[3] (------------ - ----)) + 
            6          4     2                 2          2
     
            ξ     Sqrt[3] ξ
              10             11
            ---- + ------------
             2          2       2
    >       -------------------)  - 
                     2
     
                                                           ξ
                   6    1              1                     11
    >   Sin[τ] ξ   (-(-) (Sqrt[3] (-(-) (Sqrt[3] ξ  ) + ----)) + 
                  3     2              2             10     2
     
            ξ     Sqrt[3] ξ
              10             11
            ---- + ------------
             2          2       2
    >       -------------------)
                     2

In[44]:= 
Out[44]//MatrixForm= 
 
                                     Sqrt[3] ξ
          Pi          6    1                   11 2
    -(Cos[-- - τ] ξ   (-(-) ξ   - ------------) ) - 
          6          5     2    10        2
     
                                       Sqrt[3] ξ
            Pi          6    1                   11 2
    >   Cos[-- + τ] ξ   (-(-) ξ   + ------------)  + 
>           6          4     2    10        2
     
                                                          ξ
                                      1                     11
                           Sqrt[3] (-(-) (Sqrt[3] ξ  ) - ----)
            Pi          6             2             10     2
    >   Cos[-- - τ] ξ   (------------------------------------ + 
            6          5                    2
     
            ξ     Sqrt[3] ξ
              10             11
            ---- - ------------
             2          2       2
    >       -------------------)  + 
                     2
     
                               Sqrt[3] ξ     ξ      ξ     Sqrt[3] ξ
                                         10     11      10             11
                      Sqrt[3] (------------ + ----)   ---- - ------------
                   6                2          2       2          2       2
    >   Sin[τ] ξ   (----------------------------- + -------------------)  - 
                  3                 2                          2
     
                               Sqrt[3] ξ     ξ      ξ     Sqrt[3] ξ
                                         10     11      10             11
                      Sqrt[3] (------------ - ----)   ---- + ------------
                   6                2          2       2          2       2
    >   Sin[τ] ξ   (----------------------------- + -------------------)  + 
                  3                 2                          2
     
                                                          ξ
                                      1                     11
                           Sqrt[3] (-(-) (Sqrt[3] ξ  ) + ----)
            Pi          6             2             10     2
    >   Cos[-- + τ] ξ   (------------------------------------ + 
            6          4                    2
     
            ξ     Sqrt[3] ξ
              10             11
            ---- + ------------
             2          2       2
    >       -------------------)
                     2

In[45]:=                                                       
In[46]:=                   
In[47]:= 
