Mathematica 13.1.0 Kernel for Linux x86 (64-bit)
Copyright 1988-2022 Wolfram Research, Inc.

In[1]:= 
In[2]:= 
In[3]:= 
In[4]:= 
In[5]:= 
In[6]:= 
In[7]:= 
In[8]:= 
In[9]:= 
In[10]:= 
In[11]:= 
In[12]:= 
In[13]:= 
In[14]:= 
In[15]:= 
In[16]:= 
In[17]:= 
In[18]:= 
Out[18]//MatrixForm= 
 


>   0         1         0         0         0         0         0
     


    >       0



    1         0         0         0         0         0         0
     


    >       0



    0         0         1         0         0         0         0
     


    >       0



    0         0         0         0         1         0         0
     


    >       0



    0         0         0         1         0         0         0
     


    >       0



    0         0         0         0         0         1         0
     


    >       0

                                                                  1
                                                                -(-)
    0         0         0         0         0         0           2
     
            Sqrt[3]
            -------
    >          2

                                                                Sqrt[3]
                                                                -------
    0         0         0         0         0         0            2
     
            1
            -
    >       2

In[19]:= 
In[20]:= 
In[21]:= 
In[22]:= 
In[23]:= 
Out[23]//MatrixForm=   1              1
                     -(-)           -(-) Sqrt[3]
                       2              2

                       1            1
                     -(-) Sqrt[3]   -
                       2            2

In[24]:= 
In[25]:= 
In[26]:= 
In[27]:= 
In[28]:= In[28]:= 
In[29]:= 
In[30]:= 
In[31]:= 
In[32]:= 
In[33]:= 
In[34]:= 
In[35]:= 
In[36]:= 
In[37]:= 
In[38]:= 
In[39]:= 
In[40]:= 
In[41]:= 
In[42]:= 
In[43]:= In[43]:= 
Set::write: Tag Times in Null f           is Protected.
                               00000000,2

Set::write: Tag Times in Null f           is Protected.
                               00000000,2

Set::write: Tag Times in Null f           is Protected.
                               00000000,2

General::stop: Further output of Set::write
     will be suppressed during this calculation.

In[44]:= 
In[45]:= 
In[46]:= 
In[47]:= 
In[48]:= 
In[49]:= 
In[50]:= 
In[51]:= 
In[52]:= 
In[53]:= 
In[54]:= In[54]:= 
Set::write: Tag Times in Null f           is Protected.
                               00000000,2

Set::write: Tag Times in Null f           is Protected.
                               00000000,2

Set::write: Tag Times in Null f           is Protected.
                               00000000,2

General::stop: Further output of Set::write
     will be suppressed during this calculation.

In[55]:= 
In[56]:= 
In[57]:= 
In[58]:= 
In[59]:= 
In[60]:= 
In[61]:= 
In[62]:= 
In[63]:= 
In[64]:= In[64]:= 
In[65]:= 
In[66]:= 
In[67]:= 
In[68]:=          
In[69]:= 
In[70]:= 
In[71]:= 
In[72]:= 
In[73]:= 
In[74]:= 
In[75]:= 
In[76]:= 
In[77]:=                            
In[78]:= 
Out[78]= {{h           -> 0, f           -> 0, h           -> 0, 
            00000000,0        00000000,1        00000000,1
 
>     f           -> 0, h           -> 0}}
       00000000,2        00000000,2

In[79]:= Printing 0th order solutions...

In[80]:= 
Part::partd: Part specification List[[1]] is longer than depth of object.

Part::partd: Part specification List[[2]] is longer than depth of object.

StringTake::strse: 
   String or list of strings expected at position 1 in 
    StringTake[List[[2]], {1, 1}].

Part::partd: Part specification List[[2]] is longer than depth of object.

General::stop: Further output of Part::partd
     will be suppressed during this calculation.

StringTake::strse: 
   String or list of strings expected at position 1 in 
    StringTake[List[[2]], {2, 2}].

StringTake::strse: 
   String or list of strings expected at position 1 in 
    StringTake[List[[2]], {3, 3}].

General::stop: Further output of StringTake::strse
     will be suppressed during this calculation.
* List[[1]]   StringTake[List[[2]], {1, 1}] StringTake[List[[2]], {2, 2}] 
 
>   StringTake[List[[2]], {3, 3}] StringTake[List[[2]], {4, 4}] 
 
>   StringTake[List[[2]], {5, 5}] StringTake[List[[2]], {6, 6}] 
 
>   StringTake[List[[2]], {7, 7}] StringTake[List[[2]], {8, 8}] 0 0 0  
 
>   List[[3]]
* f   0 0 0 0 0 0 0 0 0 0 0  0
* List[[1]]   StringTake[List[[2]], {1, 1}] StringTake[List[[2]], {2, 2}] 
 
>   StringTake[List[[2]], {3, 3}] StringTake[List[[2]], {4, 4}] 
 
>   StringTake[List[[2]], {5, 5}] StringTake[List[[2]], {6, 6}] 
 
>   StringTake[List[[2]], {7, 7}] StringTake[List[[2]], {8, 8}] 0 0 0  
 
>   3 + List[[3]]
* f   0 0 0 0 0 0 0 0 0 0 0  3
* List[[1]]   StringTake[List[[2]], {1, 1}] StringTake[List[[2]], {2, 2}] 
 
>   StringTake[List[[2]], {3, 3}] StringTake[List[[2]], {4, 4}] 
 
>   StringTake[List[[2]], {5, 5}] StringTake[List[[2]], {6, 6}] 
 
>   StringTake[List[[2]], {7, 7}] StringTake[List[[2]], {8, 8}] 0 0 0  
 
>   6 + List[[3]]
* f   0 0 0 0 0 0 0 0 0 0 0  6
* List[[1]]   StringTake[List[[2]], {1, 1}] StringTake[List[[2]], {2, 2}] 
 
>   StringTake[List[[2]], {3, 3}] StringTake[List[[2]], {4, 4}] 
 
>   StringTake[List[[2]], {5, 5}] StringTake[List[[2]], {6, 6}] 
 
>   StringTake[List[[2]], {7, 7}] StringTake[List[[2]], {8, 8}] 0 0 0  
 
>   9 + List[[3]]
* f   0 0 0 0 0 0 0 0 0 0 0  9
* List[[1]]   StringTake[List[[2]], {1, 1}] StringTake[List[[2]], {2, 2}] 
 
>   StringTake[List[[2]], {3, 3}] StringTake[List[[2]], {4, 4}] 
 
>   StringTake[List[[2]], {5, 5}] StringTake[List[[2]], {6, 6}] 
 
>   StringTake[List[[2]], {7, 7}] StringTake[List[[2]], {8, 8}] 0 0 0  
 
>   12 + List[[3]]
* f   0 0 0 0 0 0 0 0 0 0 0  12
* List[[1]]   StringTake[List[[2]], {1, 1}] StringTake[List[[2]], {2, 2}] 
 
>   StringTake[List[[2]], {3, 3}] StringTake[List[[2]], {4, 4}] 
 
>   StringTake[List[[2]], {5, 5}] StringTake[List[[2]], {6, 6}] 
 
>   StringTake[List[[2]], {7, 7}] StringTake[List[[2]], {8, 8}] 0 0 0  
 
>   15 + List[[3]]
* f   0 0 0 0 0 0 0 0 0 0 0  15
* List[[1]]   StringTake[List[[2]], {1, 1}] StringTake[List[[2]], {2, 2}] 
 
>   StringTake[List[[2]], {3, 3}] StringTake[List[[2]], {4, 4}] 
 
>   StringTake[List[[2]], {5, 5}] StringTake[List[[2]], {6, 6}] 
 
>   StringTake[List[[2]], {7, 7}] StringTake[List[[2]], {8, 8}] 0 0 0  
 
>   18 + List[[3]]
* f   0 0 0 0 0 0 0 0 0 0 0  18
* List[[1]]   StringTake[List[[2]], {1, 1}] StringTake[List[[2]], {2, 2}] 
 
>   StringTake[List[[2]], {3, 3}] StringTake[List[[2]], {4, 4}] 
 
>   StringTake[List[[2]], {5, 5}] StringTake[List[[2]], {6, 6}] 
 
>   StringTake[List[[2]], {7, 7}] StringTake[List[[2]], {8, 8}] 0 0 0  
 
>   21 + List[[3]]
* f   0 0 0 0 0 0 0 0 0 0 0  21

In[81]:= 
In[82]:= 
In[83]:= 
In[84]:= 
In[85]:= 
In[86]:= 
In[87]:= 
Solve::svars: Equations may not give solutions for all "solve" variables.

In[88]:= 
Out[88]= {{h           -> 0, f           -> f          , h           -> 0, 
            10000000,0        01000000,0     10000000,0   01000000,0
 
>     f           -> f          , h           -> 0, h           -> 0, 
       00100000,0     10000000,0   00100000,0        00010000,0
 
>     f           -> f          , h           -> 0, 
       00001000,0     00010000,0   00001000,0
 
>     f           -> f          , h           -> 0, f           -> 0, 
       00000100,0     00010000,0   00000100,0        00000010,0
 
>     h           -> 0, f           -> 0, h           -> 0, 
       00000010,0        00000001,0        00000001,0
 
>     f           -> -2 f          , h           -> 0, 
       10000000,1        01000000,1   10000000,1
 
>     h           -> Sqrt[3] f          , f           -> f          , 
       01000000,1             01000000,1   00100000,1     01000000,1
 
>     h           -> -(Sqrt[3] f          ), f           -> -2 f          , 
       00100000,1               01000000,1    00010000,1        00001000,1
 
>     h           -> 0, h           -> Sqrt[3] f          , 
       00010000,1        00001000,1             00001000,1
 
>     f           -> f          , h           -> -(Sqrt[3] f          ), 
       00000100,1     00001000,1   00000100,1               00001000,1
 
>     h           -> 0, f           -> 0, h           -> -f          , 
       00000010,1        00000001,1        00000001,1      00000010,1
 
>     f           -> -2 f          , h           -> 0, 
       10000000,2        01000000,2   10000000,2
 
>     h           -> -(Sqrt[3] f          ), f           -> f          , 
       01000000,2               01000000,2    00100000,2     01000000,2
 
>     h           -> Sqrt[3] f          , f           -> -2 f          , 
       00100000,2             01000000,2   00010000,2        00001000,2
 
>     h           -> 0, h           -> -(Sqrt[3] f          ), 
       00010000,2        00001000,2               00001000,2
 
>     f           -> f          , h           -> Sqrt[3] f          , 
       00000100,2     00001000,2   00000100,2             00001000,2
 
>     h           -> 0, f           -> 0, h           -> f          }}
       00000010,2        00000001,2        00000001,2     00000010,2

In[89]:= 
In[90]:= 
In[91]:= Printing 1st order solutions...

In[92]:= 
Part::partd: Part specification List[[1]] is longer than depth of object.

Part::partd: Part specification List[[2]] is longer than depth of object.

StringTake::strse: 
   String or list of strings expected at position 1 in 
    StringTake[List[[2]], {1, 1}].

Part::partd: Part specification List[[2]] is longer than depth of object.

General::stop: Further output of Part::partd
     will be suppressed during this calculation.

StringTake::strse: 
   String or list of strings expected at position 1 in 
    StringTake[List[[2]], {2, 2}].

StringTake::strse: 
   String or list of strings expected at position 1 in 
    StringTake[List[[2]], {3, 3}].

General::stop: Further output of StringTake::strse
     will be suppressed during this calculation.
* List[[1]]   1 0 StringTake[List[[2]], {1, 1}] StringTake[List[[2]], {2, 2}] 
 
>   StringTake[List[[2]], {3, 3}] 0 StringTake[List[[2]], {4, 4}] 
 
>   StringTake[List[[2]], {5, 5}] StringTake[List[[2]], {6, 6}] 
 
>   StringTake[List[[2]], {7, 7}] StringTake[List[[2]], {8, 8}]  List[[3]]
* List[[1]]   0 1 StringTake[List[[2]], {1, 1}] StringTake[List[[2]], {2, 2}] 
 
>   StringTake[List[[2]], {3, 3}] 0 StringTake[List[[2]], {4, 4}] 
 
>   StringTake[List[[2]], {5, 5}] StringTake[List[[2]], {6, 6}] 
 
>   StringTake[List[[2]], {7, 7}] StringTake[List[[2]], {8, 8}]  List[[3]]
* List[[1]]   0 0 StringTake[List[[2]], {1, 1}] StringTake[List[[2]], {2, 2}] 
 
>   StringTake[List[[2]], {3, 3}] 1 StringTake[List[[2]], {4, 4}] 
 
>   StringTake[List[[2]], {5, 5}] StringTake[List[[2]], {6, 6}] 
 
>   StringTake[List[[2]], {7, 7}] StringTake[List[[2]], {8, 8}]  List[[3]]
* f   1 0 0 0 0 0 0 0 0 0 0  0
* f   0 1 0 0 0 0 0 0 0 0 0  0
* f   0 0 0 0 0 1 0 0 0 0 0  0
* List[[1]]   0 0 StringTake[List[[2]], {1, 1}] StringTake[List[[2]], {2, 2}] 
 
>   StringTake[List[[2]], {3, 3}] 0 StringTake[List[[2]], {4, 4}] 
 
>   StringTake[List[[2]], {5, 5}] StringTake[List[[2]], {6, 6}] 
 
>   StringTake[List[[2]], {7, 7}] StringTake[List[[2]], {8, 8}]  List[[3]]
* f   0 0 1 0 0 0 0 0 0 0 0  0
* f   0 0 0 0 0 0 1 0 0 0 0  0
* f   0 0 0 1 0 0 0 0 0 0 0  1
* f   0 0 0 0 0 0 0 1 0 0 0  1
* f   0 0 0 0 0 0 0 0 0 1 0  1
* f   0 0 0 1 0 0 0 0 0 0 0  2
* f   0 0 0 0 0 0 0 1 0 0 0  2
* f   0 0 0 0 0 0 0 0 0 1 0  2
* List[[1]]   1 0 StringTake[List[[2]], {1, 1}] StringTake[List[[2]], {2, 2}] 
 
>   StringTake[List[[2]], {3, 3}] 0 StringTake[List[[2]], {4, 4}] 
 
>   StringTake[List[[2]], {5, 5}] StringTake[List[[2]], {6, 6}] 
 
>   StringTake[List[[2]], {7, 7}] StringTake[List[[2]], {8, 8}]  3 + List[[3]]
* List[[1]]   0 1 StringTake[List[[2]], {1, 1}] StringTake[List[[2]], {2, 2}] 
 
>   StringTake[List[[2]], {3, 3}] 0 StringTake[List[[2]], {4, 4}] 
 
>   StringTake[List[[2]], {5, 5}] StringTake[List[[2]], {6, 6}] 
 
>   StringTake[List[[2]], {7, 7}] StringTake[List[[2]], {8, 8}]  3 + List[[3]]
* List[[1]]   0 0 StringTake[List[[2]], {1, 1}] StringTake[List[[2]], {2, 2}] 
 
>   StringTake[List[[2]], {3, 3}] 1 StringTake[List[[2]], {4, 4}] 
 
>   StringTake[List[[2]], {5, 5}] StringTake[List[[2]], {6, 6}] 
 
>   StringTake[List[[2]], {7, 7}] StringTake[List[[2]], {8, 8}]  3 + List[[3]]
* f   1 0 0 0 0 0 0 0 0 0 0  3
* f   0 1 0 0 0 0 0 0 0 0 0  3
* f   0 0 0 0 0 1 0 0 0 0 0  3
* List[[1]]   0 0 StringTake[List[[2]], {1, 1}] StringTake[List[[2]], {2, 2}] 
 
>   StringTake[List[[2]], {3, 3}] 0 StringTake[List[[2]], {4, 4}] 
 
>   StringTake[List[[2]], {5, 5}] StringTake[List[[2]], {6, 6}] 
 
>   StringTake[List[[2]], {7, 7}] StringTake[List[[2]], {8, 8}]  3 + List[[3]]
* f   0 0 1 0 0 0 0 0 0 0 0  3
* f   0 0 0 0 0 0 1 0 0 0 0  3
* f   0 0 0 1 0 0 0 0 0 0 0  4
* f   0 0 0 0 0 0 0 1 0 0 0  4
* f   0 0 0 0 0 0 0 0 0 1 0  4
* f   0 0 0 1 0 0 0 0 0 0 0  5
* f   0 0 0 0 0 0 0 1 0 0 0  5
* f   0 0 0 0 0 0 0 0 0 1 0  5
* List[[1]]   1 0 StringTake[List[[2]], {1, 1}] StringTake[List[[2]], {2, 2}] 
 
>   StringTake[List[[2]], {3, 3}] 0 StringTake[List[[2]], {4, 4}] 
 
>   StringTake[List[[2]], {5, 5}] StringTake[List[[2]], {6, 6}] 
 
>   StringTake[List[[2]], {7, 7}] StringTake[List[[2]], {8, 8}]  6 + List[[3]]
* List[[1]]   0 1 StringTake[List[[2]], {1, 1}] StringTake[List[[2]], {2, 2}] 
 
>   StringTake[List[[2]], {3, 3}] 0 StringTake[List[[2]], {4, 4}] 
 
>   StringTake[List[[2]], {5, 5}] StringTake[List[[2]], {6, 6}] 
 
>   StringTake[List[[2]], {7, 7}] StringTake[List[[2]], {8, 8}]  6 + List[[3]]
* List[[1]]   0 0 StringTake[List[[2]], {1, 1}] StringTake[List[[2]], {2, 2}] 
 
>   StringTake[List[[2]], {3, 3}] 1 StringTake[List[[2]], {4, 4}] 
 
>   StringTake[List[[2]], {5, 5}] StringTake[List[[2]], {6, 6}] 
 
>   StringTake[List[[2]], {7, 7}] StringTake[List[[2]], {8, 8}]  6 + List[[3]]
* f   1 0 0 0 0 0 0 0 0 0 0  6
* f   0 1 0 0 0 0 0 0 0 0 0  6
* f   0 0 0 0 0 1 0 0 0 0 0  6
* List[[1]]   0 0 StringTake[List[[2]], {1, 1}] StringTake[List[[2]], {2, 2}] 
 
>   StringTake[List[[2]], {3, 3}] 0 StringTake[List[[2]], {4, 4}] 
 
>   StringTake[List[[2]], {5, 5}] StringTake[List[[2]], {6, 6}] 
 
>   StringTake[List[[2]], {7, 7}] StringTake[List[[2]], {8, 8}]  6 + List[[3]]
* f   0 0 1 0 0 0 0 0 0 0 0  6
* f   0 0 0 0 0 0 1 0 0 0 0  6
* f   0 0 0 1 0 0 0 0 0 0 0  7
* f   0 0 0 0 0 0 0 1 0 0 0  7
* f   0 0 0 0 0 0 0 0 0 1 0  7
* f   0 0 0 1 0 0 0 0 0 0 0  8
* f   0 0 0 0 0 0 0 1 0 0 0  8
* f   0 0 0 0 0 0 0 0 0 1 0  8
* List[[1]]   1 0 StringTake[List[[2]], {1, 1}] StringTake[List[[2]], {2, 2}] 
 
>   StringTake[List[[2]], {3, 3}] 0 StringTake[List[[2]], {4, 4}] 
 
>   StringTake[List[[2]], {5, 5}] StringTake[List[[2]], {6, 6}] 
 
>   StringTake[List[[2]], {7, 7}] StringTake[List[[2]], {8, 8}]  9 + List[[3]]
* List[[1]]   0 1 StringTake[List[[2]], {1, 1}] StringTake[List[[2]], {2, 2}] 
 
>   StringTake[List[[2]], {3, 3}] 0 StringTake[List[[2]], {4, 4}] 
 
>   StringTake[List[[2]], {5, 5}] StringTake[List[[2]], {6, 6}] 
 
>   StringTake[List[[2]], {7, 7}] StringTake[List[[2]], {8, 8}]  9 + List[[3]]
* List[[1]]   0 0 StringTake[List[[2]], {1, 1}] StringTake[List[[2]], {2, 2}] 
 
>   StringTake[List[[2]], {3, 3}] 1 StringTake[List[[2]], {4, 4}] 
 
>   StringTake[List[[2]], {5, 5}] StringTake[List[[2]], {6, 6}] 
 
>   StringTake[List[[2]], {7, 7}] StringTake[List[[2]], {8, 8}]  9 + List[[3]]
* f   1 0 0 0 0 0 0 0 0 0 0  9
* f   0 1 0 0 0 0 0 0 0 0 0  9
* f   0 0 0 0 0 1 0 0 0 0 0  9
* List[[1]]   0 0 StringTake[List[[2]], {1, 1}] StringTake[List[[2]], {2, 2}] 
 
>   StringTake[List[[2]], {3, 3}] 0 StringTake[List[[2]], {4, 4}] 
 
>   StringTake[List[[2]], {5, 5}] StringTake[List[[2]], {6, 6}] 
 
>   StringTake[List[[2]], {7, 7}] StringTake[List[[2]], {8, 8}]  9 + List[[3]]
* f   0 0 1 0 0 0 0 0 0 0 0  9
* f   0 0 0 0 0 0 1 0 0 0 0  9
* f   0 0 0 1 0 0 0 0 0 0 0  10
* f   0 0 0 0 0 0 0 1 0 0 0  10
* f   0 0 0 0 0 0 0 0 0 1 0  10
* f   0 0 0 1 0 0 0 0 0 0 0  11
* f   0 0 0 0 0 0 0 1 0 0 0  11
* f   0 0 0 0 0 0 0 0 0 1 0  11
* List[[1]]   1 0 StringTake[List[[2]], {1, 1}] StringTake[List[[2]], {2, 2}] 
 
>   StringTake[List[[2]], {3, 3}] 0 StringTake[List[[2]], {4, 4}] 
 
>   StringTake[List[[2]], {5, 5}] StringTake[List[[2]], {6, 6}] 
 
>   StringTake[List[[2]], {7, 7}] StringTake[List[[2]], {8, 8}]  
 
>   12 + List[[3]]
* List[[1]]   0 1 StringTake[List[[2]], {1, 1}] StringTake[List[[2]], {2, 2}] 
 
>   StringTake[List[[2]], {3, 3}] 0 StringTake[List[[2]], {4, 4}] 
 
>   StringTake[List[[2]], {5, 5}] StringTake[List[[2]], {6, 6}] 
 
>   StringTake[List[[2]], {7, 7}] StringTake[List[[2]], {8, 8}]  
 
>   12 + List[[3]]
* List[[1]]   0 0 StringTake[List[[2]], {1, 1}] StringTake[List[[2]], {2, 2}] 
 
>   StringTake[List[[2]], {3, 3}] 1 StringTake[List[[2]], {4, 4}] 
 
>   StringTake[List[[2]], {5, 5}] StringTake[List[[2]], {6, 6}] 
 
>   StringTake[List[[2]], {7, 7}] StringTake[List[[2]], {8, 8}]  
 
>   12 + List[[3]]
* f   1 0 0 0 0 0 0 0 0 0 0  12
* f   0 1 0 0 0 0 0 0 0 0 0  12
* f   0 0 0 0 0 1 0 0 0 0 0  12
* List[[1]]   0 0 StringTake[List[[2]], {1, 1}] StringTake[List[[2]], {2, 2}] 
 
>   StringTake[List[[2]], {3, 3}] 0 StringTake[List[[2]], {4, 4}] 
 
>   StringTake[List[[2]], {5, 5}] StringTake[List[[2]], {6, 6}] 
 
>   StringTake[List[[2]], {7, 7}] StringTake[List[[2]], {8, 8}]  
 
>   12 + List[[3]]
* f   0 0 1 0 0 0 0 0 0 0 0  12
* f   0 0 0 0 0 0 1 0 0 0 0  12
* f   0 0 0 1 0 0 0 0 0 0 0  13
* f   0 0 0 0 0 0 0 1 0 0 0  13
* f   0 0 0 0 0 0 0 0 0 1 0  13
* f   0 0 0 1 0 0 0 0 0 0 0  14
* f   0 0 0 0 0 0 0 1 0 0 0  14
* f   0 0 0 0 0 0 0 0 0 1 0  14
* List[[1]]   1 0 StringTake[List[[2]], {1, 1}] StringTake[List[[2]], {2, 2}] 
 
>   StringTake[List[[2]], {3, 3}] 0 StringTake[List[[2]], {4, 4}] 
 
>   StringTake[List[[2]], {5, 5}] StringTake[List[[2]], {6, 6}] 
 
>   StringTake[List[[2]], {7, 7}] StringTake[List[[2]], {8, 8}]  
 
>   15 + List[[3]]
* List[[1]]   0 1 StringTake[List[[2]], {1, 1}] StringTake[List[[2]], {2, 2}] 
 
>   StringTake[List[[2]], {3, 3}] 0 StringTake[List[[2]], {4, 4}] 
 
>   StringTake[List[[2]], {5, 5}] StringTake[List[[2]], {6, 6}] 
 
>   StringTake[List[[2]], {7, 7}] StringTake[List[[2]], {8, 8}]  
 
>   15 + List[[3]]
* List[[1]]   0 0 StringTake[List[[2]], {1, 1}] StringTake[List[[2]], {2, 2}] 
 
>   StringTake[List[[2]], {3, 3}] 1 StringTake[List[[2]], {4, 4}] 
 
>   StringTake[List[[2]], {5, 5}] StringTake[List[[2]], {6, 6}] 
 
>   StringTake[List[[2]], {7, 7}] StringTake[List[[2]], {8, 8}]  
 
>   15 + List[[3]]
* f   1 0 0 0 0 0 0 0 0 0 0  15
* f   0 1 0 0 0 0 0 0 0 0 0  15
* f   0 0 0 0 0 1 0 0 0 0 0  15
* List[[1]]   0 0 StringTake[List[[2]], {1, 1}] StringTake[List[[2]], {2, 2}] 
 
>   StringTake[List[[2]], {3, 3}] 0 StringTake[List[[2]], {4, 4}] 
 
>   StringTake[List[[2]], {5, 5}] StringTake[List[[2]], {6, 6}] 
 
>   StringTake[List[[2]], {7, 7}] StringTake[List[[2]], {8, 8}]  
 
>   15 + List[[3]]
* f   0 0 1 0 0 0 0 0 0 0 0  15
* f   0 0 0 0 0 0 1 0 0 0 0  15
* f   0 0 0 1 0 0 0 0 0 0 0  16
* f   0 0 0 0 0 0 0 1 0 0 0  16
* f   0 0 0 0 0 0 0 0 0 1 0  16
* f   0 0 0 1 0 0 0 0 0 0 0  17
* f   0 0 0 0 0 0 0 1 0 0 0  17
* f   0 0 0 0 0 0 0 0 0 1 0  17
* List[[1]]   1 0 StringTake[List[[2]], {1, 1}] StringTake[List[[2]], {2, 2}] 
 
>   StringTake[List[[2]], {3, 3}] 0 StringTake[List[[2]], {4, 4}] 
 
>   StringTake[List[[2]], {5, 5}] StringTake[List[[2]], {6, 6}] 
 
>   StringTake[List[[2]], {7, 7}] StringTake[List[[2]], {8, 8}]  
 
>   18 + List[[3]]
* List[[1]]   0 1 StringTake[List[[2]], {1, 1}] StringTake[List[[2]], {2, 2}] 
 
>   StringTake[List[[2]], {3, 3}] 0 StringTake[List[[2]], {4, 4}] 
 
>   StringTake[List[[2]], {5, 5}] StringTake[List[[2]], {6, 6}] 
 
>   StringTake[List[[2]], {7, 7}] StringTake[List[[2]], {8, 8}]  
 
>   18 + List[[3]]
* List[[1]]   0 0 StringTake[List[[2]], {1, 1}] StringTake[List[[2]], {2, 2}] 
 
>   StringTake[List[[2]], {3, 3}] 1 StringTake[List[[2]], {4, 4}] 
 
>   StringTake[List[[2]], {5, 5}] StringTake[List[[2]], {6, 6}] 
 
>   StringTake[List[[2]], {7, 7}] StringTake[List[[2]], {8, 8}]  
 
>   18 + List[[3]]
* f   1 0 0 0 0 0 0 0 0 0 0  18
* f   0 1 0 0 0 0 0 0 0 0 0  18
* f   0 0 0 0 0 1 0 0 0 0 0  18
* List[[1]]   0 0 StringTake[List[[2]], {1, 1}] StringTake[List[[2]], {2, 2}] 
 
>   StringTake[List[[2]], {3, 3}] 0 StringTake[List[[2]], {4, 4}] 
 
>   StringTake[List[[2]], {5, 5}] StringTake[List[[2]], {6, 6}] 
 
>   StringTake[List[[2]], {7, 7}] StringTake[List[[2]], {8, 8}]  
 
>   18 + List[[3]]
* f   0 0 1 0 0 0 0 0 0 0 0  18
* f   0 0 0 0 0 0 1 0 0 0 0  18
* f   0 0 0 1 0 0 0 0 0 0 0  19
* f   0 0 0 0 0 0 0 1 0 0 0  19
* f   0 0 0 0 0 0 0 0 0 1 0  19
* f   0 0 0 1 0 0 0 0 0 0 0  20
* f   0 0 0 0 0 0 0 1 0 0 0  20
* f   0 0 0 0 0 0 0 0 0 1 0  20
* List[[1]]   1 0 StringTake[List[[2]], {1, 1}] StringTake[List[[2]], {2, 2}] 
 
>   StringTake[List[[2]], {3, 3}] 0 StringTake[List[[2]], {4, 4}] 
 
>   StringTake[List[[2]], {5, 5}] StringTake[List[[2]], {6, 6}] 
 
>   StringTake[List[[2]], {7, 7}] StringTake[List[[2]], {8, 8}]  
 
>   21 + List[[3]]
* List[[1]]   0 1 StringTake[List[[2]], {1, 1}] StringTake[List[[2]], {2, 2}] 
 
>   StringTake[List[[2]], {3, 3}] 0 StringTake[List[[2]], {4, 4}] 
 
>   StringTake[List[[2]], {5, 5}] StringTake[List[[2]], {6, 6}] 
 
>   StringTake[List[[2]], {7, 7}] StringTake[List[[2]], {8, 8}]  
 
>   21 + List[[3]]
* List[[1]]   0 0 StringTake[List[[2]], {1, 1}] StringTake[List[[2]], {2, 2}] 
 
>   StringTake[List[[2]], {3, 3}] 1 StringTake[List[[2]], {4, 4}] 
 
>   StringTake[List[[2]], {5, 5}] StringTake[List[[2]], {6, 6}] 
 
>   StringTake[List[[2]], {7, 7}] StringTake[List[[2]], {8, 8}]  
 
>   21 + List[[3]]
* f   1 0 0 0 0 0 0 0 0 0 0  21
* f   0 1 0 0 0 0 0 0 0 0 0  21
* f   0 0 0 0 0 1 0 0 0 0 0  21
* List[[1]]   0 0 StringTake[List[[2]], {1, 1}] StringTake[List[[2]], {2, 2}] 
 
>   StringTake[List[[2]], {3, 3}] 0 StringTake[List[[2]], {4, 4}] 
 
>   StringTake[List[[2]], {5, 5}] StringTake[List[[2]], {6, 6}] 
 
>   StringTake[List[[2]], {7, 7}] StringTake[List[[2]], {8, 8}]  
 
>   21 + List[[3]]
* f   0 0 1 0 0 0 0 0 0 0 0  21
* f   0 0 0 0 0 0 1 0 0 0 0  21
* f   0 0 0 1 0 0 0 0 0 0 0  22
* f   0 0 0 0 0 0 0 1 0 0 0  22
* f   0 0 0 0 0 0 0 0 0 1 0  22
* f   0 0 0 1 0 0 0 0 0 0 0  23
* f   0 0 0 0 0 0 0 1 0 0 0  23
* f   0 0 0 0 0 0 0 0 0 1 0  23

In[93]:= 
In[94]:= 
In[95]:= 
In[96]:= 
In[97]:= 
In[98]:= 
In[99]:= 
Solve::svars: Equations may not give solutions for all "solve" variables.

In[100]:= 
In[101]:= 
Out[101]= {{h           -> 0, h           -> 0, f           -> f          , 
             20000000,0        11000000,0        10100000,0     11000000,0
 
>     h           -> 0, h           -> 0, f           -> f          , 
       10100000,0        10010000,0        10000100,0     10001000,0
 
>     h           -> -h          , f           -> -2 f          , 
       10000100,0      10001000,0   10000010,0        01000010,0
 
>     h           -> 0, f           -> 0, h           -> -2 h          , 
       10000010,0        10000001,0        10000001,0        01000001,0
 
>     f           -> f          , h           -> 0, 
       02000000,0     20000000,0   02000000,0
 
>     f           -> f          , h           -> 0, 
       01100000,0     11000000,0   01100000,0
 
>     f           -> f          , h           -> -h          , 
       01010000,0     10001000,0   01010000,0      10001000,0
 
>     f           -> f          , h           -> 0, 
       01001000,0     10010000,0   01001000,0
 
>     f           -> f          , h           -> h          , 
       01000100,0     10001000,0   01000100,0     10001000,0
 
>     h           -> Sqrt[3] h          , 
       01000010,0             01000001,0
 
>     f           -> -(Sqrt[3] f          ), f           -> f          , 
       01000001,0               01000010,0    00200000,0     20000000,0
 
>     h           -> 0, f           -> f          , 
       00200000,0        00110000,0     10001000,0
 
>     h           -> h          , f           -> f          , 
       00110000,0     10001000,0   00101000,0     10001000,0
 
>     h           -> -h          , f           -> f          , 
       00101000,0      10001000,0   00100100,0     10010000,0
 
>     h           -> 0, f           -> f          , 
       00100100,0        00100010,0     01000010,0
 
>     h           -> -(Sqrt[3] h          ), 
       00100010,0               01000001,0
 
>     f           -> Sqrt[3] f          , h           -> h          , 
       00100001,0             01000010,0   00100001,0     01000001,0
 
>     h           -> 0, h           -> 0, f           -> f          , 
       00020000,0        00011000,0        00010100,0     00011000,0
 
>     h           -> 0, f           -> -2 f          , h           -> 0, 
       00010100,0        00010010,0        00001010,0   00010010,0
 
>     f           -> 0, h           -> -2 h          , 
       00010001,0        00010001,0        00001001,0
 
>     f           -> f          , h           -> 0, 
       00002000,0     00020000,0   00002000,0
 
>     f           -> f          , h           -> 0, 
       00001100,0     00011000,0   00001100,0
 
>     h           -> Sqrt[3] h          , 
       00001010,0             00001001,0
 
>     f           -> -(Sqrt[3] f          ), f           -> f          , 
       00001001,0               00001010,0    00000200,0     00020000,0
 
>     h           -> 0, f           -> f          , 
       00000200,0        00000110,0     00001010,0
 
>     h           -> -(Sqrt[3] h          ), 
       00000110,0               00001001,0
 
>     f           -> Sqrt[3] f          , h           -> h          , 
       00000101,0             00001010,0   00000101,0     00001001,0
 
>     h           -> 0, f           -> 0, h           -> 0, 
       00000020,0        00000011,0        00000011,0
 
>     f           -> f          , h           -> 0, 
       00000002,0     00000020,0   00000002,0
 
>     f           -> -2 f          , h           -> 0, 
       20000000,1        02000000,1   20000000,1
 
>     h           -> -(Sqrt[3] f          ), f           -> f          , 
       11000000,1               11000000,1    10100000,1     11000000,1
 
>     h           -> Sqrt[3] f          , f           -> -2 f          , 
       10100000,1             11000000,1   10010000,1        01001000,1
 
>     h           -> 0, f           -> f          , 
       10010000,1        10000100,1     10001000,1
 
>     h           -> -h          , 
       10000100,1      10001000,1
 
>     f           -> f           + Sqrt[3] h          , h           -> 0, 
       10000010,1     01000010,1            01000010,1   10000010,1
 
                                                      h
                                                       01000010,1
>     f           -> 0, h           -> -f           + -----------, 
       10000001,1        10000001,1      01000010,1     Sqrt[3]
 
>     h           -> Sqrt[3] f          , f           -> -2 f          , 
       02000000,1             02000000,1   01100000,1        11000000,1
 
>     h           -> 0, f           -> 
       01100000,1        01010000,1
 
                          Sqrt[3] h
         1                         10001000,1
>      -(-) f           - -------------------, 
         2   10001000,1            2
 
                                                  h
                       1                           10001000,1
>     h           -> -(-) (Sqrt[3] f          ) + -----------, 
       01010000,1      2            10001000,1         2
 
>     h           -> Sqrt[3] f          , 
       01001000,1             01001000,1
 
                                        Sqrt[3] h
                       1                         10001000,1
>     f           -> -(-) f           + -------------------, 
       01000100,1      2   10001000,1            2
 
                                                  h
                       1                           10001000,1
>     h           -> -(-) (Sqrt[3] f          ) - -----------, 
       01000100,1      2            10001000,1         2
 
>     f           -> -h          , 
       01000001,1      01000010,1
 
                                    2 h
                                       01000010,1
>     h           -> -f           - -------------, 
       01000001,1      01000010,1      Sqrt[3]
 
>     f           -> f          , h           -> -(Sqrt[3] f          ), 
       00200000,1     02000000,1   00200000,1               02000000,1
 
                                        Sqrt[3] h
                       1                         10001000,1
>     f           -> -(-) f           - -------------------, 
       00110000,1      2   10001000,1            2
 
                     Sqrt[3] f             h
                              10001000,1    10001000,1
>     h           -> ------------------- - -----------, 
       00110000,1             2                 2
 
                                        Sqrt[3] h
                       1                         10001000,1
>     f           -> -(-) f           + -------------------, 
       00101000,1      2   10001000,1            2
 
                     Sqrt[3] f             h
                              10001000,1    10001000,1
>     h           -> ------------------- + -----------, 
       00101000,1             2                 2
 
>     f           -> f          , h           -> -(Sqrt[3] f          ), 
       00100100,1     01001000,1   00100100,1               01001000,1
 
>     f           -> f          , h           -> -h          , 
       00100010,1     01000010,1   00100010,1      01000010,1
 
>     f           -> h          , 
       00100001,1     01000010,1
 
                                    2 h
                                       01000010,1
>     h           -> -f           - -------------, 
       00100001,1      01000010,1      Sqrt[3]
 
>     f           -> -2 f          , h           -> 0, 
       00020000,1        00002000,1   00020000,1
 
>     h           -> -(Sqrt[3] f          ), f           -> f          , 
       00011000,1               00011000,1    00010100,1     00011000,1
 
>     h           -> Sqrt[3] f          , 
       00010100,1             00011000,1
 
>     f           -> f           + Sqrt[3] h          , h           -> 0, 
       00010010,1     00001010,1            00001010,1   00010010,1
 
                                                      h
                                                       00001010,1
>     f           -> 0, h           -> -f           + -----------, 
       00010001,1        00010001,1      00001010,1     Sqrt[3]
 
>     h           -> Sqrt[3] f          , f           -> -2 f          , 
       00002000,1             00002000,1   00001100,1        00011000,1
 
>     h           -> 0, f           -> -h          , 
       00001100,1        00001001,1      00001010,1
 
                                    2 h
                                       00001010,1
>     h           -> -f           - -------------, 
       00001001,1      00001010,1      Sqrt[3]
 
>     f           -> f          , h           -> -(Sqrt[3] f          ), 
       00000200,1     00002000,1   00000200,1               00002000,1
 
>     f           -> f          , h           -> -h          , 
       00000110,1     00001010,1   00000110,1      00001010,1
 
>     f           -> h          , 
       00000101,1     00001010,1
 
                                    2 h
                                       00001010,1
>     h           -> -f           - -------------, h           -> 0, 
       00000101,1      00001010,1      Sqrt[3]      00000020,1
 
>     f           -> 0, h           -> 2 f          , 
       00000011,1        00000011,1       00000020,1
 
>     f           -> -f          , h           -> 0, 
       00000002,1      00000020,1   00000002,1
 
>     f           -> -2 f          , h           -> 0, 
       20000000,2        02000000,2   20000000,2
 
>     h           -> Sqrt[3] f          , f           -> f          , 
       11000000,2             11000000,2   10100000,2     11000000,2
 
>     h           -> -(Sqrt[3] f          ), f           -> -2 f          , 
       10100000,2               11000000,2    10010000,2        01001000,2
 
>     h           -> 0, f           -> f          , 
       10010000,2        10000100,2     10001000,2
 
>     h           -> -h          , 
       10000100,2      10001000,2
 
>     f           -> f           - Sqrt[3] h          , h           -> 0, 
       10000010,2     01000010,2            01000010,2   10000010,2
 
                                                     h
                                                      01000010,2
>     f           -> 0, h           -> f           + -----------, 
       10000001,2        10000001,2     01000010,2     Sqrt[3]
 
>     h           -> -(Sqrt[3] f          ), f           -> -2 f          , 
       02000000,2               02000000,2    01100000,2        11000000,2
 
>     h           -> 0, f           -> 
       01100000,2        01010000,2
 
                          Sqrt[3] h
         1                         10001000,2
>      -(-) f           + -------------------, 
         2   10001000,2            2
 
                     Sqrt[3] f             h
                              10001000,2    10001000,2
>     h           -> ------------------- + -----------, 
       01010000,2             2                 2
 
>     h           -> -(Sqrt[3] f          ), 
       01001000,2               01001000,2
 
                                        Sqrt[3] h
                       1                         10001000,2
>     f           -> -(-) f           - -------------------, 
       01000100,2      2   10001000,2            2
 
                     Sqrt[3] f             h
                              10001000,2    10001000,2
>     h           -> ------------------- - -----------, 
       01000100,2             2                 2
 
                                                               2 h
                                                                  01000010,2
>     f           -> h          , h           -> f           - -------------, 
       01000001,2     01000010,2   01000001,2     01000010,2      Sqrt[3]
 
>     f           -> f          , h           -> Sqrt[3] f          , 
       00200000,2     02000000,2   00200000,2             02000000,2
 
                                        Sqrt[3] h
                       1                         10001000,2
>     f           -> -(-) f           + -------------------, 
       00110000,2      2   10001000,2            2
 
                                                  h
                       1                           10001000,2
>     h           -> -(-) (Sqrt[3] f          ) - -----------, 
       00110000,2      2            10001000,2         2
 
                                        Sqrt[3] h
                       1                         10001000,2
>     f           -> -(-) f           - -------------------, 
       00101000,2      2   10001000,2            2
 
                                                  h
                       1                           10001000,2
>     h           -> -(-) (Sqrt[3] f          ) + -----------, 
       00101000,2      2            10001000,2         2
 
>     f           -> f          , h           -> Sqrt[3] f          , 
       00100100,2     01001000,2   00100100,2             01001000,2
 
>     f           -> f          , h           -> -h          , 
       00100010,2     01000010,2   00100010,2      01000010,2
 
>     f           -> -h          , 
       00100001,2      01000010,2
 
                                   2 h
                                      01000010,2
>     h           -> f           - -------------, 
       00100001,2     01000010,2      Sqrt[3]
 
>     f           -> -2 f          , h           -> 0, 
       00020000,2        00002000,2   00020000,2
 
>     h           -> Sqrt[3] f          , f           -> f          , 
       00011000,2             00011000,2   00010100,2     00011000,2
 
>     h           -> -(Sqrt[3] f          ), 
       00010100,2               00011000,2
 
>     f           -> f           - Sqrt[3] h          , h           -> 0, 
       00010010,2     00001010,2            00001010,2   00010010,2
 
                                                     h
                                                      00001010,2
>     f           -> 0, h           -> f           + -----------, 
       00010001,2        00010001,2     00001010,2     Sqrt[3]
 
>     h           -> -(Sqrt[3] f          ), f           -> -2 f          , 
       00002000,2               00002000,2    00001100,2        00011000,2
 
>     h           -> 0, f           -> h          , 
       00001100,2        00001001,2     00001010,2
 
                                   2 h
                                      00001010,2
>     h           -> f           - -------------, f           -> f          , 
       00001001,2     00001010,2      Sqrt[3]      00000200,2     00002000,2
 
>     h           -> Sqrt[3] f          , f           -> f          , 
       00000200,2             00002000,2   00000110,2     00001010,2
 
>     h           -> -h          , f           -> -h          , 
       00000110,2      00001010,2   00000101,2      00001010,2
 
                                   2 h
                                      00001010,2
>     h           -> f           - -------------, h           -> 0, 
       00000101,2     00001010,2      Sqrt[3]      00000020,2
 
>     f           -> 0, h           -> -2 f          , 
       00000011,2        00000011,2        00000020,2
 
>     f           -> -f          , h           -> 0}}
       00000002,2      00000020,2   00000002,2

In[102]:= Printing 2rd order solutions...

In[103]:= 
Part::partd: Part specification List[[1]] is longer than depth of object.

Part::partd: Part specification List[[2]] is longer than depth of object.

StringTake::strse: 
   String or list of strings expected at position 1 in 
    StringTake[List[[2]], {1, 1}].

Part::partd: Part specification List[[2]] is longer than depth of object.

General::stop: Further output of Part::partd
     will be suppressed during this calculation.

StringTake::strse: 
   String or list of strings expected at position 1 in 
    StringTake[List[[2]], {2, 2}].

StringTake::strse: 
   String or list of strings expected at position 1 in 
    StringTake[List[[2]], {3, 3}].

General::stop: Further output of StringTake::strse
     will be suppressed during this calculation.
* List[[1]]   2 0 StringTake[List[[2]], {1, 1}] StringTake[List[[2]], {2, 2}] 
 
>   StringTake[List[[2]], {3, 3}] 0 StringTake[List[[2]], {4, 4}] 
 
>   StringTake[List[[2]], {5, 5}] StringTake[List[[2]], {6, 6}] 
 
>   StringTake[List[[2]], {7, 7}] StringTake[List[[2]], {8, 8}]  List[[3]]
* List[[1]]   0 2 StringTake[List[[2]], {1, 1}] StringTake[List[[2]], {2, 2}] 
 
>   StringTake[List[[2]], {3, 3}] 0 StringTake[List[[2]], {4, 4}] 
 
>   StringTake[List[[2]], {5, 5}] StringTake[List[[2]], {6, 6}] 
 
>   StringTake[List[[2]], {7, 7}] StringTake[List[[2]], {8, 8}]  List[[3]]
* List[[1]]   0 0 StringTake[List[[2]], {1, 1}] StringTake[List[[2]], {2, 2}] 
 
>   StringTake[List[[2]], {3, 3}] 2 StringTake[List[[2]], {4, 4}] 
 
>   StringTake[List[[2]], {5, 5}] StringTake[List[[2]], {6, 6}] 
 
>   StringTake[List[[2]], {7, 7}] StringTake[List[[2]], {8, 8}]  List[[3]]
* List[[1]]   1 1 StringTake[List[[2]], {1, 1}] StringTake[List[[2]], {2, 2}] 
 
>   StringTake[List[[2]], {3, 3}] 0 StringTake[List[[2]], {4, 4}] 
 
>   StringTake[List[[2]], {5, 5}] StringTake[List[[2]], {6, 6}] 
 
>   StringTake[List[[2]], {7, 7}] StringTake[List[[2]], {8, 8}]  List[[3]]
* List[[1]]   1 0 StringTake[List[[2]], {1, 1}] StringTake[List[[2]], {2, 2}] 
 
>   StringTake[List[[2]], {3, 3}] 1 StringTake[List[[2]], {4, 4}] 
 
>   StringTake[List[[2]], {5, 5}] StringTake[List[[2]], {6, 6}] 
 
>   StringTake[List[[2]], {7, 7}] StringTake[List[[2]], {8, 8}]  List[[3]]
* List[[1]]   0 1 StringTake[List[[2]], {1, 1}] StringTake[List[[2]], {2, 2}] 
 
>   StringTake[List[[2]], {3, 3}] 1 StringTake[List[[2]], {4, 4}] 
 
>   StringTake[List[[2]], {5, 5}] StringTake[List[[2]], {6, 6}] 
 
>   StringTake[List[[2]], {7, 7}] StringTake[List[[2]], {8, 8}]  List[[3]]
* f   2 0 0 0 0 0 0 0 0 0 0  0
* f   0 2 0 0 0 0 0 0 0 0 0  0
* f   0 0 0 0 0 2 0 0 0 0 0  0
* f   1 1 0 0 0 0 0 0 0 0 0  0
* f   1 0 0 0 0 1 0 0 0 0 0  0
* f   0 1 0 0 0 1 0 0 0 0 0  0
* List[[1]]   1 0 StringTake[List[[2]], {1, 1}] StringTake[List[[2]], {2, 2}] 
 
>   StringTake[List[[2]], {3, 3}] 0 StringTake[List[[2]], {4, 4}] 
 
>   StringTake[List[[2]], {5, 5}] StringTake[List[[2]], {6, 6}] 
 
>   StringTake[List[[2]], {7, 7}] StringTake[List[[2]], {8, 8}]  List[[3]]
* List[[1]]   0 1 StringTake[List[[2]], {1, 1}] StringTake[List[[2]], {2, 2}] 
 
>   StringTake[List[[2]], {3, 3}] 0 StringTake[List[[2]], {4, 4}] 
 
>   StringTake[List[[2]], {5, 5}] StringTake[List[[2]], {6, 6}] 
 
>   StringTake[List[[2]], {7, 7}] StringTake[List[[2]], {8, 8}]  List[[3]]
* List[[1]]   0 0 StringTake[List[[2]], {1, 1}] StringTake[List[[2]], {2, 2}] 
 
>   StringTake[List[[2]], {3, 3}] 1 StringTake[List[[2]], {4, 4}] 
 
>   StringTake[List[[2]], {5, 5}] StringTake[List[[2]], {6, 6}] 
 
>   StringTake[List[[2]], {7, 7}] StringTake[List[[2]], {8, 8}]  List[[3]]
* f   1 0 1 0 0 0 0 0 0 0 0  0
* f   0 1 1 0 0 0 0 0 0 0 0  0
* f   0 0 1 0 0 1 0 0 0 0 0  0
* f   1 0 0 0 0 0 1 0 0 0 0  0
* f   0 1 0 0 0 0 1 0 0 0 0  0
* f   0 0 0 0 0 1 1 0 0 0 0  0
* f   1 0 0 1 0 0 0 0 0 0 0  1
* f   0 1 0 1 0 0 0 0 0 0 0  1
* f   0 0 0 1 0 1 0 0 0 0 0  1
* f   1 0 0 0 0 0 0 1 0 0 0  1
* f   0 1 0 0 0 0 0 1 0 0 0  1
* f   0 0 0 0 0 1 0 1 0 0 0  1
* f   1 0 0 0 0 0 0 0 0 1 0  1
* f   0 1 0 0 0 0 0 0 0 1 0  1
* f   0 0 0 0 0 1 0 0 0 1 0  1
* f   1 0 0 1 0 0 0 0 0 0 0  2
* f   0 1 0 1 0 0 0 0 0 0 0  2
* f   0 0 0 1 0 1 0 0 0 0 0  2
* f   1 0 0 0 0 0 0 1 0 0 0  2
* f   0 1 0 0 0 0 0 1 0 0 0  2
* f   0 0 0 0 0 1 0 1 0 0 0  2
* f   1 0 0 0 0 0 0 0 0 1 0  2
* f   0 1 0 0 0 0 0 0 0 1 0  2
* f   0 0 0 0 0 1 0 0 0 1 0  2
* List[[1]]   0 0 StringTake[List[[2]], {1, 1}] StringTake[List[[2]], {2, 2}] 
 
>   StringTake[List[[2]], {3, 3}] 0 StringTake[List[[2]], {4, 4}] 
 
>   StringTake[List[[2]], {5, 5}] StringTake[List[[2]], {6, 6}] 
 
>   StringTake[List[[2]], {7, 7}] StringTake[List[[2]], {8, 8}]  List[[3]]
* f   0 0 2 0 0 0 0 0 0 0 0  0
* f   0 0 1 1 0 0 0 0 0 0 0  0
* f   0 0 1 0 0 0 1 0 0 0 0  0
* f   0 0 1 0 0 0 0 1 0 0 0  0
* h   0 0 1 0 0 0 0 1 0 0 0  0
* f   0 0 0 1 0 0 0 0 0 1 0  0
* h   0 0 0 1 0 0 0 0 0 0 1  0
* f   0 0 0 0 0 0 2 0 0 0 0  0
* f   0 0 0 0 0 0 1 1 0 0 0  0
* f   0 0 0 0 0 0 0 1 0 1 0  0
* h   0 0 0 0 0 0 0 1 0 0 1  0
* f   0 0 0 0 0 0 0 0 0 2 0  0
* f   0 0 1 1 0 0 0 0 0 0 0  1
* f   0 0 1 0 0 0 0 1 0 0 0  1
* h   0 0 1 0 0 0 0 1 0 0 0  1
* f   0 0 0 2 0 0 0 0 0 0 0  1
* f   0 0 0 1 0 0 0 1 0 0 0  1
* f   0 0 0 1 0 0 0 0 0 1 0  1
* h   0 0 0 1 0 0 0 0 0 1 0  1
* f   0 0 0 0 0 0 1 1 0 0 0  1
* f   0 0 0 0 0 0 0 2 0 0 0  1
* f   0 0 0 0 0 0 0 1 0 1 0  1
* h   0 0 0 0 0 0 0 1 0 1 0  1
* f   0 0 0 0 0 0 0 0 0 2 0  1
* f   0 0 1 1 0 0 0 0 0 0 0  2
* f   0 0 1 0 0 0 0 1 0 0 0  2
* h   0 0 1 0 0 0 0 1 0 0 0  2
* f   0 0 0 2 0 0 0 0 0 0 0  2
* f   0 0 0 1 0 0 0 1 0 0 0  2
* f   0 0 0 1 0 0 0 0 0 1 0  2
* h   0 0 0 1 0 0 0 0 0 1 0  2
* f   0 0 0 0 0 0 1 1 0 0 0  2
* f   0 0 0 0 0 0 0 2 0 0 0  2
* f   0 0 0 0 0 0 0 1 0 1 0  2
* h   0 0 0 0 0 0 0 1 0 1 0  2
* f   0 0 0 0 0 0 0 0 0 2 0  2
* List[[1]]   2 0 StringTake[List[[2]], {1, 1}] StringTake[List[[2]], {2, 2}] 
 
>   StringTake[List[[2]], {3, 3}] 0 StringTake[List[[2]], {4, 4}] 
 
>   StringTake[List[[2]], {5, 5}] StringTake[List[[2]], {6, 6}] 
 
>   StringTake[List[[2]], {7, 7}] StringTake[List[[2]], {8, 8}]  3 + List[[3]]
* List[[1]]   0 2 StringTake[List[[2]], {1, 1}] StringTake[List[[2]], {2, 2}] 
 
>   StringTake[List[[2]], {3, 3}] 0 StringTake[List[[2]], {4, 4}] 
 
>   StringTake[List[[2]], {5, 5}] StringTake[List[[2]], {6, 6}] 
 
>   StringTake[List[[2]], {7, 7}] StringTake[List[[2]], {8, 8}]  3 + List[[3]]
* List[[1]]   0 0 StringTake[List[[2]], {1, 1}] StringTake[List[[2]], {2, 2}] 
 
>   StringTake[List[[2]], {3, 3}] 2 StringTake[List[[2]], {4, 4}] 
 
>   StringTake[List[[2]], {5, 5}] StringTake[List[[2]], {6, 6}] 
 
>   StringTake[List[[2]], {7, 7}] StringTake[List[[2]], {8, 8}]  3 + List[[3]]
* List[[1]]   1 1 StringTake[List[[2]], {1, 1}] StringTake[List[[2]], {2, 2}] 
 
>   StringTake[List[[2]], {3, 3}] 0 StringTake[List[[2]], {4, 4}] 
 
>   StringTake[List[[2]], {5, 5}] StringTake[List[[2]], {6, 6}] 
 
>   StringTake[List[[2]], {7, 7}] StringTake[List[[2]], {8, 8}]  3 + List[[3]]
* List[[1]]   1 0 StringTake[List[[2]], {1, 1}] StringTake[List[[2]], {2, 2}] 
 
>   StringTake[List[[2]], {3, 3}] 1 StringTake[List[[2]], {4, 4}] 
 
>   StringTake[List[[2]], {5, 5}] StringTake[List[[2]], {6, 6}] 
 
>   StringTake[List[[2]], {7, 7}] StringTake[List[[2]], {8, 8}]  3 + List[[3]]
* List[[1]]   0 1 StringTake[List[[2]], {1, 1}] StringTake[List[[2]], {2, 2}] 
 
>   StringTake[List[[2]], {3, 3}] 1 StringTake[List[[2]], {4, 4}] 
 
>   StringTake[List[[2]], {5, 5}] StringTake[List[[2]], {6, 6}] 
 
>   StringTake[List[[2]], {7, 7}] StringTake[List[[2]], {8, 8}]  3 + List[[3]]
* f   2 0 0 0 0 0 0 0 0 0 0  3
* f   0 2 0 0 0 0 0 0 0 0 0  3
* f   0 0 0 0 0 2 0 0 0 0 0  3
* f   1 1 0 0 0 0 0 0 0 0 0  3
* f   1 0 0 0 0 1 0 0 0 0 0  3
* f   0 1 0 0 0 1 0 0 0 0 0  3
* List[[1]]   1 0 StringTake[List[[2]], {1, 1}] StringTake[List[[2]], {2, 2}] 
 
>   StringTake[List[[2]], {3, 3}] 0 StringTake[List[[2]], {4, 4}] 
 
>   StringTake[List[[2]], {5, 5}] StringTake[List[[2]], {6, 6}] 
 
>   StringTake[List[[2]], {7, 7}] StringTake[List[[2]], {8, 8}]  3 + List[[3]]
* List[[1]]   0 1 StringTake[List[[2]], {1, 1}] StringTake[List[[2]], {2, 2}] 
 
>   StringTake[List[[2]], {3, 3}] 0 StringTake[List[[2]], {4, 4}] 
 
>   StringTake[List[[2]], {5, 5}] StringTake[List[[2]], {6, 6}] 
 
>   StringTake[List[[2]], {7, 7}] StringTake[List[[2]], {8, 8}]  3 + List[[3]]
* List[[1]]   0 0 StringTake[List[[2]], {1, 1}] StringTake[List[[2]], {2, 2}] 
 
>   StringTake[List[[2]], {3, 3}] 1 StringTake[List[[2]], {4, 4}] 
 
>   StringTake[List[[2]], {5, 5}] StringTake[List[[2]], {6, 6}] 
 
>   StringTake[List[[2]], {7, 7}] StringTake[List[[2]], {8, 8}]  3 + List[[3]]
* f   1 0 1 0 0 0 0 0 0 0 0  3
* f   0 1 1 0 0 0 0 0 0 0 0  3
* f   0 0 1 0 0 1 0 0 0 0 0  3
* f   1 0 0 0 0 0 1 0 0 0 0  3
* f   0 1 0 0 0 0 1 0 0 0 0  3
* f   0 0 0 0 0 1 1 0 0 0 0  3
* f   1 0 0 1 0 0 0 0 0 0 0  4
* f   0 1 0 1 0 0 0 0 0 0 0  4
* f   0 0 0 1 0 1 0 0 0 0 0  4
* f   1 0 0 0 0 0 0 1 0 0 0  4
* f   0 1 0 0 0 0 0 1 0 0 0  4
* f   0 0 0 0 0 1 0 1 0 0 0  4
* f   1 0 0 0 0 0 0 0 0 1 0  4
* f   0 1 0 0 0 0 0 0 0 1 0  4
* f   0 0 0 0 0 1 0 0 0 1 0  4
* f   1 0 0 1 0 0 0 0 0 0 0  5
* f   0 1 0 1 0 0 0 0 0 0 0  5
* f   0 0 0 1 0 1 0 0 0 0 0  5
* f   1 0 0 0 0 0 0 1 0 0 0  5
* f   0 1 0 0 0 0 0 1 0 0 0  5
* f   0 0 0 0 0 1 0 1 0 0 0  5
* f   1 0 0 0 0 0 0 0 0 1 0  5
* f   0 1 0 0 0 0 0 0 0 1 0  5
* f   0 0 0 0 0 1 0 0 0 1 0  5
* List[[1]]   0 0 StringTake[List[[2]], {1, 1}] StringTake[List[[2]], {2, 2}] 
 
>   StringTake[List[[2]], {3, 3}] 0 StringTake[List[[2]], {4, 4}] 
 
>   StringTake[List[[2]], {5, 5}] StringTake[List[[2]], {6, 6}] 
 
>   StringTake[List[[2]], {7, 7}] StringTake[List[[2]], {8, 8}]  3 + List[[3]]
* f   0 0 2 0 0 0 0 0 0 0 0  3
* f   0 0 1 1 0 0 0 0 0 0 0  3
* f   0 0 1 0 0 0 1 0 0 0 0  3
* f   0 0 1 0 0 0 0 1 0 0 0  3
* h   0 0 1 0 0 0 0 1 0 0 0  3
* f   0 0 0 1 0 0 0 0 0 1 0  3
* h   0 0 0 1 0 0 0 0 0 0 1  3
* f   0 0 0 0 0 0 2 0 0 0 0  3
* f   0 0 0 0 0 0 1 1 0 0 0  3
* f   0 0 0 0 0 0 0 1 0 1 0  3
* h   0 0 0 0 0 0 0 1 0 0 1  3
* f   0 0 0 0 0 0 0 0 0 2 0  3
* f   0 0 1 1 0 0 0 0 0 0 0  4
* f   0 0 1 0 0 0 0 1 0 0 0  4
* h   0 0 1 0 0 0 0 1 0 0 0  4
* f   0 0 0 2 0 0 0 0 0 0 0  4
* f   0 0 0 1 0 0 0 1 0 0 0  4
* f   0 0 0 1 0 0 0 0 0 1 0  4
* h   0 0 0 1 0 0 0 0 0 1 0  4
* f   0 0 0 0 0 0 1 1 0 0 0  4
* f   0 0 0 0 0 0 0 2 0 0 0  4
* f   0 0 0 0 0 0 0 1 0 1 0  4
* h   0 0 0 0 0 0 0 1 0 1 0  4
* f   0 0 0 0 0 0 0 0 0 2 0  4
* f   0 0 1 1 0 0 0 0 0 0 0  5
* f   0 0 1 0 0 0 0 1 0 0 0  5
* h   0 0 1 0 0 0 0 1 0 0 0  5
* f   0 0 0 2 0 0 0 0 0 0 0  5
* f   0 0 0 1 0 0 0 1 0 0 0  5
* f   0 0 0 1 0 0 0 0 0 1 0  5
* h   0 0 0 1 0 0 0 0 0 1 0  5
* f   0 0 0 0 0 0 1 1 0 0 0  5
* f   0 0 0 0 0 0 0 2 0 0 0  5
* f   0 0 0 0 0 0 0 1 0 1 0  5
* h   0 0 0 0 0 0 0 1 0 1 0  5
* f   0 0 0 0 0 0 0 0 0 2 0  5
* List[[1]]   2 0 StringTake[List[[2]], {1, 1}] StringTake[List[[2]], {2, 2}] 
 
>   StringTake[List[[2]], {3, 3}] 0 StringTake[List[[2]], {4, 4}] 
 
>   StringTake[List[[2]], {5, 5}] StringTake[List[[2]], {6, 6}] 
 
>   StringTake[List[[2]], {7, 7}] StringTake[List[[2]], {8, 8}]  6 + List[[3]]
* List[[1]]   0 2 StringTake[List[[2]], {1, 1}] StringTake[List[[2]], {2, 2}] 
 
>   StringTake[List[[2]], {3, 3}] 0 StringTake[List[[2]], {4, 4}] 
 
>   StringTake[List[[2]], {5, 5}] StringTake[List[[2]], {6, 6}] 
 
>   StringTake[List[[2]], {7, 7}] StringTake[List[[2]], {8, 8}]  6 + List[[3]]
* List[[1]]   0 0 StringTake[List[[2]], {1, 1}] StringTake[List[[2]], {2, 2}] 
 
>   StringTake[List[[2]], {3, 3}] 2 StringTake[List[[2]], {4, 4}] 
 
>   StringTake[List[[2]], {5, 5}] StringTake[List[[2]], {6, 6}] 
 
>   StringTake[List[[2]], {7, 7}] StringTake[List[[2]], {8, 8}]  6 + List[[3]]
* List[[1]]   1 1 StringTake[List[[2]], {1, 1}] StringTake[List[[2]], {2, 2}] 
 
>   StringTake[List[[2]], {3, 3}] 0 StringTake[List[[2]], {4, 4}] 
 
>   StringTake[List[[2]], {5, 5}] StringTake[List[[2]], {6, 6}] 
 
>   StringTake[List[[2]], {7, 7}] StringTake[List[[2]], {8, 8}]  6 + List[[3]]
* List[[1]]   1 0 StringTake[List[[2]], {1, 1}] StringTake[List[[2]], {2, 2}] 
 
>   StringTake[List[[2]], {3, 3}] 1 StringTake[List[[2]], {4, 4}] 
 
>   StringTake[List[[2]], {5, 5}] StringTake[List[[2]], {6, 6}] 
 
>   StringTake[List[[2]], {7, 7}] StringTake[List[[2]], {8, 8}]  6 + List[[3]]
* List[[1]]   0 1 StringTake[List[[2]], {1, 1}] StringTake[List[[2]], {2, 2}] 
 
>   StringTake[List[[2]], {3, 3}] 1 StringTake[List[[2]], {4, 4}] 
 
>   StringTake[List[[2]], {5, 5}] StringTake[List[[2]], {6, 6}] 
 
>   StringTake[List[[2]], {7, 7}] StringTake[List[[2]], {8, 8}]  6 + List[[3]]
* f   2 0 0 0 0 0 0 0 0 0 0  6
* f   0 2 0 0 0 0 0 0 0 0 0  6
* f   0 0 0 0 0 2 0 0 0 0 0  6
* f   1 1 0 0 0 0 0 0 0 0 0  6
* f   1 0 0 0 0 1 0 0 0 0 0  6
* f   0 1 0 0 0 1 0 0 0 0 0  6
* List[[1]]   1 0 StringTake[List[[2]], {1, 1}] StringTake[List[[2]], {2, 2}] 
 
>   StringTake[List[[2]], {3, 3}] 0 StringTake[List[[2]], {4, 4}] 
 
>   StringTake[List[[2]], {5, 5}] StringTake[List[[2]], {6, 6}] 
 
>   StringTake[List[[2]], {7, 7}] StringTake[List[[2]], {8, 8}]  6 + List[[3]]
* List[[1]]   0 1 StringTake[List[[2]], {1, 1}] StringTake[List[[2]], {2, 2}] 
 
>   StringTake[List[[2]], {3, 3}] 0 StringTake[List[[2]], {4, 4}] 
 
>   StringTake[List[[2]], {5, 5}] StringTake[List[[2]], {6, 6}] 
 
>   StringTake[List[[2]], {7, 7}] StringTake[List[[2]], {8, 8}]  6 + List[[3]]
* List[[1]]   0 0 StringTake[List[[2]], {1, 1}] StringTake[List[[2]], {2, 2}] 
 
>   StringTake[List[[2]], {3, 3}] 1 StringTake[List[[2]], {4, 4}] 
 
>   StringTake[List[[2]], {5, 5}] StringTake[List[[2]], {6, 6}] 
 
>   StringTake[List[[2]], {7, 7}] StringTake[List[[2]], {8, 8}]  6 + List[[3]]
* f   1 0 1 0 0 0 0 0 0 0 0  6
* f   0 1 1 0 0 0 0 0 0 0 0  6
* f   0 0 1 0 0 1 0 0 0 0 0  6
* f   1 0 0 0 0 0 1 0 0 0 0  6
* f   0 1 0 0 0 0 1 0 0 0 0  6
* f   0 0 0 0 0 1 1 0 0 0 0  6
* f   1 0 0 1 0 0 0 0 0 0 0  7
* f   0 1 0 1 0 0 0 0 0 0 0  7
* f   0 0 0 1 0 1 0 0 0 0 0  7
* f   1 0 0 0 0 0 0 1 0 0 0  7
* f   0 1 0 0 0 0 0 1 0 0 0  7
* f   0 0 0 0 0 1 0 1 0 0 0  7
* f   1 0 0 0 0 0 0 0 0 1 0  7
* f   0 1 0 0 0 0 0 0 0 1 0  7
* f   0 0 0 0 0 1 0 0 0 1 0  7
* f   1 0 0 1 0 0 0 0 0 0 0  8
* f   0 1 0 1 0 0 0 0 0 0 0  8
* f   0 0 0 1 0 1 0 0 0 0 0  8
* f   1 0 0 0 0 0 0 1 0 0 0  8
* f   0 1 0 0 0 0 0 1 0 0 0  8
* f   0 0 0 0 0 1 0 1 0 0 0  8
* f   1 0 0 0 0 0 0 0 0 1 0  8
* f   0 1 0 0 0 0 0 0 0 1 0  8
* f   0 0 0 0 0 1 0 0 0 1 0  8
* List[[1]]   0 0 StringTake[List[[2]], {1, 1}] StringTake[List[[2]], {2, 2}] 
 
>   StringTake[List[[2]], {3, 3}] 0 StringTake[List[[2]], {4, 4}] 
 
>   StringTake[List[[2]], {5, 5}] StringTake[List[[2]], {6, 6}] 
 
>   StringTake[List[[2]], {7, 7}] StringTake[List[[2]], {8, 8}]  6 + List[[3]]
* f   0 0 2 0 0 0 0 0 0 0 0  6
* f   0 0 1 1 0 0 0 0 0 0 0  6
* f   0 0 1 0 0 0 1 0 0 0 0  6
* f   0 0 1 0 0 0 0 1 0 0 0  6
* h   0 0 1 0 0 0 0 1 0 0 0  6
* f   0 0 0 1 0 0 0 0 0 1 0  6
* h   0 0 0 1 0 0 0 0 0 0 1  6
* f   0 0 0 0 0 0 2 0 0 0 0  6
* f   0 0 0 0 0 0 1 1 0 0 0  6
* f   0 0 0 0 0 0 0 1 0 1 0  6
* h   0 0 0 0 0 0 0 1 0 0 1  6
* f   0 0 0 0 0 0 0 0 0 2 0  6
* f   0 0 1 1 0 0 0 0 0 0 0  7
* f   0 0 1 0 0 0 0 1 0 0 0  7
* h   0 0 1 0 0 0 0 1 0 0 0  7
* f   0 0 0 2 0 0 0 0 0 0 0  7
* f   0 0 0 1 0 0 0 1 0 0 0  7
* f   0 0 0 1 0 0 0 0 0 1 0  7
* h   0 0 0 1 0 0 0 0 0 1 0  7
* f   0 0 0 0 0 0 1 1 0 0 0  7
* f   0 0 0 0 0 0 0 2 0 0 0  7
* f   0 0 0 0 0 0 0 1 0 1 0  7
* h   0 0 0 0 0 0 0 1 0 1 0  7
* f   0 0 0 0 0 0 0 0 0 2 0  7
* f   0 0 1 1 0 0 0 0 0 0 0  8
* f   0 0 1 0 0 0 0 1 0 0 0  8
* h   0 0 1 0 0 0 0 1 0 0 0  8
* f   0 0 0 2 0 0 0 0 0 0 0  8
* f   0 0 0 1 0 0 0 1 0 0 0  8
* f   0 0 0 1 0 0 0 0 0 1 0  8
* h   0 0 0 1 0 0 0 0 0 1 0  8
* f   0 0 0 0 0 0 1 1 0 0 0  8
* f   0 0 0 0 0 0 0 2 0 0 0  8
* f   0 0 0 0 0 0 0 1 0 1 0  8
* h   0 0 0 0 0 0 0 1 0 1 0  8
* f   0 0 0 0 0 0 0 0 0 2 0  8
* List[[1]]   2 0 StringTake[List[[2]], {1, 1}] StringTake[List[[2]], {2, 2}] 
 
>   StringTake[List[[2]], {3, 3}] 0 StringTake[List[[2]], {4, 4}] 
 
>   StringTake[List[[2]], {5, 5}] StringTake[List[[2]], {6, 6}] 
 
>   StringTake[List[[2]], {7, 7}] StringTake[List[[2]], {8, 8}]  9 + List[[3]]
* List[[1]]   0 2 StringTake[List[[2]], {1, 1}] StringTake[List[[2]], {2, 2}] 
 
>   StringTake[List[[2]], {3, 3}] 0 StringTake[List[[2]], {4, 4}] 
 
>   StringTake[List[[2]], {5, 5}] StringTake[List[[2]], {6, 6}] 
 
>   StringTake[List[[2]], {7, 7}] StringTake[List[[2]], {8, 8}]  9 + List[[3]]
* List[[1]]   0 0 StringTake[List[[2]], {1, 1}] StringTake[List[[2]], {2, 2}] 
 
>   StringTake[List[[2]], {3, 3}] 2 StringTake[List[[2]], {4, 4}] 
 
>   StringTake[List[[2]], {5, 5}] StringTake[List[[2]], {6, 6}] 
 
>   StringTake[List[[2]], {7, 7}] StringTake[List[[2]], {8, 8}]  9 + List[[3]]
* List[[1]]   1 1 StringTake[List[[2]], {1, 1}] StringTake[List[[2]], {2, 2}] 
 
>   StringTake[List[[2]], {3, 3}] 0 StringTake[List[[2]], {4, 4}] 
 
>   StringTake[List[[2]], {5, 5}] StringTake[List[[2]], {6, 6}] 
 
>   StringTake[List[[2]], {7, 7}] StringTake[List[[2]], {8, 8}]  9 + List[[3]]
* List[[1]]   1 0 StringTake[List[[2]], {1, 1}] StringTake[List[[2]], {2, 2}] 
 
>   StringTake[List[[2]], {3, 3}] 1 StringTake[List[[2]], {4, 4}] 
 
>   StringTake[List[[2]], {5, 5}] StringTake[List[[2]], {6, 6}] 
 
>   StringTake[List[[2]], {7, 7}] StringTake[List[[2]], {8, 8}]  9 + List[[3]]
* List[[1]]   0 1 StringTake[List[[2]], {1, 1}] StringTake[List[[2]], {2, 2}] 
 
>   StringTake[List[[2]], {3, 3}] 1 StringTake[List[[2]], {4, 4}] 
 
>   StringTake[List[[2]], {5, 5}] StringTake[List[[2]], {6, 6}] 
 
>   StringTake[List[[2]], {7, 7}] StringTake[List[[2]], {8, 8}]  9 + List[[3]]
* f   2 0 0 0 0 0 0 0 0 0 0  9
* f   0 2 0 0 0 0 0 0 0 0 0  9
* f   0 0 0 0 0 2 0 0 0 0 0  9
* f   1 1 0 0 0 0 0 0 0 0 0  9
* f   1 0 0 0 0 1 0 0 0 0 0  9
* f   0 1 0 0 0 1 0 0 0 0 0  9
* List[[1]]   1 0 StringTake[List[[2]], {1, 1}] StringTake[List[[2]], {2, 2}] 
 
>   StringTake[List[[2]], {3, 3}] 0 StringTake[List[[2]], {4, 4}] 
 
>   StringTake[List[[2]], {5, 5}] StringTake[List[[2]], {6, 6}] 
 
>   StringTake[List[[2]], {7, 7}] StringTake[List[[2]], {8, 8}]  9 + List[[3]]
* List[[1]]   0 1 StringTake[List[[2]], {1, 1}] StringTake[List[[2]], {2, 2}] 
 
>   StringTake[List[[2]], {3, 3}] 0 StringTake[List[[2]], {4, 4}] 
 
>   StringTake[List[[2]], {5, 5}] StringTake[List[[2]], {6, 6}] 
 
>   StringTake[List[[2]], {7, 7}] StringTake[List[[2]], {8, 8}]  9 + List[[3]]
* List[[1]]   0 0 StringTake[List[[2]], {1, 1}] StringTake[List[[2]], {2, 2}] 
 
>   StringTake[List[[2]], {3, 3}] 1 StringTake[List[[2]], {4, 4}] 
 
>   StringTake[List[[2]], {5, 5}] StringTake[List[[2]], {6, 6}] 
 
>   StringTake[List[[2]], {7, 7}] StringTake[List[[2]], {8, 8}]  9 + List[[3]]
* f   1 0 1 0 0 0 0 0 0 0 0  9
* f   0 1 1 0 0 0 0 0 0 0 0  9
* f   0 0 1 0 0 1 0 0 0 0 0  9
* f   1 0 0 0 0 0 1 0 0 0 0  9
* f   0 1 0 0 0 0 1 0 0 0 0  9
* f   0 0 0 0 0 1 1 0 0 0 0  9
* f   1 0 0 1 0 0 0 0 0 0 0  10
* f   0 1 0 1 0 0 0 0 0 0 0  10
* f   0 0 0 1 0 1 0 0 0 0 0  10
* f   1 0 0 0 0 0 0 1 0 0 0  10
* f   0 1 0 0 0 0 0 1 0 0 0  10
* f   0 0 0 0 0 1 0 1 0 0 0  10
* f   1 0 0 0 0 0 0 0 0 1 0  10
* f   0 1 0 0 0 0 0 0 0 1 0  10
* f   0 0 0 0 0 1 0 0 0 1 0  10
* f   1 0 0 1 0 0 0 0 0 0 0  11
* f   0 1 0 1 0 0 0 0 0 0 0  11
* f   0 0 0 1 0 1 0 0 0 0 0  11
* f   1 0 0 0 0 0 0 1 0 0 0  11
* f   0 1 0 0 0 0 0 1 0 0 0  11
* f   0 0 0 0 0 1 0 1 0 0 0  11
* f   1 0 0 0 0 0 0 0 0 1 0  11
* f   0 1 0 0 0 0 0 0 0 1 0  11
* f   0 0 0 0 0 1 0 0 0 1 0  11
* List[[1]]   0 0 StringTake[List[[2]], {1, 1}] StringTake[List[[2]], {2, 2}] 
 
>   StringTake[List[[2]], {3, 3}] 0 StringTake[List[[2]], {4, 4}] 
 
>   StringTake[List[[2]], {5, 5}] StringTake[List[[2]], {6, 6}] 
 
>   StringTake[List[[2]], {7, 7}] StringTake[List[[2]], {8, 8}]  9 + List[[3]]
* f   0 0 2 0 0 0 0 0 0 0 0  9
* f   0 0 1 1 0 0 0 0 0 0 0  9
* f   0 0 1 0 0 0 1 0 0 0 0  9
* f   0 0 1 0 0 0 0 1 0 0 0  9
* h   0 0 1 0 0 0 0 1 0 0 0  9
* f   0 0 0 1 0 0 0 0 0 1 0  9
* h   0 0 0 1 0 0 0 0 0 0 1  9
* f   0 0 0 0 0 0 2 0 0 0 0  9
* f   0 0 0 0 0 0 1 1 0 0 0  9
* f   0 0 0 0 0 0 0 1 0 1 0  9
* h   0 0 0 0 0 0 0 1 0 0 1  9
* f   0 0 0 0 0 0 0 0 0 2 0  9
* f   0 0 1 1 0 0 0 0 0 0 0  10
* f   0 0 1 0 0 0 0 1 0 0 0  10
* h   0 0 1 0 0 0 0 1 0 0 0  10
* f   0 0 0 2 0 0 0 0 0 0 0  10
* f   0 0 0 1 0 0 0 1 0 0 0  10
* f   0 0 0 1 0 0 0 0 0 1 0  10
* h   0 0 0 1 0 0 0 0 0 1 0  10
* f   0 0 0 0 0 0 1 1 0 0 0  10
* f   0 0 0 0 0 0 0 2 0 0 0  10
* f   0 0 0 0 0 0 0 1 0 1 0  10
* h   0 0 0 0 0 0 0 1 0 1 0  10
* f   0 0 0 0 0 0 0 0 0 2 0  10
* f   0 0 1 1 0 0 0 0 0 0 0  11
* f   0 0 1 0 0 0 0 1 0 0 0  11
* h   0 0 1 0 0 0 0 1 0 0 0  11
* f   0 0 0 2 0 0 0 0 0 0 0  11
* f   0 0 0 1 0 0 0 1 0 0 0  11
* f   0 0 0 1 0 0 0 0 0 1 0  11
* h   0 0 0 1 0 0 0 0 0 1 0  11
* f   0 0 0 0 0 0 1 1 0 0 0  11
* f   0 0 0 0 0 0 0 2 0 0 0  11
* f   0 0 0 0 0 0 0 1 0 1 0  11
* h   0 0 0 0 0 0 0 1 0 1 0  11
* f   0 0 0 0 0 0 0 0 0 2 0  11
* List[[1]]   2 0 StringTake[List[[2]], {1, 1}] StringTake[List[[2]], {2, 2}] 
 
>   StringTake[List[[2]], {3, 3}] 0 StringTake[List[[2]], {4, 4}] 
 
>   StringTake[List[[2]], {5, 5}] StringTake[List[[2]], {6, 6}] 
 
>   StringTake[List[[2]], {7, 7}] StringTake[List[[2]], {8, 8}]  
 
>   12 + List[[3]]
* List[[1]]   0 2 StringTake[List[[2]], {1, 1}] StringTake[List[[2]], {2, 2}] 
 
>   StringTake[List[[2]], {3, 3}] 0 StringTake[List[[2]], {4, 4}] 
 
>   StringTake[List[[2]], {5, 5}] StringTake[List[[2]], {6, 6}] 
 
>   StringTake[List[[2]], {7, 7}] StringTake[List[[2]], {8, 8}]  
 
>   12 + List[[3]]
* List[[1]]   0 0 StringTake[List[[2]], {1, 1}] StringTake[List[[2]], {2, 2}] 
 
>   StringTake[List[[2]], {3, 3}] 2 StringTake[List[[2]], {4, 4}] 
 
>   StringTake[List[[2]], {5, 5}] StringTake[List[[2]], {6, 6}] 
 
>   StringTake[List[[2]], {7, 7}] StringTake[List[[2]], {8, 8}]  
 
>   12 + List[[3]]
* List[[1]]   1 1 StringTake[List[[2]], {1, 1}] StringTake[List[[2]], {2, 2}] 
 
>   StringTake[List[[2]], {3, 3}] 0 StringTake[List[[2]], {4, 4}] 
 
>   StringTake[List[[2]], {5, 5}] StringTake[List[[2]], {6, 6}] 
 
>   StringTake[List[[2]], {7, 7}] StringTake[List[[2]], {8, 8}]  
 
>   12 + List[[3]]
* List[[1]]   1 0 StringTake[List[[2]], {1, 1}] StringTake[List[[2]], {2, 2}] 
 
>   StringTake[List[[2]], {3, 3}] 1 StringTake[List[[2]], {4, 4}] 
 
>   StringTake[List[[2]], {5, 5}] StringTake[List[[2]], {6, 6}] 
 
>   StringTake[List[[2]], {7, 7}] StringTake[List[[2]], {8, 8}]  
 
>   12 + List[[3]]
* List[[1]]   0 1 StringTake[List[[2]], {1, 1}] StringTake[List[[2]], {2, 2}] 
 
>   StringTake[List[[2]], {3, 3}] 1 StringTake[List[[2]], {4, 4}] 
 
>   StringTake[List[[2]], {5, 5}] StringTake[List[[2]], {6, 6}] 
 
>   StringTake[List[[2]], {7, 7}] StringTake[List[[2]], {8, 8}]  
 
>   12 + List[[3]]
* f   2 0 0 0 0 0 0 0 0 0 0  12
* f   0 2 0 0 0 0 0 0 0 0 0  12
* f   0 0 0 0 0 2 0 0 0 0 0  12
* f   1 1 0 0 0 0 0 0 0 0 0  12
* f   1 0 0 0 0 1 0 0 0 0 0  12
* f   0 1 0 0 0 1 0 0 0 0 0  12
* List[[1]]   1 0 StringTake[List[[2]], {1, 1}] StringTake[List[[2]], {2, 2}] 
 
>   StringTake[List[[2]], {3, 3}] 0 StringTake[List[[2]], {4, 4}] 
 
>   StringTake[List[[2]], {5, 5}] StringTake[List[[2]], {6, 6}] 
 
>   StringTake[List[[2]], {7, 7}] StringTake[List[[2]], {8, 8}]  
 
>   12 + List[[3]]
* List[[1]]   0 1 StringTake[List[[2]], {1, 1}] StringTake[List[[2]], {2, 2}] 
 
>   StringTake[List[[2]], {3, 3}] 0 StringTake[List[[2]], {4, 4}] 
 
>   StringTake[List[[2]], {5, 5}] StringTake[List[[2]], {6, 6}] 
 
>   StringTake[List[[2]], {7, 7}] StringTake[List[[2]], {8, 8}]  
 
>   12 + List[[3]]
* List[[1]]   0 0 StringTake[List[[2]], {1, 1}] StringTake[List[[2]], {2, 2}] 
 
>   StringTake[List[[2]], {3, 3}] 1 StringTake[List[[2]], {4, 4}] 
 
>   StringTake[List[[2]], {5, 5}] StringTake[List[[2]], {6, 6}] 
 
>   StringTake[List[[2]], {7, 7}] StringTake[List[[2]], {8, 8}]  
 
>   12 + List[[3]]
* f   1 0 1 0 0 0 0 0 0 0 0  12
* f   0 1 1 0 0 0 0 0 0 0 0  12
* f   0 0 1 0 0 1 0 0 0 0 0  12
* f   1 0 0 0 0 0 1 0 0 0 0  12
* f   0 1 0 0 0 0 1 0 0 0 0  12
* f   0 0 0 0 0 1 1 0 0 0 0  12
* f   1 0 0 1 0 0 0 0 0 0 0  13
* f   0 1 0 1 0 0 0 0 0 0 0  13
* f   0 0 0 1 0 1 0 0 0 0 0  13
* f   1 0 0 0 0 0 0 1 0 0 0  13
* f   0 1 0 0 0 0 0 1 0 0 0  13
* f   0 0 0 0 0 1 0 1 0 0 0  13
* f   1 0 0 0 0 0 0 0 0 1 0  13
* f   0 1 0 0 0 0 0 0 0 1 0  13
* f   0 0 0 0 0 1 0 0 0 1 0  13
* f   1 0 0 1 0 0 0 0 0 0 0  14
* f   0 1 0 1 0 0 0 0 0 0 0  14
* f   0 0 0 1 0 1 0 0 0 0 0  14
* f   1 0 0 0 0 0 0 1 0 0 0  14
* f   0 1 0 0 0 0 0 1 0 0 0  14
* f   0 0 0 0 0 1 0 1 0 0 0  14
* f   1 0 0 0 0 0 0 0 0 1 0  14
* f   0 1 0 0 0 0 0 0 0 1 0  14
* f   0 0 0 0 0 1 0 0 0 1 0  14
* List[[1]]   0 0 StringTake[List[[2]], {1, 1}] StringTake[List[[2]], {2, 2}] 
 
>   StringTake[List[[2]], {3, 3}] 0 StringTake[List[[2]], {4, 4}] 
 
>   StringTake[List[[2]], {5, 5}] StringTake[List[[2]], {6, 6}] 
 
>   StringTake[List[[2]], {7, 7}] StringTake[List[[2]], {8, 8}]  
 
>   12 + List[[3]]
* f   0 0 2 0 0 0 0 0 0 0 0  12
* f   0 0 1 1 0 0 0 0 0 0 0  12
* f   0 0 1 0 0 0 1 0 0 0 0  12
* f   0 0 1 0 0 0 0 1 0 0 0  12
* h   0 0 1 0 0 0 0 1 0 0 0  12
* f   0 0 0 1 0 0 0 0 0 1 0  12
* h   0 0 0 1 0 0 0 0 0 0 1  12
* f   0 0 0 0 0 0 2 0 0 0 0  12
* f   0 0 0 0 0 0 1 1 0 0 0  12
* f   0 0 0 0 0 0 0 1 0 1 0  12
* h   0 0 0 0 0 0 0 1 0 0 1  12
* f   0 0 0 0 0 0 0 0 0 2 0  12
* f   0 0 1 1 0 0 0 0 0 0 0  13
* f   0 0 1 0 0 0 0 1 0 0 0  13
* h   0 0 1 0 0 0 0 1 0 0 0  13
* f   0 0 0 2 0 0 0 0 0 0 0  13
* f   0 0 0 1 0 0 0 1 0 0 0  13
* f   0 0 0 1 0 0 0 0 0 1 0  13
* h   0 0 0 1 0 0 0 0 0 1 0  13
* f   0 0 0 0 0 0 1 1 0 0 0  13
* f   0 0 0 0 0 0 0 2 0 0 0  13
* f   0 0 0 0 0 0 0 1 0 1 0  13
* h   0 0 0 0 0 0 0 1 0 1 0  13
* f   0 0 0 0 0 0 0 0 0 2 0  13
* f   0 0 1 1 0 0 0 0 0 0 0  14
* f   0 0 1 0 0 0 0 1 0 0 0  14
* h   0 0 1 0 0 0 0 1 0 0 0  14
* f   0 0 0 2 0 0 0 0 0 0 0  14
* f   0 0 0 1 0 0 0 1 0 0 0  14
* f   0 0 0 1 0 0 0 0 0 1 0  14
* h   0 0 0 1 0 0 0 0 0 1 0  14
* f   0 0 0 0 0 0 1 1 0 0 0  14
* f   0 0 0 0 0 0 0 2 0 0 0  14
* f   0 0 0 0 0 0 0 1 0 1 0  14
* h   0 0 0 0 0 0 0 1 0 1 0  14
* f   0 0 0 0 0 0 0 0 0 2 0  14
* List[[1]]   2 0 StringTake[List[[2]], {1, 1}] StringTake[List[[2]], {2, 2}] 
 
>   StringTake[List[[2]], {3, 3}] 0 StringTake[List[[2]], {4, 4}] 
 
>   StringTake[List[[2]], {5, 5}] StringTake[List[[2]], {6, 6}] 
 
>   StringTake[List[[2]], {7, 7}] StringTake[List[[2]], {8, 8}]  
 
>   15 + List[[3]]
* List[[1]]   0 2 StringTake[List[[2]], {1, 1}] StringTake[List[[2]], {2, 2}] 
 
>   StringTake[List[[2]], {3, 3}] 0 StringTake[List[[2]], {4, 4}] 
 
>   StringTake[List[[2]], {5, 5}] StringTake[List[[2]], {6, 6}] 
 
>   StringTake[List[[2]], {7, 7}] StringTake[List[[2]], {8, 8}]  
 
>   15 + List[[3]]
* List[[1]]   0 0 StringTake[List[[2]], {1, 1}] StringTake[List[[2]], {2, 2}] 
 
>   StringTake[List[[2]], {3, 3}] 2 StringTake[List[[2]], {4, 4}] 
 
>   StringTake[List[[2]], {5, 5}] StringTake[List[[2]], {6, 6}] 
 
>   StringTake[List[[2]], {7, 7}] StringTake[List[[2]], {8, 8}]  
 
>   15 + List[[3]]
* List[[1]]   1 1 StringTake[List[[2]], {1, 1}] StringTake[List[[2]], {2, 2}] 
 
>   StringTake[List[[2]], {3, 3}] 0 StringTake[List[[2]], {4, 4}] 
 
>   StringTake[List[[2]], {5, 5}] StringTake[List[[2]], {6, 6}] 
 
>   StringTake[List[[2]], {7, 7}] StringTake[List[[2]], {8, 8}]  
 
>   15 + List[[3]]
* List[[1]]   1 0 StringTake[List[[2]], {1, 1}] StringTake[List[[2]], {2, 2}] 
 
>   StringTake[List[[2]], {3, 3}] 1 StringTake[List[[2]], {4, 4}] 
 
>   StringTake[List[[2]], {5, 5}] StringTake[List[[2]], {6, 6}] 
 
>   StringTake[List[[2]], {7, 7}] StringTake[List[[2]], {8, 8}]  
 
>   15 + List[[3]]
* List[[1]]   0 1 StringTake[List[[2]], {1, 1}] StringTake[List[[2]], {2, 2}] 
 
>   StringTake[List[[2]], {3, 3}] 1 StringTake[List[[2]], {4, 4}] 
 
>   StringTake[List[[2]], {5, 5}] StringTake[List[[2]], {6, 6}] 
 
>   StringTake[List[[2]], {7, 7}] StringTake[List[[2]], {8, 8}]  
 
>   15 + List[[3]]
* f   2 0 0 0 0 0 0 0 0 0 0  15
* f   0 2 0 0 0 0 0 0 0 0 0  15
* f   0 0 0 0 0 2 0 0 0 0 0  15
* f   1 1 0 0 0 0 0 0 0 0 0  15
* f   1 0 0 0 0 1 0 0 0 0 0  15
* f   0 1 0 0 0 1 0 0 0 0 0  15
* List[[1]]   1 0 StringTake[List[[2]], {1, 1}] StringTake[List[[2]], {2, 2}] 
 
>   StringTake[List[[2]], {3, 3}] 0 StringTake[List[[2]], {4, 4}] 
 
>   StringTake[List[[2]], {5, 5}] StringTake[List[[2]], {6, 6}] 
 
>   StringTake[List[[2]], {7, 7}] StringTake[List[[2]], {8, 8}]  
 
>   15 + List[[3]]
* List[[1]]   0 1 StringTake[List[[2]], {1, 1}] StringTake[List[[2]], {2, 2}] 
 
>   StringTake[List[[2]], {3, 3}] 0 StringTake[List[[2]], {4, 4}] 
 
>   StringTake[List[[2]], {5, 5}] StringTake[List[[2]], {6, 6}] 
 
>   StringTake[List[[2]], {7, 7}] StringTake[List[[2]], {8, 8}]  
 
>   15 + List[[3]]
* List[[1]]   0 0 StringTake[List[[2]], {1, 1}] StringTake[List[[2]], {2, 2}] 
 
>   StringTake[List[[2]], {3, 3}] 1 StringTake[List[[2]], {4, 4}] 
 
>   StringTake[List[[2]], {5, 5}] StringTake[List[[2]], {6, 6}] 
 
>   StringTake[List[[2]], {7, 7}] StringTake[List[[2]], {8, 8}]  
 
>   15 + List[[3]]
* f   1 0 1 0 0 0 0 0 0 0 0  15
* f   0 1 1 0 0 0 0 0 0 0 0  15
* f   0 0 1 0 0 1 0 0 0 0 0  15
* f   1 0 0 0 0 0 1 0 0 0 0  15
* f   0 1 0 0 0 0 1 0 0 0 0  15
* f   0 0 0 0 0 1 1 0 0 0 0  15
* f   1 0 0 1 0 0 0 0 0 0 0  16
* f   0 1 0 1 0 0 0 0 0 0 0  16
* f   0 0 0 1 0 1 0 0 0 0 0  16
* f   1 0 0 0 0 0 0 1 0 0 0  16
* f   0 1 0 0 0 0 0 1 0 0 0  16
* f   0 0 0 0 0 1 0 1 0 0 0  16
* f   1 0 0 0 0 0 0 0 0 1 0  16
* f   0 1 0 0 0 0 0 0 0 1 0  16
* f   0 0 0 0 0 1 0 0 0 1 0  16
* f   1 0 0 1 0 0 0 0 0 0 0  17
* f   0 1 0 1 0 0 0 0 0 0 0  17
* f   0 0 0 1 0 1 0 0 0 0 0  17
* f   1 0 0 0 0 0 0 1 0 0 0  17
* f   0 1 0 0 0 0 0 1 0 0 0  17
* f   0 0 0 0 0 1 0 1 0 0 0  17
* f   1 0 0 0 0 0 0 0 0 1 0  17
* f   0 1 0 0 0 0 0 0 0 1 0  17
* f   0 0 0 0 0 1 0 0 0 1 0  17
* List[[1]]   0 0 StringTake[List[[2]], {1, 1}] StringTake[List[[2]], {2, 2}] 
 
>   StringTake[List[[2]], {3, 3}] 0 StringTake[List[[2]], {4, 4}] 
 
>   StringTake[List[[2]], {5, 5}] StringTake[List[[2]], {6, 6}] 
 
>   StringTake[List[[2]], {7, 7}] StringTake[List[[2]], {8, 8}]  
 
>   15 + List[[3]]
* f   0 0 2 0 0 0 0 0 0 0 0  15
* f   0 0 1 1 0 0 0 0 0 0 0  15
* f   0 0 1 0 0 0 1 0 0 0 0  15
* f   0 0 1 0 0 0 0 1 0 0 0  15
* h   0 0 1 0 0 0 0 1 0 0 0  15
* f   0 0 0 1 0 0 0 0 0 1 0  15
* h   0 0 0 1 0 0 0 0 0 0 1  15
* f   0 0 0 0 0 0 2 0 0 0 0  15
* f   0 0 0 0 0 0 1 1 0 0 0  15
* f   0 0 0 0 0 0 0 1 0 1 0  15
* h   0 0 0 0 0 0 0 1 0 0 1  15
* f   0 0 0 0 0 0 0 0 0 2 0  15
* f   0 0 1 1 0 0 0 0 0 0 0  16
* f   0 0 1 0 0 0 0 1 0 0 0  16
* h   0 0 1 0 0 0 0 1 0 0 0  16
* f   0 0 0 2 0 0 0 0 0 0 0  16
* f   0 0 0 1 0 0 0 1 0 0 0  16
* f   0 0 0 1 0 0 0 0 0 1 0  16
* h   0 0 0 1 0 0 0 0 0 1 0  16
* f   0 0 0 0 0 0 1 1 0 0 0  16
* f   0 0 0 0 0 0 0 2 0 0 0  16
* f   0 0 0 0 0 0 0 1 0 1 0  16
* h   0 0 0 0 0 0 0 1 0 1 0  16
* f   0 0 0 0 0 0 0 0 0 2 0  16
* f   0 0 1 1 0 0 0 0 0 0 0  17
* f   0 0 1 0 0 0 0 1 0 0 0  17
* h   0 0 1 0 0 0 0 1 0 0 0  17
* f   0 0 0 2 0 0 0 0 0 0 0  17
* f   0 0 0 1 0 0 0 1 0 0 0  17
* f   0 0 0 1 0 0 0 0 0 1 0  17
* h   0 0 0 1 0 0 0 0 0 1 0  17
* f   0 0 0 0 0 0 1 1 0 0 0  17
* f   0 0 0 0 0 0 0 2 0 0 0  17
* f   0 0 0 0 0 0 0 1 0 1 0  17
* h   0 0 0 0 0 0 0 1 0 1 0  17
* f   0 0 0 0 0 0 0 0 0 2 0  17
* List[[1]]   2 0 StringTake[List[[2]], {1, 1}] StringTake[List[[2]], {2, 2}] 
 
>   StringTake[List[[2]], {3, 3}] 0 StringTake[List[[2]], {4, 4}] 
 
>   StringTake[List[[2]], {5, 5}] StringTake[List[[2]], {6, 6}] 
 
>   StringTake[List[[2]], {7, 7}] StringTake[List[[2]], {8, 8}]  
 
>   18 + List[[3]]
* List[[1]]   0 2 StringTake[List[[2]], {1, 1}] StringTake[List[[2]], {2, 2}] 
 
>   StringTake[List[[2]], {3, 3}] 0 StringTake[List[[2]], {4, 4}] 
 
>   StringTake[List[[2]], {5, 5}] StringTake[List[[2]], {6, 6}] 
 
>   StringTake[List[[2]], {7, 7}] StringTake[List[[2]], {8, 8}]  
 
>   18 + List[[3]]
* List[[1]]   0 0 StringTake[List[[2]], {1, 1}] StringTake[List[[2]], {2, 2}] 
 
>   StringTake[List[[2]], {3, 3}] 2 StringTake[List[[2]], {4, 4}] 
 
>   StringTake[List[[2]], {5, 5}] StringTake[List[[2]], {6, 6}] 
 
>   StringTake[List[[2]], {7, 7}] StringTake[List[[2]], {8, 8}]  
 
>   18 + List[[3]]
* List[[1]]   1 1 StringTake[List[[2]], {1, 1}] StringTake[List[[2]], {2, 2}] 
 
>   StringTake[List[[2]], {3, 3}] 0 StringTake[List[[2]], {4, 4}] 
 
>   StringTake[List[[2]], {5, 5}] StringTake[List[[2]], {6, 6}] 
 
>   StringTake[List[[2]], {7, 7}] StringTake[List[[2]], {8, 8}]  
 
>   18 + List[[3]]
* List[[1]]   1 0 StringTake[List[[2]], {1, 1}] StringTake[List[[2]], {2, 2}] 
 
>   StringTake[List[[2]], {3, 3}] 1 StringTake[List[[2]], {4, 4}] 
 
>   StringTake[List[[2]], {5, 5}] StringTake[List[[2]], {6, 6}] 
 
>   StringTake[List[[2]], {7, 7}] StringTake[List[[2]], {8, 8}]  
 
>   18 + List[[3]]
* List[[1]]   0 1 StringTake[List[[2]], {1, 1}] StringTake[List[[2]], {2, 2}] 
 
>   StringTake[List[[2]], {3, 3}] 1 StringTake[List[[2]], {4, 4}] 
 
>   StringTake[List[[2]], {5, 5}] StringTake[List[[2]], {6, 6}] 
 
>   StringTake[List[[2]], {7, 7}] StringTake[List[[2]], {8, 8}]  
 
>   18 + List[[3]]
* f   2 0 0 0 0 0 0 0 0 0 0  18
* f   0 2 0 0 0 0 0 0 0 0 0  18
* f   0 0 0 0 0 2 0 0 0 0 0  18
* f   1 1 0 0 0 0 0 0 0 0 0  18
* f   1 0 0 0 0 1 0 0 0 0 0  18
* f   0 1 0 0 0 1 0 0 0 0 0  18
* List[[1]]   1 0 StringTake[List[[2]], {1, 1}] StringTake[List[[2]], {2, 2}] 
 
>   StringTake[List[[2]], {3, 3}] 0 StringTake[List[[2]], {4, 4}] 
 
>   StringTake[List[[2]], {5, 5}] StringTake[List[[2]], {6, 6}] 
 
>   StringTake[List[[2]], {7, 7}] StringTake[List[[2]], {8, 8}]  
 
>   18 + List[[3]]
* List[[1]]   0 1 StringTake[List[[2]], {1, 1}] StringTake[List[[2]], {2, 2}] 
 
>   StringTake[List[[2]], {3, 3}] 0 StringTake[List[[2]], {4, 4}] 
 
>   StringTake[List[[2]], {5, 5}] StringTake[List[[2]], {6, 6}] 
 
>   StringTake[List[[2]], {7, 7}] StringTake[List[[2]], {8, 8}]  
 
>   18 + List[[3]]
* List[[1]]   0 0 StringTake[List[[2]], {1, 1}] StringTake[List[[2]], {2, 2}] 
 
>   StringTake[List[[2]], {3, 3}] 1 StringTake[List[[2]], {4, 4}] 
 
>   StringTake[List[[2]], {5, 5}] StringTake[List[[2]], {6, 6}] 
 
>   StringTake[List[[2]], {7, 7}] StringTake[List[[2]], {8, 8}]  
 
>   18 + List[[3]]
* f   1 0 1 0 0 0 0 0 0 0 0  18
* f   0 1 1 0 0 0 0 0 0 0 0  18
* f   0 0 1 0 0 1 0 0 0 0 0  18
* f   1 0 0 0 0 0 1 0 0 0 0  18
* f   0 1 0 0 0 0 1 0 0 0 0  18
* f   0 0 0 0 0 1 1 0 0 0 0  18
* f   1 0 0 1 0 0 0 0 0 0 0  19
* f   0 1 0 1 0 0 0 0 0 0 0  19
* f   0 0 0 1 0 1 0 0 0 0 0  19
* f   1 0 0 0 0 0 0 1 0 0 0  19
* f   0 1 0 0 0 0 0 1 0 0 0  19
* f   0 0 0 0 0 1 0 1 0 0 0  19
* f   1 0 0 0 0 0 0 0 0 1 0  19
* f   0 1 0 0 0 0 0 0 0 1 0  19
* f   0 0 0 0 0 1 0 0 0 1 0  19
* f   1 0 0 1 0 0 0 0 0 0 0  20
* f   0 1 0 1 0 0 0 0 0 0 0  20
* f   0 0 0 1 0 1 0 0 0 0 0  20
* f   1 0 0 0 0 0 0 1 0 0 0  20
* f   0 1 0 0 0 0 0 1 0 0 0  20
* f   0 0 0 0 0 1 0 1 0 0 0  20
* f   1 0 0 0 0 0 0 0 0 1 0  20
* f   0 1 0 0 0 0 0 0 0 1 0  20
* f   0 0 0 0 0 1 0 0 0 1 0  20
* List[[1]]   0 0 StringTake[List[[2]], {1, 1}] StringTake[List[[2]], {2, 2}] 
 
>   StringTake[List[[2]], {3, 3}] 0 StringTake[List[[2]], {4, 4}] 
 
>   StringTake[List[[2]], {5, 5}] StringTake[List[[2]], {6, 6}] 
 
>   StringTake[List[[2]], {7, 7}] StringTake[List[[2]], {8, 8}]  
 
>   18 + List[[3]]
* f   0 0 2 0 0 0 0 0 0 0 0  18
* f   0 0 1 1 0 0 0 0 0 0 0  18
* f   0 0 1 0 0 0 1 0 0 0 0  18
* f   0 0 1 0 0 0 0 1 0 0 0  18
* h   0 0 1 0 0 0 0 1 0 0 0  18
* f   0 0 0 1 0 0 0 0 0 1 0  18
* h   0 0 0 1 0 0 0 0 0 0 1  18
* f   0 0 0 0 0 0 2 0 0 0 0  18
* f   0 0 0 0 0 0 1 1 0 0 0  18
* f   0 0 0 0 0 0 0 1 0 1 0  18
* h   0 0 0 0 0 0 0 1 0 0 1  18
* f   0 0 0 0 0 0 0 0 0 2 0  18
* f   0 0 1 1 0 0 0 0 0 0 0  19
* f   0 0 1 0 0 0 0 1 0 0 0  19
* h   0 0 1 0 0 0 0 1 0 0 0  19
* f   0 0 0 2 0 0 0 0 0 0 0  19
* f   0 0 0 1 0 0 0 1 0 0 0  19
* f   0 0 0 1 0 0 0 0 0 1 0  19
* h   0 0 0 1 0 0 0 0 0 1 0  19
* f   0 0 0 0 0 0 1 1 0 0 0  19
* f   0 0 0 0 0 0 0 2 0 0 0  19
* f   0 0 0 0 0 0 0 1 0 1 0  19
* h   0 0 0 0 0 0 0 1 0 1 0  19
* f   0 0 0 0 0 0 0 0 0 2 0  19
* f   0 0 1 1 0 0 0 0 0 0 0  20
* f   0 0 1 0 0 0 0 1 0 0 0  20
* h   0 0 1 0 0 0 0 1 0 0 0  20
* f   0 0 0 2 0 0 0 0 0 0 0  20
* f   0 0 0 1 0 0 0 1 0 0 0  20
* f   0 0 0 1 0 0 0 0 0 1 0  20
* h   0 0 0 1 0 0 0 0 0 1 0  20
* f   0 0 0 0 0 0 1 1 0 0 0  20
* f   0 0 0 0 0 0 0 2 0 0 0  20
* f   0 0 0 0 0 0 0 1 0 1 0  20
* h   0 0 0 0 0 0 0 1 0 1 0  20
* f   0 0 0 0 0 0 0 0 0 2 0  20
* List[[1]]   2 0 StringTake[List[[2]], {1, 1}] StringTake[List[[2]], {2, 2}] 
 
>   StringTake[List[[2]], {3, 3}] 0 StringTake[List[[2]], {4, 4}] 
 
>   StringTake[List[[2]], {5, 5}] StringTake[List[[2]], {6, 6}] 
 
>   StringTake[List[[2]], {7, 7}] StringTake[List[[2]], {8, 8}]  
 
>   21 + List[[3]]
* List[[1]]   0 2 StringTake[List[[2]], {1, 1}] StringTake[List[[2]], {2, 2}] 
 
>   StringTake[List[[2]], {3, 3}] 0 StringTake[List[[2]], {4, 4}] 
 
>   StringTake[List[[2]], {5, 5}] StringTake[List[[2]], {6, 6}] 
 
>   StringTake[List[[2]], {7, 7}] StringTake[List[[2]], {8, 8}]  
 
>   21 + List[[3]]
* List[[1]]   0 0 StringTake[List[[2]], {1, 1}] StringTake[List[[2]], {2, 2}] 
 
>   StringTake[List[[2]], {3, 3}] 2 StringTake[List[[2]], {4, 4}] 
 
>   StringTake[List[[2]], {5, 5}] StringTake[List[[2]], {6, 6}] 
 
>   StringTake[List[[2]], {7, 7}] StringTake[List[[2]], {8, 8}]  
 
>   21 + List[[3]]
* List[[1]]   1 1 StringTake[List[[2]], {1, 1}] StringTake[List[[2]], {2, 2}] 
 
>   StringTake[List[[2]], {3, 3}] 0 StringTake[List[[2]], {4, 4}] 
 
>   StringTake[List[[2]], {5, 5}] StringTake[List[[2]], {6, 6}] 
 
>   StringTake[List[[2]], {7, 7}] StringTake[List[[2]], {8, 8}]  
 
>   21 + List[[3]]
* List[[1]]   1 0 StringTake[List[[2]], {1, 1}] StringTake[List[[2]], {2, 2}] 
 
>   StringTake[List[[2]], {3, 3}] 1 StringTake[List[[2]], {4, 4}] 
 
>   StringTake[List[[2]], {5, 5}] StringTake[List[[2]], {6, 6}] 
 
>   StringTake[List[[2]], {7, 7}] StringTake[List[[2]], {8, 8}]  
 
>   21 + List[[3]]
* List[[1]]   0 1 StringTake[List[[2]], {1, 1}] StringTake[List[[2]], {2, 2}] 
 
>   StringTake[List[[2]], {3, 3}] 1 StringTake[List[[2]], {4, 4}] 
 
>   StringTake[List[[2]], {5, 5}] StringTake[List[[2]], {6, 6}] 
 
>   StringTake[List[[2]], {7, 7}] StringTake[List[[2]], {8, 8}]  
 
>   21 + List[[3]]
* f   2 0 0 0 0 0 0 0 0 0 0  21
* f   0 2 0 0 0 0 0 0 0 0 0  21
* f   0 0 0 0 0 2 0 0 0 0 0  21
* f   1 1 0 0 0 0 0 0 0 0 0  21
* f   1 0 0 0 0 1 0 0 0 0 0  21
* f   0 1 0 0 0 1 0 0 0 0 0  21
* List[[1]]   1 0 StringTake[List[[2]], {1, 1}] StringTake[List[[2]], {2, 2}] 
 
>   StringTake[List[[2]], {3, 3}] 0 StringTake[List[[2]], {4, 4}] 
 
>   StringTake[List[[2]], {5, 5}] StringTake[List[[2]], {6, 6}] 
 
>   StringTake[List[[2]], {7, 7}] StringTake[List[[2]], {8, 8}]  
 
>   21 + List[[3]]
* List[[1]]   0 1 StringTake[List[[2]], {1, 1}] StringTake[List[[2]], {2, 2}] 
 
>   StringTake[List[[2]], {3, 3}] 0 StringTake[List[[2]], {4, 4}] 
 
>   StringTake[List[[2]], {5, 5}] StringTake[List[[2]], {6, 6}] 
 
>   StringTake[List[[2]], {7, 7}] StringTake[List[[2]], {8, 8}]  
 
>   21 + List[[3]]
* List[[1]]   0 0 StringTake[List[[2]], {1, 1}] StringTake[List[[2]], {2, 2}] 
 
>   StringTake[List[[2]], {3, 3}] 1 StringTake[List[[2]], {4, 4}] 
 
>   StringTake[List[[2]], {5, 5}] StringTake[List[[2]], {6, 6}] 
 
>   StringTake[List[[2]], {7, 7}] StringTake[List[[2]], {8, 8}]  
 
>   21 + List[[3]]
* f   1 0 1 0 0 0 0 0 0 0 0  21
* f   0 1 1 0 0 0 0 0 0 0 0  21
* f   0 0 1 0 0 1 0 0 0 0 0  21
* f   1 0 0 0 0 0 1 0 0 0 0  21
* f   0 1 0 0 0 0 1 0 0 0 0  21
* f   0 0 0 0 0 1 1 0 0 0 0  21
* f   1 0 0 1 0 0 0 0 0 0 0  22
* f   0 1 0 1 0 0 0 0 0 0 0  22
* f   0 0 0 1 0 1 0 0 0 0 0  22
* f   1 0 0 0 0 0 0 1 0 0 0  22
* f   0 1 0 0 0 0 0 1 0 0 0  22
* f   0 0 0 0 0 1 0 1 0 0 0  22
* f   1 0 0 0 0 0 0 0 0 1 0  22
* f   0 1 0 0 0 0 0 0 0 1 0  22
* f   0 0 0 0 0 1 0 0 0 1 0  22
* f   1 0 0 1 0 0 0 0 0 0 0  23
* f   0 1 0 1 0 0 0 0 0 0 0  23
* f   0 0 0 1 0 1 0 0 0 0 0  23
* f   1 0 0 0 0 0 0 1 0 0 0  23
* f   0 1 0 0 0 0 0 1 0 0 0  23
* f   0 0 0 0 0 1 0 1 0 0 0  23
* f   1 0 0 0 0 0 0 0 0 1 0  23
* f   0 1 0 0 0 0 0 0 0 1 0  23
* f   0 0 0 0 0 1 0 0 0 1 0  23
* List[[1]]   0 0 StringTake[List[[2]], {1, 1}] StringTake[List[[2]], {2, 2}] 
 
>   StringTake[List[[2]], {3, 3}] 0 StringTake[List[[2]], {4, 4}] 
 
>   StringTake[List[[2]], {5, 5}] StringTake[List[[2]], {6, 6}] 
 
>   StringTake[List[[2]], {7, 7}] StringTake[List[[2]], {8, 8}]  
 
>   21 + List[[3]]
* f   0 0 2 0 0 0 0 0 0 0 0  21
* f   0 0 1 1 0 0 0 0 0 0 0  21
* f   0 0 1 0 0 0 1 0 0 0 0  21
* f   0 0 1 0 0 0 0 1 0 0 0  21
* h   0 0 1 0 0 0 0 1 0 0 0  21
* f   0 0 0 1 0 0 0 0 0 1 0  21
* h   0 0 0 1 0 0 0 0 0 0 1  21
* f   0 0 0 0 0 0 2 0 0 0 0  21
* f   0 0 0 0 0 0 1 1 0 0 0  21
* f   0 0 0 0 0 0 0 1 0 1 0  21
* h   0 0 0 0 0 0 0 1 0 0 1  21
* f   0 0 0 0 0 0 0 0 0 2 0  21
* f   0 0 1 1 0 0 0 0 0 0 0  22
* f   0 0 1 0 0 0 0 1 0 0 0  22
* h   0 0 1 0 0 0 0 1 0 0 0  22
* f   0 0 0 2 0 0 0 0 0 0 0  22
* f   0 0 0 1 0 0 0 1 0 0 0  22
* f   0 0 0 1 0 0 0 0 0 1 0  22
* h   0 0 0 1 0 0 0 0 0 1 0  22
* f   0 0 0 0 0 0 1 1 0 0 0  22
* f   0 0 0 0 0 0 0 2 0 0 0  22
* f   0 0 0 0 0 0 0 1 0 1 0  22
* h   0 0 0 0 0 0 0 1 0 1 0  22
* f   0 0 0 0 0 0 0 0 0 2 0  22
* f   0 0 1 1 0 0 0 0 0 0 0  23
* f   0 0 1 0 0 0 0 1 0 0 0  23
* h   0 0 1 0 0 0 0 1 0 0 0  23
* f   0 0 0 2 0 0 0 0 0 0 0  23
* f   0 0 0 1 0 0 0 1 0 0 0  23
* f   0 0 0 1 0 0 0 0 0 1 0  23
* h   0 0 0 1 0 0 0 0 0 1 0  23
* f   0 0 0 0 0 0 1 1 0 0 0  23
* f   0 0 0 0 0 0 0 2 0 0 0  23
* f   0 0 0 0 0 0 0 1 0 1 0  23
* h   0 0 0 0 0 0 0 1 0 1 0  23
* f   0 0 0 0 0 0 0 0 0 2 0  23

In[104]:= 
In[105]:= Applying symmetry operations to 3rd order coefficients...

In[106]:= 
In[107]:=                               