************************************************************************************************************************************
 ************************************************************************************************************************************
 ************************************************************************************************************************************
 ****************                                                                                                    ****************
 ****************          *  FITTING OF THE POTENTIAL PARAMETERS TO AB INITIO DATA                                  ****************
 ****************          *                                                                                         ****************
 ****************          *  2016                                                                                   ****************
 ****************          *  C2H6                                                                                   ****************

 ****************                                                                                                    ****************
 ************************************************************************************************************************************
 ************************************************************************************************************************************
 ************************************************************************************************************************************
 
        12 <= number of degrees of freedom
         5 <= number of bonds
         7 <= number of bond angles
        20 <= number of iterations in the fit
  0.000000 <= The fit is over if the stability is reached 
  0.000010 <= The fit is over if the st.dev. best is reached 
  1.000000 <= sterr parameter out 
  0.000010 <= stdev parameter out 
         1 <= watson robust on (1) or of (0) 
         8 <= number of non-linear parameters
 parameters of structure 
rCOe      =           1.420
rOHe      =           0.957
rCH       =           1.088
aHOC      =         108.108
aHCO      =         111.952
a1        =           2.169
a2        =           2.573
b1        =           1.783
Lowest energy = -115.611612    

   ------------------------------------------------------------------
   |   iter  |  points |    deviat     |     rms       |  stability  |
   ------------------------------------------------------------------
   |     1   |     18  |   0.93173E+01 |  0.80197E+02  |   0.105E+09 |
   |     2   |     18  |   0.18102E+01 |  0.35045E+01  |   0.237E+02 |
   |     3   |     18  |   0.13039E+00 |  0.23826E+00  |   0.270E+02 |
   |     4   |     18  |   0.39280E-01 |  0.17493E+02  |   0.250E+01 |
   |     5   |     18  |   0.39146E-01 |  0.18316E+02  |   0.395E-02 |
   |     6   |     18  |   0.39146E-01 |  0.18323E+02  |   0.179E-04 |
   |     7   |     18  |   0.39146E-01 |  0.18324E+02  |   0.219E-06 |
   |     8   |     18  |   0.39146E-01 |  0.18324E+02  |   0.495E-08 |
   |     9   |     18  |   0.39146E-01 |  0.18324E+02  |   0.496E-10 |

Watson Alpha parameter  0.1000 fitted with rms2 = 


Potential parameters rounded in accord. with their standart errors

rC  0  0  0  0  0  0  0  0  0  0  0  0   0   1.4204479    
rO  0  0  0  0  0  0  0  0  0  0  0  0   0  0.95729738    
rC  0  0  0  0  0  0  0  0  0  0  0  0   0   1.0883773    
aH  0  0  0  0  0  0  0  0  0  0  0  0   9         107.63555    (      23)
aH  0  0  0  0  0  0  0  0  0  0  0  0   0   111.95221    
a1  0  0  0  0  0  0  0  0  0  0  0  0   0   2.1689355    
a2  0  0  0  0  0  0  0  0  0  0  0  0   0   2.5727607    
b1  0  0  0  0  0  0  0  0  0  0  0  0   0   1.7826628    
 f  0  0  0  0  0  0  0  0  0  0  0  0   9     -25373819.872    (      15)
 f  2  0  0  0  0  0  0  0  0  0  0  0   0   29630.935    
 f  3  0  0  0  0  0  0  0  0  0  0  0   0   3609.5531    
 f  4  0  0  0  0  0  0  0  0  0  0  0   0   2936.7434    
 f  5  0  0  0  0  0  0  0  0  0  0  0   0   1758.1958    
 f  6  0  0  0  0  0  0  0  0  0  0  0   0   1197.6540    
 f  7  0  0  0  0  0  0  0  0  0  0  0   0   836.62376    
 f  8  0  0  0  0  0  0  0  0  0  0  0   0   328.29764    
 f  0  2  0  0  0  0  0  0  0  0  0  0   0   31940.404    
 f  0  3  0  0  0  0  0  0  0  0  0  0   0   2798.6004    
 f  0  4  0  0  0  0  0  0  0  0  0  0   0   3127.9108    
 f  0  5  0  0  0  0  0  0  0  0  0  0   0   1770.4250    
 f  0  6  0  0  0  0  0  0  0  0  0  0   0   1270.3114    
 f  0  7  0  0  0  0  0  0  0  0  0  0   0   999.77677    
 f  0  8  0  0  0  0  0  0  0  0  0  0   0   401.59578    
 f  0  0  0  1  0  0  0  0  0  0  0  1   0  -4299.9340    
 f  0  0  2  0  0  0  0  0  0  0  0  0   0   126760.59    
 f  0  0  0  2  0  0  0  0  0  0  0  1   0  -4884.8989    
 f  0  0  3  0  0  0  0  0  0  0  0  0   0  -10981.561    
 f  0  0  0  3  0  0  0  0  0  0  0  1   0  -3611.6366    
 f  0  0  4  0  0  0  0  0  0  0  0  0   0   9575.4468    
 f  0  0  0  4  0  0  0  0  0  0  0  1   0  -2414.2224    
 f  0  0  5  0  0  0  0  0  0  0  0  0   0   3164.5374    
 f  0  0  0  5  0  0  0  0  0  0  0  1   0  -1668.8932    
 f  0  0  6  0  0  0  0  0  0  0  0  0   0   2316.6308    
 f  0  0  0  6  0  0  0  0  0  0  0  1   0  -390.14501    
 f  0  0  7  0  0  0  0  0  0  0  0  0   0   918.47483    
 f  0  0  0  7  0  0  0  0  0  0  0  1   0   1101.8387    
 f  0  0  0  0  0  2  0  0  0  0  0  0   9           19879.3    (      13)
 f  0  0  0  0  0  3  0  0  0  0  0  0   8           -7717.8    (      42)
 f  0  0  0  0  0  4  0  0  0  0  0  0   7            -1256.    (      16)
 f  0  0  0  0  0  5  0  0  0  0  0  0   6             -385.    (      36)
 f  0  0  0  0  0  6  0  0  0  0  0  0   5             -316.    (      58)
 f  0  0  0  0  0  7  0  0  0  0  0  0   4             -539.    (      86)
 f  0  0  0  0  0  8  0  0  0  0  0  0   3              684.    (      91)
------------------------------
*  FITTING OF THE POTENTIAL PARAMETERS TO AB INITIO DATA                        
*                                                                               
*  2016                                                                         
*  C2H6                                                                         
      rCOe                        0          1.42044790
      rOHe                        0          0.95729738
       rCH                        0          1.08837733
      aHOC                        9        107.63554843
      aHCO                        0        111.95221297
        a1                        0          2.16893551
        a2                        0          2.57276067
        b1                        0          1.78266276
 f   0   0   0   0   0   0   0   0   0   0   0   0   9  -25373819.87151770
 f   2   0   0   0   0   0   0   0   0   0   0   0   0      29630.93506084
 f   3   0   0   0   0   0   0   0   0   0   0   0   0       3609.55313028
 f   4   0   0   0   0   0   0   0   0   0   0   0   0       2936.74337084
 f   5   0   0   0   0   0   0   0   0   0   0   0   0       1758.19577326
 f   6   0   0   0   0   0   0   0   0   0   0   0   0       1197.65403583
 f   7   0   0   0   0   0   0   0   0   0   0   0   0        836.62376208
 f   8   0   0   0   0   0   0   0   0   0   0   0   0        328.29764036
 f   0   2   0   0   0   0   0   0   0   0   0   0   0      31940.40375184
 f   0   3   0   0   0   0   0   0   0   0   0   0   0       2798.60039599
 f   0   4   0   0   0   0   0   0   0   0   0   0   0       3127.91077202
 f   0   5   0   0   0   0   0   0   0   0   0   0   0       1770.42495615
 f   0   6   0   0   0   0   0   0   0   0   0   0   0       1270.31144120
 f   0   7   0   0   0   0   0   0   0   0   0   0   0        999.77677247
 f   0   8   0   0   0   0   0   0   0   0   0   0   0        401.59578020
 f   0   0   0   1   0   0   0   0   0   0   0   1   0      -4299.93395817
 f   0   0   2   0   0   0   0   0   0   0   0   0   0     126760.59310067
 f   0   0   0   2   0   0   0   0   0   0   0   1   0      -4884.89892522
 f   0   0   3   0   0   0   0   0   0   0   0   0   0     -10981.56098501
 f   0   0   0   3   0   0   0   0   0   0   0   1   0      -3611.63662521
 f   0   0   4   0   0   0   0   0   0   0   0   0   0       9575.44675453
 f   0   0   0   4   0   0   0   0   0   0   0   1   0      -2414.22235117
 f   0   0   5   0   0   0   0   0   0   0   0   0   0       3164.53742562
 f   0   0   0   5   0   0   0   0   0   0   0   1   0      -1668.89316562
 f   0   0   6   0   0   0   0   0   0   0   0   0   0       2316.63076495
 f   0   0   0   6   0   0   0   0   0   0   0   1   0       -390.14500516
 f   0   0   7   0   0   0   0   0   0   0   0   0   0        918.47483332
 f   0   0   0   7   0   0   0   0   0   0   0   1   0       1101.83874779
 f   0   0   0   0   0   2   0   0   0   0   0   0   9      19879.25565582
 f   0   0   0   0   0   3   0   0   0   0   0   0   8      -7717.84616644
 f   0   0   0   0   0   4   0   0   0   0   0   0   7      -1255.76818289
 f   0   0   0   0   0   5   0   0   0   0   0   0   6       -385.18551517
 f   0   0   0   0   0   6   0   0   0   0   0   0   5       -316.29070980
 f   0   0   0   0   0   7   0   0   0   0   0   0   4       -538.93796837
 f   0   0   0   0   0   8   0   0   0   0   0   0   3        683.57491739

Correlation coefficients larger than 0.9: 
          corr(   3,   5) =  0.9520876
          corr(   4,   6) =  0.9300847
          corr(   5,   7) =  0.9020706
          corr(   6,   8) =  0.9817654

               --------------------------------------------------------------------------------
               :     old parm   :     new parm   :  delta parm  :   std. err.  : sensitility
               --------------------------------------------------------------------------------
  1  aHOC       :        107.64  :        107.64  :         0.000:         0.000:         0.000:!
  2  f          :  -25373819.87  :  -25373819.87  :         0.000:         0.015:         0.000:!
  3  f          :      19879.26  :      19879.26  :        -0.000:         1.316:         0.002:!
  4  f          :      -7717.85  :      -7717.85  :        -0.000:         4.231:         0.002:!
  5  f          :      -1255.77  :      -1255.77  :         0.000:        16.025:         0.003:!
  6  f          :       -385.19  :       -385.19  :         0.000:        36.064:         0.003:!
  7  f          :       -316.29  :       -316.29  :        -0.000:        58.269:         0.004:!
  8  f          :       -538.94  :       -538.94  :        -0.000:        85.625:         0.004:!
  9  f          :        683.57  :        683.57  :         0.000:        91.479:         0.005:!
relat_sterr_min,ilow_sterr, tivar:    0.10000000D+21   -1    3
rCOe                               0          1.42044790
rOHe                               0          0.95729738
rCH                                0          1.08837733
aHOC                               9        107.63554843
aHCO                               0        111.95221297
a1                                 0          2.16893551
a2                                 0          2.57276067
b1                                 0          1.78266276
 f   0   0   0   0   0   0   0   0   0   0   0   0   9  -25373819.87151770
 f   2   0   0   0   0   0   0   0   0   0   0   0   0      29630.93506084
 f   3   0   0   0   0   0   0   0   0   0   0   0   0       3609.55313028
 f   4   0   0   0   0   0   0   0   0   0   0   0   0       2936.74337084
 f   5   0   0   0   0   0   0   0   0   0   0   0   0       1758.19577326
 f   6   0   0   0   0   0   0   0   0   0   0   0   0       1197.65403583
 f   7   0   0   0   0   0   0   0   0   0   0   0   0        836.62376208
 f   8   0   0   0   0   0   0   0   0   0   0   0   0        328.29764036
 f   0   2   0   0   0   0   0   0   0   0   0   0   0      31940.40375184
 f   0   3   0   0   0   0   0   0   0   0   0   0   0       2798.60039599
 f   0   4   0   0   0   0   0   0   0   0   0   0   0       3127.91077202
 f   0   5   0   0   0   0   0   0   0   0   0   0   0       1770.42495615
 f   0   6   0   0   0   0   0   0   0   0   0   0   0       1270.31144120
 f   0   7   0   0   0   0   0   0   0   0   0   0   0        999.77677247
 f   0   8   0   0   0   0   0   0   0   0   0   0   0        401.59578020
 f   0   0   0   1   0   0   0   0   0   0   0   1   0      -4299.93395817
 f   0   0   2   0   0   0   0   0   0   0   0   0   0     126760.59310067
 f   0   0   0   2   0   0   0   0   0   0   0   1   0      -4884.89892522
 f   0   0   3   0   0   0   0   0   0   0   0   0   0     -10981.56098501
 f   0   0   0   3   0   0   0   0   0   0   0   1   0      -3611.63662521
 f   0   0   4   0   0   0   0   0   0   0   0   0   0       9575.44675453
 f   0   0   0   4   0   0   0   0   0   0   0   1   0      -2414.22235117
 f   0   0   5   0   0   0   0   0   0   0   0   0   0       3164.53742562
 f   0   0   0   5   0   0   0   0   0   0   0   1   0      -1668.89316562
 f   0   0   6   0   0   0   0   0   0   0   0   0   0       2316.63076495
 f   0   0   0   6   0   0   0   0   0   0   0   1   0       -390.14500516
 f   0   0   7   0   0   0   0   0   0   0   0   0   0        918.47483332
 f   0   0   0   7   0   0   0   0   0   0   0   1   0       1101.83874779
 f   0   0   0   0   0   2   0   0   0   0   0   0   9      19879.25565582
 f   0   0   0   0   0   3   0   0   0   0   0   0   8      -7717.84616644
 f   0   0   0   0   0   4   0   0   0   0   0   0   7      -1255.76818289
 f   0   0   0   0   0   5   0   0   0   0   0   0   6       -385.18551517
 f   0   0   0   0   0   6   0   0   0   0   0   0   5       -316.29070980
 f   0   0   0   0   0   7   0   0   0   0   0   0   4       -538.93796837
 f   0   0   0   0   0   8   0   0   0   0   0   0   3        683.57491739
relat_sterr_min,ilow_sterr, tivar:    0.10000000D+21   -1    4
rCOe                               0          1.42044790
rOHe                               0          0.95729738
rCH                                0          1.08837733
aHOC                               9        107.63554843
aHCO                               0        111.95221297
a1                                 0          2.16893551
a2                                 0          2.57276067
b1                                 0          1.78266276
 f   0   0   0   0   0   0   0   0   0   0   0   0   9  -25373819.87151770
 f   2   0   0   0   0   0   0   0   0   0   0   0   0      29630.93506084
 f   3   0   0   0   0   0   0   0   0   0   0   0   0       3609.55313028
 f   4   0   0   0   0   0   0   0   0   0   0   0   0       2936.74337084
 f   5   0   0   0   0   0   0   0   0   0   0   0   0       1758.19577326
 f   6   0   0   0   0   0   0   0   0   0   0   0   0       1197.65403583
 f   7   0   0   0   0   0   0   0   0   0   0   0   0        836.62376208
 f   8   0   0   0   0   0   0   0   0   0   0   0   0        328.29764036
 f   0   2   0   0   0   0   0   0   0   0   0   0   0      31940.40375184
 f   0   3   0   0   0   0   0   0   0   0   0   0   0       2798.60039599
 f   0   4   0   0   0   0   0   0   0   0   0   0   0       3127.91077202
 f   0   5   0   0   0   0   0   0   0   0   0   0   0       1770.42495615
 f   0   6   0   0   0   0   0   0   0   0   0   0   0       1270.31144120
 f   0   7   0   0   0   0   0   0   0   0   0   0   0        999.77677247
 f   0   8   0   0   0   0   0   0   0   0   0   0   0        401.59578020
 f   0   0   0   1   0   0   0   0   0   0   0   1   0      -4299.93395817
 f   0   0   2   0   0   0   0   0   0   0   0   0   0     126760.59310067
 f   0   0   0   2   0   0   0   0   0   0   0   1   0      -4884.89892522
 f   0   0   3   0   0   0   0   0   0   0   0   0   0     -10981.56098501
 f   0   0   0   3   0   0   0   0   0   0   0   1   0      -3611.63662521
 f   0   0   4   0   0   0   0   0   0   0   0   0   0       9575.44675453
 f   0   0   0   4   0   0   0   0   0   0   0   1   0      -2414.22235117
 f   0   0   5   0   0   0   0   0   0   0   0   0   0       3164.53742562
 f   0   0   0   5   0   0   0   0   0   0   0   1   0      -1668.89316562
 f   0   0   6   0   0   0   0   0   0   0   0   0   0       2316.63076495
 f   0   0   0   6   0   0   0   0   0   0   0   1   0       -390.14500516
 f   0   0   7   0   0   0   0   0   0   0   0   0   0        918.47483332
 f   0   0   0   7   0   0   0   0   0   0   0   1   0       1101.83874779
 f   0   0   0   0   0   2   0   0   0   0   0   0   9      19879.25565582
 f   0   0   0   0   0   3   0   0   0   0   0   0   8      -7717.84616644
 f   0   0   0   0   0   4   0   0   0   0   0   0   7      -1255.76818289
 f   0   0   0   0   0   5   0   0   0   0   0   0   6       -385.18551517
 f   0   0   0   0   0   6   0   0   0   0   0   0   5       -316.29070980
 f   0   0   0   0   0   7   0   0   0   0   0   0   4       -538.93796837
 f   0   0   0   0   0   8   0   0   0   0   0   0   3        683.57491739
relat_sterr_min,ilow_sterr, tivar:    0.10000000D+21   -1    5
rCOe                               0          1.42044790
rOHe                               0          0.95729738
rCH                                0          1.08837733
aHOC                               9        107.63554843
aHCO                               0        111.95221297
a1                                 0          2.16893551
a2                                 0          2.57276067
b1                                 0          1.78266276
 f   0   0   0   0   0   0   0   0   0   0   0   0   9  -25373819.87151770
 f   2   0   0   0   0   0   0   0   0   0   0   0   0      29630.93506084
 f   3   0   0   0   0   0   0   0   0   0   0   0   0       3609.55313028
 f   4   0   0   0   0   0   0   0   0   0   0   0   0       2936.74337084
 f   5   0   0   0   0   0   0   0   0   0   0   0   0       1758.19577326
 f   6   0   0   0   0   0   0   0   0   0   0   0   0       1197.65403583
 f   7   0   0   0   0   0   0   0   0   0   0   0   0        836.62376208
 f   8   0   0   0   0   0   0   0   0   0   0   0   0        328.29764036
 f   0   2   0   0   0   0   0   0   0   0   0   0   0      31940.40375184
 f   0   3   0   0   0   0   0   0   0   0   0   0   0       2798.60039599
 f   0   4   0   0   0   0   0   0   0   0   0   0   0       3127.91077202
 f   0   5   0   0   0   0   0   0   0   0   0   0   0       1770.42495615
 f   0   6   0   0   0   0   0   0   0   0   0   0   0       1270.31144120
 f   0   7   0   0   0   0   0   0   0   0   0   0   0        999.77677247
 f   0   8   0   0   0   0   0   0   0   0   0   0   0        401.59578020
 f   0   0   0   1   0   0   0   0   0   0   0   1   0      -4299.93395817
 f   0   0   2   0   0   0   0   0   0   0   0   0   0     126760.59310067
 f   0   0   0   2   0   0   0   0   0   0   0   1   0      -4884.89892522
 f   0   0   3   0   0   0   0   0   0   0   0   0   0     -10981.56098501
 f   0   0   0   3   0   0   0   0   0   0   0   1   0      -3611.63662521
 f   0   0   4   0   0   0   0   0   0   0   0   0   0       9575.44675453
 f   0   0   0   4   0   0   0   0   0   0   0   1   0      -2414.22235117
 f   0   0   5   0   0   0   0   0   0   0   0   0   0       3164.53742562
 f   0   0   0   5   0   0   0   0   0   0   0   1   0      -1668.89316562
 f   0   0   6   0   0   0   0   0   0   0   0   0   0       2316.63076495
 f   0   0   0   6   0   0   0   0   0   0   0   1   0       -390.14500516
 f   0   0   7   0   0   0   0   0   0   0   0   0   0        918.47483332
 f   0   0   0   7   0   0   0   0   0   0   0   1   0       1101.83874779
 f   0   0   0   0   0   2   0   0   0   0   0   0   9      19879.25565582
 f   0   0   0   0   0   3   0   0   0   0   0   0   8      -7717.84616644
 f   0   0   0   0   0   4   0   0   0   0   0   0   7      -1255.76818289
 f   0   0   0   0   0   5   0   0   0   0   0   0   6       -385.18551517
 f   0   0   0   0   0   6   0   0   0   0   0   0   5       -316.29070980
 f   0   0   0   0   0   7   0   0   0   0   0   0   4       -538.93796837
 f   0   0   0   0   0   8   0   0   0   0   0   0   3        683.57491739
relat_sterr_min,ilow_sterr, tivar:    0.10000000D+21   -1    6
rCOe                               0          1.42044790
rOHe                               0          0.95729738
rCH                                0          1.08837733
aHOC                               9        107.63554843
aHCO                               0        111.95221297
a1                                 0          2.16893551
a2                                 0          2.57276067
b1                                 0          1.78266276
 f   0   0   0   0   0   0   0   0   0   0   0   0   9  -25373819.87151770
 f   2   0   0   0   0   0   0   0   0   0   0   0   0      29630.93506084
 f   3   0   0   0   0   0   0   0   0   0   0   0   0       3609.55313028
 f   4   0   0   0   0   0   0   0   0   0   0   0   0       2936.74337084
 f   5   0   0   0   0   0   0   0   0   0   0   0   0       1758.19577326
 f   6   0   0   0   0   0   0   0   0   0   0   0   0       1197.65403583
 f   7   0   0   0   0   0   0   0   0   0   0   0   0        836.62376208
 f   8   0   0   0   0   0   0   0   0   0   0   0   0        328.29764036
 f   0   2   0   0   0   0   0   0   0   0   0   0   0      31940.40375184
 f   0   3   0   0   0   0   0   0   0   0   0   0   0       2798.60039599
 f   0   4   0   0   0   0   0   0   0   0   0   0   0       3127.91077202
 f   0   5   0   0   0   0   0   0   0   0   0   0   0       1770.42495615
 f   0   6   0   0   0   0   0   0   0   0   0   0   0       1270.31144120
 f   0   7   0   0   0   0   0   0   0   0   0   0   0        999.77677247
 f   0   8   0   0   0   0   0   0   0   0   0   0   0        401.59578020
 f   0   0   0   1   0   0   0   0   0   0   0   1   0      -4299.93395817
 f   0   0   2   0   0   0   0   0   0   0   0   0   0     126760.59310067
 f   0   0   0   2   0   0   0   0   0   0   0   1   0      -4884.89892522
 f   0   0   3   0   0   0   0   0   0   0   0   0   0     -10981.56098501
 f   0   0   0   3   0   0   0   0   0   0   0   1   0      -3611.63662521
 f   0   0   4   0   0   0   0   0   0   0   0   0   0       9575.44675453
 f   0   0   0   4   0   0   0   0   0   0   0   1   0      -2414.22235117
 f   0   0   5   0   0   0   0   0   0   0   0   0   0       3164.53742562
 f   0   0   0   5   0   0   0   0   0   0   0   1   0      -1668.89316562
 f   0   0   6   0   0   0   0   0   0   0   0   0   0       2316.63076495
 f   0   0   0   6   0   0   0   0   0   0   0   1   0       -390.14500516
 f   0   0   7   0   0   0   0   0   0   0   0   0   0        918.47483332
 f   0   0   0   7   0   0   0   0   0   0   0   1   0       1101.83874779
 f   0   0   0   0   0   2   0   0   0   0   0   0   9      19879.25565582
 f   0   0   0   0   0   3   0   0   0   0   0   0   8      -7717.84616644
 f   0   0   0   0   0   4   0   0   0   0   0   0   7      -1255.76818289
 f   0   0   0   0   0   5   0   0   0   0   0   0   6       -385.18551517
 f   0   0   0   0   0   6   0   0   0   0   0   0   5       -316.29070980
 f   0   0   0   0   0   7   0   0   0   0   0   0   4       -538.93796837
 f   0   0   0   0   0   8   0   0   0   0   0   0   3        683.57491739
relat_sterr_min,ilow_sterr, tivar:    0.10000000D+21   -1    7
rCOe                               0          1.42044790
rOHe                               0          0.95729738
rCH                                0          1.08837733
aHOC                               9        107.63554843
aHCO                               0        111.95221297
a1                                 0          2.16893551
a2                                 0          2.57276067
b1                                 0          1.78266276
 f   0   0   0   0   0   0   0   0   0   0   0   0   9  -25373819.87151770
 f   2   0   0   0   0   0   0   0   0   0   0   0   0      29630.93506084
 f   3   0   0   0   0   0   0   0   0   0   0   0   0       3609.55313028
 f   4   0   0   0   0   0   0   0   0   0   0   0   0       2936.74337084
 f   5   0   0   0   0   0   0   0   0   0   0   0   0       1758.19577326
 f   6   0   0   0   0   0   0   0   0   0   0   0   0       1197.65403583
 f   7   0   0   0   0   0   0   0   0   0   0   0   0        836.62376208
 f   8   0   0   0   0   0   0   0   0   0   0   0   0        328.29764036
 f   0   2   0   0   0   0   0   0   0   0   0   0   0      31940.40375184
 f   0   3   0   0   0   0   0   0   0   0   0   0   0       2798.60039599
 f   0   4   0   0   0   0   0   0   0   0   0   0   0       3127.91077202
 f   0   5   0   0   0   0   0   0   0   0   0   0   0       1770.42495615
 f   0   6   0   0   0   0   0   0   0   0   0   0   0       1270.31144120
 f   0   7   0   0   0   0   0   0   0   0   0   0   0        999.77677247
 f   0   8   0   0   0   0   0   0   0   0   0   0   0        401.59578020
 f   0   0   0   1   0   0   0   0   0   0   0   1   0      -4299.93395817
 f   0   0   2   0   0   0   0   0   0   0   0   0   0     126760.59310067
 f   0   0   0   2   0   0   0   0   0   0   0   1   0      -4884.89892522
 f   0   0   3   0   0   0   0   0   0   0   0   0   0     -10981.56098501
 f   0   0   0   3   0   0   0   0   0   0   0   1   0      -3611.63662521
 f   0   0   4   0   0   0   0   0   0   0   0   0   0       9575.44675453
 f   0   0   0   4   0   0   0   0   0   0   0   1   0      -2414.22235117
 f   0   0   5   0   0   0   0   0   0   0   0   0   0       3164.53742562
 f   0   0   0   5   0   0   0   0   0   0   0   1   0      -1668.89316562
 f   0   0   6   0   0   0   0   0   0   0   0   0   0       2316.63076495
 f   0   0   0   6   0   0   0   0   0   0   0   1   0       -390.14500516
 f   0   0   7   0   0   0   0   0   0   0   0   0   0        918.47483332
 f   0   0   0   7   0   0   0   0   0   0   0   1   0       1101.83874779
 f   0   0   0   0   0   2   0   0   0   0   0   0   9      19879.25565582
 f   0   0   0   0   0   3   0   0   0   0   0   0   8      -7717.84616644
 f   0   0   0   0   0   4   0   0   0   0   0   0   7      -1255.76818289
 f   0   0   0   0   0   5   0   0   0   0   0   0   6       -385.18551517
 f   0   0   0   0   0   6   0   0   0   0   0   0   5       -316.29070980
 f   0   0   0   0   0   7   0   0   0   0   0   0   4       -538.93796837
 f   0   0   0   0   0   8   0   0   0   0   0   0   3        683.57491739
relat_sterr_min,ilow_sterr, tivar:    0.10000000D+21   -1    8
rCOe                               0          1.42044790
rOHe                               0          0.95729738
rCH                                0          1.08837733
aHOC                               9        107.63554843
aHCO                               0        111.95221297
a1                                 0          2.16893551
a2                                 0          2.57276067
b1                                 0          1.78266276
 f   0   0   0   0   0   0   0   0   0   0   0   0   9  -25373819.87151770
 f   2   0   0   0   0   0   0   0   0   0   0   0   0      29630.93506084
 f   3   0   0   0   0   0   0   0   0   0   0   0   0       3609.55313028
 f   4   0   0   0   0   0   0   0   0   0   0   0   0       2936.74337084
 f   5   0   0   0   0   0   0   0   0   0   0   0   0       1758.19577326
 f   6   0   0   0   0   0   0   0   0   0   0   0   0       1197.65403583
 f   7   0   0   0   0   0   0   0   0   0   0   0   0        836.62376208
 f   8   0   0   0   0   0   0   0   0   0   0   0   0        328.29764036
 f   0   2   0   0   0   0   0   0   0   0   0   0   0      31940.40375184
 f   0   3   0   0   0   0   0   0   0   0   0   0   0       2798.60039599
 f   0   4   0   0   0   0   0   0   0   0   0   0   0       3127.91077202
 f   0   5   0   0   0   0   0   0   0   0   0   0   0       1770.42495615
 f   0   6   0   0   0   0   0   0   0   0   0   0   0       1270.31144120
 f   0   7   0   0   0   0   0   0   0   0   0   0   0        999.77677247
 f   0   8   0   0   0   0   0   0   0   0   0   0   0        401.59578020
 f   0   0   0   1   0   0   0   0   0   0   0   1   0      -4299.93395817
 f   0   0   2   0   0   0   0   0   0   0   0   0   0     126760.59310067
 f   0   0   0   2   0   0   0   0   0   0   0   1   0      -4884.89892522
 f   0   0   3   0   0   0   0   0   0   0   0   0   0     -10981.56098501
 f   0   0   0   3   0   0   0   0   0   0   0   1   0      -3611.63662521
 f   0   0   4   0   0   0   0   0   0   0   0   0   0       9575.44675453
 f   0   0   0   4   0   0   0   0   0   0   0   1   0      -2414.22235117
 f   0   0   5   0   0   0   0   0   0   0   0   0   0       3164.53742562
 f   0   0   0   5   0   0   0   0   0   0   0   1   0      -1668.89316562
 f   0   0   6   0   0   0   0   0   0   0   0   0   0       2316.63076495
 f   0   0   0   6   0   0   0   0   0   0   0   1   0       -390.14500516
 f   0   0   7   0   0   0   0   0   0   0   0   0   0        918.47483332
 f   0   0   0   7   0   0   0   0   0   0   0   1   0       1101.83874779
 f   0   0   0   0   0   2   0   0   0   0   0   0   9      19879.25565582
 f   0   0   0   0   0   3   0   0   0   0   0   0   8      -7717.84616644
 f   0   0   0   0   0   4   0   0   0   0   0   0   7      -1255.76818289
 f   0   0   0   0   0   5   0   0   0   0   0   0   6       -385.18551517
 f   0   0   0   0   0   6   0   0   0   0   0   0   5       -316.29070980
 f   0   0   0   0   0   7   0   0   0   0   0   0   4       -538.93796837
 f   0   0   0   0   0   8   0   0   0   0   0   0   3        683.57491739

   ------------------------------------------------------------------
   |   iter  |  points |    deviat     |     rms       |  stability  |
   ------------------------------------------------------------------

   -----------------------------------------------------------
   |  param  |  points |   deviat    |    rms      | stability |
   -----------------------------------------------------------
   |     9   |     18  |   0.39146E-01 |  0.60619E+04  |    0.496E-10 |

############################################################################################
