************************************************************************************************************************************
 ************************************************************************************************************************************
 ************************************************************************************************************************************
 ****************                                                                                                    ****************
 ****************          *  FITTING OF THE POTENTIAL PARAMETERS TO AB INITIO DATA                                  ****************
 ****************          *                                                                                         ****************
 ****************          *  2016                                                                                   ****************
 ****************          *  C2H6                                                                                   ****************

 ****************                                                                                                    ****************
 ************************************************************************************************************************************
 ************************************************************************************************************************************
 ************************************************************************************************************************************
 
        12 <= number of degrees of freedom
         5 <= number of bonds
         7 <= number of bond angles
        20 <= number of iterations in the fit
  0.000000 <= The fit is over if the stability is reached 
  0.000010 <= The fit is over if the st.dev. best is reached 
  1.000000 <= sterr parameter out 
  0.000010 <= stdev parameter out 
         1 <= watson robust on (1) or of (0) 
        10 <= number of non-linear parameters
 parameters of structure 
rCOe      =           1.421
rOHe      =           0.957
rCH       =           1.091
aHOC      =         107.625
aHCO      =         110.205
a1        =           2.169
a2        =           2.573
b1        =           1.783
Sa        =           0.000
Sb        =           0.000
Lowest energy = -115.611863    

   ------------------------------------------------------------------
   |   iter  |  points |    deviat     |     rms       |  stability  |
   ------------------------------------------------------------------
   |     1   |   3518  |   0.71976E+01 |  0.13585E+03  |   0.121E+09 |
   |     2   |   3518  |   0.86016E+00 |  0.13914E+02  |   0.102E+03 |
   |     3   |   3518  |   0.39779E+00 |  0.14592E+02  |   0.672E+00 |
   |     4   |   3518  |   0.84294E-01 |  0.38614E+02  |   0.490E+01 |
   |     5   |   3518  |   0.83924E-01 |  0.39716E+02  |   0.272E-01 |
   |     6   |   3518  |   0.81664E-01 |  0.42251E+02  |   0.271E-01 |
   |     7   |   3518  |   0.81660E-01 |  0.42317E+02  |   0.929E-03 |
   |     8   |   3518  |   0.81654E-01 |  0.42415E+02  |   0.424E-04 |
   |     9   |   3518  |   0.81654E-01 |  0.42420E+02  |   0.437E-04 |
   |    10   |   3518  |   0.81654E-01 |  0.42425E+02  |   0.122E-05 |
   |    11   |   3518  |   0.81654E-01 |  0.42425E+02  |   0.237E-05 |
   |    12   |   3518  |   0.81654E-01 |  0.42425E+02  |   0.841E-07 |
   |    13   |   3518  |   0.81654E-01 |  0.42425E+02  |   0.144E-06 |
   |    14   |   3518  |   0.81654E-01 |  0.42425E+02  |   0.579E-08 |
   |    15   |   3518  |   0.81654E-01 |  0.42425E+02  |   0.921E-08 |
   |    16   |   3518  |   0.81654E-01 |  0.42425E+02  |   0.152E-08 |
   |    17   |   3518  |   0.81654E-01 |  0.42425E+02  |   0.622E-09 |
   |    18   |   3518  |   0.81654E-01 |  0.42425E+02  |   0.140E-09 |
   |    19   |   3518  |   0.81654E-01 |  0.42425E+02  |   0.167E-09 |
   |    20   |   3518  |   0.81654E-01 |  0.42425E+02  |   0.116E-08 |
   |    21   |   3518  |   0.81654E-01 |  0.42425E+02  |   0.102E-08 |

Watson Alpha parameter  0.1000 fitted with rms2 = 


Potential parameters rounded in accord. with their standart errors

rC  0  0  0  0  0  0  0  0  0  0  0  0   9        1.42329691    (      71)
rO  0  0  0  0  0  0  0  0  0  0  0  0   9        0.95732159    (      76)
rC  0  0  0  0  0  0  0  0  0  0  0  0   9        1.09068775    (      57)
aH  0  0  0  0  0  0  0  0  0  0  0  0   9         107.55954    (      15)
aH  0  0  0  0  0  0  0  0  0  0  0  0   9        110.142013    (      72)
a1  0  0  0  0  0  0  0  0  0  0  0  0   0   2.1689355    
a2  0  0  0  0  0  0  0  0  0  0  0  0   0   2.5727607    
b1  0  0  0  0  0  0  0  0  0  0  0  0   0   1.7826628    
Sa  0  0  0  0  0  0  0  0  0  0  0  0   0         0.0    
Sb  0  0  0  0  0  0  0  0  0  0  0  0   0         0.0    
 f  0  0  0  0  0  0  0  0  0  0  0  0   9    -25373693.4427    (      76)
 f  0  0  0  0  0  0  0  0  0  0  0  3   9          126.9073    (      92)
 f  0  0  0  0  0  0  0  0  0  0  0  6   9            0.6358    (      92)
 f  0  0  0  0  0  0  0  0  0  0  0  9   9           -0.0004    (      77)
 f  0  0  0  0  0  0  0  0  0  0  0 12   9            0.0002    (      58)
 f  0  0  0  0  0  0  0  0  0  0  0 15   9            0.0005    (      58)
 f  0  0  0  0  0  0  0  0  0  0  0 18   9           -0.0003    (      58)
 f  2  0  0  0  0  0  0  0  0  0  0  0   9          29498.06    (      24)
 f  3  0  0  0  0  0  0  0  0  0  0  0   9            3617.3    (      12)
 f  4  0  0  0  0  0  0  0  0  0  0  0   9            2924.4    (      25)
 f  5  0  0  0  0  0  0  0  0  0  0  0   9            1766.7    (      79)
 f  6  0  0  0  0  0  0  0  0  0  0  0   9             1218.    (      12)
 f  7  0  0  0  0  0  0  0  0  0  0  0   9              800.    (      19)
 f  8  0  0  0  0  0  0  0  0  0  0  0   9              267.    (      24)
 f  0  2  0  0  0  0  0  0  0  0  0  0   9          31938.39    (      62)
 f  0  3  0  0  0  0  0  0  0  0  0  0   9            2798.5    (      25)
 f  0  4  0  0  0  0  0  0  0  0  0  0   9            3129.8    (      92)
 f  0  5  0  0  0  0  0  0  0  0  0  0   9             1784.    (      18)
 f  0  6  0  0  0  0  0  0  0  0  0  0   9             1273.    (      40)
 f  0  7  0  0  0  0  0  0  0  0  0  0   9              986.    (      41)
 f  0  8  0  0  0  0  0  0  0  0  0  0   9              398.    (      49)
 f  0  0  2  0  0  0  0  0  0  0  0  0   9          124409.1    (      13)
 f  0  0  3  0  0  0  0  0  0  0  0  0   9          -11573.6    (      76)
 f  0  0  4  0  0  0  0  0  0  0  0  0   9             8910.    (      29)
 f  0  0  5  0  0  0  0  0  0  0  0  0   9             2839.    (      77)
 f  0  0  6  0  0  0  0  0  0  0  0  0   9             2032.    (     207)
 f  0  0  7  0  0  0  0  0  0  0  0  0   9              855.    (     246)
 f  0  0  8  0  0  0  0  0  0  0  0  0   9              600.    (     519)
 f  0  0  0  1  0  0  0  0  0  0  0  1   9           4291.57    (      60)
 f  0  0  0  2  0  0  0  0  0  0  0  1   9            4858.1    (      34)
 f  0  0  0  3  0  0  0  0  0  0  0  1   9             3596.    (      19)
 f  0  0  0  4  0  0  0  0  0  0  0  1   9             2354.    (      76)
 f  0  0  0  5  0  0  0  0  0  0  0  1   9             1495.    (     219)
 f  0  0  0  6  0  0  0  0  0  0  0  1   9              870.    (     569)
 f  0  0  0  7  0  0  0  0  0  0  0  1   9             -558.    (     730)
 f  0  0  0  8  0  0  0  0  0  0  0  1   9            -1661.    (    1478)
 f  0  0  0  0  0  2  0  0  0  0  0  0   9          19858.66    (      45)
 f  0  0  0  0  0  3  0  0  0  0  0  0   9           -7673.7    (      18)
 f  0  0  0  0  0  4  0  0  0  0  0  0   9           -1275.6    (      52)
 f  0  0  0  0  0  5  0  0  0  0  0  0   9             -470.    (      13)
 f  0  0  0  0  0  6  0  0  0  0  0  0   9             -170.    (      16)
 f  0  0  0  0  0  7  0  0  0  0  0  0   9             -343.    (      30)
 f  0  0  0  0  0  8  0  0  0  0  0  0   9              411.    (      25)
 f  0  0  0  0  0  0  2  0  0  0  0  0   9           84528.7    (      11)
 f  0  0  0  0  0  0  3  0  0  0  0  0   9          -11610.5    (      39)
 f  0  0  0  0  0  0  4  0  0  0  0  0   9             6990.    (      14)
 f  0  0  0  0  0  0  5  0  0  0  0  0   9            -1029.    (      30)
 f  0  0  0  0  0  0  6  0  0  0  0  0   9            -3611.    (      54)
 f  0  0  0  0  0  0  7  0  0  0  0  0   9             2625.    (      70)
 f  0  0  0  0  0  0  8  0  0  0  0  0   9            -1361.    (      76)
 f  0  0  0  0  0  0  0  1  0  0  0  1   9          14906.90    (      51)
 f  0  0  0  0  0  0  0  2  0  0  0  1   9           -7410.5    (      26)
 f  0  0  0  0  0  0  0  3  0  0  0  1   9               -6.    (      11)
 f  0  0  0  0  0  0  0  4  0  0  0  1   9             1776.    (      35)
 f  0  0  0  0  0  0  0  5  0  0  0  1   9            -4741.    (      84)
 f  0  0  0  0  0  0  0  6  0  0  0  1   9             3698.    (     142)
 f  0  0  0  0  0  0  0  7  0  0  0  1   9             -968.    (     194)
 f  0  0  0  0  0  0  0  8  0  0  0  1   9             -363.    (     207)
 f  0  0  0  0  0  0  0  0  0  1  0  1   9            801.25    (      18)
 f  0  0  0  0  0  0  0  0  0  2  0  0   9          19709.69    (      67)
 f  0  0  0  0  0  0  0  0  0  2  0  1   9            -265.2    (      24)
 f  0  0  0  0  0  0  0  0  0  1  2  0   9            5971.6    (      91)
 h  0  0  0  0  0  0  0  0  0  2  1 -1   9            -825.9    (      15)
 f  0  0  0  0  0  0  0  0  0  4  0  0   9              83.3    (      37)
 f  0  0  0  0  0  0  0  0  0  4  0  1   9             -173.    (      11)
 f  0  0  0  0  0  0  0  0  0  5  0  0   9             -244.    (      19)
 f  0  0  0  0  0  0  0  0  0  4  2  0   9             -828.    (      31)
 f  0  0  0  0  0  0  0  0  0  2  4  0   9              175.    (      60)
 f  0  0  0  0  0  0  0  0  0  7  0  0   9             -29.9    (      84)
 f  0  0  0  0  0  0  0  0  0  8  0  0   9              60.0    (      29)
 f  0  0  0  0  0  0  0  0  0  8  0  1   9             -75.4    (      86)
 f  1  0  0  0  0  0  0  0  0  0  0  3   9          -284.472    (      66)
 f  1  0  0  0  0  0  0  0  0  0  0  6   9            -1.839    (      42)
 f  1  0  0  0  0  0  0  0  0  0  0  9   9            -0.025    (      41)
 f  1  0  0  0  0  0  0  0  0  0  0 12   9             0.004    (      19)
 f  2  0  0  0  0  0  0  0  0  0  0  3   9            166.70    (      20)
 f  2  0  0  0  0  0  0  0  0  0  0  6   9              1.96    (      19)
 f  2  0  0  0  0  0  0  0  0  0  0  9   9             0.045    (      66)
 f  3  0  0  0  0  0  0  0  0  0  0  3   9             -6.50    (      90)
 f  3  0  0  0  0  0  0  0  0  0  0  6   9             -1.07    (      23)
 f  3  0  0  0  0  0  0  0  0  0  0  9   9              0.06    (      21)
 f  4  0  0  0  0  0  0  0  0  0  0  3   9             -1.72    (      81)
 f  4  0  0  0  0  0  0  0  0  0  0  6   9              0.78    (      71)
 f  5  0  0  0  0  0  0  0  0  0  0  3   9              -2.2    (      27)
 f  1  1  0  0  0  0  0  0  0  0  0  0   9           -749.00    (      75)
 f  2  1  0  0  0  0  0  0  0  0  0  0   9           -1303.3    (      23)
 f  1  2  0  0  0  0  0  0  0  0  0  0   9             267.3    (      16)
 f  3  1  0  0  0  0  0  0  0  0  0  0   9            -201.8    (      66)
 f  2  2  0  0  0  0  0  0  0  0  0  0   9            -800.4    (      38)
 f  1  3  0  0  0  0  0  0  0  0  0  0   9              297.    (      11)
 f  4  1  0  0  0  0  0  0  0  0  0  0   9              -22.    (      22)
 f  3  2  0  0  0  0  0  0  0  0  0  0   9             -215.    (      15)
 f  2  3  0  0  0  0  0  0  0  0  0  0   9             -499.    (      20)
 f  1  4  0  0  0  0  0  0  0  0  0  0   9             477.1    (      95)
 f  3  3  0  0  0  0  0  0  0  0  0  0   9             -164.    (      60)
 f  2  4  0  0  0  0  0  0  0  0  0  0   9             -420.    (      34)
 f  1  5  0  0  0  0  0  0  0  0  0  0   9              581.    (      45)
 f  6  1  0  0  0  0  0  0  0  0  0  0   9              -85.    (      65)
 f  5  2  0  0  0  0  0  0  0  0  0  0   9              396.    (      53)
 f  4  3  0  0  0  0  0  0  0  0  0  0   9              -81.    (      76)
 f  3  4  0  0  0  0  0  0  0  0  0  0   9              714.    (      67)
 f  2  5  0  0  0  0  0  0  0  0  0  0   9             -643.    (      72)
 f  7  1  0  0  0  0  0  0  0  0  0  0   9             -191.    (      74)
 f  5  3  0  0  0  0  0  0  0  0  0  0   9              496.    (     222)
 f  3  5  0  0  0  0  0  0  0  0  0  0   9              581.    (     162)
 f  2  6  0  0  0  0  0  0  0  0  0  0   9             -435.    (      69)
 f  1  7  0  0  0  0  0  0  0  0  0  0   9             -211.    (      37)
 f  1  0  1  0  0  0  0  0  0  0  0  0   9            7879.6    (      12)
 f  2  0  1  0  0  0  0  0  0  0  0  0   9           -4907.5    (      45)
 f  1  0  2  0  0  0  0  0  0  0  0  0   9            8209.2    (      44)
 f  3  0  1  0  0  0  0  0  0  0  0  0   9             -660.    (      14)
 f  2  0  2  0  0  0  0  0  0  0  0  0   9            -2640.    (      13)
 f  1  0  3  0  0  0  0  0  0  0  0  0   9             4633.    (      19)
 f  4  0  1  0  0  0  0  0  0  0  0  0   9             -279.    (      41)
 f  3  0  2  0  0  0  0  0  0  0  0  0   9             -565.    (      42)
 f  2  0  3  0  0  0  0  0  0  0  0  0   9            -1062.    (      59)
 f  1  0  4  0  0  0  0  0  0  0  0  0   9             2707.    (      67)
 f  5  0  1  0  0  0  0  0  0  0  0  0   9             -299.    (      41)
 f  4  0  2  0  0  0  0  0  0  0  0  0   9             -490.    (      46)
 f  3  0  3  0  0  0  0  0  0  0  0  0   9             -759.    (      83)
 f  2  0  4  0  0  0  0  0  0  0  0  0   9              -14.    (      72)
 f  1  0  5  0  0  0  0  0  0  0  0  0   9              691.    (      74)
 f  6  0  1  0  0  0  0  0  0  0  0  0   9             -150.    (     113)
 f  5  0  2  0  0  0  0  0  0  0  0  0   9             -529.    (     130)
 f  4  0  3  0  0  0  0  0  0  0  0  0   9              -42.    (     178)
 f  3  0  4  0  0  0  0  0  0  0  0  0   9             -928.    (     200)
 f  2  0  5  0  0  0  0  0  0  0  0  0   9              847.    (     260)
 f  1  0  6  0  0  0  0  0  0  0  0  0   9             -790.    (     270)
 f  1  0  0  1  0  0  0  0  0  0  0  1   9           -5596.3    (      33)
 f  2  0  0  1  0  0  0  0  0  0  0  1   9            1576.2    (      62)
 f  1  0  0  2  0  0  0  0  0  0  0  1   9            -5841.    (      11)
 f  3  0  0  1  0  0  0  0  0  0  0  1   9             -225.    (      36)
 f  2  0  0  2  0  0  0  0  0  0  0  1   9              942.    (      32)
 f  1  0  0  3  0  0  0  0  0  0  0  1   9            -4029.    (      53)
 f  4  0  0  1  0  0  0  0  0  0  0  1   9             -151.    (      26)
 f  3  0  0  2  0  0  0  0  0  0  0  1   9              141.    (      52)
 f  1  0  0  4  0  0  0  0  0  0  0  1   9            -2168.    (     177)
 f  5  0  0  1  0  0  0  0  0  0  0  1   9               72.    (      96)
 f  4  0  0  2  0  0  0  0  0  0  0  1   9             -148.    (     113)
 f  3  0  0  3  0  0  0  0  0  0  0  1   9              522.    (     230)
 f  2  0  0  4  0  0  0  0  0  0  0  1   9            -1158.    (     188)
 f  1  0  0  5  0  0  0  0  0  0  0  1   9             -155.    (     206)
 f  3  0  0  4  0  0  0  0  0  0  0  1   9              513.    (     536)
 f  2  0  0  5  0  0  0  0  0  0  0  1   9            -1608.    (     263)
 f  1  0  0  6  0  0  0  0  0  0  0  1   9             1127.    (     691)
 f  1  0  0  0  0  1  0  0  0  0  0  0   9           9645.08    (      60)
 f  2  0  0  0  0  1  0  0  0  0  0  0   9            -387.8    (      24)
 f  1  0  0  0  0  2  0  0  0  0  0  0   9           -9531.3    (      14)
 f  3  0  0  0  0  1  0  0  0  0  0  0   9            -1026.    (      11)
 f  2  0  0  0  0  2  0  0  0  0  0  0   9           -2050.9    (      52)
 f  1  0  0  0  0  3  0  0  0  0  0  0   9            5272.4    (      27)
 f  4  0  0  0  0  1  0  0  0  0  0  0   9             -679.    (      25)
 f  3  0  0  0  0  2  0  0  0  0  0  0   9             -299.    (      15)
 f  2  0  0  0  0  3  0  0  0  0  0  0   9             2975.    (      16)
 f  1  0  0  0  0  4  0  0  0  0  0  0   9             -96.5    (      52)
 f  5  0  0  0  0  1  0  0  0  0  0  0   9             -494.    (      69)
 f  4  0  0  0  0  2  0  0  0  0  0  0   9             -514.    (      46)
 f  3  0  0  0  0  3  0  0  0  0  0  0   9              446.    (      41)
 f  6  0  0  0  0  1  0  0  0  0  0  0   9            -1578.    (      73)
 f  5  0  0  0  0  2  0  0  0  0  0  0   9            -1655.    (      52)
 f  4  0  0  0  0  3  0  0  0  0  0  0   9             -164.    (      48)
 f  3  0  0  0  0  4  0  0  0  0  0  0   9              899.    (      46)
 f  2  0  0  0  0  5  0  0  0  0  0  0   9              319.    (      46)
 f  7  0  0  0  0  1  0  0  0  0  0  0   9            -1717.    (     167)
 f  6  0  0  0  0  2  0  0  0  0  0  0   9            -1135.    (     123)
 f  5  0  0  0  0  3  0  0  0  0  0  0   9             1532.    (     108)
 f  4  0  0  0  0  4  0  0  0  0  0  0   9             2119.    (      63)
 f  3  0  0  0  0  5  0  0  0  0  0  0   9              677.    (      70)
 f  2  0  0  0  0  6  0  0  0  0  0  0   9             -484.    (      40)
 f  1  0  0  0  0  7  0  0  0  0  0  0   9            -671.4    (      65)
 f  1  0  0  0  0  0  1  0  0  0  0  0   9          32727.99    (     100)
 f  2  0  0  0  0  0  1  0  0  0  0  0   9            1602.3    (      45)
 f  1  0  0  0  0  0  2  0  0  0  0  0   9          -41507.4    (      34)
 f  3  0  0  0  0  0  1  0  0  0  0  0   9              260.    (      13)
 f  2  0  0  0  0  0  2  0  0  0  0  0   9            -6429.    (      11)
 f  1  0  0  0  0  0  3  0  0  0  0  0   9            20981.    (      10)
 f  4  0  0  0  0  0  1  0  0  0  0  0   9             -253.    (      44)
 f  3  0  0  0  0  0  2  0  0  0  0  0   9            -2921.    (      33)
 f  2  0  0  0  0  0  3  0  0  0  0  0   9             2490.    (      28)
 f  1  0  0  0  0  0  4  0  0  0  0  0   9            -7649.    (      27)
 f  5  0  0  0  0  0  1  0  0  0  0  0   9            -2547.    (      42)
 f  4  0  0  0  0  0  2  0  0  0  0  0   9            -4261.    (      44)
 f  3  0  0  0  0  0  3  0  0  0  0  0   9            -2187.    (      49)
 f  2  0  0  0  0  0  4  0  0  0  0  0   9            -4265.    (      46)
 f  1  0  0  0  0  0  5  0  0  0  0  0   9            -3360.    (      33)
 f  6  0  0  0  0  0  1  0  0  0  0  0   9            -2488.    (     118)
 f  5  0  0  0  0  0  2  0  0  0  0  0   9            -2942.    (     111)
 f  4  0  0  0  0  0  3  0  0  0  0  0   9            -1659.    (      99)
 f  3  0  0  0  0  0  4  0  0  0  0  0   9            -1112.    (      83)
 f  2  0  0  0  0  0  5  0  0  0  0  0   9             3527.    (      97)
 f  1  0  0  0  0  0  6  0  0  0  0  0   9             5641.    (      76)
 f  1  0  0  0  0  0  0  1  0  0  0  1   9           -7035.7    (      28)
 f  2  0  0  0  0  0  0  1  0  0  0  1   9             1690.    (      13)
 f  1  0  0  0  0  0  0  2  0  0  0  1   9           11035.0    (      89)
 f  3  0  0  0  0  0  0  1  0  0  0  1   9             -428.    (      37)
 f  2  0  0  0  0  0  0  2  0  0  0  1   9            -2131.    (      28)
 f  1  0  0  0  0  0  0  3  0  0  0  1   9            -5206.    (      28)
 f  4  0  0  0  0  0  0  1  0  0  0  1   9            -1667.    (     122)
 f  3  0  0  0  0  0  0  2  0  0  0  1   9            -1450.    (      87)
 f  2  0  0  0  0  0  0  3  0  0  0  1   9             3101.    (      78)
 f  1  0  0  0  0  0  0  4  0  0  0  1   9              521.    (      74)
 f  5  0  0  0  0  0  0  1  0  0  0  1   9            -1345.    (     116)
 f  4  0  0  0  0  0  0  2  0  0  0  1   9              306.    (     114)
 f  3  0  0  0  0  0  0  3  0  0  0  1   9             1573.    (     136)
 f  2  0  0  0  0  0  0  4  0  0  0  1   9            -2303.    (     121)
 f  1  0  0  0  0  0  0  5  0  0  0  1   9             3853.    (      90)
 f  6  0  0  0  0  0  0  1  0  0  0  1   9             -557.    (     329)
 f  5  0  0  0  0  0  0  2  0  0  0  1   9              749.    (     290)
 f  4  0  0  0  0  0  0  3  0  0  0  1   9             -569.    (     270)
 f  3  0  0  0  0  0  0  4  0  0  0  1   9            -1438.    (     217)
 f  2  0  0  0  0  0  0  5  0  0  0  1   9              834.    (     269)
 f  1  0  0  0  0  0  0  6  0  0  0  1   9            -3323.    (     209)
 f  1  0  0  0  0  0  0  0  0  1  0  1   9            -793.4    (      11)
 f  2  0  0  0  0  0  0  0  0  1  0  1   9             -95.1    (      42)
 f  1  0  0  0  0  0  0  0  0  2  0  0   9              89.2    (      23)
 f  1  0  0  0  0  0  0  0  0  2  0  1   9             341.8    (      88)
 f  3  0  0  0  0  0  0  0  0  1  0  1   9              -53.    (      16)
 f  2  0  0  0  0  0  0  0  0  2  0  0   9             193.0    (      52)
 f  2  0  0  0  0  0  0  0  0  2  0  1   9              -89.    (      20)
 f  1  0  0  0  0  0  0  0  0  1  2  0   9            -181.1    (      89)
 h  1  0  0  0  0  0  0  0  0  2  1 -1   9             1109.    (      22)
 f  4  0  0  0  0  0  0  0  0  1  0  1   9              -27.    (      35)
 f  3  0  0  0  0  0  0  0  0  2  0  0   9               63.    (      10)
 f  3  0  0  0  0  0  0  0  0  2  0  1   9              -51.    (      42)
 f  2  0  0  0  0  0  0  0  0  1  2  0   9              239.    (      12)
 h  2  0  0  0  0  0  0  0  0  2  1 -1   9              -18.    (      36)
 f  1  0  0  0  0  0  0  0  0  4  0  0   9            -234.7    (      80)
 f  1  0  0  0  0  0  0  0  0  4  0  1   9              111.    (      21)
 f  5  0  0  0  0  0  0  0  0  1  0  1   9               43.    (      51)
 f  4  0  0  0  0  0  0  0  0  2  0  0   9             -131.    (      17)
 f  4  0  0  0  0  0  0  0  0  2  0  1   9              -13.    (      66)
 f  3  0  0  0  0  0  0  0  0  1  2  0   9              132.    (      18)
 h  3  0  0  0  0  0  0  0  0  2  1 -1   9              -47.    (      74)
 f  2  0  0  0  0  0  0  0  0  4  0  0   9              -19.    (      13)
 f  2  0  0  0  0  0  0  0  0  4  0  1   9               13.    (      36)
 f  1  0  0  0  0  0  0  0  0  5  0  0   9              -24.    (      13)
 h  1  0  0  0  0  0  0  0  0  4  1 -1   9               72.    (      63)
 f  6  0  0  0  0  0  0  0  0  1  0  1   9               61.    (      98)
 f  5  0  0  0  0  0  0  0  0  2  0  0   9              -92.    (      45)
 f  5  0  0  0  0  0  0  0  0  2  0  1   9               24.    (     175)
 f  4  0  0  0  0  0  0  0  0  1  2  0   9               79.    (      64)
 h  4  0  0  0  0  0  0  0  0  2  1 -1   9              -70.    (     185)
 f  3  0  0  0  0  0  0  0  0  4  0  0   9              -77.    (      26)
 f  3  0  0  0  0  0  0  0  0  4  0  1   9               34.    (      74)
 f  2  0  0  0  0  0  0  0  0  5  0  0   9               -8.    (      20)
 h  2  0  0  0  0  0  0  0  0  4  1 -1   9             -106.    (      93)
 f  1  0  0  0  0  0  0  0  0  4  2  0   9              117.    (      46)
 f  1  0  0  0  0  0  0  0  0  2  4  0   9              140.    (      44)
------------------------------
*  FITTING OF THE POTENTIAL PARAMETERS TO AB INITIO DATA                        
*                                                                               
*  2016                                                                         
*  C2H6                                                                         
      rCOe                        9          1.42329691
      rOHe                        9          0.95732159
       rCH                        9          1.09068775
      aHOC                        9        107.55954402
      aHCO                        9        110.14201326
        a1                        0          2.16893551
        a2                        0          2.57276067
        b1                        0          1.78266276
        Sa                        0          0.00000000
        Sb                        0          0.00000000
 f   0   0   0   0   0   0   0   0   0   0   0   0   9  -25373693.44270530
 f   0   0   0   0   0   0   0   0   0   0   0   3   9        126.90728647
 f   0   0   0   0   0   0   0   0   0   0   0   6   9          0.63578914
 f   0   0   0   0   0   0   0   0   0   0   0   9   9         -0.00042861
 f   0   0   0   0   0   0   0   0   0   0   0  12   9          0.00023494
 f   0   0   0   0   0   0   0   0   0   0   0  15   9          0.00047607
 f   0   0   0   0   0   0   0   0   0   0   0  18   9         -0.00025723
 f   2   0   0   0   0   0   0   0   0   0   0   0   9      29498.05884128
 f   3   0   0   0   0   0   0   0   0   0   0   0   9       3617.34627865
 f   4   0   0   0   0   0   0   0   0   0   0   0   9       2924.35170675
 f   5   0   0   0   0   0   0   0   0   0   0   0   9       1766.71963037
 f   6   0   0   0   0   0   0   0   0   0   0   0   9       1217.56163684
 f   7   0   0   0   0   0   0   0   0   0   0   0   9        800.10423761
 f   8   0   0   0   0   0   0   0   0   0   0   0   9        266.58425918
 f   0   2   0   0   0   0   0   0   0   0   0   0   9      31938.38613935
 f   0   3   0   0   0   0   0   0   0   0   0   0   9       2798.51046514
 f   0   4   0   0   0   0   0   0   0   0   0   0   9       3129.84465194
 f   0   5   0   0   0   0   0   0   0   0   0   0   9       1783.96727518
 f   0   6   0   0   0   0   0   0   0   0   0   0   9       1273.03953169
 f   0   7   0   0   0   0   0   0   0   0   0   0   9        985.87113915
 f   0   8   0   0   0   0   0   0   0   0   0   0   9        398.46717570
 f   0   0   2   0   0   0   0   0   0   0   0   0   9     124409.06879019
 f   0   0   3   0   0   0   0   0   0   0   0   0   9     -11573.56023939
 f   0   0   4   0   0   0   0   0   0   0   0   0   9       8910.07820995
 f   0   0   5   0   0   0   0   0   0   0   0   0   9       2838.91749928
 f   0   0   6   0   0   0   0   0   0   0   0   0   9       2031.59747523
 f   0   0   7   0   0   0   0   0   0   0   0   0   9        855.17639513
 f   0   0   8   0   0   0   0   0   0   0   0   0   9        600.37377363
 f   0   0   0   1   0   0   0   0   0   0   0   1   9       4291.57260301
 f   0   0   0   2   0   0   0   0   0   0   0   1   9       4858.06683064
 f   0   0   0   3   0   0   0   0   0   0   0   1   9       3595.58781104
 f   0   0   0   4   0   0   0   0   0   0   0   1   9       2353.98540859
 f   0   0   0   5   0   0   0   0   0   0   0   1   9       1494.90195870
 f   0   0   0   6   0   0   0   0   0   0   0   1   9        870.03393677
 f   0   0   0   7   0   0   0   0   0   0   0   1   9       -558.44798908
 f   0   0   0   8   0   0   0   0   0   0   0   1   9      -1661.38177347
 f   0   0   0   0   0   2   0   0   0   0   0   0   9      19858.66071605
 f   0   0   0   0   0   3   0   0   0   0   0   0   9      -7673.70768992
 f   0   0   0   0   0   4   0   0   0   0   0   0   9      -1275.55170181
 f   0   0   0   0   0   5   0   0   0   0   0   0   9       -469.65172149
 f   0   0   0   0   0   6   0   0   0   0   0   0   9       -169.70008428
 f   0   0   0   0   0   7   0   0   0   0   0   0   9       -342.71915384
 f   0   0   0   0   0   8   0   0   0   0   0   0   9        411.36706818
 f   0   0   0   0   0   0   2   0   0   0   0   0   9      84528.69781488
 f   0   0   0   0   0   0   3   0   0   0   0   0   9     -11610.49676710
 f   0   0   0   0   0   0   4   0   0   0   0   0   9       6990.23917443
 f   0   0   0   0   0   0   5   0   0   0   0   0   9      -1029.47932645
 f   0   0   0   0   0   0   6   0   0   0   0   0   9      -3611.36012066
 f   0   0   0   0   0   0   7   0   0   0   0   0   9       2624.65258959
 f   0   0   0   0   0   0   8   0   0   0   0   0   9      -1360.83750283
 f   0   0   0   0   0   0   0   1   0   0   0   1   9      14906.90230859
 f   0   0   0   0   0   0   0   2   0   0   0   1   9      -7410.52734289
 f   0   0   0   0   0   0   0   3   0   0   0   1   9         -5.64117242
 f   0   0   0   0   0   0   0   4   0   0   0   1   9       1776.28078815
 f   0   0   0   0   0   0   0   5   0   0   0   1   9      -4741.14114363
 f   0   0   0   0   0   0   0   6   0   0   0   1   9       3698.14745456
 f   0   0   0   0   0   0   0   7   0   0   0   1   9       -967.67846891
 f   0   0   0   0   0   0   0   8   0   0   0   1   9       -363.12629288
 f   0   0   0   0   0   0   0   0   0   1   0   1   9        801.24657204
 f   0   0   0   0   0   0   0   0   0   2   0   0   9      19709.68703205
 f   0   0   0   0   0   0   0   0   0   2   0   1   9       -265.22163922
 f   0   0   0   0   0   0   0   0   0   1   2   0   9       5971.55538491
 h   0   0   0   0   0   0   0   0   0   2   1  -1   9       -825.92294924
 f   0   0   0   0   0   0   0   0   0   4   0   0   9         83.34615746
 f   0   0   0   0   0   0   0   0   0   4   0   1   9       -173.21150737
 f   0   0   0   0   0   0   0   0   0   5   0   0   9       -244.34238103
 f   0   0   0   0   0   0   0   0   0   4   2   0   9       -827.66626958
 f   0   0   0   0   0   0   0   0   0   2   4   0   9        175.05538945
 f   0   0   0   0   0   0   0   0   0   7   0   0   9        -29.89427455
 f   0   0   0   0   0   0   0   0   0   8   0   0   9         60.04015552
 f   0   0   0   0   0   0   0   0   0   8   0   1   9        -75.35437736
 f   1   0   0   0   0   0   0   0   0   0   0   3   9       -284.47243917
 f   1   0   0   0   0   0   0   0   0   0   0   6   9         -1.83894635
 f   1   0   0   0   0   0   0   0   0   0   0   9   9         -0.02536587
 f   1   0   0   0   0   0   0   0   0   0   0  12   9          0.00386481
 f   2   0   0   0   0   0   0   0   0   0   0   3   9        166.69713478
 f   2   0   0   0   0   0   0   0   0   0   0   6   9          1.95717509
 f   2   0   0   0   0   0   0   0   0   0   0   9   9          0.04461280
 f   3   0   0   0   0   0   0   0   0   0   0   3   9         -6.49719667
 f   3   0   0   0   0   0   0   0   0   0   0   6   9         -1.06582115
 f   3   0   0   0   0   0   0   0   0   0   0   9   9          0.05565231
 f   4   0   0   0   0   0   0   0   0   0   0   3   9         -1.72064866
 f   4   0   0   0   0   0   0   0   0   0   0   6   9          0.78157191
 f   5   0   0   0   0   0   0   0   0   0   0   3   9         -2.19260471
 f   1   1   0   0   0   0   0   0   0   0   0   0   9       -748.99629652
 f   2   1   0   0   0   0   0   0   0   0   0   0   9      -1303.32558758
 f   1   2   0   0   0   0   0   0   0   0   0   0   9        267.31045619
 f   3   1   0   0   0   0   0   0   0   0   0   0   9       -201.76753425
 f   2   2   0   0   0   0   0   0   0   0   0   0   9       -800.41598172
 f   1   3   0   0   0   0   0   0   0   0   0   0   9        296.86480511
 f   4   1   0   0   0   0   0   0   0   0   0   0   9        -22.33483323
 f   3   2   0   0   0   0   0   0   0   0   0   0   9       -214.75502251
 f   2   3   0   0   0   0   0   0   0   0   0   0   9       -498.61044742
 f   1   4   0   0   0   0   0   0   0   0   0   0   9        477.05604646
 f   3   3   0   0   0   0   0   0   0   0   0   0   9       -163.60575416
 f   2   4   0   0   0   0   0   0   0   0   0   0   9       -419.59861892
 f   1   5   0   0   0   0   0   0   0   0   0   0   9        580.75280125
 f   6   1   0   0   0   0   0   0   0   0   0   0   9        -84.74029379
 f   5   2   0   0   0   0   0   0   0   0   0   0   9        395.72200179
 f   4   3   0   0   0   0   0   0   0   0   0   0   9        -80.74431820
 f   3   4   0   0   0   0   0   0   0   0   0   0   9        714.25117954
 f   2   5   0   0   0   0   0   0   0   0   0   0   9       -642.91491569
 f   7   1   0   0   0   0   0   0   0   0   0   0   9       -190.64711878
 f   5   3   0   0   0   0   0   0   0   0   0   0   9        495.62563096
 f   3   5   0   0   0   0   0   0   0   0   0   0   9        580.56266088
 f   2   6   0   0   0   0   0   0   0   0   0   0   9       -435.09984023
 f   1   7   0   0   0   0   0   0   0   0   0   0   9       -210.82541801
 f   1   0   1   0   0   0   0   0   0   0   0   0   9       7879.60674069
 f   2   0   1   0   0   0   0   0   0   0   0   0   9      -4907.47374677
 f   1   0   2   0   0   0   0   0   0   0   0   0   9       8209.23246455
 f   3   0   1   0   0   0   0   0   0   0   0   0   9       -660.25534534
 f   2   0   2   0   0   0   0   0   0   0   0   0   9      -2640.46029933
 f   1   0   3   0   0   0   0   0   0   0   0   0   9       4633.26777248
 f   4   0   1   0   0   0   0   0   0   0   0   0   9       -279.19092995
 f   3   0   2   0   0   0   0   0   0   0   0   0   9       -565.28847615
 f   2   0   3   0   0   0   0   0   0   0   0   0   9      -1062.20020886
 f   1   0   4   0   0   0   0   0   0   0   0   0   9       2707.24029386
 f   5   0   1   0   0   0   0   0   0   0   0   0   9       -299.22473214
 f   4   0   2   0   0   0   0   0   0   0   0   0   9       -490.25624367
 f   3   0   3   0   0   0   0   0   0   0   0   0   9       -758.83926622
 f   2   0   4   0   0   0   0   0   0   0   0   0   9        -13.90087039
 f   1   0   5   0   0   0   0   0   0   0   0   0   9        690.72658952
 f   6   0   1   0   0   0   0   0   0   0   0   0   9       -149.70644209
 f   5   0   2   0   0   0   0   0   0   0   0   0   9       -529.19685113
 f   4   0   3   0   0   0   0   0   0   0   0   0   9        -41.51025257
 f   3   0   4   0   0   0   0   0   0   0   0   0   9       -927.70630262
 f   2   0   5   0   0   0   0   0   0   0   0   0   9        847.34928735
 f   1   0   6   0   0   0   0   0   0   0   0   0   9       -789.92850882
 f   1   0   0   1   0   0   0   0   0   0   0   1   9      -5596.29665457
 f   2   0   0   1   0   0   0   0   0   0   0   1   9       1576.21550722
 f   1   0   0   2   0   0   0   0   0   0   0   1   9      -5841.39837863
 f   3   0   0   1   0   0   0   0   0   0   0   1   9       -224.75199457
 f   2   0   0   2   0   0   0   0   0   0   0   1   9        942.21397351
 f   1   0   0   3   0   0   0   0   0   0   0   1   9      -4029.24290096
 f   4   0   0   1   0   0   0   0   0   0   0   1   9       -151.36022530
 f   3   0   0   2   0   0   0   0   0   0   0   1   9        141.05434612
 f   1   0   0   4   0   0   0   0   0   0   0   1   9      -2168.49189608
 f   5   0   0   1   0   0   0   0   0   0   0   1   9         71.77301891
 f   4   0   0   2   0   0   0   0   0   0   0   1   9       -148.03839018
 f   3   0   0   3   0   0   0   0   0   0   0   1   9        521.81068195
 f   2   0   0   4   0   0   0   0   0   0   0   1   9      -1158.33767306
 f   1   0   0   5   0   0   0   0   0   0   0   1   9       -154.53796382
 f   3   0   0   4   0   0   0   0   0   0   0   1   9        512.65759067
 f   2   0   0   5   0   0   0   0   0   0   0   1   9      -1608.01053949
 f   1   0   0   6   0   0   0   0   0   0   0   1   9       1126.63889341
 f   1   0   0   0   0   1   0   0   0   0   0   0   9       9645.07562128
 f   2   0   0   0   0   1   0   0   0   0   0   0   9       -387.79965936
 f   1   0   0   0   0   2   0   0   0   0   0   0   9      -9531.25705900
 f   3   0   0   0   0   1   0   0   0   0   0   0   9      -1025.96080339
 f   2   0   0   0   0   2   0   0   0   0   0   0   9      -2050.94613590
 f   1   0   0   0   0   3   0   0   0   0   0   0   9       5272.37760094
 f   4   0   0   0   0   1   0   0   0   0   0   0   9       -678.66723445
 f   3   0   0   0   0   2   0   0   0   0   0   0   9       -299.19459858
 f   2   0   0   0   0   3   0   0   0   0   0   0   9       2974.66058925
 f   1   0   0   0   0   4   0   0   0   0   0   0   9        -96.49753280
 f   5   0   0   0   0   1   0   0   0   0   0   0   9       -494.32264850
 f   4   0   0   0   0   2   0   0   0   0   0   0   9       -514.44270209
 f   3   0   0   0   0   3   0   0   0   0   0   0   9        446.31004848
 f   6   0   0   0   0   1   0   0   0   0   0   0   9      -1578.07509040
 f   5   0   0   0   0   2   0   0   0   0   0   0   9      -1655.44345801
 f   4   0   0   0   0   3   0   0   0   0   0   0   9       -163.53389733
 f   3   0   0   0   0   4   0   0   0   0   0   0   9        899.02196217
 f   2   0   0   0   0   5   0   0   0   0   0   0   9        319.03150205
 f   7   0   0   0   0   1   0   0   0   0   0   0   9      -1717.12263551
 f   6   0   0   0   0   2   0   0   0   0   0   0   9      -1134.85315006
 f   5   0   0   0   0   3   0   0   0   0   0   0   9       1532.17899147
 f   4   0   0   0   0   4   0   0   0   0   0   0   9       2118.75763701
 f   3   0   0   0   0   5   0   0   0   0   0   0   9        677.17022907
 f   2   0   0   0   0   6   0   0   0   0   0   0   9       -484.28092022
 f   1   0   0   0   0   7   0   0   0   0   0   0   9       -671.43776907
 f   1   0   0   0   0   0   1   0   0   0   0   0   9      32727.98727086
 f   2   0   0   0   0   0   1   0   0   0   0   0   9       1602.27524242
 f   1   0   0   0   0   0   2   0   0   0   0   0   9     -41507.43956716
 f   3   0   0   0   0   0   1   0   0   0   0   0   9        259.72595385
 f   2   0   0   0   0   0   2   0   0   0   0   0   9      -6428.51390782
 f   1   0   0   0   0   0   3   0   0   0   0   0   9      20981.25800990
 f   4   0   0   0   0   0   1   0   0   0   0   0   9       -253.25383591
 f   3   0   0   0   0   0   2   0   0   0   0   0   9      -2921.45556024
 f   2   0   0   0   0   0   3   0   0   0   0   0   9       2489.83975421
 f   1   0   0   0   0   0   4   0   0   0   0   0   9      -7649.43991213
 f   5   0   0   0   0   0   1   0   0   0   0   0   9      -2546.94603466
 f   4   0   0   0   0   0   2   0   0   0   0   0   9      -4261.49404813
 f   3   0   0   0   0   0   3   0   0   0   0   0   9      -2187.29395049
 f   2   0   0   0   0   0   4   0   0   0   0   0   9      -4265.26286853
 f   1   0   0   0   0   0   5   0   0   0   0   0   9      -3360.05685001
 f   6   0   0   0   0   0   1   0   0   0   0   0   9      -2487.90443093
 f   5   0   0   0   0   0   2   0   0   0   0   0   9      -2942.11608360
 f   4   0   0   0   0   0   3   0   0   0   0   0   9      -1658.55189496
 f   3   0   0   0   0   0   4   0   0   0   0   0   9      -1111.52253965
 f   2   0   0   0   0   0   5   0   0   0   0   0   9       3526.93934350
 f   1   0   0   0   0   0   6   0   0   0   0   0   9       5640.89939670
 f   1   0   0   0   0   0   0   1   0   0   0   1   9      -7035.73404710
 f   2   0   0   0   0   0   0   1   0   0   0   1   9       1689.69346496
 f   1   0   0   0   0   0   0   2   0   0   0   1   9      11035.03735465
 f   3   0   0   0   0   0   0   1   0   0   0   1   9       -428.09178469
 f   2   0   0   0   0   0   0   2   0   0   0   1   9      -2130.71205115
 f   1   0   0   0   0   0   0   3   0   0   0   1   9      -5205.66995562
 f   4   0   0   0   0   0   0   1   0   0   0   1   9      -1666.74774305
 f   3   0   0   0   0   0   0   2   0   0   0   1   9      -1450.38929003
 f   2   0   0   0   0   0   0   3   0   0   0   1   9       3100.81910259
 f   1   0   0   0   0   0   0   4   0   0   0   1   9        521.28142383
 f   5   0   0   0   0   0   0   1   0   0   0   1   9      -1345.45810748
 f   4   0   0   0   0   0   0   2   0   0   0   1   9        305.61597054
 f   3   0   0   0   0   0   0   3   0   0   0   1   9       1572.51965659
 f   2   0   0   0   0   0   0   4   0   0   0   1   9      -2303.38733442
 f   1   0   0   0   0   0   0   5   0   0   0   1   9       3852.72978072
 f   6   0   0   0   0   0   0   1   0   0   0   1   9       -557.16990512
 f   5   0   0   0   0   0   0   2   0   0   0   1   9        748.54136702
 f   4   0   0   0   0   0   0   3   0   0   0   1   9       -569.02986163
 f   3   0   0   0   0   0   0   4   0   0   0   1   9      -1438.03834380
 f   2   0   0   0   0   0   0   5   0   0   0   1   9        834.17606687
 f   1   0   0   0   0   0   0   6   0   0   0   1   9      -3322.73961689
 f   1   0   0   0   0   0   0   0   0   1   0   1   9       -793.40381484
 f   2   0   0   0   0   0   0   0   0   1   0   1   9        -95.11447053
 f   1   0   0   0   0   0   0   0   0   2   0   0   9         89.15680373
 f   1   0   0   0   0   0   0   0   0   2   0   1   9        341.80290525
 f   3   0   0   0   0   0   0   0   0   1   0   1   9        -52.66064919
 f   2   0   0   0   0   0   0   0   0   2   0   0   9        193.00293221
 f   2   0   0   0   0   0   0   0   0   2   0   1   9        -88.89859429
 f   1   0   0   0   0   0   0   0   0   1   2   0   9       -181.10995860
 h   1   0   0   0   0   0   0   0   0   2   1  -1   9       1109.46491692
 f   4   0   0   0   0   0   0   0   0   1   0   1   9        -26.66313818
 f   3   0   0   0   0   0   0   0   0   2   0   0   9         62.68874209
 f   3   0   0   0   0   0   0   0   0   2   0   1   9        -50.86897464
 f   2   0   0   0   0   0   0   0   0   1   2   0   9        239.13301304
 h   2   0   0   0   0   0   0   0   0   2   1  -1   9        -18.36495400
 f   1   0   0   0   0   0   0   0   0   4   0   0   9       -234.66678933
 f   1   0   0   0   0   0   0   0   0   4   0   1   9        110.96529893
 f   5   0   0   0   0   0   0   0   0   1   0   1   9         42.57166877
 f   4   0   0   0   0   0   0   0   0   2   0   0   9       -131.12295248
 f   4   0   0   0   0   0   0   0   0   2   0   1   9        -12.53172022
 f   3   0   0   0   0   0   0   0   0   1   2   0   9        131.51591929
 h   3   0   0   0   0   0   0   0   0   2   1  -1   9        -46.69323894
 f   2   0   0   0   0   0   0   0   0   4   0   0   9        -18.62294039
 f   2   0   0   0   0   0   0   0   0   4   0   1   9         13.07383270
 f   1   0   0   0   0   0   0   0   0   5   0   0   9        -23.95424576
 h   1   0   0   0   0   0   0   0   0   4   1  -1   9         72.44446926
 f   6   0   0   0   0   0   0   0   0   1   0   1   9         61.13675814
 f   5   0   0   0   0   0   0   0   0   2   0   0   9        -92.34843064
 f   5   0   0   0   0   0   0   0   0   2   0   1   9         23.88982467
 f   4   0   0   0   0   0   0   0   0   1   2   0   9         78.77115854
 h   4   0   0   0   0   0   0   0   0   2   1  -1   9        -69.51692681
 f   3   0   0   0   0   0   0   0   0   4   0   0   9        -77.39730967
 f   3   0   0   0   0   0   0   0   0   4   0   1   9         33.92469872
 f   2   0   0   0   0   0   0   0   0   5   0   0   9         -8.47077114
 h   2   0   0   0   0   0   0   0   0   4   1  -1   9       -106.39168692
 f   1   0   0   0   0   0   0   0   0   4   2   0   9        117.24069644
 f   1   0   0   0   0   0   0   0   0   2   4   0   9        139.51800653

Correlation coefficients larger than 0.9: 
          corr(  16,  18) =  0.9385936
          corr(  20,  22) =  0.9502770
          corr(  21,  23) =  0.9073875
          corr(  22,  24) =  0.9684537
          corr(  23,  25) =  0.9394095
          corr(  24,  26) =  0.9237102
          corr(  25,  26) =  0.9211929
          corr(  27,  29) =  0.9061731
          corr(  28,  30) =  0.9210085
          corr(  29,  31) =  0.9466421
          corr(  30,  32) =  0.9674500
          corr(  31,  33) =  0.9490088
          corr(  35,  37) =  0.9320683
          corr(  36,  38) =  0.9452572
          corr(  37,  39) =  0.9415773
          corr(  38,  40) =  0.9806709
          corr(  39,  41) =  0.9435674
          corr(  45,  47) =  0.9521987
          corr(  49,  51) =  0.9341576
          corr(  51,  53) =  0.9415096
          corr(  52,  54) =  0.9707902
          corr(  57,  59) =  0.9298959
          corr(  59,  61) =  0.9355834
          corr(  60,  62) =  0.9705622
          corr(  64,  68) =  0.9256889
          corr(  67,  71) =  0.9956778
          corr(  67,  73) =  0.9508444
          corr(  67,  74) =  0.9198595
          corr(  71,  73) =  0.9419972
          corr(  71,  74) =  0.9511665
          corr(  81,  87) =  0.9322037
          corr(  82,  88) =  0.9421643
          corr(  84,  89) =  0.9659305
          corr(  94, 101) =  0.9230810
          corr(  96, 103) =  0.9195999
          corr( 116, 123) =  0.9269698
          corr( 118, 127) =  0.9361922
          corr( 119, 128) =  0.9471465
          corr( 122, 133) =  0.9549327
          corr( 135, 140) =  0.9240076
          corr( 137, 143) =  0.9343754
          corr( 139, 147) =  0.9372840
          corr( 142, 150) =  0.9567527
          corr( 155, 162) =  0.9276016
          corr( 157, 164) =  0.9535844
          corr( 161, 169) =  0.9181531
          corr( 168, 174) =  0.9323638
          corr( 179, 186) =  0.9501379
          corr( 181, 190) =  0.9031773
          corr( 182, 191) =  0.9554144
          corr( 200, 207) =  0.9510332
          corr( 202, 211) =  0.9126115
          corr( 203, 212) =  0.9558383
          corr( 222, 234) =  0.9569844
          corr( 226, 242) =  0.9336420
          corr( 227, 243) =  0.9028156

               --------------------------------------------------------------------------------
               :     old parm   :     new parm   :  delta parm  :   std. err.  : sensitility
               --------------------------------------------------------------------------------
  1  rCOe       :          1.42  :          1.42  :        -0.000:         0.000:         0.000:!
  2  rOHe       :          0.96  :          0.96  :         0.000:         0.000:         0.000:!
  3  rCH        :          1.09  :          1.09  :        -0.000:         0.000:         0.000:!
  4  aHOC       :        107.56  :        107.56  :         0.000:         0.000:         0.000:!
  5  aHCO       :        110.14  :        110.14  :         0.000:         0.000:         0.000:!
  6  f          :  -25373693.44  :  -25373693.44  :        -0.000:         0.008:         0.000:!
  7  f          :        126.91  :        126.91  :         0.000:         0.009:         0.000:!
  8  f          :          0.64  :          0.64  :         0.000:         0.009:         0.000:!
  9##f          :         -0.00  :         -0.00  :        -0.000:         0.008:         0.000:!#
 10##f          :          0.00  :          0.00  :        -0.000:         0.006:         0.000:!#
 11##f          :          0.00  :          0.00  :        -0.000:         0.006:         0.000:!#
 12##f          :         -0.00  :         -0.00  :        -0.000:         0.006:         0.000:!#
 13  f          :      29498.06  :      29498.06  :         0.000:         0.242:         0.000:!
 14  f          :       3617.35  :       3617.35  :        -0.000:         1.190:         0.001:!
 15  f          :       2924.35  :       2924.35  :        -0.000:         2.523:         0.001:!
 16  f          :       1766.72  :       1766.72  :         0.000:         7.929:         0.002:!
 17  f          :       1217.56  :       1217.56  :         0.000:        12.005:         0.005:!
 18  f          :        800.10  :        800.10  :        -0.000:        18.705:         0.008:!
 19  f          :        266.58  :        266.58  :        -0.000:        23.988:         0.016:!
 20  f          :      31938.39  :      31938.39  :         0.000:         0.619:         0.001:!
 21  f          :       2798.51  :       2798.51  :        -0.000:         2.497:         0.003:!
 22  f          :       3129.84  :       3129.84  :        -0.000:         9.168:         0.007:!
 23  f          :       1783.97  :       1783.97  :         0.000:        17.828:         0.017:!
 24  f          :       1273.04  :       1273.04  :         0.000:        40.425:         0.036:!
 25  f          :        985.87  :        985.87  :        -0.000:        41.488:         0.069:!
 26  f          :        398.47  :        398.47  :        -0.000:        49.386:         0.091:!
 27  f          :     124409.07  :     124409.07  :         0.000:         1.321:         0.003:!
 28  f          :     -11573.56  :     -11573.56  :        -0.000:         7.624:         0.007:!
 29  f          :       8910.08  :       8910.08  :        -0.000:        28.649:         0.016:!
 30  f          :       2838.92  :       2838.92  :         0.000:        77.162:         0.039:!
 31  f          :       2031.60  :       2031.60  :         0.000:       207.449:         0.090:!
 32  f          :        855.18  :        855.18  :        -0.000:       245.681:         0.202:!
 33  f          :        600.37  :        600.37  :        -0.000:       519.355:         0.448:!
 34  f          :       4291.57  :       4291.57  :        -0.000:         0.596:         0.002:!
 35  f          :       4858.07  :       4858.07  :         0.000:         3.371:         0.007:!
 36  f          :       3595.59  :       3595.59  :         0.000:        19.470:         0.019:!
 37  f          :       2353.99  :       2353.99  :        -0.000:        76.354:         0.047:!
 38  f          :       1494.90  :       1494.90  :        -0.000:       218.513:         0.114:!
 39  f          :        870.03  :        870.03  :        -0.000:       568.928:         0.266:!
 40##f          :       -558.45  :       -558.45  :        -0.000:       729.723:         0.614:!#
 41  f          :      -1661.38  :      -1661.38  :         0.000:      1477.773:         1.395:!
 42  f          :      19858.66  :      19858.66  :         0.000:         0.448:         0.001:!
 43  f          :      -7673.71  :      -7673.71  :         0.000:         1.831:         0.001:!
 44  f          :      -1275.55  :      -1275.55  :         0.000:         5.156:         0.001:!
 45  f          :       -469.65  :       -469.65  :        -0.000:        13.180:         0.001:!
 46  f          :       -169.70  :       -169.70  :        -0.000:        15.707:         0.001:!
 47  f          :       -342.72  :       -342.72  :         0.000:        30.493:         0.001:!
 48  f          :        411.37  :        411.37  :        -0.000:        25.299:         0.002:!
 49  f          :      84528.70  :      84528.70  :         0.000:         1.094:         0.002:!
 50  f          :     -11610.50  :     -11610.50  :         0.000:         3.851:         0.004:!
 51  f          :       6990.24  :       6990.24  :        -0.000:        13.925:         0.008:!
 52  f          :      -1029.48  :      -1029.48  :        -0.000:        30.185:         0.015:!
 53  f          :      -3611.36  :      -3611.36  :         0.000:        54.251:         0.028:!
 54  f          :       2624.65  :       2624.65  :         0.000:        69.950:         0.054:!
 55  f          :      -1360.84  :      -1360.84  :        -0.000:        75.628:         0.100:!
 56  f          :      14906.90  :      14906.90  :         0.000:         0.514:         0.002:!
 57  f          :      -7410.53  :      -7410.53  :         0.000:         2.643:         0.005:!
 58##f          :         -5.64  :         -5.64  :         0.000:        10.660:         0.011:!#
 59  f          :       1776.28  :       1776.28  :        -0.000:        35.362:         0.021:!
 60  f          :      -4741.14  :      -4741.14  :        -0.000:        83.648:         0.042:!
 61  f          :       3698.15  :       3698.15  :         0.000:       142.186:         0.080:!
 62  f          :       -967.68  :       -967.68  :         0.000:       194.208:         0.152:!
 63  f          :       -363.13  :       -363.13  :        -0.000:       207.224:         0.283:!
 64  f          :        801.25  :        801.25  :        -0.000:         0.175:         0.001:!
 65  f          :      19709.69  :      19709.69  :         0.000:         0.665:         0.001:!
 66  f          :       -265.22  :       -265.22  :        -0.000:         2.413:         0.003:!
 67  f          :       5971.56  :       5971.56  :        -0.000:         9.147:         0.002:!
 68  h          :       -825.92  :       -825.92  :        -0.000:         1.539:         0.005:!
 69  f          :         83.35  :         83.35  :        -0.000:         3.706:         0.001:!
 70  f          :       -173.21  :       -173.21  :         0.000:        11.297:         0.003:!
 71  f          :       -244.34  :       -244.34  :        -0.000:        19.033:         0.002:!
 72  f          :       -827.67  :       -827.67  :         0.000:        30.940:         0.013:!
 73  f          :        175.06  :        175.06  :         0.000:        59.901:         0.005:!
 74  f          :        -29.89  :        -29.89  :         0.000:         8.354:         0.001:!
 75  f          :         60.04  :         60.04  :        -0.000:         2.879:         0.001:!
 76  f          :        -75.35  :        -75.35  :        -0.000:         8.630:         0.003:!
 77  f          :       -284.47  :       -284.47  :         0.000:         0.066:         0.000:!
 78  f          :         -1.84  :         -1.84  :         0.000:         0.042:         0.000:!
 79##f          :         -0.03  :         -0.03  :        -0.000:         0.041:         0.000:!#
 80##f          :          0.00  :          0.00  :         0.000:         0.019:         0.000:!#
 81  f          :        166.70  :        166.70  :        -0.000:         0.198:         0.000:!
 82  f          :          1.96  :          1.96  :        -0.000:         0.191:         0.000:!
 83##f          :          0.04  :          0.04  :         0.000:         0.066:         0.000:!#
 84  f          :         -6.50  :         -6.50  :        -0.000:         0.898:         0.001:!
 85  f          :         -1.07  :         -1.07  :        -0.000:         0.229:         0.001:!
 86##f          :          0.06  :          0.06  :         0.000:         0.211:         0.001:!#
 87  f          :         -1.72  :         -1.72  :         0.000:         0.808:         0.001:!
 88  f          :          0.78  :          0.78  :         0.000:         0.713:         0.001:!
 89##f          :         -2.19  :         -2.19  :         0.000:         2.688:         0.002:!#
 90  f          :       -749.00  :       -749.00  :        -0.000:         0.752:         0.002:!
 91  f          :      -1303.33  :      -1303.33  :        -0.000:         2.339:         0.006:!
 92  f          :        267.31  :        267.31  :         0.000:         1.556:         0.005:!
 93  f          :       -201.77  :       -201.77  :         0.000:         6.650:         0.014:!
 94  f          :       -800.42  :       -800.42  :        -0.000:         3.846:         0.017:!
 95  f          :        296.86  :        296.86  :         0.000:        10.545:         0.014:!
 96##f          :        -22.33  :        -22.33  :         0.000:        22.432:         0.033:!#
 97  f          :       -214.76  :       -214.76  :        -0.000:        15.433:         0.049:!
 98  f          :       -498.61  :       -498.61  :         0.000:        20.418:         0.047:!
 99  f          :        477.06  :        477.06  :        -0.000:         9.541:         0.035:!
100  f          :       -163.61  :       -163.61  :        -0.000:        60.428:         0.139:!
101  f          :       -419.60  :       -419.60  :         0.000:        34.498:         0.118:!
102  f          :        580.75  :        580.75  :        -0.000:        44.748:         0.082:!
103  f          :        -84.74  :        -84.74  :        -0.000:        65.117:         0.145:!
104  f          :        395.72  :        395.72  :         0.000:        52.621:         0.293:!
105  f          :        -80.74  :        -80.74  :         0.000:        75.640:         0.355:!
106  f          :        714.25  :        714.25  :        -0.000:        67.148:         0.327:!
107  f          :       -642.91  :       -642.91  :        -0.000:        72.018:         0.252:!
108  f          :       -190.65  :       -190.65  :        -0.000:        73.915:         0.276:!
109  f          :        495.63  :        495.63  :         0.000:       222.337:         0.705:!
110  f          :        580.56  :        580.56  :         0.000:       162.346:         0.515:!
111  f          :       -435.10  :       -435.10  :        -0.000:        69.194:         0.368:!
112  f          :       -210.83  :       -210.83  :         0.000:        37.330:         0.228:!
113  f          :       7879.61  :       7879.61  :        -0.000:         1.183:         0.004:!
114  f          :      -4907.47  :      -4907.47  :         0.000:         4.452:         0.010:!
115  f          :       8209.23  :       8209.23  :        -0.000:         4.414:         0.012:!
116  f          :       -660.26  :       -660.26  :         0.000:        13.705:         0.025:!
117  f          :      -2640.46  :      -2640.46  :        -0.000:        13.048:         0.039:!
118  f          :       4633.27  :       4633.27  :         0.000:        18.794:         0.036:!
119  f          :       -279.19  :       -279.19  :        -0.000:        41.362:         0.053:!
120  f          :       -565.29  :       -565.29  :        -0.000:        41.748:         0.103:!
121  f          :      -1062.20  :      -1062.20  :        -0.000:        59.487:         0.122:!
122  f          :       2707.24  :       2707.24  :        -0.000:        67.472:         0.093:!
123  f          :       -299.22  :       -299.22  :        -0.000:        40.512:         0.108:!
124  f          :       -490.26  :       -490.26  :         0.000:        46.075:         0.240:!
125  f          :       -758.84  :       -758.84  :         0.000:        82.856:         0.354:!
126##f          :        -13.90  :        -13.90  :         0.000:        72.062:         0.339:!#
127  f          :        690.73  :        690.73  :        -0.000:        73.836:         0.233:!
128  f          :       -149.71  :       -149.71  :         0.000:       113.390:         0.209:!
129  f          :       -529.20  :       -529.20  :         0.000:       129.755:         0.509:!
130##f          :        -41.51  :        -41.51  :         0.000:       177.662:         0.890:!#
131  f          :       -927.71  :       -927.71  :         0.000:       200.467:         1.031:!
132  f          :        847.35  :        847.35  :         0.000:       260.219:         0.870:!
133  f          :       -789.93  :       -789.93  :        -0.000:       269.784:         0.562:!
134  f          :      -5596.30  :      -5596.30  :         0.000:         3.285:         0.010:!
135  f          :       1576.22  :       1576.22  :        -0.000:         6.246:         0.029:!
136  f          :      -5841.40  :      -5841.40  :         0.000:        11.343:         0.035:!
137  f          :       -224.75  :       -224.75  :        -0.000:        35.846:         0.071:!
138  f          :        942.21  :        942.21  :        -0.000:        32.476:         0.113:!
139  f          :      -4029.24  :      -4029.24  :        -0.000:        52.936:         0.102:!
140  f          :       -151.36  :       -151.36  :         0.000:        26.399:         0.154:!
141  f          :        141.05  :        141.05  :         0.000:        52.065:         0.305:!
142  f          :      -2168.49  :      -2168.49  :         0.000:       176.864:         0.270:!
143##f          :         71.77  :         71.77  :         0.000:        96.286:         0.312:!#
144  f          :       -148.04  :       -148.04  :         0.000:       113.450:         0.718:!
145  f          :        521.81  :        521.81  :        -0.000:       229.944:         1.066:!
146  f          :      -1158.34  :      -1158.34  :         0.000:       188.401:         1.006:!
147##f          :       -154.54  :       -154.54  :        -0.000:       206.495:         0.674:!#
148##f          :        512.66  :        512.66  :        -0.000:       535.726:         3.156:!#
149  f          :      -1608.01  :      -1608.01  :         0.000:       263.168:         2.589:!
150  f          :       1126.64  :       1126.64  :        -0.000:       690.845:         1.631:!
151  f          :       9645.08  :       9645.08  :         0.000:         0.604:         0.002:!
152  f          :       -387.80  :       -387.80  :         0.000:         2.429:         0.004:!
153  f          :      -9531.26  :      -9531.26  :         0.000:         1.436:         0.003:!
154  f          :      -1025.96  :      -1025.96  :        -0.000:        10.571:         0.010:!
155  f          :      -2050.95  :      -2050.95  :        -0.000:         5.152:         0.011:!
156  f          :       5272.38  :       5272.38  :        -0.000:         2.733:         0.005:!
157  f          :       -678.67  :       -678.67  :        -0.000:        25.049:         0.022:!
158  f          :       -299.19  :       -299.19  :        -0.000:        15.397:         0.027:!
159  f          :       2974.66  :       2974.66  :        -0.000:        15.712:         0.019:!
160  f          :        -96.50  :        -96.50  :        -0.000:         5.210:         0.007:!
161  f          :       -494.32  :       -494.32  :         0.000:        68.827:         0.043:!
162  f          :       -514.44  :       -514.44  :         0.000:        46.053:         0.061:!
163  f          :        446.31  :        446.31  :         0.000:        40.926:         0.055:!
164  f          :      -1578.08  :      -1578.08  :         0.000:        72.873:         0.084:!
165  f          :      -1655.44  :      -1655.44  :         0.000:        52.214:         0.128:!
166  f          :       -163.53  :       -163.53  :         0.000:        48.063:         0.133:!
167  f          :        899.02  :        899.02  :        -0.000:        45.865:         0.094:!
168  f          :        319.03  :        319.03  :        -0.000:        45.931:         0.037:!
169  f          :      -1717.12  :      -1717.12  :         0.000:       167.259:         0.158:!
170  f          :      -1134.85  :      -1134.85  :        -0.000:       122.937:         0.255:!
171  f          :       1532.18  :       1532.18  :        -0.000:       107.924:         0.289:!
172  f          :       2118.76  :       2118.76  :        -0.000:        63.162:         0.253:!
173  f          :        677.17  :        677.17  :        -0.000:        70.099:         0.137:!
174  f          :       -484.28  :       -484.28  :         0.000:        40.135:         0.045:!
175  f          :       -671.44  :       -671.44  :         0.000:         6.460:         0.011:!
176  f          :      32727.99  :      32727.99  :         0.000:         0.999:         0.003:!
177  f          :       1602.28  :       1602.28  :         0.000:         4.514:         0.009:!
178  f          :     -41507.44  :     -41507.44  :         0.000:         3.392:         0.009:!
179  f          :        259.73  :        259.73  :        -0.000:        13.232:         0.022:!
180  f          :      -6428.51  :      -6428.51  :         0.000:        10.978:         0.026:!
181  f          :      20981.26  :      20981.26  :        -0.000:        10.243:         0.018:!
182  f          :       -253.25  :       -253.25  :         0.000:        43.724:         0.046:!
183  f          :      -2921.46  :      -2921.46  :         0.000:        33.283:         0.064:!
184  f          :       2489.84  :       2489.84  :        -0.000:        27.841:         0.056:!
185  f          :      -7649.44  :      -7649.44  :        -0.000:        26.833:         0.036:!
186  f          :      -2546.95  :      -2546.95  :         0.000:        42.032:         0.093:!
187  f          :      -4261.49  :      -4261.49  :        -0.000:        43.823:         0.146:!
188  f          :      -2187.29  :      -2187.29  :        -0.000:        49.468:         0.146:!
189  f          :      -4265.26  :      -4265.26  :        -0.000:        46.326:         0.113:!
190  f          :      -3360.06  :      -3360.06  :        -0.000:        33.448:         0.070:!
191  f          :      -2487.90  :      -2487.90  :        -0.000:       118.492:         0.180:!
192  f          :      -2942.12  :      -2942.12  :        -0.000:       110.554:         0.305:!
193  f          :      -1658.55  :      -1658.55  :        -0.000:        98.704:         0.341:!
194  f          :      -1111.52  :      -1111.52  :         0.000:        83.403:         0.300:!
195  f          :       3526.94  :       3526.94  :         0.000:        97.233:         0.221:!
196  f          :       5640.90  :       5640.90  :         0.000:        76.010:         0.135:!
197  f          :      -7035.73  :      -7035.73  :        -0.000:         2.754:         0.010:!
198  f          :       1689.69  :       1689.69  :         0.000:        12.656:         0.026:!
199  f          :      11035.04  :      11035.04  :         0.000:         8.920:         0.024:!
200  f          :       -428.09  :       -428.09  :         0.000:        36.594:         0.062:!
201  f          :      -2130.71  :      -2130.71  :        -0.000:        28.435:         0.072:!
202  f          :      -5205.67  :      -5205.67  :        -0.000:        28.387:         0.052:!
203  f          :      -1666.75  :      -1666.75  :        -0.000:       121.889:         0.131:!
204  f          :      -1450.39  :      -1450.39  :        -0.000:        86.605:         0.177:!
205  f          :       3100.82  :       3100.82  :         0.000:        77.946:         0.155:!
206  f          :        521.28  :        521.28  :        -0.000:        74.260:         0.104:!
207  f          :      -1345.46  :      -1345.46  :        -0.000:       116.166:         0.265:!
208  f          :        305.62  :        305.62  :         0.000:       114.095:         0.398:!
209  f          :       1572.52  :       1572.52  :        -0.000:       136.116:         0.388:!
210  f          :      -2303.39  :      -2303.39  :         0.000:       120.744:         0.312:!
211  f          :       3852.73  :       3852.73  :         0.000:        89.672:         0.203:!
212  f          :       -557.17  :       -557.17  :         0.000:       328.714:         0.519:!
213  f          :        748.54  :        748.54  :         0.000:       289.890:         0.842:!
214  f          :       -569.03  :       -569.03  :         0.000:       269.910:         0.881:!
215  f          :      -1438.04  :      -1438.04  :         0.000:       216.897:         0.780:!
216  f          :        834.18  :        834.18  :        -0.000:       268.687:         0.606:!
217  f          :      -3322.74  :      -3322.74  :         0.000:       208.706:         0.389:!
218  f          :       -793.40  :       -793.40  :        -0.000:         1.111:         0.003:!
219  f          :        -95.11  :        -95.11  :        -0.000:         4.197:         0.010:!
220  f          :         89.16  :         89.16  :         0.000:         2.259:         0.003:!
221  f          :        341.80  :        341.80  :        -0.000:         8.810:         0.014:!
222  f          :        -52.66  :        -52.66  :        -0.000:        16.054:         0.025:!
223  f          :        193.00  :        193.00  :         0.000:         5.195:         0.011:!
224  f          :        -88.90  :        -88.90  :        -0.000:        20.216:         0.045:!
225  f          :       -181.11  :       -181.11  :        -0.000:         8.939:         0.013:!
226  h          :       1109.46  :       1109.46  :        -0.000:        22.289:         0.028:!
227##f          :        -26.66  :        -26.66  :        -0.000:        35.006:         0.058:!#
228  f          :         62.69  :         62.69  :        -0.000:        10.106:         0.033:!
229  f          :        -50.87  :        -50.87  :        -0.000:        42.339:         0.131:!
230  f          :        239.13  :        239.13  :         0.000:        12.165:         0.045:!
231##h          :        -18.36  :        -18.36  :        -0.000:        35.767:         0.092:!#
232  f          :       -234.67  :       -234.67  :        -0.000:         8.043:         0.009:!
233  f          :        110.97  :        110.97  :         0.000:        20.862:         0.024:!
234##f          :         42.57  :         42.57  :         0.000:        50.921:         0.123:!#
235  f          :       -131.12  :       -131.12  :        -0.000:        16.850:         0.089:!
236##f          :        -12.53  :        -12.53  :         0.000:        65.541:         0.355:!#
237  f          :        131.52  :        131.52  :         0.000:        18.415:         0.133:!
238##h          :        -46.69  :        -46.69  :         0.000:        74.404:         0.266:!#
239  f          :        -18.62  :        -18.62  :        -0.000:        12.659:         0.030:!
240##f          :         13.07  :         13.07  :         0.000:        36.300:         0.087:!#
241  f          :        -23.95  :        -23.95  :        -0.000:        12.915:         0.015:!
242  h          :         72.44  :         72.44  :        -0.000:        62.966:         0.087:!
243##f          :         61.14  :         61.14  :         0.000:        98.390:         0.244:!#
244  f          :        -92.35  :        -92.35  :         0.000:        45.451:         0.219:!
245##f          :         23.89  :         23.89  :        -0.000:       175.430:         0.876:!#
246  f          :         78.77  :         78.77  :         0.000:        63.831:         0.348:!
247##h          :        -69.52  :        -69.52  :         0.000:       185.226:         0.697:!#
248  f          :        -77.40  :        -77.40  :        -0.000:        26.156:         0.084:!
249##f          :         33.92  :         33.92  :         0.000:        73.670:         0.245:!#
250##f          :         -8.47  :         -8.47  :         0.000:        19.992:         0.066:!#
251  h          :       -106.39  :       -106.39  :        -0.000:        92.937:         0.264:!
252  f          :        117.24  :        117.24  :         0.000:        46.139:         0.088:!
253  f          :        139.52  :        139.52  :         0.000:        44.434:         0.054:!

   ------------------------------------------------------------------
   |   iter  |  points |    deviat     |     rms       |  stability  |
   ------------------------------------------------------------------

   -----------------------------------------------------------
   |  param  |  points |   deviat    |    rms      | stability |
   -----------------------------------------------------------
   |   253   |   3518  |   0.81654E-01 |  0.63321E+07  |    0.102E-08 |

############################################################################################
