************************************************************************************************************************************
 ************************************************************************************************************************************
 ************************************************************************************************************************************
 ****************                                                                                                    ****************
 ****************          *  FITTING OF THE POTENTIAL PARAMETERS TO AB INITIO DATA                                  ****************
 ****************          *                                                                                         ****************
 ****************          *  2016                                                                                   ****************
 ****************          *  C2H6                                                                                   ****************

 ****************                                                                                                    ****************
 ************************************************************************************************************************************
 ************************************************************************************************************************************
 ************************************************************************************************************************************
 
        12 <= number of degrees of freedom
         5 <= number of bonds
         7 <= number of bond angles
        20 <= number of iterations in the fit
  0.000000 <= The fit is over if the stability is reached 
  0.000010 <= The fit is over if the st.dev. best is reached 
  1.000000 <= sterr parameter out 
  0.000010 <= stdev parameter out 
         1 <= watson robust on (1) or of (0) 
        10 <= number of non-linear parameters
 parameters of structure 
rCOe      =           1.430
rOHe      =           0.957
rCH       =           1.088
aHOC      =         107.625
aHCO      =         108.759
a1        =           2.169
a2        =           2.573
b1        =           1.783
Sa        =          -0.010
Sb        =           0.018
Lowest energy = -115.611626    

   ------------------------------------------------------------------
   |   iter  |  points |    deviat     |     rms       |  stability  |
   ------------------------------------------------------------------
   |     1   |    893  |   0.17637E+01 |  0.30119E+03  |   0.683E+09 |
   |     2   |    893  |   0.17280E+01 |  0.29497E+02  |   0.382E+01 |
   |     3   |    893  |   0.15195E+01 |  0.30322E+03  |   0.190E+00 |
   |     4   |    893  |   0.15538E+01 |  0.19436E+03  |   0.874E-01 |
   |     5   |    893  |   0.14710E+01 |  0.34971E+03  |   0.356E-01 |
   |     6   |    893  |   0.14943E+01 |  0.26249E+03  |   0.675E-01 |
   |     7   |    893  |   0.14629E+01 |  0.36367E+03  |   0.201E-02 |
   |     8   |    893  |   0.14762E+01 |  0.27740E+03  |   0.493E-01 |
   |     9   |    893  |   0.14639E+01 |  0.36349E+03  |   0.331E-02 |
   |    10   |    893  |   0.14720E+01 |  0.27402E+03  |   0.291E-01 |
   |    11   |    893  |   0.14651E+01 |  0.35970E+03  |   0.320E-02 |
   |    12   |    893  |   0.14696E+01 |  0.26858E+03  |   0.791E-02 |
   |    13   |    893  |   0.14660E+01 |  0.35502E+03  |   0.174E-01 |
   |    14   |    893  |   0.14680E+01 |  0.26379E+03  |   0.151E-01 |
   |    15   |    893  |   0.14670E+01 |  0.35037E+03  |   0.366E-01 |
   |    16   |    893  |   0.14669E+01 |  0.26022E+03  |   0.361E-01 |
   |    17   |    893  |   0.14680E+01 |  0.34609E+03  |   0.561E-01 |
   |    18   |    893  |   0.14662E+01 |  0.25780E+03  |   0.531E-01 |
   |    19   |    893  |   0.14689E+01 |  0.34228E+03  |   0.730E-01 |
   |    20   |    893  |   0.14657E+01 |  0.25625E+03  |   0.662E-01 |
   |    21   |    893  |   0.14697E+01 |  0.33891E+03  |   0.862E-01 |

Watson Alpha parameter  0.1000 fitted with rms2 = 


Potential parameters rounded in accord. with their standart errors

rC  0  0  0  0  0  0  0  0  0  0  0  0   9          1.429532    (      12)
rO  0  0  0  0  0  0  0  0  0  0  0  0   0  0.95729311    
rC  0  0  0  0  0  0  0  0  0  0  0  0   0   1.0883864    
aH  0  0  0  0  0  0  0  0  0  0  0  0   0   107.62466    
aH  0  0  0  0  0  0  0  0  0  0  0  0   0   108.75921    
a1  0  0  0  0  0  0  0  0  0  0  0  0   0   2.1689355    
a2  0  0  0  0  0  0  0  0  0  0  0  0   0   2.5727607    
b1  0  0  0  0  0  0  0  0  0  0  0  0   0   1.7826628    
Sa  0  0  0  0  0  0  0  0  0  0  0  0   9         -0.010046    (      91)
Sb  0  0  0  0  0  0  0  0  0  0  0  0   9           0.01739    (      11)
 f  0  0  0  0  0  0  0  0  0  0  0  0   9      -25373739.79    (      16)
 f  0  0  0  0  0  0  0  0  0  0  0  3   9            123.13    (      18)
 f  0  0  0  0  0  0  0  0  0  0  0  6   9              0.60    (      17)
 f  0  0  0  0  0  0  0  0  0  0  0  9   9             -0.02    (      15)
 f  0  0  0  0  0  0  0  0  0  0  0 12   9              0.04    (      11)
 f  0  0  0  0  0  0  0  0  0  0  0 15   9             -0.01    (      11)
 f  0  0  0  0  0  0  0  0  0  0  0 18   9              0.02    (      12)
 f  2  0  0  0  0  0  0  0  0  0  0  0   9           28823.0    (      79)
 f  3  0  0  0  0  0  0  0  0  0  0  0   9             3656.    (      37)
 f  4  0  0  0  0  0  0  0  0  0  0  0   9             2916.    (     100)
 f  5  0  0  0  0  0  0  0  0  0  0  0   9             1560.    (     306)
 f  6  0  0  0  0  0  0  0  0  0  0  0   9             1069.    (     442)
 f  7  0  0  0  0  0  0  0  0  0  0  0   9             1344.    (     763)
 f  8  0  0  0  0  0  0  0  0  0  0  0   9              796.    (     855)
 f  0  2  0  0  0  0  0  0  0  0  0  0   0   31940.954    
 f  0  3  0  0  0  0  0  0  0  0  0  0   0   2795.9688    
 f  0  4  0  0  0  0  0  0  0  0  0  0   0   3126.1154    
 f  0  5  0  0  0  0  0  0  0  0  0  0   0   1782.4307    
 f  0  6  0  0  0  0  0  0  0  0  0  0   0   1275.8588    
 f  0  7  0  0  0  0  0  0  0  0  0  0   0   983.72876    
 f  0  8  0  0  0  0  0  0  0  0  0  0   0   394.99353    
 f  0  0  0  1  0  0  0  0  0  0  0  1   0  -4303.6202    
 f  0  0  2  0  0  0  0  0  0  0  0  0   0   126751.87    
 f  0  0  0  2  0  0  0  0  0  0  0  1   0  -4887.0801    
 f  0  0  3  0  0  0  0  0  0  0  0  0   0  -10985.204    
 f  0  0  0  3  0  0  0  0  0  0  0  1   0  -3617.3691    
 f  0  0  4  0  0  0  0  0  0  0  0  0   0   9566.3324    
 f  0  0  0  4  0  0  0  0  0  0  0  1   0  -2445.2662    
 f  0  0  5  0  0  0  0  0  0  0  0  0   0   3189.3073    
 f  0  0  0  5  0  0  0  0  0  0  0  1   0  -1621.7228    
 f  0  0  6  0  0  0  0  0  0  0  0  0   0   2349.7344    
 f  0  0  0  6  0  0  0  0  0  0  0  1   0  -272.75570    
 f  0  0  7  0  0  0  0  0  0  0  0  0   0   846.90286    
 f  0  0  0  7  0  0  0  0  0  0  0  1   0   938.93210    
 f  0  0  0  0  0  2  0  0  0  0  0  0   0   19877.835    
 f  0  0  0  0  0  3  0  0  0  0  0  0   0  -7705.7750    
 f  0  0  0  0  0  4  0  0  0  0  0  0   0  -1280.5888    
 f  0  0  0  0  0  5  0  0  0  0  0  0   0  -452.76026    
 f  0  0  0  0  0  6  0  0  0  0  0  0   0  -182.02315    
 f  0  0  0  0  0  7  0  0  0  0  0  0   0  -380.90558    
 f  0  0  0  0  0  8  0  0  0  0  0  0   0   454.66341    
 f  0  0  0  0  0  0  0  1  0  0  0  1   0  -15199.163    
 f  0  0  0  0  0  0  2  0  0  0  0  0   0   83192.923    
 f  0  0  0  0  0  0  0  2  0  0  0  1   0   7304.9025    
 f  0  0  0  0  0  0  3  0  0  0  0  0   0  -12166.728    
 f  0  0  0  0  0  0  0  3  0  0  0  1   0   255.60348    
 f  0  0  0  0  0  0  4  0  0  0  0  0   0   7626.0030    
 f  0  0  0  0  0  0  0  4  0  0  0  1   0  -2384.9310    
 f  0  0  0  0  0  0  5  0  0  0  0  0   0  -1803.0497    
 f  0  0  0  0  0  0  0  5  0  0  0  1   0   5231.3333    
 f  0  0  0  0  0  0  6  0  0  0  0  0   0  -3113.2511    
 f  0  0  0  0  0  0  0  6  0  0  0  1   0  -3809.9413    
 f  0  0  0  0  0  0  7  0  0  0  0  0   0   2613.0805    
 f  0  0  0  0  0  0  0  7  0  0  0  1   0   917.92104    
 f  0  0  0  0  0  0  8  0  0  0  0  0   0  -1382.1562    
 f  0  0  0  0  0  0  0  8  0  0  0  1   0   336.06650    
 f  0  0  0  0  0  0  0  0  0  2  0  0   9            19729.    (      19)
 f  0  0  0  0  0  0  0  0  0  2  0  1   9              154.    (      65)
 f  0  0  0  0  0  0  0  0  0  1  2  0   9             5956.    (     125)
 h  0  0  0  0  0  0  0  0  0  2  1 -1   9             -667.    (      85)
 f  0  0  0  0  0  0  0  0  0  4  0  0   9              -18.    (      96)
 f  0  0  0  0  0  0  0  0  0  4  0  1   9              -31.    (     240)
 f  0  0  0  0  0  0  0  0  0  5  0  0   9              142.    (     243)
 h  0  0  0  0  0  0  0  0  0  4  1 -1   9             -345.    (     149)
 f  0  0  0  0  0  0  0  0  0  4  2  0   9              101.    (     578)
 f  0  0  0  0  0  0  0  0  0  2  4  0   9             -650.    (     851)
 f  0  0  0  0  0  0  0  0  0  7  0  0   9             -190.    (     112)
 f  0  0  0  0  0  0  0  0  0  8  0  0   9               50.    (      58)
 f  0  0  0  0  0  0  0  0  0  8  0  1   9              117.    (     117)
 f  1  1  0  0  0  0  0  0  0  0  0  0   0  -737.40741    
 f  2  1  0  0  0  0  0  0  0  0  0  0   0  -1316.6200    
 f  1  2  0  0  0  0  0  0  0  0  0  0   0   280.61735    
 f  3  1  0  0  0  0  0  0  0  0  0  0   0  -205.26640    
 f  2  2  0  0  0  0  0  0  0  0  0  0   0  -811.51380    
 f  1  3  0  0  0  0  0  0  0  0  0  0   0   307.75414    
 f  4  1  0  0  0  0  0  0  0  0  0  0   0  -20.981508    
 f  3  2  0  0  0  0  0  0  0  0  0  0   0  -256.45581    
 f  2  3  0  0  0  0  0  0  0  0  0  0   0  -495.16927    
 f  1  4  0  0  0  0  0  0  0  0  0  0   0   485.09829    
 f  3  3  0  0  0  0  0  0  0  0  0  0   0  -164.56223    
 f  2  4  0  0  0  0  0  0  0  0  0  0   0  -427.61977    
 f  1  5  0  0  0  0  0  0  0  0  0  0   0   576.12066    
 f  6  1  0  0  0  0  0  0  0  0  0  0   0  -72.265140    
 f  5  2  0  0  0  0  0  0  0  0  0  0   0   481.14485    
 f  4  3  0  0  0  0  0  0  0  0  0  0   0  -112.85086    
 f  3  4  0  0  0  0  0  0  0  0  0  0   0   791.04742    
 f  2  5  0  0  0  0  0  0  0  0  0  0   0  -679.39406    
 f  7  1  0  0  0  0  0  0  0  0  0  0   0  -164.30814    
 f  5  3  0  0  0  0  0  0  0  0  0  0   0   411.18401    
 f  3  5  0  0  0  0  0  0  0  0  0  0   0   692.04158    
 f  2  6  0  0  0  0  0  0  0  0  0  0   0  -461.92326    
 f  1  7  0  0  0  0  0  0  0  0  0  0   0  -209.11720    
 f  1  0  1  0  0  0  0  0  0  0  0  0   0   6546.5931    
 f  1  0  0  1  0  0  0  0  0  0  0  1   0   5624.7918    
 f  2  0  1  0  0  0  0  0  0  0  0  0   0  -4555.6691    
 f  2  0  0  1  0  0  0  0  0  0  0  1   0  -1598.2912    
 f  1  0  2  0  0  0  0  0  0  0  0  0   0   6834.8113    
 f  1  0  0  2  0  0  0  0  0  0  0  1   0   5887.3505    
 f  3  0  1  0  0  0  0  0  0  0  0  0   0  -719.57410    
 f  3  0  0  1  0  0  0  0  0  0  0  1   0   228.21042    
 f  2  0  2  0  0  0  0  0  0  0  0  0   0  -2460.4921    
 f  2  0  0  2  0  0  0  0  0  0  0  1   0  -965.22517    
 f  1  0  3  0  0  0  0  0  0  0  0  0   0   3669.8768    
 f  1  0  0  3  0  0  0  0  0  0  0  1   0   4066.1169    
 f  4  0  1  0  0  0  0  0  0  0  0  0   0  -311.30933    
 f  4  0  0  1  0  0  0  0  0  0  0  1   0   155.51595    
 f  3  0  2  0  0  0  0  0  0  0  0  0   0  -538.74077    
 f  3  0  0  2  0  0  0  0  0  0  0  1   0  -140.79316    
 f  2  0  3  0  0  0  0  0  0  0  0  0   0  -1039.0787    
 f  1  0  4  0  0  0  0  0  0  0  0  0   0   2168.7203    
 f  1  0  0  4  0  0  0  0  0  0  0  1   0   2187.7261    
 f  5  0  1  0  0  0  0  0  0  0  0  0   0  -283.82471    
 f  5  0  0  1  0  0  0  0  0  0  0  1   0  -79.849235    
 f  4  0  2  0  0  0  0  0  0  0  0  0   0  -452.32915    
 f  4  0  0  2  0  0  0  0  0  0  0  1   0   163.38998    
 f  3  0  3  0  0  0  0  0  0  0  0  0   0  -638.50447    
 f  3  0  0  3  0  0  0  0  0  0  0  1   0  -522.22404    
 f  2  0  4  0  0  0  0  0  0  0  0  0   0  -205.57255    
 f  2  0  0  4  0  0  0  0  0  0  0  1   0   1218.5915    
 f  1  0  5  0  0  0  0  0  0  0  0  0   0   681.86116    
 f  1  0  0  5  0  0  0  0  0  0  0  1   0   178.83691    
 f  6  0  1  0  0  0  0  0  0  0  0  0   0  -144.34736    
 f  5  0  2  0  0  0  0  0  0  0  0  0   0  -507.26069    
 f  4  0  3  0  0  0  0  0  0  0  0  0   0  -133.49308    
 f  3  0  4  0  0  0  0  0  0  0  0  0   0  -818.35741    
 f  3  0  0  4  0  0  0  0  0  0  0  1   0  -487.58439    
 f  2  0  5  0  0  0  0  0  0  0  0  0   0   332.34918    
 f  2  0  0  5  0  0  0  0  0  0  0  1   0   1560.1125    
 f  1  0  6  0  0  0  0  0  0  0  0  0   0  -423.02570    
 f  1  0  0  6  0  0  0  0  0  0  0  1   0  -1122.3696    
 f  1  0  0  0  0  1  0  0  0  0  0  0   0   9672.2914    
 f  2  0  0  0  0  1  0  0  0  0  0  0   0  -380.77676    
 f  1  0  0  0  0  2  0  0  0  0  0  0   0  -9534.7526    
 f  3  0  0  0  0  1  0  0  0  0  0  0   0  -1030.5154    
 f  2  0  0  0  0  2  0  0  0  0  0  0   0  -2068.2540    
 f  1  0  0  0  0  3  0  0  0  0  0  0   0   5266.4144    
 f  4  0  0  0  0  1  0  0  0  0  0  0   0  -698.21892    
 f  3  0  0  0  0  2  0  0  0  0  0  0   0  -285.53781    
 f  2  0  0  0  0  3  0  0  0  0  0  0   0   3005.9892    
 f  1  0  0  0  0  4  0  0  0  0  0  0   0  -108.68350    
 f  5  0  0  0  0  1  0  0  0  0  0  0   0  -460.06776    
 f  4  0  0  0  0  2  0  0  0  0  0  0   0  -419.05109    
 f  3  0  0  0  0  3  0  0  0  0  0  0   0   474.08424    
 f  6  0  0  0  0  1  0  0  0  0  0  0   0  -1512.1639    
 f  5  0  0  0  0  2  0  0  0  0  0  0   0  -1677.9182    
 f  4  0  0  0  0  3  0  0  0  0  0  0   0  -197.58966    
 f  3  0  0  0  0  4  0  0  0  0  0  0   0   843.90885    
 f  2  0  0  0  0  5  0  0  0  0  0  0   0   268.13826    
 f  7  0  0  0  0  1  0  0  0  0  0  0   0  -1758.4777    
 f  6  0  0  0  0  2  0  0  0  0  0  0   0  -1320.3577    
 f  5  0  0  0  0  3  0  0  0  0  0  0   0   1522.5010    
 f  4  0  0  0  0  4  0  0  0  0  0  0   0   2203.4038    
 f  3  0  0  0  0  5  0  0  0  0  0  0   0   721.44067    
 f  2  0  0  0  0  6  0  0  0  0  0  0   0  -458.57273    
 f  1  0  0  0  0  7  0  0  0  0  0  0   0  -666.17697    
 f  1  0  0  0  0  0  1  0  0  0  0  0   0   32630.827    
 f  1  0  0  0  0  0  0  1  0  0  0  1   0   7480.4577    
 f  2  0  0  0  0  0  1  0  0  0  0  0   0   2334.2729    
 f  2  0  0  0  0  0  0  1  0  0  0  1   0  -1768.7577    
 f  1  0  0  0  0  0  2  0  0  0  0  0   0  -39983.703    
 f  1  0  0  0  0  0  0  2  0  0  0  1   0  -11273.464    
 f  3  0  0  0  0  0  1  0  0  0  0  0   0   279.95915    
 f  3  0  0  0  0  0  0  1  0  0  0  1   0   427.02869    
 f  2  0  0  0  0  0  2  0  0  0  0  0   0  -7137.3545    
 f  2  0  0  0  0  0  0  2  0  0  0  1   0   2371.5809    
 f  1  0  0  0  0  0  3  0  0  0  0  0   0   20276.810    
 f  1  0  0  0  0  0  0  3  0  0  0  1   0   5138.1764    
 f  4  0  0  0  0  0  1  0  0  0  0  0   0  -591.74574    
 f  4  0  0  0  0  0  0  1  0  0  0  1   0   1863.0472    
 f  3  0  0  0  0  0  2  0  0  0  0  0   0  -3211.7174    
 f  3  0  0  0  0  0  0  2  0  0  0  1   0   1542.4204    
 f  2  0  0  0  0  0  3  0  0  0  0  0   0   3640.4461    
 f  2  0  0  0  0  0  0  3  0  0  0  1   0  -3372.4807    
 f  1  0  0  0  0  0  4  0  0  0  0  0   0  -7168.0429    
 f  5  0  0  0  0  0  1  0  0  0  0  0   0  -2747.2079    
 f  5  0  0  0  0  0  0  1  0  0  0  1   0   1244.8164    
 f  4  0  0  0  0  0  2  0  0  0  0  0   0  -4121.3178    
 f  4  0  0  0  0  0  0  2  0  0  0  1   0  -398.68003    
 f  3  0  0  0  0  0  3  0  0  0  0  0   0  -1703.7197    
 f  3  0  0  0  0  0  0  3  0  0  0  1   0  -1697.6262    
 f  2  0  0  0  0  0  4  0  0  0  0  0   0  -5340.0530    
 f  2  0  0  0  0  0  0  4  0  0  0  1   0   2349.4109    
 f  1  0  0  0  0  0  5  0  0  0  0  0   0  -3004.7950    
 f  1  0  0  0  0  0  0  5  0  0  0  1   0  -4346.5889    
 f  6  0  0  0  0  0  1  0  0  0  0  0   0  -2426.0394    
 f  5  0  0  0  0  0  2  0  0  0  0  0   0  -2661.9324    
 f  5  0  0  0  0  0  0  2  0  0  0  1   0  -853.02719    
 f  4  0  0  0  0  0  3  0  0  0  0  0   0  -1755.4640    
 f  4  0  0  0  0  0  0  3  0  0  0  1   0   572.82661    
 f  3  0  0  0  0  0  4  0  0  0  0  0   0  -1360.3238    
 f  3  0  0  0  0  0  0  4  0  0  0  1   0   1358.8422    
 f  2  0  0  0  0  0  5  0  0  0  0  0   0   3753.6810    
 f  2  0  0  0  0  0  0  5  0  0  0  1   0  -608.17320    
 f  1  0  0  0  0  0  6  0  0  0  0  0   0   4680.7027    
 f  1  0  0  0  0  0  0  6  0  0  0  1   0   3361.5474    
 f  1  0  0  0  0  0  0  0  0  2  0  0   9             1403.    (      60)
 f  1  0  0  0  0  0  0  0  0  2  0  1   9            -5891.    (     226)
 f  2  0  0  0  0  0  0  0  0  2  0  0   9               88.    (      56)
 f  2  0  0  0  0  0  0  0  0  2  0  1   9             -847.    (     343)
 f  1  0  0  0  0  0  0  0  0  1  2  0   9             2241.    (     149)
 h  1  0  0  0  0  0  0  0  0  2  1 -1   9            14312.    (     551)
 f  3  0  0  0  0  0  0  0  0  2  0  0   9              379.    (     239)
 f  3  0  0  0  0  0  0  0  0  2  0  1   9             -545.    (     835)
 f  2  0  0  0  0  0  0  0  0  1  2  0   9              394.    (      56)
 f  1  0  0  0  0  0  0  0  0  4  0  0   9            -5921.    (     188)
 f  1  0  0  0  0  0  0  0  0  4  0  1   9            15616.    (     534)
 f  4  0  0  0  0  0  0  0  0  2  0  0   9              353.    (     376)
 h  3  0  0  0  0  0  0  0  0  2  1 -1   9             -807.    (    1085)
 f  2  0  0  0  0  0  0  0  0  4  0  1   9             1829.    (     743)
 f  1  0  0  0  0  0  0  0  0  5  0  0   9              898.    (     229)
 h  1  0  0  0  0  0  0  0  0  4  1 -1   9           -14845.    (    1604)
 f  5  0  0  0  0  0  0  0  0  2  0  0   9             2603.    (    1043)
 f  3  0  0  0  0  0  0  0  0  4  0  0   9            -2454.    (     739)
 f  3  0  0  0  0  0  0  0  0  4  0  1   9             1168.    (    1570)
 h  2  0  0  0  0  0  0  0  0  4  1 -1   9             2489.    (     420)
 f  1  0  0  0  0  0  0  0  0  4  2  0   9            17742.    (     807)
 f  1  0  0  0  0  0  0  0  0  2  4  0   9            -6399.    (     934)
 h  3  0  0  0  0  0  0  0  0  4  1 -1   9             4898.    (    2522)
 f  2  0  0  0  0  0  0  0  0  2  4  0   9            -1198.    (     594)
 f  1  0  0  0  0  0  0  0  0  0  0  3   9            -280.2    (      14)
 f  1  0  0  0  0  0  0  0  0  0  0  6   9              2.31    (      83)
 f  1  0  0  0  0  0  0  0  0  0  0  9   9             -3.65    (      78)
 f  1  0  0  0  0  0  0  0  0  0  0 12   9              2.55    (      39)
 f  2  0  0  0  0  0  0  0  0  0  0  3   9             159.5    (      44)
 f  2  0  0  0  0  0  0  0  0  0  0  6   9               3.3    (      36)
 f  2  0  0  0  0  0  0  0  0  0  0  9   9              -0.2    (      13)
 f  3  0  0  0  0  0  0  0  0  0  0  3   9              -15.    (      20)
 f  3  0  0  0  0  0  0  0  0  0  0  6   9              -0.9    (      48)
 f  3  0  0  0  0  0  0  0  0  0  0  9   9               0.5    (      41)
 f  4  0  0  0  0  0  0  0  0  0  0  3   9                8.    (      19)
 f  4  0  0  0  0  0  0  0  0  0  0  6   9               -3.    (      14)
 f  5  0  0  0  0  0  0  0  0  0  0  3   9               21.    (      61)
------------------------------
*  FITTING OF THE POTENTIAL PARAMETERS TO AB INITIO DATA                        
*                                                                               
*  2016                                                                         
*  C2H6                                                                         
      rCOe                        9          1.42953154
      rOHe                        0          0.95729311
       rCH                        0          1.08838642
      aHOC                        0        107.62466120
      aHCO                        0        108.75920714
        a1                        0          2.16893551
        a2                        0          2.57276067
        b1                        0          1.78266276
        Sa                        9         -0.01004643
        Sb                        9          0.01738682
 f   0   0   0   0   0   0   0   0   0   0   0   0   9  -25373739.78587810
 f   0   0   0   0   0   0   0   0   0   0   0   3   9        123.13228282
 f   0   0   0   0   0   0   0   0   0   0   0   6   9          0.60330269
 f   0   0   0   0   0   0   0   0   0   0   0   9   9         -0.02424666
 f   0   0   0   0   0   0   0   0   0   0   0  12   9          0.03970269
 f   0   0   0   0   0   0   0   0   0   0   0  15   9         -0.01356810
 f   0   0   0   0   0   0   0   0   0   0   0  18   9          0.01715180
 f   2   0   0   0   0   0   0   0   0   0   0   0   9      28823.00672921
 f   3   0   0   0   0   0   0   0   0   0   0   0   9       3655.83645125
 f   4   0   0   0   0   0   0   0   0   0   0   0   9       2916.19122922
 f   5   0   0   0   0   0   0   0   0   0   0   0   9       1559.96501636
 f   6   0   0   0   0   0   0   0   0   0   0   0   9       1068.86156412
 f   7   0   0   0   0   0   0   0   0   0   0   0   9       1344.11512277
 f   8   0   0   0   0   0   0   0   0   0   0   0   9        795.83449715
 f   0   2   0   0   0   0   0   0   0   0   0   0   0      31940.95401610
 f   0   3   0   0   0   0   0   0   0   0   0   0   0       2795.96875819
 f   0   4   0   0   0   0   0   0   0   0   0   0   0       3126.11539341
 f   0   5   0   0   0   0   0   0   0   0   0   0   0       1782.43068458
 f   0   6   0   0   0   0   0   0   0   0   0   0   0       1275.85876326
 f   0   7   0   0   0   0   0   0   0   0   0   0   0        983.72876050
 f   0   8   0   0   0   0   0   0   0   0   0   0   0        394.99353313
 f   0   0   0   1   0   0   0   0   0   0   0   1   0      -4303.62017069
 f   0   0   2   0   0   0   0   0   0   0   0   0   0     126751.86828284
 f   0   0   0   2   0   0   0   0   0   0   0   1   0      -4887.08005598
 f   0   0   3   0   0   0   0   0   0   0   0   0   0     -10985.20351524
 f   0   0   0   3   0   0   0   0   0   0   0   1   0      -3617.36910973
 f   0   0   4   0   0   0   0   0   0   0   0   0   0       9566.33244744
 f   0   0   0   4   0   0   0   0   0   0   0   1   0      -2445.26621602
 f   0   0   5   0   0   0   0   0   0   0   0   0   0       3189.30734821
 f   0   0   0   5   0   0   0   0   0   0   0   1   0      -1621.72277568
 f   0   0   6   0   0   0   0   0   0   0   0   0   0       2349.73435878
 f   0   0   0   6   0   0   0   0   0   0   0   1   0       -272.75569538
 f   0   0   7   0   0   0   0   0   0   0   0   0   0        846.90286449
 f   0   0   0   7   0   0   0   0   0   0   0   1   0        938.93210465
 f   0   0   0   0   0   2   0   0   0   0   0   0   0      19877.83509972
 f   0   0   0   0   0   3   0   0   0   0   0   0   0      -7705.77504459
 f   0   0   0   0   0   4   0   0   0   0   0   0   0      -1280.58880470
 f   0   0   0   0   0   5   0   0   0   0   0   0   0       -452.76025701
 f   0   0   0   0   0   6   0   0   0   0   0   0   0       -182.02314775
 f   0   0   0   0   0   7   0   0   0   0   0   0   0       -380.90557931
 f   0   0   0   0   0   8   0   0   0   0   0   0   0        454.66340953
 f   0   0   0   0   0   0   0   1   0   0   0   1   0     -15199.16335690
 f   0   0   0   0   0   0   2   0   0   0   0   0   0      83192.92282276
 f   0   0   0   0   0   0   0   2   0   0   0   1   0       7304.90246845
 f   0   0   0   0   0   0   3   0   0   0   0   0   0     -12166.72848313
 f   0   0   0   0   0   0   0   3   0   0   0   1   0        255.60348020
 f   0   0   0   0   0   0   4   0   0   0   0   0   0       7626.00300392
 f   0   0   0   0   0   0   0   4   0   0   0   1   0      -2384.93100784
 f   0   0   0   0   0   0   5   0   0   0   0   0   0      -1803.04968766
 f   0   0   0   0   0   0   0   5   0   0   0   1   0       5231.33329437
 f   0   0   0   0   0   0   6   0   0   0   0   0   0      -3113.25106888
 f   0   0   0   0   0   0   0   6   0   0   0   1   0      -3809.94132219
 f   0   0   0   0   0   0   7   0   0   0   0   0   0       2613.08045454
 f   0   0   0   0   0   0   0   7   0   0   0   1   0        917.92103785
 f   0   0   0   0   0   0   8   0   0   0   0   0   0      -1382.15616603
 f   0   0   0   0   0   0   0   8   0   0   0   1   0        336.06649636
 f   0   0   0   0   0   0   0   0   0   2   0   0   9      19728.78462271
 f   0   0   0   0   0   0   0   0   0   2   0   1   9        153.86959812
 f   0   0   0   0   0   0   0   0   0   1   2   0   9       5955.63253134
 h   0   0   0   0   0   0   0   0   0   2   1  -1   9       -666.82884820
 f   0   0   0   0   0   0   0   0   0   4   0   0   9        -18.05144801
 f   0   0   0   0   0   0   0   0   0   4   0   1   9        -30.68710527
 f   0   0   0   0   0   0   0   0   0   5   0   0   9        142.20842458
 h   0   0   0   0   0   0   0   0   0   4   1  -1   9       -345.17638414
 f   0   0   0   0   0   0   0   0   0   4   2   0   9        101.03296999
 f   0   0   0   0   0   0   0   0   0   2   4   0   9       -649.63362456
 f   0   0   0   0   0   0   0   0   0   7   0   0   9       -190.35117654
 f   0   0   0   0   0   0   0   0   0   8   0   0   9         49.53028062
 f   0   0   0   0   0   0   0   0   0   8   0   1   9        117.23914512
 f   1   1   0   0   0   0   0   0   0   0   0   0   0       -737.40741305
 f   2   1   0   0   0   0   0   0   0   0   0   0   0      -1316.62000084
 f   1   2   0   0   0   0   0   0   0   0   0   0   0        280.61734774
 f   3   1   0   0   0   0   0   0   0   0   0   0   0       -205.26639966
 f   2   2   0   0   0   0   0   0   0   0   0   0   0       -811.51379809
 f   1   3   0   0   0   0   0   0   0   0   0   0   0        307.75414229
 f   4   1   0   0   0   0   0   0   0   0   0   0   0        -20.98150818
 f   3   2   0   0   0   0   0   0   0   0   0   0   0       -256.45580949
 f   2   3   0   0   0   0   0   0   0   0   0   0   0       -495.16927242
 f   1   4   0   0   0   0   0   0   0   0   0   0   0        485.09829357
 f   3   3   0   0   0   0   0   0   0   0   0   0   0       -164.56222828
 f   2   4   0   0   0   0   0   0   0   0   0   0   0       -427.61977349
 f   1   5   0   0   0   0   0   0   0   0   0   0   0        576.12066028
 f   6   1   0   0   0   0   0   0   0   0   0   0   0        -72.26514026
 f   5   2   0   0   0   0   0   0   0   0   0   0   0        481.14485295
 f   4   3   0   0   0   0   0   0   0   0   0   0   0       -112.85086071
 f   3   4   0   0   0   0   0   0   0   0   0   0   0        791.04741777
 f   2   5   0   0   0   0   0   0   0   0   0   0   0       -679.39406485
 f   7   1   0   0   0   0   0   0   0   0   0   0   0       -164.30814361
 f   5   3   0   0   0   0   0   0   0   0   0   0   0        411.18400782
 f   3   5   0   0   0   0   0   0   0   0   0   0   0        692.04158252
 f   2   6   0   0   0   0   0   0   0   0   0   0   0       -461.92326426
 f   1   7   0   0   0   0   0   0   0   0   0   0   0       -209.11719566
 f   1   0   1   0   0   0   0   0   0   0   0   0   0       6546.59313630
 f   1   0   0   1   0   0   0   0   0   0   0   1   0       5624.79184110
 f   2   0   1   0   0   0   0   0   0   0   0   0   0      -4555.66909566
 f   2   0   0   1   0   0   0   0   0   0   0   1   0      -1598.29115341
 f   1   0   2   0   0   0   0   0   0   0   0   0   0       6834.81126725
 f   1   0   0   2   0   0   0   0   0   0   0   1   0       5887.35052916
 f   3   0   1   0   0   0   0   0   0   0   0   0   0       -719.57410059
 f   3   0   0   1   0   0   0   0   0   0   0   1   0        228.21041594
 f   2   0   2   0   0   0   0   0   0   0   0   0   0      -2460.49213614
 f   2   0   0   2   0   0   0   0   0   0   0   1   0       -965.22516860
 f   1   0   3   0   0   0   0   0   0   0   0   0   0       3669.87684378
 f   1   0   0   3   0   0   0   0   0   0   0   1   0       4066.11688113
 f   4   0   1   0   0   0   0   0   0   0   0   0   0       -311.30933003
 f   4   0   0   1   0   0   0   0   0   0   0   1   0        155.51594917
 f   3   0   2   0   0   0   0   0   0   0   0   0   0       -538.74076629
 f   3   0   0   2   0   0   0   0   0   0   0   1   0       -140.79315749
 f   2   0   3   0   0   0   0   0   0   0   0   0   0      -1039.07868309
 f   1   0   4   0   0   0   0   0   0   0   0   0   0       2168.72025531
 f   1   0   0   4   0   0   0   0   0   0   0   1   0       2187.72614218
 f   5   0   1   0   0   0   0   0   0   0   0   0   0       -283.82471495
 f   5   0   0   1   0   0   0   0   0   0   0   1   0        -79.84923484
 f   4   0   2   0   0   0   0   0   0   0   0   0   0       -452.32915081
 f   4   0   0   2   0   0   0   0   0   0   0   1   0        163.38998421
 f   3   0   3   0   0   0   0   0   0   0   0   0   0       -638.50446565
 f   3   0   0   3   0   0   0   0   0   0   0   1   0       -522.22403561
 f   2   0   4   0   0   0   0   0   0   0   0   0   0       -205.57254582
 f   2   0   0   4   0   0   0   0   0   0   0   1   0       1218.59149642
 f   1   0   5   0   0   0   0   0   0   0   0   0   0        681.86116429
 f   1   0   0   5   0   0   0   0   0   0   0   1   0        178.83691173
 f   6   0   1   0   0   0   0   0   0   0   0   0   0       -144.34736021
 f   5   0   2   0   0   0   0   0   0   0   0   0   0       -507.26068882
 f   4   0   3   0   0   0   0   0   0   0   0   0   0       -133.49308213
 f   3   0   4   0   0   0   0   0   0   0   0   0   0       -818.35740997
 f   3   0   0   4   0   0   0   0   0   0   0   1   0       -487.58439264
 f   2   0   5   0   0   0   0   0   0   0   0   0   0        332.34918083
 f   2   0   0   5   0   0   0   0   0   0   0   1   0       1560.11248989
 f   1   0   6   0   0   0   0   0   0   0   0   0   0       -423.02569609
 f   1   0   0   6   0   0   0   0   0   0   0   1   0      -1122.36962652
 f   1   0   0   0   0   1   0   0   0   0   0   0   0       9672.29144503
 f   2   0   0   0   0   1   0   0   0   0   0   0   0       -380.77676432
 f   1   0   0   0   0   2   0   0   0   0   0   0   0      -9534.75263543
 f   3   0   0   0   0   1   0   0   0   0   0   0   0      -1030.51538149
 f   2   0   0   0   0   2   0   0   0   0   0   0   0      -2068.25400725
 f   1   0   0   0   0   3   0   0   0   0   0   0   0       5266.41443777
 f   4   0   0   0   0   1   0   0   0   0   0   0   0       -698.21891972
 f   3   0   0   0   0   2   0   0   0   0   0   0   0       -285.53780972
 f   2   0   0   0   0   3   0   0   0   0   0   0   0       3005.98920867
 f   1   0   0   0   0   4   0   0   0   0   0   0   0       -108.68350244
 f   5   0   0   0   0   1   0   0   0   0   0   0   0       -460.06776080
 f   4   0   0   0   0   2   0   0   0   0   0   0   0       -419.05108707
 f   3   0   0   0   0   3   0   0   0   0   0   0   0        474.08424405
 f   6   0   0   0   0   1   0   0   0   0   0   0   0      -1512.16391601
 f   5   0   0   0   0   2   0   0   0   0   0   0   0      -1677.91817364
 f   4   0   0   0   0   3   0   0   0   0   0   0   0       -197.58966190
 f   3   0   0   0   0   4   0   0   0   0   0   0   0        843.90885270
 f   2   0   0   0   0   5   0   0   0   0   0   0   0        268.13825678
 f   7   0   0   0   0   1   0   0   0   0   0   0   0      -1758.47769169
 f   6   0   0   0   0   2   0   0   0   0   0   0   0      -1320.35767195
 f   5   0   0   0   0   3   0   0   0   0   0   0   0       1522.50101506
 f   4   0   0   0   0   4   0   0   0   0   0   0   0       2203.40384098
 f   3   0   0   0   0   5   0   0   0   0   0   0   0        721.44067475
 f   2   0   0   0   0   6   0   0   0   0   0   0   0       -458.57273471
 f   1   0   0   0   0   7   0   0   0   0   0   0   0       -666.17696583
 f   1   0   0   0   0   0   1   0   0   0   0   0   0      32630.82726210
 f   1   0   0   0   0   0   0   1   0   0   0   1   0       7480.45774690
 f   2   0   0   0   0   0   1   0   0   0   0   0   0       2334.27286560
 f   2   0   0   0   0   0   0   1   0   0   0   1   0      -1768.75768791
 f   1   0   0   0   0   0   2   0   0   0   0   0   0     -39983.70301274
 f   1   0   0   0   0   0   0   2   0   0   0   1   0     -11273.46410852
 f   3   0   0   0   0   0   1   0   0   0   0   0   0        279.95914869
 f   3   0   0   0   0   0   0   1   0   0   0   1   0        427.02868866
 f   2   0   0   0   0   0   2   0   0   0   0   0   0      -7137.35454913
 f   2   0   0   0   0   0   0   2   0   0   0   1   0       2371.58091450
 f   1   0   0   0   0   0   3   0   0   0   0   0   0      20276.81048897
 f   1   0   0   0   0   0   0   3   0   0   0   1   0       5138.17642807
 f   4   0   0   0   0   0   1   0   0   0   0   0   0       -591.74573880
 f   4   0   0   0   0   0   0   1   0   0   0   1   0       1863.04721691
 f   3   0   0   0   0   0   2   0   0   0   0   0   0      -3211.71736682
 f   3   0   0   0   0   0   0   2   0   0   0   1   0       1542.42037755
 f   2   0   0   0   0   0   3   0   0   0   0   0   0       3640.44611074
 f   2   0   0   0   0   0   0   3   0   0   0   1   0      -3372.48069972
 f   1   0   0   0   0   0   4   0   0   0   0   0   0      -7168.04286246
 f   5   0   0   0   0   0   1   0   0   0   0   0   0      -2747.20792865
 f   5   0   0   0   0   0   0   1   0   0   0   1   0       1244.81640354
 f   4   0   0   0   0   0   2   0   0   0   0   0   0      -4121.31775844
 f   4   0   0   0   0   0   0   2   0   0   0   1   0       -398.68002832
 f   3   0   0   0   0   0   3   0   0   0   0   0   0      -1703.71969113
 f   3   0   0   0   0   0   0   3   0   0   0   1   0      -1697.62616785
 f   2   0   0   0   0   0   4   0   0   0   0   0   0      -5340.05301548
 f   2   0   0   0   0   0   0   4   0   0   0   1   0       2349.41091294
 f   1   0   0   0   0   0   5   0   0   0   0   0   0      -3004.79500192
 f   1   0   0   0   0   0   0   5   0   0   0   1   0      -4346.58886864
 f   6   0   0   0   0   0   1   0   0   0   0   0   0      -2426.03935837
 f   5   0   0   0   0   0   2   0   0   0   0   0   0      -2661.93240824
 f   5   0   0   0   0   0   0   2   0   0   0   1   0       -853.02718844
 f   4   0   0   0   0   0   3   0   0   0   0   0   0      -1755.46400497
 f   4   0   0   0   0   0   0   3   0   0   0   1   0        572.82660824
 f   3   0   0   0   0   0   4   0   0   0   0   0   0      -1360.32380861
 f   3   0   0   0   0   0   0   4   0   0   0   1   0       1358.84219087
 f   2   0   0   0   0   0   5   0   0   0   0   0   0       3753.68104585
 f   2   0   0   0   0   0   0   5   0   0   0   1   0       -608.17319546
 f   1   0   0   0   0   0   6   0   0   0   0   0   0       4680.70270019
 f   1   0   0   0   0   0   0   6   0   0   0   1   0       3361.54740433
 f   1   0   0   0   0   0   0   0   0   2   0   0   9       1403.11662018
 f   1   0   0   0   0   0   0   0   0   2   0   1   9      -5891.15445192
 f   2   0   0   0   0   0   0   0   0   2   0   0   9         87.73523706
 f   2   0   0   0   0   0   0   0   0   2   0   1   9       -846.56198925
 f   1   0   0   0   0   0   0   0   0   1   2   0   9       2240.54718988
 h   1   0   0   0   0   0   0   0   0   2   1  -1   9      14311.84237446
 f   3   0   0   0   0   0   0   0   0   2   0   0   9        379.21672737
 f   3   0   0   0   0   0   0   0   0   2   0   1   9       -544.76444577
 f   2   0   0   0   0   0   0   0   0   1   2   0   9        393.62067048
 f   1   0   0   0   0   0   0   0   0   4   0   0   9      -5921.12416999
 f   1   0   0   0   0   0   0   0   0   4   0   1   9      15616.16762762
 f   4   0   0   0   0   0   0   0   0   2   0   0   9        352.57930775
 h   3   0   0   0   0   0   0   0   0   2   1  -1   9       -806.59809875
 f   2   0   0   0   0   0   0   0   0   4   0   1   9       1828.77241560
 f   1   0   0   0   0   0   0   0   0   5   0   0   9        897.87916323
 h   1   0   0   0   0   0   0   0   0   4   1  -1   9     -14845.18988192
 f   5   0   0   0   0   0   0   0   0   2   0   0   9       2602.74952655
 f   3   0   0   0   0   0   0   0   0   4   0   0   9      -2454.20966953
 f   3   0   0   0   0   0   0   0   0   4   0   1   9       1167.93846834
 h   2   0   0   0   0   0   0   0   0   4   1  -1   9       2488.86448225
 f   1   0   0   0   0   0   0   0   0   4   2   0   9      17742.34420625
 f   1   0   0   0   0   0   0   0   0   2   4   0   9      -6398.75472787
 h   3   0   0   0   0   0   0   0   0   4   1  -1   9       4897.87272056
 f   2   0   0   0   0   0   0   0   0   2   4   0   9      -1198.47610976
 f   1   0   0   0   0   0   0   0   0   0   0   3   9       -280.16845208
 f   1   0   0   0   0   0   0   0   0   0   0   6   9          2.31123143
 f   1   0   0   0   0   0   0   0   0   0   0   9   9         -3.65419517
 f   1   0   0   0   0   0   0   0   0   0   0  12   9          2.55489725
 f   2   0   0   0   0   0   0   0   0   0   0   3   9        159.48820178
 f   2   0   0   0   0   0   0   0   0   0   0   6   9          3.25643466
 f   2   0   0   0   0   0   0   0   0   0   0   9   9         -0.19397219
 f   3   0   0   0   0   0   0   0   0   0   0   3   9        -14.63414084
 f   3   0   0   0   0   0   0   0   0   0   0   6   9         -0.86366210
 f   3   0   0   0   0   0   0   0   0   0   0   9   9          0.45852508
 f   4   0   0   0   0   0   0   0   0   0   0   3   9          7.76666071
 f   4   0   0   0   0   0   0   0   0   0   0   6   9         -3.20164751
 f   5   0   0   0   0   0   0   0   0   0   0   3   9         20.58744366

Correlation coefficients larger than 0.9: 
          corr(  11,  13) =  0.9401986
          corr(  12,  14) =  0.9420454
          corr(  13,  15) =  0.9025392
          corr(  14,  16) =  0.9739204
          corr(  18,  22) =  0.9006291
          corr(  19,  23) =  0.9164815
          corr(  20,  24) =  0.9866440
          corr(  24,  28) =  0.9451635
          corr(  31,  40) =  0.9261286
          corr(  32,  41) =  0.9331643
          corr(  34,  44) =  0.9798751
          corr(  35,  45) =  0.9955117
          corr(  36,  46) =  0.9881716
          corr(  38,  49) =  0.9412371
          corr(  55,  62) =  0.9018499
          corr(  59,  65) =  0.9388617
          corr(  60,  66) =  0.9339041
          corr(  62,  67) =  0.9684170

               --------------------------------------------------------------------------------
               :     old parm   :     new parm   :  delta parm  :   std. err.  : sensitility
               --------------------------------------------------------------------------------
  1  rCOe       :          1.43  :          1.43  :         0.000:         0.000:         0.000: 
  2  Sa         :         -0.01  :         -0.01  :        -0.000:         0.000:         0.000: 
  3  Sb         :          0.02  :          0.02  :        -0.000:         0.000:         0.000: 
  4  f          :  -25373739.82  :  -25373739.79  :         0.030:         0.159:         0.002: 
  5  f          :        123.14  :        123.13  :        -0.011:         0.177:         0.003: 
  6  f          :          0.59  :          0.60  :         0.018:         0.175:         0.003: 
  7##f          :         -0.00  :         -0.02  :        -0.021:         0.148:         0.002: #
  8##f          :          0.06  :          0.04  :        -0.018:         0.111:         0.002: #
  9##f          :         -0.03  :         -0.01  :         0.013:         0.114:         0.002: #
 10##f          :          0.02  :          0.02  :        -0.000:         0.117:         0.002:!#
 11  f          :      28824.70  :      28823.01  :        -1.689:         7.854:         0.021: 
 12  f          :       3637.97  :       3655.84  :        17.863:        37.044:         0.045: 
 13  f          :       2888.78  :       2916.19  :        27.412:       100.046:         0.087: 
 14  f          :       1647.98  :       1559.97  :       -88.019:       305.790:         0.162: 
 15  f          :       1229.79  :       1068.86  :      -160.925:       441.577:         0.293: 
 16  f          :       1157.98  :       1344.12  :       186.139:       762.833:         0.522: 
 17##f          :        494.91  :        795.83  :       300.923:       855.363:         0.920: #
 18  f          :      19739.70  :      19728.78  :       -10.918:        19.410:         0.019: 
 19  f          :        158.72  :        153.87  :        -4.855:        65.249:         0.076: 
 20  f          :       5880.23  :       5955.63  :        75.407:       124.821:         0.052: 
 21  h          :       -672.09  :       -666.83  :         5.259:        84.672:         0.215: 
 22##f          :        -42.98  :        -18.05  :        24.930:        96.117:         0.033: #
 23##f          :       -165.65  :        -30.69  :       134.962:       239.833:         0.085: #
 24##f          :         -6.22  :        142.21  :       148.428:       243.493:         0.044: #
 25  h          :       -275.20  :       -345.18  :       -69.973:       148.696:         0.496: 
 26##f          :       -459.18  :        101.03  :       560.217:       577.875:         0.335: #
 27##f          :          5.14  :       -649.63  :      -654.773:       850.853:         0.145: #
 28  f          :       -120.68  :       -190.35  :       -69.672:       112.213:         0.041: 
 29##f          :         63.57  :         49.53  :       -14.036:        57.695:         0.038: #
 30  f          :          0.57  :        117.24  :       116.673:       116.976:         0.077: 
 31  f          :       1276.85  :       1403.12  :       126.270:        60.362:         0.097: 
 32  f          :      -6030.54  :      -5891.15  :       139.383:       226.498:         0.389: 
 33  f          :         76.45  :         87.74  :        11.282:        56.307:         0.311: 
 34  f          :      -1048.66  :       -846.56  :       202.097:       343.206:         1.250: 
 35  f          :       2119.77  :       2240.55  :       120.774:       149.342:         0.349: 
 36  h          :      16777.31  :      14311.84  :     -2465.466:       551.499:         0.930: 
 37  f          :        994.51  :        379.22  :      -615.290:       239.384:         0.881: 
 38##f          :      -3137.97  :       -544.76  :      2593.204:       835.211:         3.536: #
 39  f          :        407.90  :        393.62  :       -14.281:        55.747:         1.241: 
 40  f          :      -5704.59  :      -5921.12  :      -216.538:       188.358:         0.226: 
 41  f          :      16555.28  :      15616.17  :      -939.113:       534.265:         0.622: 
 42##f          :        370.28  :        352.58  :       -17.699:       376.419:         2.328: #
 43##h          :      -2871.25  :       -806.60  :      2064.657:      1085.179:         7.992: #
 44  f          :       2267.46  :       1828.77  :      -438.686:       743.436:         2.320: 
 45  f          :        737.84  :        897.88  :       160.043:       229.182:         0.389: 
 46  h          :     -22053.85  :     -14845.19  :      7208.656:      1603.610:         2.383: 
 47  f          :       1267.68  :       2602.75  :      1335.069:      1043.156:         5.672: 
 48  f          :      -3603.15  :      -2454.21  :      1148.937:       739.420:         2.216: 
 49##f          :       6481.72  :       1167.94  :     -5313.778:      1569.720:         6.529: #
 50  h          :       2721.99  :       2488.86  :      -233.126:       420.218:         7.038: 
 51  f          :      21445.34  :      17742.34  :     -3702.998:       807.431:         2.235: 
 52  f          :      -8654.66  :      -6398.75  :      2255.909:       933.660:         1.358: 
 53  h          :      12261.38  :       4897.87  :     -7363.505:      2521.776:        15.867: 
 54  f          :      -1628.08  :      -1198.48  :       429.604:       594.466:         5.820: 
 55  f          :       -280.38  :       -280.17  :         0.213:         1.403:         0.011: 
 56  f          :          2.43  :          2.31  :        -0.118:         0.830:         0.010: 
 57  f          :         -3.67  :         -3.65  :         0.016:         0.783:         0.010: 
 58  f          :          1.82  :          2.55  :         0.736:         0.386:         0.010: 
 59  f          :        160.46  :        159.49  :        -0.971:         4.379:         0.027: 
 60##f          :          2.87  :          3.26  :         0.389:         3.642:         0.027: #
 61##f          :         -0.18  :         -0.19  :        -0.009:         1.340:         0.026:!#
 62##f          :         -0.16  :        -14.63  :       -14.472:        19.781:         0.057: #
 63##f          :        -10.84  :         -0.86  :         9.973:         4.810:         0.057: #
 64##f          :          7.68  :          0.46  :        -7.226:         4.067:         0.056: #
 65##f          :          3.91  :          7.77  :         3.860:        19.492:         0.112: #
 66##f          :         -2.03  :         -3.20  :        -1.171:        13.779:         0.111: #
 67##f          :         10.38  :         20.59  :        10.206:        60.586:         0.209: #

   ------------------------------------------------------------------
   |   iter  |  points |    deviat     |     rms       |  stability  |
   ------------------------------------------------------------------

   -----------------------------------------------------------
   |  param  |  points |   deviat    |    rms      | stability |
   -----------------------------------------------------------
   |    67   |    893  |   0.14697E+01 |  0.58183E+08  |    0.862E-01 |

############################################################################################
