************************************************************************************************************************************
 ************************************************************************************************************************************
 ************************************************************************************************************************************
 ****************                                                                                                    ****************
 ****************          *  FITTING OF THE POTENTIAL PARAMETERS TO AB INITIO DATA                                  ****************
 ****************          *                                                                                         ****************
 ****************          *  2016                                                                                   ****************
 ****************          *  C2H6                                                                                   ****************

 ****************                                                                                                    ****************
 ************************************************************************************************************************************
 ************************************************************************************************************************************
 ************************************************************************************************************************************
 
        12 <= number of degrees of freedom
         5 <= number of bonds
         7 <= number of bond angles
        20 <= number of iterations in the fit
  0.000000 <= The fit is over if the stability is reached 
  0.000010 <= The fit is over if the st.dev. best is reached 
  1.000000 <= sterr parameter out 
  0.000010 <= stdev parameter out 
         1 <= watson robust on (1) or of (0) 
         8 <= number of non-linear parameters
 parameters of structure 
rCOe      =           1.420
rOHe      =           0.957
rCH       =           1.088
aHOC      =         107.636
aHCO      =         108.459
a1        =           2.169
a2        =           2.573
b1        =           1.783
Lowest energy = -115.611863    

   ------------------------------------------------------------------
   |   iter  |  points |    deviat     |     rms       |  stability  |
   ------------------------------------------------------------------
   |     1   |     35  |   0.27336E+02 |  0.15685E+04  |   0.657E+07 |
   |     2   |     35  |   0.99314E+02 |  0.10692E+03  |   0.125E+02 |
   |     3   |     35  |   0.59154E-01 |  0.81760E-01  |   0.158E+04 |
   |     4   |     35  |   0.31751E-01 |  0.19794E+00  |   0.123E+01 |
   |     5   |     35  |   0.52647E-02 |  0.19668E+01  |   0.503E+01 |
   |     6   |     35  |   0.52647E-02 |  0.19668E+01  |   0.267E-05 |
   |     7   |     35  |   0.52647E-02 |  0.19668E+01  |   0.121E-06 |
   |     8   |     35  |   0.52647E-02 |  0.19668E+01  |   0.449E-07 |
   |     9   |     35  |   0.52647E-02 |  0.19668E+01  |   0.170E-06 |
   |    10   |     35  |   0.52647E-02 |  0.19668E+01  |   0.140E-06 |
   |    11   |     35  |   0.52647E-02 |  0.19668E+01  |   0.889E-07 |
   |    12   |     35  |   0.52647E-02 |  0.19668E+01  |   0.934E-07 |
   |    13   |     35  |   0.52647E-02 |  0.19668E+01  |   0.537E-07 |
   |    14   |     35  |   0.52647E-02 |  0.19668E+01  |   0.598E-07 |
   |    15   |     35  |   0.52647E-02 |  0.19668E+01  |   0.729E-07 |
   |    16   |     35  |   0.52647E-02 |  0.19668E+01  |   0.651E-07 |
   |    17   |     35  |   0.52647E-02 |  0.19668E+01  |   0.387E-07 |
   |    18   |     35  |   0.52647E-02 |  0.19668E+01  |   0.126E-06 |
   |    19   |     35  |   0.52647E-02 |  0.19668E+01  |   0.309E-07 |
   |    20   |     35  |   0.52647E-02 |  0.19668E+01  |   0.744E-07 |
   |    21   |     35  |   0.52647E-02 |  0.19668E+01  |   0.278E-07 |

Watson Alpha parameter  0.1000 fitted with rms2 = 


Potential parameters rounded in accord. with their standart errors

rC  0  0  0  0  0  0  0  0  0  0  0  0   0   1.4204479    
rO  0  0  0  0  0  0  0  0  0  0  0  0   0  0.95729738    
rC  0  0  0  0  0  0  0  0  0  0  0  0   0   1.0883773    
aH  0  0  0  0  0  0  0  0  0  0  0  0   0   107.63555    
aH  0  0  0  0  0  0  0  0  0  0  0  0   9        110.203195    (      16)
a1  0  0  0  0  0  0  0  0  0  0  0  0   0   2.1689355    
a2  0  0  0  0  0  0  0  0  0  0  0  0   0   2.5727607    
b1  0  0  0  0  0  0  0  0  0  0  0  0   0   1.7826628    
 f  0  0  0  0  0  0  0  0  0  0  0  0   9    -25373819.9035    (      15)
 f  2  0  0  0  0  0  0  0  0  0  0  0   0   29630.935    
 f  3  0  0  0  0  0  0  0  0  0  0  0   0   3609.5531    
 f  4  0  0  0  0  0  0  0  0  0  0  0   0   2936.7434    
 f  5  0  0  0  0  0  0  0  0  0  0  0   0   1758.1958    
 f  6  0  0  0  0  0  0  0  0  0  0  0   0   1197.6540    
 f  7  0  0  0  0  0  0  0  0  0  0  0   0   836.62376    
 f  8  0  0  0  0  0  0  0  0  0  0  0   0   328.29764    
 f  0  2  0  0  0  0  0  0  0  0  0  0   0   31940.404    
 f  0  3  0  0  0  0  0  0  0  0  0  0   0   2798.6004    
 f  0  4  0  0  0  0  0  0  0  0  0  0   0   3127.9108    
 f  0  5  0  0  0  0  0  0  0  0  0  0   0   1770.4250    
 f  0  6  0  0  0  0  0  0  0  0  0  0   0   1270.3114    
 f  0  7  0  0  0  0  0  0  0  0  0  0   0   999.77677    
 f  0  8  0  0  0  0  0  0  0  0  0  0   0   401.59578    
 f  0  0  0  1  0  0  0  0  0  0  0  1   0  -4299.9340    
 f  0  0  2  0  0  0  0  0  0  0  0  0   0   126760.59    
 f  0  0  0  2  0  0  0  0  0  0  0  1   0  -4884.8989    
 f  0  0  3  0  0  0  0  0  0  0  0  0   0  -10981.561    
 f  0  0  0  3  0  0  0  0  0  0  0  1   0  -3611.6366    
 f  0  0  4  0  0  0  0  0  0  0  0  0   0   9575.4468    
 f  0  0  0  4  0  0  0  0  0  0  0  1   0  -2414.2224    
 f  0  0  5  0  0  0  0  0  0  0  0  0   0   3164.5374    
 f  0  0  0  5  0  0  0  0  0  0  0  1   0  -1668.8932    
 f  0  0  6  0  0  0  0  0  0  0  0  0   0   2316.6308    
 f  0  0  0  6  0  0  0  0  0  0  0  1   0  -390.14501    
 f  0  0  7  0  0  0  0  0  0  0  0  0   0   918.47483    
 f  0  0  0  7  0  0  0  0  0  0  0  1   0   1101.8387    
 f  0  0  0  0  0  2  0  0  0  0  0  0   0   19879.256    
 f  0  0  0  0  0  3  0  0  0  0  0  0   0  -7717.8462    
 f  0  0  0  0  0  4  0  0  0  0  0  0   0  -1255.7682    
 f  0  0  0  0  0  5  0  0  0  0  0  0   0  -385.18552    
 f  0  0  0  0  0  6  0  0  0  0  0  0   0  -316.29071    
 f  0  0  0  0  0  7  0  0  0  0  0  0   0  -538.93797    
 f  0  0  0  0  0  8  0  0  0  0  0  0   0   683.57492    
 f  0  0  0  0  0  0  2  0  0  0  0  0   9          84731.80    (      43)
 f  0  0  0  0  0  0  3  0  0  0  0  0   8          -11655.9    (      14)
 f  0  0  0  0  0  0  4  0  0  0  0  0   7            6879.2    (      55)
 f  0  0  0  0  0  0  5  0  0  0  0  0   6            -1268.    (      12)
 f  0  0  0  0  0  0  6  0  0  0  0  0   5            -3124.    (      21)
 f  0  0  0  0  0  0  7  0  0  0  0  0   4             3024.    (      28)
 f  0  0  0  0  0  0  8  0  0  0  0  0   3            -1872.    (      31)
 f  0  0  0  0  0  0  0  1  0  0  0  1   9          14931.29    (      12)
 f  0  0  0  0  0  0  0  2  0  0  0  1   9          -7471.05    (      78)
 f  0  0  0  0  0  0  0  3  0  0  0  1   8              -6.9    (      35)
 f  0  0  0  0  0  0  0  4  0  0  0  1   7             1758.    (      11)
 f  0  0  0  0  0  0  0  5  0  0  0  1   6            -4555.    (      31)
 f  0  0  0  0  0  0  0  6  0  0  0  1   5             3650.    (      47)
 f  0  0  0  0  0  0  0  7  0  0  0  1   4            -1233.    (      72)
 f  0  0  0  0  0  0  0  8  0  0  0  1   3             -272.    (      76)
------------------------------
*  FITTING OF THE POTENTIAL PARAMETERS TO AB INITIO DATA                        
*                                                                               
*  2016                                                                         
*  C2H6                                                                         
      rCOe                        0          1.42044790
      rOHe                        0          0.95729738
       rCH                        0          1.08837733
      aHOC                        0        107.63554843
      aHCO                        9        110.20319508
        a1                        0          2.16893551
        a2                        0          2.57276067
        b1                        0          1.78266276
 f   0   0   0   0   0   0   0   0   0   0   0   0   9  -25373819.90345042
 f   2   0   0   0   0   0   0   0   0   0   0   0   0      29630.93506084
 f   3   0   0   0   0   0   0   0   0   0   0   0   0       3609.55313028
 f   4   0   0   0   0   0   0   0   0   0   0   0   0       2936.74337084
 f   5   0   0   0   0   0   0   0   0   0   0   0   0       1758.19577326
 f   6   0   0   0   0   0   0   0   0   0   0   0   0       1197.65403583
 f   7   0   0   0   0   0   0   0   0   0   0   0   0        836.62376208
 f   8   0   0   0   0   0   0   0   0   0   0   0   0        328.29764036
 f   0   2   0   0   0   0   0   0   0   0   0   0   0      31940.40375184
 f   0   3   0   0   0   0   0   0   0   0   0   0   0       2798.60039599
 f   0   4   0   0   0   0   0   0   0   0   0   0   0       3127.91077202
 f   0   5   0   0   0   0   0   0   0   0   0   0   0       1770.42495615
 f   0   6   0   0   0   0   0   0   0   0   0   0   0       1270.31144120
 f   0   7   0   0   0   0   0   0   0   0   0   0   0        999.77677247
 f   0   8   0   0   0   0   0   0   0   0   0   0   0        401.59578020
 f   0   0   0   1   0   0   0   0   0   0   0   1   0      -4299.93395817
 f   0   0   2   0   0   0   0   0   0   0   0   0   0     126760.59310067
 f   0   0   0   2   0   0   0   0   0   0   0   1   0      -4884.89892522
 f   0   0   3   0   0   0   0   0   0   0   0   0   0     -10981.56098501
 f   0   0   0   3   0   0   0   0   0   0   0   1   0      -3611.63662521
 f   0   0   4   0   0   0   0   0   0   0   0   0   0       9575.44675453
 f   0   0   0   4   0   0   0   0   0   0   0   1   0      -2414.22235117
 f   0   0   5   0   0   0   0   0   0   0   0   0   0       3164.53742562
 f   0   0   0   5   0   0   0   0   0   0   0   1   0      -1668.89316562
 f   0   0   6   0   0   0   0   0   0   0   0   0   0       2316.63076495
 f   0   0   0   6   0   0   0   0   0   0   0   1   0       -390.14500516
 f   0   0   7   0   0   0   0   0   0   0   0   0   0        918.47483332
 f   0   0   0   7   0   0   0   0   0   0   0   1   0       1101.83874779
 f   0   0   0   0   0   2   0   0   0   0   0   0   0      19879.25565582
 f   0   0   0   0   0   3   0   0   0   0   0   0   0      -7717.84616644
 f   0   0   0   0   0   4   0   0   0   0   0   0   0      -1255.76818289
 f   0   0   0   0   0   5   0   0   0   0   0   0   0       -385.18551517
 f   0   0   0   0   0   6   0   0   0   0   0   0   0       -316.29070980
 f   0   0   0   0   0   7   0   0   0   0   0   0   0       -538.93796837
 f   0   0   0   0   0   8   0   0   0   0   0   0   0        683.57491739
 f   0   0   0   0   0   0   2   0   0   0   0   0   9      84731.79731689
 f   0   0   0   0   0   0   3   0   0   0   0   0   8     -11655.89475294
 f   0   0   0   0   0   0   4   0   0   0   0   0   7       6879.19348077
 f   0   0   0   0   0   0   5   0   0   0   0   0   6      -1267.88267694
 f   0   0   0   0   0   0   6   0   0   0   0   0   5      -3124.47424505
 f   0   0   0   0   0   0   7   0   0   0   0   0   4       3024.03536423
 f   0   0   0   0   0   0   8   0   0   0   0   0   3      -1871.77508083
 f   0   0   0   0   0   0   0   1   0   0   0   1   9      14931.28928991
 f   0   0   0   0   0   0   0   2   0   0   0   1   9      -7471.04774906
 f   0   0   0   0   0   0   0   3   0   0   0   1   8         -6.93648414
 f   0   0   0   0   0   0   0   4   0   0   0   1   7       1757.73172027
 f   0   0   0   0   0   0   0   5   0   0   0   1   6      -4554.98055543
 f   0   0   0   0   0   0   0   6   0   0   0   1   5       3650.00439027
 f   0   0   0   0   0   0   0   7   0   0   0   1   4      -1232.79373210
 f   0   0   0   0   0   0   0   8   0   0   0   1   3       -271.87489294

Correlation coefficients larger than 0.9: 
          corr(   3,   5) =  0.9607231
          corr(   4,   6) =  0.9444113
          corr(   5,   7) =  0.9336355
          corr(   6,   8) =  0.9875262
          corr(  11,  13) =  0.9484439
          corr(  12,  14) =  0.9452357
          corr(  13,  15) =  0.9179037
          corr(  14,  16) =  0.9875565

               --------------------------------------------------------------------------------
               :     old parm   :     new parm   :  delta parm  :   std. err.  : sensitility
               --------------------------------------------------------------------------------
  1  aHCO       :        110.20  :        110.20  :         0.000:         0.000:         0.000:!
  2  f          :  -25373819.90  :  -25373819.90  :         0.000:         0.002:         0.000:!
  3  f          :      84731.80  :      84731.80  :        -0.000:         0.425:         0.001:!
  4  f          :     -11655.89  :     -11655.89  :         0.000:         1.383:         0.002:!
  5  f          :       6879.19  :       6879.19  :        -0.000:         5.467:         0.003:!
  6  f          :      -1267.88  :      -1267.88  :        -0.000:        12.128:         0.006:!
  7  f          :      -3124.47  :      -3124.47  :         0.000:        21.437:         0.012:!
  8  f          :       3024.04  :       3024.04  :         0.000:        28.479:         0.023:!
  9  f          :      -1871.78  :      -1871.78  :        -0.000:        31.030:         0.043:!
 10  f          :      14931.29  :      14931.29  :         0.000:         0.118:         0.001:!
 11  f          :      -7471.05  :      -7471.05  :         0.000:         0.775:         0.002:!
 12  f          :         -6.94  :         -6.94  :        -0.000:         3.481:         0.004:!
 13  f          :       1757.73  :       1757.73  :        -0.000:        11.081:         0.008:!
 14  f          :      -4554.98  :      -4554.98  :         0.000:        30.644:         0.016:!
 15  f          :       3650.00  :       3650.00  :         0.000:        47.386:         0.031:!
 16  f          :      -1232.79  :      -1232.79  :        -0.000:        71.965:         0.058:!
 17  f          :       -271.87  :       -271.87  :        -0.000:        75.851:         0.110:!
relat_sterr_min,ilow_sterr, tivar:    0.10000000D+21   -1    3
rCOe                               0          1.42044790
rOHe                               0          0.95729738
rCH                                0          1.08837733
aHOC                               0        107.63554843
aHCO                               9        110.20319508
a1                                 0          2.16893551
a2                                 0          2.57276067
b1                                 0          1.78266276
 f   0   0   0   0   0   0   0   0   0   0   0   0   9  -25373819.90345042
 f   2   0   0   0   0   0   0   0   0   0   0   0   0      29630.93506084
 f   3   0   0   0   0   0   0   0   0   0   0   0   0       3609.55313028
 f   4   0   0   0   0   0   0   0   0   0   0   0   0       2936.74337084
 f   5   0   0   0   0   0   0   0   0   0   0   0   0       1758.19577326
 f   6   0   0   0   0   0   0   0   0   0   0   0   0       1197.65403583
 f   7   0   0   0   0   0   0   0   0   0   0   0   0        836.62376208
 f   8   0   0   0   0   0   0   0   0   0   0   0   0        328.29764036
 f   0   2   0   0   0   0   0   0   0   0   0   0   0      31940.40375184
 f   0   3   0   0   0   0   0   0   0   0   0   0   0       2798.60039599
 f   0   4   0   0   0   0   0   0   0   0   0   0   0       3127.91077202
 f   0   5   0   0   0   0   0   0   0   0   0   0   0       1770.42495615
 f   0   6   0   0   0   0   0   0   0   0   0   0   0       1270.31144120
 f   0   7   0   0   0   0   0   0   0   0   0   0   0        999.77677247
 f   0   8   0   0   0   0   0   0   0   0   0   0   0        401.59578020
 f   0   0   0   1   0   0   0   0   0   0   0   1   0      -4299.93395817
 f   0   0   2   0   0   0   0   0   0   0   0   0   0     126760.59310067
 f   0   0   0   2   0   0   0   0   0   0   0   1   0      -4884.89892522
 f   0   0   3   0   0   0   0   0   0   0   0   0   0     -10981.56098501
 f   0   0   0   3   0   0   0   0   0   0   0   1   0      -3611.63662521
 f   0   0   4   0   0   0   0   0   0   0   0   0   0       9575.44675453
 f   0   0   0   4   0   0   0   0   0   0   0   1   0      -2414.22235117
 f   0   0   5   0   0   0   0   0   0   0   0   0   0       3164.53742562
 f   0   0   0   5   0   0   0   0   0   0   0   1   0      -1668.89316562
 f   0   0   6   0   0   0   0   0   0   0   0   0   0       2316.63076495
 f   0   0   0   6   0   0   0   0   0   0   0   1   0       -390.14500516
 f   0   0   7   0   0   0   0   0   0   0   0   0   0        918.47483332
 f   0   0   0   7   0   0   0   0   0   0   0   1   0       1101.83874779
 f   0   0   0   0   0   2   0   0   0   0   0   0   0      19879.25565582
 f   0   0   0   0   0   3   0   0   0   0   0   0   0      -7717.84616644
 f   0   0   0   0   0   4   0   0   0   0   0   0   0      -1255.76818289
 f   0   0   0   0   0   5   0   0   0   0   0   0   0       -385.18551517
 f   0   0   0   0   0   6   0   0   0   0   0   0   0       -316.29070980
 f   0   0   0   0   0   7   0   0   0   0   0   0   0       -538.93796837
 f   0   0   0   0   0   8   0   0   0   0   0   0   0        683.57491739
 f   0   0   0   0   0   0   2   0   0   0   0   0   9      84731.79731689
 f   0   0   0   0   0   0   3   0   0   0   0   0   8     -11655.89475294
 f   0   0   0   0   0   0   4   0   0   0   0   0   7       6879.19348077
 f   0   0   0   0   0   0   5   0   0   0   0   0   6      -1267.88267694
 f   0   0   0   0   0   0   6   0   0   0   0   0   5      -3124.47424505
 f   0   0   0   0   0   0   7   0   0   0   0   0   4       3024.03536423
 f   0   0   0   0   0   0   8   0   0   0   0   0   3      -1871.77508083
 f   0   0   0   0   0   0   0   1   0   0   0   1   9      14931.28928991
 f   0   0   0   0   0   0   0   2   0   0   0   1   9      -7471.04774906
 f   0   0   0   0   0   0   0   3   0   0   0   1   8         -6.93648414
 f   0   0   0   0   0   0   0   4   0   0   0   1   7       1757.73172027
 f   0   0   0   0   0   0   0   5   0   0   0   1   6      -4554.98055543
 f   0   0   0   0   0   0   0   6   0   0   0   1   5       3650.00439027
 f   0   0   0   0   0   0   0   7   0   0   0   1   4      -1232.79373210
 f   0   0   0   0   0   0   0   8   0   0   0   1   3       -271.87489294
relat_sterr_min,ilow_sterr, tivar:    0.10000000D+21   -1    4
rCOe                               0          1.42044790
rOHe                               0          0.95729738
rCH                                0          1.08837733
aHOC                               0        107.63554843
aHCO                               9        110.20319508
a1                                 0          2.16893551
a2                                 0          2.57276067
b1                                 0          1.78266276
 f   0   0   0   0   0   0   0   0   0   0   0   0   9  -25373819.90345042
 f   2   0   0   0   0   0   0   0   0   0   0   0   0      29630.93506084
 f   3   0   0   0   0   0   0   0   0   0   0   0   0       3609.55313028
 f   4   0   0   0   0   0   0   0   0   0   0   0   0       2936.74337084
 f   5   0   0   0   0   0   0   0   0   0   0   0   0       1758.19577326
 f   6   0   0   0   0   0   0   0   0   0   0   0   0       1197.65403583
 f   7   0   0   0   0   0   0   0   0   0   0   0   0        836.62376208
 f   8   0   0   0   0   0   0   0   0   0   0   0   0        328.29764036
 f   0   2   0   0   0   0   0   0   0   0   0   0   0      31940.40375184
 f   0   3   0   0   0   0   0   0   0   0   0   0   0       2798.60039599
 f   0   4   0   0   0   0   0   0   0   0   0   0   0       3127.91077202
 f   0   5   0   0   0   0   0   0   0   0   0   0   0       1770.42495615
 f   0   6   0   0   0   0   0   0   0   0   0   0   0       1270.31144120
 f   0   7   0   0   0   0   0   0   0   0   0   0   0        999.77677247
 f   0   8   0   0   0   0   0   0   0   0   0   0   0        401.59578020
 f   0   0   0   1   0   0   0   0   0   0   0   1   0      -4299.93395817
 f   0   0   2   0   0   0   0   0   0   0   0   0   0     126760.59310067
 f   0   0   0   2   0   0   0   0   0   0   0   1   0      -4884.89892522
 f   0   0   3   0   0   0   0   0   0   0   0   0   0     -10981.56098501
 f   0   0   0   3   0   0   0   0   0   0   0   1   0      -3611.63662521
 f   0   0   4   0   0   0   0   0   0   0   0   0   0       9575.44675453
 f   0   0   0   4   0   0   0   0   0   0   0   1   0      -2414.22235117
 f   0   0   5   0   0   0   0   0   0   0   0   0   0       3164.53742562
 f   0   0   0   5   0   0   0   0   0   0   0   1   0      -1668.89316562
 f   0   0   6   0   0   0   0   0   0   0   0   0   0       2316.63076495
 f   0   0   0   6   0   0   0   0   0   0   0   1   0       -390.14500516
 f   0   0   7   0   0   0   0   0   0   0   0   0   0        918.47483332
 f   0   0   0   7   0   0   0   0   0   0   0   1   0       1101.83874779
 f   0   0   0   0   0   2   0   0   0   0   0   0   0      19879.25565582
 f   0   0   0   0   0   3   0   0   0   0   0   0   0      -7717.84616644
 f   0   0   0   0   0   4   0   0   0   0   0   0   0      -1255.76818289
 f   0   0   0   0   0   5   0   0   0   0   0   0   0       -385.18551517
 f   0   0   0   0   0   6   0   0   0   0   0   0   0       -316.29070980
 f   0   0   0   0   0   7   0   0   0   0   0   0   0       -538.93796837
 f   0   0   0   0   0   8   0   0   0   0   0   0   0        683.57491739
 f   0   0   0   0   0   0   2   0   0   0   0   0   9      84731.79731689
 f   0   0   0   0   0   0   3   0   0   0   0   0   8     -11655.89475294
 f   0   0   0   0   0   0   4   0   0   0   0   0   7       6879.19348077
 f   0   0   0   0   0   0   5   0   0   0   0   0   6      -1267.88267694
 f   0   0   0   0   0   0   6   0   0   0   0   0   5      -3124.47424505
 f   0   0   0   0   0   0   7   0   0   0   0   0   4       3024.03536423
 f   0   0   0   0   0   0   8   0   0   0   0   0   3      -1871.77508083
 f   0   0   0   0   0   0   0   1   0   0   0   1   9      14931.28928991
 f   0   0   0   0   0   0   0   2   0   0   0   1   9      -7471.04774906
 f   0   0   0   0   0   0   0   3   0   0   0   1   8         -6.93648414
 f   0   0   0   0   0   0   0   4   0   0   0   1   7       1757.73172027
 f   0   0   0   0   0   0   0   5   0   0   0   1   6      -4554.98055543
 f   0   0   0   0   0   0   0   6   0   0   0   1   5       3650.00439027
 f   0   0   0   0   0   0   0   7   0   0   0   1   4      -1232.79373210
 f   0   0   0   0   0   0   0   8   0   0   0   1   3       -271.87489294
relat_sterr_min,ilow_sterr, tivar:    0.10000000D+21   -1    5
rCOe                               0          1.42044790
rOHe                               0          0.95729738
rCH                                0          1.08837733
aHOC                               0        107.63554843
aHCO                               9        110.20319508
a1                                 0          2.16893551
a2                                 0          2.57276067
b1                                 0          1.78266276
 f   0   0   0   0   0   0   0   0   0   0   0   0   9  -25373819.90345042
 f   2   0   0   0   0   0   0   0   0   0   0   0   0      29630.93506084
 f   3   0   0   0   0   0   0   0   0   0   0   0   0       3609.55313028
 f   4   0   0   0   0   0   0   0   0   0   0   0   0       2936.74337084
 f   5   0   0   0   0   0   0   0   0   0   0   0   0       1758.19577326
 f   6   0   0   0   0   0   0   0   0   0   0   0   0       1197.65403583
 f   7   0   0   0   0   0   0   0   0   0   0   0   0        836.62376208
 f   8   0   0   0   0   0   0   0   0   0   0   0   0        328.29764036
 f   0   2   0   0   0   0   0   0   0   0   0   0   0      31940.40375184
 f   0   3   0   0   0   0   0   0   0   0   0   0   0       2798.60039599
 f   0   4   0   0   0   0   0   0   0   0   0   0   0       3127.91077202
 f   0   5   0   0   0   0   0   0   0   0   0   0   0       1770.42495615
 f   0   6   0   0   0   0   0   0   0   0   0   0   0       1270.31144120
 f   0   7   0   0   0   0   0   0   0   0   0   0   0        999.77677247
 f   0   8   0   0   0   0   0   0   0   0   0   0   0        401.59578020
 f   0   0   0   1   0   0   0   0   0   0   0   1   0      -4299.93395817
 f   0   0   2   0   0   0   0   0   0   0   0   0   0     126760.59310067
 f   0   0   0   2   0   0   0   0   0   0   0   1   0      -4884.89892522
 f   0   0   3   0   0   0   0   0   0   0   0   0   0     -10981.56098501
 f   0   0   0   3   0   0   0   0   0   0   0   1   0      -3611.63662521
 f   0   0   4   0   0   0   0   0   0   0   0   0   0       9575.44675453
 f   0   0   0   4   0   0   0   0   0   0   0   1   0      -2414.22235117
 f   0   0   5   0   0   0   0   0   0   0   0   0   0       3164.53742562
 f   0   0   0   5   0   0   0   0   0   0   0   1   0      -1668.89316562
 f   0   0   6   0   0   0   0   0   0   0   0   0   0       2316.63076495
 f   0   0   0   6   0   0   0   0   0   0   0   1   0       -390.14500516
 f   0   0   7   0   0   0   0   0   0   0   0   0   0        918.47483332
 f   0   0   0   7   0   0   0   0   0   0   0   1   0       1101.83874779
 f   0   0   0   0   0   2   0   0   0   0   0   0   0      19879.25565582
 f   0   0   0   0   0   3   0   0   0   0   0   0   0      -7717.84616644
 f   0   0   0   0   0   4   0   0   0   0   0   0   0      -1255.76818289
 f   0   0   0   0   0   5   0   0   0   0   0   0   0       -385.18551517
 f   0   0   0   0   0   6   0   0   0   0   0   0   0       -316.29070980
 f   0   0   0   0   0   7   0   0   0   0   0   0   0       -538.93796837
 f   0   0   0   0   0   8   0   0   0   0   0   0   0        683.57491739
 f   0   0   0   0   0   0   2   0   0   0   0   0   9      84731.79731689
 f   0   0   0   0   0   0   3   0   0   0   0   0   8     -11655.89475294
 f   0   0   0   0   0   0   4   0   0   0   0   0   7       6879.19348077
 f   0   0   0   0   0   0   5   0   0   0   0   0   6      -1267.88267694
 f   0   0   0   0   0   0   6   0   0   0   0   0   5      -3124.47424505
 f   0   0   0   0   0   0   7   0   0   0   0   0   4       3024.03536423
 f   0   0   0   0   0   0   8   0   0   0   0   0   3      -1871.77508083
 f   0   0   0   0   0   0   0   1   0   0   0   1   9      14931.28928991
 f   0   0   0   0   0   0   0   2   0   0   0   1   9      -7471.04774906
 f   0   0   0   0   0   0   0   3   0   0   0   1   8         -6.93648414
 f   0   0   0   0   0   0   0   4   0   0   0   1   7       1757.73172027
 f   0   0   0   0   0   0   0   5   0   0   0   1   6      -4554.98055543
 f   0   0   0   0   0   0   0   6   0   0   0   1   5       3650.00439027
 f   0   0   0   0   0   0   0   7   0   0   0   1   4      -1232.79373210
 f   0   0   0   0   0   0   0   8   0   0   0   1   3       -271.87489294
relat_sterr_min,ilow_sterr, tivar:    0.10000000D+21   -1    6
rCOe                               0          1.42044790
rOHe                               0          0.95729738
rCH                                0          1.08837733
aHOC                               0        107.63554843
aHCO                               9        110.20319508
a1                                 0          2.16893551
a2                                 0          2.57276067
b1                                 0          1.78266276
 f   0   0   0   0   0   0   0   0   0   0   0   0   9  -25373819.90345042
 f   2   0   0   0   0   0   0   0   0   0   0   0   0      29630.93506084
 f   3   0   0   0   0   0   0   0   0   0   0   0   0       3609.55313028
 f   4   0   0   0   0   0   0   0   0   0   0   0   0       2936.74337084
 f   5   0   0   0   0   0   0   0   0   0   0   0   0       1758.19577326
 f   6   0   0   0   0   0   0   0   0   0   0   0   0       1197.65403583
 f   7   0   0   0   0   0   0   0   0   0   0   0   0        836.62376208
 f   8   0   0   0   0   0   0   0   0   0   0   0   0        328.29764036
 f   0   2   0   0   0   0   0   0   0   0   0   0   0      31940.40375184
 f   0   3   0   0   0   0   0   0   0   0   0   0   0       2798.60039599
 f   0   4   0   0   0   0   0   0   0   0   0   0   0       3127.91077202
 f   0   5   0   0   0   0   0   0   0   0   0   0   0       1770.42495615
 f   0   6   0   0   0   0   0   0   0   0   0   0   0       1270.31144120
 f   0   7   0   0   0   0   0   0   0   0   0   0   0        999.77677247
 f   0   8   0   0   0   0   0   0   0   0   0   0   0        401.59578020
 f   0   0   0   1   0   0   0   0   0   0   0   1   0      -4299.93395817
 f   0   0   2   0   0   0   0   0   0   0   0   0   0     126760.59310067
 f   0   0   0   2   0   0   0   0   0   0   0   1   0      -4884.89892522
 f   0   0   3   0   0   0   0   0   0   0   0   0   0     -10981.56098501
 f   0   0   0   3   0   0   0   0   0   0   0   1   0      -3611.63662521
 f   0   0   4   0   0   0   0   0   0   0   0   0   0       9575.44675453
 f   0   0   0   4   0   0   0   0   0   0   0   1   0      -2414.22235117
 f   0   0   5   0   0   0   0   0   0   0   0   0   0       3164.53742562
 f   0   0   0   5   0   0   0   0   0   0   0   1   0      -1668.89316562
 f   0   0   6   0   0   0   0   0   0   0   0   0   0       2316.63076495
 f   0   0   0   6   0   0   0   0   0   0   0   1   0       -390.14500516
 f   0   0   7   0   0   0   0   0   0   0   0   0   0        918.47483332
 f   0   0   0   7   0   0   0   0   0   0   0   1   0       1101.83874779
 f   0   0   0   0   0   2   0   0   0   0   0   0   0      19879.25565582
 f   0   0   0   0   0   3   0   0   0   0   0   0   0      -7717.84616644
 f   0   0   0   0   0   4   0   0   0   0   0   0   0      -1255.76818289
 f   0   0   0   0   0   5   0   0   0   0   0   0   0       -385.18551517
 f   0   0   0   0   0   6   0   0   0   0   0   0   0       -316.29070980
 f   0   0   0   0   0   7   0   0   0   0   0   0   0       -538.93796837
 f   0   0   0   0   0   8   0   0   0   0   0   0   0        683.57491739
 f   0   0   0   0   0   0   2   0   0   0   0   0   9      84731.79731689
 f   0   0   0   0   0   0   3   0   0   0   0   0   8     -11655.89475294
 f   0   0   0   0   0   0   4   0   0   0   0   0   7       6879.19348077
 f   0   0   0   0   0   0   5   0   0   0   0   0   6      -1267.88267694
 f   0   0   0   0   0   0   6   0   0   0   0   0   5      -3124.47424505
 f   0   0   0   0   0   0   7   0   0   0   0   0   4       3024.03536423
 f   0   0   0   0   0   0   8   0   0   0   0   0   3      -1871.77508083
 f   0   0   0   0   0   0   0   1   0   0   0   1   9      14931.28928991
 f   0   0   0   0   0   0   0   2   0   0   0   1   9      -7471.04774906
 f   0   0   0   0   0   0   0   3   0   0   0   1   8         -6.93648414
 f   0   0   0   0   0   0   0   4   0   0   0   1   7       1757.73172027
 f   0   0   0   0   0   0   0   5   0   0   0   1   6      -4554.98055543
 f   0   0   0   0   0   0   0   6   0   0   0   1   5       3650.00439027
 f   0   0   0   0   0   0   0   7   0   0   0   1   4      -1232.79373210
 f   0   0   0   0   0   0   0   8   0   0   0   1   3       -271.87489294
relat_sterr_min,ilow_sterr, tivar:    0.10000000D+21   -1    7
rCOe                               0          1.42044790
rOHe                               0          0.95729738
rCH                                0          1.08837733
aHOC                               0        107.63554843
aHCO                               9        110.20319508
a1                                 0          2.16893551
a2                                 0          2.57276067
b1                                 0          1.78266276
 f   0   0   0   0   0   0   0   0   0   0   0   0   9  -25373819.90345042
 f   2   0   0   0   0   0   0   0   0   0   0   0   0      29630.93506084
 f   3   0   0   0   0   0   0   0   0   0   0   0   0       3609.55313028
 f   4   0   0   0   0   0   0   0   0   0   0   0   0       2936.74337084
 f   5   0   0   0   0   0   0   0   0   0   0   0   0       1758.19577326
 f   6   0   0   0   0   0   0   0   0   0   0   0   0       1197.65403583
 f   7   0   0   0   0   0   0   0   0   0   0   0   0        836.62376208
 f   8   0   0   0   0   0   0   0   0   0   0   0   0        328.29764036
 f   0   2   0   0   0   0   0   0   0   0   0   0   0      31940.40375184
 f   0   3   0   0   0   0   0   0   0   0   0   0   0       2798.60039599
 f   0   4   0   0   0   0   0   0   0   0   0   0   0       3127.91077202
 f   0   5   0   0   0   0   0   0   0   0   0   0   0       1770.42495615
 f   0   6   0   0   0   0   0   0   0   0   0   0   0       1270.31144120
 f   0   7   0   0   0   0   0   0   0   0   0   0   0        999.77677247
 f   0   8   0   0   0   0   0   0   0   0   0   0   0        401.59578020
 f   0   0   0   1   0   0   0   0   0   0   0   1   0      -4299.93395817
 f   0   0   2   0   0   0   0   0   0   0   0   0   0     126760.59310067
 f   0   0   0   2   0   0   0   0   0   0   0   1   0      -4884.89892522
 f   0   0   3   0   0   0   0   0   0   0   0   0   0     -10981.56098501
 f   0   0   0   3   0   0   0   0   0   0   0   1   0      -3611.63662521
 f   0   0   4   0   0   0   0   0   0   0   0   0   0       9575.44675453
 f   0   0   0   4   0   0   0   0   0   0   0   1   0      -2414.22235117
 f   0   0   5   0   0   0   0   0   0   0   0   0   0       3164.53742562
 f   0   0   0   5   0   0   0   0   0   0   0   1   0      -1668.89316562
 f   0   0   6   0   0   0   0   0   0   0   0   0   0       2316.63076495
 f   0   0   0   6   0   0   0   0   0   0   0   1   0       -390.14500516
 f   0   0   7   0   0   0   0   0   0   0   0   0   0        918.47483332
 f   0   0   0   7   0   0   0   0   0   0   0   1   0       1101.83874779
 f   0   0   0   0   0   2   0   0   0   0   0   0   0      19879.25565582
 f   0   0   0   0   0   3   0   0   0   0   0   0   0      -7717.84616644
 f   0   0   0   0   0   4   0   0   0   0   0   0   0      -1255.76818289
 f   0   0   0   0   0   5   0   0   0   0   0   0   0       -385.18551517
 f   0   0   0   0   0   6   0   0   0   0   0   0   0       -316.29070980
 f   0   0   0   0   0   7   0   0   0   0   0   0   0       -538.93796837
 f   0   0   0   0   0   8   0   0   0   0   0   0   0        683.57491739
 f   0   0   0   0   0   0   2   0   0   0   0   0   9      84731.79731689
 f   0   0   0   0   0   0   3   0   0   0   0   0   8     -11655.89475294
 f   0   0   0   0   0   0   4   0   0   0   0   0   7       6879.19348077
 f   0   0   0   0   0   0   5   0   0   0   0   0   6      -1267.88267694
 f   0   0   0   0   0   0   6   0   0   0   0   0   5      -3124.47424505
 f   0   0   0   0   0   0   7   0   0   0   0   0   4       3024.03536423
 f   0   0   0   0   0   0   8   0   0   0   0   0   3      -1871.77508083
 f   0   0   0   0   0   0   0   1   0   0   0   1   9      14931.28928991
 f   0   0   0   0   0   0   0   2   0   0   0   1   9      -7471.04774906
 f   0   0   0   0   0   0   0   3   0   0   0   1   8         -6.93648414
 f   0   0   0   0   0   0   0   4   0   0   0   1   7       1757.73172027
 f   0   0   0   0   0   0   0   5   0   0   0   1   6      -4554.98055543
 f   0   0   0   0   0   0   0   6   0   0   0   1   5       3650.00439027
 f   0   0   0   0   0   0   0   7   0   0   0   1   4      -1232.79373210
 f   0   0   0   0   0   0   0   8   0   0   0   1   3       -271.87489294
relat_sterr_min,ilow_sterr, tivar:    0.10000000D+21   -1    8
rCOe                               0          1.42044790
rOHe                               0          0.95729738
rCH                                0          1.08837733
aHOC                               0        107.63554843
aHCO                               9        110.20319508
a1                                 0          2.16893551
a2                                 0          2.57276067
b1                                 0          1.78266276
 f   0   0   0   0   0   0   0   0   0   0   0   0   9  -25373819.90345042
 f   2   0   0   0   0   0   0   0   0   0   0   0   0      29630.93506084
 f   3   0   0   0   0   0   0   0   0   0   0   0   0       3609.55313028
 f   4   0   0   0   0   0   0   0   0   0   0   0   0       2936.74337084
 f   5   0   0   0   0   0   0   0   0   0   0   0   0       1758.19577326
 f   6   0   0   0   0   0   0   0   0   0   0   0   0       1197.65403583
 f   7   0   0   0   0   0   0   0   0   0   0   0   0        836.62376208
 f   8   0   0   0   0   0   0   0   0   0   0   0   0        328.29764036
 f   0   2   0   0   0   0   0   0   0   0   0   0   0      31940.40375184
 f   0   3   0   0   0   0   0   0   0   0   0   0   0       2798.60039599
 f   0   4   0   0   0   0   0   0   0   0   0   0   0       3127.91077202
 f   0   5   0   0   0   0   0   0   0   0   0   0   0       1770.42495615
 f   0   6   0   0   0   0   0   0   0   0   0   0   0       1270.31144120
 f   0   7   0   0   0   0   0   0   0   0   0   0   0        999.77677247
 f   0   8   0   0   0   0   0   0   0   0   0   0   0        401.59578020
 f   0   0   0   1   0   0   0   0   0   0   0   1   0      -4299.93395817
 f   0   0   2   0   0   0   0   0   0   0   0   0   0     126760.59310067
 f   0   0   0   2   0   0   0   0   0   0   0   1   0      -4884.89892522
 f   0   0   3   0   0   0   0   0   0   0   0   0   0     -10981.56098501
 f   0   0   0   3   0   0   0   0   0   0   0   1   0      -3611.63662521
 f   0   0   4   0   0   0   0   0   0   0   0   0   0       9575.44675453
 f   0   0   0   4   0   0   0   0   0   0   0   1   0      -2414.22235117
 f   0   0   5   0   0   0   0   0   0   0   0   0   0       3164.53742562
 f   0   0   0   5   0   0   0   0   0   0   0   1   0      -1668.89316562
 f   0   0   6   0   0   0   0   0   0   0   0   0   0       2316.63076495
 f   0   0   0   6   0   0   0   0   0   0   0   1   0       -390.14500516
 f   0   0   7   0   0   0   0   0   0   0   0   0   0        918.47483332
 f   0   0   0   7   0   0   0   0   0   0   0   1   0       1101.83874779
 f   0   0   0   0   0   2   0   0   0   0   0   0   0      19879.25565582
 f   0   0   0   0   0   3   0   0   0   0   0   0   0      -7717.84616644
 f   0   0   0   0   0   4   0   0   0   0   0   0   0      -1255.76818289
 f   0   0   0   0   0   5   0   0   0   0   0   0   0       -385.18551517
 f   0   0   0   0   0   6   0   0   0   0   0   0   0       -316.29070980
 f   0   0   0   0   0   7   0   0   0   0   0   0   0       -538.93796837
 f   0   0   0   0   0   8   0   0   0   0   0   0   0        683.57491739
 f   0   0   0   0   0   0   2   0   0   0   0   0   9      84731.79731689
 f   0   0   0   0   0   0   3   0   0   0   0   0   8     -11655.89475294
 f   0   0   0   0   0   0   4   0   0   0   0   0   7       6879.19348077
 f   0   0   0   0   0   0   5   0   0   0   0   0   6      -1267.88267694
 f   0   0   0   0   0   0   6   0   0   0   0   0   5      -3124.47424505
 f   0   0   0   0   0   0   7   0   0   0   0   0   4       3024.03536423
 f   0   0   0   0   0   0   8   0   0   0   0   0   3      -1871.77508083
 f   0   0   0   0   0   0   0   1   0   0   0   1   9      14931.28928991
 f   0   0   0   0   0   0   0   2   0   0   0   1   9      -7471.04774906
 f   0   0   0   0   0   0   0   3   0   0   0   1   8         -6.93648414
 f   0   0   0   0   0   0   0   4   0   0   0   1   7       1757.73172027
 f   0   0   0   0   0   0   0   5   0   0   0   1   6      -4554.98055543
 f   0   0   0   0   0   0   0   6   0   0   0   1   5       3650.00439027
 f   0   0   0   0   0   0   0   7   0   0   0   1   4      -1232.79373210
 f   0   0   0   0   0   0   0   8   0   0   0   1   3       -271.87489294

   ------------------------------------------------------------------
   |   iter  |  points |    deviat     |     rms       |  stability  |
   ------------------------------------------------------------------

   -----------------------------------------------------------
   |  param  |  points |   deviat    |    rms      | stability |
   -----------------------------------------------------------
   |    17   |     35  |   0.52647E-02 |  0.13735E+03  |    0.278E-07 |

############################################################################################
