************************************************************************************************************************************
 ************************************************************************************************************************************
 ************************************************************************************************************************************
 ****************                                                                                                    ****************
 ****************          *  FITTING OF THE POTENTIAL PARAMETERS TO AB INITIO DATA                                  ****************
 ****************          *                                                                                         ****************
 ****************          *  2016                                                                                   ****************
 ****************          *  C2H6                                                                                   ****************

 ****************                                                                                                    ****************
 ************************************************************************************************************************************
 ************************************************************************************************************************************
 ************************************************************************************************************************************
 
        12 <= number of degrees of freedom
         5 <= number of bonds
         7 <= number of bond angles
        20 <= number of iterations in the fit
  0.000000 <= The fit is over if the stability is reached 
  0.000010 <= The fit is over if the st.dev. best is reached 
  1.000000 <= sterr parameter out 
  0.000010 <= stdev parameter out 
         1 <= watson robust on (1) or of (0) 
         8 <= number of non-linear parameters
 parameters of structure 
rCOe      =           1.420
rOHe      =           0.957
rCH       =           1.091
aHOC      =         108.129
aHCO      =         111.952
a1        =           2.169
a2        =           2.573
b1        =           1.550
Lowest energy = -115.611612    

   ------------------------------------------------------------------
   |   iter  |  points |    deviat     |     rms       |  stability  |
   ------------------------------------------------------------------
   |     1   |     19  |   0.67182E-02 |  0.26943E+01  |   0.680E+11 |
   |     2   |     19  |   0.35898E-01 |  0.22190E+01  |   0.310E+01 |
   |     3   |     19  |   0.67173E-02 |  0.26943E+01  |   0.434E+01 |
   |     4   |     19  |   0.67173E-02 |  0.26943E+01  |   0.241E-04 |
   |     5   |     19  |   0.67173E-02 |  0.26943E+01  |   0.965E-08 |
   |     6   |     19  |   0.67173E-02 |  0.26943E+01  |   0.142E-06 |
   |     7   |     19  |   0.67173E-02 |  0.26943E+01  |   0.421E-07 |
   |     8   |     19  |   0.67173E-02 |  0.26943E+01  |   0.242E-06 |
   |     9   |     19  |   0.67173E-02 |  0.26943E+01  |   0.545E-07 |
   |    10   |     19  |   0.67173E-02 |  0.26943E+01  |   0.541E-07 |
   |    11   |     19  |   0.67173E-02 |  0.26943E+01  |   0.403E-07 |
   |    12   |     19  |   0.67173E-02 |  0.26943E+01  |   0.770E-07 |
   |    13   |     19  |   0.67173E-02 |  0.26943E+01  |   0.127E-06 |
   |    14   |     19  |   0.67173E-02 |  0.26943E+01  |   0.101E-06 |
   |    15   |     19  |   0.67173E-02 |  0.26943E+01  |   0.130E-06 |
   |    16   |     19  |   0.67173E-02 |  0.26943E+01  |   0.164E-07 |
   |    17   |     19  |   0.67173E-02 |  0.26943E+01  |   0.734E-07 |
   |    18   |     19  |   0.67173E-02 |  0.26943E+01  |   0.523E-07 |
   |    19   |     19  |   0.67173E-02 |  0.26943E+01  |   0.246E-06 |
   |    20   |     19  |   0.67173E-02 |  0.26943E+01  |   0.239E-06 |
   |    21   |     19  |   0.67173E-02 |  0.26943E+01  |   0.963E-07 |

Watson Alpha parameter  0.1000 fitted with rms2 = 


Potential parameters rounded in accord. with their standart errors

rC  0  0  0  0  0  0  0  0  0  0  0  0   0   1.4204479    
rO  0  0  0  0  0  0  0  0  0  0  0  0   9        0.95729738    (      19)
rC  0  0  0  0  0  0  0  0  0  0  0  0   0   1.0910897    
aH  0  0  0  0  0  0  0  0  0  0  0  0   0   108.12931    
aH  0  0  0  0  0  0  0  0  0  0  0  0   0   111.95221    
a1  0  0  0  0  0  0  0  0  0  0  0  0   0   2.1689355    
a2  0  0  0  0  0  0  0  0  0  0  0  0   0   2.5727607    
b1  0  0  0  0  0  0  0  0  0  0  0  0   0   1.5500000    
 f  0  0  0  0  0  0  0  0  0  0  0  0   9    -25373818.0900    (      31)
 f  2  0  0  0  0  0  0  0  0  0  0  0   0   29630.935    
 f  3  0  0  0  0  0  0  0  0  0  0  0   0   3609.5531    
 f  4  0  0  0  0  0  0  0  0  0  0  0   0   2936.7434    
 f  5  0  0  0  0  0  0  0  0  0  0  0   0   1758.1958    
 f  6  0  0  0  0  0  0  0  0  0  0  0   0   1197.6540    
 f  7  0  0  0  0  0  0  0  0  0  0  0   0   836.62376    
 f  8  0  0  0  0  0  0  0  0  0  0  0   0   328.29764    
 f  0  2  0  0  0  0  0  0  0  0  0  0   9          31940.40    (      23)
 f  0  3  0  0  0  0  0  0  0  0  0  0   8           2798.60    (      77)
 f  0  4  0  0  0  0  0  0  0  0  0  0   7            3127.9    (      32)
 f  0  5  0  0  0  0  0  0  0  0  0  0   6            1770.4    (      60)
 f  0  6  0  0  0  0  0  0  0  0  0  0   5             1270.    (      14)
 f  0  7  0  0  0  0  0  0  0  0  0  0   4             1000.    (      14)
 f  0  8  0  0  0  0  0  0  0  0  0  0   3              402.    (      17)
------------------------------
*  FITTING OF THE POTENTIAL PARAMETERS TO AB INITIO DATA                        
*                                                                               
*  2016                                                                         
*  C2H6                                                                         
      rCOe                        0          1.42044790
      rOHe                        9          0.95729738
       rCH                        0          1.09108970
      aHOC                        0        108.12930637
      aHCO                        0        111.95221297
        a1                        0          2.16893551
        a2                        0          2.57276067
        b1                        0          1.55000000
 f   0   0   0   0   0   0   0   0   0   0   0   0   9  -25373818.08996091
 f   2   0   0   0   0   0   0   0   0   0   0   0   0      29630.93506084
 f   3   0   0   0   0   0   0   0   0   0   0   0   0       3609.55313028
 f   4   0   0   0   0   0   0   0   0   0   0   0   0       2936.74337084
 f   5   0   0   0   0   0   0   0   0   0   0   0   0       1758.19577326
 f   6   0   0   0   0   0   0   0   0   0   0   0   0       1197.65403583
 f   7   0   0   0   0   0   0   0   0   0   0   0   0        836.62376208
 f   8   0   0   0   0   0   0   0   0   0   0   0   0        328.29764036
 f   0   2   0   0   0   0   0   0   0   0   0   0   9      31940.40366863
 f   0   3   0   0   0   0   0   0   0   0   0   0   8       2798.60042546
 f   0   4   0   0   0   0   0   0   0   0   0   0   7       3127.91074466
 f   0   5   0   0   0   0   0   0   0   0   0   0   6       1770.42495606
 f   0   6   0   0   0   0   0   0   0   0   0   0   5       1270.31156372
 f   0   7   0   0   0   0   0   0   0   0   0   0   4        999.77686859
 f   0   8   0   0   0   0   0   0   0   0   0   0   3        401.59578396

Correlation coefficients larger than 0.9: 
          corr(   3,   5) =  0.9680382
          corr(   3,   7) =  0.9188402
          corr(   4,   6) =  0.9403845
          corr(   5,   7) =  0.9791564
          corr(   6,   8) =  0.9620622
          corr(   7,   9) =  0.9442908
          corr(   8,   9) =  0.9319393

               --------------------------------------------------------------------------------
               :     old parm   :     new parm   :  delta parm  :   std. err.  : sensitility
               --------------------------------------------------------------------------------
  1  rOHe       :          0.96  :          0.96  :        -0.000:         0.000:         0.000:!
  2  f          :  -25373818.09  :  -25373818.09  :         0.000:         0.003:         0.000:!
  3  f          :      31940.40  :      31940.40  :         0.000:         0.225:         0.001:!
  4  f          :       2798.60  :       2798.60  :        -0.000:         0.767:         0.002:!
  5  f          :       3127.91  :       3127.91  :        -0.000:         3.198:         0.004:!
  6  f          :       1770.42  :       1770.42  :         0.000:         5.953:         0.010:!
  7  f          :       1270.31  :       1270.31  :         0.000:        14.172:         0.022:!
  8  f          :        999.78  :        999.78  :        -0.000:        14.197:         0.045:!
  9  f          :        401.60  :        401.60  :        -0.000:        17.207:         0.067:!
relat_sterr_min,ilow_sterr, tivar:    0.10000000D+21   -1    3
rCOe                               0          1.42044790
rOHe                               9          0.95729738
rCH                                0          1.09108970
aHOC                               0        108.12930637
aHCO                               0        111.95221297
a1                                 0          2.16893551
a2                                 0          2.57276067
b1                                 0          1.55000000
 f   0   0   0   0   0   0   0   0   0   0   0   0   9  -25373818.08996091
 f   2   0   0   0   0   0   0   0   0   0   0   0   0      29630.93506084
 f   3   0   0   0   0   0   0   0   0   0   0   0   0       3609.55313028
 f   4   0   0   0   0   0   0   0   0   0   0   0   0       2936.74337084
 f   5   0   0   0   0   0   0   0   0   0   0   0   0       1758.19577326
 f   6   0   0   0   0   0   0   0   0   0   0   0   0       1197.65403583
 f   7   0   0   0   0   0   0   0   0   0   0   0   0        836.62376208
 f   8   0   0   0   0   0   0   0   0   0   0   0   0        328.29764036
 f   0   2   0   0   0   0   0   0   0   0   0   0   9      31940.40366863
 f   0   3   0   0   0   0   0   0   0   0   0   0   8       2798.60042546
 f   0   4   0   0   0   0   0   0   0   0   0   0   7       3127.91074466
 f   0   5   0   0   0   0   0   0   0   0   0   0   6       1770.42495606
 f   0   6   0   0   0   0   0   0   0   0   0   0   5       1270.31156372
 f   0   7   0   0   0   0   0   0   0   0   0   0   4        999.77686859
 f   0   8   0   0   0   0   0   0   0   0   0   0   3        401.59578396
relat_sterr_min,ilow_sterr, tivar:    0.10000000D+21   -1    4
rCOe                               0          1.42044790
rOHe                               9          0.95729738
rCH                                0          1.09108970
aHOC                               0        108.12930637
aHCO                               0        111.95221297
a1                                 0          2.16893551
a2                                 0          2.57276067
b1                                 0          1.55000000
 f   0   0   0   0   0   0   0   0   0   0   0   0   9  -25373818.08996091
 f   2   0   0   0   0   0   0   0   0   0   0   0   0      29630.93506084
 f   3   0   0   0   0   0   0   0   0   0   0   0   0       3609.55313028
 f   4   0   0   0   0   0   0   0   0   0   0   0   0       2936.74337084
 f   5   0   0   0   0   0   0   0   0   0   0   0   0       1758.19577326
 f   6   0   0   0   0   0   0   0   0   0   0   0   0       1197.65403583
 f   7   0   0   0   0   0   0   0   0   0   0   0   0        836.62376208
 f   8   0   0   0   0   0   0   0   0   0   0   0   0        328.29764036
 f   0   2   0   0   0   0   0   0   0   0   0   0   9      31940.40366863
 f   0   3   0   0   0   0   0   0   0   0   0   0   8       2798.60042546
 f   0   4   0   0   0   0   0   0   0   0   0   0   7       3127.91074466
 f   0   5   0   0   0   0   0   0   0   0   0   0   6       1770.42495606
 f   0   6   0   0   0   0   0   0   0   0   0   0   5       1270.31156372
 f   0   7   0   0   0   0   0   0   0   0   0   0   4        999.77686859
 f   0   8   0   0   0   0   0   0   0   0   0   0   3        401.59578396
relat_sterr_min,ilow_sterr, tivar:    0.10000000D+21   -1    5
rCOe                               0          1.42044790
rOHe                               9          0.95729738
rCH                                0          1.09108970
aHOC                               0        108.12930637
aHCO                               0        111.95221297
a1                                 0          2.16893551
a2                                 0          2.57276067
b1                                 0          1.55000000
 f   0   0   0   0   0   0   0   0   0   0   0   0   9  -25373818.08996091
 f   2   0   0   0   0   0   0   0   0   0   0   0   0      29630.93506084
 f   3   0   0   0   0   0   0   0   0   0   0   0   0       3609.55313028
 f   4   0   0   0   0   0   0   0   0   0   0   0   0       2936.74337084
 f   5   0   0   0   0   0   0   0   0   0   0   0   0       1758.19577326
 f   6   0   0   0   0   0   0   0   0   0   0   0   0       1197.65403583
 f   7   0   0   0   0   0   0   0   0   0   0   0   0        836.62376208
 f   8   0   0   0   0   0   0   0   0   0   0   0   0        328.29764036
 f   0   2   0   0   0   0   0   0   0   0   0   0   9      31940.40366863
 f   0   3   0   0   0   0   0   0   0   0   0   0   8       2798.60042546
 f   0   4   0   0   0   0   0   0   0   0   0   0   7       3127.91074466
 f   0   5   0   0   0   0   0   0   0   0   0   0   6       1770.42495606
 f   0   6   0   0   0   0   0   0   0   0   0   0   5       1270.31156372
 f   0   7   0   0   0   0   0   0   0   0   0   0   4        999.77686859
 f   0   8   0   0   0   0   0   0   0   0   0   0   3        401.59578396
relat_sterr_min,ilow_sterr, tivar:    0.10000000D+21   -1    6
rCOe                               0          1.42044790
rOHe                               9          0.95729738
rCH                                0          1.09108970
aHOC                               0        108.12930637
aHCO                               0        111.95221297
a1                                 0          2.16893551
a2                                 0          2.57276067
b1                                 0          1.55000000
 f   0   0   0   0   0   0   0   0   0   0   0   0   9  -25373818.08996091
 f   2   0   0   0   0   0   0   0   0   0   0   0   0      29630.93506084
 f   3   0   0   0   0   0   0   0   0   0   0   0   0       3609.55313028
 f   4   0   0   0   0   0   0   0   0   0   0   0   0       2936.74337084
 f   5   0   0   0   0   0   0   0   0   0   0   0   0       1758.19577326
 f   6   0   0   0   0   0   0   0   0   0   0   0   0       1197.65403583
 f   7   0   0   0   0   0   0   0   0   0   0   0   0        836.62376208
 f   8   0   0   0   0   0   0   0   0   0   0   0   0        328.29764036
 f   0   2   0   0   0   0   0   0   0   0   0   0   9      31940.40366863
 f   0   3   0   0   0   0   0   0   0   0   0   0   8       2798.60042546
 f   0   4   0   0   0   0   0   0   0   0   0   0   7       3127.91074466
 f   0   5   0   0   0   0   0   0   0   0   0   0   6       1770.42495606
 f   0   6   0   0   0   0   0   0   0   0   0   0   5       1270.31156372
 f   0   7   0   0   0   0   0   0   0   0   0   0   4        999.77686859
 f   0   8   0   0   0   0   0   0   0   0   0   0   3        401.59578396
relat_sterr_min,ilow_sterr, tivar:    0.10000000D+21   -1    7
rCOe                               0          1.42044790
rOHe                               9          0.95729738
rCH                                0          1.09108970
aHOC                               0        108.12930637
aHCO                               0        111.95221297
a1                                 0          2.16893551
a2                                 0          2.57276067
b1                                 0          1.55000000
 f   0   0   0   0   0   0   0   0   0   0   0   0   9  -25373818.08996091
 f   2   0   0   0   0   0   0   0   0   0   0   0   0      29630.93506084
 f   3   0   0   0   0   0   0   0   0   0   0   0   0       3609.55313028
 f   4   0   0   0   0   0   0   0   0   0   0   0   0       2936.74337084
 f   5   0   0   0   0   0   0   0   0   0   0   0   0       1758.19577326
 f   6   0   0   0   0   0   0   0   0   0   0   0   0       1197.65403583
 f   7   0   0   0   0   0   0   0   0   0   0   0   0        836.62376208
 f   8   0   0   0   0   0   0   0   0   0   0   0   0        328.29764036
 f   0   2   0   0   0   0   0   0   0   0   0   0   9      31940.40366863
 f   0   3   0   0   0   0   0   0   0   0   0   0   8       2798.60042546
 f   0   4   0   0   0   0   0   0   0   0   0   0   7       3127.91074466
 f   0   5   0   0   0   0   0   0   0   0   0   0   6       1770.42495606
 f   0   6   0   0   0   0   0   0   0   0   0   0   5       1270.31156372
 f   0   7   0   0   0   0   0   0   0   0   0   0   4        999.77686859
 f   0   8   0   0   0   0   0   0   0   0   0   0   3        401.59578396
relat_sterr_min,ilow_sterr, tivar:    0.10000000D+21   -1    8
rCOe                               0          1.42044790
rOHe                               9          0.95729738
rCH                                0          1.09108970
aHOC                               0        108.12930637
aHCO                               0        111.95221297
a1                                 0          2.16893551
a2                                 0          2.57276067
b1                                 0          1.55000000
 f   0   0   0   0   0   0   0   0   0   0   0   0   9  -25373818.08996091
 f   2   0   0   0   0   0   0   0   0   0   0   0   0      29630.93506084
 f   3   0   0   0   0   0   0   0   0   0   0   0   0       3609.55313028
 f   4   0   0   0   0   0   0   0   0   0   0   0   0       2936.74337084
 f   5   0   0   0   0   0   0   0   0   0   0   0   0       1758.19577326
 f   6   0   0   0   0   0   0   0   0   0   0   0   0       1197.65403583
 f   7   0   0   0   0   0   0   0   0   0   0   0   0        836.62376208
 f   8   0   0   0   0   0   0   0   0   0   0   0   0        328.29764036
 f   0   2   0   0   0   0   0   0   0   0   0   0   9      31940.40366863
 f   0   3   0   0   0   0   0   0   0   0   0   0   8       2798.60042546
 f   0   4   0   0   0   0   0   0   0   0   0   0   7       3127.91074466
 f   0   5   0   0   0   0   0   0   0   0   0   0   6       1770.42495606
 f   0   6   0   0   0   0   0   0   0   0   0   0   5       1270.31156372
 f   0   7   0   0   0   0   0   0   0   0   0   0   4        999.77686859
 f   0   8   0   0   0   0   0   0   0   0   0   0   3        401.59578396

   ------------------------------------------------------------------
   |   iter  |  points |    deviat     |     rms       |  stability  |
   ------------------------------------------------------------------

   -----------------------------------------------------------
   |  param  |  points |   deviat    |    rms      | stability |
   -----------------------------------------------------------
   |     9   |     19  |   0.67173E-02 |  0.14062E+03  |    0.963E-07 |

############################################################################################
