************************************************************************************************************************************
 ************************************************************************************************************************************
 ************************************************************************************************************************************
 ****************                                                                                                    ****************
 ****************          *  FITTING OF THE POTENTIAL PARAMETERS TO AB INITIO DATA                                  ****************
 ****************          *                                                                                         ****************
 ****************          *  2016                                                                                   ****************
 ****************          *  C2H6                                                                                   ****************

 ****************                                                                                                    ****************
 ************************************************************************************************************************************
 ************************************************************************************************************************************
 ************************************************************************************************************************************
 
        12 <= number of degrees of freedom
         5 <= number of bonds
         7 <= number of bond angles
        20 <= number of iterations in the fit
  0.000000 <= The fit is over if the stability is reached 
  0.000010 <= The fit is over if the st.dev. best is reached 
  1.000000 <= sterr parameter out 
  0.000010 <= stdev parameter out 
         1 <= watson robust on (1) or of (0) 
         8 <= number of non-linear parameters
 parameters of structure 
rCOe      =           1.420
rOHe      =           0.957
rCH       =           1.093
aHOC      =         108.129
aHCO      =         111.952
a1        =           2.169
a2        =           2.573
b1        =           1.787
Lowest energy = -115.611612    

   ------------------------------------------------------------------
   |   iter  |  points |    deviat     |     rms       |  stability  |
   ------------------------------------------------------------------
   |     1   |     55  |   0.20252E+01 |  0.44045E+03  |   0.475E+08 |
   |     2   |     55  |   0.26428E+01 |  0.29822E+01  |   0.736E+02 |
   |     3   |     55  |   0.29989E-01 |  0.88386E+00  |   0.140E+03 |
   |     4   |     55  |   0.26298E-02 |  0.81449E+00  |   0.661E+01 |
   |     5   |     55  |   0.25113E-02 |  0.10456E+01  |   0.472E-01 |
   |     6   |     55  |   0.25113E-02 |  0.10457E+01  |   0.890E-07 |
   |     7   |     55  |   0.25113E-02 |  0.10457E+01  |   0.676E-07 |
   |     8   |     55  |   0.25113E-02 |  0.10457E+01  |   0.526E-07 |
   |     9   |     55  |   0.25113E-02 |  0.10457E+01  |   0.217E-06 |
   |    10   |     55  |   0.25113E-02 |  0.10457E+01  |   0.252E-07 |
   |    11   |     55  |   0.25113E-02 |  0.10457E+01  |   0.811E-08 |
   |    12   |     55  |   0.25113E-02 |  0.10457E+01  |   0.940E-07 |
   |    13   |     55  |   0.25113E-02 |  0.10457E+01  |   0.579E-07 |
   |    14   |     55  |   0.25113E-02 |  0.10457E+01  |   0.339E-06 |
   |    15   |     55  |   0.25113E-02 |  0.10457E+01  |   0.380E-06 |
   |    16   |     55  |   0.25113E-02 |  0.10457E+01  |   0.408E-07 |
   |    17   |     55  |   0.25113E-02 |  0.10457E+01  |   0.198E-07 |
   |    18   |     55  |   0.25113E-02 |  0.10457E+01  |   0.134E-06 |
   |    19   |     55  |   0.25113E-02 |  0.10457E+01  |   0.258E-06 |
   |    20   |     55  |   0.25113E-02 |  0.10457E+01  |   0.318E-07 |
   |    21   |     55  |   0.25113E-02 |  0.10457E+01  |   0.277E-06 |

Watson Alpha parameter  0.1000 fitted with rms2 = 


Potential parameters rounded in accord. with their standart errors

rC  0  0  0  0  0  0  0  0  0  0  0  0   0   1.4204479    
rO  0  0  0  0  0  0  0  0  0  0  0  0   0  0.95729738    
rC  0  0  0  0  0  0  0  0  0  0  0  0   9       1.090785573    (      56)
aH  0  0  0  0  0  0  0  0  0  0  0  0   0   108.12931    
aH  0  0  0  0  0  0  0  0  0  0  0  0   0   111.95221    
a1  0  0  0  0  0  0  0  0  0  0  0  0   0   2.1689355    
a2  0  0  0  0  0  0  0  0  0  0  0  0   0   2.5727607    
b1  0  0  0  0  0  0  0  0  0  0  0  0   0   1.7866585    
 f  0  0  0  0  0  0  0  0  0  0  0  0   9   -25373819.02947    (      75)
 f  2  0  0  0  0  0  0  0  0  0  0  0   0   29630.935    
 f  3  0  0  0  0  0  0  0  0  0  0  0   0   3609.5531    
 f  4  0  0  0  0  0  0  0  0  0  0  0   0   2936.7434    
 f  5  0  0  0  0  0  0  0  0  0  0  0   0   1758.1958    
 f  6  0  0  0  0  0  0  0  0  0  0  0   0   1197.6540    
 f  7  0  0  0  0  0  0  0  0  0  0  0   0   836.62376    
 f  8  0  0  0  0  0  0  0  0  0  0  0   0   328.29764    
 f  0  2  0  0  0  0  0  0  0  0  0  0   0   31940.404    
 f  0  3  0  0  0  0  0  0  0  0  0  0   0   2798.6004    
 f  0  4  0  0  0  0  0  0  0  0  0  0   0   3127.9108    
 f  0  5  0  0  0  0  0  0  0  0  0  0   0   1770.4250    
 f  0  6  0  0  0  0  0  0  0  0  0  0   0   1270.3114    
 f  0  7  0  0  0  0  0  0  0  0  0  0   0   999.77677    
 f  0  8  0  0  0  0  0  0  0  0  0  0   0   401.59578    
 f  0  0  2  0  0  0  0  0  0  0  0  0   9         123759.60    (      19)
 f  0  0  3  0  0  0  0  0  0  0  0  0   9         -11228.16    (      90)
 f  0  0  4  0  0  0  0  0  0  0  0  0   9            8869.4    (      41)
 f  0  0  5  0  0  0  0  0  0  0  0  0   9            2819.2    (     100)
 f  0  0  6  0  0  0  0  0  0  0  0  0   9             2078.    (      30)
 f  0  0  7  0  0  0  0  0  0  0  0  0   9             1074.    (      32)
 f  0  0  8  0  0  0  0  0  0  0  0  0   9              384.    (      75)
 f  0  0  0  1  0  0  0  0  0  0  0  1   9          4313.580    (      72)
 f  0  0  0  2  0  0  0  0  0  0  0  1   8           4874.37    (      38)
 f  0  0  0  3  0  0  0  0  0  0  0  1   8            3601.6    (      27)
 f  0  0  0  4  0  0  0  0  0  0  0  1   7            2339.5    (      97)
 f  0  0  0  5  0  0  0  0  0  0  0  1   6             1554.    (      31)
 f  0  0  0  6  0  0  0  0  0  0  0  1   5              953.    (      78)
 f  0  0  0  7  0  0  0  0  0  0  0  1   4             -746.    (     102)
 f  0  0  0  8  0  0  0  0  0  0  0  1   3            -1647.    (     211)
------------------------------
*  FITTING OF THE POTENTIAL PARAMETERS TO AB INITIO DATA                        
*                                                                               
*  2016                                                                         
*  C2H6                                                                         
      rCOe                        0          1.42044790
      rOHe                        0          0.95729738
       rCH                        9          1.09078557
      aHOC                        0        108.12930637
      aHCO                        0        111.95221297
        a1                        0          2.16893551
        a2                        0          2.57276067
        b1                        0          1.78665851
 f   0   0   0   0   0   0   0   0   0   0   0   0   9  -25373819.02946773
 f   2   0   0   0   0   0   0   0   0   0   0   0   0      29630.93506084
 f   3   0   0   0   0   0   0   0   0   0   0   0   0       3609.55313028
 f   4   0   0   0   0   0   0   0   0   0   0   0   0       2936.74337084
 f   5   0   0   0   0   0   0   0   0   0   0   0   0       1758.19577326
 f   6   0   0   0   0   0   0   0   0   0   0   0   0       1197.65403583
 f   7   0   0   0   0   0   0   0   0   0   0   0   0        836.62376208
 f   8   0   0   0   0   0   0   0   0   0   0   0   0        328.29764036
 f   0   2   0   0   0   0   0   0   0   0   0   0   0      31940.40375184
 f   0   3   0   0   0   0   0   0   0   0   0   0   0       2798.60039599
 f   0   4   0   0   0   0   0   0   0   0   0   0   0       3127.91077202
 f   0   5   0   0   0   0   0   0   0   0   0   0   0       1770.42495615
 f   0   6   0   0   0   0   0   0   0   0   0   0   0       1270.31144120
 f   0   7   0   0   0   0   0   0   0   0   0   0   0        999.77677247
 f   0   8   0   0   0   0   0   0   0   0   0   0   0        401.59578020
 f   0   0   2   0   0   0   0   0   0   0   0   0   9     123759.59639275
 f   0   0   3   0   0   0   0   0   0   0   0   0   9     -11228.15676679
 f   0   0   4   0   0   0   0   0   0   0   0   0   9       8869.35492702
 f   0   0   5   0   0   0   0   0   0   0   0   0   9       2819.17510246
 f   0   0   6   0   0   0   0   0   0   0   0   0   9       2078.06279158
 f   0   0   7   0   0   0   0   0   0   0   0   0   9       1073.56060443
 f   0   0   8   0   0   0   0   0   0   0   0   0   9        383.94497636
 f   0   0   0   1   0   0   0   0   0   0   0   1   9       4313.58019257
 f   0   0   0   2   0   0   0   0   0   0   0   1   8       4874.36542314
 f   0   0   0   3   0   0   0   0   0   0   0   1   8       3601.59401040
 f   0   0   0   4   0   0   0   0   0   0   0   1   7       2339.54539758
 f   0   0   0   5   0   0   0   0   0   0   0   1   6       1554.33044316
 f   0   0   0   6   0   0   0   0   0   0   0   1   5        953.03772776
 f   0   0   0   7   0   0   0   0   0   0   0   1   4       -746.21792486
 f   0   0   0   8   0   0   0   0   0   0   0   1   3      -1646.87078449

Correlation coefficients larger than 0.9: 
          corr(   3,   5) =  0.9289812
          corr(   4,   6) =  0.9530007
          corr(   5,   7) =  0.9491592
          corr(   6,   8) =  0.9835006
          corr(   7,   9) =  0.9537989
          corr(  11,  13) =  0.9455448
          corr(  12,  14) =  0.9560426
          corr(  13,  15) =  0.9417675
          corr(  14,  16) =  0.9852409
          corr(  15,  17) =  0.9530955

               --------------------------------------------------------------------------------
               :     old parm   :     new parm   :  delta parm  :   std. err.  : sensitility
               --------------------------------------------------------------------------------
  1  rCH        :          1.09  :          1.09  :        -0.000:         0.000:         0.000:!
  2  f          :  -25373819.03  :  -25373819.03  :         0.000:         0.001:         0.000:!
  3  f          :     123759.60  :     123759.60  :         0.000:         0.192:         0.001:!
  4  f          :     -11228.16  :     -11228.16  :        -0.000:         0.900:         0.001:!
  5  f          :       8869.35  :       8869.35  :        -0.000:         4.061:         0.003:!
  6  f          :       2819.18  :       2819.18  :         0.000:         9.971:         0.008:!
  7  f          :       2078.06  :       2078.06  :         0.000:        29.742:         0.018:!
  8  f          :       1073.56  :       1073.56  :        -0.000:        32.486:         0.041:!
  9  f          :        383.95  :        383.94  :        -0.000:        74.882:         0.092:!
 10  f          :       4313.58  :       4313.58  :        -0.000:         0.072:         0.001:!
 11  f          :       4874.37  :       4874.37  :         0.000:         0.383:         0.001:!
 12  f          :       3601.59  :       3601.59  :        -0.000:         2.663:         0.004:!
 13  f          :       2339.55  :       2339.55  :        -0.000:         9.651:         0.009:!
 14  f          :       1554.33  :       1554.33  :         0.000:        30.715:         0.022:!
 15  f          :        953.04  :        953.04  :         0.000:        77.605:         0.052:!
 16  f          :       -746.22  :       -746.22  :        -0.000:       102.423:         0.122:!
 17  f          :      -1646.87  :      -1646.87  :         0.000:       210.959:         0.279:!
relat_sterr_min,ilow_sterr, tivar:    0.10000000D+21   -1    3
rCOe                               0          1.42044790
rOHe                               0          0.95729738
rCH                                9          1.09078557
aHOC                               0        108.12930637
aHCO                               0        111.95221297
a1                                 0          2.16893551
a2                                 0          2.57276067
b1                                 0          1.78665851
 f   0   0   0   0   0   0   0   0   0   0   0   0   9  -25373819.02946773
 f   2   0   0   0   0   0   0   0   0   0   0   0   0      29630.93506084
 f   3   0   0   0   0   0   0   0   0   0   0   0   0       3609.55313028
 f   4   0   0   0   0   0   0   0   0   0   0   0   0       2936.74337084
 f   5   0   0   0   0   0   0   0   0   0   0   0   0       1758.19577326
 f   6   0   0   0   0   0   0   0   0   0   0   0   0       1197.65403583
 f   7   0   0   0   0   0   0   0   0   0   0   0   0        836.62376208
 f   8   0   0   0   0   0   0   0   0   0   0   0   0        328.29764036
 f   0   2   0   0   0   0   0   0   0   0   0   0   0      31940.40375184
 f   0   3   0   0   0   0   0   0   0   0   0   0   0       2798.60039599
 f   0   4   0   0   0   0   0   0   0   0   0   0   0       3127.91077202
 f   0   5   0   0   0   0   0   0   0   0   0   0   0       1770.42495615
 f   0   6   0   0   0   0   0   0   0   0   0   0   0       1270.31144120
 f   0   7   0   0   0   0   0   0   0   0   0   0   0        999.77677247
 f   0   8   0   0   0   0   0   0   0   0   0   0   0        401.59578020
 f   0   0   2   0   0   0   0   0   0   0   0   0   9     123759.59639275
 f   0   0   3   0   0   0   0   0   0   0   0   0   9     -11228.15676679
 f   0   0   4   0   0   0   0   0   0   0   0   0   9       8869.35492702
 f   0   0   5   0   0   0   0   0   0   0   0   0   9       2819.17510246
 f   0   0   6   0   0   0   0   0   0   0   0   0   9       2078.06279158
 f   0   0   7   0   0   0   0   0   0   0   0   0   9       1073.56060443
 f   0   0   8   0   0   0   0   0   0   0   0   0   9        383.94497636
 f   0   0   0   1   0   0   0   0   0   0   0   1   9       4313.58019257
 f   0   0   0   2   0   0   0   0   0   0   0   1   8       4874.36542314
 f   0   0   0   3   0   0   0   0   0   0   0   1   8       3601.59401040
 f   0   0   0   4   0   0   0   0   0   0   0   1   7       2339.54539758
 f   0   0   0   5   0   0   0   0   0   0   0   1   6       1554.33044316
 f   0   0   0   6   0   0   0   0   0   0   0   1   5        953.03772776
 f   0   0   0   7   0   0   0   0   0   0   0   1   4       -746.21792486
 f   0   0   0   8   0   0   0   0   0   0   0   1   3      -1646.87078449
relat_sterr_min,ilow_sterr, tivar:    0.10000000D+21   -1    4
rCOe                               0          1.42044790
rOHe                               0          0.95729738
rCH                                9          1.09078557
aHOC                               0        108.12930637
aHCO                               0        111.95221297
a1                                 0          2.16893551
a2                                 0          2.57276067
b1                                 0          1.78665851
 f   0   0   0   0   0   0   0   0   0   0   0   0   9  -25373819.02946773
 f   2   0   0   0   0   0   0   0   0   0   0   0   0      29630.93506084
 f   3   0   0   0   0   0   0   0   0   0   0   0   0       3609.55313028
 f   4   0   0   0   0   0   0   0   0   0   0   0   0       2936.74337084
 f   5   0   0   0   0   0   0   0   0   0   0   0   0       1758.19577326
 f   6   0   0   0   0   0   0   0   0   0   0   0   0       1197.65403583
 f   7   0   0   0   0   0   0   0   0   0   0   0   0        836.62376208
 f   8   0   0   0   0   0   0   0   0   0   0   0   0        328.29764036
 f   0   2   0   0   0   0   0   0   0   0   0   0   0      31940.40375184
 f   0   3   0   0   0   0   0   0   0   0   0   0   0       2798.60039599
 f   0   4   0   0   0   0   0   0   0   0   0   0   0       3127.91077202
 f   0   5   0   0   0   0   0   0   0   0   0   0   0       1770.42495615
 f   0   6   0   0   0   0   0   0   0   0   0   0   0       1270.31144120
 f   0   7   0   0   0   0   0   0   0   0   0   0   0        999.77677247
 f   0   8   0   0   0   0   0   0   0   0   0   0   0        401.59578020
 f   0   0   2   0   0   0   0   0   0   0   0   0   9     123759.59639275
 f   0   0   3   0   0   0   0   0   0   0   0   0   9     -11228.15676679
 f   0   0   4   0   0   0   0   0   0   0   0   0   9       8869.35492702
 f   0   0   5   0   0   0   0   0   0   0   0   0   9       2819.17510246
 f   0   0   6   0   0   0   0   0   0   0   0   0   9       2078.06279158
 f   0   0   7   0   0   0   0   0   0   0   0   0   9       1073.56060443
 f   0   0   8   0   0   0   0   0   0   0   0   0   9        383.94497636
 f   0   0   0   1   0   0   0   0   0   0   0   1   9       4313.58019257
 f   0   0   0   2   0   0   0   0   0   0   0   1   8       4874.36542314
 f   0   0   0   3   0   0   0   0   0   0   0   1   8       3601.59401040
 f   0   0   0   4   0   0   0   0   0   0   0   1   7       2339.54539758
 f   0   0   0   5   0   0   0   0   0   0   0   1   6       1554.33044316
 f   0   0   0   6   0   0   0   0   0   0   0   1   5        953.03772776
 f   0   0   0   7   0   0   0   0   0   0   0   1   4       -746.21792486
 f   0   0   0   8   0   0   0   0   0   0   0   1   3      -1646.87078449
relat_sterr_min,ilow_sterr, tivar:    0.10000000D+21   -1    5
rCOe                               0          1.42044790
rOHe                               0          0.95729738
rCH                                9          1.09078557
aHOC                               0        108.12930637
aHCO                               0        111.95221297
a1                                 0          2.16893551
a2                                 0          2.57276067
b1                                 0          1.78665851
 f   0   0   0   0   0   0   0   0   0   0   0   0   9  -25373819.02946773
 f   2   0   0   0   0   0   0   0   0   0   0   0   0      29630.93506084
 f   3   0   0   0   0   0   0   0   0   0   0   0   0       3609.55313028
 f   4   0   0   0   0   0   0   0   0   0   0   0   0       2936.74337084
 f   5   0   0   0   0   0   0   0   0   0   0   0   0       1758.19577326
 f   6   0   0   0   0   0   0   0   0   0   0   0   0       1197.65403583
 f   7   0   0   0   0   0   0   0   0   0   0   0   0        836.62376208
 f   8   0   0   0   0   0   0   0   0   0   0   0   0        328.29764036
 f   0   2   0   0   0   0   0   0   0   0   0   0   0      31940.40375184
 f   0   3   0   0   0   0   0   0   0   0   0   0   0       2798.60039599
 f   0   4   0   0   0   0   0   0   0   0   0   0   0       3127.91077202
 f   0   5   0   0   0   0   0   0   0   0   0   0   0       1770.42495615
 f   0   6   0   0   0   0   0   0   0   0   0   0   0       1270.31144120
 f   0   7   0   0   0   0   0   0   0   0   0   0   0        999.77677247
 f   0   8   0   0   0   0   0   0   0   0   0   0   0        401.59578020
 f   0   0   2   0   0   0   0   0   0   0   0   0   9     123759.59639275
 f   0   0   3   0   0   0   0   0   0   0   0   0   9     -11228.15676679
 f   0   0   4   0   0   0   0   0   0   0   0   0   9       8869.35492702
 f   0   0   5   0   0   0   0   0   0   0   0   0   9       2819.17510246
 f   0   0   6   0   0   0   0   0   0   0   0   0   9       2078.06279158
 f   0   0   7   0   0   0   0   0   0   0   0   0   9       1073.56060443
 f   0   0   8   0   0   0   0   0   0   0   0   0   9        383.94497636
 f   0   0   0   1   0   0   0   0   0   0   0   1   9       4313.58019257
 f   0   0   0   2   0   0   0   0   0   0   0   1   8       4874.36542314
 f   0   0   0   3   0   0   0   0   0   0   0   1   8       3601.59401040
 f   0   0   0   4   0   0   0   0   0   0   0   1   7       2339.54539758
 f   0   0   0   5   0   0   0   0   0   0   0   1   6       1554.33044316
 f   0   0   0   6   0   0   0   0   0   0   0   1   5        953.03772776
 f   0   0   0   7   0   0   0   0   0   0   0   1   4       -746.21792486
 f   0   0   0   8   0   0   0   0   0   0   0   1   3      -1646.87078449
relat_sterr_min,ilow_sterr, tivar:    0.10000000D+21   -1    6
rCOe                               0          1.42044790
rOHe                               0          0.95729738
rCH                                9          1.09078557
aHOC                               0        108.12930637
aHCO                               0        111.95221297
a1                                 0          2.16893551
a2                                 0          2.57276067
b1                                 0          1.78665851
 f   0   0   0   0   0   0   0   0   0   0   0   0   9  -25373819.02946773
 f   2   0   0   0   0   0   0   0   0   0   0   0   0      29630.93506084
 f   3   0   0   0   0   0   0   0   0   0   0   0   0       3609.55313028
 f   4   0   0   0   0   0   0   0   0   0   0   0   0       2936.74337084
 f   5   0   0   0   0   0   0   0   0   0   0   0   0       1758.19577326
 f   6   0   0   0   0   0   0   0   0   0   0   0   0       1197.65403583
 f   7   0   0   0   0   0   0   0   0   0   0   0   0        836.62376208
 f   8   0   0   0   0   0   0   0   0   0   0   0   0        328.29764036
 f   0   2   0   0   0   0   0   0   0   0   0   0   0      31940.40375184
 f   0   3   0   0   0   0   0   0   0   0   0   0   0       2798.60039599
 f   0   4   0   0   0   0   0   0   0   0   0   0   0       3127.91077202
 f   0   5   0   0   0   0   0   0   0   0   0   0   0       1770.42495615
 f   0   6   0   0   0   0   0   0   0   0   0   0   0       1270.31144120
 f   0   7   0   0   0   0   0   0   0   0   0   0   0        999.77677247
 f   0   8   0   0   0   0   0   0   0   0   0   0   0        401.59578020
 f   0   0   2   0   0   0   0   0   0   0   0   0   9     123759.59639275
 f   0   0   3   0   0   0   0   0   0   0   0   0   9     -11228.15676679
 f   0   0   4   0   0   0   0   0   0   0   0   0   9       8869.35492702
 f   0   0   5   0   0   0   0   0   0   0   0   0   9       2819.17510246
 f   0   0   6   0   0   0   0   0   0   0   0   0   9       2078.06279158
 f   0   0   7   0   0   0   0   0   0   0   0   0   9       1073.56060443
 f   0   0   8   0   0   0   0   0   0   0   0   0   9        383.94497636
 f   0   0   0   1   0   0   0   0   0   0   0   1   9       4313.58019257
 f   0   0   0   2   0   0   0   0   0   0   0   1   8       4874.36542314
 f   0   0   0   3   0   0   0   0   0   0   0   1   8       3601.59401040
 f   0   0   0   4   0   0   0   0   0   0   0   1   7       2339.54539758
 f   0   0   0   5   0   0   0   0   0   0   0   1   6       1554.33044316
 f   0   0   0   6   0   0   0   0   0   0   0   1   5        953.03772776
 f   0   0   0   7   0   0   0   0   0   0   0   1   4       -746.21792486
 f   0   0   0   8   0   0   0   0   0   0   0   1   3      -1646.87078449
relat_sterr_min,ilow_sterr, tivar:    0.10000000D+21   -1    7
rCOe                               0          1.42044790
rOHe                               0          0.95729738
rCH                                9          1.09078557
aHOC                               0        108.12930637
aHCO                               0        111.95221297
a1                                 0          2.16893551
a2                                 0          2.57276067
b1                                 0          1.78665851
 f   0   0   0   0   0   0   0   0   0   0   0   0   9  -25373819.02946773
 f   2   0   0   0   0   0   0   0   0   0   0   0   0      29630.93506084
 f   3   0   0   0   0   0   0   0   0   0   0   0   0       3609.55313028
 f   4   0   0   0   0   0   0   0   0   0   0   0   0       2936.74337084
 f   5   0   0   0   0   0   0   0   0   0   0   0   0       1758.19577326
 f   6   0   0   0   0   0   0   0   0   0   0   0   0       1197.65403583
 f   7   0   0   0   0   0   0   0   0   0   0   0   0        836.62376208
 f   8   0   0   0   0   0   0   0   0   0   0   0   0        328.29764036
 f   0   2   0   0   0   0   0   0   0   0   0   0   0      31940.40375184
 f   0   3   0   0   0   0   0   0   0   0   0   0   0       2798.60039599
 f   0   4   0   0   0   0   0   0   0   0   0   0   0       3127.91077202
 f   0   5   0   0   0   0   0   0   0   0   0   0   0       1770.42495615
 f   0   6   0   0   0   0   0   0   0   0   0   0   0       1270.31144120
 f   0   7   0   0   0   0   0   0   0   0   0   0   0        999.77677247
 f   0   8   0   0   0   0   0   0   0   0   0   0   0        401.59578020
 f   0   0   2   0   0   0   0   0   0   0   0   0   9     123759.59639275
 f   0   0   3   0   0   0   0   0   0   0   0   0   9     -11228.15676679
 f   0   0   4   0   0   0   0   0   0   0   0   0   9       8869.35492702
 f   0   0   5   0   0   0   0   0   0   0   0   0   9       2819.17510246
 f   0   0   6   0   0   0   0   0   0   0   0   0   9       2078.06279158
 f   0   0   7   0   0   0   0   0   0   0   0   0   9       1073.56060443
 f   0   0   8   0   0   0   0   0   0   0   0   0   9        383.94497636
 f   0   0   0   1   0   0   0   0   0   0   0   1   9       4313.58019257
 f   0   0   0   2   0   0   0   0   0   0   0   1   8       4874.36542314
 f   0   0   0   3   0   0   0   0   0   0   0   1   8       3601.59401040
 f   0   0   0   4   0   0   0   0   0   0   0   1   7       2339.54539758
 f   0   0   0   5   0   0   0   0   0   0   0   1   6       1554.33044316
 f   0   0   0   6   0   0   0   0   0   0   0   1   5        953.03772776
 f   0   0   0   7   0   0   0   0   0   0   0   1   4       -746.21792486
 f   0   0   0   8   0   0   0   0   0   0   0   1   3      -1646.87078449
relat_sterr_min,ilow_sterr, tivar:    0.10000000D+21   -1    8
rCOe                               0          1.42044790
rOHe                               0          0.95729738
rCH                                9          1.09078557
aHOC                               0        108.12930637
aHCO                               0        111.95221297
a1                                 0          2.16893551
a2                                 0          2.57276067
b1                                 0          1.78665851
 f   0   0   0   0   0   0   0   0   0   0   0   0   9  -25373819.02946773
 f   2   0   0   0   0   0   0   0   0   0   0   0   0      29630.93506084
 f   3   0   0   0   0   0   0   0   0   0   0   0   0       3609.55313028
 f   4   0   0   0   0   0   0   0   0   0   0   0   0       2936.74337084
 f   5   0   0   0   0   0   0   0   0   0   0   0   0       1758.19577326
 f   6   0   0   0   0   0   0   0   0   0   0   0   0       1197.65403583
 f   7   0   0   0   0   0   0   0   0   0   0   0   0        836.62376208
 f   8   0   0   0   0   0   0   0   0   0   0   0   0        328.29764036
 f   0   2   0   0   0   0   0   0   0   0   0   0   0      31940.40375184
 f   0   3   0   0   0   0   0   0   0   0   0   0   0       2798.60039599
 f   0   4   0   0   0   0   0   0   0   0   0   0   0       3127.91077202
 f   0   5   0   0   0   0   0   0   0   0   0   0   0       1770.42495615
 f   0   6   0   0   0   0   0   0   0   0   0   0   0       1270.31144120
 f   0   7   0   0   0   0   0   0   0   0   0   0   0        999.77677247
 f   0   8   0   0   0   0   0   0   0   0   0   0   0        401.59578020
 f   0   0   2   0   0   0   0   0   0   0   0   0   9     123759.59639275
 f   0   0   3   0   0   0   0   0   0   0   0   0   9     -11228.15676679
 f   0   0   4   0   0   0   0   0   0   0   0   0   9       8869.35492702
 f   0   0   5   0   0   0   0   0   0   0   0   0   9       2819.17510246
 f   0   0   6   0   0   0   0   0   0   0   0   0   9       2078.06279158
 f   0   0   7   0   0   0   0   0   0   0   0   0   9       1073.56060443
 f   0   0   8   0   0   0   0   0   0   0   0   0   9        383.94497636
 f   0   0   0   1   0   0   0   0   0   0   0   1   9       4313.58019257
 f   0   0   0   2   0   0   0   0   0   0   0   1   8       4874.36542314
 f   0   0   0   3   0   0   0   0   0   0   0   1   8       3601.59401040
 f   0   0   0   4   0   0   0   0   0   0   0   1   7       2339.54539758
 f   0   0   0   5   0   0   0   0   0   0   0   1   6       1554.33044316
 f   0   0   0   6   0   0   0   0   0   0   0   1   5        953.03772776
 f   0   0   0   7   0   0   0   0   0   0   0   1   4       -746.21792486
 f   0   0   0   8   0   0   0   0   0   0   0   1   3      -1646.87078449

   ------------------------------------------------------------------
   |   iter  |  points |    deviat     |     rms       |  stability  |
   ------------------------------------------------------------------

   -----------------------------------------------------------
   |  param  |  points |   deviat    |    rms      | stability |
   -----------------------------------------------------------
   |    17   |     55  |   0.25113E-02 |  0.61183E+02  |    0.277E-06 |

############################################################################################
