************************************************************************************************************************************
 ************************************************************************************************************************************
 ************************************************************************************************************************************
 ****************                                                                                                    ****************
 ****************          *  FITTING OF THE POTENTIAL PARAMETERS TO AB INITIO DATA                                  ****************
 ****************          *                                                                                         ****************
 ****************          *  2016                                                                                   ****************
 ****************          *  C2H6                                                                                   ****************

 ****************                                                                                                    ****************
 ************************************************************************************************************************************
 ************************************************************************************************************************************
 ************************************************************************************************************************************
 
        12 <= number of degrees of freedom
         5 <= number of bonds
         7 <= number of bond angles
        20 <= number of iterations in the fit
  0.000000 <= The fit is over if the stability is reached 
  0.000010 <= The fit is over if the st.dev. best is reached 
  1.000000 <= sterr parameter out 
  0.000010 <= stdev parameter out 
         1 <= watson robust on (1) or of (0) 
         8 <= number of non-linear parameters
 parameters of structure 
rCOe      =           1.420
rOHe      =           0.957
rCH       =           1.091
aHOC      =         108.129
aHCO      =         111.952
a1        =           2.169
a2        =           2.573
b1        =           1.783
Lowest energy = -115.611612    

   ------------------------------------------------------------------
   |   iter  |  points |    deviat     |     rms       |  stability  |
   ------------------------------------------------------------------
   |     1   |     37  |   0.15200E+02 |  0.16526E+03  |   0.764E+08 |
   |     2   |     37  |   0.38414E+01 |  0.30059E+01  |   0.340E+02 |
   |     3   |     37  |   0.30294E-01 |  0.63017E+00  |   0.130E+03 |
   |     4   |     37  |   0.47810E-02 |  0.16399E+01  |   0.499E+01 |
   |     5   |     37  |   0.46387E-02 |  0.18805E+01  |   0.307E-01 |
   |     6   |     37  |   0.46387E-02 |  0.18805E+01  |   0.532E-06 |
   |     7   |     37  |   0.46387E-02 |  0.18805E+01  |   0.103E-07 |
   |     8   |     37  |   0.46387E-02 |  0.18805E+01  |   0.528E-07 |
   |     9   |     37  |   0.46387E-02 |  0.18805E+01  |   0.387E-07 |
   |    10   |     37  |   0.46387E-02 |  0.18805E+01  |   0.100E-07 |
   |    11   |     37  |   0.46387E-02 |  0.18805E+01  |   0.790E-07 |
   |    12   |     37  |   0.46387E-02 |  0.18805E+01  |   0.207E-07 |
   |    13   |     37  |   0.46387E-02 |  0.18805E+01  |   0.175E-06 |
   |    14   |     37  |   0.46387E-02 |  0.18805E+01  |   0.118E-07 |
   |    15   |     37  |   0.46387E-02 |  0.18805E+01  |   0.243E-06 |
   |    16   |     37  |   0.46387E-02 |  0.18805E+01  |   0.170E-06 |
   |    17   |     37  |   0.46387E-02 |  0.18805E+01  |   0.413E-07 |
   |    18   |     37  |   0.46387E-02 |  0.18805E+01  |   0.647E-08 |
   |    19   |     37  |   0.46387E-02 |  0.18805E+01  |   0.676E-07 |
   |    20   |     37  |   0.46387E-02 |  0.18805E+01  |   0.508E-07 |
   |    21   |     37  |   0.46387E-02 |  0.18805E+01  |   0.608E-07 |

Watson Alpha parameter  0.1000 fitted with rms2 = 


Potential parameters rounded in accord. with their standart errors

rC  0  0  0  0  0  0  0  0  0  0  0  0   0   1.4204479    
rO  0  0  0  0  0  0  0  0  0  0  0  0   0  0.95729738    
rC  0  0  0  0  0  0  0  0  0  0  0  0   9        1.08837733    (      13)
aH  0  0  0  0  0  0  0  0  0  0  0  0   0   108.12931    
aH  0  0  0  0  0  0  0  0  0  0  0  0   0   111.95221    
a1  0  0  0  0  0  0  0  0  0  0  0  0   0   2.1689355    
a2  0  0  0  0  0  0  0  0  0  0  0  0   0   2.5727607    
b1  0  0  0  0  0  0  0  0  0  0  0  0   0   1.7826628    
 f  0  0  0  0  0  0  0  0  0  0  0  0   9    -25373818.3896    (      16)
 f  2  0  0  0  0  0  0  0  0  0  0  0   0   29630.935    
 f  3  0  0  0  0  0  0  0  0  0  0  0   0   3609.5531    
 f  4  0  0  0  0  0  0  0  0  0  0  0   0   2936.7434    
 f  5  0  0  0  0  0  0  0  0  0  0  0   0   1758.1958    
 f  6  0  0  0  0  0  0  0  0  0  0  0   0   1197.6540    
 f  7  0  0  0  0  0  0  0  0  0  0  0   0   836.62376    
 f  8  0  0  0  0  0  0  0  0  0  0  0   0   328.29764    
 f  0  2  0  0  0  0  0  0  0  0  0  0   0   31940.404    
 f  0  3  0  0  0  0  0  0  0  0  0  0   0   2798.6004    
 f  0  4  0  0  0  0  0  0  0  0  0  0   0   3127.9108    
 f  0  5  0  0  0  0  0  0  0  0  0  0   0   1770.4250    
 f  0  6  0  0  0  0  0  0  0  0  0  0   0   1270.3114    
 f  0  7  0  0  0  0  0  0  0  0  0  0   0   999.77677    
 f  0  8  0  0  0  0  0  0  0  0  0  0   0   401.59578    
 f  0  0  0  1  0  0  0  0  0  0  0  1   9          -4299.93    (      15)
 f  0  0  2  0  0  0  0  0  0  0  0  0   9         126760.59    (      37)
 f  0  0  0  2  0  0  0  0  0  0  0  1   9          -4884.90    (      65)
 f  0  0  3  0  0  0  0  0  0  0  0  0   8          -10981.6    (      23)
 f  0  0  0  3  0  0  0  0  0  0  0  1   8           -3611.6    (      53)
 f  0  0  4  0  0  0  0  0  0  0  0  0   7            9575.4    (      60)
 f  0  0  0  4  0  0  0  0  0  0  0  1   7            -2414.    (      13)
 f  0  0  5  0  0  0  0  0  0  0  0  0   6             3165.    (      27)
 f  0  0  0  5  0  0  0  0  0  0  0  1   6            -1669.    (      60)
 f  0  0  6  0  0  0  0  0  0  0  0  0   5             2317.    (      24)
 f  0  0  0  6  0  0  0  0  0  0  0  1   5             -390.    (      51)
 f  0  0  7  0  0  0  0  0  0  0  0  0   4              918.    (      91)
 f  0  0  0  7  0  0  0  0  0  0  0  1   4             1102.    (     201)
------------------------------
*  FITTING OF THE POTENTIAL PARAMETERS TO AB INITIO DATA                        
*                                                                               
*  2016                                                                         
*  C2H6                                                                         
      rCOe                        0          1.42044790
      rOHe                        0          0.95729738
       rCH                        9          1.08837733
      aHOC                        0        108.12930637
      aHCO                        0        111.95221297
        a1                        0          2.16893551
        a2                        0          2.57276067
        b1                        0          1.78266276
 f   0   0   0   0   0   0   0   0   0   0   0   0   9  -25373818.38959036
 f   2   0   0   0   0   0   0   0   0   0   0   0   0      29630.93506084
 f   3   0   0   0   0   0   0   0   0   0   0   0   0       3609.55313028
 f   4   0   0   0   0   0   0   0   0   0   0   0   0       2936.74337084
 f   5   0   0   0   0   0   0   0   0   0   0   0   0       1758.19577326
 f   6   0   0   0   0   0   0   0   0   0   0   0   0       1197.65403583
 f   7   0   0   0   0   0   0   0   0   0   0   0   0        836.62376208
 f   8   0   0   0   0   0   0   0   0   0   0   0   0        328.29764036
 f   0   2   0   0   0   0   0   0   0   0   0   0   0      31940.40375184
 f   0   3   0   0   0   0   0   0   0   0   0   0   0       2798.60039599
 f   0   4   0   0   0   0   0   0   0   0   0   0   0       3127.91077202
 f   0   5   0   0   0   0   0   0   0   0   0   0   0       1770.42495615
 f   0   6   0   0   0   0   0   0   0   0   0   0   0       1270.31144120
 f   0   7   0   0   0   0   0   0   0   0   0   0   0        999.77677247
 f   0   8   0   0   0   0   0   0   0   0   0   0   0        401.59578020
 f   0   0   0   1   0   0   0   0   0   0   0   1   9      -4299.93395817
 f   0   0   2   0   0   0   0   0   0   0   0   0   9     126760.59310067
 f   0   0   0   2   0   0   0   0   0   0   0   1   9      -4884.89892522
 f   0   0   3   0   0   0   0   0   0   0   0   0   8     -10981.56098501
 f   0   0   0   3   0   0   0   0   0   0   0   1   8      -3611.63662521
 f   0   0   4   0   0   0   0   0   0   0   0   0   7       9575.44675453
 f   0   0   0   4   0   0   0   0   0   0   0   1   7      -2414.22235117
 f   0   0   5   0   0   0   0   0   0   0   0   0   6       3164.53742562
 f   0   0   0   5   0   0   0   0   0   0   0   1   6      -1668.89316562
 f   0   0   6   0   0   0   0   0   0   0   0   0   5       2316.63076495
 f   0   0   0   6   0   0   0   0   0   0   0   1   5       -390.14500516
 f   0   0   7   0   0   0   0   0   0   0   0   0   4        918.47483332
 f   0   0   0   7   0   0   0   0   0   0   0   1   4       1101.83874779

Correlation coefficients larger than 0.9: 
          corr(   4,   8) =  0.9429609
          corr(   4,  12) =  0.9015165
          corr(   5,   9) =  0.9664798
          corr(   5,  13) =  0.9301975
          corr(   6,  10) =  0.9536090
          corr(   7,  11) =  0.9489031
          corr(   8,  12) =  0.9912561
          corr(   9,  13) =  0.9920913
          corr(  10,  14) =  0.9854604
          corr(  11,  15) =  0.9820875

               --------------------------------------------------------------------------------
               :     old parm   :     new parm   :  delta parm  :   std. err.  : sensitility
               --------------------------------------------------------------------------------
  1  rCH        :          1.09  :          1.09  :        -0.000:         0.000:         0.000:!
  2  f          :  -25373818.39  :  -25373818.39  :        -0.000:         0.002:         0.000:!
  3  f          :      -4299.93  :      -4299.93  :        -0.000:         0.148:         0.001:!
  4  f          :     126760.59  :     126760.59  :         0.000:         0.367:         0.001:!
  5  f          :      -4884.90  :      -4884.90  :        -0.000:         0.655:         0.003:!
  6  f          :     -10981.56  :     -10981.56  :        -0.000:         2.300:         0.003:!
  7  f          :      -3611.64  :      -3611.64  :         0.000:         5.340:         0.007:!
  8  f          :       9575.45  :       9575.45  :        -0.000:         6.024:         0.007:!
  9  f          :      -2414.22  :      -2414.22  :         0.000:        12.611:         0.018:!
 10  f          :       3164.54  :       3164.54  :         0.000:        26.874:         0.017:!
 11  f          :      -1668.89  :      -1668.89  :        -0.000:        60.373:         0.042:!
 12  f          :       2316.63  :       2316.63  :         0.000:        23.621:         0.040:!
 13  f          :       -390.14  :       -390.15  :        -0.000:        51.286:         0.097:!
 14  f          :        918.47  :        918.47  :        -0.000:        91.424:         0.092:!
 15  f          :       1101.84  :       1101.84  :         0.000:       201.354:         0.220:!
relat_sterr_min,ilow_sterr, tivar:    0.10000000D+21   -1    4
rCOe                               0          1.42044790
rOHe                               0          0.95729738
rCH                                9          1.08837733
aHOC                               0        108.12930637
aHCO                               0        111.95221297
a1                                 0          2.16893551
a2                                 0          2.57276067
b1                                 0          1.78266276
 f   0   0   0   0   0   0   0   0   0   0   0   0   9  -25373818.38959036
 f   2   0   0   0   0   0   0   0   0   0   0   0   0      29630.93506084
 f   3   0   0   0   0   0   0   0   0   0   0   0   0       3609.55313028
 f   4   0   0   0   0   0   0   0   0   0   0   0   0       2936.74337084
 f   5   0   0   0   0   0   0   0   0   0   0   0   0       1758.19577326
 f   6   0   0   0   0   0   0   0   0   0   0   0   0       1197.65403583
 f   7   0   0   0   0   0   0   0   0   0   0   0   0        836.62376208
 f   8   0   0   0   0   0   0   0   0   0   0   0   0        328.29764036
 f   0   2   0   0   0   0   0   0   0   0   0   0   0      31940.40375184
 f   0   3   0   0   0   0   0   0   0   0   0   0   0       2798.60039599
 f   0   4   0   0   0   0   0   0   0   0   0   0   0       3127.91077202
 f   0   5   0   0   0   0   0   0   0   0   0   0   0       1770.42495615
 f   0   6   0   0   0   0   0   0   0   0   0   0   0       1270.31144120
 f   0   7   0   0   0   0   0   0   0   0   0   0   0        999.77677247
 f   0   8   0   0   0   0   0   0   0   0   0   0   0        401.59578020
 f   0   0   0   1   0   0   0   0   0   0   0   1   9      -4299.93395817
 f   0   0   2   0   0   0   0   0   0   0   0   0   9     126760.59310067
 f   0   0   0   2   0   0   0   0   0   0   0   1   9      -4884.89892522
 f   0   0   3   0   0   0   0   0   0   0   0   0   8     -10981.56098501
 f   0   0   0   3   0   0   0   0   0   0   0   1   8      -3611.63662521
 f   0   0   4   0   0   0   0   0   0   0   0   0   7       9575.44675453
 f   0   0   0   4   0   0   0   0   0   0   0   1   7      -2414.22235117
 f   0   0   5   0   0   0   0   0   0   0   0   0   6       3164.53742562
 f   0   0   0   5   0   0   0   0   0   0   0   1   6      -1668.89316562
 f   0   0   6   0   0   0   0   0   0   0   0   0   5       2316.63076495
 f   0   0   0   6   0   0   0   0   0   0   0   1   5       -390.14500516
 f   0   0   7   0   0   0   0   0   0   0   0   0   4        918.47483332
 f   0   0   0   7   0   0   0   0   0   0   0   1   4       1101.83874779
relat_sterr_min,ilow_sterr, tivar:    0.10000000D+21   -1    5
rCOe                               0          1.42044790
rOHe                               0          0.95729738
rCH                                9          1.08837733
aHOC                               0        108.12930637
aHCO                               0        111.95221297
a1                                 0          2.16893551
a2                                 0          2.57276067
b1                                 0          1.78266276
 f   0   0   0   0   0   0   0   0   0   0   0   0   9  -25373818.38959036
 f   2   0   0   0   0   0   0   0   0   0   0   0   0      29630.93506084
 f   3   0   0   0   0   0   0   0   0   0   0   0   0       3609.55313028
 f   4   0   0   0   0   0   0   0   0   0   0   0   0       2936.74337084
 f   5   0   0   0   0   0   0   0   0   0   0   0   0       1758.19577326
 f   6   0   0   0   0   0   0   0   0   0   0   0   0       1197.65403583
 f   7   0   0   0   0   0   0   0   0   0   0   0   0        836.62376208
 f   8   0   0   0   0   0   0   0   0   0   0   0   0        328.29764036
 f   0   2   0   0   0   0   0   0   0   0   0   0   0      31940.40375184
 f   0   3   0   0   0   0   0   0   0   0   0   0   0       2798.60039599
 f   0   4   0   0   0   0   0   0   0   0   0   0   0       3127.91077202
 f   0   5   0   0   0   0   0   0   0   0   0   0   0       1770.42495615
 f   0   6   0   0   0   0   0   0   0   0   0   0   0       1270.31144120
 f   0   7   0   0   0   0   0   0   0   0   0   0   0        999.77677247
 f   0   8   0   0   0   0   0   0   0   0   0   0   0        401.59578020
 f   0   0   0   1   0   0   0   0   0   0   0   1   9      -4299.93395817
 f   0   0   2   0   0   0   0   0   0   0   0   0   9     126760.59310067
 f   0   0   0   2   0   0   0   0   0   0   0   1   9      -4884.89892522
 f   0   0   3   0   0   0   0   0   0   0   0   0   8     -10981.56098501
 f   0   0   0   3   0   0   0   0   0   0   0   1   8      -3611.63662521
 f   0   0   4   0   0   0   0   0   0   0   0   0   7       9575.44675453
 f   0   0   0   4   0   0   0   0   0   0   0   1   7      -2414.22235117
 f   0   0   5   0   0   0   0   0   0   0   0   0   6       3164.53742562
 f   0   0   0   5   0   0   0   0   0   0   0   1   6      -1668.89316562
 f   0   0   6   0   0   0   0   0   0   0   0   0   5       2316.63076495
 f   0   0   0   6   0   0   0   0   0   0   0   1   5       -390.14500516
 f   0   0   7   0   0   0   0   0   0   0   0   0   4        918.47483332
 f   0   0   0   7   0   0   0   0   0   0   0   1   4       1101.83874779
relat_sterr_min,ilow_sterr, tivar:    0.10000000D+21   -1    6
rCOe                               0          1.42044790
rOHe                               0          0.95729738
rCH                                9          1.08837733
aHOC                               0        108.12930637
aHCO                               0        111.95221297
a1                                 0          2.16893551
a2                                 0          2.57276067
b1                                 0          1.78266276
 f   0   0   0   0   0   0   0   0   0   0   0   0   9  -25373818.38959036
 f   2   0   0   0   0   0   0   0   0   0   0   0   0      29630.93506084
 f   3   0   0   0   0   0   0   0   0   0   0   0   0       3609.55313028
 f   4   0   0   0   0   0   0   0   0   0   0   0   0       2936.74337084
 f   5   0   0   0   0   0   0   0   0   0   0   0   0       1758.19577326
 f   6   0   0   0   0   0   0   0   0   0   0   0   0       1197.65403583
 f   7   0   0   0   0   0   0   0   0   0   0   0   0        836.62376208
 f   8   0   0   0   0   0   0   0   0   0   0   0   0        328.29764036
 f   0   2   0   0   0   0   0   0   0   0   0   0   0      31940.40375184
 f   0   3   0   0   0   0   0   0   0   0   0   0   0       2798.60039599
 f   0   4   0   0   0   0   0   0   0   0   0   0   0       3127.91077202
 f   0   5   0   0   0   0   0   0   0   0   0   0   0       1770.42495615
 f   0   6   0   0   0   0   0   0   0   0   0   0   0       1270.31144120
 f   0   7   0   0   0   0   0   0   0   0   0   0   0        999.77677247
 f   0   8   0   0   0   0   0   0   0   0   0   0   0        401.59578020
 f   0   0   0   1   0   0   0   0   0   0   0   1   9      -4299.93395817
 f   0   0   2   0   0   0   0   0   0   0   0   0   9     126760.59310067
 f   0   0   0   2   0   0   0   0   0   0   0   1   9      -4884.89892522
 f   0   0   3   0   0   0   0   0   0   0   0   0   8     -10981.56098501
 f   0   0   0   3   0   0   0   0   0   0   0   1   8      -3611.63662521
 f   0   0   4   0   0   0   0   0   0   0   0   0   7       9575.44675453
 f   0   0   0   4   0   0   0   0   0   0   0   1   7      -2414.22235117
 f   0   0   5   0   0   0   0   0   0   0   0   0   6       3164.53742562
 f   0   0   0   5   0   0   0   0   0   0   0   1   6      -1668.89316562
 f   0   0   6   0   0   0   0   0   0   0   0   0   5       2316.63076495
 f   0   0   0   6   0   0   0   0   0   0   0   1   5       -390.14500516
 f   0   0   7   0   0   0   0   0   0   0   0   0   4        918.47483332
 f   0   0   0   7   0   0   0   0   0   0   0   1   4       1101.83874779
relat_sterr_min,ilow_sterr, tivar:    0.10000000D+21   -1    7
rCOe                               0          1.42044790
rOHe                               0          0.95729738
rCH                                9          1.08837733
aHOC                               0        108.12930637
aHCO                               0        111.95221297
a1                                 0          2.16893551
a2                                 0          2.57276067
b1                                 0          1.78266276
 f   0   0   0   0   0   0   0   0   0   0   0   0   9  -25373818.38959036
 f   2   0   0   0   0   0   0   0   0   0   0   0   0      29630.93506084
 f   3   0   0   0   0   0   0   0   0   0   0   0   0       3609.55313028
 f   4   0   0   0   0   0   0   0   0   0   0   0   0       2936.74337084
 f   5   0   0   0   0   0   0   0   0   0   0   0   0       1758.19577326
 f   6   0   0   0   0   0   0   0   0   0   0   0   0       1197.65403583
 f   7   0   0   0   0   0   0   0   0   0   0   0   0        836.62376208
 f   8   0   0   0   0   0   0   0   0   0   0   0   0        328.29764036
 f   0   2   0   0   0   0   0   0   0   0   0   0   0      31940.40375184
 f   0   3   0   0   0   0   0   0   0   0   0   0   0       2798.60039599
 f   0   4   0   0   0   0   0   0   0   0   0   0   0       3127.91077202
 f   0   5   0   0   0   0   0   0   0   0   0   0   0       1770.42495615
 f   0   6   0   0   0   0   0   0   0   0   0   0   0       1270.31144120
 f   0   7   0   0   0   0   0   0   0   0   0   0   0        999.77677247
 f   0   8   0   0   0   0   0   0   0   0   0   0   0        401.59578020
 f   0   0   0   1   0   0   0   0   0   0   0   1   9      -4299.93395817
 f   0   0   2   0   0   0   0   0   0   0   0   0   9     126760.59310067
 f   0   0   0   2   0   0   0   0   0   0   0   1   9      -4884.89892522
 f   0   0   3   0   0   0   0   0   0   0   0   0   8     -10981.56098501
 f   0   0   0   3   0   0   0   0   0   0   0   1   8      -3611.63662521
 f   0   0   4   0   0   0   0   0   0   0   0   0   7       9575.44675453
 f   0   0   0   4   0   0   0   0   0   0   0   1   7      -2414.22235117
 f   0   0   5   0   0   0   0   0   0   0   0   0   6       3164.53742562
 f   0   0   0   5   0   0   0   0   0   0   0   1   6      -1668.89316562
 f   0   0   6   0   0   0   0   0   0   0   0   0   5       2316.63076495
 f   0   0   0   6   0   0   0   0   0   0   0   1   5       -390.14500516
 f   0   0   7   0   0   0   0   0   0   0   0   0   4        918.47483332
 f   0   0   0   7   0   0   0   0   0   0   0   1   4       1101.83874779
relat_sterr_min,ilow_sterr, tivar:    0.10000000D+21   -1    8
rCOe                               0          1.42044790
rOHe                               0          0.95729738
rCH                                9          1.08837733
aHOC                               0        108.12930637
aHCO                               0        111.95221297
a1                                 0          2.16893551
a2                                 0          2.57276067
b1                                 0          1.78266276
 f   0   0   0   0   0   0   0   0   0   0   0   0   9  -25373818.38959036
 f   2   0   0   0   0   0   0   0   0   0   0   0   0      29630.93506084
 f   3   0   0   0   0   0   0   0   0   0   0   0   0       3609.55313028
 f   4   0   0   0   0   0   0   0   0   0   0   0   0       2936.74337084
 f   5   0   0   0   0   0   0   0   0   0   0   0   0       1758.19577326
 f   6   0   0   0   0   0   0   0   0   0   0   0   0       1197.65403583
 f   7   0   0   0   0   0   0   0   0   0   0   0   0        836.62376208
 f   8   0   0   0   0   0   0   0   0   0   0   0   0        328.29764036
 f   0   2   0   0   0   0   0   0   0   0   0   0   0      31940.40375184
 f   0   3   0   0   0   0   0   0   0   0   0   0   0       2798.60039599
 f   0   4   0   0   0   0   0   0   0   0   0   0   0       3127.91077202
 f   0   5   0   0   0   0   0   0   0   0   0   0   0       1770.42495615
 f   0   6   0   0   0   0   0   0   0   0   0   0   0       1270.31144120
 f   0   7   0   0   0   0   0   0   0   0   0   0   0        999.77677247
 f   0   8   0   0   0   0   0   0   0   0   0   0   0        401.59578020
 f   0   0   0   1   0   0   0   0   0   0   0   1   9      -4299.93395817
 f   0   0   2   0   0   0   0   0   0   0   0   0   9     126760.59310067
 f   0   0   0   2   0   0   0   0   0   0   0   1   9      -4884.89892522
 f   0   0   3   0   0   0   0   0   0   0   0   0   8     -10981.56098501
 f   0   0   0   3   0   0   0   0   0   0   0   1   8      -3611.63662521
 f   0   0   4   0   0   0   0   0   0   0   0   0   7       9575.44675453
 f   0   0   0   4   0   0   0   0   0   0   0   1   7      -2414.22235117
 f   0   0   5   0   0   0   0   0   0   0   0   0   6       3164.53742562
 f   0   0   0   5   0   0   0   0   0   0   0   1   6      -1668.89316562
 f   0   0   6   0   0   0   0   0   0   0   0   0   5       2316.63076495
 f   0   0   0   6   0   0   0   0   0   0   0   1   5       -390.14500516
 f   0   0   7   0   0   0   0   0   0   0   0   0   4        918.47483332
 f   0   0   0   7   0   0   0   0   0   0   0   1   4       1101.83874779

   ------------------------------------------------------------------
   |   iter  |  points |    deviat     |     rms       |  stability  |
   ------------------------------------------------------------------

   -----------------------------------------------------------
   |  param  |  points |   deviat    |    rms      | stability |
   -----------------------------------------------------------
   |    15   |     37  |   0.46387E-02 |  0.13272E+03  |    0.608E-07 |

############################################################################################
