************************************************************************************************************************************
 ************************************************************************************************************************************
 ************************************************************************************************************************************
 ****************                                                                                                    ****************
 ****************          *  FITTING OF THE POTENTIAL PARAMETERS TO AB INITIO DATA                                  ****************
 ****************          *                                                                                         ****************
 ****************          *  2016                                                                                   ****************
 ****************          *  C2H6                                                                                   ****************

 ****************                                                                                                    ****************
 ************************************************************************************************************************************
 ************************************************************************************************************************************
 ************************************************************************************************************************************
 
        12 <= number of degrees of freedom
         5 <= number of bonds
         7 <= number of bond angles
        20 <= number of iterations in the fit
  0.000000 <= The fit is over if the stability is reached 
  0.000010 <= The fit is over if the st.dev. best is reached 
  1.000000 <= sterr parameter out 
  0.000010 <= stdev parameter out 
         1 <= watson robust on (1) or of (0) 
        10 <= number of non-linear parameters
 parameters of structure 
rCOe      =           1.420
rOHe      =           0.957
rCH       =           1.088
aHOC      =         107.636
aHCO      =         108.459
a1        =           2.169
a2        =           2.573
b1        =           1.783
Sa        =           0.000
Sb        =           0.000
Lowest energy = -115.611626    

   ------------------------------------------------------------------
   |   iter  |  points |    deviat     |     rms       |  stability  |
   ------------------------------------------------------------------
   |     1   |     35  |   0.56396E+02 |  0.39619E+03  |   0.602E+08 |
   |     2   |     35  |   0.59890E+01 |  0.96429E+01  |   0.249E+02 |
   |     3   |     35  |   0.26367E+00 |  0.23343E+01  |   0.276E+02 |
   |     4   |     35  |   0.10444E-01 |  0.56407E+01  |   0.204E+02 |
   |     5   |     35  |   0.10262E-01 |  0.57513E+01  |   0.208E-01 |
   |     6   |     35  |   0.10262E-01 |  0.57519E+01  |   0.433E-05 |
   |     7   |     35  |   0.10262E-01 |  0.57519E+01  |   0.799E-07 |
   |     8   |     35  |   0.10262E-01 |  0.57519E+01  |   0.776E-07 |
   |     9   |     35  |   0.10262E-01 |  0.57519E+01  |   0.156E-07 |
   |    10   |     35  |   0.10262E-01 |  0.57519E+01  |   0.309E-07 |
   |    11   |     35  |   0.10262E-01 |  0.57519E+01  |   0.323E-07 |
   |    12   |     35  |   0.10262E-01 |  0.57519E+01  |   0.975E-08 |
   |    13   |     35  |   0.10262E-01 |  0.57519E+01  |   0.110E-06 |
   |    14   |     35  |   0.10262E-01 |  0.57519E+01  |   0.983E-07 |
   |    15   |     35  |   0.10262E-01 |  0.57519E+01  |   0.282E-07 |
   |    16   |     35  |   0.10262E-01 |  0.57519E+01  |   0.746E-08 |
   |    17   |     35  |   0.10262E-01 |  0.57519E+01  |   0.434E-07 |
   |    18   |     35  |   0.10262E-01 |  0.57519E+01  |   0.418E-07 |
   |    19   |     35  |   0.10262E-01 |  0.57519E+01  |   0.123E-07 |
   |    20   |     35  |   0.10262E-01 |  0.57519E+01  |   0.799E-08 |
   |    21   |     35  |   0.10262E-01 |  0.57519E+01  |   0.977E-08 |

Watson Alpha parameter  0.1000 fitted with rms2 = 


Potential parameters rounded in accord. with their standart errors

rC  0  0  0  0  0  0  0  0  0  0  0  0   0   1.4204479    
rO  0  0  0  0  0  0  0  0  0  0  0  0   0  0.95729738    
rC  0  0  0  0  0  0  0  0  0  0  0  0   0   1.0883773    
aH  0  0  0  0  0  0  0  0  0  0  0  0   0   107.63555    
aH  0  0  0  0  0  0  0  0  0  0  0  0   0   108.45879    
a1  0  0  0  0  0  0  0  0  0  0  0  0   0   2.1689355    
a2  0  0  0  0  0  0  0  0  0  0  0  0   0   2.5727607    
b1  0  0  0  0  0  0  0  0  0  0  0  0   0   1.7826628    
Sa  0  0  0  0  0  0  0  0  0  0  0  0   9         0.0203260    (      19)
Sb  0  0  0  0  0  0  0  0  0  0  0  0   9        -0.0000328    (      27)
 f  0  0  0  0  0  0  0  0  0  0  0  0   9    -25373898.4816    (      28)
 f  2  0  0  0  0  0  0  0  0  0  0  0   0   29630.935    
 f  3  0  0  0  0  0  0  0  0  0  0  0   0   3609.5531    
 f  4  0  0  0  0  0  0  0  0  0  0  0   0   2936.7434    
 f  5  0  0  0  0  0  0  0  0  0  0  0   0   1758.1958    
 f  6  0  0  0  0  0  0  0  0  0  0  0   0   1197.6540    
 f  7  0  0  0  0  0  0  0  0  0  0  0   0   836.62376    
 f  8  0  0  0  0  0  0  0  0  0  0  0   0   328.29764    
 f  0  2  0  0  0  0  0  0  0  0  0  0   0   31940.404    
 f  0  3  0  0  0  0  0  0  0  0  0  0   0   2798.6004    
 f  0  4  0  0  0  0  0  0  0  0  0  0   0   3127.9108    
 f  0  5  0  0  0  0  0  0  0  0  0  0   0   1770.4250    
 f  0  6  0  0  0  0  0  0  0  0  0  0   0   1270.3114    
 f  0  7  0  0  0  0  0  0  0  0  0  0   0   999.77677    
 f  0  8  0  0  0  0  0  0  0  0  0  0   0   401.59578    
 f  0  0  0  1  0  0  0  0  0  0  0  1   0  -4299.9340    
 f  0  0  2  0  0  0  0  0  0  0  0  0   0   126760.59    
 f  0  0  0  2  0  0  0  0  0  0  0  1   0  -4884.8989    
 f  0  0  3  0  0  0  0  0  0  0  0  0   0  -10981.561    
 f  0  0  0  3  0  0  0  0  0  0  0  1   0  -3611.6366    
 f  0  0  4  0  0  0  0  0  0  0  0  0   0   9575.4468    
 f  0  0  0  4  0  0  0  0  0  0  0  1   0  -2414.2224    
 f  0  0  5  0  0  0  0  0  0  0  0  0   0   3164.5374    
 f  0  0  0  5  0  0  0  0  0  0  0  1   0  -1668.8932    
 f  0  0  6  0  0  0  0  0  0  0  0  0   0   2316.6308    
 f  0  0  0  6  0  0  0  0  0  0  0  1   0  -390.14501    
 f  0  0  7  0  0  0  0  0  0  0  0  0   0   918.47483    
 f  0  0  0  7  0  0  0  0  0  0  0  1   0   1101.8387    
 f  0  0  0  0  0  2  0  0  0  0  0  0   0   19879.256    
 f  0  0  0  0  0  3  0  0  0  0  0  0   0  -7717.8462    
 f  0  0  0  0  0  4  0  0  0  0  0  0   0  -1255.7682    
 f  0  0  0  0  0  5  0  0  0  0  0  0   0  -385.18552    
 f  0  0  0  0  0  6  0  0  0  0  0  0   0  -316.29071    
 f  0  0  0  0  0  7  0  0  0  0  0  0   0  -538.93797    
 f  0  0  0  0  0  8  0  0  0  0  0  0   0   683.57492    
 f  0  0  0  0  0  0  0  1  0  0  0  1   0  -20311.102    
 f  0  0  0  0  0  0  2  0  0  0  0  0   0   84720.614    
 f  0  0  0  0  0  0  0  2  0  0  0  1   0   4331.3363    
 f  0  0  0  0  0  0  3  0  0  0  0  0   0  -12556.030    
 f  0  0  0  0  0  0  0  3  0  0  0  1   0   701.06527    
 f  0  0  0  0  0  0  4  0  0  0  0  0   0   7636.6920    
 f  0  0  0  0  0  0  0  4  0  0  0  1   0  -3023.0924    
 f  0  0  0  0  0  0  5  0  0  0  0  0   0  -2028.4578    
 f  0  0  0  0  0  0  0  5  0  0  0  1   0   5867.7115    
 f  0  0  0  0  0  0  6  0  0  0  0  0   0  -2735.4923    
 f  0  0  0  0  0  0  0  6  0  0  0  1   0  -4290.2755    
 f  0  0  0  0  0  0  7  0  0  0  0  0   0   3125.8093    
 f  0  0  0  0  0  0  0  7  0  0  0  1   0   1627.5807    
 f  0  0  0  0  0  0  8  0  0  0  0  0   0  -2058.0226    
 f  0  0  0  0  0  0  0  8  0  0  0  1   0   365.58617    
 f  0  0  0  0  0  0  0  0  0  2  0  0   9          19705.92    (      39)
 f  0  0  0  0  0  0  0  0  0  2  0  1   9              87.0    (      12)
 f  0  0  0  0  0  0  0  0  0  1  2  0   8             5567.    (      11)
 h  0  0  0  0  0  0  0  0  0  2  1 -1   8             831.0    (      49)
 f  0  0  0  0  0  0  0  0  0  4  0  0   7              85.5    (      32)
 f  0  0  0  0  0  0  0  0  0  4  0  1   7            -146.0    (      80)
 f  0  0  0  0  0  0  0  0  0  5  0  0   6             -218.    (      23)
 h  0  0  0  0  0  0  0  0  0  4  1 -1   6               31.    (      12)
 f  0  0  0  0  0  0  0  0  0  4  2  0   5             -851.    (      27)
 f  0  0  0  0  0  0  0  0  0  2  4  0   5              145.    (      62)
 f  0  0  0  0  0  0  0  0  0  7  0  0   4             -42.3    (      96)
 f  0  0  0  0  0  0  0  0  0  8  0  0   3              65.4    (      26)
 f  0  0  0  0  0  0  0  0  0  8  0  1   3             -73.2    (      85)
------------------------------
*  FITTING OF THE POTENTIAL PARAMETERS TO AB INITIO DATA                        
*                                                                               
*  2016                                                                         
*  C2H6                                                                         
      rCOe                        0          1.42044790
      rOHe                        0          0.95729738
       rCH                        0          1.08837733
      aHOC                        0        107.63554843
      aHCO                        0        108.45879318
        a1                        0          2.16893551
        a2                        0          2.57276067
        b1                        0          1.78266276
        Sa                        9          0.02032603
        Sb                        9         -0.00003275
 f   0   0   0   0   0   0   0   0   0   0   0   0   9  -25373898.48160332
 f   2   0   0   0   0   0   0   0   0   0   0   0   0      29630.93506084
 f   3   0   0   0   0   0   0   0   0   0   0   0   0       3609.55313028
 f   4   0   0   0   0   0   0   0   0   0   0   0   0       2936.74337084
 f   5   0   0   0   0   0   0   0   0   0   0   0   0       1758.19577326
 f   6   0   0   0   0   0   0   0   0   0   0   0   0       1197.65403583
 f   7   0   0   0   0   0   0   0   0   0   0   0   0        836.62376208
 f   8   0   0   0   0   0   0   0   0   0   0   0   0        328.29764036
 f   0   2   0   0   0   0   0   0   0   0   0   0   0      31940.40375184
 f   0   3   0   0   0   0   0   0   0   0   0   0   0       2798.60039599
 f   0   4   0   0   0   0   0   0   0   0   0   0   0       3127.91077202
 f   0   5   0   0   0   0   0   0   0   0   0   0   0       1770.42495615
 f   0   6   0   0   0   0   0   0   0   0   0   0   0       1270.31144120
 f   0   7   0   0   0   0   0   0   0   0   0   0   0        999.77677247
 f   0   8   0   0   0   0   0   0   0   0   0   0   0        401.59578020
 f   0   0   0   1   0   0   0   0   0   0   0   1   0      -4299.93395817
 f   0   0   2   0   0   0   0   0   0   0   0   0   0     126760.59310067
 f   0   0   0   2   0   0   0   0   0   0   0   1   0      -4884.89892522
 f   0   0   3   0   0   0   0   0   0   0   0   0   0     -10981.56098501
 f   0   0   0   3   0   0   0   0   0   0   0   1   0      -3611.63662521
 f   0   0   4   0   0   0   0   0   0   0   0   0   0       9575.44675453
 f   0   0   0   4   0   0   0   0   0   0   0   1   0      -2414.22235117
 f   0   0   5   0   0   0   0   0   0   0   0   0   0       3164.53742562
 f   0   0   0   5   0   0   0   0   0   0   0   1   0      -1668.89316562
 f   0   0   6   0   0   0   0   0   0   0   0   0   0       2316.63076495
 f   0   0   0   6   0   0   0   0   0   0   0   1   0       -390.14500516
 f   0   0   7   0   0   0   0   0   0   0   0   0   0        918.47483332
 f   0   0   0   7   0   0   0   0   0   0   0   1   0       1101.83874779
 f   0   0   0   0   0   2   0   0   0   0   0   0   0      19879.25565582
 f   0   0   0   0   0   3   0   0   0   0   0   0   0      -7717.84616644
 f   0   0   0   0   0   4   0   0   0   0   0   0   0      -1255.76818289
 f   0   0   0   0   0   5   0   0   0   0   0   0   0       -385.18551517
 f   0   0   0   0   0   6   0   0   0   0   0   0   0       -316.29070980
 f   0   0   0   0   0   7   0   0   0   0   0   0   0       -538.93796837
 f   0   0   0   0   0   8   0   0   0   0   0   0   0        683.57491739
 f   0   0   0   0   0   0   0   1   0   0   0   1   0     -20311.10172955
 f   0   0   0   0   0   0   2   0   0   0   0   0   0      84720.61394282
 f   0   0   0   0   0   0   0   2   0   0   0   1   0       4331.33627200
 f   0   0   0   0   0   0   3   0   0   0   0   0   0     -12556.02967836
 f   0   0   0   0   0   0   0   3   0   0   0   1   0        701.06527137
 f   0   0   0   0   0   0   4   0   0   0   0   0   0       7636.69199844
 f   0   0   0   0   0   0   0   4   0   0   0   1   0      -3023.09243372
 f   0   0   0   0   0   0   5   0   0   0   0   0   0      -2028.45775182
 f   0   0   0   0   0   0   0   5   0   0   0   1   0       5867.71153691
 f   0   0   0   0   0   0   6   0   0   0   0   0   0      -2735.49233553
 f   0   0   0   0   0   0   0   6   0   0   0   1   0      -4290.27550626
 f   0   0   0   0   0   0   7   0   0   0   0   0   0       3125.80926126
 f   0   0   0   0   0   0   0   7   0   0   0   1   0       1627.58071442
 f   0   0   0   0   0   0   8   0   0   0   0   0   0      -2058.02261564
 f   0   0   0   0   0   0   0   8   0   0   0   1   0        365.58617151
 f   0   0   0   0   0   0   0   0   0   2   0   0   9      19705.92430317
 f   0   0   0   0   0   0   0   0   0   2   0   1   9         87.01604574
 f   0   0   0   0   0   0   0   0   0   1   2   0   8       5566.60740614
 h   0   0   0   0   0   0   0   0   0   2   1  -1   8        830.95458227
 f   0   0   0   0   0   0   0   0   0   4   0   0   7         85.45003239
 f   0   0   0   0   0   0   0   0   0   4   0   1   7       -146.01254121
 f   0   0   0   0   0   0   0   0   0   5   0   0   6       -218.12088625
 h   0   0   0   0   0   0   0   0   0   4   1  -1   6         31.41198611
 f   0   0   0   0   0   0   0   0   0   4   2   0   5       -850.92355727
 f   0   0   0   0   0   0   0   0   0   2   4   0   5        145.08176249
 f   0   0   0   0   0   0   0   0   0   7   0   0   4        -42.32828728
 f   0   0   0   0   0   0   0   0   0   8   0   0   3         65.37251261
 f   0   0   0   0   0   0   0   0   0   8   0   1   3        -73.24460936

Correlation coefficients larger than 0.9: 
          corr(   6,  10) =  0.9950763
          corr(   6,  13) =  0.9881638
          corr(   6,  14) =  0.9741336
          corr(   6,  16) =  0.9544276
          corr(   7,  11) =  0.9858399
          corr(   8,  15) =  0.9022687
          corr(   9,  12) =  0.9014835
          corr(  10,  13) =  0.9826268
          corr(  10,  14) =  0.9878666
          corr(  10,  16) =  0.9499061
          corr(  13,  14) =  0.9535527
          corr(  13,  16) =  0.9617567
          corr(  14,  16) =  0.9435952

               --------------------------------------------------------------------------------
               :     old parm   :     new parm   :  delta parm  :   std. err.  : sensitility
               --------------------------------------------------------------------------------
  1  Sa         :          0.02  :          0.02  :         0.000:         0.000:         0.000:!
  2  Sb         :         -0.00  :         -0.00  :         0.000:         0.000:         0.000:!
  3  f          :  -25373898.48  :  -25373898.48  :         0.000:         0.003:         0.000:!
  4  f          :      19705.92  :      19705.92  :        -0.000:         0.388:         0.000:!
  5  f          :         87.02  :         87.02  :         0.000:         1.200:         0.002:!
  6  f          :       5566.61  :       5566.61  :         0.000:        11.359:         0.001:!
  7  h          :        830.95  :        830.95  :         0.000:         4.944:         0.003:!
  8  f          :         85.45  :         85.45  :         0.000:         3.201:         0.001:!
  9  f          :       -146.01  :       -146.01  :         0.000:         7.955:         0.002:!
 10  f          :       -218.12  :       -218.12  :         0.000:        22.632:         0.001:!
 11  h          :         31.41  :         31.41  :        -0.000:        12.066:         0.013:!
 12  f          :       -850.92  :       -850.92  :         0.000:        27.238:         0.007:!
 13  f          :        145.08  :        145.08  :        -0.000:        62.097:         0.002:!
 14  f          :        -42.33  :        -42.33  :        -0.000:         9.575:         0.001:!
 15  f          :         65.37  :         65.37  :         0.000:         2.619:         0.001:!
 16  f          :        -73.24  :        -73.24  :         0.000:         8.533:         0.001:!
relat_sterr_min,ilow_sterr, tivar:    0.10000000D+21   -1    3
rCOe                               0          1.42044790
rOHe                               0          0.95729738
rCH                                0          1.08837733
aHOC                               0        107.63554843
aHCO                               0        108.45879318
a1                                 0          2.16893551
a2                                 0          2.57276067
b1                                 0          1.78266276
Sa                                 9          0.02032603
Sb                                 9         -0.00003275
 f   0   0   0   0   0   0   0   0   0   0   0   0   9  -25373898.48160332
 f   2   0   0   0   0   0   0   0   0   0   0   0   0      29630.93506084
 f   3   0   0   0   0   0   0   0   0   0   0   0   0       3609.55313028
 f   4   0   0   0   0   0   0   0   0   0   0   0   0       2936.74337084
 f   5   0   0   0   0   0   0   0   0   0   0   0   0       1758.19577326
 f   6   0   0   0   0   0   0   0   0   0   0   0   0       1197.65403583
 f   7   0   0   0   0   0   0   0   0   0   0   0   0        836.62376208
 f   8   0   0   0   0   0   0   0   0   0   0   0   0        328.29764036
 f   0   2   0   0   0   0   0   0   0   0   0   0   0      31940.40375184
 f   0   3   0   0   0   0   0   0   0   0   0   0   0       2798.60039599
 f   0   4   0   0   0   0   0   0   0   0   0   0   0       3127.91077202
 f   0   5   0   0   0   0   0   0   0   0   0   0   0       1770.42495615
 f   0   6   0   0   0   0   0   0   0   0   0   0   0       1270.31144120
 f   0   7   0   0   0   0   0   0   0   0   0   0   0        999.77677247
 f   0   8   0   0   0   0   0   0   0   0   0   0   0        401.59578020
 f   0   0   0   1   0   0   0   0   0   0   0   1   0      -4299.93395817
 f   0   0   2   0   0   0   0   0   0   0   0   0   0     126760.59310067
 f   0   0   0   2   0   0   0   0   0   0   0   1   0      -4884.89892522
 f   0   0   3   0   0   0   0   0   0   0   0   0   0     -10981.56098501
 f   0   0   0   3   0   0   0   0   0   0   0   1   0      -3611.63662521
 f   0   0   4   0   0   0   0   0   0   0   0   0   0       9575.44675453
 f   0   0   0   4   0   0   0   0   0   0   0   1   0      -2414.22235117
 f   0   0   5   0   0   0   0   0   0   0   0   0   0       3164.53742562
 f   0   0   0   5   0   0   0   0   0   0   0   1   0      -1668.89316562
 f   0   0   6   0   0   0   0   0   0   0   0   0   0       2316.63076495
 f   0   0   0   6   0   0   0   0   0   0   0   1   0       -390.14500516
 f   0   0   7   0   0   0   0   0   0   0   0   0   0        918.47483332
 f   0   0   0   7   0   0   0   0   0   0   0   1   0       1101.83874779
 f   0   0   0   0   0   2   0   0   0   0   0   0   0      19879.25565582
 f   0   0   0   0   0   3   0   0   0   0   0   0   0      -7717.84616644
 f   0   0   0   0   0   4   0   0   0   0   0   0   0      -1255.76818289
 f   0   0   0   0   0   5   0   0   0   0   0   0   0       -385.18551517
 f   0   0   0   0   0   6   0   0   0   0   0   0   0       -316.29070980
 f   0   0   0   0   0   7   0   0   0   0   0   0   0       -538.93796837
 f   0   0   0   0   0   8   0   0   0   0   0   0   0        683.57491739
 f   0   0   0   0   0   0   0   1   0   0   0   1   0     -20311.10172955
 f   0   0   0   0   0   0   2   0   0   0   0   0   0      84720.61394282
 f   0   0   0   0   0   0   0   2   0   0   0   1   0       4331.33627200
 f   0   0   0   0   0   0   3   0   0   0   0   0   0     -12556.02967836
 f   0   0   0   0   0   0   0   3   0   0   0   1   0        701.06527137
 f   0   0   0   0   0   0   4   0   0   0   0   0   0       7636.69199844
 f   0   0   0   0   0   0   0   4   0   0   0   1   0      -3023.09243372
 f   0   0   0   0   0   0   5   0   0   0   0   0   0      -2028.45775182
 f   0   0   0   0   0   0   0   5   0   0   0   1   0       5867.71153691
 f   0   0   0   0   0   0   6   0   0   0   0   0   0      -2735.49233553
 f   0   0   0   0   0   0   0   6   0   0   0   1   0      -4290.27550626
 f   0   0   0   0   0   0   7   0   0   0   0   0   0       3125.80926126
 f   0   0   0   0   0   0   0   7   0   0   0   1   0       1627.58071442
 f   0   0   0   0   0   0   8   0   0   0   0   0   0      -2058.02261564
 f   0   0   0   0   0   0   0   8   0   0   0   1   0        365.58617151
 f   0   0   0   0   0   0   0   0   0   2   0   0   9      19705.92430317
 f   0   0   0   0   0   0   0   0   0   2   0   1   9         87.01604574
 f   0   0   0   0   0   0   0   0   0   1   2   0   8       5566.60740614
 h   0   0   0   0   0   0   0   0   0   2   1  -1   8        830.95458227
 f   0   0   0   0   0   0   0   0   0   4   0   0   7         85.45003239
 f   0   0   0   0   0   0   0   0   0   4   0   1   7       -146.01254121
 f   0   0   0   0   0   0   0   0   0   5   0   0   6       -218.12088625
 h   0   0   0   0   0   0   0   0   0   4   1  -1   6         31.41198611
 f   0   0   0   0   0   0   0   0   0   4   2   0   5       -850.92355727
 f   0   0   0   0   0   0   0   0   0   2   4   0   5        145.08176249
 f   0   0   0   0   0   0   0   0   0   7   0   0   4        -42.32828728
 f   0   0   0   0   0   0   0   0   0   8   0   0   3         65.37251261
 f   0   0   0   0   0   0   0   0   0   8   0   1   3        -73.24460936
relat_sterr_min,ilow_sterr, tivar:    0.10000000D+21   -1    4
rCOe                               0          1.42044790
rOHe                               0          0.95729738
rCH                                0          1.08837733
aHOC                               0        107.63554843
aHCO                               0        108.45879318
a1                                 0          2.16893551
a2                                 0          2.57276067
b1                                 0          1.78266276
Sa                                 9          0.02032603
Sb                                 9         -0.00003275
 f   0   0   0   0   0   0   0   0   0   0   0   0   9  -25373898.48160332
 f   2   0   0   0   0   0   0   0   0   0   0   0   0      29630.93506084
 f   3   0   0   0   0   0   0   0   0   0   0   0   0       3609.55313028
 f   4   0   0   0   0   0   0   0   0   0   0   0   0       2936.74337084
 f   5   0   0   0   0   0   0   0   0   0   0   0   0       1758.19577326
 f   6   0   0   0   0   0   0   0   0   0   0   0   0       1197.65403583
 f   7   0   0   0   0   0   0   0   0   0   0   0   0        836.62376208
 f   8   0   0   0   0   0   0   0   0   0   0   0   0        328.29764036
 f   0   2   0   0   0   0   0   0   0   0   0   0   0      31940.40375184
 f   0   3   0   0   0   0   0   0   0   0   0   0   0       2798.60039599
 f   0   4   0   0   0   0   0   0   0   0   0   0   0       3127.91077202
 f   0   5   0   0   0   0   0   0   0   0   0   0   0       1770.42495615
 f   0   6   0   0   0   0   0   0   0   0   0   0   0       1270.31144120
 f   0   7   0   0   0   0   0   0   0   0   0   0   0        999.77677247
 f   0   8   0   0   0   0   0   0   0   0   0   0   0        401.59578020
 f   0   0   0   1   0   0   0   0   0   0   0   1   0      -4299.93395817
 f   0   0   2   0   0   0   0   0   0   0   0   0   0     126760.59310067
 f   0   0   0   2   0   0   0   0   0   0   0   1   0      -4884.89892522
 f   0   0   3   0   0   0   0   0   0   0   0   0   0     -10981.56098501
 f   0   0   0   3   0   0   0   0   0   0   0   1   0      -3611.63662521
 f   0   0   4   0   0   0   0   0   0   0   0   0   0       9575.44675453
 f   0   0   0   4   0   0   0   0   0   0   0   1   0      -2414.22235117
 f   0   0   5   0   0   0   0   0   0   0   0   0   0       3164.53742562
 f   0   0   0   5   0   0   0   0   0   0   0   1   0      -1668.89316562
 f   0   0   6   0   0   0   0   0   0   0   0   0   0       2316.63076495
 f   0   0   0   6   0   0   0   0   0   0   0   1   0       -390.14500516
 f   0   0   7   0   0   0   0   0   0   0   0   0   0        918.47483332
 f   0   0   0   7   0   0   0   0   0   0   0   1   0       1101.83874779
 f   0   0   0   0   0   2   0   0   0   0   0   0   0      19879.25565582
 f   0   0   0   0   0   3   0   0   0   0   0   0   0      -7717.84616644
 f   0   0   0   0   0   4   0   0   0   0   0   0   0      -1255.76818289
 f   0   0   0   0   0   5   0   0   0   0   0   0   0       -385.18551517
 f   0   0   0   0   0   6   0   0   0   0   0   0   0       -316.29070980
 f   0   0   0   0   0   7   0   0   0   0   0   0   0       -538.93796837
 f   0   0   0   0   0   8   0   0   0   0   0   0   0        683.57491739
 f   0   0   0   0   0   0   0   1   0   0   0   1   0     -20311.10172955
 f   0   0   0   0   0   0   2   0   0   0   0   0   0      84720.61394282
 f   0   0   0   0   0   0   0   2   0   0   0   1   0       4331.33627200
 f   0   0   0   0   0   0   3   0   0   0   0   0   0     -12556.02967836
 f   0   0   0   0   0   0   0   3   0   0   0   1   0        701.06527137
 f   0   0   0   0   0   0   4   0   0   0   0   0   0       7636.69199844
 f   0   0   0   0   0   0   0   4   0   0   0   1   0      -3023.09243372
 f   0   0   0   0   0   0   5   0   0   0   0   0   0      -2028.45775182
 f   0   0   0   0   0   0   0   5   0   0   0   1   0       5867.71153691
 f   0   0   0   0   0   0   6   0   0   0   0   0   0      -2735.49233553
 f   0   0   0   0   0   0   0   6   0   0   0   1   0      -4290.27550626
 f   0   0   0   0   0   0   7   0   0   0   0   0   0       3125.80926126
 f   0   0   0   0   0   0   0   7   0   0   0   1   0       1627.58071442
 f   0   0   0   0   0   0   8   0   0   0   0   0   0      -2058.02261564
 f   0   0   0   0   0   0   0   8   0   0   0   1   0        365.58617151
 f   0   0   0   0   0   0   0   0   0   2   0   0   9      19705.92430317
 f   0   0   0   0   0   0   0   0   0   2   0   1   9         87.01604574
 f   0   0   0   0   0   0   0   0   0   1   2   0   8       5566.60740614
 h   0   0   0   0   0   0   0   0   0   2   1  -1   8        830.95458227
 f   0   0   0   0   0   0   0   0   0   4   0   0   7         85.45003239
 f   0   0   0   0   0   0   0   0   0   4   0   1   7       -146.01254121
 f   0   0   0   0   0   0   0   0   0   5   0   0   6       -218.12088625
 h   0   0   0   0   0   0   0   0   0   4   1  -1   6         31.41198611
 f   0   0   0   0   0   0   0   0   0   4   2   0   5       -850.92355727
 f   0   0   0   0   0   0   0   0   0   2   4   0   5        145.08176249
 f   0   0   0   0   0   0   0   0   0   7   0   0   4        -42.32828728
 f   0   0   0   0   0   0   0   0   0   8   0   0   3         65.37251261
 f   0   0   0   0   0   0   0   0   0   8   0   1   3        -73.24460936
relat_sterr_min,ilow_sterr, tivar:    0.10000000D+21   -1    5
rCOe                               0          1.42044790
rOHe                               0          0.95729738
rCH                                0          1.08837733
aHOC                               0        107.63554843
aHCO                               0        108.45879318
a1                                 0          2.16893551
a2                                 0          2.57276067
b1                                 0          1.78266276
Sa                                 9          0.02032603
Sb                                 9         -0.00003275
 f   0   0   0   0   0   0   0   0   0   0   0   0   9  -25373898.48160332
 f   2   0   0   0   0   0   0   0   0   0   0   0   0      29630.93506084
 f   3   0   0   0   0   0   0   0   0   0   0   0   0       3609.55313028
 f   4   0   0   0   0   0   0   0   0   0   0   0   0       2936.74337084
 f   5   0   0   0   0   0   0   0   0   0   0   0   0       1758.19577326
 f   6   0   0   0   0   0   0   0   0   0   0   0   0       1197.65403583
 f   7   0   0   0   0   0   0   0   0   0   0   0   0        836.62376208
 f   8   0   0   0   0   0   0   0   0   0   0   0   0        328.29764036
 f   0   2   0   0   0   0   0   0   0   0   0   0   0      31940.40375184
 f   0   3   0   0   0   0   0   0   0   0   0   0   0       2798.60039599
 f   0   4   0   0   0   0   0   0   0   0   0   0   0       3127.91077202
 f   0   5   0   0   0   0   0   0   0   0   0   0   0       1770.42495615
 f   0   6   0   0   0   0   0   0   0   0   0   0   0       1270.31144120
 f   0   7   0   0   0   0   0   0   0   0   0   0   0        999.77677247
 f   0   8   0   0   0   0   0   0   0   0   0   0   0        401.59578020
 f   0   0   0   1   0   0   0   0   0   0   0   1   0      -4299.93395817
 f   0   0   2   0   0   0   0   0   0   0   0   0   0     126760.59310067
 f   0   0   0   2   0   0   0   0   0   0   0   1   0      -4884.89892522
 f   0   0   3   0   0   0   0   0   0   0   0   0   0     -10981.56098501
 f   0   0   0   3   0   0   0   0   0   0   0   1   0      -3611.63662521
 f   0   0   4   0   0   0   0   0   0   0   0   0   0       9575.44675453
 f   0   0   0   4   0   0   0   0   0   0   0   1   0      -2414.22235117
 f   0   0   5   0   0   0   0   0   0   0   0   0   0       3164.53742562
 f   0   0   0   5   0   0   0   0   0   0   0   1   0      -1668.89316562
 f   0   0   6   0   0   0   0   0   0   0   0   0   0       2316.63076495
 f   0   0   0   6   0   0   0   0   0   0   0   1   0       -390.14500516
 f   0   0   7   0   0   0   0   0   0   0   0   0   0        918.47483332
 f   0   0   0   7   0   0   0   0   0   0   0   1   0       1101.83874779
 f   0   0   0   0   0   2   0   0   0   0   0   0   0      19879.25565582
 f   0   0   0   0   0   3   0   0   0   0   0   0   0      -7717.84616644
 f   0   0   0   0   0   4   0   0   0   0   0   0   0      -1255.76818289
 f   0   0   0   0   0   5   0   0   0   0   0   0   0       -385.18551517
 f   0   0   0   0   0   6   0   0   0   0   0   0   0       -316.29070980
 f   0   0   0   0   0   7   0   0   0   0   0   0   0       -538.93796837
 f   0   0   0   0   0   8   0   0   0   0   0   0   0        683.57491739
 f   0   0   0   0   0   0   0   1   0   0   0   1   0     -20311.10172955
 f   0   0   0   0   0   0   2   0   0   0   0   0   0      84720.61394282
 f   0   0   0   0   0   0   0   2   0   0   0   1   0       4331.33627200
 f   0   0   0   0   0   0   3   0   0   0   0   0   0     -12556.02967836
 f   0   0   0   0   0   0   0   3   0   0   0   1   0        701.06527137
 f   0   0   0   0   0   0   4   0   0   0   0   0   0       7636.69199844
 f   0   0   0   0   0   0   0   4   0   0   0   1   0      -3023.09243372
 f   0   0   0   0   0   0   5   0   0   0   0   0   0      -2028.45775182
 f   0   0   0   0   0   0   0   5   0   0   0   1   0       5867.71153691
 f   0   0   0   0   0   0   6   0   0   0   0   0   0      -2735.49233553
 f   0   0   0   0   0   0   0   6   0   0   0   1   0      -4290.27550626
 f   0   0   0   0   0   0   7   0   0   0   0   0   0       3125.80926126
 f   0   0   0   0   0   0   0   7   0   0   0   1   0       1627.58071442
 f   0   0   0   0   0   0   8   0   0   0   0   0   0      -2058.02261564
 f   0   0   0   0   0   0   0   8   0   0   0   1   0        365.58617151
 f   0   0   0   0   0   0   0   0   0   2   0   0   9      19705.92430317
 f   0   0   0   0   0   0   0   0   0   2   0   1   9         87.01604574
 f   0   0   0   0   0   0   0   0   0   1   2   0   8       5566.60740614
 h   0   0   0   0   0   0   0   0   0   2   1  -1   8        830.95458227
 f   0   0   0   0   0   0   0   0   0   4   0   0   7         85.45003239
 f   0   0   0   0   0   0   0   0   0   4   0   1   7       -146.01254121
 f   0   0   0   0   0   0   0   0   0   5   0   0   6       -218.12088625
 h   0   0   0   0   0   0   0   0   0   4   1  -1   6         31.41198611
 f   0   0   0   0   0   0   0   0   0   4   2   0   5       -850.92355727
 f   0   0   0   0   0   0   0   0   0   2   4   0   5        145.08176249
 f   0   0   0   0   0   0   0   0   0   7   0   0   4        -42.32828728
 f   0   0   0   0   0   0   0   0   0   8   0   0   3         65.37251261
 f   0   0   0   0   0   0   0   0   0   8   0   1   3        -73.24460936
relat_sterr_min,ilow_sterr, tivar:    0.10000000D+21   -1    6
rCOe                               0          1.42044790
rOHe                               0          0.95729738
rCH                                0          1.08837733
aHOC                               0        107.63554843
aHCO                               0        108.45879318
a1                                 0          2.16893551
a2                                 0          2.57276067
b1                                 0          1.78266276
Sa                                 9          0.02032603
Sb                                 9         -0.00003275
 f   0   0   0   0   0   0   0   0   0   0   0   0   9  -25373898.48160332
 f   2   0   0   0   0   0   0   0   0   0   0   0   0      29630.93506084
 f   3   0   0   0   0   0   0   0   0   0   0   0   0       3609.55313028
 f   4   0   0   0   0   0   0   0   0   0   0   0   0       2936.74337084
 f   5   0   0   0   0   0   0   0   0   0   0   0   0       1758.19577326
 f   6   0   0   0   0   0   0   0   0   0   0   0   0       1197.65403583
 f   7   0   0   0   0   0   0   0   0   0   0   0   0        836.62376208
 f   8   0   0   0   0   0   0   0   0   0   0   0   0        328.29764036
 f   0   2   0   0   0   0   0   0   0   0   0   0   0      31940.40375184
 f   0   3   0   0   0   0   0   0   0   0   0   0   0       2798.60039599
 f   0   4   0   0   0   0   0   0   0   0   0   0   0       3127.91077202
 f   0   5   0   0   0   0   0   0   0   0   0   0   0       1770.42495615
 f   0   6   0   0   0   0   0   0   0   0   0   0   0       1270.31144120
 f   0   7   0   0   0   0   0   0   0   0   0   0   0        999.77677247
 f   0   8   0   0   0   0   0   0   0   0   0   0   0        401.59578020
 f   0   0   0   1   0   0   0   0   0   0   0   1   0      -4299.93395817
 f   0   0   2   0   0   0   0   0   0   0   0   0   0     126760.59310067
 f   0   0   0   2   0   0   0   0   0   0   0   1   0      -4884.89892522
 f   0   0   3   0   0   0   0   0   0   0   0   0   0     -10981.56098501
 f   0   0   0   3   0   0   0   0   0   0   0   1   0      -3611.63662521
 f   0   0   4   0   0   0   0   0   0   0   0   0   0       9575.44675453
 f   0   0   0   4   0   0   0   0   0   0   0   1   0      -2414.22235117
 f   0   0   5   0   0   0   0   0   0   0   0   0   0       3164.53742562
 f   0   0   0   5   0   0   0   0   0   0   0   1   0      -1668.89316562
 f   0   0   6   0   0   0   0   0   0   0   0   0   0       2316.63076495
 f   0   0   0   6   0   0   0   0   0   0   0   1   0       -390.14500516
 f   0   0   7   0   0   0   0   0   0   0   0   0   0        918.47483332
 f   0   0   0   7   0   0   0   0   0   0   0   1   0       1101.83874779
 f   0   0   0   0   0   2   0   0   0   0   0   0   0      19879.25565582
 f   0   0   0   0   0   3   0   0   0   0   0   0   0      -7717.84616644
 f   0   0   0   0   0   4   0   0   0   0   0   0   0      -1255.76818289
 f   0   0   0   0   0   5   0   0   0   0   0   0   0       -385.18551517
 f   0   0   0   0   0   6   0   0   0   0   0   0   0       -316.29070980
 f   0   0   0   0   0   7   0   0   0   0   0   0   0       -538.93796837
 f   0   0   0   0   0   8   0   0   0   0   0   0   0        683.57491739
 f   0   0   0   0   0   0   0   1   0   0   0   1   0     -20311.10172955
 f   0   0   0   0   0   0   2   0   0   0   0   0   0      84720.61394282
 f   0   0   0   0   0   0   0   2   0   0   0   1   0       4331.33627200
 f   0   0   0   0   0   0   3   0   0   0   0   0   0     -12556.02967836
 f   0   0   0   0   0   0   0   3   0   0   0   1   0        701.06527137
 f   0   0   0   0   0   0   4   0   0   0   0   0   0       7636.69199844
 f   0   0   0   0   0   0   0   4   0   0   0   1   0      -3023.09243372
 f   0   0   0   0   0   0   5   0   0   0   0   0   0      -2028.45775182
 f   0   0   0   0   0   0   0   5   0   0   0   1   0       5867.71153691
 f   0   0   0   0   0   0   6   0   0   0   0   0   0      -2735.49233553
 f   0   0   0   0   0   0   0   6   0   0   0   1   0      -4290.27550626
 f   0   0   0   0   0   0   7   0   0   0   0   0   0       3125.80926126
 f   0   0   0   0   0   0   0   7   0   0   0   1   0       1627.58071442
 f   0   0   0   0   0   0   8   0   0   0   0   0   0      -2058.02261564
 f   0   0   0   0   0   0   0   8   0   0   0   1   0        365.58617151
 f   0   0   0   0   0   0   0   0   0   2   0   0   9      19705.92430317
 f   0   0   0   0   0   0   0   0   0   2   0   1   9         87.01604574
 f   0   0   0   0   0   0   0   0   0   1   2   0   8       5566.60740614
 h   0   0   0   0   0   0   0   0   0   2   1  -1   8        830.95458227
 f   0   0   0   0   0   0   0   0   0   4   0   0   7         85.45003239
 f   0   0   0   0   0   0   0   0   0   4   0   1   7       -146.01254121
 f   0   0   0   0   0   0   0   0   0   5   0   0   6       -218.12088625
 h   0   0   0   0   0   0   0   0   0   4   1  -1   6         31.41198611
 f   0   0   0   0   0   0   0   0   0   4   2   0   5       -850.92355727
 f   0   0   0   0   0   0   0   0   0   2   4   0   5        145.08176249
 f   0   0   0   0   0   0   0   0   0   7   0   0   4        -42.32828728
 f   0   0   0   0   0   0   0   0   0   8   0   0   3         65.37251261
 f   0   0   0   0   0   0   0   0   0   8   0   1   3        -73.24460936
relat_sterr_min,ilow_sterr, tivar:    0.10000000D+21   -1    7
rCOe                               0          1.42044790
rOHe                               0          0.95729738
rCH                                0          1.08837733
aHOC                               0        107.63554843
aHCO                               0        108.45879318
a1                                 0          2.16893551
a2                                 0          2.57276067
b1                                 0          1.78266276
Sa                                 9          0.02032603
Sb                                 9         -0.00003275
 f   0   0   0   0   0   0   0   0   0   0   0   0   9  -25373898.48160332
 f   2   0   0   0   0   0   0   0   0   0   0   0   0      29630.93506084
 f   3   0   0   0   0   0   0   0   0   0   0   0   0       3609.55313028
 f   4   0   0   0   0   0   0   0   0   0   0   0   0       2936.74337084
 f   5   0   0   0   0   0   0   0   0   0   0   0   0       1758.19577326
 f   6   0   0   0   0   0   0   0   0   0   0   0   0       1197.65403583
 f   7   0   0   0   0   0   0   0   0   0   0   0   0        836.62376208
 f   8   0   0   0   0   0   0   0   0   0   0   0   0        328.29764036
 f   0   2   0   0   0   0   0   0   0   0   0   0   0      31940.40375184
 f   0   3   0   0   0   0   0   0   0   0   0   0   0       2798.60039599
 f   0   4   0   0   0   0   0   0   0   0   0   0   0       3127.91077202
 f   0   5   0   0   0   0   0   0   0   0   0   0   0       1770.42495615
 f   0   6   0   0   0   0   0   0   0   0   0   0   0       1270.31144120
 f   0   7   0   0   0   0   0   0   0   0   0   0   0        999.77677247
 f   0   8   0   0   0   0   0   0   0   0   0   0   0        401.59578020
 f   0   0   0   1   0   0   0   0   0   0   0   1   0      -4299.93395817
 f   0   0   2   0   0   0   0   0   0   0   0   0   0     126760.59310067
 f   0   0   0   2   0   0   0   0   0   0   0   1   0      -4884.89892522
 f   0   0   3   0   0   0   0   0   0   0   0   0   0     -10981.56098501
 f   0   0   0   3   0   0   0   0   0   0   0   1   0      -3611.63662521
 f   0   0   4   0   0   0   0   0   0   0   0   0   0       9575.44675453
 f   0   0   0   4   0   0   0   0   0   0   0   1   0      -2414.22235117
 f   0   0   5   0   0   0   0   0   0   0   0   0   0       3164.53742562
 f   0   0   0   5   0   0   0   0   0   0   0   1   0      -1668.89316562
 f   0   0   6   0   0   0   0   0   0   0   0   0   0       2316.63076495
 f   0   0   0   6   0   0   0   0   0   0   0   1   0       -390.14500516
 f   0   0   7   0   0   0   0   0   0   0   0   0   0        918.47483332
 f   0   0   0   7   0   0   0   0   0   0   0   1   0       1101.83874779
 f   0   0   0   0   0   2   0   0   0   0   0   0   0      19879.25565582
 f   0   0   0   0   0   3   0   0   0   0   0   0   0      -7717.84616644
 f   0   0   0   0   0   4   0   0   0   0   0   0   0      -1255.76818289
 f   0   0   0   0   0   5   0   0   0   0   0   0   0       -385.18551517
 f   0   0   0   0   0   6   0   0   0   0   0   0   0       -316.29070980
 f   0   0   0   0   0   7   0   0   0   0   0   0   0       -538.93796837
 f   0   0   0   0   0   8   0   0   0   0   0   0   0        683.57491739
 f   0   0   0   0   0   0   0   1   0   0   0   1   0     -20311.10172955
 f   0   0   0   0   0   0   2   0   0   0   0   0   0      84720.61394282
 f   0   0   0   0   0   0   0   2   0   0   0   1   0       4331.33627200
 f   0   0   0   0   0   0   3   0   0   0   0   0   0     -12556.02967836
 f   0   0   0   0   0   0   0   3   0   0   0   1   0        701.06527137
 f   0   0   0   0   0   0   4   0   0   0   0   0   0       7636.69199844
 f   0   0   0   0   0   0   0   4   0   0   0   1   0      -3023.09243372
 f   0   0   0   0   0   0   5   0   0   0   0   0   0      -2028.45775182
 f   0   0   0   0   0   0   0   5   0   0   0   1   0       5867.71153691
 f   0   0   0   0   0   0   6   0   0   0   0   0   0      -2735.49233553
 f   0   0   0   0   0   0   0   6   0   0   0   1   0      -4290.27550626
 f   0   0   0   0   0   0   7   0   0   0   0   0   0       3125.80926126
 f   0   0   0   0   0   0   0   7   0   0   0   1   0       1627.58071442
 f   0   0   0   0   0   0   8   0   0   0   0   0   0      -2058.02261564
 f   0   0   0   0   0   0   0   8   0   0   0   1   0        365.58617151
 f   0   0   0   0   0   0   0   0   0   2   0   0   9      19705.92430317
 f   0   0   0   0   0   0   0   0   0   2   0   1   9         87.01604574
 f   0   0   0   0   0   0   0   0   0   1   2   0   8       5566.60740614
 h   0   0   0   0   0   0   0   0   0   2   1  -1   8        830.95458227
 f   0   0   0   0   0   0   0   0   0   4   0   0   7         85.45003239
 f   0   0   0   0   0   0   0   0   0   4   0   1   7       -146.01254121
 f   0   0   0   0   0   0   0   0   0   5   0   0   6       -218.12088625
 h   0   0   0   0   0   0   0   0   0   4   1  -1   6         31.41198611
 f   0   0   0   0   0   0   0   0   0   4   2   0   5       -850.92355727
 f   0   0   0   0   0   0   0   0   0   2   4   0   5        145.08176249
 f   0   0   0   0   0   0   0   0   0   7   0   0   4        -42.32828728
 f   0   0   0   0   0   0   0   0   0   8   0   0   3         65.37251261
 f   0   0   0   0   0   0   0   0   0   8   0   1   3        -73.24460936
relat_sterr_min,ilow_sterr, tivar:    0.10000000D+21   -1    8
rCOe                               0          1.42044790
rOHe                               0          0.95729738
rCH                                0          1.08837733
aHOC                               0        107.63554843
aHCO                               0        108.45879318
a1                                 0          2.16893551
a2                                 0          2.57276067
b1                                 0          1.78266276
Sa                                 9          0.02032603
Sb                                 9         -0.00003275
 f   0   0   0   0   0   0   0   0   0   0   0   0   9  -25373898.48160332
 f   2   0   0   0   0   0   0   0   0   0   0   0   0      29630.93506084
 f   3   0   0   0   0   0   0   0   0   0   0   0   0       3609.55313028
 f   4   0   0   0   0   0   0   0   0   0   0   0   0       2936.74337084
 f   5   0   0   0   0   0   0   0   0   0   0   0   0       1758.19577326
 f   6   0   0   0   0   0   0   0   0   0   0   0   0       1197.65403583
 f   7   0   0   0   0   0   0   0   0   0   0   0   0        836.62376208
 f   8   0   0   0   0   0   0   0   0   0   0   0   0        328.29764036
 f   0   2   0   0   0   0   0   0   0   0   0   0   0      31940.40375184
 f   0   3   0   0   0   0   0   0   0   0   0   0   0       2798.60039599
 f   0   4   0   0   0   0   0   0   0   0   0   0   0       3127.91077202
 f   0   5   0   0   0   0   0   0   0   0   0   0   0       1770.42495615
 f   0   6   0   0   0   0   0   0   0   0   0   0   0       1270.31144120
 f   0   7   0   0   0   0   0   0   0   0   0   0   0        999.77677247
 f   0   8   0   0   0   0   0   0   0   0   0   0   0        401.59578020
 f   0   0   0   1   0   0   0   0   0   0   0   1   0      -4299.93395817
 f   0   0   2   0   0   0   0   0   0   0   0   0   0     126760.59310067
 f   0   0   0   2   0   0   0   0   0   0   0   1   0      -4884.89892522
 f   0   0   3   0   0   0   0   0   0   0   0   0   0     -10981.56098501
 f   0   0   0   3   0   0   0   0   0   0   0   1   0      -3611.63662521
 f   0   0   4   0   0   0   0   0   0   0   0   0   0       9575.44675453
 f   0   0   0   4   0   0   0   0   0   0   0   1   0      -2414.22235117
 f   0   0   5   0   0   0   0   0   0   0   0   0   0       3164.53742562
 f   0   0   0   5   0   0   0   0   0   0   0   1   0      -1668.89316562
 f   0   0   6   0   0   0   0   0   0   0   0   0   0       2316.63076495
 f   0   0   0   6   0   0   0   0   0   0   0   1   0       -390.14500516
 f   0   0   7   0   0   0   0   0   0   0   0   0   0        918.47483332
 f   0   0   0   7   0   0   0   0   0   0   0   1   0       1101.83874779
 f   0   0   0   0   0   2   0   0   0   0   0   0   0      19879.25565582
 f   0   0   0   0   0   3   0   0   0   0   0   0   0      -7717.84616644
 f   0   0   0   0   0   4   0   0   0   0   0   0   0      -1255.76818289
 f   0   0   0   0   0   5   0   0   0   0   0   0   0       -385.18551517
 f   0   0   0   0   0   6   0   0   0   0   0   0   0       -316.29070980
 f   0   0   0   0   0   7   0   0   0   0   0   0   0       -538.93796837
 f   0   0   0   0   0   8   0   0   0   0   0   0   0        683.57491739
 f   0   0   0   0   0   0   0   1   0   0   0   1   0     -20311.10172955
 f   0   0   0   0   0   0   2   0   0   0   0   0   0      84720.61394282
 f   0   0   0   0   0   0   0   2   0   0   0   1   0       4331.33627200
 f   0   0   0   0   0   0   3   0   0   0   0   0   0     -12556.02967836
 f   0   0   0   0   0   0   0   3   0   0   0   1   0        701.06527137
 f   0   0   0   0   0   0   4   0   0   0   0   0   0       7636.69199844
 f   0   0   0   0   0   0   0   4   0   0   0   1   0      -3023.09243372
 f   0   0   0   0   0   0   5   0   0   0   0   0   0      -2028.45775182
 f   0   0   0   0   0   0   0   5   0   0   0   1   0       5867.71153691
 f   0   0   0   0   0   0   6   0   0   0   0   0   0      -2735.49233553
 f   0   0   0   0   0   0   0   6   0   0   0   1   0      -4290.27550626
 f   0   0   0   0   0   0   7   0   0   0   0   0   0       3125.80926126
 f   0   0   0   0   0   0   0   7   0   0   0   1   0       1627.58071442
 f   0   0   0   0   0   0   8   0   0   0   0   0   0      -2058.02261564
 f   0   0   0   0   0   0   0   8   0   0   0   1   0        365.58617151
 f   0   0   0   0   0   0   0   0   0   2   0   0   9      19705.92430317
 f   0   0   0   0   0   0   0   0   0   2   0   1   9         87.01604574
 f   0   0   0   0   0   0   0   0   0   1   2   0   8       5566.60740614
 h   0   0   0   0   0   0   0   0   0   2   1  -1   8        830.95458227
 f   0   0   0   0   0   0   0   0   0   4   0   0   7         85.45003239
 f   0   0   0   0   0   0   0   0   0   4   0   1   7       -146.01254121
 f   0   0   0   0   0   0   0   0   0   5   0   0   6       -218.12088625
 h   0   0   0   0   0   0   0   0   0   4   1  -1   6         31.41198611
 f   0   0   0   0   0   0   0   0   0   4   2   0   5       -850.92355727
 f   0   0   0   0   0   0   0   0   0   2   4   0   5        145.08176249
 f   0   0   0   0   0   0   0   0   0   7   0   0   4        -42.32828728
 f   0   0   0   0   0   0   0   0   0   8   0   0   3         65.37251261
 f   0   0   0   0   0   0   0   0   0   8   0   1   3        -73.24460936

   ------------------------------------------------------------------
   |   iter  |  points |    deviat     |     rms       |  stability  |
   ------------------------------------------------------------------

   -----------------------------------------------------------
   |  param  |  points |   deviat    |    rms      | stability |
   -----------------------------------------------------------
   |    16   |     35  |   0.10262E-01 |  0.11637E+04  |    0.977E-08 |

############################################################################################
