************************************************************************************************************************************
 ************************************************************************************************************************************
 ************************************************************************************************************************************
 ****************                                                                                                    ****************
 ****************          *  FITTING OF THE POTENTIAL PARAMETERS TO AB INITIO DATA                                  ****************
 ****************          *                                                                                         ****************
 ****************          *  2016                                                                                   ****************
 ****************          *  C2H6                                                                                   ****************

 ****************                                                                                                    ****************
 ************************************************************************************************************************************
 ************************************************************************************************************************************
 ************************************************************************************************************************************
 
        12 <= number of degrees of freedom
         5 <= number of bonds
         7 <= number of bond angles
        20 <= number of iterations in the fit
  0.000000 <= The fit is over if the stability is reached 
  0.000010 <= The fit is over if the st.dev. best is reached 
  1.000000 <= sterr parameter out 
  0.000010 <= stdev parameter out 
         1 <= watson robust on (1) or of (0) 
        10 <= number of non-linear parameters
 parameters of structure 
rCOe      =           1.420
rOHe      =           0.957
rCH       =           1.088
aHOC      =         107.636
aHCO      =         108.459
a1        =           2.169
a2        =           2.573
b1        =           1.783
Sa        =          -0.010
Sb        =           0.018
Lowest energy = -115.611863    

   ------------------------------------------------------------------
   |   iter  |  points |    deviat     |     rms       |  stability  |
   ------------------------------------------------------------------
   |     1   |    170  |   0.17081E+01 |  0.16374E+03  |   0.907E+08 |
   |     2   |    170  |   0.73851E+01 |  0.60478E+01  |   0.134E+02 |
   |     3   |    170  |   0.33625E-01 |  0.70297E+01  |   0.181E+03 |
   |     4   |    170  |   0.21270E-01 |  0.41171E+01  |   0.976E+00 |
   |     5   |    170  |   0.15514E-01 |  0.71235E+01  |   0.371E+00 |
   |     6   |    170  |   0.15514E-01 |  0.71220E+01  |   0.193E-03 |
   |     7   |    170  |   0.15514E-01 |  0.71235E+01  |   0.851E-08 |
   |     8   |    170  |   0.15514E-01 |  0.71235E+01  |   0.186E-06 |
   |     9   |    170  |   0.15514E-01 |  0.71235E+01  |   0.416E-08 |
   |    10   |    170  |   0.15514E-01 |  0.71235E+01  |   0.144E-07 |
   |    11   |    170  |   0.15514E-01 |  0.71235E+01  |   0.840E-08 |
   |    12   |    170  |   0.15514E-01 |  0.71235E+01  |   0.170E-07 |
   |    13   |    170  |   0.15514E-01 |  0.71235E+01  |   0.166E-07 |
   |    14   |    170  |   0.15514E-01 |  0.71235E+01  |   0.958E-08 |
   |    15   |    170  |   0.15514E-01 |  0.71235E+01  |   0.243E-09 |
   |    16   |    170  |   0.15514E-01 |  0.71235E+01  |   0.811E-09 |
   |    17   |    170  |   0.15514E-01 |  0.71235E+01  |   0.261E-08 |
   |    18   |    170  |   0.15514E-01 |  0.71235E+01  |   0.107E-07 |
   |    19   |    170  |   0.15514E-01 |  0.71235E+01  |   0.760E-08 |
   |    20   |    170  |   0.15514E-01 |  0.71235E+01  |   0.208E-08 |
   |    21   |    170  |   0.15514E-01 |  0.71235E+01  |   0.120E-07 |

Watson Alpha parameter  0.1000 fitted with rms2 = 


Potential parameters rounded in accord. with their standart errors

rC  0  0  0  0  0  0  0  0  0  0  0  0   9        1.42044790    (      66)
rO  0  0  0  0  0  0  0  0  0  0  0  0   9        0.95729738    (      49)
rC  0  0  0  0  0  0  0  0  0  0  0  0   9        1.08837733    (      46)
aH  0  0  0  0  0  0  0  0  0  0  0  0   9        107.635559    (      85)
aH  0  0  0  0  0  0  0  0  0  0  0  0   9        108.918878    (      48)
a1  0  0  0  0  0  0  0  0  0  0  0  0   0   2.1689355    
a2  0  0  0  0  0  0  0  0  0  0  0  0   0   2.5727607    
b1  0  0  0  0  0  0  0  0  0  0  0  0   0   1.7826628    
Sa  0  0  0  0  0  0  0  0  0  0  0  0   9        -0.0101647    (      48)
Sb  0  0  0  0  0  0  0  0  0  0  0  0   9         0.0176378    (      24)
 f  0  0  0  0  0  0  0  0  0  0  0  0   9    -25373735.3784    (      50)
 f  0  0  0  0  0  0  0  0  0  0  0  3   9          128.4753    (      48)
 f  0  0  0  0  0  0  0  0  0  0  0  6   9            0.6412    (      50)
 f  0  0  0  0  0  0  0  0  0  0  0  9   9            0.0012    (      48)
 f  0  0  0  0  0  0  0  0  0  0  0 12   9            0.0003    (      50)
 f  0  0  0  0  0  0  0  0  0  0  0 18   9           -0.0008    (      50)
 f  2  0  0  0  0  0  0  0  0  0  0  0   9          29630.95    (      35)
 f  3  0  0  0  0  0  0  0  0  0  0  0   9            3609.5    (      25)
 f  4  0  0  0  0  0  0  0  0  0  0  0   9            2936.6    (      57)
 f  5  0  0  0  0  0  0  0  0  0  0  0   9             1758.    (      21)
 f  6  0  0  0  0  0  0  0  0  0  0  0   9             1198.    (      33)
 f  7  0  0  0  0  0  0  0  0  0  0  0   9              837.    (      53)
 f  8  0  0  0  0  0  0  0  0  0  0  0   9              328.    (      71)
 f  0  2  0  0  0  0  0  0  0  0  0  0   9          31940.39    (      44)
 f  0  3  0  0  0  0  0  0  0  0  0  0   9            2798.6    (      19)
 f  0  4  0  0  0  0  0  0  0  0  0  0   9            3128.0    (      69)
 f  0  5  0  0  0  0  0  0  0  0  0  0   9             1770.    (      15)
 f  0  6  0  0  0  0  0  0  0  0  0  0   9             1270.    (      32)
 f  0  7  0  0  0  0  0  0  0  0  0  0   9             1000.    (      35)
 f  0  8  0  0  0  0  0  0  0  0  0  0   9              402.    (      41)
 f  0  0  0  1  0  0  0  0  0  0  0  1   9          -4299.93    (      51)
 f  0  0  2  0  0  0  0  0  0  0  0  0   9         126760.87    (     100)
 f  0  0  0  2  0  0  0  0  0  0  0  1   9           -4884.9    (      22)
 f  0  0  3  0  0  0  0  0  0  0  0  0   9          -10981.7    (      79)
 f  0  0  0  3  0  0  0  0  0  0  0  1   9            -3612.    (      18)
 f  0  0  4  0  0  0  0  0  0  0  0  0   9             9572.    (      18)
 f  0  0  0  4  0  0  0  0  0  0  0  1   9            -2414.    (      43)
 f  0  0  5  0  0  0  0  0  0  0  0  0   9             3166.    (      92)
 f  0  0  0  5  0  0  0  0  0  0  0  1   9            -1664.    (     206)
 f  0  0  6  0  0  0  0  0  0  0  0  0   9             2329.    (      74)
 f  0  0  0  6  0  0  0  0  0  0  0  1   9             -392.    (     176)
 f  0  0  7  0  0  0  0  0  0  0  0  0   9              912.    (     313)
 f  0  0  0  7  0  0  0  0  0  0  0  1   9             1086.    (     687)
 f  0  0  0  0  0  2  0  0  0  0  0  0   9          19878.96    (      38)
 f  0  0  0  0  0  3  0  0  0  0  0  0   9           -7716.9    (      15)
 f  0  0  0  0  0  4  0  0  0  0  0  0   9           -1254.5    (      49)
 f  0  0  0  0  0  5  0  0  0  0  0  0   9             -397.    (      13)
 f  0  0  0  0  0  6  0  0  0  0  0  0   9             -310.    (      18)
 f  0  0  0  0  0  7  0  0  0  0  0  0   9             -509.    (      31)
 f  0  0  0  0  0  8  0  0  0  0  0  0   9              654.    (      32)
 f  0  0  0  0  0  0  0  1  0  0  0  1   9         -15266.13    (      35)
 f  0  0  0  0  0  0  2  0  0  0  0  0   9          83670.89    (      95)
 f  0  0  0  0  0  0  0  2  0  0  0  1   9            7464.8    (      22)
 f  0  0  0  0  0  0  3  0  0  0  0  0   9          -12324.7    (      42)
 f  0  0  0  0  0  0  0  3  0  0  0  1   9              188.    (      11)
 f  0  0  0  0  0  0  4  0  0  0  0  0   9             7564.    (      12)
 f  0  0  0  0  0  0  0  4  0  0  0  1   9            -2296.    (      29)
 f  0  0  0  0  0  0  5  0  0  0  0  0   9            -2083.    (      38)
 f  0  0  0  0  0  0  0  5  0  0  0  1   9             5059.    (      97)
 f  0  0  0  0  0  0  6  0  0  0  0  0   9            -2644.    (      48)
 f  0  0  0  0  0  0  0  6  0  0  0  1   9            -3840.    (     115)
 f  0  0  0  0  0  0  7  0  0  0  0  0   9             3070.    (      95)
 f  0  0  0  0  0  0  0  7  0  0  0  1   9             1184.    (     239)
 f  0  0  0  0  0  0  8  0  0  0  0  0   9            -1956.    (      86)
 f  0  0  0  0  0  0  0  8  0  0  0  1   9              272.    (     216)
 f  0  0  0  0  0  0  0  0  0  2  0  0   9          19704.04    (      49)
 f  0  0  0  0  0  0  0  0  0  2  0  1   9              96.7    (      19)
 f  0  0  0  0  0  0  0  0  0  1  2  0   9             5776.    (      17)
 h  0  0  0  0  0  0  0  0  0  2  1 -1   9            -827.2    (      74)
 f  0  0  0  0  0  0  0  0  0  4  0  0   9              85.1    (      46)
 f  0  0  0  0  0  0  0  0  0  4  0  1   9             -148.    (      12)
 f  0  0  0  0  0  0  0  0  0  5  0  0   9             -220.    (      35)
 h  0  0  0  0  0  0  0  0  0  4  1 -1   9              -15.    (      19)
 f  0  0  0  0  0  0  0  0  0  4  2  0   9             -859.    (      43)
 f  0  0  0  0  0  0  0  0  0  2  4  0   9              152.    (      96)
 f  0  0  0  0  0  0  0  0  0  7  0  0   9              -42.    (      15)
 f  0  0  0  0  0  0  0  0  0  8  0  0   9              66.1    (      37)
 f  0  0  0  0  0  0  0  0  0  8  0  1   9              -75.    (      14)
------------------------------
*  FITTING OF THE POTENTIAL PARAMETERS TO AB INITIO DATA                        
*                                                                               
*  2016                                                                         
*  C2H6                                                                         
      rCOe                        9          1.42044790
      rOHe                        9          0.95729738
       rCH                        9          1.08837733
      aHOC                        9        107.63555931
      aHCO                        9        108.91887761
        a1                        0          2.16893551
        a2                        0          2.57276067
        b1                        0          1.78266276
        Sa                        9         -0.01016469
        Sb                        9          0.01763776
 f   0   0   0   0   0   0   0   0   0   0   0   0   9  -25373735.37837851
 f   0   0   0   0   0   0   0   0   0   0   0   3   9        128.47525868
 f   0   0   0   0   0   0   0   0   0   0   0   6   9          0.64115573
 f   0   0   0   0   0   0   0   0   0   0   0   9   9          0.00117512
 f   0   0   0   0   0   0   0   0   0   0   0  12   9          0.00033780
 f   0   0   0   0   0   0   0   0   0   0   0  18   9         -0.00076513
 f   2   0   0   0   0   0   0   0   0   0   0   0   9      29630.95250357
 f   3   0   0   0   0   0   0   0   0   0   0   0   9       3609.54744752
 f   4   0   0   0   0   0   0   0   0   0   0   0   9       2936.55858875
 f   5   0   0   0   0   0   0   0   0   0   0   0   9       1758.22721629
 f   6   0   0   0   0   0   0   0   0   0   0   0   9       1198.31498071
 f   7   0   0   0   0   0   0   0   0   0   0   0   9        836.59957722
 f   8   0   0   0   0   0   0   0   0   0   0   0   9        327.61081631
 f   0   2   0   0   0   0   0   0   0   0   0   0   9      31940.39171477
 f   0   3   0   0   0   0   0   0   0   0   0   0   9       2798.60403972
 f   0   4   0   0   0   0   0   0   0   0   0   0   9       3128.02023573
 f   0   5   0   0   0   0   0   0   0   0   0   0   9       1770.27959921
 f   0   6   0   0   0   0   0   0   0   0   0   0   9       1269.92467835
 f   0   7   0   0   0   0   0   0   0   0   0   0   9       1000.45718505
 f   0   8   0   0   0   0   0   0   0   0   0   0   9        402.32925952
 f   0   0   0   1   0   0   0   0   0   0   0   1   9      -4299.92844679
 f   0   0   2   0   0   0   0   0   0   0   0   0   9     126760.86514184
 f   0   0   0   2   0   0   0   0   0   0   0   1   9      -4884.91732509
 f   0   0   3   0   0   0   0   0   0   0   0   0   9     -10981.70024554
 f   0   0   0   3   0   0   0   0   0   0   0   1   9      -3611.95305473
 f   0   0   4   0   0   0   0   0   0   0   0   0   9       9571.95460706
 f   0   0   0   4   0   0   0   0   0   0   0   1   9      -2413.79383129
 f   0   0   5   0   0   0   0   0   0   0   0   0   9       3166.41084270
 f   0   0   0   5   0   0   0   0   0   0   0   1   9      -1664.41460680
 f   0   0   6   0   0   0   0   0   0   0   0   0   9       2328.65458183
 f   0   0   0   6   0   0   0   0   0   0   0   1   9       -392.09923373
 f   0   0   7   0   0   0   0   0   0   0   0   0   9        912.22974634
 f   0   0   0   7   0   0   0   0   0   0   0   1   9       1085.50241818
 f   0   0   0   0   0   2   0   0   0   0   0   0   9      19878.96013286
 f   0   0   0   0   0   3   0   0   0   0   0   0   9      -7716.85144953
 f   0   0   0   0   0   4   0   0   0   0   0   0   9      -1254.52433393
 f   0   0   0   0   0   5   0   0   0   0   0   0   9       -396.92888576
 f   0   0   0   0   0   6   0   0   0   0   0   0   9       -309.63655192
 f   0   0   0   0   0   7   0   0   0   0   0   0   9       -508.56928753
 f   0   0   0   0   0   8   0   0   0   0   0   0   9        654.38371496
 f   0   0   0   0   0   0   0   1   0   0   0   1   9     -15266.12933486
 f   0   0   0   0   0   0   2   0   0   0   0   0   9      83670.88870919
 f   0   0   0   0   0   0   0   2   0   0   0   1   9       7464.75518679
 f   0   0   0   0   0   0   3   0   0   0   0   0   9     -12324.69587634
 f   0   0   0   0   0   0   0   3   0   0   0   1   9        188.25854632
 f   0   0   0   0   0   0   4   0   0   0   0   0   9       7564.02494491
 f   0   0   0   0   0   0   0   4   0   0   0   1   9      -2296.23484383
 f   0   0   0   0   0   0   5   0   0   0   0   0   9      -2083.29697899
 f   0   0   0   0   0   0   0   5   0   0   0   1   9       5058.71866054
 f   0   0   0   0   0   0   6   0   0   0   0   0   9      -2644.27516700
 f   0   0   0   0   0   0   0   6   0   0   0   1   9      -3839.61595024
 f   0   0   0   0   0   0   7   0   0   0   0   0   9       3069.58238558
 f   0   0   0   0   0   0   0   7   0   0   0   1   9       1184.03971299
 f   0   0   0   0   0   0   8   0   0   0   0   0   9      -1956.47487120
 f   0   0   0   0   0   0   0   8   0   0   0   1   9        271.87505869
 f   0   0   0   0   0   0   0   0   0   2   0   0   9      19704.04275117
 f   0   0   0   0   0   0   0   0   0   2   0   1   9         96.73238594
 f   0   0   0   0   0   0   0   0   0   1   2   0   9       5776.49900117
 h   0   0   0   0   0   0   0   0   0   2   1  -1   9       -827.20848711
 f   0   0   0   0   0   0   0   0   0   4   0   0   9         85.10254639
 f   0   0   0   0   0   0   0   0   0   4   0   1   9       -147.52154911
 f   0   0   0   0   0   0   0   0   0   5   0   0   9       -219.81157544
 h   0   0   0   0   0   0   0   0   0   4   1  -1   9        -15.18338511
 f   0   0   0   0   0   0   0   0   0   4   2   0   9       -858.69102548
 f   0   0   0   0   0   0   0   0   0   2   4   0   9        151.68285873
 f   0   0   0   0   0   0   0   0   0   7   0   0   9        -42.37367291
 f   0   0   0   0   0   0   0   0   0   8   0   0   9         66.10683226
 f   0   0   0   0   0   0   0   0   0   8   0   1   9        -75.25564235

Correlation coefficients larger than 0.9: 
          corr(   1,  15) =  0.9046457
          corr(   6,  65) =  0.9005447
          corr(  14,  16) =  0.9404938
          corr(  15,  17) =  0.9672302
          corr(  15,  19) =  0.9211633
          corr(  16,  18) =  0.9085564
          corr(  17,  19) =  0.9888340
          corr(  18,  20) =  0.9252200
          corr(  21,  23) =  0.9670459
          corr(  21,  25) =  0.9210399
          corr(  22,  24) =  0.9435319
          corr(  23,  25) =  0.9778293
          corr(  24,  26) =  0.9662355
          corr(  25,  27) =  0.9519129
          corr(  26,  27) =  0.9397689
          corr(  29,  33) =  0.9371558
          corr(  30,  34) =  0.9664463
          corr(  30,  38) =  0.9301357
          corr(  31,  35) =  0.9534194
          corr(  32,  36) =  0.9486421
          corr(  33,  37) =  0.9918134
          corr(  34,  38) =  0.9920874
          corr(  35,  39) =  0.9853691
          corr(  36,  40) =  0.9819013
          corr(  41,  43) =  0.9369944
          corr(  42,  44) =  0.9295275
          corr(  44,  46) =  0.9811095
          corr(  49,  53) =  0.9522211
          corr(  50,  54) =  0.9505698
          corr(  51,  55) =  0.9422467
          corr(  52,  56) =  0.9435740
          corr(  55,  59) =  0.9856172
          corr(  55,  61) =  0.9050839
          corr(  56,  60) =  0.9861022
          corr(  56,  62) =  0.9060064
          corr(  59,  61) =  0.9029276
          corr(  60,  62) =  0.9065007
          corr(  65,  69) =  0.9989287
          corr(  65,  72) =  0.9852262
          corr(  65,  73) =  0.9809136
          corr(  65,  75) =  0.9514589
          corr(  66,  70) =  0.9930397
          corr(  67,  74) =  0.9137881
          corr(  68,  71) =  0.9177676
          corr(  69,  72) =  0.9820343
          corr(  69,  73) =  0.9882177
          corr(  69,  75) =  0.9546910
          corr(  72,  73) =  0.9546810
          corr(  72,  75) =  0.9680468
          corr(  73,  75) =  0.9514400

               --------------------------------------------------------------------------------
               :     old parm   :     new parm   :  delta parm  :   std. err.  : sensitility
               --------------------------------------------------------------------------------
  1  rCOe       :          1.42  :          1.42  :        -0.000:         0.000:         0.000:!
  2  rOHe       :          0.96  :          0.96  :         0.000:         0.000:         0.000:!
  3  rCH        :          1.09  :          1.09  :        -0.000:         0.000:         0.000:!
  4  aHOC       :        107.64  :        107.64  :         0.000:         0.000:         0.000:!
  5  aHCO       :        108.92  :        108.92  :         0.000:         0.000:         0.000:!
  6  Sa         :         -0.01  :         -0.01  :         0.000:         0.000:         0.000:!
  7  Sb         :          0.02  :          0.02  :         0.000:         0.000:         0.000:!
  8  f          :  -25373735.38  :  -25373735.38  :         0.000:         0.005:         0.000:!
  9  f          :        128.48  :        128.48  :         0.000:         0.005:         0.000:!
 10  f          :          0.64  :          0.64  :         0.000:         0.005:         0.000:!
 11##f          :          0.00  :          0.00  :         0.000:         0.005:         0.000:!#
 12##f          :          0.00  :          0.00  :        -0.000:         0.005:         0.000:!#
 13##f          :         -0.00  :         -0.00  :        -0.000:         0.005:         0.000:!#
 14  f          :      29630.95  :      29630.95  :         0.000:         0.351:         0.001:!
 15  f          :       3609.55  :       3609.55  :        -0.000:         2.456:         0.001:!
 16  f          :       2936.56  :       2936.56  :        -0.000:         5.711:         0.002:!
 17  f          :       1758.23  :       1758.23  :         0.000:        21.371:         0.004:!
 18  f          :       1198.31  :       1198.31  :         0.000:        32.873:         0.008:!
 19  f          :        836.60  :        836.60  :        -0.000:        52.980:         0.016:!
 20  f          :        327.61  :        327.61  :        -0.000:        71.267:         0.030:!
 21  f          :      31940.39  :      31940.39  :        -0.000:         0.440:         0.001:!
 22  f          :       2798.60  :       2798.60  :         0.000:         1.946:         0.002:!
 23  f          :       3128.02  :       3128.02  :         0.000:         6.907:         0.004:!
 24  f          :       1770.28  :       1770.28  :        -0.000:        14.946:         0.009:!
 25  f          :       1269.92  :       1269.92  :        -0.000:        32.216:         0.020:!
 26  f          :       1000.46  :       1000.46  :         0.000:        35.088:         0.039:!
 27  f          :        402.33  :        402.33  :         0.000:        41.264:         0.060:!
 28  f          :      -4299.93  :      -4299.93  :        -0.000:         0.509:         0.001:!
 29  f          :     126760.87  :     126760.87  :        -0.000:         0.995:         0.002:!
 30  f          :      -4884.92  :      -4884.92  :        -0.000:         2.247:         0.004:!
 31  f          :     -10981.70  :     -10981.70  :        -0.000:         7.881:         0.004:!
 32  f          :      -3611.95  :      -3611.95  :         0.000:        18.272:         0.010:!
 33  f          :       9571.95  :       9571.95  :         0.000:        18.192:         0.010:!
 34  f          :      -2413.79  :      -2413.79  :         0.000:        43.263:         0.025:!
 35  f          :       3166.41  :       3166.41  :        -0.000:        92.008:         0.024:!
 36  f          :      -1664.41  :      -1664.41  :        -0.000:       206.115:         0.058:!
 37  f          :       2328.65  :       2328.65  :        -0.000:        73.733:         0.055:!
 38  f          :       -392.10  :       -392.10  :        -0.000:       175.879:         0.130:!
 39  f          :        912.23  :        912.23  :         0.000:       312.977:         0.124:!
 40  f          :       1085.50  :       1085.50  :         0.000:       686.605:         0.288:!
 41  f          :      19878.96  :      19878.96  :         0.000:         0.381:         0.000:!
 42  f          :      -7716.85  :      -7716.85  :        -0.000:         1.536:         0.000:!
 43  f          :      -1254.52  :      -1254.52  :        -0.000:         4.887:         0.000:!
 44  f          :       -396.93  :       -396.93  :         0.000:        12.941:         0.000:!
 45  f          :       -309.64  :       -309.64  :         0.000:        18.407:         0.001:!
 46  f          :       -508.57  :       -508.57  :        -0.000:        30.589:         0.001:!
 47  f          :        654.38  :        654.38  :        -0.000:        31.515:         0.001:!
 48  f          :     -15266.13  :     -15266.13  :         0.000:         0.352:         0.001:!
 49  f          :      83670.89  :      83670.89  :        -0.000:         0.948:         0.001:!
 50  f          :       7464.76  :       7464.76  :         0.000:         2.153:         0.003:!
 51  f          :     -12324.70  :     -12324.70  :        -0.000:         4.225:         0.002:!
 52  f          :        188.26  :        188.26  :        -0.000:        10.563:         0.006:!
 53  f          :       7564.02  :       7564.02  :         0.000:        12.494:         0.005:!
 54  f          :      -2296.23  :      -2296.23  :        -0.000:        29.239:         0.011:!
 55  f          :      -2083.30  :      -2083.30  :         0.000:        38.442:         0.009:!
 56  f          :       5058.72  :       5058.72  :         0.000:        96.947:         0.022:!
 57  f          :      -2644.28  :      -2644.28  :        -0.000:        48.015:         0.016:!
 58  f          :      -3839.62  :      -3839.62  :         0.000:       115.133:         0.041:!
 59  f          :       3069.58  :       3069.58  :        -0.000:        94.585:         0.030:!
 60  f          :       1184.04  :       1184.04  :        -0.000:       239.053:         0.077:!
 61  f          :      -1956.47  :      -1956.47  :         0.000:        86.115:         0.056:!
 62  f          :        271.88  :        271.88  :         0.000:       215.694:         0.142:!
 63  f          :      19704.04  :      19704.04  :         0.000:         0.488:         0.000:!
 64  f          :         96.73  :         96.73  :        -0.000:         1.875:         0.001:!
 65  f          :       5776.50  :       5776.50  :        -0.000:        17.286:         0.001:!
 66  h          :       -827.21  :       -827.21  :         0.000:         7.449:         0.004:!
 67  f          :         85.10  :         85.10  :        -0.000:         4.564:         0.000:!
 68  f          :       -147.52  :       -147.52  :        -0.000:        12.491:         0.001:!
 69  f          :       -219.81  :       -219.81  :        -0.000:        34.990:         0.001:!
 70##h          :        -15.18  :        -15.18  :        -0.000:        18.612:         0.012:!#
 71  f          :       -858.69  :       -858.69  :        -0.000:        42.772:         0.005:!
 72  f          :        151.68  :        151.68  :         0.000:        96.241:         0.002:!
 73  f          :        -42.37  :        -42.37  :         0.000:        14.736:         0.000:!
 74  f          :         66.11  :         66.11  :        -0.000:         3.750:         0.000:!
 75  f          :        -75.26  :        -75.26  :        -0.000:        13.521:         0.001:!

   ------------------------------------------------------------------
   |   iter  |  points |    deviat     |     rms       |  stability  |
   ------------------------------------------------------------------

   -----------------------------------------------------------
   |  param  |  points |   deviat    |    rms      | stability |
   -----------------------------------------------------------
   |    75   |    170  |   0.15514E-01 |  0.86336E+04  |    0.120E-07 |

############################################################################################
