************************************************************************************************************************************
 ************************************************************************************************************************************
 ************************************************************************************************************************************
 ****************                                                                                                    ****************
 ****************          *  FITTING OF THE POTENTIAL PARAMETERS TO AB INITIO DATA                                  ****************
 ****************          *                                                                                         ****************
 ****************          *  2016                                                                                   ****************
 ****************          *  C2H6                                                                                   ****************

 ****************                                                                                                    ****************
 ************************************************************************************************************************************
 ************************************************************************************************************************************
 ************************************************************************************************************************************
 
        12 <= number of degrees of freedom
         5 <= number of bonds
         7 <= number of bond angles
        20 <= number of iterations in the fit
  0.000000 <= The fit is over if the stability is reached 
  0.000010 <= The fit is over if the st.dev. best is reached 
  1.000000 <= sterr parameter out 
  0.000010 <= stdev parameter out 
         1 <= watson robust on (1) or of (0) 
         8 <= number of non-linear parameters
 parameters of structure 
rCOe      =           1.420
rOHe      =           0.957
rCH       =           1.091
aHOC      =         108.129
aHCO      =         111.952
a1        =           2.169
a2        =           2.573
b1        =           1.787
Lowest energy = -115.611612    

   ------------------------------------------------------------------
   |   iter  |  points |    deviat     |     rms       |  stability  |
   ------------------------------------------------------------------
   |     1   |     37  |   0.18317E+02 |  0.49277E+03  |   0.413E+08 |
   |     2   |     37  |   0.36400E+01 |  0.47955E+01  |   0.582E+02 |
   |     3   |     37  |   0.46967E-01 |  0.26441E+00  |   0.169E+03 |
   |     4   |     37  |   0.29970E-02 |  0.76354E+00  |   0.702E+01 |
   |     5   |     37  |   0.26590E-02 |  0.10328E+01  |   0.127E+00 |
   |     6   |     37  |   0.26590E-02 |  0.10329E+01  |   0.111E-06 |
   |     7   |     37  |   0.26590E-02 |  0.10329E+01  |   0.674E-06 |
   |     8   |     37  |   0.26590E-02 |  0.10329E+01  |   0.720E-06 |
   |     9   |     37  |   0.26590E-02 |  0.10329E+01  |   0.130E-06 |
   |    10   |     37  |   0.26590E-02 |  0.10329E+01  |   0.304E-06 |
   |    11   |     37  |   0.26590E-02 |  0.10329E+01  |   0.704E-07 |
   |    12   |     37  |   0.26590E-02 |  0.10329E+01  |   0.283E-06 |
   |    13   |     37  |   0.26590E-02 |  0.10329E+01  |   0.484E-07 |
   |    14   |     37  |   0.26590E-02 |  0.10329E+01  |   0.404E-06 |
   |    15   |     37  |   0.26590E-02 |  0.10329E+01  |   0.346E-06 |
   |    16   |     37  |   0.26590E-02 |  0.10329E+01  |   0.358E-06 |
   |    17   |     37  |   0.26590E-02 |  0.10329E+01  |   0.246E-06 |
   |    18   |     37  |   0.26590E-02 |  0.10329E+01  |   0.428E-07 |
   |    19   |     37  |   0.26590E-02 |  0.10329E+01  |   0.116E-06 |
   |    20   |     37  |   0.26590E-02 |  0.10329E+01  |   0.471E-07 |
   |    21   |     37  |   0.26590E-02 |  0.10329E+01  |   0.123E-06 |

Watson Alpha parameter  0.1000 fitted with rms2 = 


Potential parameters rounded in accord. with their standart errors

rC  0  0  0  0  0  0  0  0  0  0  0  0   0   1.4204479    
rO  0  0  0  0  0  0  0  0  0  0  0  0   0  0.95729738    
rC  0  0  0  0  0  0  0  0  0  0  0  0   9       1.088377309    (      79)
aH  0  0  0  0  0  0  0  0  0  0  0  0   0   108.12931    
aH  0  0  0  0  0  0  0  0  0  0  0  0   0   111.95221    
a1  0  0  0  0  0  0  0  0  0  0  0  0   0   2.1689355    
a2  0  0  0  0  0  0  0  0  0  0  0  0   0   2.5727607    
b1  0  0  0  0  0  0  0  0  0  0  0  0   0   1.7867377    
 f  0  0  0  0  0  0  0  0  0  0  0  0   9   -25373818.38899    (      94)
 f  2  0  0  0  0  0  0  0  0  0  0  0   0   29630.935    
 f  3  0  0  0  0  0  0  0  0  0  0  0   0   3609.5531    
 f  4  0  0  0  0  0  0  0  0  0  0  0   0   2936.7434    
 f  5  0  0  0  0  0  0  0  0  0  0  0   0   1758.1958    
 f  6  0  0  0  0  0  0  0  0  0  0  0   0   1197.6540    
 f  7  0  0  0  0  0  0  0  0  0  0  0   0   836.62376    
 f  8  0  0  0  0  0  0  0  0  0  0  0   0   328.29764    
 f  0  2  0  0  0  0  0  0  0  0  0  0   0   31940.404    
 f  0  3  0  0  0  0  0  0  0  0  0  0   0   2798.6004    
 f  0  4  0  0  0  0  0  0  0  0  0  0   0   3127.9108    
 f  0  5  0  0  0  0  0  0  0  0  0  0   0   1770.4250    
 f  0  6  0  0  0  0  0  0  0  0  0  0   0   1270.3114    
 f  0  7  0  0  0  0  0  0  0  0  0  0   0   999.77677    
 f  0  8  0  0  0  0  0  0  0  0  0  0   0   401.59578    
 f  0  0  2  0  0  0  0  0  0  0  0  0   9         126182.97    (      25)
 f  0  0  3  0  0  0  0  0  0  0  0  0   9          -10619.5    (      14)
 f  0  0  4  0  0  0  0  0  0  0  0  0   9            9547.8    (      55)
 f  0  0  5  0  0  0  0  0  0  0  0  0   9             3217.    (      16)
 f  0  0  6  0  0  0  0  0  0  0  0  0   9             2351.    (      41)
 f  0  0  7  0  0  0  0  0  0  0  0  0   9              916.    (      54)
 f  0  0  8  0  0  0  0  0  0  0  0  0   9              -31.    (     110)
 f  0  0  0  1  0  0  0  0  0  0  0  1   9         -4289.973    (      88)
 f  0  0  0  2  0  0  0  0  0  0  0  1   8          -4869.43    (      47)
 f  0  0  0  3  0  0  0  0  0  0  0  1   8           -3607.6    (      33)
 f  0  0  0  4  0  0  0  0  0  0  0  1   7            -2346.    (      12)
 f  0  0  0  5  0  0  0  0  0  0  0  1   6            -1563.    (      38)
 f  0  0  0  6  0  0  0  0  0  0  0  1   5            -1000.    (      96)
 f  0  0  0  7  0  0  0  0  0  0  0  1   4              710.    (     126)
 f  0  0  0  8  0  0  0  0  0  0  0  1   3             1704.    (     262)
------------------------------
*  FITTING OF THE POTENTIAL PARAMETERS TO AB INITIO DATA                        
*                                                                               
*  2016                                                                         
*  C2H6                                                                         
      rCOe                        0          1.42044790
      rOHe                        0          0.95729738
       rCH                        9          1.08837731
      aHOC                        0        108.12930637
      aHCO                        0        111.95221297
        a1                        0          2.16893551
        a2                        0          2.57276067
        b1                        0          1.78673772
 f   0   0   0   0   0   0   0   0   0   0   0   0   9  -25373818.38898711
 f   2   0   0   0   0   0   0   0   0   0   0   0   0      29630.93506084
 f   3   0   0   0   0   0   0   0   0   0   0   0   0       3609.55313028
 f   4   0   0   0   0   0   0   0   0   0   0   0   0       2936.74337084
 f   5   0   0   0   0   0   0   0   0   0   0   0   0       1758.19577326
 f   6   0   0   0   0   0   0   0   0   0   0   0   0       1197.65403583
 f   7   0   0   0   0   0   0   0   0   0   0   0   0        836.62376208
 f   8   0   0   0   0   0   0   0   0   0   0   0   0        328.29764036
 f   0   2   0   0   0   0   0   0   0   0   0   0   0      31940.40375184
 f   0   3   0   0   0   0   0   0   0   0   0   0   0       2798.60039599
 f   0   4   0   0   0   0   0   0   0   0   0   0   0       3127.91077202
 f   0   5   0   0   0   0   0   0   0   0   0   0   0       1770.42495615
 f   0   6   0   0   0   0   0   0   0   0   0   0   0       1270.31144120
 f   0   7   0   0   0   0   0   0   0   0   0   0   0        999.77677247
 f   0   8   0   0   0   0   0   0   0   0   0   0   0        401.59578020
 f   0   0   2   0   0   0   0   0   0   0   0   0   9     126182.97341910
 f   0   0   3   0   0   0   0   0   0   0   0   0   9     -10619.50789638
 f   0   0   4   0   0   0   0   0   0   0   0   0   9       9547.83095296
 f   0   0   5   0   0   0   0   0   0   0   0   0   9       3217.38469346
 f   0   0   6   0   0   0   0   0   0   0   0   0   9       2351.44112816
 f   0   0   7   0   0   0   0   0   0   0   0   0   9        916.10235583
 f   0   0   8   0   0   0   0   0   0   0   0   0   9        -30.56816841
 f   0   0   0   1   0   0   0   0   0   0   0   1   9      -4289.97331271
 f   0   0   0   2   0   0   0   0   0   0   0   1   8      -4869.42501027
 f   0   0   0   3   0   0   0   0   0   0   0   1   8      -3607.56667814
 f   0   0   0   4   0   0   0   0   0   0   0   1   7      -2346.25143220
 f   0   0   0   5   0   0   0   0   0   0   0   1   6      -1562.65330496
 f   0   0   0   6   0   0   0   0   0   0   0   1   5      -1000.22766622
 f   0   0   0   7   0   0   0   0   0   0   0   1   4        710.11561830
 f   0   0   0   8   0   0   0   0   0   0   0   1   3       1703.89498982

Correlation coefficients larger than 0.9: 
          corr(   3,   5) =  0.9243607
          corr(   4,   6) =  0.9563589
          corr(   5,   7) =  0.9379320
          corr(   6,   8) =  0.9865202
          corr(   7,   9) =  0.9457406
          corr(  11,  13) =  0.9458954
          corr(  12,  14) =  0.9545919
          corr(  13,  15) =  0.9408566
          corr(  14,  16) =  0.9850192
          corr(  15,  17) =  0.9526005

               --------------------------------------------------------------------------------
               :     old parm   :     new parm   :  delta parm  :   std. err.  : sensitility
               --------------------------------------------------------------------------------
  1  rCH        :          1.09  :          1.09  :        -0.000:         0.000:         0.000:!
  2  f          :  -25373818.39  :  -25373818.39  :         0.000:         0.001:         0.000:!
  3  f          :     126182.97  :     126182.97  :         0.000:         0.253:         0.001:!
  4  f          :     -10619.51  :     -10619.51  :        -0.000:         1.352:         0.001:!
  5  f          :       9547.83  :       9547.83  :        -0.000:         5.489:         0.004:!
  6  f          :       3217.38  :       3217.38  :         0.000:        15.849:         0.008:!
  7  f          :       2351.44  :       2351.44  :         0.000:        41.482:         0.020:!
  8  f          :        916.10  :        916.10  :        -0.000:        53.756:         0.046:!
  9##f          :        -30.57  :        -30.57  :        -0.000:       110.470:         0.104:!#
 10  f          :      -4289.97  :      -4289.97  :        -0.000:         0.088:         0.000:!
 11  f          :      -4869.43  :      -4869.43  :        -0.000:         0.469:         0.001:!
 12  f          :      -3607.57  :      -3607.57  :         0.000:         3.253:         0.004:!
 13  f          :      -2346.25  :      -2346.25  :         0.000:        11.877:         0.009:!
 14  f          :      -1562.65  :      -1562.65  :        -0.000:        37.538:         0.021:!
 15  f          :      -1000.23  :      -1000.23  :        -0.000:        95.814:         0.048:!
 16  f          :        710.12  :        710.12  :         0.000:       125.736:         0.110:!
 17  f          :       1703.89  :       1703.89  :         0.000:       262.267:         0.244:!
relat_sterr_min,ilow_sterr, tivar:    0.10000000D+21   -1    3
rCOe                               0          1.42044790
rOHe                               0          0.95729738
rCH                                9          1.08837731
aHOC                               0        108.12930637
aHCO                               0        111.95221297
a1                                 0          2.16893551
a2                                 0          2.57276067
b1                                 0          1.78673772
 f   0   0   0   0   0   0   0   0   0   0   0   0   9  -25373818.38898711
 f   2   0   0   0   0   0   0   0   0   0   0   0   0      29630.93506084
 f   3   0   0   0   0   0   0   0   0   0   0   0   0       3609.55313028
 f   4   0   0   0   0   0   0   0   0   0   0   0   0       2936.74337084
 f   5   0   0   0   0   0   0   0   0   0   0   0   0       1758.19577326
 f   6   0   0   0   0   0   0   0   0   0   0   0   0       1197.65403583
 f   7   0   0   0   0   0   0   0   0   0   0   0   0        836.62376208
 f   8   0   0   0   0   0   0   0   0   0   0   0   0        328.29764036
 f   0   2   0   0   0   0   0   0   0   0   0   0   0      31940.40375184
 f   0   3   0   0   0   0   0   0   0   0   0   0   0       2798.60039599
 f   0   4   0   0   0   0   0   0   0   0   0   0   0       3127.91077202
 f   0   5   0   0   0   0   0   0   0   0   0   0   0       1770.42495615
 f   0   6   0   0   0   0   0   0   0   0   0   0   0       1270.31144120
 f   0   7   0   0   0   0   0   0   0   0   0   0   0        999.77677247
 f   0   8   0   0   0   0   0   0   0   0   0   0   0        401.59578020
 f   0   0   2   0   0   0   0   0   0   0   0   0   9     126182.97341910
 f   0   0   3   0   0   0   0   0   0   0   0   0   9     -10619.50789638
 f   0   0   4   0   0   0   0   0   0   0   0   0   9       9547.83095296
 f   0   0   5   0   0   0   0   0   0   0   0   0   9       3217.38469346
 f   0   0   6   0   0   0   0   0   0   0   0   0   9       2351.44112816
 f   0   0   7   0   0   0   0   0   0   0   0   0   9        916.10235583
 f   0   0   8   0   0   0   0   0   0   0   0   0   9        -30.56816841
 f   0   0   0   1   0   0   0   0   0   0   0   1   9      -4289.97331271
 f   0   0   0   2   0   0   0   0   0   0   0   1   8      -4869.42501027
 f   0   0   0   3   0   0   0   0   0   0   0   1   8      -3607.56667814
 f   0   0   0   4   0   0   0   0   0   0   0   1   7      -2346.25143220
 f   0   0   0   5   0   0   0   0   0   0   0   1   6      -1562.65330496
 f   0   0   0   6   0   0   0   0   0   0   0   1   5      -1000.22766622
 f   0   0   0   7   0   0   0   0   0   0   0   1   4        710.11561830
 f   0   0   0   8   0   0   0   0   0   0   0   1   3       1703.89498982
relat_sterr_min,ilow_sterr, tivar:    0.10000000D+21   -1    4
rCOe                               0          1.42044790
rOHe                               0          0.95729738
rCH                                9          1.08837731
aHOC                               0        108.12930637
aHCO                               0        111.95221297
a1                                 0          2.16893551
a2                                 0          2.57276067
b1                                 0          1.78673772
 f   0   0   0   0   0   0   0   0   0   0   0   0   9  -25373818.38898711
 f   2   0   0   0   0   0   0   0   0   0   0   0   0      29630.93506084
 f   3   0   0   0   0   0   0   0   0   0   0   0   0       3609.55313028
 f   4   0   0   0   0   0   0   0   0   0   0   0   0       2936.74337084
 f   5   0   0   0   0   0   0   0   0   0   0   0   0       1758.19577326
 f   6   0   0   0   0   0   0   0   0   0   0   0   0       1197.65403583
 f   7   0   0   0   0   0   0   0   0   0   0   0   0        836.62376208
 f   8   0   0   0   0   0   0   0   0   0   0   0   0        328.29764036
 f   0   2   0   0   0   0   0   0   0   0   0   0   0      31940.40375184
 f   0   3   0   0   0   0   0   0   0   0   0   0   0       2798.60039599
 f   0   4   0   0   0   0   0   0   0   0   0   0   0       3127.91077202
 f   0   5   0   0   0   0   0   0   0   0   0   0   0       1770.42495615
 f   0   6   0   0   0   0   0   0   0   0   0   0   0       1270.31144120
 f   0   7   0   0   0   0   0   0   0   0   0   0   0        999.77677247
 f   0   8   0   0   0   0   0   0   0   0   0   0   0        401.59578020
 f   0   0   2   0   0   0   0   0   0   0   0   0   9     126182.97341910
 f   0   0   3   0   0   0   0   0   0   0   0   0   9     -10619.50789638
 f   0   0   4   0   0   0   0   0   0   0   0   0   9       9547.83095296
 f   0   0   5   0   0   0   0   0   0   0   0   0   9       3217.38469346
 f   0   0   6   0   0   0   0   0   0   0   0   0   9       2351.44112816
 f   0   0   7   0   0   0   0   0   0   0   0   0   9        916.10235583
 f   0   0   8   0   0   0   0   0   0   0   0   0   9        -30.56816841
 f   0   0   0   1   0   0   0   0   0   0   0   1   9      -4289.97331271
 f   0   0   0   2   0   0   0   0   0   0   0   1   8      -4869.42501027
 f   0   0   0   3   0   0   0   0   0   0   0   1   8      -3607.56667814
 f   0   0   0   4   0   0   0   0   0   0   0   1   7      -2346.25143220
 f   0   0   0   5   0   0   0   0   0   0   0   1   6      -1562.65330496
 f   0   0   0   6   0   0   0   0   0   0   0   1   5      -1000.22766622
 f   0   0   0   7   0   0   0   0   0   0   0   1   4        710.11561830
 f   0   0   0   8   0   0   0   0   0   0   0   1   3       1703.89498982
relat_sterr_min,ilow_sterr, tivar:    0.10000000D+21   -1    5
rCOe                               0          1.42044790
rOHe                               0          0.95729738
rCH                                9          1.08837731
aHOC                               0        108.12930637
aHCO                               0        111.95221297
a1                                 0          2.16893551
a2                                 0          2.57276067
b1                                 0          1.78673772
 f   0   0   0   0   0   0   0   0   0   0   0   0   9  -25373818.38898711
 f   2   0   0   0   0   0   0   0   0   0   0   0   0      29630.93506084
 f   3   0   0   0   0   0   0   0   0   0   0   0   0       3609.55313028
 f   4   0   0   0   0   0   0   0   0   0   0   0   0       2936.74337084
 f   5   0   0   0   0   0   0   0   0   0   0   0   0       1758.19577326
 f   6   0   0   0   0   0   0   0   0   0   0   0   0       1197.65403583
 f   7   0   0   0   0   0   0   0   0   0   0   0   0        836.62376208
 f   8   0   0   0   0   0   0   0   0   0   0   0   0        328.29764036
 f   0   2   0   0   0   0   0   0   0   0   0   0   0      31940.40375184
 f   0   3   0   0   0   0   0   0   0   0   0   0   0       2798.60039599
 f   0   4   0   0   0   0   0   0   0   0   0   0   0       3127.91077202
 f   0   5   0   0   0   0   0   0   0   0   0   0   0       1770.42495615
 f   0   6   0   0   0   0   0   0   0   0   0   0   0       1270.31144120
 f   0   7   0   0   0   0   0   0   0   0   0   0   0        999.77677247
 f   0   8   0   0   0   0   0   0   0   0   0   0   0        401.59578020
 f   0   0   2   0   0   0   0   0   0   0   0   0   9     126182.97341910
 f   0   0   3   0   0   0   0   0   0   0   0   0   9     -10619.50789638
 f   0   0   4   0   0   0   0   0   0   0   0   0   9       9547.83095296
 f   0   0   5   0   0   0   0   0   0   0   0   0   9       3217.38469346
 f   0   0   6   0   0   0   0   0   0   0   0   0   9       2351.44112816
 f   0   0   7   0   0   0   0   0   0   0   0   0   9        916.10235583
 f   0   0   8   0   0   0   0   0   0   0   0   0   9        -30.56816841
 f   0   0   0   1   0   0   0   0   0   0   0   1   9      -4289.97331271
 f   0   0   0   2   0   0   0   0   0   0   0   1   8      -4869.42501027
 f   0   0   0   3   0   0   0   0   0   0   0   1   8      -3607.56667814
 f   0   0   0   4   0   0   0   0   0   0   0   1   7      -2346.25143220
 f   0   0   0   5   0   0   0   0   0   0   0   1   6      -1562.65330496
 f   0   0   0   6   0   0   0   0   0   0   0   1   5      -1000.22766622
 f   0   0   0   7   0   0   0   0   0   0   0   1   4        710.11561830
 f   0   0   0   8   0   0   0   0   0   0   0   1   3       1703.89498982
relat_sterr_min,ilow_sterr, tivar:    0.10000000D+21   -1    6
rCOe                               0          1.42044790
rOHe                               0          0.95729738
rCH                                9          1.08837731
aHOC                               0        108.12930637
aHCO                               0        111.95221297
a1                                 0          2.16893551
a2                                 0          2.57276067
b1                                 0          1.78673772
 f   0   0   0   0   0   0   0   0   0   0   0   0   9  -25373818.38898711
 f   2   0   0   0   0   0   0   0   0   0   0   0   0      29630.93506084
 f   3   0   0   0   0   0   0   0   0   0   0   0   0       3609.55313028
 f   4   0   0   0   0   0   0   0   0   0   0   0   0       2936.74337084
 f   5   0   0   0   0   0   0   0   0   0   0   0   0       1758.19577326
 f   6   0   0   0   0   0   0   0   0   0   0   0   0       1197.65403583
 f   7   0   0   0   0   0   0   0   0   0   0   0   0        836.62376208
 f   8   0   0   0   0   0   0   0   0   0   0   0   0        328.29764036
 f   0   2   0   0   0   0   0   0   0   0   0   0   0      31940.40375184
 f   0   3   0   0   0   0   0   0   0   0   0   0   0       2798.60039599
 f   0   4   0   0   0   0   0   0   0   0   0   0   0       3127.91077202
 f   0   5   0   0   0   0   0   0   0   0   0   0   0       1770.42495615
 f   0   6   0   0   0   0   0   0   0   0   0   0   0       1270.31144120
 f   0   7   0   0   0   0   0   0   0   0   0   0   0        999.77677247
 f   0   8   0   0   0   0   0   0   0   0   0   0   0        401.59578020
 f   0   0   2   0   0   0   0   0   0   0   0   0   9     126182.97341910
 f   0   0   3   0   0   0   0   0   0   0   0   0   9     -10619.50789638
 f   0   0   4   0   0   0   0   0   0   0   0   0   9       9547.83095296
 f   0   0   5   0   0   0   0   0   0   0   0   0   9       3217.38469346
 f   0   0   6   0   0   0   0   0   0   0   0   0   9       2351.44112816
 f   0   0   7   0   0   0   0   0   0   0   0   0   9        916.10235583
 f   0   0   8   0   0   0   0   0   0   0   0   0   9        -30.56816841
 f   0   0   0   1   0   0   0   0   0   0   0   1   9      -4289.97331271
 f   0   0   0   2   0   0   0   0   0   0   0   1   8      -4869.42501027
 f   0   0   0   3   0   0   0   0   0   0   0   1   8      -3607.56667814
 f   0   0   0   4   0   0   0   0   0   0   0   1   7      -2346.25143220
 f   0   0   0   5   0   0   0   0   0   0   0   1   6      -1562.65330496
 f   0   0   0   6   0   0   0   0   0   0   0   1   5      -1000.22766622
 f   0   0   0   7   0   0   0   0   0   0   0   1   4        710.11561830
 f   0   0   0   8   0   0   0   0   0   0   0   1   3       1703.89498982
relat_sterr_min,ilow_sterr, tivar:    0.10000000D+21   -1    7
rCOe                               0          1.42044790
rOHe                               0          0.95729738
rCH                                9          1.08837731
aHOC                               0        108.12930637
aHCO                               0        111.95221297
a1                                 0          2.16893551
a2                                 0          2.57276067
b1                                 0          1.78673772
 f   0   0   0   0   0   0   0   0   0   0   0   0   9  -25373818.38898711
 f   2   0   0   0   0   0   0   0   0   0   0   0   0      29630.93506084
 f   3   0   0   0   0   0   0   0   0   0   0   0   0       3609.55313028
 f   4   0   0   0   0   0   0   0   0   0   0   0   0       2936.74337084
 f   5   0   0   0   0   0   0   0   0   0   0   0   0       1758.19577326
 f   6   0   0   0   0   0   0   0   0   0   0   0   0       1197.65403583
 f   7   0   0   0   0   0   0   0   0   0   0   0   0        836.62376208
 f   8   0   0   0   0   0   0   0   0   0   0   0   0        328.29764036
 f   0   2   0   0   0   0   0   0   0   0   0   0   0      31940.40375184
 f   0   3   0   0   0   0   0   0   0   0   0   0   0       2798.60039599
 f   0   4   0   0   0   0   0   0   0   0   0   0   0       3127.91077202
 f   0   5   0   0   0   0   0   0   0   0   0   0   0       1770.42495615
 f   0   6   0   0   0   0   0   0   0   0   0   0   0       1270.31144120
 f   0   7   0   0   0   0   0   0   0   0   0   0   0        999.77677247
 f   0   8   0   0   0   0   0   0   0   0   0   0   0        401.59578020
 f   0   0   2   0   0   0   0   0   0   0   0   0   9     126182.97341910
 f   0   0   3   0   0   0   0   0   0   0   0   0   9     -10619.50789638
 f   0   0   4   0   0   0   0   0   0   0   0   0   9       9547.83095296
 f   0   0   5   0   0   0   0   0   0   0   0   0   9       3217.38469346
 f   0   0   6   0   0   0   0   0   0   0   0   0   9       2351.44112816
 f   0   0   7   0   0   0   0   0   0   0   0   0   9        916.10235583
 f   0   0   8   0   0   0   0   0   0   0   0   0   9        -30.56816841
 f   0   0   0   1   0   0   0   0   0   0   0   1   9      -4289.97331271
 f   0   0   0   2   0   0   0   0   0   0   0   1   8      -4869.42501027
 f   0   0   0   3   0   0   0   0   0   0   0   1   8      -3607.56667814
 f   0   0   0   4   0   0   0   0   0   0   0   1   7      -2346.25143220
 f   0   0   0   5   0   0   0   0   0   0   0   1   6      -1562.65330496
 f   0   0   0   6   0   0   0   0   0   0   0   1   5      -1000.22766622
 f   0   0   0   7   0   0   0   0   0   0   0   1   4        710.11561830
 f   0   0   0   8   0   0   0   0   0   0   0   1   3       1703.89498982
relat_sterr_min,ilow_sterr, tivar:    0.10000000D+21   -1    8
rCOe                               0          1.42044790
rOHe                               0          0.95729738
rCH                                9          1.08837731
aHOC                               0        108.12930637
aHCO                               0        111.95221297
a1                                 0          2.16893551
a2                                 0          2.57276067
b1                                 0          1.78673772
 f   0   0   0   0   0   0   0   0   0   0   0   0   9  -25373818.38898711
 f   2   0   0   0   0   0   0   0   0   0   0   0   0      29630.93506084
 f   3   0   0   0   0   0   0   0   0   0   0   0   0       3609.55313028
 f   4   0   0   0   0   0   0   0   0   0   0   0   0       2936.74337084
 f   5   0   0   0   0   0   0   0   0   0   0   0   0       1758.19577326
 f   6   0   0   0   0   0   0   0   0   0   0   0   0       1197.65403583
 f   7   0   0   0   0   0   0   0   0   0   0   0   0        836.62376208
 f   8   0   0   0   0   0   0   0   0   0   0   0   0        328.29764036
 f   0   2   0   0   0   0   0   0   0   0   0   0   0      31940.40375184
 f   0   3   0   0   0   0   0   0   0   0   0   0   0       2798.60039599
 f   0   4   0   0   0   0   0   0   0   0   0   0   0       3127.91077202
 f   0   5   0   0   0   0   0   0   0   0   0   0   0       1770.42495615
 f   0   6   0   0   0   0   0   0   0   0   0   0   0       1270.31144120
 f   0   7   0   0   0   0   0   0   0   0   0   0   0        999.77677247
 f   0   8   0   0   0   0   0   0   0   0   0   0   0        401.59578020
 f   0   0   2   0   0   0   0   0   0   0   0   0   9     126182.97341910
 f   0   0   3   0   0   0   0   0   0   0   0   0   9     -10619.50789638
 f   0   0   4   0   0   0   0   0   0   0   0   0   9       9547.83095296
 f   0   0   5   0   0   0   0   0   0   0   0   0   9       3217.38469346
 f   0   0   6   0   0   0   0   0   0   0   0   0   9       2351.44112816
 f   0   0   7   0   0   0   0   0   0   0   0   0   9        916.10235583
 f   0   0   8   0   0   0   0   0   0   0   0   0   9        -30.56816841
 f   0   0   0   1   0   0   0   0   0   0   0   1   9      -4289.97331271
 f   0   0   0   2   0   0   0   0   0   0   0   1   8      -4869.42501027
 f   0   0   0   3   0   0   0   0   0   0   0   1   8      -3607.56667814
 f   0   0   0   4   0   0   0   0   0   0   0   1   7      -2346.25143220
 f   0   0   0   5   0   0   0   0   0   0   0   1   6      -1562.65330496
 f   0   0   0   6   0   0   0   0   0   0   0   1   5      -1000.22766622
 f   0   0   0   7   0   0   0   0   0   0   0   1   4        710.11561830
 f   0   0   0   8   0   0   0   0   0   0   0   1   3       1703.89498982

   ------------------------------------------------------------------
   |   iter  |  points |    deviat     |     rms       |  stability  |
   ------------------------------------------------------------------

   -----------------------------------------------------------
   |  param  |  points |   deviat    |    rms      | stability |
   -----------------------------------------------------------
   |    17   |     37  |   0.26590E-02 |  0.40505E+02  |    0.123E-06 |

############################################################################################
