************************************************************************************************************************************
 ************************************************************************************************************************************
 ************************************************************************************************************************************
 ****************                                                                                                    ****************
 ****************          *  FITTING OF THE POTENTIAL PARAMETERS TO AB INITIO DATA                                  ****************
 ****************          *                                                                                         ****************
 ****************          *  2016                                                                                   ****************
 ****************          *  C2H6                                                                                   ****************

 ****************                                                                                                    ****************
 ************************************************************************************************************************************
 ************************************************************************************************************************************
 ************************************************************************************************************************************
 
        12 <= number of degrees of freedom
         5 <= number of bonds
         7 <= number of bond angles
        20 <= number of iterations in the fit
  0.000000 <= The fit is over if the stability is reached 
  0.000010 <= The fit is over if the st.dev. best is reached 
  1.000000 <= sterr parameter out 
  0.000010 <= stdev parameter out 
         1 <= watson robust on (1) or of (0) 
        10 <= number of non-linear parameters
 parameters of structure 
rCOe      =           1.420
rOHe      =           0.957
rCH       =           1.091
aHOC      =         107.636
aHCO      =         110.203
a1        =           2.169
a2        =           2.573
b1        =           1.787
Sa        =           0.000
Sb        =           0.000
Lowest energy = -115.611626    

   ------------------------------------------------------------------
   |   iter  |  points |    deviat     |     rms       |  stability  |
   ------------------------------------------------------------------
   |     1   |     35  |   0.10860E+02 |  0.39154E+03  |   0.724E+08 |
   |     2   |     35  |   0.12063E+00 |  0.24661E+01  |   0.320E+04 |
   |     3   |     35  |   0.27549E+00 |  0.28638E+01  |   0.853E+00 |
   |     4   |     35  |   0.10182E-01 |  0.61041E+01  |   0.276E+02 |
   |     5   |     35  |   0.10182E-01 |  0.61045E+01  |   0.390E-02 |
   |     6   |     35  |   0.10182E-01 |  0.61047E+01  |   0.148E-05 |
   |     7   |     35  |   0.10182E-01 |  0.61047E+01  |   0.264E-07 |
   |     8   |     35  |   0.10182E-01 |  0.61047E+01  |   0.569E-10 |

Watson Alpha parameter  0.1000 fitted with rms2 = 


Potential parameters rounded in accord. with their standart errors

rC  0  0  0  0  0  0  0  0  0  0  0  0   0   1.4204479    
rO  0  0  0  0  0  0  0  0  0  0  0  0   0  0.95729738    
rC  0  0  0  0  0  0  0  0  0  0  0  0   0   1.0907856    
aH  0  0  0  0  0  0  0  0  0  0  0  0   0   107.63555    
aH  0  0  0  0  0  0  0  0  0  0  0  0   0   110.20320    
a1  0  0  0  0  0  0  0  0  0  0  0  0   0   2.1689355    
a2  0  0  0  0  0  0  0  0  0  0  0  0   0   2.5727607    
b1  0  0  0  0  0  0  0  0  0  0  0  0   0   1.7866585    
Sa  0  0  0  0  0  0  0  0  0  0  0  0   0         0.0    
Sb  0  0  0  0  0  0  0  0  0  0  0  0   0         0.0    
 f  0  0  0  0  0  0  0  0  0  0  0  0   9    -25373820.5674    (      27)
 f  2  0  0  0  0  0  0  0  0  0  0  0   0   29630.935    
 f  3  0  0  0  0  0  0  0  0  0  0  0   0   3609.5531    
 f  4  0  0  0  0  0  0  0  0  0  0  0   0   2936.7434    
 f  5  0  0  0  0  0  0  0  0  0  0  0   0   1758.1958    
 f  6  0  0  0  0  0  0  0  0  0  0  0   0   1197.6540    
 f  7  0  0  0  0  0  0  0  0  0  0  0   0   836.62376    
 f  8  0  0  0  0  0  0  0  0  0  0  0   0   328.29764    
 f  0  2  0  0  0  0  0  0  0  0  0  0   0   31940.404    
 f  0  3  0  0  0  0  0  0  0  0  0  0   0   2798.6004    
 f  0  4  0  0  0  0  0  0  0  0  0  0   0   3127.9108    
 f  0  5  0  0  0  0  0  0  0  0  0  0   0   1770.4250    
 f  0  6  0  0  0  0  0  0  0  0  0  0   0   1270.3114    
 f  0  7  0  0  0  0  0  0  0  0  0  0   0   999.77677    
 f  0  8  0  0  0  0  0  0  0  0  0  0   0   401.59578    
 f  0  0  0  1  0  0  0  0  0  0  0  1   0  -4299.9340    
 f  0  0  2  0  0  0  0  0  0  0  0  0   0   126760.59    
 f  0  0  0  2  0  0  0  0  0  0  0  1   0  -4884.8989    
 f  0  0  3  0  0  0  0  0  0  0  0  0   0  -10981.561    
 f  0  0  0  3  0  0  0  0  0  0  0  1   0  -3611.6366    
 f  0  0  4  0  0  0  0  0  0  0  0  0   0   9575.4468    
 f  0  0  0  4  0  0  0  0  0  0  0  1   0  -2414.2224    
 f  0  0  5  0  0  0  0  0  0  0  0  0   0   3164.5374    
 f  0  0  0  5  0  0  0  0  0  0  0  1   0  -1668.8932    
 f  0  0  6  0  0  0  0  0  0  0  0  0   0   2316.6308    
 f  0  0  0  6  0  0  0  0  0  0  0  1   0  -390.14501    
 f  0  0  7  0  0  0  0  0  0  0  0  0   0   918.47483    
 f  0  0  0  7  0  0  0  0  0  0  0  1   0   1101.8387    
 f  0  0  0  0  0  2  0  0  0  0  0  0   0   19879.256    
 f  0  0  0  0  0  3  0  0  0  0  0  0   0  -7717.8462    
 f  0  0  0  0  0  4  0  0  0  0  0  0   0  -1255.7682    
 f  0  0  0  0  0  5  0  0  0  0  0  0   0  -385.18552    
 f  0  0  0  0  0  6  0  0  0  0  0  0   0  -316.29071    
 f  0  0  0  0  0  7  0  0  0  0  0  0   0  -538.93797    
 f  0  0  0  0  0  8  0  0  0  0  0  0   0   683.57492    
 f  0  0  0  0  0  0  0  1  0  0  0  1   0  -20311.102    
 f  0  0  0  0  0  0  2  0  0  0  0  0   0   84720.614    
 f  0  0  0  0  0  0  0  2  0  0  0  1   0   4331.3363    
 f  0  0  0  0  0  0  3  0  0  0  0  0   0  -12556.030    
 f  0  0  0  0  0  0  0  3  0  0  0  1   0   701.06527    
 f  0  0  0  0  0  0  4  0  0  0  0  0   0   7636.6920    
 f  0  0  0  0  0  0  0  4  0  0  0  1   0  -3023.0924    
 f  0  0  0  0  0  0  5  0  0  0  0  0   0  -2028.4578    
 f  0  0  0  0  0  0  0  5  0  0  0  1   0   5867.7115    
 f  0  0  0  0  0  0  6  0  0  0  0  0   0  -2735.4923    
 f  0  0  0  0  0  0  0  6  0  0  0  1   0  -4290.2755    
 f  0  0  0  0  0  0  7  0  0  0  0  0   0   3125.8093    
 f  0  0  0  0  0  0  0  7  0  0  0  1   0   1627.5807    
 f  0  0  0  0  0  0  8  0  0  0  0  0   0  -2058.0226    
 f  0  0  0  0  0  0  0  8  0  0  0  1   0   365.58617    
 f  0  0  0  0  0  0  0  0  0  1  0  1   9           805.552    (      66)
 f  0  0  0  0  0  0  0  0  0  2  0  0   9          19710.32    (      38)
 f  0  0  0  0  0  0  0  0  0  2  0  1   9            -268.4    (      11)
 f  0  0  0  0  0  0  0  0  0  1  2  0   8            5972.3    (      50)
 h  0  0  0  0  0  0  0  0  0  2  1 -1   8            -836.2    (      49)
 f  0  0  0  0  0  0  0  0  0  4  0  0   7              80.3    (      22)
 f  0  0  0  0  0  0  0  0  0  4  0  1   7            -172.1    (      66)
 f  0  0  0  0  0  0  0  0  0  5  0  0   6             -245.    (      11)
 h  0  0  0  0  0  0  0  0  0  4  1 -1   6               10.    (      13)
 f  0  0  0  0  0  0  0  0  0  4  2  0   5             -822.    (      23)
 f  0  0  0  0  0  0  0  0  0  2  4  0   5              187.    (      35)
 f  0  0  0  0  0  0  0  0  0  7  0  0   4             -30.4    (      48)
 f  0  0  0  0  0  0  0  0  0  8  0  0   3              58.8    (      16)
 f  0  0  0  0  0  0  0  0  0  8  0  1   3             -73.5    (      51)
------------------------------
*  FITTING OF THE POTENTIAL PARAMETERS TO AB INITIO DATA                        
*                                                                               
*  2016                                                                         
*  C2H6                                                                         
      rCOe                        0          1.42044790
      rOHe                        0          0.95729738
       rCH                        0          1.09078557
      aHOC                        0        107.63554843
      aHCO                        0        110.20319508
        a1                        0          2.16893551
        a2                        0          2.57276067
        b1                        0          1.78665851
        Sa                        0          0.00000000
        Sb                        0          0.00000000
 f   0   0   0   0   0   0   0   0   0   0   0   0   9  -25373820.56737433
 f   2   0   0   0   0   0   0   0   0   0   0   0   0      29630.93506084
 f   3   0   0   0   0   0   0   0   0   0   0   0   0       3609.55313028
 f   4   0   0   0   0   0   0   0   0   0   0   0   0       2936.74337084
 f   5   0   0   0   0   0   0   0   0   0   0   0   0       1758.19577326
 f   6   0   0   0   0   0   0   0   0   0   0   0   0       1197.65403583
 f   7   0   0   0   0   0   0   0   0   0   0   0   0        836.62376208
 f   8   0   0   0   0   0   0   0   0   0   0   0   0        328.29764036
 f   0   2   0   0   0   0   0   0   0   0   0   0   0      31940.40375184
 f   0   3   0   0   0   0   0   0   0   0   0   0   0       2798.60039599
 f   0   4   0   0   0   0   0   0   0   0   0   0   0       3127.91077202
 f   0   5   0   0   0   0   0   0   0   0   0   0   0       1770.42495615
 f   0   6   0   0   0   0   0   0   0   0   0   0   0       1270.31144120
 f   0   7   0   0   0   0   0   0   0   0   0   0   0        999.77677247
 f   0   8   0   0   0   0   0   0   0   0   0   0   0        401.59578020
 f   0   0   0   1   0   0   0   0   0   0   0   1   0      -4299.93395817
 f   0   0   2   0   0   0   0   0   0   0   0   0   0     126760.59310067
 f   0   0   0   2   0   0   0   0   0   0   0   1   0      -4884.89892522
 f   0   0   3   0   0   0   0   0   0   0   0   0   0     -10981.56098501
 f   0   0   0   3   0   0   0   0   0   0   0   1   0      -3611.63662521
 f   0   0   4   0   0   0   0   0   0   0   0   0   0       9575.44675453
 f   0   0   0   4   0   0   0   0   0   0   0   1   0      -2414.22235117
 f   0   0   5   0   0   0   0   0   0   0   0   0   0       3164.53742562
 f   0   0   0   5   0   0   0   0   0   0   0   1   0      -1668.89316562
 f   0   0   6   0   0   0   0   0   0   0   0   0   0       2316.63076495
 f   0   0   0   6   0   0   0   0   0   0   0   1   0       -390.14500516
 f   0   0   7   0   0   0   0   0   0   0   0   0   0        918.47483332
 f   0   0   0   7   0   0   0   0   0   0   0   1   0       1101.83874779
 f   0   0   0   0   0   2   0   0   0   0   0   0   0      19879.25565582
 f   0   0   0   0   0   3   0   0   0   0   0   0   0      -7717.84616644
 f   0   0   0   0   0   4   0   0   0   0   0   0   0      -1255.76818289
 f   0   0   0   0   0   5   0   0   0   0   0   0   0       -385.18551517
 f   0   0   0   0   0   6   0   0   0   0   0   0   0       -316.29070980
 f   0   0   0   0   0   7   0   0   0   0   0   0   0       -538.93796837
 f   0   0   0   0   0   8   0   0   0   0   0   0   0        683.57491739
 f   0   0   0   0   0   0   0   1   0   0   0   1   0     -20311.10172955
 f   0   0   0   0   0   0   2   0   0   0   0   0   0      84720.61394282
 f   0   0   0   0   0   0   0   2   0   0   0   1   0       4331.33627200
 f   0   0   0   0   0   0   3   0   0   0   0   0   0     -12556.02967836
 f   0   0   0   0   0   0   0   3   0   0   0   1   0        701.06527137
 f   0   0   0   0   0   0   4   0   0   0   0   0   0       7636.69199844
 f   0   0   0   0   0   0   0   4   0   0   0   1   0      -3023.09243372
 f   0   0   0   0   0   0   5   0   0   0   0   0   0      -2028.45775182
 f   0   0   0   0   0   0   0   5   0   0   0   1   0       5867.71153691
 f   0   0   0   0   0   0   6   0   0   0   0   0   0      -2735.49233553
 f   0   0   0   0   0   0   0   6   0   0   0   1   0      -4290.27550626
 f   0   0   0   0   0   0   7   0   0   0   0   0   0       3125.80926126
 f   0   0   0   0   0   0   0   7   0   0   0   1   0       1627.58071442
 f   0   0   0   0   0   0   8   0   0   0   0   0   0      -2058.02261564
 f   0   0   0   0   0   0   0   8   0   0   0   1   0        365.58617151
 f   0   0   0   0   0   0   0   0   0   1   0   1   9        805.55182830
 f   0   0   0   0   0   0   0   0   0   2   0   0   9      19710.32496328
 f   0   0   0   0   0   0   0   0   0   2   0   1   9       -268.39785461
 f   0   0   0   0   0   0   0   0   0   1   2   0   8       5972.28694403
 h   0   0   0   0   0   0   0   0   0   2   1  -1   8       -836.21037519
 f   0   0   0   0   0   0   0   0   0   4   0   0   7         80.31445411
 f   0   0   0   0   0   0   0   0   0   4   0   1   7       -172.11150137
 f   0   0   0   0   0   0   0   0   0   5   0   0   6       -245.34487199
 h   0   0   0   0   0   0   0   0   0   4   1  -1   6         10.14674967
 f   0   0   0   0   0   0   0   0   0   4   2   0   5       -821.57272584
 f   0   0   0   0   0   0   0   0   0   2   4   0   5        187.13930801
 f   0   0   0   0   0   0   0   0   0   7   0   0   4        -30.40048178
 f   0   0   0   0   0   0   0   0   0   8   0   0   3         58.76734913
 f   0   0   0   0   0   0   0   0   0   8   0   1   3        -73.48438758

Correlation coefficients larger than 0.9: 
          corr(   5,   9) =  0.9818366
          corr(   5,  13) =  0.9055293
          corr(   6,  10) =  0.9942811
          corr(   9,  12) =  0.9293216
          corr(   9,  13) =  0.9559672
          corr(  12,  15) =  0.9041021

               --------------------------------------------------------------------------------
               :     old parm   :     new parm   :  delta parm  :   std. err.  : sensitility
               --------------------------------------------------------------------------------
  1  f          :  -25373820.57  :  -25373820.57  :        -0.000:         0.003:         0.000:!
  2  f          :        805.55  :        805.55  :         0.000:         0.066:         0.001:!
  3  f          :      19710.32  :      19710.32  :         0.000:         0.379:         0.000:!
  4  f          :       -268.40  :       -268.40  :        -0.000:         1.075:         0.002:!
  5  f          :       5972.29  :       5972.29  :        -0.000:         5.049:         0.001:!
  6  h          :       -836.21  :       -836.21  :         0.000:         4.950:         0.004:!
  7  f          :         80.31  :         80.31  :        -0.000:         2.226:         0.001:!
  8  f          :       -172.11  :       -172.11  :         0.000:         6.626:         0.002:!
  9  f          :       -245.34  :       -245.34  :         0.000:        10.634:         0.001:!
 10##h          :         10.15  :         10.15  :        -0.000:        12.866:         0.012:!#
 11  f          :       -821.57  :       -821.57  :         0.000:        23.360:         0.008:!
 12  f          :        187.14  :        187.14  :        -0.000:        34.896:         0.003:!
 13  f          :        -30.40  :        -30.40  :        -0.000:         4.756:         0.001:!
 14  f          :         58.77  :         58.77  :        -0.000:         1.585:         0.001:!
 15  f          :        -73.48  :        -73.48  :         0.000:         5.103:         0.001:!
relat_sterr_min,ilow_sterr, tivar:    0.10000000D+21   -1    3
rCOe                               0          1.42044790
rOHe                               0          0.95729738
rCH                                0          1.09078557
aHOC                               0        107.63554843
aHCO                               0        110.20319508
a1                                 0          2.16893551
a2                                 0          2.57276067
b1                                 0          1.78665851
Sa                                 0          0.00000000
Sb                                 0          0.00000000
 f   0   0   0   0   0   0   0   0   0   0   0   0   9  -25373820.56737433
 f   2   0   0   0   0   0   0   0   0   0   0   0   0      29630.93506084
 f   3   0   0   0   0   0   0   0   0   0   0   0   0       3609.55313028
 f   4   0   0   0   0   0   0   0   0   0   0   0   0       2936.74337084
 f   5   0   0   0   0   0   0   0   0   0   0   0   0       1758.19577326
 f   6   0   0   0   0   0   0   0   0   0   0   0   0       1197.65403583
 f   7   0   0   0   0   0   0   0   0   0   0   0   0        836.62376208
 f   8   0   0   0   0   0   0   0   0   0   0   0   0        328.29764036
 f   0   2   0   0   0   0   0   0   0   0   0   0   0      31940.40375184
 f   0   3   0   0   0   0   0   0   0   0   0   0   0       2798.60039599
 f   0   4   0   0   0   0   0   0   0   0   0   0   0       3127.91077202
 f   0   5   0   0   0   0   0   0   0   0   0   0   0       1770.42495615
 f   0   6   0   0   0   0   0   0   0   0   0   0   0       1270.31144120
 f   0   7   0   0   0   0   0   0   0   0   0   0   0        999.77677247
 f   0   8   0   0   0   0   0   0   0   0   0   0   0        401.59578020
 f   0   0   0   1   0   0   0   0   0   0   0   1   0      -4299.93395817
 f   0   0   2   0   0   0   0   0   0   0   0   0   0     126760.59310067
 f   0   0   0   2   0   0   0   0   0   0   0   1   0      -4884.89892522
 f   0   0   3   0   0   0   0   0   0   0   0   0   0     -10981.56098501
 f   0   0   0   3   0   0   0   0   0   0   0   1   0      -3611.63662521
 f   0   0   4   0   0   0   0   0   0   0   0   0   0       9575.44675453
 f   0   0   0   4   0   0   0   0   0   0   0   1   0      -2414.22235117
 f   0   0   5   0   0   0   0   0   0   0   0   0   0       3164.53742562
 f   0   0   0   5   0   0   0   0   0   0   0   1   0      -1668.89316562
 f   0   0   6   0   0   0   0   0   0   0   0   0   0       2316.63076495
 f   0   0   0   6   0   0   0   0   0   0   0   1   0       -390.14500516
 f   0   0   7   0   0   0   0   0   0   0   0   0   0        918.47483332
 f   0   0   0   7   0   0   0   0   0   0   0   1   0       1101.83874779
 f   0   0   0   0   0   2   0   0   0   0   0   0   0      19879.25565582
 f   0   0   0   0   0   3   0   0   0   0   0   0   0      -7717.84616644
 f   0   0   0   0   0   4   0   0   0   0   0   0   0      -1255.76818289
 f   0   0   0   0   0   5   0   0   0   0   0   0   0       -385.18551517
 f   0   0   0   0   0   6   0   0   0   0   0   0   0       -316.29070980
 f   0   0   0   0   0   7   0   0   0   0   0   0   0       -538.93796837
 f   0   0   0   0   0   8   0   0   0   0   0   0   0        683.57491739
 f   0   0   0   0   0   0   0   1   0   0   0   1   0     -20311.10172955
 f   0   0   0   0   0   0   2   0   0   0   0   0   0      84720.61394282
 f   0   0   0   0   0   0   0   2   0   0   0   1   0       4331.33627200
 f   0   0   0   0   0   0   3   0   0   0   0   0   0     -12556.02967836
 f   0   0   0   0   0   0   0   3   0   0   0   1   0        701.06527137
 f   0   0   0   0   0   0   4   0   0   0   0   0   0       7636.69199844
 f   0   0   0   0   0   0   0   4   0   0   0   1   0      -3023.09243372
 f   0   0   0   0   0   0   5   0   0   0   0   0   0      -2028.45775182
 f   0   0   0   0   0   0   0   5   0   0   0   1   0       5867.71153691
 f   0   0   0   0   0   0   6   0   0   0   0   0   0      -2735.49233553
 f   0   0   0   0   0   0   0   6   0   0   0   1   0      -4290.27550626
 f   0   0   0   0   0   0   7   0   0   0   0   0   0       3125.80926126
 f   0   0   0   0   0   0   0   7   0   0   0   1   0       1627.58071442
 f   0   0   0   0   0   0   8   0   0   0   0   0   0      -2058.02261564
 f   0   0   0   0   0   0   0   8   0   0   0   1   0        365.58617151
 f   0   0   0   0   0   0   0   0   0   1   0   1   9        805.55182830
 f   0   0   0   0   0   0   0   0   0   2   0   0   9      19710.32496328
 f   0   0   0   0   0   0   0   0   0   2   0   1   9       -268.39785461
 f   0   0   0   0   0   0   0   0   0   1   2   0   8       5972.28694403
 h   0   0   0   0   0   0   0   0   0   2   1  -1   8       -836.21037519
 f   0   0   0   0   0   0   0   0   0   4   0   0   7         80.31445411
 f   0   0   0   0   0   0   0   0   0   4   0   1   7       -172.11150137
 f   0   0   0   0   0   0   0   0   0   5   0   0   6       -245.34487199
 h   0   0   0   0   0   0   0   0   0   4   1  -1   6         10.14674967
 f   0   0   0   0   0   0   0   0   0   4   2   0   5       -821.57272584
 f   0   0   0   0   0   0   0   0   0   2   4   0   5        187.13930801
 f   0   0   0   0   0   0   0   0   0   7   0   0   4        -30.40048178
 f   0   0   0   0   0   0   0   0   0   8   0   0   3         58.76734913
 f   0   0   0   0   0   0   0   0   0   8   0   1   3        -73.48438758
relat_sterr_min,ilow_sterr, tivar:    0.10000000D+21   -1    4
rCOe                               0          1.42044790
rOHe                               0          0.95729738
rCH                                0          1.09078557
aHOC                               0        107.63554843
aHCO                               0        110.20319508
a1                                 0          2.16893551
a2                                 0          2.57276067
b1                                 0          1.78665851
Sa                                 0          0.00000000
Sb                                 0          0.00000000
 f   0   0   0   0   0   0   0   0   0   0   0   0   9  -25373820.56737433
 f   2   0   0   0   0   0   0   0   0   0   0   0   0      29630.93506084
 f   3   0   0   0   0   0   0   0   0   0   0   0   0       3609.55313028
 f   4   0   0   0   0   0   0   0   0   0   0   0   0       2936.74337084
 f   5   0   0   0   0   0   0   0   0   0   0   0   0       1758.19577326
 f   6   0   0   0   0   0   0   0   0   0   0   0   0       1197.65403583
 f   7   0   0   0   0   0   0   0   0   0   0   0   0        836.62376208
 f   8   0   0   0   0   0   0   0   0   0   0   0   0        328.29764036
 f   0   2   0   0   0   0   0   0   0   0   0   0   0      31940.40375184
 f   0   3   0   0   0   0   0   0   0   0   0   0   0       2798.60039599
 f   0   4   0   0   0   0   0   0   0   0   0   0   0       3127.91077202
 f   0   5   0   0   0   0   0   0   0   0   0   0   0       1770.42495615
 f   0   6   0   0   0   0   0   0   0   0   0   0   0       1270.31144120
 f   0   7   0   0   0   0   0   0   0   0   0   0   0        999.77677247
 f   0   8   0   0   0   0   0   0   0   0   0   0   0        401.59578020
 f   0   0   0   1   0   0   0   0   0   0   0   1   0      -4299.93395817
 f   0   0   2   0   0   0   0   0   0   0   0   0   0     126760.59310067
 f   0   0   0   2   0   0   0   0   0   0   0   1   0      -4884.89892522
 f   0   0   3   0   0   0   0   0   0   0   0   0   0     -10981.56098501
 f   0   0   0   3   0   0   0   0   0   0   0   1   0      -3611.63662521
 f   0   0   4   0   0   0   0   0   0   0   0   0   0       9575.44675453
 f   0   0   0   4   0   0   0   0   0   0   0   1   0      -2414.22235117
 f   0   0   5   0   0   0   0   0   0   0   0   0   0       3164.53742562
 f   0   0   0   5   0   0   0   0   0   0   0   1   0      -1668.89316562
 f   0   0   6   0   0   0   0   0   0   0   0   0   0       2316.63076495
 f   0   0   0   6   0   0   0   0   0   0   0   1   0       -390.14500516
 f   0   0   7   0   0   0   0   0   0   0   0   0   0        918.47483332
 f   0   0   0   7   0   0   0   0   0   0   0   1   0       1101.83874779
 f   0   0   0   0   0   2   0   0   0   0   0   0   0      19879.25565582
 f   0   0   0   0   0   3   0   0   0   0   0   0   0      -7717.84616644
 f   0   0   0   0   0   4   0   0   0   0   0   0   0      -1255.76818289
 f   0   0   0   0   0   5   0   0   0   0   0   0   0       -385.18551517
 f   0   0   0   0   0   6   0   0   0   0   0   0   0       -316.29070980
 f   0   0   0   0   0   7   0   0   0   0   0   0   0       -538.93796837
 f   0   0   0   0   0   8   0   0   0   0   0   0   0        683.57491739
 f   0   0   0   0   0   0   0   1   0   0   0   1   0     -20311.10172955
 f   0   0   0   0   0   0   2   0   0   0   0   0   0      84720.61394282
 f   0   0   0   0   0   0   0   2   0   0   0   1   0       4331.33627200
 f   0   0   0   0   0   0   3   0   0   0   0   0   0     -12556.02967836
 f   0   0   0   0   0   0   0   3   0   0   0   1   0        701.06527137
 f   0   0   0   0   0   0   4   0   0   0   0   0   0       7636.69199844
 f   0   0   0   0   0   0   0   4   0   0   0   1   0      -3023.09243372
 f   0   0   0   0   0   0   5   0   0   0   0   0   0      -2028.45775182
 f   0   0   0   0   0   0   0   5   0   0   0   1   0       5867.71153691
 f   0   0   0   0   0   0   6   0   0   0   0   0   0      -2735.49233553
 f   0   0   0   0   0   0   0   6   0   0   0   1   0      -4290.27550626
 f   0   0   0   0   0   0   7   0   0   0   0   0   0       3125.80926126
 f   0   0   0   0   0   0   0   7   0   0   0   1   0       1627.58071442
 f   0   0   0   0   0   0   8   0   0   0   0   0   0      -2058.02261564
 f   0   0   0   0   0   0   0   8   0   0   0   1   0        365.58617151
 f   0   0   0   0   0   0   0   0   0   1   0   1   9        805.55182830
 f   0   0   0   0   0   0   0   0   0   2   0   0   9      19710.32496328
 f   0   0   0   0   0   0   0   0   0   2   0   1   9       -268.39785461
 f   0   0   0   0   0   0   0   0   0   1   2   0   8       5972.28694403
 h   0   0   0   0   0   0   0   0   0   2   1  -1   8       -836.21037519
 f   0   0   0   0   0   0   0   0   0   4   0   0   7         80.31445411
 f   0   0   0   0   0   0   0   0   0   4   0   1   7       -172.11150137
 f   0   0   0   0   0   0   0   0   0   5   0   0   6       -245.34487199
 h   0   0   0   0   0   0   0   0   0   4   1  -1   6         10.14674967
 f   0   0   0   0   0   0   0   0   0   4   2   0   5       -821.57272584
 f   0   0   0   0   0   0   0   0   0   2   4   0   5        187.13930801
 f   0   0   0   0   0   0   0   0   0   7   0   0   4        -30.40048178
 f   0   0   0   0   0   0   0   0   0   8   0   0   3         58.76734913
 f   0   0   0   0   0   0   0   0   0   8   0   1   3        -73.48438758
relat_sterr_min,ilow_sterr, tivar:    0.10000000D+21   -1    5
rCOe                               0          1.42044790
rOHe                               0          0.95729738
rCH                                0          1.09078557
aHOC                               0        107.63554843
aHCO                               0        110.20319508
a1                                 0          2.16893551
a2                                 0          2.57276067
b1                                 0          1.78665851
Sa                                 0          0.00000000
Sb                                 0          0.00000000
 f   0   0   0   0   0   0   0   0   0   0   0   0   9  -25373820.56737433
 f   2   0   0   0   0   0   0   0   0   0   0   0   0      29630.93506084
 f   3   0   0   0   0   0   0   0   0   0   0   0   0       3609.55313028
 f   4   0   0   0   0   0   0   0   0   0   0   0   0       2936.74337084
 f   5   0   0   0   0   0   0   0   0   0   0   0   0       1758.19577326
 f   6   0   0   0   0   0   0   0   0   0   0   0   0       1197.65403583
 f   7   0   0   0   0   0   0   0   0   0   0   0   0        836.62376208
 f   8   0   0   0   0   0   0   0   0   0   0   0   0        328.29764036
 f   0   2   0   0   0   0   0   0   0   0   0   0   0      31940.40375184
 f   0   3   0   0   0   0   0   0   0   0   0   0   0       2798.60039599
 f   0   4   0   0   0   0   0   0   0   0   0   0   0       3127.91077202
 f   0   5   0   0   0   0   0   0   0   0   0   0   0       1770.42495615
 f   0   6   0   0   0   0   0   0   0   0   0   0   0       1270.31144120
 f   0   7   0   0   0   0   0   0   0   0   0   0   0        999.77677247
 f   0   8   0   0   0   0   0   0   0   0   0   0   0        401.59578020
 f   0   0   0   1   0   0   0   0   0   0   0   1   0      -4299.93395817
 f   0   0   2   0   0   0   0   0   0   0   0   0   0     126760.59310067
 f   0   0   0   2   0   0   0   0   0   0   0   1   0      -4884.89892522
 f   0   0   3   0   0   0   0   0   0   0   0   0   0     -10981.56098501
 f   0   0   0   3   0   0   0   0   0   0   0   1   0      -3611.63662521
 f   0   0   4   0   0   0   0   0   0   0   0   0   0       9575.44675453
 f   0   0   0   4   0   0   0   0   0   0   0   1   0      -2414.22235117
 f   0   0   5   0   0   0   0   0   0   0   0   0   0       3164.53742562
 f   0   0   0   5   0   0   0   0   0   0   0   1   0      -1668.89316562
 f   0   0   6   0   0   0   0   0   0   0   0   0   0       2316.63076495
 f   0   0   0   6   0   0   0   0   0   0   0   1   0       -390.14500516
 f   0   0   7   0   0   0   0   0   0   0   0   0   0        918.47483332
 f   0   0   0   7   0   0   0   0   0   0   0   1   0       1101.83874779
 f   0   0   0   0   0   2   0   0   0   0   0   0   0      19879.25565582
 f   0   0   0   0   0   3   0   0   0   0   0   0   0      -7717.84616644
 f   0   0   0   0   0   4   0   0   0   0   0   0   0      -1255.76818289
 f   0   0   0   0   0   5   0   0   0   0   0   0   0       -385.18551517
 f   0   0   0   0   0   6   0   0   0   0   0   0   0       -316.29070980
 f   0   0   0   0   0   7   0   0   0   0   0   0   0       -538.93796837
 f   0   0   0   0   0   8   0   0   0   0   0   0   0        683.57491739
 f   0   0   0   0   0   0   0   1   0   0   0   1   0     -20311.10172955
 f   0   0   0   0   0   0   2   0   0   0   0   0   0      84720.61394282
 f   0   0   0   0   0   0   0   2   0   0   0   1   0       4331.33627200
 f   0   0   0   0   0   0   3   0   0   0   0   0   0     -12556.02967836
 f   0   0   0   0   0   0   0   3   0   0   0   1   0        701.06527137
 f   0   0   0   0   0   0   4   0   0   0   0   0   0       7636.69199844
 f   0   0   0   0   0   0   0   4   0   0   0   1   0      -3023.09243372
 f   0   0   0   0   0   0   5   0   0   0   0   0   0      -2028.45775182
 f   0   0   0   0   0   0   0   5   0   0   0   1   0       5867.71153691
 f   0   0   0   0   0   0   6   0   0   0   0   0   0      -2735.49233553
 f   0   0   0   0   0   0   0   6   0   0   0   1   0      -4290.27550626
 f   0   0   0   0   0   0   7   0   0   0   0   0   0       3125.80926126
 f   0   0   0   0   0   0   0   7   0   0   0   1   0       1627.58071442
 f   0   0   0   0   0   0   8   0   0   0   0   0   0      -2058.02261564
 f   0   0   0   0   0   0   0   8   0   0   0   1   0        365.58617151
 f   0   0   0   0   0   0   0   0   0   1   0   1   9        805.55182830
 f   0   0   0   0   0   0   0   0   0   2   0   0   9      19710.32496328
 f   0   0   0   0   0   0   0   0   0   2   0   1   9       -268.39785461
 f   0   0   0   0   0   0   0   0   0   1   2   0   8       5972.28694403
 h   0   0   0   0   0   0   0   0   0   2   1  -1   8       -836.21037519
 f   0   0   0   0   0   0   0   0   0   4   0   0   7         80.31445411
 f   0   0   0   0   0   0   0   0   0   4   0   1   7       -172.11150137
 f   0   0   0   0   0   0   0   0   0   5   0   0   6       -245.34487199
 h   0   0   0   0   0   0   0   0   0   4   1  -1   6         10.14674967
 f   0   0   0   0   0   0   0   0   0   4   2   0   5       -821.57272584
 f   0   0   0   0   0   0   0   0   0   2   4   0   5        187.13930801
 f   0   0   0   0   0   0   0   0   0   7   0   0   4        -30.40048178
 f   0   0   0   0   0   0   0   0   0   8   0   0   3         58.76734913
 f   0   0   0   0   0   0   0   0   0   8   0   1   3        -73.48438758
relat_sterr,ilarge_sterr, tivar:        1.26801277   69    6
relat_sterr_min,ilow_sterr, tivar:    0.12680128D+01   69    6
rCOe                               0          1.42044790
rOHe                               0          0.95729738
rCH                                0          1.09078557
aHOC                               0        107.63554843
aHCO                               0        110.20319508
a1                                 0          2.16893551
a2                                 0          2.57276067
b1                                 0          1.78665851
Sa                                 0          0.00000000
Sb                                 0          0.00000000
 f   0   0   0   0   0   0   0   0   0   0   0   0   9  -25373820.56737433
 f   2   0   0   0   0   0   0   0   0   0   0   0   0      29630.93506084
 f   3   0   0   0   0   0   0   0   0   0   0   0   0       3609.55313028
 f   4   0   0   0   0   0   0   0   0   0   0   0   0       2936.74337084
 f   5   0   0   0   0   0   0   0   0   0   0   0   0       1758.19577326
 f   6   0   0   0   0   0   0   0   0   0   0   0   0       1197.65403583
 f   7   0   0   0   0   0   0   0   0   0   0   0   0        836.62376208
 f   8   0   0   0   0   0   0   0   0   0   0   0   0        328.29764036
 f   0   2   0   0   0   0   0   0   0   0   0   0   0      31940.40375184
 f   0   3   0   0   0   0   0   0   0   0   0   0   0       2798.60039599
 f   0   4   0   0   0   0   0   0   0   0   0   0   0       3127.91077202
 f   0   5   0   0   0   0   0   0   0   0   0   0   0       1770.42495615
 f   0   6   0   0   0   0   0   0   0   0   0   0   0       1270.31144120
 f   0   7   0   0   0   0   0   0   0   0   0   0   0        999.77677247
 f   0   8   0   0   0   0   0   0   0   0   0   0   0        401.59578020
 f   0   0   0   1   0   0   0   0   0   0   0   1   0      -4299.93395817
 f   0   0   2   0   0   0   0   0   0   0   0   0   0     126760.59310067
 f   0   0   0   2   0   0   0   0   0   0   0   1   0      -4884.89892522
 f   0   0   3   0   0   0   0   0   0   0   0   0   0     -10981.56098501
 f   0   0   0   3   0   0   0   0   0   0   0   1   0      -3611.63662521
 f   0   0   4   0   0   0   0   0   0   0   0   0   0       9575.44675453
 f   0   0   0   4   0   0   0   0   0   0   0   1   0      -2414.22235117
 f   0   0   5   0   0   0   0   0   0   0   0   0   0       3164.53742562
 f   0   0   0   5   0   0   0   0   0   0   0   1   0      -1668.89316562
 f   0   0   6   0   0   0   0   0   0   0   0   0   0       2316.63076495
 f   0   0   0   6   0   0   0   0   0   0   0   1   0       -390.14500516
 f   0   0   7   0   0   0   0   0   0   0   0   0   0        918.47483332
 f   0   0   0   7   0   0   0   0   0   0   0   1   0       1101.83874779
 f   0   0   0   0   0   2   0   0   0   0   0   0   0      19879.25565582
 f   0   0   0   0   0   3   0   0   0   0   0   0   0      -7717.84616644
 f   0   0   0   0   0   4   0   0   0   0   0   0   0      -1255.76818289
 f   0   0   0   0   0   5   0   0   0   0   0   0   0       -385.18551517
 f   0   0   0   0   0   6   0   0   0   0   0   0   0       -316.29070980
 f   0   0   0   0   0   7   0   0   0   0   0   0   0       -538.93796837
 f   0   0   0   0   0   8   0   0   0   0   0   0   0        683.57491739
 f   0   0   0   0   0   0   0   1   0   0   0   1   0     -20311.10172955
 f   0   0   0   0   0   0   2   0   0   0   0   0   0      84720.61394282
 f   0   0   0   0   0   0   0   2   0   0   0   1   0       4331.33627200
 f   0   0   0   0   0   0   3   0   0   0   0   0   0     -12556.02967836
 f   0   0   0   0   0   0   0   3   0   0   0   1   0        701.06527137
 f   0   0   0   0   0   0   4   0   0   0   0   0   0       7636.69199844
 f   0   0   0   0   0   0   0   4   0   0   0   1   0      -3023.09243372
 f   0   0   0   0   0   0   5   0   0   0   0   0   0      -2028.45775182
 f   0   0   0   0   0   0   0   5   0   0   0   1   0       5867.71153691
 f   0   0   0   0   0   0   6   0   0   0   0   0   0      -2735.49233553
 f   0   0   0   0   0   0   0   6   0   0   0   1   0      -4290.27550626
 f   0   0   0   0   0   0   7   0   0   0   0   0   0       3125.80926126
 f   0   0   0   0   0   0   0   7   0   0   0   1   0       1627.58071442
 f   0   0   0   0   0   0   8   0   0   0   0   0   0      -2058.02261564
 f   0   0   0   0   0   0   0   8   0   0   0   1   0        365.58617151
 f   0   0   0   0   0   0   0   0   0   1   0   1   9        805.55182830
 f   0   0   0   0   0   0   0   0   0   2   0   0   9      19710.32496328
 f   0   0   0   0   0   0   0   0   0   2   0   1   9       -268.39785461
 f   0   0   0   0   0   0   0   0   0   1   2   0   8       5972.28694403
 h   0   0   0   0   0   0   0   0   0   2   1  -1   8       -836.21037519
 f   0   0   0   0   0   0   0   0   0   4   0   0   7         80.31445411
 f   0   0   0   0   0   0   0   0   0   4   0   1   7       -172.11150137
 f   0   0   0   0   0   0   0   0   0   5   0   0   6       -245.34487199
 h   0   0   0   0   0   0   0   0   0   4   1  -1   0          0.00000000
 f   0   0   0   0   0   0   0   0   0   4   2   0   5       -821.57272584
 f   0   0   0   0   0   0   0   0   0   2   4   0   5        187.13930801
 f   0   0   0   0   0   0   0   0   0   7   0   0   4        -30.40048178
 f   0   0   0   0   0   0   0   0   0   8   0   0   3         58.76734913
 f   0   0   0   0   0   0   0   0   0   8   0   1   3        -73.48438758
     1 parameters are out - 
   |     1   |     35  |   0.71919E-01 |  0.62422E+01  |   0.139E+12 |
   |     2   |     35  |   0.10090E-01 |  0.62672E+01  |   0.614E+01 |
   |     3   |     35  |   0.10090E-01 |  0.62672E+01  |   0.281E-03 |
   |     4   |     35  |   0.10090E-01 |  0.62672E+01  |   0.237E-07 |
   |     5   |     35  |   0.10090E-01 |  0.62672E+01  |   0.246E-07 |
   |     6   |     35  |   0.10090E-01 |  0.62672E+01  |   0.261E-07 |
   |     7   |     35  |   0.10090E-01 |  0.62672E+01  |   0.256E-07 |
   |     8   |     35  |   0.10090E-01 |  0.62672E+01  |   0.270E-07 |
   |     9   |     35  |   0.10090E-01 |  0.62672E+01  |   0.137E-07 |
   |    10   |     35  |   0.10090E-01 |  0.62672E+01  |   0.127E-07 |
   |    11   |     35  |   0.10090E-01 |  0.62672E+01  |   0.669E-08 |
   |    12   |     35  |   0.10090E-01 |  0.62672E+01  |   0.333E-07 |
   |    13   |     35  |   0.10090E-01 |  0.62672E+01  |   0.965E-08 |
   |    14   |     35  |   0.10090E-01 |  0.62672E+01  |   0.985E-08 |
   |    15   |     35  |   0.10090E-01 |  0.62672E+01  |   0.214E-07 |
   |    16   |     35  |   0.10090E-01 |  0.62672E+01  |   0.203E-07 |
   |    17   |     35  |   0.10090E-01 |  0.62672E+01  |   0.109E-07 |
   |    18   |     35  |   0.10090E-01 |  0.62672E+01  |   0.624E-08 |
   |    19   |     35  |   0.10090E-01 |  0.62672E+01  |   0.294E-07 |
   |    20   |     35  |   0.10090E-01 |  0.62672E+01  |   0.302E-07 |
   |    21   |     35  |   0.10090E-01 |  0.62672E+01  |   0.372E-07 |

Watson Alpha parameter  0.1000 fitted with rms2 = 


Potential parameters rounded in accord. with their standart errors

rC  0  0  0  0  0  0  0  0  0  0  0  0   0   1.4204479    
rO  0  0  0  0  0  0  0  0  0  0  0  0   0  0.95729738    
rC  0  0  0  0  0  0  0  0  0  0  0  0   0   1.0907856    
aH  0  0  0  0  0  0  0  0  0  0  0  0   0   107.63555    
aH  0  0  0  0  0  0  0  0  0  0  0  0   0   110.20320    
a1  0  0  0  0  0  0  0  0  0  0  0  0   0   2.1689355    
a2  0  0  0  0  0  0  0  0  0  0  0  0   0   2.5727607    
b1  0  0  0  0  0  0  0  0  0  0  0  0   0   1.7866585    
Sa  0  0  0  0  0  0  0  0  0  0  0  0   0         0.0    
Sb  0  0  0  0  0  0  0  0  0  0  0  0   0         0.0    
 f  0  0  0  0  0  0  0  0  0  0  0  0   9    -25373820.5673    (      27)
 f  2  0  0  0  0  0  0  0  0  0  0  0   0   29630.935    
 f  3  0  0  0  0  0  0  0  0  0  0  0   0   3609.5531    
 f  4  0  0  0  0  0  0  0  0  0  0  0   0   2936.7434    
 f  5  0  0  0  0  0  0  0  0  0  0  0   0   1758.1958    
 f  6  0  0  0  0  0  0  0  0  0  0  0   0   1197.6540    
 f  7  0  0  0  0  0  0  0  0  0  0  0   0   836.62376    
 f  8  0  0  0  0  0  0  0  0  0  0  0   0   328.29764    
 f  0  2  0  0  0  0  0  0  0  0  0  0   0   31940.404    
 f  0  3  0  0  0  0  0  0  0  0  0  0   0   2798.6004    
 f  0  4  0  0  0  0  0  0  0  0  0  0   0   3127.9108    
 f  0  5  0  0  0  0  0  0  0  0  0  0   0   1770.4250    
 f  0  6  0  0  0  0  0  0  0  0  0  0   0   1270.3114    
 f  0  7  0  0  0  0  0  0  0  0  0  0   0   999.77677    
 f  0  8  0  0  0  0  0  0  0  0  0  0   0   401.59578    
 f  0  0  0  1  0  0  0  0  0  0  0  1   0  -4299.9340    
 f  0  0  2  0  0  0  0  0  0  0  0  0   0   126760.59    
 f  0  0  0  2  0  0  0  0  0  0  0  1   0  -4884.8989    
 f  0  0  3  0  0  0  0  0  0  0  0  0   0  -10981.561    
 f  0  0  0  3  0  0  0  0  0  0  0  1   0  -3611.6366    
 f  0  0  4  0  0  0  0  0  0  0  0  0   0   9575.4468    
 f  0  0  0  4  0  0  0  0  0  0  0  1   0  -2414.2224    
 f  0  0  5  0  0  0  0  0  0  0  0  0   0   3164.5374    
 f  0  0  0  5  0  0  0  0  0  0  0  1   0  -1668.8932    
 f  0  0  6  0  0  0  0  0  0  0  0  0   0   2316.6308    
 f  0  0  0  6  0  0  0  0  0  0  0  1   0  -390.14501    
 f  0  0  7  0  0  0  0  0  0  0  0  0   0   918.47483    
 f  0  0  0  7  0  0  0  0  0  0  0  1   0   1101.8387    
 f  0  0  0  0  0  2  0  0  0  0  0  0   0   19879.256    
 f  0  0  0  0  0  3  0  0  0  0  0  0   0  -7717.8462    
 f  0  0  0  0  0  4  0  0  0  0  0  0   0  -1255.7682    
 f  0  0  0  0  0  5  0  0  0  0  0  0   0  -385.18552    
 f  0  0  0  0  0  6  0  0  0  0  0  0   0  -316.29071    
 f  0  0  0  0  0  7  0  0  0  0  0  0   0  -538.93797    
 f  0  0  0  0  0  8  0  0  0  0  0  0   0   683.57492    
 f  0  0  0  0  0  0  0  1  0  0  0  1   0  -20311.102    
 f  0  0  0  0  0  0  2  0  0  0  0  0   0   84720.614    
 f  0  0  0  0  0  0  0  2  0  0  0  1   0   4331.3363    
 f  0  0  0  0  0  0  3  0  0  0  0  0   0  -12556.030    
 f  0  0  0  0  0  0  0  3  0  0  0  1   0   701.06527    
 f  0  0  0  0  0  0  4  0  0  0  0  0   0   7636.6920    
 f  0  0  0  0  0  0  0  4  0  0  0  1   0  -3023.0924    
 f  0  0  0  0  0  0  5  0  0  0  0  0   0  -2028.4578    
 f  0  0  0  0  0  0  0  5  0  0  0  1   0   5867.7115    
 f  0  0  0  0  0  0  6  0  0  0  0  0   0  -2735.4923    
 f  0  0  0  0  0  0  0  6  0  0  0  1   0  -4290.2755    
 f  0  0  0  0  0  0  7  0  0  0  0  0   0   3125.8093    
 f  0  0  0  0  0  0  0  7  0  0  0  1   0   1627.5807    
 f  0  0  0  0  0  0  8  0  0  0  0  0   0  -2058.0226    
 f  0  0  0  0  0  0  0  8  0  0  0  1   0   365.58617    
 f  0  0  0  0  0  0  0  0  0  1  0  1   9           805.573    (      60)
 f  0  0  0  0  0  0  0  0  0  2  0  0   9          19710.32    (      38)
 f  0  0  0  0  0  0  0  0  0  2  0  1   9            -268.4    (      11)
 f  0  0  0  0  0  0  0  0  0  1  2  0   8            5972.1    (      50)
 h  0  0  0  0  0  0  0  0  0  2  1 -1   8           -832.33    (      52)
 f  0  0  0  0  0  0  0  0  0  4  0  0   7              79.8    (      21)
 f  0  0  0  0  0  0  0  0  0  4  0  1   7            -169.7    (      58)
 f  0  0  0  0  0  0  0  0  0  5  0  0   6             -244.    (      10)
 h  0  0  0  0  0  0  0  0  0  4  1 -1   0         0.0    
 f  0  0  0  0  0  0  0  0  0  4  2  0   5             -809.    (      16)
 f  0  0  0  0  0  0  0  0  0  2  4  0   5              179.    (      33)
 f  0  0  0  0  0  0  0  0  0  7  0  0   4             -31.1    (      46)
 f  0  0  0  0  0  0  0  0  0  8  0  0   3              58.5    (      15)
 f  0  0  0  0  0  0  0  0  0  8  0  1   3             -72.0    (      47)
------------------------------
*  FITTING OF THE POTENTIAL PARAMETERS TO AB INITIO DATA                        
*                                                                               
*  2016                                                                         
*  C2H6                                                                         
      rCOe                        0          1.42044790
      rOHe                        0          0.95729738
       rCH                        0          1.09078557
      aHOC                        0        107.63554843
      aHCO                        0        110.20319508
        a1                        0          2.16893551
        a2                        0          2.57276067
        b1                        0          1.78665851
        Sa                        0          0.00000000
        Sb                        0          0.00000000
 f   0   0   0   0   0   0   0   0   0   0   0   0   9  -25373820.56733990
 f   2   0   0   0   0   0   0   0   0   0   0   0   0      29630.93506084
 f   3   0   0   0   0   0   0   0   0   0   0   0   0       3609.55313028
 f   4   0   0   0   0   0   0   0   0   0   0   0   0       2936.74337084
 f   5   0   0   0   0   0   0   0   0   0   0   0   0       1758.19577326
 f   6   0   0   0   0   0   0   0   0   0   0   0   0       1197.65403583
 f   7   0   0   0   0   0   0   0   0   0   0   0   0        836.62376208
 f   8   0   0   0   0   0   0   0   0   0   0   0   0        328.29764036
 f   0   2   0   0   0   0   0   0   0   0   0   0   0      31940.40375184
 f   0   3   0   0   0   0   0   0   0   0   0   0   0       2798.60039599
 f   0   4   0   0   0   0   0   0   0   0   0   0   0       3127.91077202
 f   0   5   0   0   0   0   0   0   0   0   0   0   0       1770.42495615
 f   0   6   0   0   0   0   0   0   0   0   0   0   0       1270.31144120
 f   0   7   0   0   0   0   0   0   0   0   0   0   0        999.77677247
 f   0   8   0   0   0   0   0   0   0   0   0   0   0        401.59578020
 f   0   0   0   1   0   0   0   0   0   0   0   1   0      -4299.93395817
 f   0   0   2   0   0   0   0   0   0   0   0   0   0     126760.59310067
 f   0   0   0   2   0   0   0   0   0   0   0   1   0      -4884.89892522
 f   0   0   3   0   0   0   0   0   0   0   0   0   0     -10981.56098501
 f   0   0   0   3   0   0   0   0   0   0   0   1   0      -3611.63662521
 f   0   0   4   0   0   0   0   0   0   0   0   0   0       9575.44675453
 f   0   0   0   4   0   0   0   0   0   0   0   1   0      -2414.22235117
 f   0   0   5   0   0   0   0   0   0   0   0   0   0       3164.53742562
 f   0   0   0   5   0   0   0   0   0   0   0   1   0      -1668.89316562
 f   0   0   6   0   0   0   0   0   0   0   0   0   0       2316.63076495
 f   0   0   0   6   0   0   0   0   0   0   0   1   0       -390.14500516
 f   0   0   7   0   0   0   0   0   0   0   0   0   0        918.47483332
 f   0   0   0   7   0   0   0   0   0   0   0   1   0       1101.83874779
 f   0   0   0   0   0   2   0   0   0   0   0   0   0      19879.25565582
 f   0   0   0   0   0   3   0   0   0   0   0   0   0      -7717.84616644
 f   0   0   0   0   0   4   0   0   0   0   0   0   0      -1255.76818289
 f   0   0   0   0   0   5   0   0   0   0   0   0   0       -385.18551517
 f   0   0   0   0   0   6   0   0   0   0   0   0   0       -316.29070980
 f   0   0   0   0   0   7   0   0   0   0   0   0   0       -538.93796837
 f   0   0   0   0   0   8   0   0   0   0   0   0   0        683.57491739
 f   0   0   0   0   0   0   0   1   0   0   0   1   0     -20311.10172955
 f   0   0   0   0   0   0   2   0   0   0   0   0   0      84720.61394282
 f   0   0   0   0   0   0   0   2   0   0   0   1   0       4331.33627200
 f   0   0   0   0   0   0   3   0   0   0   0   0   0     -12556.02967836
 f   0   0   0   0   0   0   0   3   0   0   0   1   0        701.06527137
 f   0   0   0   0   0   0   4   0   0   0   0   0   0       7636.69199844
 f   0   0   0   0   0   0   0   4   0   0   0   1   0      -3023.09243372
 f   0   0   0   0   0   0   5   0   0   0   0   0   0      -2028.45775182
 f   0   0   0   0   0   0   0   5   0   0   0   1   0       5867.71153691
 f   0   0   0   0   0   0   6   0   0   0   0   0   0      -2735.49233553
 f   0   0   0   0   0   0   0   6   0   0   0   1   0      -4290.27550626
 f   0   0   0   0   0   0   7   0   0   0   0   0   0       3125.80926126
 f   0   0   0   0   0   0   0   7   0   0   0   1   0       1627.58071442
 f   0   0   0   0   0   0   8   0   0   0   0   0   0      -2058.02261564
 f   0   0   0   0   0   0   0   8   0   0   0   1   0        365.58617151
 f   0   0   0   0   0   0   0   0   0   1   0   1   9        805.57253068
 f   0   0   0   0   0   0   0   0   0   2   0   0   9      19710.32393942
 f   0   0   0   0   0   0   0   0   0   2   0   1   9       -268.43831342
 f   0   0   0   0   0   0   0   0   0   1   2   0   8       5972.13329341
 h   0   0   0   0   0   0   0   0   0   2   1  -1   8       -832.32931468
 f   0   0   0   0   0   0   0   0   0   4   0   0   7         79.75662429
 f   0   0   0   0   0   0   0   0   0   4   0   1   7       -169.68805064
 f   0   0   0   0   0   0   0   0   0   5   0   0   6       -244.24579828
 h   0   0   0   0   0   0   0   0   0   4   1  -1   0          0.00000000
 f   0   0   0   0   0   0   0   0   0   4   2   0   5       -808.62651645
 f   0   0   0   0   0   0   0   0   0   2   4   0   5        178.55619514
 f   0   0   0   0   0   0   0   0   0   7   0   0   4        -31.05660646
 f   0   0   0   0   0   0   0   0   0   8   0   0   3         58.47481566
 f   0   0   0   0   0   0   0   0   0   8   0   1   3        -71.95922336

Correlation coefficients larger than 0.9: 
          corr(   2,   6) =  0.9478839
          corr(   5,   9) =  0.9962226
          corr(   5,  11) =  0.9554186
          corr(   5,  12) =  0.9272595
          corr(   9,  11) =  0.9432237
          corr(   9,  12) =  0.9558985

               --------------------------------------------------------------------------------
               :     old parm   :     new parm   :  delta parm  :   std. err.  : sensitility
               --------------------------------------------------------------------------------
  1  f          :  -25373820.57  :  -25373820.57  :         0.000:         0.003:         0.000:!
  2  f          :        805.57  :        805.57  :        -0.000:         0.060:         0.001:!
  3  f          :      19710.32  :      19710.32  :        -0.000:         0.375:         0.001:!
  4  f          :       -268.44  :       -268.44  :        -0.000:         1.065:         0.002:!
  5  f          :       5972.13  :       5972.13  :        -0.000:         4.999:         0.001:!
  6  h          :       -832.33  :       -832.33  :        -0.000:         0.524:         0.004:!
  7  f          :         79.76  :         79.76  :        -0.000:         2.092:         0.001:!
  8  f          :       -169.69  :       -169.69  :        -0.000:         5.817:         0.002:!
  9  f          :       -244.25  :       -244.25  :        -0.000:        10.447:         0.001:!
 10  f          :       -808.63  :       -808.63  :        -0.000:        16.470:         0.008:!
 11  f          :        178.56  :        178.56  :         0.000:        32.856:         0.003:!
 12  f          :        -31.06  :        -31.06  :         0.000:         4.640:         0.001:!
 13  f          :         58.47  :         58.47  :        -0.000:         1.527:         0.001:!
 14  f          :        -71.96  :        -71.96  :        -0.000:         4.680:         0.002:!
relat_sterr_min,ilow_sterr, tivar:    0.10000000D+21   -1    3
rCOe                               0          1.42044790
rOHe                               0          0.95729738
rCH                                0          1.09078557
aHOC                               0        107.63554843
aHCO                               0        110.20319508
a1                                 0          2.16893551
a2                                 0          2.57276067
b1                                 0          1.78665851
Sa                                 0          0.00000000
Sb                                 0          0.00000000
 f   0   0   0   0   0   0   0   0   0   0   0   0   9  -25373820.56733990
 f   2   0   0   0   0   0   0   0   0   0   0   0   0      29630.93506084
 f   3   0   0   0   0   0   0   0   0   0   0   0   0       3609.55313028
 f   4   0   0   0   0   0   0   0   0   0   0   0   0       2936.74337084
 f   5   0   0   0   0   0   0   0   0   0   0   0   0       1758.19577326
 f   6   0   0   0   0   0   0   0   0   0   0   0   0       1197.65403583
 f   7   0   0   0   0   0   0   0   0   0   0   0   0        836.62376208
 f   8   0   0   0   0   0   0   0   0   0   0   0   0        328.29764036
 f   0   2   0   0   0   0   0   0   0   0   0   0   0      31940.40375184
 f   0   3   0   0   0   0   0   0   0   0   0   0   0       2798.60039599
 f   0   4   0   0   0   0   0   0   0   0   0   0   0       3127.91077202
 f   0   5   0   0   0   0   0   0   0   0   0   0   0       1770.42495615
 f   0   6   0   0   0   0   0   0   0   0   0   0   0       1270.31144120
 f   0   7   0   0   0   0   0   0   0   0   0   0   0        999.77677247
 f   0   8   0   0   0   0   0   0   0   0   0   0   0        401.59578020
 f   0   0   0   1   0   0   0   0   0   0   0   1   0      -4299.93395817
 f   0   0   2   0   0   0   0   0   0   0   0   0   0     126760.59310067
 f   0   0   0   2   0   0   0   0   0   0   0   1   0      -4884.89892522
 f   0   0   3   0   0   0   0   0   0   0   0   0   0     -10981.56098501
 f   0   0   0   3   0   0   0   0   0   0   0   1   0      -3611.63662521
 f   0   0   4   0   0   0   0   0   0   0   0   0   0       9575.44675453
 f   0   0   0   4   0   0   0   0   0   0   0   1   0      -2414.22235117
 f   0   0   5   0   0   0   0   0   0   0   0   0   0       3164.53742562
 f   0   0   0   5   0   0   0   0   0   0   0   1   0      -1668.89316562
 f   0   0   6   0   0   0   0   0   0   0   0   0   0       2316.63076495
 f   0   0   0   6   0   0   0   0   0   0   0   1   0       -390.14500516
 f   0   0   7   0   0   0   0   0   0   0   0   0   0        918.47483332
 f   0   0   0   7   0   0   0   0   0   0   0   1   0       1101.83874779
 f   0   0   0   0   0   2   0   0   0   0   0   0   0      19879.25565582
 f   0   0   0   0   0   3   0   0   0   0   0   0   0      -7717.84616644
 f   0   0   0   0   0   4   0   0   0   0   0   0   0      -1255.76818289
 f   0   0   0   0   0   5   0   0   0   0   0   0   0       -385.18551517
 f   0   0   0   0   0   6   0   0   0   0   0   0   0       -316.29070980
 f   0   0   0   0   0   7   0   0   0   0   0   0   0       -538.93796837
 f   0   0   0   0   0   8   0   0   0   0   0   0   0        683.57491739
 f   0   0   0   0   0   0   0   1   0   0   0   1   0     -20311.10172955
 f   0   0   0   0   0   0   2   0   0   0   0   0   0      84720.61394282
 f   0   0   0   0   0   0   0   2   0   0   0   1   0       4331.33627200
 f   0   0   0   0   0   0   3   0   0   0   0   0   0     -12556.02967836
 f   0   0   0   0   0   0   0   3   0   0   0   1   0        701.06527137
 f   0   0   0   0   0   0   4   0   0   0   0   0   0       7636.69199844
 f   0   0   0   0   0   0   0   4   0   0   0   1   0      -3023.09243372
 f   0   0   0   0   0   0   5   0   0   0   0   0   0      -2028.45775182
 f   0   0   0   0   0   0   0   5   0   0   0   1   0       5867.71153691
 f   0   0   0   0   0   0   6   0   0   0   0   0   0      -2735.49233553
 f   0   0   0   0   0   0   0   6   0   0   0   1   0      -4290.27550626
 f   0   0   0   0   0   0   7   0   0   0   0   0   0       3125.80926126
 f   0   0   0   0   0   0   0   7   0   0   0   1   0       1627.58071442
 f   0   0   0   0   0   0   8   0   0   0   0   0   0      -2058.02261564
 f   0   0   0   0   0   0   0   8   0   0   0   1   0        365.58617151
 f   0   0   0   0   0   0   0   0   0   1   0   1   9        805.57253068
 f   0   0   0   0   0   0   0   0   0   2   0   0   9      19710.32393942
 f   0   0   0   0   0   0   0   0   0   2   0   1   9       -268.43831342
 f   0   0   0   0   0   0   0   0   0   1   2   0   8       5972.13329341
 h   0   0   0   0   0   0   0   0   0   2   1  -1   8       -832.32931468
 f   0   0   0   0   0   0   0   0   0   4   0   0   7         79.75662429
 f   0   0   0   0   0   0   0   0   0   4   0   1   7       -169.68805064
 f   0   0   0   0   0   0   0   0   0   5   0   0   6       -244.24579828
 h   0   0   0   0   0   0   0   0   0   4   1  -1   0          0.00000000
 f   0   0   0   0   0   0   0   0   0   4   2   0   5       -808.62651645
 f   0   0   0   0   0   0   0   0   0   2   4   0   5        178.55619514
 f   0   0   0   0   0   0   0   0   0   7   0   0   4        -31.05660646
 f   0   0   0   0   0   0   0   0   0   8   0   0   3         58.47481566
 f   0   0   0   0   0   0   0   0   0   8   0   1   3        -71.95922336
relat_sterr_min,ilow_sterr, tivar:    0.10000000D+21   -1    4
rCOe                               0          1.42044790
rOHe                               0          0.95729738
rCH                                0          1.09078557
aHOC                               0        107.63554843
aHCO                               0        110.20319508
a1                                 0          2.16893551
a2                                 0          2.57276067
b1                                 0          1.78665851
Sa                                 0          0.00000000
Sb                                 0          0.00000000
 f   0   0   0   0   0   0   0   0   0   0   0   0   9  -25373820.56733990
 f   2   0   0   0   0   0   0   0   0   0   0   0   0      29630.93506084
 f   3   0   0   0   0   0   0   0   0   0   0   0   0       3609.55313028
 f   4   0   0   0   0   0   0   0   0   0   0   0   0       2936.74337084
 f   5   0   0   0   0   0   0   0   0   0   0   0   0       1758.19577326
 f   6   0   0   0   0   0   0   0   0   0   0   0   0       1197.65403583
 f   7   0   0   0   0   0   0   0   0   0   0   0   0        836.62376208
 f   8   0   0   0   0   0   0   0   0   0   0   0   0        328.29764036
 f   0   2   0   0   0   0   0   0   0   0   0   0   0      31940.40375184
 f   0   3   0   0   0   0   0   0   0   0   0   0   0       2798.60039599
 f   0   4   0   0   0   0   0   0   0   0   0   0   0       3127.91077202
 f   0   5   0   0   0   0   0   0   0   0   0   0   0       1770.42495615
 f   0   6   0   0   0   0   0   0   0   0   0   0   0       1270.31144120
 f   0   7   0   0   0   0   0   0   0   0   0   0   0        999.77677247
 f   0   8   0   0   0   0   0   0   0   0   0   0   0        401.59578020
 f   0   0   0   1   0   0   0   0   0   0   0   1   0      -4299.93395817
 f   0   0   2   0   0   0   0   0   0   0   0   0   0     126760.59310067
 f   0   0   0   2   0   0   0   0   0   0   0   1   0      -4884.89892522
 f   0   0   3   0   0   0   0   0   0   0   0   0   0     -10981.56098501
 f   0   0   0   3   0   0   0   0   0   0   0   1   0      -3611.63662521
 f   0   0   4   0   0   0   0   0   0   0   0   0   0       9575.44675453
 f   0   0   0   4   0   0   0   0   0   0   0   1   0      -2414.22235117
 f   0   0   5   0   0   0   0   0   0   0   0   0   0       3164.53742562
 f   0   0   0   5   0   0   0   0   0   0   0   1   0      -1668.89316562
 f   0   0   6   0   0   0   0   0   0   0   0   0   0       2316.63076495
 f   0   0   0   6   0   0   0   0   0   0   0   1   0       -390.14500516
 f   0   0   7   0   0   0   0   0   0   0   0   0   0        918.47483332
 f   0   0   0   7   0   0   0   0   0   0   0   1   0       1101.83874779
 f   0   0   0   0   0   2   0   0   0   0   0   0   0      19879.25565582
 f   0   0   0   0   0   3   0   0   0   0   0   0   0      -7717.84616644
 f   0   0   0   0   0   4   0   0   0   0   0   0   0      -1255.76818289
 f   0   0   0   0   0   5   0   0   0   0   0   0   0       -385.18551517
 f   0   0   0   0   0   6   0   0   0   0   0   0   0       -316.29070980
 f   0   0   0   0   0   7   0   0   0   0   0   0   0       -538.93796837
 f   0   0   0   0   0   8   0   0   0   0   0   0   0        683.57491739
 f   0   0   0   0   0   0   0   1   0   0   0   1   0     -20311.10172955
 f   0   0   0   0   0   0   2   0   0   0   0   0   0      84720.61394282
 f   0   0   0   0   0   0   0   2   0   0   0   1   0       4331.33627200
 f   0   0   0   0   0   0   3   0   0   0   0   0   0     -12556.02967836
 f   0   0   0   0   0   0   0   3   0   0   0   1   0        701.06527137
 f   0   0   0   0   0   0   4   0   0   0   0   0   0       7636.69199844
 f   0   0   0   0   0   0   0   4   0   0   0   1   0      -3023.09243372
 f   0   0   0   0   0   0   5   0   0   0   0   0   0      -2028.45775182
 f   0   0   0   0   0   0   0   5   0   0   0   1   0       5867.71153691
 f   0   0   0   0   0   0   6   0   0   0   0   0   0      -2735.49233553
 f   0   0   0   0   0   0   0   6   0   0   0   1   0      -4290.27550626
 f   0   0   0   0   0   0   7   0   0   0   0   0   0       3125.80926126
 f   0   0   0   0   0   0   0   7   0   0   0   1   0       1627.58071442
 f   0   0   0   0   0   0   8   0   0   0   0   0   0      -2058.02261564
 f   0   0   0   0   0   0   0   8   0   0   0   1   0        365.58617151
 f   0   0   0   0   0   0   0   0   0   1   0   1   9        805.57253068
 f   0   0   0   0   0   0   0   0   0   2   0   0   9      19710.32393942
 f   0   0   0   0   0   0   0   0   0   2   0   1   9       -268.43831342
 f   0   0   0   0   0   0   0   0   0   1   2   0   8       5972.13329341
 h   0   0   0   0   0   0   0   0   0   2   1  -1   8       -832.32931468
 f   0   0   0   0   0   0   0   0   0   4   0   0   7         79.75662429
 f   0   0   0   0   0   0   0   0   0   4   0   1   7       -169.68805064
 f   0   0   0   0   0   0   0   0   0   5   0   0   6       -244.24579828
 h   0   0   0   0   0   0   0   0   0   4   1  -1   0          0.00000000
 f   0   0   0   0   0   0   0   0   0   4   2   0   5       -808.62651645
 f   0   0   0   0   0   0   0   0   0   2   4   0   5        178.55619514
 f   0   0   0   0   0   0   0   0   0   7   0   0   4        -31.05660646
 f   0   0   0   0   0   0   0   0   0   8   0   0   3         58.47481566
 f   0   0   0   0   0   0   0   0   0   8   0   1   3        -71.95922336
relat_sterr_min,ilow_sterr, tivar:    0.10000000D+21   -1    5
rCOe                               0          1.42044790
rOHe                               0          0.95729738
rCH                                0          1.09078557
aHOC                               0        107.63554843
aHCO                               0        110.20319508
a1                                 0          2.16893551
a2                                 0          2.57276067
b1                                 0          1.78665851
Sa                                 0          0.00000000
Sb                                 0          0.00000000
 f   0   0   0   0   0   0   0   0   0   0   0   0   9  -25373820.56733990
 f   2   0   0   0   0   0   0   0   0   0   0   0   0      29630.93506084
 f   3   0   0   0   0   0   0   0   0   0   0   0   0       3609.55313028
 f   4   0   0   0   0   0   0   0   0   0   0   0   0       2936.74337084
 f   5   0   0   0   0   0   0   0   0   0   0   0   0       1758.19577326
 f   6   0   0   0   0   0   0   0   0   0   0   0   0       1197.65403583
 f   7   0   0   0   0   0   0   0   0   0   0   0   0        836.62376208
 f   8   0   0   0   0   0   0   0   0   0   0   0   0        328.29764036
 f   0   2   0   0   0   0   0   0   0   0   0   0   0      31940.40375184
 f   0   3   0   0   0   0   0   0   0   0   0   0   0       2798.60039599
 f   0   4   0   0   0   0   0   0   0   0   0   0   0       3127.91077202
 f   0   5   0   0   0   0   0   0   0   0   0   0   0       1770.42495615
 f   0   6   0   0   0   0   0   0   0   0   0   0   0       1270.31144120
 f   0   7   0   0   0   0   0   0   0   0   0   0   0        999.77677247
 f   0   8   0   0   0   0   0   0   0   0   0   0   0        401.59578020
 f   0   0   0   1   0   0   0   0   0   0   0   1   0      -4299.93395817
 f   0   0   2   0   0   0   0   0   0   0   0   0   0     126760.59310067
 f   0   0   0   2   0   0   0   0   0   0   0   1   0      -4884.89892522
 f   0   0   3   0   0   0   0   0   0   0   0   0   0     -10981.56098501
 f   0   0   0   3   0   0   0   0   0   0   0   1   0      -3611.63662521
 f   0   0   4   0   0   0   0   0   0   0   0   0   0       9575.44675453
 f   0   0   0   4   0   0   0   0   0   0   0   1   0      -2414.22235117
 f   0   0   5   0   0   0   0   0   0   0   0   0   0       3164.53742562
 f   0   0   0   5   0   0   0   0   0   0   0   1   0      -1668.89316562
 f   0   0   6   0   0   0   0   0   0   0   0   0   0       2316.63076495
 f   0   0   0   6   0   0   0   0   0   0   0   1   0       -390.14500516
 f   0   0   7   0   0   0   0   0   0   0   0   0   0        918.47483332
 f   0   0   0   7   0   0   0   0   0   0   0   1   0       1101.83874779
 f   0   0   0   0   0   2   0   0   0   0   0   0   0      19879.25565582
 f   0   0   0   0   0   3   0   0   0   0   0   0   0      -7717.84616644
 f   0   0   0   0   0   4   0   0   0   0   0   0   0      -1255.76818289
 f   0   0   0   0   0   5   0   0   0   0   0   0   0       -385.18551517
 f   0   0   0   0   0   6   0   0   0   0   0   0   0       -316.29070980
 f   0   0   0   0   0   7   0   0   0   0   0   0   0       -538.93796837
 f   0   0   0   0   0   8   0   0   0   0   0   0   0        683.57491739
 f   0   0   0   0   0   0   0   1   0   0   0   1   0     -20311.10172955
 f   0   0   0   0   0   0   2   0   0   0   0   0   0      84720.61394282
 f   0   0   0   0   0   0   0   2   0   0   0   1   0       4331.33627200
 f   0   0   0   0   0   0   3   0   0   0   0   0   0     -12556.02967836
 f   0   0   0   0   0   0   0   3   0   0   0   1   0        701.06527137
 f   0   0   0   0   0   0   4   0   0   0   0   0   0       7636.69199844
 f   0   0   0   0   0   0   0   4   0   0   0   1   0      -3023.09243372
 f   0   0   0   0   0   0   5   0   0   0   0   0   0      -2028.45775182
 f   0   0   0   0   0   0   0   5   0   0   0   1   0       5867.71153691
 f   0   0   0   0   0   0   6   0   0   0   0   0   0      -2735.49233553
 f   0   0   0   0   0   0   0   6   0   0   0   1   0      -4290.27550626
 f   0   0   0   0   0   0   7   0   0   0   0   0   0       3125.80926126
 f   0   0   0   0   0   0   0   7   0   0   0   1   0       1627.58071442
 f   0   0   0   0   0   0   8   0   0   0   0   0   0      -2058.02261564
 f   0   0   0   0   0   0   0   8   0   0   0   1   0        365.58617151
 f   0   0   0   0   0   0   0   0   0   1   0   1   9        805.57253068
 f   0   0   0   0   0   0   0   0   0   2   0   0   9      19710.32393942
 f   0   0   0   0   0   0   0   0   0   2   0   1   9       -268.43831342
 f   0   0   0   0   0   0   0   0   0   1   2   0   8       5972.13329341
 h   0   0   0   0   0   0   0   0   0   2   1  -1   8       -832.32931468
 f   0   0   0   0   0   0   0   0   0   4   0   0   7         79.75662429
 f   0   0   0   0   0   0   0   0   0   4   0   1   7       -169.68805064
 f   0   0   0   0   0   0   0   0   0   5   0   0   6       -244.24579828
 h   0   0   0   0   0   0   0   0   0   4   1  -1   0          0.00000000
 f   0   0   0   0   0   0   0   0   0   4   2   0   5       -808.62651645
 f   0   0   0   0   0   0   0   0   0   2   4   0   5        178.55619514
 f   0   0   0   0   0   0   0   0   0   7   0   0   4        -31.05660646
 f   0   0   0   0   0   0   0   0   0   8   0   0   3         58.47481566
 f   0   0   0   0   0   0   0   0   0   8   0   1   3        -71.95922336
relat_sterr_min,ilow_sterr, tivar:    0.10000000D+21   -1    6
rCOe                               0          1.42044790
rOHe                               0          0.95729738
rCH                                0          1.09078557
aHOC                               0        107.63554843
aHCO                               0        110.20319508
a1                                 0          2.16893551
a2                                 0          2.57276067
b1                                 0          1.78665851
Sa                                 0          0.00000000
Sb                                 0          0.00000000
 f   0   0   0   0   0   0   0   0   0   0   0   0   9  -25373820.56733990
 f   2   0   0   0   0   0   0   0   0   0   0   0   0      29630.93506084
 f   3   0   0   0   0   0   0   0   0   0   0   0   0       3609.55313028
 f   4   0   0   0   0   0   0   0   0   0   0   0   0       2936.74337084
 f   5   0   0   0   0   0   0   0   0   0   0   0   0       1758.19577326
 f   6   0   0   0   0   0   0   0   0   0   0   0   0       1197.65403583
 f   7   0   0   0   0   0   0   0   0   0   0   0   0        836.62376208
 f   8   0   0   0   0   0   0   0   0   0   0   0   0        328.29764036
 f   0   2   0   0   0   0   0   0   0   0   0   0   0      31940.40375184
 f   0   3   0   0   0   0   0   0   0   0   0   0   0       2798.60039599
 f   0   4   0   0   0   0   0   0   0   0   0   0   0       3127.91077202
 f   0   5   0   0   0   0   0   0   0   0   0   0   0       1770.42495615
 f   0   6   0   0   0   0   0   0   0   0   0   0   0       1270.31144120
 f   0   7   0   0   0   0   0   0   0   0   0   0   0        999.77677247
 f   0   8   0   0   0   0   0   0   0   0   0   0   0        401.59578020
 f   0   0   0   1   0   0   0   0   0   0   0   1   0      -4299.93395817
 f   0   0   2   0   0   0   0   0   0   0   0   0   0     126760.59310067
 f   0   0   0   2   0   0   0   0   0   0   0   1   0      -4884.89892522
 f   0   0   3   0   0   0   0   0   0   0   0   0   0     -10981.56098501
 f   0   0   0   3   0   0   0   0   0   0   0   1   0      -3611.63662521
 f   0   0   4   0   0   0   0   0   0   0   0   0   0       9575.44675453
 f   0   0   0   4   0   0   0   0   0   0   0   1   0      -2414.22235117
 f   0   0   5   0   0   0   0   0   0   0   0   0   0       3164.53742562
 f   0   0   0   5   0   0   0   0   0   0   0   1   0      -1668.89316562
 f   0   0   6   0   0   0   0   0   0   0   0   0   0       2316.63076495
 f   0   0   0   6   0   0   0   0   0   0   0   1   0       -390.14500516
 f   0   0   7   0   0   0   0   0   0   0   0   0   0        918.47483332
 f   0   0   0   7   0   0   0   0   0   0   0   1   0       1101.83874779
 f   0   0   0   0   0   2   0   0   0   0   0   0   0      19879.25565582
 f   0   0   0   0   0   3   0   0   0   0   0   0   0      -7717.84616644
 f   0   0   0   0   0   4   0   0   0   0   0   0   0      -1255.76818289
 f   0   0   0   0   0   5   0   0   0   0   0   0   0       -385.18551517
 f   0   0   0   0   0   6   0   0   0   0   0   0   0       -316.29070980
 f   0   0   0   0   0   7   0   0   0   0   0   0   0       -538.93796837
 f   0   0   0   0   0   8   0   0   0   0   0   0   0        683.57491739
 f   0   0   0   0   0   0   0   1   0   0   0   1   0     -20311.10172955
 f   0   0   0   0   0   0   2   0   0   0   0   0   0      84720.61394282
 f   0   0   0   0   0   0   0   2   0   0   0   1   0       4331.33627200
 f   0   0   0   0   0   0   3   0   0   0   0   0   0     -12556.02967836
 f   0   0   0   0   0   0   0   3   0   0   0   1   0        701.06527137
 f   0   0   0   0   0   0   4   0   0   0   0   0   0       7636.69199844
 f   0   0   0   0   0   0   0   4   0   0   0   1   0      -3023.09243372
 f   0   0   0   0   0   0   5   0   0   0   0   0   0      -2028.45775182
 f   0   0   0   0   0   0   0   5   0   0   0   1   0       5867.71153691
 f   0   0   0   0   0   0   6   0   0   0   0   0   0      -2735.49233553
 f   0   0   0   0   0   0   0   6   0   0   0   1   0      -4290.27550626
 f   0   0   0   0   0   0   7   0   0   0   0   0   0       3125.80926126
 f   0   0   0   0   0   0   0   7   0   0   0   1   0       1627.58071442
 f   0   0   0   0   0   0   8   0   0   0   0   0   0      -2058.02261564
 f   0   0   0   0   0   0   0   8   0   0   0   1   0        365.58617151
 f   0   0   0   0   0   0   0   0   0   1   0   1   9        805.57253068
 f   0   0   0   0   0   0   0   0   0   2   0   0   9      19710.32393942
 f   0   0   0   0   0   0   0   0   0   2   0   1   9       -268.43831342
 f   0   0   0   0   0   0   0   0   0   1   2   0   8       5972.13329341
 h   0   0   0   0   0   0   0   0   0   2   1  -1   8       -832.32931468
 f   0   0   0   0   0   0   0   0   0   4   0   0   7         79.75662429
 f   0   0   0   0   0   0   0   0   0   4   0   1   7       -169.68805064
 f   0   0   0   0   0   0   0   0   0   5   0   0   6       -244.24579828
 h   0   0   0   0   0   0   0   0   0   4   1  -1   0          0.00000000
 f   0   0   0   0   0   0   0   0   0   4   2   0   5       -808.62651645
 f   0   0   0   0   0   0   0   0   0   2   4   0   5        178.55619514
 f   0   0   0   0   0   0   0   0   0   7   0   0   4        -31.05660646
 f   0   0   0   0   0   0   0   0   0   8   0   0   3         58.47481566
 f   0   0   0   0   0   0   0   0   0   8   0   1   3        -71.95922336
relat_sterr_min,ilow_sterr, tivar:    0.10000000D+21   -1    7
rCOe                               0          1.42044790
rOHe                               0          0.95729738
rCH                                0          1.09078557
aHOC                               0        107.63554843
aHCO                               0        110.20319508
a1                                 0          2.16893551
a2                                 0          2.57276067
b1                                 0          1.78665851
Sa                                 0          0.00000000
Sb                                 0          0.00000000
 f   0   0   0   0   0   0   0   0   0   0   0   0   9  -25373820.56733990
 f   2   0   0   0   0   0   0   0   0   0   0   0   0      29630.93506084
 f   3   0   0   0   0   0   0   0   0   0   0   0   0       3609.55313028
 f   4   0   0   0   0   0   0   0   0   0   0   0   0       2936.74337084
 f   5   0   0   0   0   0   0   0   0   0   0   0   0       1758.19577326
 f   6   0   0   0   0   0   0   0   0   0   0   0   0       1197.65403583
 f   7   0   0   0   0   0   0   0   0   0   0   0   0        836.62376208
 f   8   0   0   0   0   0   0   0   0   0   0   0   0        328.29764036
 f   0   2   0   0   0   0   0   0   0   0   0   0   0      31940.40375184
 f   0   3   0   0   0   0   0   0   0   0   0   0   0       2798.60039599
 f   0   4   0   0   0   0   0   0   0   0   0   0   0       3127.91077202
 f   0   5   0   0   0   0   0   0   0   0   0   0   0       1770.42495615
 f   0   6   0   0   0   0   0   0   0   0   0   0   0       1270.31144120
 f   0   7   0   0   0   0   0   0   0   0   0   0   0        999.77677247
 f   0   8   0   0   0   0   0   0   0   0   0   0   0        401.59578020
 f   0   0   0   1   0   0   0   0   0   0   0   1   0      -4299.93395817
 f   0   0   2   0   0   0   0   0   0   0   0   0   0     126760.59310067
 f   0   0   0   2   0   0   0   0   0   0   0   1   0      -4884.89892522
 f   0   0   3   0   0   0   0   0   0   0   0   0   0     -10981.56098501
 f   0   0   0   3   0   0   0   0   0   0   0   1   0      -3611.63662521
 f   0   0   4   0   0   0   0   0   0   0   0   0   0       9575.44675453
 f   0   0   0   4   0   0   0   0   0   0   0   1   0      -2414.22235117
 f   0   0   5   0   0   0   0   0   0   0   0   0   0       3164.53742562
 f   0   0   0   5   0   0   0   0   0   0   0   1   0      -1668.89316562
 f   0   0   6   0   0   0   0   0   0   0   0   0   0       2316.63076495
 f   0   0   0   6   0   0   0   0   0   0   0   1   0       -390.14500516
 f   0   0   7   0   0   0   0   0   0   0   0   0   0        918.47483332
 f   0   0   0   7   0   0   0   0   0   0   0   1   0       1101.83874779
 f   0   0   0   0   0   2   0   0   0   0   0   0   0      19879.25565582
 f   0   0   0   0   0   3   0   0   0   0   0   0   0      -7717.84616644
 f   0   0   0   0   0   4   0   0   0   0   0   0   0      -1255.76818289
 f   0   0   0   0   0   5   0   0   0   0   0   0   0       -385.18551517
 f   0   0   0   0   0   6   0   0   0   0   0   0   0       -316.29070980
 f   0   0   0   0   0   7   0   0   0   0   0   0   0       -538.93796837
 f   0   0   0   0   0   8   0   0   0   0   0   0   0        683.57491739
 f   0   0   0   0   0   0   0   1   0   0   0   1   0     -20311.10172955
 f   0   0   0   0   0   0   2   0   0   0   0   0   0      84720.61394282
 f   0   0   0   0   0   0   0   2   0   0   0   1   0       4331.33627200
 f   0   0   0   0   0   0   3   0   0   0   0   0   0     -12556.02967836
 f   0   0   0   0   0   0   0   3   0   0   0   1   0        701.06527137
 f   0   0   0   0   0   0   4   0   0   0   0   0   0       7636.69199844
 f   0   0   0   0   0   0   0   4   0   0   0   1   0      -3023.09243372
 f   0   0   0   0   0   0   5   0   0   0   0   0   0      -2028.45775182
 f   0   0   0   0   0   0   0   5   0   0   0   1   0       5867.71153691
 f   0   0   0   0   0   0   6   0   0   0   0   0   0      -2735.49233553
 f   0   0   0   0   0   0   0   6   0   0   0   1   0      -4290.27550626
 f   0   0   0   0   0   0   7   0   0   0   0   0   0       3125.80926126
 f   0   0   0   0   0   0   0   7   0   0   0   1   0       1627.58071442
 f   0   0   0   0   0   0   8   0   0   0   0   0   0      -2058.02261564
 f   0   0   0   0   0   0   0   8   0   0   0   1   0        365.58617151
 f   0   0   0   0   0   0   0   0   0   1   0   1   9        805.57253068
 f   0   0   0   0   0   0   0   0   0   2   0   0   9      19710.32393942
 f   0   0   0   0   0   0   0   0   0   2   0   1   9       -268.43831342
 f   0   0   0   0   0   0   0   0   0   1   2   0   8       5972.13329341
 h   0   0   0   0   0   0   0   0   0   2   1  -1   8       -832.32931468
 f   0   0   0   0   0   0   0   0   0   4   0   0   7         79.75662429
 f   0   0   0   0   0   0   0   0   0   4   0   1   7       -169.68805064
 f   0   0   0   0   0   0   0   0   0   5   0   0   6       -244.24579828
 h   0   0   0   0   0   0   0   0   0   4   1  -1   0          0.00000000
 f   0   0   0   0   0   0   0   0   0   4   2   0   5       -808.62651645
 f   0   0   0   0   0   0   0   0   0   2   4   0   5        178.55619514
 f   0   0   0   0   0   0   0   0   0   7   0   0   4        -31.05660646
 f   0   0   0   0   0   0   0   0   0   8   0   0   3         58.47481566
 f   0   0   0   0   0   0   0   0   0   8   0   1   3        -71.95922336
relat_sterr_min,ilow_sterr, tivar:    0.10000000D+21   -1    8
rCOe                               0          1.42044790
rOHe                               0          0.95729738
rCH                                0          1.09078557
aHOC                               0        107.63554843
aHCO                               0        110.20319508
a1                                 0          2.16893551
a2                                 0          2.57276067
b1                                 0          1.78665851
Sa                                 0          0.00000000
Sb                                 0          0.00000000
 f   0   0   0   0   0   0   0   0   0   0   0   0   9  -25373820.56733990
 f   2   0   0   0   0   0   0   0   0   0   0   0   0      29630.93506084
 f   3   0   0   0   0   0   0   0   0   0   0   0   0       3609.55313028
 f   4   0   0   0   0   0   0   0   0   0   0   0   0       2936.74337084
 f   5   0   0   0   0   0   0   0   0   0   0   0   0       1758.19577326
 f   6   0   0   0   0   0   0   0   0   0   0   0   0       1197.65403583
 f   7   0   0   0   0   0   0   0   0   0   0   0   0        836.62376208
 f   8   0   0   0   0   0   0   0   0   0   0   0   0        328.29764036
 f   0   2   0   0   0   0   0   0   0   0   0   0   0      31940.40375184
 f   0   3   0   0   0   0   0   0   0   0   0   0   0       2798.60039599
 f   0   4   0   0   0   0   0   0   0   0   0   0   0       3127.91077202
 f   0   5   0   0   0   0   0   0   0   0   0   0   0       1770.42495615
 f   0   6   0   0   0   0   0   0   0   0   0   0   0       1270.31144120
 f   0   7   0   0   0   0   0   0   0   0   0   0   0        999.77677247
 f   0   8   0   0   0   0   0   0   0   0   0   0   0        401.59578020
 f   0   0   0   1   0   0   0   0   0   0   0   1   0      -4299.93395817
 f   0   0   2   0   0   0   0   0   0   0   0   0   0     126760.59310067
 f   0   0   0   2   0   0   0   0   0   0   0   1   0      -4884.89892522
 f   0   0   3   0   0   0   0   0   0   0   0   0   0     -10981.56098501
 f   0   0   0   3   0   0   0   0   0   0   0   1   0      -3611.63662521
 f   0   0   4   0   0   0   0   0   0   0   0   0   0       9575.44675453
 f   0   0   0   4   0   0   0   0   0   0   0   1   0      -2414.22235117
 f   0   0   5   0   0   0   0   0   0   0   0   0   0       3164.53742562
 f   0   0   0   5   0   0   0   0   0   0   0   1   0      -1668.89316562
 f   0   0   6   0   0   0   0   0   0   0   0   0   0       2316.63076495
 f   0   0   0   6   0   0   0   0   0   0   0   1   0       -390.14500516
 f   0   0   7   0   0   0   0   0   0   0   0   0   0        918.47483332
 f   0   0   0   7   0   0   0   0   0   0   0   1   0       1101.83874779
 f   0   0   0   0   0   2   0   0   0   0   0   0   0      19879.25565582
 f   0   0   0   0   0   3   0   0   0   0   0   0   0      -7717.84616644
 f   0   0   0   0   0   4   0   0   0   0   0   0   0      -1255.76818289
 f   0   0   0   0   0   5   0   0   0   0   0   0   0       -385.18551517
 f   0   0   0   0   0   6   0   0   0   0   0   0   0       -316.29070980
 f   0   0   0   0   0   7   0   0   0   0   0   0   0       -538.93796837
 f   0   0   0   0   0   8   0   0   0   0   0   0   0        683.57491739
 f   0   0   0   0   0   0   0   1   0   0   0   1   0     -20311.10172955
 f   0   0   0   0   0   0   2   0   0   0   0   0   0      84720.61394282
 f   0   0   0   0   0   0   0   2   0   0   0   1   0       4331.33627200
 f   0   0   0   0   0   0   3   0   0   0   0   0   0     -12556.02967836
 f   0   0   0   0   0   0   0   3   0   0   0   1   0        701.06527137
 f   0   0   0   0   0   0   4   0   0   0   0   0   0       7636.69199844
 f   0   0   0   0   0   0   0   4   0   0   0   1   0      -3023.09243372
 f   0   0   0   0   0   0   5   0   0   0   0   0   0      -2028.45775182
 f   0   0   0   0   0   0   0   5   0   0   0   1   0       5867.71153691
 f   0   0   0   0   0   0   6   0   0   0   0   0   0      -2735.49233553
 f   0   0   0   0   0   0   0   6   0   0   0   1   0      -4290.27550626
 f   0   0   0   0   0   0   7   0   0   0   0   0   0       3125.80926126
 f   0   0   0   0   0   0   0   7   0   0   0   1   0       1627.58071442
 f   0   0   0   0   0   0   8   0   0   0   0   0   0      -2058.02261564
 f   0   0   0   0   0   0   0   8   0   0   0   1   0        365.58617151
 f   0   0   0   0   0   0   0   0   0   1   0   1   9        805.57253068
 f   0   0   0   0   0   0   0   0   0   2   0   0   9      19710.32393942
 f   0   0   0   0   0   0   0   0   0   2   0   1   9       -268.43831342
 f   0   0   0   0   0   0   0   0   0   1   2   0   8       5972.13329341
 h   0   0   0   0   0   0   0   0   0   2   1  -1   8       -832.32931468
 f   0   0   0   0   0   0   0   0   0   4   0   0   7         79.75662429
 f   0   0   0   0   0   0   0   0   0   4   0   1   7       -169.68805064
 f   0   0   0   0   0   0   0   0   0   5   0   0   6       -244.24579828
 h   0   0   0   0   0   0   0   0   0   4   1  -1   0          0.00000000
 f   0   0   0   0   0   0   0   0   0   4   2   0   5       -808.62651645
 f   0   0   0   0   0   0   0   0   0   2   4   0   5        178.55619514
 f   0   0   0   0   0   0   0   0   0   7   0   0   4        -31.05660646
 f   0   0   0   0   0   0   0   0   0   8   0   0   3         58.47481566
 f   0   0   0   0   0   0   0   0   0   8   0   1   3        -71.95922336

   ------------------------------------------------------------------
   |   iter  |  points |    deviat     |     rms       |  stability  |
   ------------------------------------------------------------------

   -----------------------------------------------------------
   |  param  |  points |   deviat    |    rms      | stability |
   -----------------------------------------------------------
   |    14   |     35  |   0.10090E-01 |  0.13810E+04  |    0.372E-07 |

############################################################################################
