************************************************************************************************************************************
 ************************************************************************************************************************************
 ************************************************************************************************************************************
 ****************                                                                                                    ****************
 ****************          *  FITTING OF THE POTENTIAL PARAMETERS TO AB INITIO DATA                                  ****************
 ****************          *                                                                                         ****************
 ****************          *  2016                                                                                   ****************
 ****************          *  C2H6                                                                                   ****************

 ****************                                                                                                    ****************
 ************************************************************************************************************************************
 ************************************************************************************************************************************
 ************************************************************************************************************************************
 
        12 <= number of degrees of freedom
         5 <= number of bonds
         7 <= number of bond angles
        20 <= number of iterations in the fit
  0.000000 <= The fit is over if the stability is reached 
  0.000010 <= The fit is over if the st.dev. best is reached 
  1.000000 <= sterr parameter out 
  0.000010 <= stdev parameter out 
         1 <= watson robust on (1) or of (0) 
        10 <= number of non-linear parameters
 parameters of structure 
rCOe      =           1.420
rOHe      =           0.957
rCH       =           1.088
aHOC      =         107.636
aHCO      =         108.459
a1        =           2.169
a2        =           2.573
b1        =           1.783
Sa        =           0.000
Sb        =           0.000
Lowest energy = -115.611863    

   ------------------------------------------------------------------
   |   iter  |  points |    deviat     |     rms       |  stability  |
   ------------------------------------------------------------------
   |     1   |    170  |   0.76869E+01 |  0.34704E+03  |   0.352E+08 |
   |     2   |    170  |   0.10944E+03 |  0.81110E+02  |   0.160E+01 |
   |     3   |    170  |   0.38037E-01 |  0.49405E+01  |   0.369E+03 |
   |     4   |    170  |   0.70963E-01 |  0.17190E+01  |   0.315E+01 |
   |     5   |    170  |   0.15526E-01 |  0.71934E+01  |   0.358E+01 |
   |     6   |    170  |   0.15526E-01 |  0.71912E+01  |   0.331E-03 |
   |     7   |    170  |   0.15526E-01 |  0.71944E+01  |   0.478E-06 |
   |     8   |    170  |   0.15526E-01 |  0.71944E+01  |   0.342E-06 |
   |     9   |    170  |   0.15526E-01 |  0.71944E+01  |   0.164E-07 |
   |    10   |    170  |   0.15526E-01 |  0.71944E+01  |   0.501E-08 |
   |    11   |    170  |   0.15526E-01 |  0.71944E+01  |   0.257E-08 |
   |    12   |    170  |   0.15526E-01 |  0.71944E+01  |   0.114E-07 |
   |    13   |    170  |   0.15526E-01 |  0.71944E+01  |   0.597E-08 |
   |    14   |    170  |   0.15526E-01 |  0.71944E+01  |   0.156E-08 |
   |    15   |    170  |   0.15526E-01 |  0.71944E+01  |   0.201E-08 |
   |    16   |    170  |   0.15526E-01 |  0.71944E+01  |   0.364E-08 |
   |    17   |    170  |   0.15526E-01 |  0.71944E+01  |   0.275E-08 |
   |    18   |    170  |   0.15526E-01 |  0.71944E+01  |   0.797E-08 |
   |    19   |    170  |   0.15526E-01 |  0.71944E+01  |   0.661E-09 |
   |    20   |    170  |   0.15526E-01 |  0.71944E+01  |   0.104E-07 |
   |    21   |    170  |   0.15526E-01 |  0.71944E+01  |   0.189E-08 |

Watson Alpha parameter  0.1000 fitted with rms2 = 


Potential parameters rounded in accord. with their standart errors

rC  0  0  0  0  0  0  0  0  0  0  0  0   9        1.42044790    (      66)
rO  0  0  0  0  0  0  0  0  0  0  0  0   9        0.95729738    (      49)
rC  0  0  0  0  0  0  0  0  0  0  0  0   9        1.09078556    (      46)
aH  0  0  0  0  0  0  0  0  0  0  0  0   9        107.635559    (      85)
aH  0  0  0  0  0  0  0  0  0  0  0  0   9        110.203195    (      46)
a1  0  0  0  0  0  0  0  0  0  0  0  0   0   2.1689355    
a2  0  0  0  0  0  0  0  0  0  0  0  0   0   2.5727607    
b1  0  0  0  0  0  0  0  0  0  0  0  0   0   1.7826628    
Sa  0  0  0  0  0  0  0  0  0  0  0  0   0         0.0    
Sb  0  0  0  0  0  0  0  0  0  0  0  0   0         0.0    
 f  0  0  0  0  0  0  0  0  0  0  0  0   9    -25373692.7089    (      39)
 f  0  0  0  0  0  0  0  0  0  0  0  3   9          128.4772    (      49)
 f  0  0  0  0  0  0  0  0  0  0  0  6   9            0.6412    (      50)
 f  0  0  0  0  0  0  0  0  0  0  0  9   9            0.0013    (      49)
 f  0  0  0  0  0  0  0  0  0  0  0 12   9            0.0004    (      50)
 f  0  0  0  0  0  0  0  0  0  0  0 15   9            0.0007    (      49)
 f  0  0  0  0  0  0  0  0  0  0  0 18   9           -0.0007    (      50)
 f  2  0  0  0  0  0  0  0  0  0  0  0   9          29630.95    (      35)
 f  3  0  0  0  0  0  0  0  0  0  0  0   9            3609.5    (      25)
 f  4  0  0  0  0  0  0  0  0  0  0  0   9            2936.6    (      57)
 f  5  0  0  0  0  0  0  0  0  0  0  0   9             1758.    (      21)
 f  6  0  0  0  0  0  0  0  0  0  0  0   9             1198.    (      33)
 f  7  0  0  0  0  0  0  0  0  0  0  0   9              837.    (      53)
 f  8  0  0  0  0  0  0  0  0  0  0  0   9              328.    (      71)
 f  0  2  0  0  0  0  0  0  0  0  0  0   9          31940.39    (      44)
 f  0  3  0  0  0  0  0  0  0  0  0  0   9            2798.6    (      19)
 f  0  4  0  0  0  0  0  0  0  0  0  0   9            3128.0    (      69)
 f  0  5  0  0  0  0  0  0  0  0  0  0   9             1770.    (      15)
 f  0  6  0  0  0  0  0  0  0  0  0  0   9             1270.    (      32)
 f  0  7  0  0  0  0  0  0  0  0  0  0   9             1001.    (      35)
 f  0  8  0  0  0  0  0  0  0  0  0  0   9              402.    (      41)
 f  0  0  2  0  0  0  0  0  0  0  0  0   9          124315.5    (      12)
 f  0  0  3  0  0  0  0  0  0  0  0  0   9          -11582.8    (      73)
 f  0  0  4  0  0  0  0  0  0  0  0  0   9             8887.    (      29)
 f  0  0  5  0  0  0  0  0  0  0  0  0   9             2781.    (      79)
 f  0  0  6  0  0  0  0  0  0  0  0  0   9             2098.    (     228)
 f  0  0  7  0  0  0  0  0  0  0  0  0   9             1033.    (     257)
 f  0  0  8  0  0  0  0  0  0  0  0  0   9              279.    (     594)
 f  0  0  0  1  0  0  0  0  0  0  0  1   9           4323.25    (      52)
 f  0  0  0  2  0  0  0  0  0  0  0  1   9            4891.4    (      28)
 f  0  0  0  3  0  0  0  0  0  0  0  1   9             3613.    (      19)
 f  0  0  0  4  0  0  0  0  0  0  0  1   9             2344.    (      71)
 f  0  0  0  5  0  0  0  0  0  0  0  1   9             1553.    (     219)
 f  0  0  0  6  0  0  0  0  0  0  0  1   9              950.    (     573)
 f  0  0  0  7  0  0  0  0  0  0  0  1   9             -763.    (     725)
 f  0  0  0  8  0  0  0  0  0  0  0  1   9            -1675.    (    1546)
 f  0  0  0  0  0  2  0  0  0  0  0  0   9          19878.96    (      38)
 f  0  0  0  0  0  3  0  0  0  0  0  0   9           -7716.9    (      15)
 f  0  0  0  0  0  4  0  0  0  0  0  0   9           -1254.5    (      49)
 f  0  0  0  0  0  5  0  0  0  0  0  0   9             -397.    (      13)
 f  0  0  0  0  0  6  0  0  0  0  0  0   9             -310.    (      18)
 f  0  0  0  0  0  7  0  0  0  0  0  0   9             -509.    (      31)
 f  0  0  0  0  0  8  0  0  0  0  0  0   9              654.    (      32)
 f  0  0  0  0  0  0  2  0  0  0  0  0   9          84732.41    (      98)
 f  0  0  0  0  0  0  3  0  0  0  0  0   9          -11655.8    (      39)
 f  0  0  0  0  0  0  4  0  0  0  0  0   9             6872.    (      13)
 f  0  0  0  0  0  0  5  0  0  0  0  0   9            -1269.    (      34)
 f  0  0  0  0  0  0  6  0  0  0  0  0   9            -3103.    (      56)
 f  0  0  0  0  0  0  7  0  0  0  0  0   9             3027.    (      81)
 f  0  0  0  0  0  0  8  0  0  0  0  0   9            -1888.    (      86)
 f  0  0  0  0  0  0  0  1  0  0  0  1   9          14931.29    (      34)
 f  0  0  0  0  0  0  0  2  0  0  0  1   9           -7471.0    (      22)
 f  0  0  0  0  0  0  0  3  0  0  0  1   9              -6.9    (      99)
 f  0  0  0  0  0  0  0  4  0  0  0  1   9             1758.    (      32)
 f  0  0  0  0  0  0  0  5  0  0  0  1   9            -4555.    (      87)
 f  0  0  0  0  0  0  0  6  0  0  0  1   9             3650.    (     135)
 f  0  0  0  0  0  0  0  7  0  0  0  1   9            -1233.    (     205)
 f  0  0  0  0  0  0  0  8  0  0  0  1   9             -272.    (     216)
 f  0  0  0  0  0  0  0  0  0  1  0  1   9           805.572    (      94)
 f  0  0  0  0  0  0  0  0  0  2  0  0   9          19710.59    (      48)
 f  0  0  0  0  0  0  0  0  0  2  0  1   9            -268.4    (      17)
 f  0  0  0  0  0  0  0  0  0  1  2  0   9            5972.1    (      78)
 h  0  0  0  0  0  0  0  0  0  2  1 -1   9           -832.33    (      82)
 f  0  0  0  0  0  0  0  0  0  4  0  0   9              78.4    (      29)
 f  0  0  0  0  0  0  0  0  0  4  0  1   9            -169.1    (      90)
 f  0  0  0  0  0  0  0  0  0  5  0  0   9             -244.    (      16)
 f  0  0  0  0  0  0  0  0  0  4  2  0   9             -802.    (      23)
 f  0  0  0  0  0  0  0  0  0  2  4  0   9              180.    (      51)
 f  0  0  0  0  0  0  0  0  0  7  0  0   9             -31.0    (      73)
 f  0  0  0  0  0  0  0  0  0  8  0  0   9              57.8    (      22)
 f  0  0  0  0  0  0  0  0  0  8  0  1   9             -71.2    (      71)
------------------------------
*  FITTING OF THE POTENTIAL PARAMETERS TO AB INITIO DATA                        
*                                                                               
*  2016                                                                         
*  C2H6                                                                         
      rCOe                        9          1.42044790
      rOHe                        9          0.95729738
       rCH                        9          1.09078556
      aHOC                        9        107.63555927
      aHCO                        9        110.20319545
        a1                        0          2.16893551
        a2                        0          2.57276067
        b1                        0          1.78266276
        Sa                        0          0.00000000
        Sb                        0          0.00000000
 f   0   0   0   0   0   0   0   0   0   0   0   0   9  -25373692.70885174
 f   0   0   0   0   0   0   0   0   0   0   0   3   9        128.47720764
 f   0   0   0   0   0   0   0   0   0   0   0   6   9          0.64117899
 f   0   0   0   0   0   0   0   0   0   0   0   9   9          0.00125599
 f   0   0   0   0   0   0   0   0   0   0   0  12   9          0.00039216
 f   0   0   0   0   0   0   0   0   0   0   0  15   9          0.00067652
 f   0   0   0   0   0   0   0   0   0   0   0  18   9         -0.00070521
 f   2   0   0   0   0   0   0   0   0   0   0   0   9      29630.95080976
 f   3   0   0   0   0   0   0   0   0   0   0   0   9       3609.54800115
 f   4   0   0   0   0   0   0   0   0   0   0   0   9       2936.57657583
 f   5   0   0   0   0   0   0   0   0   0   0   0   9       1758.22413869
 f   6   0   0   0   0   0   0   0   0   0   0   0   9       1198.25062877
 f   7   0   0   0   0   0   0   0   0   0   0   0   9        836.60197366
 f   8   0   0   0   0   0   0   0   0   0   0   0   9        327.67772301
 f   0   2   0   0   0   0   0   0   0   0   0   0   9      31940.38978488
 f   0   3   0   0   0   0   0   0   0   0   0   0   9       2798.60510517
 f   0   4   0   0   0   0   0   0   0   0   0   0   9       3128.04238569
 f   0   5   0   0   0   0   0   0   0   0   0   0   9       1770.26517299
 f   0   6   0   0   0   0   0   0   0   0   0   0   9       1269.84155712
 f   0   7   0   0   0   0   0   0   0   0   0   0   9       1000.50112670
 f   0   8   0   0   0   0   0   0   0   0   0   0   9        402.40979756
 f   0   0   2   0   0   0   0   0   0   0   0   0   9     124315.47437948
 f   0   0   3   0   0   0   0   0   0   0   0   0   9     -11582.75939661
 f   0   0   4   0   0   0   0   0   0   0   0   0   9       8887.23095260
 f   0   0   5   0   0   0   0   0   0   0   0   0   9       2780.93733705
 f   0   0   6   0   0   0   0   0   0   0   0   0   9       2098.25654891
 f   0   0   7   0   0   0   0   0   0   0   0   0   9       1033.16964448
 f   0   0   8   0   0   0   0   0   0   0   0   0   9        278.98914913
 f   0   0   0   1   0   0   0   0   0   0   0   1   9       4323.24702505
 f   0   0   0   2   0   0   0   0   0   0   0   1   9       4891.39754184
 f   0   0   0   3   0   0   0   0   0   0   0   1   9       3613.38578120
 f   0   0   0   4   0   0   0   0   0   0   0   1   9       2343.92378939
 f   0   0   0   5   0   0   0   0   0   0   0   1   9       1553.23131414
 f   0   0   0   6   0   0   0   0   0   0   0   1   9        950.13964974
 f   0   0   0   7   0   0   0   0   0   0   0   1   9       -762.51647853
 f   0   0   0   8   0   0   0   0   0   0   0   1   9      -1675.14199037
 f   0   0   0   0   0   2   0   0   0   0   0   0   9      19878.95785721
 f   0   0   0   0   0   3   0   0   0   0   0   0   9      -7716.85107322
 f   0   0   0   0   0   4   0   0   0   0   0   0   9      -1254.50092923
 f   0   0   0   0   0   5   0   0   0   0   0   0   9       -396.93856833
 f   0   0   0   0   0   6   0   0   0   0   0   0   9       -309.70151761
 f   0   0   0   0   0   7   0   0   0   0   0   0   9       -508.53871077
 f   0   0   0   0   0   8   0   0   0   0   0   0   9        654.41202803
 f   0   0   0   0   0   0   2   0   0   0   0   0   9      84732.40668585
 f   0   0   0   0   0   0   3   0   0   0   0   0   9     -11655.79205061
 f   0   0   0   0   0   0   4   0   0   0   0   0   9       6872.43363221
 f   0   0   0   0   0   0   5   0   0   0   0   0   9      -1269.01981486
 f   0   0   0   0   0   0   6   0   0   0   0   0   9      -3102.93417805
 f   0   0   0   0   0   0   7   0   0   0   0   0   9       3026.89977097
 f   0   0   0   0   0   0   8   0   0   0   0   0   9      -1888.29309554
 f   0   0   0   0   0   0   0   1   0   0   0   1   9      14931.28919239
 f   0   0   0   0   0   0   0   2   0   0   0   1   9      -7471.04774654
 f   0   0   0   0   0   0   0   3   0   0   0   1   9         -6.93643075
 f   0   0   0   0   0   0   0   4   0   0   0   1   9       1757.73153326
 f   0   0   0   0   0   0   0   5   0   0   0   1   9      -4554.98048112
 f   0   0   0   0   0   0   0   6   0   0   0   1   9       3650.00449278
 f   0   0   0   0   0   0   0   7   0   0   0   1   9      -1232.79359456
 f   0   0   0   0   0   0   0   8   0   0   0   1   9       -271.87507596
 f   0   0   0   0   0   0   0   0   0   1   0   1   9        805.57240079
 f   0   0   0   0   0   0   0   0   0   2   0   0   9      19710.59367715
 f   0   0   0   0   0   0   0   0   0   2   0   1   9       -268.44910244
 f   0   0   0   0   0   0   0   0   0   1   2   0   9       5972.07916165
 h   0   0   0   0   0   0   0   0   0   2   1  -1   9       -832.33008379
 f   0   0   0   0   0   0   0   0   0   4   0   0   9         78.37485377
 f   0   0   0   0   0   0   0   0   0   4   0   1   9       -169.09671009
 f   0   0   0   0   0   0   0   0   0   5   0   0   9       -244.37555834
 f   0   0   0   0   0   0   0   0   0   4   2   0   9       -801.57351030
 f   0   0   0   0   0   0   0   0   0   2   4   0   9        180.25614798
 f   0   0   0   0   0   0   0   0   0   7   0   0   9        -30.97650187
 f   0   0   0   0   0   0   0   0   0   8   0   0   9         57.81760067
 f   0   0   0   0   0   0   0   0   0   8   0   1   9        -71.18465924

Correlation coefficients larger than 0.9: 
          corr(   1,  14) =  0.9046460
          corr(   3,  28) =  0.9005280
          corr(  13,  15) =  0.9404678
          corr(  14,  16) =  0.9672301
          corr(  14,  18) =  0.9211624
          corr(  15,  17) =  0.9085514
          corr(  16,  18) =  0.9888337
          corr(  17,  19) =  0.9251988
          corr(  20,  22) =  0.9670331
          corr(  20,  24) =  0.9210024
          corr(  21,  23) =  0.9435287
          corr(  22,  24) =  0.9778287
          corr(  23,  25) =  0.9662355
          corr(  24,  26) =  0.9519163
          corr(  25,  26) =  0.9397638
          corr(  27,  29) =  0.9208200
          corr(  28,  30) =  0.9521765
          corr(  29,  31) =  0.9502846
          corr(  30,  32) =  0.9828366
          corr(  31,  33) =  0.9592239
          corr(  35,  37) =  0.9467182
          corr(  36,  38) =  0.9548470
          corr(  37,  39) =  0.9448708
          corr(  38,  40) =  0.9844265
          corr(  39,  41) =  0.9553650
          corr(  42,  44) =  0.9370651
          corr(  43,  45) =  0.9295210
          corr(  45,  47) =  0.9811085
          corr(  49,  51) =  0.9504768
          corr(  50,  52) =  0.9443769
          corr(  51,  53) =  0.9229041
          corr(  52,  54) =  0.9875106
          corr(  57,  59) =  0.9484439
          corr(  58,  60) =  0.9452357
          corr(  59,  61) =  0.9179038
          corr(  60,  62) =  0.9875566
          corr(  64,  68) =  0.9478818
          corr(  67,  71) =  0.9962230
          corr(  67,  73) =  0.9605772
          corr(  67,  74) =  0.9272608
          corr(  71,  73) =  0.9482112
          corr(  71,  74) =  0.9558980
          corr(  71,  76) =  0.9000534
          corr(  73,  76) =  0.9100353

               --------------------------------------------------------------------------------
               :     old parm   :     new parm   :  delta parm  :   std. err.  : sensitility
               --------------------------------------------------------------------------------
  1  rCOe       :          1.42  :          1.42  :        -0.000:         0.000:         0.000:!
  2  rOHe       :          0.96  :          0.96  :         0.000:         0.000:         0.000:!
  3  rCH        :          1.09  :          1.09  :        -0.000:         0.000:         0.000:!
  4  aHOC       :        107.64  :        107.64  :         0.000:         0.000:         0.000:!
  5  aHCO       :        110.20  :        110.20  :         0.000:         0.000:         0.000:!
  6  f          :  -25373692.71  :  -25373692.71  :         0.000:         0.004:         0.000:!
  7  f          :        128.48  :        128.48  :         0.000:         0.005:         0.000:!
  8  f          :          0.64  :          0.64  :        -0.000:         0.005:         0.000:!
  9##f          :          0.00  :          0.00  :        -0.000:         0.005:         0.000:!#
 10##f          :          0.00  :          0.00  :         0.000:         0.005:         0.000:!#
 11##f          :          0.00  :          0.00  :         0.000:         0.005:         0.000:!#
 12##f          :         -0.00  :         -0.00  :         0.000:         0.005:         0.000:!#
 13  f          :      29630.95  :      29630.95  :         0.000:         0.351:         0.001:!
 14  f          :       3609.55  :       3609.55  :         0.000:         2.458:         0.001:!
 15  f          :       2936.58  :       2936.58  :        -0.000:         5.717:         0.002:!
 16  f          :       1758.22  :       1758.22  :        -0.000:        21.387:         0.004:!
 17  f          :       1198.25  :       1198.25  :         0.000:        32.902:         0.008:!
 18  f          :        836.60  :        836.60  :         0.000:        53.020:         0.016:!
 19  f          :        327.68  :        327.68  :         0.000:        71.322:         0.029:!
 20  f          :      31940.39  :      31940.39  :        -0.000:         0.441:         0.001:!
 21  f          :       2798.61  :       2798.61  :         0.000:         1.947:         0.002:!
 22  f          :       3128.04  :       3128.04  :         0.000:         6.914:         0.004:!
 23  f          :       1770.27  :       1770.27  :        -0.000:        14.958:         0.009:!
 24  f          :       1269.84  :       1269.84  :        -0.000:        32.247:         0.019:!
 25  f          :       1000.50  :       1000.50  :         0.000:        35.116:         0.039:!
 26  f          :        402.41  :        402.41  :         0.000:        41.300:         0.059:!
 27  f          :     124315.47  :     124315.47  :        -0.000:         1.182:         0.002:!
 28  f          :     -11582.76  :     -11582.76  :         0.000:         7.261:         0.004:!
 29  f          :       8887.23  :       8887.23  :         0.000:        29.079:         0.010:!
 30  f          :       2780.94  :       2780.94  :        -0.000:        79.457:         0.023:!
 31  f          :       2098.26  :       2098.26  :        -0.000:       227.553:         0.053:!
 32  f          :       1033.17  :       1033.17  :         0.000:       256.888:         0.120:!
 33##f          :        278.99  :        278.99  :         0.000:       593.920:         0.266:!#
 34  f          :       4323.25  :       4323.25  :        -0.000:         0.524:         0.001:!
 35  f          :       4891.40  :       4891.40  :         0.000:         2.824:         0.004:!
 36  f          :       3613.39  :       3613.39  :         0.000:        19.175:         0.011:!
 37  f          :       2343.92  :       2343.92  :        -0.000:        71.438:         0.026:!
 38  f          :       1553.23  :       1553.23  :        -0.000:       218.651:         0.062:!
 39  f          :        950.14  :        950.14  :         0.000:       573.497:         0.144:!
 40  f          :       -762.52  :       -762.52  :         0.000:       724.597:         0.333:!
 41  f          :      -1675.14  :      -1675.14  :        -0.000:      1545.903:         0.761:!
 42  f          :      19878.96  :      19878.96  :         0.000:         0.382:         0.000:!
 43  f          :      -7716.85  :      -7716.85  :         0.000:         1.537:         0.000:!
 44  f          :      -1254.50  :      -1254.50  :        -0.000:         4.894:         0.000:!
 45  f          :       -396.94  :       -396.94  :        -0.000:        12.951:         0.000:!
 46  f          :       -309.70  :       -309.70  :         0.000:        18.428:         0.000:!
 47  f          :       -508.54  :       -508.54  :         0.000:        30.613:         0.001:!
 48  f          :        654.41  :        654.41  :        -0.000:        31.539:         0.001:!
 49  f          :      84732.41  :      84732.41  :         0.000:         0.981:         0.001:!
 50  f          :     -11655.79  :     -11655.79  :        -0.000:         3.934:         0.002:!
 51  f          :       6872.43  :       6872.43  :        -0.000:        13.432:         0.005:!
 52  f          :      -1269.02  :      -1269.02  :         0.000:        34.488:         0.009:!
 53  f          :      -3102.93  :      -3102.93  :         0.000:        55.641:         0.017:!
 54  f          :       3026.90  :       3026.90  :        -0.000:        80.975:         0.032:!
 55  f          :      -1888.29  :      -1888.29  :        -0.000:        86.196:         0.061:!
 56  f          :      14931.29  :      14931.29  :         0.000:         0.337:         0.001:!
 57  f          :      -7471.05  :      -7471.05  :         0.000:         2.207:         0.003:!
 58##f          :         -6.94  :         -6.94  :        -0.000:         9.906:         0.006:!#
 59  f          :       1757.73  :       1757.73  :        -0.000:        31.533:         0.012:!
 60  f          :      -4554.98  :      -4554.98  :         0.000:        87.206:         0.022:!
 61  f          :       3650.00  :       3650.00  :         0.000:       134.849:         0.043:!
 62  f          :      -1232.79  :      -1232.79  :        -0.000:       204.796:         0.082:!
 63  f          :       -271.88  :       -271.88  :        -0.000:       215.855:         0.154:!
 64  f          :        805.57  :        805.57  :         0.000:         0.094:         0.000:!
 65  f          :      19710.59  :      19710.59  :         0.000:         0.477:         0.000:!
 66  f          :       -268.45  :       -268.45  :        -0.000:         1.669:         0.001:!
 67  f          :       5972.08  :       5972.08  :         0.000:         7.839:         0.001:!
 68  h          :       -832.33  :       -832.33  :         0.000:         0.821:         0.002:!
 69  f          :         78.37  :         78.37  :        -0.000:         2.854:         0.000:!
 70  f          :       -169.10  :       -169.10  :         0.000:         8.952:         0.001:!
 71  f          :       -244.38  :       -244.38  :         0.000:        16.381:         0.001:!
 72  f          :       -801.57  :       -801.57  :         0.000:        22.619:         0.005:!
 73  f          :        180.26  :        180.26  :        -0.000:        51.197:         0.002:!
 74  f          :        -30.98  :        -30.98  :        -0.000:         7.276:         0.001:!
 75  f          :         57.82  :         57.82  :        -0.000:         2.181:         0.000:!
 76  f          :        -71.18  :        -71.18  :         0.000:         7.108:         0.001:!

   ------------------------------------------------------------------
   |   iter  |  points |    deviat     |     rms       |  stability  |
   ------------------------------------------------------------------

   -----------------------------------------------------------
   |  param  |  points |   deviat    |    rms      | stability |
   -----------------------------------------------------------
   |    76   |    170  |   0.15526E-01 |  0.88063E+04  |    0.189E-08 |

############################################################################################
