************************************************************************************************************************************
 ************************************************************************************************************************************
 ************************************************************************************************************************************
 ****************                                                                                                    ****************
 ****************          *  FITTING OF THE POTENTIAL PARAMETERS TO AB INITIO DATA                                  ****************
 ****************          *                                                                                         ****************
 ****************          *  2016                                                                                   ****************
 ****************          *  C2H6                                                                                   ****************

 ****************                                                                                                    ****************
 ************************************************************************************************************************************
 ************************************************************************************************************************************
 ************************************************************************************************************************************
 
        12 <= number of degrees of freedom
         5 <= number of bonds
         7 <= number of bond angles
        20 <= number of iterations in the fit
  0.000000 <= The fit is over if the stability is reached 
  0.000010 <= The fit is over if the st.dev. best is reached 
  1.000000 <= sterr parameter out 
  0.000010 <= stdev parameter out 
         1 <= watson robust on (1) or of (0) 
        10 <= number of non-linear parameters
 parameters of structure 
rCOe      =           1.420
rOHe      =           0.957
rCH       =           1.088
aHOC      =         107.636
aHCO      =         108.459
a1        =           2.169
a2        =           2.573
b1        =           1.783
Sa        =          -0.010
Sb        =           0.018
Lowest energy = -115.611612    

   ------------------------------------------------------------------
   |   iter  |  points |    deviat     |     rms       |  stability  |
   ------------------------------------------------------------------
   |     1   |     13  |   0.14686E+02 |  0.15888E+03  |   0.390E+08 |
   |     2   |     13  |   0.62418E-03 |  0.38710E-03  |   0.120E+07 |
   |     3   |     13  |   0.93712E-03 |  0.58118E-03  |   0.771E+00 |
   |     4   |     13  |   0.62418E-03 |  0.38710E-03  |   0.501E+00 |
   |     5   |     13  |   0.62418E-03 |  0.38710E-03  |   0.723E-06 |
   |     6   |     13  |   0.62418E-03 |  0.38710E-03  |   0.327E-06 |
   |     7   |     13  |   0.62418E-03 |  0.38710E-03  |   0.583E-06 |
   |     8   |     13  |   0.62418E-03 |  0.38710E-03  |   0.485E-06 |
   |     9   |     13  |   0.62418E-03 |  0.38710E-03  |   0.173E-05 |
   |    10   |     13  |   0.62418E-03 |  0.38710E-03  |   0.114E-05 |
   |    11   |     13  |   0.62418E-03 |  0.38710E-03  |   0.891E-06 |
   |    12   |     13  |   0.62418E-03 |  0.38710E-03  |   0.198E-05 |
   |    13   |     13  |   0.62418E-03 |  0.38710E-03  |   0.185E-05 |
   |    14   |     13  |   0.62418E-03 |  0.38710E-03  |   0.236E-06 |
   |    15   |     13  |   0.62418E-03 |  0.38710E-03  |   0.114E-05 |
   |    16   |     13  |   0.62418E-03 |  0.38710E-03  |   0.214E-06 |
   |    17   |     13  |   0.62418E-03 |  0.38710E-03  |   0.168E-05 |
   |    18   |     13  |   0.62418E-03 |  0.38710E-03  |   0.172E-05 |
   |    19   |     13  |   0.62418E-03 |  0.38710E-03  |   0.196E-05 |
   |    20   |     13  |   0.62418E-03 |  0.38710E-03  |   0.816E-06 |
   |    21   |     13  |   0.62418E-03 |  0.38710E-03  |   0.811E-06 |

Watson Alpha parameter  0.1000 fitted with rms2 = 


Potential parameters rounded in accord. with their standart errors

rC  0  0  0  0  0  0  0  0  0  0  0  0   0   1.4204479    
rO  0  0  0  0  0  0  0  0  0  0  0  0   0  0.95729738    
rC  0  0  0  0  0  0  0  0  0  0  0  0   0   1.0883773    
aH  0  0  0  0  0  0  0  0  0  0  0  0   0   107.63555    
aH  0  0  0  0  0  0  0  0  0  0  0  0   0   108.45879    
a1  0  0  0  0  0  0  0  0  0  0  0  0   0   2.1689355    
a2  0  0  0  0  0  0  0  0  0  0  0  0   0   2.5727607    
b1  0  0  0  0  0  0  0  0  0  0  0  0   0   1.7826628    
Sa  0  0  0  0  0  0  0  0  0  0  0  0   0  -.10164900E-01
Sb  0  0  0  0  0  0  0  0  0  0  0  0   0  0.17638030E-01
 f  0  0  0  0  0  0  0  0  0  0  0  0   9   -25373770.65439    (      18)
 f  0  0  0  0  0  0  0  0  0  0  0  3   9         128.47473    (      24)
 f  0  0  0  0  0  0  0  0  0  0  0  6   8           0.64155    (      24)
 f  0  0  0  0  0  0  0  0  0  0  0  9   7           0.00065    (      24)
 f  0  0  0  0  0  0  0  0  0  0  0 12   6           0.00073    (      24)
 f  0  0  0  0  0  0  0  0  0  0  0 15   5           0.00021    (      24)
 f  0  0  0  0  0  0  0  0  0  0  0 18   4          -0.00037    (      24)
 f  0  0  0  0  0  0  0  0  0  0  0 21   3           0.00023    (      24)
 f  2  0  0  0  0  0  0  0  0  0  0  0   0   29630.935    
 f  3  0  0  0  0  0  0  0  0  0  0  0   0   3609.5531    
 f  4  0  0  0  0  0  0  0  0  0  0  0   0   2936.7434    
 f  5  0  0  0  0  0  0  0  0  0  0  0   0   1758.1958    
 f  6  0  0  0  0  0  0  0  0  0  0  0   0   1197.6540    
 f  7  0  0  0  0  0  0  0  0  0  0  0   0   836.62376    
 f  8  0  0  0  0  0  0  0  0  0  0  0   0   328.29764    
 f  0  2  0  0  0  0  0  0  0  0  0  0   0   31940.404    
 f  0  3  0  0  0  0  0  0  0  0  0  0   0   2798.6004    
 f  0  4  0  0  0  0  0  0  0  0  0  0   0   3127.9108    
 f  0  5  0  0  0  0  0  0  0  0  0  0   0   1770.4250    
 f  0  6  0  0  0  0  0  0  0  0  0  0   0   1270.3114    
 f  0  7  0  0  0  0  0  0  0  0  0  0   0   999.77677    
 f  0  8  0  0  0  0  0  0  0  0  0  0   0   401.59578    
 f  0  0  0  1  0  0  0  0  0  0  0  1   0  -4299.9340    
 f  0  0  2  0  0  0  0  0  0  0  0  0   0   126760.59    
 f  0  0  0  2  0  0  0  0  0  0  0  1   0  -4884.8989    
 f  0  0  3  0  0  0  0  0  0  0  0  0   0  -10981.561    
 f  0  0  0  3  0  0  0  0  0  0  0  1   0  -3611.6366    
 f  0  0  4  0  0  0  0  0  0  0  0  0   0   9575.4468    
 f  0  0  0  4  0  0  0  0  0  0  0  1   0  -2414.2224    
 f  0  0  5  0  0  0  0  0  0  0  0  0   0   3164.5374    
 f  0  0  0  5  0  0  0  0  0  0  0  1   0  -1668.8932    
 f  0  0  6  0  0  0  0  0  0  0  0  0   0   2316.6308    
 f  0  0  0  6  0  0  0  0  0  0  0  1   0  -390.14501    
 f  0  0  7  0  0  0  0  0  0  0  0  0   0   918.47483    
 f  0  0  0  7  0  0  0  0  0  0  0  1   0   1101.8387    
 f  0  0  0  0  0  2  0  0  0  0  0  0   0   19879.256    
 f  0  0  0  0  0  3  0  0  0  0  0  0   0  -7717.8462    
 f  0  0  0  0  0  4  0  0  0  0  0  0   0  -1255.7682    
 f  0  0  0  0  0  5  0  0  0  0  0  0   0  -385.18552    
 f  0  0  0  0  0  6  0  0  0  0  0  0   0  -316.29071    
 f  0  0  0  0  0  7  0  0  0  0  0  0   0  -538.93797    
 f  0  0  0  0  0  8  0  0  0  0  0  0   0   683.57492    
 f  0  0  0  0  0  0  0  1  0  0  0  1   0  -20311.102    
 f  0  0  0  0  0  0  2  0  0  0  0  0   0   84720.614    
 f  0  0  0  0  0  0  0  2  0  0  0  1   0   4331.3363    
 f  0  0  0  0  0  0  3  0  0  0  0  0   0  -12556.030    
 f  0  0  0  0  0  0  0  3  0  0  0  1   0   701.06527    
 f  0  0  0  0  0  0  4  0  0  0  0  0   0   7636.6920    
 f  0  0  0  0  0  0  0  4  0  0  0  1   0  -3023.0924    
 f  0  0  0  0  0  0  5  0  0  0  0  0   0  -2028.4578    
 f  0  0  0  0  0  0  0  5  0  0  0  1   0   5867.7115    
 f  0  0  0  0  0  0  6  0  0  0  0  0   0  -2735.4923    
 f  0  0  0  0  0  0  0  6  0  0  0  1   0  -4290.2755    
 f  0  0  0  0  0  0  7  0  0  0  0  0   0   3125.8093    
 f  0  0  0  0  0  0  0  7  0  0  0  1   0   1627.5807    
 f  0  0  0  0  0  0  8  0  0  0  0  0   0  -2058.0226    
 f  0  0  0  0  0  0  0  8  0  0  0  1   0   365.58617    
 f  0  0  0  0  0  0  0  0  0  2  0  0   0   19703.762    
 f  0  0  0  0  0  0  0  0  0  2  0  1   0   96.758502    
 f  0  0  0  0  0  0  0  0  0  1  2  0   0   5776.8522    
 h  0  0  0  0  0  0  0  0  0  2  1 -1   0  -826.72342    
 f  0  0  0  0  0  0  0  0  0  4  0  0   0   86.463963    
 f  0  0  0  0  0  0  0  0  0  4  0  1   0  -147.73480    
 f  0  0  0  0  0  0  0  0  0  5  0  0   0  -219.14952    
 h  0  0  0  0  0  0  0  0  0  4  1 -1   0  -16.191859    
 f  0  0  0  0  0  0  0  0  0  4  2  0   0  -863.84695    
 f  0  0  0  0  0  0  0  0  0  2  4  0   0   148.10316    
 f  0  0  0  0  0  0  0  0  0  7  0  0   0  -42.666669    
 f  0  0  0  0  0  0  0  0  0  8  0  0   0   66.743195    
 f  0  0  0  0  0  0  0  0  0  8  0  1   0  -75.714633    
------------------------------
*  FITTING OF THE POTENTIAL PARAMETERS TO AB INITIO DATA                        
*                                                                               
*  2016                                                                         
*  C2H6                                                                         
      rCOe                        0          1.42044790
      rOHe                        0          0.95729738
       rCH                        0          1.08837733
      aHOC                        0        107.63554843
      aHCO                        0        108.45879318
        a1                        0          2.16893551
        a2                        0          2.57276067
        b1                        0          1.78266276
        Sa                        0         -0.01016490
        Sb                        0          0.01763803
 f   0   0   0   0   0   0   0   0   0   0   0   0   9  -25373770.65439274
 f   0   0   0   0   0   0   0   0   0   0   0   3   9        128.47473467
 f   0   0   0   0   0   0   0   0   0   0   0   6   8          0.64155047
 f   0   0   0   0   0   0   0   0   0   0   0   9   7          0.00065167
 f   0   0   0   0   0   0   0   0   0   0   0  12   6          0.00073256
 f   0   0   0   0   0   0   0   0   0   0   0  15   5          0.00020505
 f   0   0   0   0   0   0   0   0   0   0   0  18   4         -0.00037037
 f   0   0   0   0   0   0   0   0   0   0   0  21   3          0.00023179
 f   2   0   0   0   0   0   0   0   0   0   0   0   0      29630.93506084
 f   3   0   0   0   0   0   0   0   0   0   0   0   0       3609.55313028
 f   4   0   0   0   0   0   0   0   0   0   0   0   0       2936.74337084
 f   5   0   0   0   0   0   0   0   0   0   0   0   0       1758.19577326
 f   6   0   0   0   0   0   0   0   0   0   0   0   0       1197.65403583
 f   7   0   0   0   0   0   0   0   0   0   0   0   0        836.62376208
 f   8   0   0   0   0   0   0   0   0   0   0   0   0        328.29764036
 f   0   2   0   0   0   0   0   0   0   0   0   0   0      31940.40375184
 f   0   3   0   0   0   0   0   0   0   0   0   0   0       2798.60039599
 f   0   4   0   0   0   0   0   0   0   0   0   0   0       3127.91077202
 f   0   5   0   0   0   0   0   0   0   0   0   0   0       1770.42495615
 f   0   6   0   0   0   0   0   0   0   0   0   0   0       1270.31144120
 f   0   7   0   0   0   0   0   0   0   0   0   0   0        999.77677247
 f   0   8   0   0   0   0   0   0   0   0   0   0   0        401.59578020
 f   0   0   0   1   0   0   0   0   0   0   0   1   0      -4299.93395817
 f   0   0   2   0   0   0   0   0   0   0   0   0   0     126760.59310067
 f   0   0   0   2   0   0   0   0   0   0   0   1   0      -4884.89892522
 f   0   0   3   0   0   0   0   0   0   0   0   0   0     -10981.56098501
 f   0   0   0   3   0   0   0   0   0   0   0   1   0      -3611.63662521
 f   0   0   4   0   0   0   0   0   0   0   0   0   0       9575.44675453
 f   0   0   0   4   0   0   0   0   0   0   0   1   0      -2414.22235117
 f   0   0   5   0   0   0   0   0   0   0   0   0   0       3164.53742562
 f   0   0   0   5   0   0   0   0   0   0   0   1   0      -1668.89316562
 f   0   0   6   0   0   0   0   0   0   0   0   0   0       2316.63076495
 f   0   0   0   6   0   0   0   0   0   0   0   1   0       -390.14500516
 f   0   0   7   0   0   0   0   0   0   0   0   0   0        918.47483332
 f   0   0   0   7   0   0   0   0   0   0   0   1   0       1101.83874779
 f   0   0   0   0   0   2   0   0   0   0   0   0   0      19879.25565582
 f   0   0   0   0   0   3   0   0   0   0   0   0   0      -7717.84616644
 f   0   0   0   0   0   4   0   0   0   0   0   0   0      -1255.76818289
 f   0   0   0   0   0   5   0   0   0   0   0   0   0       -385.18551517
 f   0   0   0   0   0   6   0   0   0   0   0   0   0       -316.29070980
 f   0   0   0   0   0   7   0   0   0   0   0   0   0       -538.93796837
 f   0   0   0   0   0   8   0   0   0   0   0   0   0        683.57491739
 f   0   0   0   0   0   0   0   1   0   0   0   1   0     -20311.10172955
 f   0   0   0   0   0   0   2   0   0   0   0   0   0      84720.61394282
 f   0   0   0   0   0   0   0   2   0   0   0   1   0       4331.33627200
 f   0   0   0   0   0   0   3   0   0   0   0   0   0     -12556.02967836
 f   0   0   0   0   0   0   0   3   0   0   0   1   0        701.06527137
 f   0   0   0   0   0   0   4   0   0   0   0   0   0       7636.69199844
 f   0   0   0   0   0   0   0   4   0   0   0   1   0      -3023.09243372
 f   0   0   0   0   0   0   5   0   0   0   0   0   0      -2028.45775182
 f   0   0   0   0   0   0   0   5   0   0   0   1   0       5867.71153691
 f   0   0   0   0   0   0   6   0   0   0   0   0   0      -2735.49233553
 f   0   0   0   0   0   0   0   6   0   0   0   1   0      -4290.27550626
 f   0   0   0   0   0   0   7   0   0   0   0   0   0       3125.80926126
 f   0   0   0   0   0   0   0   7   0   0   0   1   0       1627.58071442
 f   0   0   0   0   0   0   8   0   0   0   0   0   0      -2058.02261564
 f   0   0   0   0   0   0   0   8   0   0   0   1   0        365.58617151
 f   0   0   0   0   0   0   0   0   0   2   0   0   0      19703.76237877
 f   0   0   0   0   0   0   0   0   0   2   0   1   0         96.75850205
 f   0   0   0   0   0   0   0   0   0   1   2   0   0       5776.85219700
 h   0   0   0   0   0   0   0   0   0   2   1  -1   0       -826.72342352
 f   0   0   0   0   0   0   0   0   0   4   0   0   0         86.46396334
 f   0   0   0   0   0   0   0   0   0   4   0   1   0       -147.73480182
 f   0   0   0   0   0   0   0   0   0   5   0   0   0       -219.14952259
 h   0   0   0   0   0   0   0   0   0   4   1  -1   0        -16.19185855
 f   0   0   0   0   0   0   0   0   0   4   2   0   0       -863.84694879
 f   0   0   0   0   0   0   0   0   0   2   4   0   0        148.10316364
 f   0   0   0   0   0   0   0   0   0   7   0   0   0        -42.66666882
 f   0   0   0   0   0   0   0   0   0   8   0   0   0         66.74319535
 f   0   0   0   0   0   0   0   0   0   8   0   1   0        -75.71463344

Correlation coefficients larger than 0.9: 

               --------------------------------------------------------------------------------
               :     old parm   :     new parm   :  delta parm  :   std. err.  : sensitility
               --------------------------------------------------------------------------------
  1  f          :  -25373770.65  :  -25373770.65  :         0.000:         0.000:         0.000:!
  2  f          :        128.47  :        128.47  :         0.000:         0.000:         0.000:!
  3  f          :          0.64  :          0.64  :         0.000:         0.000:         0.000:!
  4  f          :          0.00  :          0.00  :        -0.000:         0.000:         0.000:!
  5  f          :          0.00  :          0.00  :         0.000:         0.000:         0.000:!
  6##f          :          0.00  :          0.00  :         0.000:         0.000:         0.000:!#
  7  f          :         -0.00  :         -0.00  :         0.000:         0.000:         0.000:!
  8##f          :          0.00  :          0.00  :        -0.000:         0.000:         0.000:!#
relat_sterr,ilarge_sterr, tivar:        1.04295676   18    3
relat_sterr_min,ilow_sterr, tivar:    0.10429568D+01   18    3
rCOe                               0          1.42044790
rOHe                               0          0.95729738
rCH                                0          1.08837733
aHOC                               0        107.63554843
aHCO                               0        108.45879318
a1                                 0          2.16893551
a2                                 0          2.57276067
b1                                 0          1.78266276
Sa                                 0         -0.01016490
Sb                                 0          0.01763803
 f   0   0   0   0   0   0   0   0   0   0   0   0   9  -25373770.65439274
 f   0   0   0   0   0   0   0   0   0   0   0   3   9        128.47473467
 f   0   0   0   0   0   0   0   0   0   0   0   6   8          0.64155047
 f   0   0   0   0   0   0   0   0   0   0   0   9   7          0.00065167
 f   0   0   0   0   0   0   0   0   0   0   0  12   6          0.00073256
 f   0   0   0   0   0   0   0   0   0   0   0  15   5          0.00020505
 f   0   0   0   0   0   0   0   0   0   0   0  18   4         -0.00037037
 f   0   0   0   0   0   0   0   0   0   0   0  21   0          0.00000000
 f   2   0   0   0   0   0   0   0   0   0   0   0   0      29630.93506084
 f   3   0   0   0   0   0   0   0   0   0   0   0   0       3609.55313028
 f   4   0   0   0   0   0   0   0   0   0   0   0   0       2936.74337084
 f   5   0   0   0   0   0   0   0   0   0   0   0   0       1758.19577326
 f   6   0   0   0   0   0   0   0   0   0   0   0   0       1197.65403583
 f   7   0   0   0   0   0   0   0   0   0   0   0   0        836.62376208
 f   8   0   0   0   0   0   0   0   0   0   0   0   0        328.29764036
 f   0   2   0   0   0   0   0   0   0   0   0   0   0      31940.40375184
 f   0   3   0   0   0   0   0   0   0   0   0   0   0       2798.60039599
 f   0   4   0   0   0   0   0   0   0   0   0   0   0       3127.91077202
 f   0   5   0   0   0   0   0   0   0   0   0   0   0       1770.42495615
 f   0   6   0   0   0   0   0   0   0   0   0   0   0       1270.31144120
 f   0   7   0   0   0   0   0   0   0   0   0   0   0        999.77677247
 f   0   8   0   0   0   0   0   0   0   0   0   0   0        401.59578020
 f   0   0   0   1   0   0   0   0   0   0   0   1   0      -4299.93395817
 f   0   0   2   0   0   0   0   0   0   0   0   0   0     126760.59310067
 f   0   0   0   2   0   0   0   0   0   0   0   1   0      -4884.89892522
 f   0   0   3   0   0   0   0   0   0   0   0   0   0     -10981.56098501
 f   0   0   0   3   0   0   0   0   0   0   0   1   0      -3611.63662521
 f   0   0   4   0   0   0   0   0   0   0   0   0   0       9575.44675453
 f   0   0   0   4   0   0   0   0   0   0   0   1   0      -2414.22235117
 f   0   0   5   0   0   0   0   0   0   0   0   0   0       3164.53742562
 f   0   0   0   5   0   0   0   0   0   0   0   1   0      -1668.89316562
 f   0   0   6   0   0   0   0   0   0   0   0   0   0       2316.63076495
 f   0   0   0   6   0   0   0   0   0   0   0   1   0       -390.14500516
 f   0   0   7   0   0   0   0   0   0   0   0   0   0        918.47483332
 f   0   0   0   7   0   0   0   0   0   0   0   1   0       1101.83874779
 f   0   0   0   0   0   2   0   0   0   0   0   0   0      19879.25565582
 f   0   0   0   0   0   3   0   0   0   0   0   0   0      -7717.84616644
 f   0   0   0   0   0   4   0   0   0   0   0   0   0      -1255.76818289
 f   0   0   0   0   0   5   0   0   0   0   0   0   0       -385.18551517
 f   0   0   0   0   0   6   0   0   0   0   0   0   0       -316.29070980
 f   0   0   0   0   0   7   0   0   0   0   0   0   0       -538.93796837
 f   0   0   0   0   0   8   0   0   0   0   0   0   0        683.57491739
 f   0   0   0   0   0   0   0   1   0   0   0   1   0     -20311.10172955
 f   0   0   0   0   0   0   2   0   0   0   0   0   0      84720.61394282
 f   0   0   0   0   0   0   0   2   0   0   0   1   0       4331.33627200
 f   0   0   0   0   0   0   3   0   0   0   0   0   0     -12556.02967836
 f   0   0   0   0   0   0   0   3   0   0   0   1   0        701.06527137
 f   0   0   0   0   0   0   4   0   0   0   0   0   0       7636.69199844
 f   0   0   0   0   0   0   0   4   0   0   0   1   0      -3023.09243372
 f   0   0   0   0   0   0   5   0   0   0   0   0   0      -2028.45775182
 f   0   0   0   0   0   0   0   5   0   0   0   1   0       5867.71153691
 f   0   0   0   0   0   0   6   0   0   0   0   0   0      -2735.49233553
 f   0   0   0   0   0   0   0   6   0   0   0   1   0      -4290.27550626
 f   0   0   0   0   0   0   7   0   0   0   0   0   0       3125.80926126
 f   0   0   0   0   0   0   0   7   0   0   0   1   0       1627.58071442
 f   0   0   0   0   0   0   8   0   0   0   0   0   0      -2058.02261564
 f   0   0   0   0   0   0   0   8   0   0   0   1   0        365.58617151
 f   0   0   0   0   0   0   0   0   0   2   0   0   0      19703.76237877
 f   0   0   0   0   0   0   0   0   0   2   0   1   0         96.75850205
 f   0   0   0   0   0   0   0   0   0   1   2   0   0       5776.85219700
 h   0   0   0   0   0   0   0   0   0   2   1  -1   0       -826.72342352
 f   0   0   0   0   0   0   0   0   0   4   0   0   0         86.46396334
 f   0   0   0   0   0   0   0   0   0   4   0   1   0       -147.73480182
 f   0   0   0   0   0   0   0   0   0   5   0   0   0       -219.14952259
 h   0   0   0   0   0   0   0   0   0   4   1  -1   0        -16.19185855
 f   0   0   0   0   0   0   0   0   0   4   2   0   0       -863.84694879
 f   0   0   0   0   0   0   0   0   0   2   4   0   0        148.10316364
 f   0   0   0   0   0   0   0   0   0   7   0   0   0        -42.66666882
 f   0   0   0   0   0   0   0   0   0   8   0   0   0         66.74319535
 f   0   0   0   0   0   0   0   0   0   8   0   1   0        -75.71463344
     1 parameters are out - 
   |     1   |     13  |   0.62237E-03 |  0.42282E-03  |   0.161E+14 |
   |     2   |     13  |   0.61997E-03 |  0.42119E-03  |   0.387E-02 |
   |     3   |     13  |   0.61997E-03 |  0.42119E-03  |   0.888E-06 |
   |     4   |     13  |   0.61997E-03 |  0.42119E-03  |   0.379E-06 |
   |     5   |     13  |   0.61997E-03 |  0.42119E-03  |   0.519E-06 |
   |     6   |     13  |   0.61997E-03 |  0.42118E-03  |   0.261E-05 |
   |     7   |     13  |   0.61997E-03 |  0.42118E-03  |   0.106E-05 |
   |     8   |     13  |   0.61997E-03 |  0.42118E-03  |   0.123E-05 |
   |     9   |     13  |   0.61997E-03 |  0.42119E-03  |   0.252E-05 |
   |    10   |     13  |   0.61997E-03 |  0.42119E-03  |   0.149E-13 |

Watson Alpha parameter  0.1000 fitted with rms2 = 


Potential parameters rounded in accord. with their standart errors

rC  0  0  0  0  0  0  0  0  0  0  0  0   0   1.4204479    
rO  0  0  0  0  0  0  0  0  0  0  0  0   0  0.95729738    
rC  0  0  0  0  0  0  0  0  0  0  0  0   0   1.0883773    
aH  0  0  0  0  0  0  0  0  0  0  0  0   0   107.63555    
aH  0  0  0  0  0  0  0  0  0  0  0  0   0   108.45879    
a1  0  0  0  0  0  0  0  0  0  0  0  0   0   2.1689355    
a2  0  0  0  0  0  0  0  0  0  0  0  0   0   2.5727607    
b1  0  0  0  0  0  0  0  0  0  0  0  0   0   1.7826628    
Sa  0  0  0  0  0  0  0  0  0  0  0  0   0  -.10164900E-01
Sb  0  0  0  0  0  0  0  0  0  0  0  0   0  0.17638030E-01
 f  0  0  0  0  0  0  0  0  0  0  0  0   9   -25373770.65439    (      17)
 f  0  0  0  0  0  0  0  0  0  0  0  3   9         128.47476    (      24)
 f  0  0  0  0  0  0  0  0  0  0  0  6   8           0.64155    (      24)
 f  0  0  0  0  0  0  0  0  0  0  0  9   7           0.00068    (      24)
 f  0  0  0  0  0  0  0  0  0  0  0 12   6           0.00073    (      24)
 f  0  0  0  0  0  0  0  0  0  0  0 15   5           0.00023    (      24)
 f  0  0  0  0  0  0  0  0  0  0  0 18   4          -0.00037    (      24)
 f  0  0  0  0  0  0  0  0  0  0  0 21   0         0.0    
 f  2  0  0  0  0  0  0  0  0  0  0  0   0   29630.935    
 f  3  0  0  0  0  0  0  0  0  0  0  0   0   3609.5531    
 f  4  0  0  0  0  0  0  0  0  0  0  0   0   2936.7434    
 f  5  0  0  0  0  0  0  0  0  0  0  0   0   1758.1958    
 f  6  0  0  0  0  0  0  0  0  0  0  0   0   1197.6540    
 f  7  0  0  0  0  0  0  0  0  0  0  0   0   836.62376    
 f  8  0  0  0  0  0  0  0  0  0  0  0   0   328.29764    
 f  0  2  0  0  0  0  0  0  0  0  0  0   0   31940.404    
 f  0  3  0  0  0  0  0  0  0  0  0  0   0   2798.6004    
 f  0  4  0  0  0  0  0  0  0  0  0  0   0   3127.9108    
 f  0  5  0  0  0  0  0  0  0  0  0  0   0   1770.4250    
 f  0  6  0  0  0  0  0  0  0  0  0  0   0   1270.3114    
 f  0  7  0  0  0  0  0  0  0  0  0  0   0   999.77677    
 f  0  8  0  0  0  0  0  0  0  0  0  0   0   401.59578    
 f  0  0  0  1  0  0  0  0  0  0  0  1   0  -4299.9340    
 f  0  0  2  0  0  0  0  0  0  0  0  0   0   126760.59    
 f  0  0  0  2  0  0  0  0  0  0  0  1   0  -4884.8989    
 f  0  0  3  0  0  0  0  0  0  0  0  0   0  -10981.561    
 f  0  0  0  3  0  0  0  0  0  0  0  1   0  -3611.6366    
 f  0  0  4  0  0  0  0  0  0  0  0  0   0   9575.4468    
 f  0  0  0  4  0  0  0  0  0  0  0  1   0  -2414.2224    
 f  0  0  5  0  0  0  0  0  0  0  0  0   0   3164.5374    
 f  0  0  0  5  0  0  0  0  0  0  0  1   0  -1668.8932    
 f  0  0  6  0  0  0  0  0  0  0  0  0   0   2316.6308    
 f  0  0  0  6  0  0  0  0  0  0  0  1   0  -390.14501    
 f  0  0  7  0  0  0  0  0  0  0  0  0   0   918.47483    
 f  0  0  0  7  0  0  0  0  0  0  0  1   0   1101.8387    
 f  0  0  0  0  0  2  0  0  0  0  0  0   0   19879.256    
 f  0  0  0  0  0  3  0  0  0  0  0  0   0  -7717.8462    
 f  0  0  0  0  0  4  0  0  0  0  0  0   0  -1255.7682    
 f  0  0  0  0  0  5  0  0  0  0  0  0   0  -385.18552    
 f  0  0  0  0  0  6  0  0  0  0  0  0   0  -316.29071    
 f  0  0  0  0  0  7  0  0  0  0  0  0   0  -538.93797    
 f  0  0  0  0  0  8  0  0  0  0  0  0   0   683.57492    
 f  0  0  0  0  0  0  0  1  0  0  0  1   0  -20311.102    
 f  0  0  0  0  0  0  2  0  0  0  0  0   0   84720.614    
 f  0  0  0  0  0  0  0  2  0  0  0  1   0   4331.3363    
 f  0  0  0  0  0  0  3  0  0  0  0  0   0  -12556.030    
 f  0  0  0  0  0  0  0  3  0  0  0  1   0   701.06527    
 f  0  0  0  0  0  0  4  0  0  0  0  0   0   7636.6920    
 f  0  0  0  0  0  0  0  4  0  0  0  1   0  -3023.0924    
 f  0  0  0  0  0  0  5  0  0  0  0  0   0  -2028.4578    
 f  0  0  0  0  0  0  0  5  0  0  0  1   0   5867.7115    
 f  0  0  0  0  0  0  6  0  0  0  0  0   0  -2735.4923    
 f  0  0  0  0  0  0  0  6  0  0  0  1   0  -4290.2755    
 f  0  0  0  0  0  0  7  0  0  0  0  0   0   3125.8093    
 f  0  0  0  0  0  0  0  7  0  0  0  1   0   1627.5807    
 f  0  0  0  0  0  0  8  0  0  0  0  0   0  -2058.0226    
 f  0  0  0  0  0  0  0  8  0  0  0  1   0   365.58617    
 f  0  0  0  0  0  0  0  0  0  2  0  0   0   19703.762    
 f  0  0  0  0  0  0  0  0  0  2  0  1   0   96.758502    
 f  0  0  0  0  0  0  0  0  0  1  2  0   0   5776.8522    
 h  0  0  0  0  0  0  0  0  0  2  1 -1   0  -826.72342    
 f  0  0  0  0  0  0  0  0  0  4  0  0   0   86.463963    
 f  0  0  0  0  0  0  0  0  0  4  0  1   0  -147.73480    
 f  0  0  0  0  0  0  0  0  0  5  0  0   0  -219.14952    
 h  0  0  0  0  0  0  0  0  0  4  1 -1   0  -16.191859    
 f  0  0  0  0  0  0  0  0  0  4  2  0   0  -863.84695    
 f  0  0  0  0  0  0  0  0  0  2  4  0   0   148.10316    
 f  0  0  0  0  0  0  0  0  0  7  0  0   0  -42.666669    
 f  0  0  0  0  0  0  0  0  0  8  0  0   0   66.743195    
 f  0  0  0  0  0  0  0  0  0  8  0  1   0  -75.714633    
------------------------------
*  FITTING OF THE POTENTIAL PARAMETERS TO AB INITIO DATA                        
*                                                                               
*  2016                                                                         
*  C2H6                                                                         
      rCOe                        0          1.42044790
      rOHe                        0          0.95729738
       rCH                        0          1.08837733
      aHOC                        0        107.63554843
      aHCO                        0        108.45879318
        a1                        0          2.16893551
        a2                        0          2.57276067
        b1                        0          1.78266276
        Sa                        0         -0.01016490
        Sb                        0          0.01763803
 f   0   0   0   0   0   0   0   0   0   0   0   0   9  -25373770.65439274
 f   0   0   0   0   0   0   0   0   0   0   0   3   9        128.47476043
 f   0   0   0   0   0   0   0   0   0   0   0   6   8          0.64155047
 f   0   0   0   0   0   0   0   0   0   0   0   9   7          0.00067742
 f   0   0   0   0   0   0   0   0   0   0   0  12   6          0.00073255
 f   0   0   0   0   0   0   0   0   0   0   0  15   5          0.00023080
 f   0   0   0   0   0   0   0   0   0   0   0  18   4         -0.00037037
 f   0   0   0   0   0   0   0   0   0   0   0  21   0          0.00000000
 f   2   0   0   0   0   0   0   0   0   0   0   0   0      29630.93506084
 f   3   0   0   0   0   0   0   0   0   0   0   0   0       3609.55313028
 f   4   0   0   0   0   0   0   0   0   0   0   0   0       2936.74337084
 f   5   0   0   0   0   0   0   0   0   0   0   0   0       1758.19577326
 f   6   0   0   0   0   0   0   0   0   0   0   0   0       1197.65403583
 f   7   0   0   0   0   0   0   0   0   0   0   0   0        836.62376208
 f   8   0   0   0   0   0   0   0   0   0   0   0   0        328.29764036
 f   0   2   0   0   0   0   0   0   0   0   0   0   0      31940.40375184
 f   0   3   0   0   0   0   0   0   0   0   0   0   0       2798.60039599
 f   0   4   0   0   0   0   0   0   0   0   0   0   0       3127.91077202
 f   0   5   0   0   0   0   0   0   0   0   0   0   0       1770.42495615
 f   0   6   0   0   0   0   0   0   0   0   0   0   0       1270.31144120
 f   0   7   0   0   0   0   0   0   0   0   0   0   0        999.77677247
 f   0   8   0   0   0   0   0   0   0   0   0   0   0        401.59578020
 f   0   0   0   1   0   0   0   0   0   0   0   1   0      -4299.93395817
 f   0   0   2   0   0   0   0   0   0   0   0   0   0     126760.59310067
 f   0   0   0   2   0   0   0   0   0   0   0   1   0      -4884.89892522
 f   0   0   3   0   0   0   0   0   0   0   0   0   0     -10981.56098501
 f   0   0   0   3   0   0   0   0   0   0   0   1   0      -3611.63662521
 f   0   0   4   0   0   0   0   0   0   0   0   0   0       9575.44675453
 f   0   0   0   4   0   0   0   0   0   0   0   1   0      -2414.22235117
 f   0   0   5   0   0   0   0   0   0   0   0   0   0       3164.53742562
 f   0   0   0   5   0   0   0   0   0   0   0   1   0      -1668.89316562
 f   0   0   6   0   0   0   0   0   0   0   0   0   0       2316.63076495
 f   0   0   0   6   0   0   0   0   0   0   0   1   0       -390.14500516
 f   0   0   7   0   0   0   0   0   0   0   0   0   0        918.47483332
 f   0   0   0   7   0   0   0   0   0   0   0   1   0       1101.83874779
 f   0   0   0   0   0   2   0   0   0   0   0   0   0      19879.25565582
 f   0   0   0   0   0   3   0   0   0   0   0   0   0      -7717.84616644
 f   0   0   0   0   0   4   0   0   0   0   0   0   0      -1255.76818289
 f   0   0   0   0   0   5   0   0   0   0   0   0   0       -385.18551517
 f   0   0   0   0   0   6   0   0   0   0   0   0   0       -316.29070980
 f   0   0   0   0   0   7   0   0   0   0   0   0   0       -538.93796837
 f   0   0   0   0   0   8   0   0   0   0   0   0   0        683.57491739
 f   0   0   0   0   0   0   0   1   0   0   0   1   0     -20311.10172955
 f   0   0   0   0   0   0   2   0   0   0   0   0   0      84720.61394282
 f   0   0   0   0   0   0   0   2   0   0   0   1   0       4331.33627200
 f   0   0   0   0   0   0   3   0   0   0   0   0   0     -12556.02967836
 f   0   0   0   0   0   0   0   3   0   0   0   1   0        701.06527137
 f   0   0   0   0   0   0   4   0   0   0   0   0   0       7636.69199844
 f   0   0   0   0   0   0   0   4   0   0   0   1   0      -3023.09243372
 f   0   0   0   0   0   0   5   0   0   0   0   0   0      -2028.45775182
 f   0   0   0   0   0   0   0   5   0   0   0   1   0       5867.71153691
 f   0   0   0   0   0   0   6   0   0   0   0   0   0      -2735.49233553
 f   0   0   0   0   0   0   0   6   0   0   0   1   0      -4290.27550626
 f   0   0   0   0   0   0   7   0   0   0   0   0   0       3125.80926126
 f   0   0   0   0   0   0   0   7   0   0   0   1   0       1627.58071442
 f   0   0   0   0   0   0   8   0   0   0   0   0   0      -2058.02261564
 f   0   0   0   0   0   0   0   8   0   0   0   1   0        365.58617151
 f   0   0   0   0   0   0   0   0   0   2   0   0   0      19703.76237877
 f   0   0   0   0   0   0   0   0   0   2   0   1   0         96.75850205
 f   0   0   0   0   0   0   0   0   0   1   2   0   0       5776.85219700
 h   0   0   0   0   0   0   0   0   0   2   1  -1   0       -826.72342352
 f   0   0   0   0   0   0   0   0   0   4   0   0   0         86.46396334
 f   0   0   0   0   0   0   0   0   0   4   0   1   0       -147.73480182
 f   0   0   0   0   0   0   0   0   0   5   0   0   0       -219.14952259
 h   0   0   0   0   0   0   0   0   0   4   1  -1   0        -16.19185855
 f   0   0   0   0   0   0   0   0   0   4   2   0   0       -863.84694879
 f   0   0   0   0   0   0   0   0   0   2   4   0   0        148.10316364
 f   0   0   0   0   0   0   0   0   0   7   0   0   0        -42.66666882
 f   0   0   0   0   0   0   0   0   0   8   0   0   0         66.74319535
 f   0   0   0   0   0   0   0   0   0   8   0   1   0        -75.71463344

Correlation coefficients larger than 0.9: 

               --------------------------------------------------------------------------------
               :     old parm   :     new parm   :  delta parm  :   std. err.  : sensitility
               --------------------------------------------------------------------------------
  1  f          :  -25373770.65  :  -25373770.65  :         0.000:         0.000:         0.000:!
  2  f          :        128.47  :        128.47  :        -0.000:         0.000:         0.000:!
  3  f          :          0.64  :          0.64  :        -0.000:         0.000:         0.000:!
  4  f          :          0.00  :          0.00  :         0.000:         0.000:         0.000:!
  5  f          :          0.00  :          0.00  :         0.000:         0.000:         0.000:!
  6##f          :          0.00  :          0.00  :        -0.000:         0.000:         0.000:!#
  7  f          :         -0.00  :         -0.00  :         0.000:         0.000:         0.000:!
relat_sterr_min,ilow_sterr, tivar:    0.10000000D+21   -1    4
rCOe                               0          1.42044790
rOHe                               0          0.95729738
rCH                                0          1.08837733
aHOC                               0        107.63554843
aHCO                               0        108.45879318
a1                                 0          2.16893551
a2                                 0          2.57276067
b1                                 0          1.78266276
Sa                                 0         -0.01016490
Sb                                 0          0.01763803
 f   0   0   0   0   0   0   0   0   0   0   0   0   9  -25373770.65439274
 f   0   0   0   0   0   0   0   0   0   0   0   3   9        128.47476043
 f   0   0   0   0   0   0   0   0   0   0   0   6   8          0.64155047
 f   0   0   0   0   0   0   0   0   0   0   0   9   7          0.00067742
 f   0   0   0   0   0   0   0   0   0   0   0  12   6          0.00073255
 f   0   0   0   0   0   0   0   0   0   0   0  15   5          0.00023080
 f   0   0   0   0   0   0   0   0   0   0   0  18   4         -0.00037037
 f   0   0   0   0   0   0   0   0   0   0   0  21   0          0.00000000
 f   2   0   0   0   0   0   0   0   0   0   0   0   0      29630.93506084
 f   3   0   0   0   0   0   0   0   0   0   0   0   0       3609.55313028
 f   4   0   0   0   0   0   0   0   0   0   0   0   0       2936.74337084
 f   5   0   0   0   0   0   0   0   0   0   0   0   0       1758.19577326
 f   6   0   0   0   0   0   0   0   0   0   0   0   0       1197.65403583
 f   7   0   0   0   0   0   0   0   0   0   0   0   0        836.62376208
 f   8   0   0   0   0   0   0   0   0   0   0   0   0        328.29764036
 f   0   2   0   0   0   0   0   0   0   0   0   0   0      31940.40375184
 f   0   3   0   0   0   0   0   0   0   0   0   0   0       2798.60039599
 f   0   4   0   0   0   0   0   0   0   0   0   0   0       3127.91077202
 f   0   5   0   0   0   0   0   0   0   0   0   0   0       1770.42495615
 f   0   6   0   0   0   0   0   0   0   0   0   0   0       1270.31144120
 f   0   7   0   0   0   0   0   0   0   0   0   0   0        999.77677247
 f   0   8   0   0   0   0   0   0   0   0   0   0   0        401.59578020
 f   0   0   0   1   0   0   0   0   0   0   0   1   0      -4299.93395817
 f   0   0   2   0   0   0   0   0   0   0   0   0   0     126760.59310067
 f   0   0   0   2   0   0   0   0   0   0   0   1   0      -4884.89892522
 f   0   0   3   0   0   0   0   0   0   0   0   0   0     -10981.56098501
 f   0   0   0   3   0   0   0   0   0   0   0   1   0      -3611.63662521
 f   0   0   4   0   0   0   0   0   0   0   0   0   0       9575.44675453
 f   0   0   0   4   0   0   0   0   0   0   0   1   0      -2414.22235117
 f   0   0   5   0   0   0   0   0   0   0   0   0   0       3164.53742562
 f   0   0   0   5   0   0   0   0   0   0   0   1   0      -1668.89316562
 f   0   0   6   0   0   0   0   0   0   0   0   0   0       2316.63076495
 f   0   0   0   6   0   0   0   0   0   0   0   1   0       -390.14500516
 f   0   0   7   0   0   0   0   0   0   0   0   0   0        918.47483332
 f   0   0   0   7   0   0   0   0   0   0   0   1   0       1101.83874779
 f   0   0   0   0   0   2   0   0   0   0   0   0   0      19879.25565582
 f   0   0   0   0   0   3   0   0   0   0   0   0   0      -7717.84616644
 f   0   0   0   0   0   4   0   0   0   0   0   0   0      -1255.76818289
 f   0   0   0   0   0   5   0   0   0   0   0   0   0       -385.18551517
 f   0   0   0   0   0   6   0   0   0   0   0   0   0       -316.29070980
 f   0   0   0   0   0   7   0   0   0   0   0   0   0       -538.93796837
 f   0   0   0   0   0   8   0   0   0   0   0   0   0        683.57491739
 f   0   0   0   0   0   0   0   1   0   0   0   1   0     -20311.10172955
 f   0   0   0   0   0   0   2   0   0   0   0   0   0      84720.61394282
 f   0   0   0   0   0   0   0   2   0   0   0   1   0       4331.33627200
 f   0   0   0   0   0   0   3   0   0   0   0   0   0     -12556.02967836
 f   0   0   0   0   0   0   0   3   0   0   0   1   0        701.06527137
 f   0   0   0   0   0   0   4   0   0   0   0   0   0       7636.69199844
 f   0   0   0   0   0   0   0   4   0   0   0   1   0      -3023.09243372
 f   0   0   0   0   0   0   5   0   0   0   0   0   0      -2028.45775182
 f   0   0   0   0   0   0   0   5   0   0   0   1   0       5867.71153691
 f   0   0   0   0   0   0   6   0   0   0   0   0   0      -2735.49233553
 f   0   0   0   0   0   0   0   6   0   0   0   1   0      -4290.27550626
 f   0   0   0   0   0   0   7   0   0   0   0   0   0       3125.80926126
 f   0   0   0   0   0   0   0   7   0   0   0   1   0       1627.58071442
 f   0   0   0   0   0   0   8   0   0   0   0   0   0      -2058.02261564
 f   0   0   0   0   0   0   0   8   0   0   0   1   0        365.58617151
 f   0   0   0   0   0   0   0   0   0   2   0   0   0      19703.76237877
 f   0   0   0   0   0   0   0   0   0   2   0   1   0         96.75850205
 f   0   0   0   0   0   0   0   0   0   1   2   0   0       5776.85219700
 h   0   0   0   0   0   0   0   0   0   2   1  -1   0       -826.72342352
 f   0   0   0   0   0   0   0   0   0   4   0   0   0         86.46396334
 f   0   0   0   0   0   0   0   0   0   4   0   1   0       -147.73480182
 f   0   0   0   0   0   0   0   0   0   5   0   0   0       -219.14952259
 h   0   0   0   0   0   0   0   0   0   4   1  -1   0        -16.19185855
 f   0   0   0   0   0   0   0   0   0   4   2   0   0       -863.84694879
 f   0   0   0   0   0   0   0   0   0   2   4   0   0        148.10316364
 f   0   0   0   0   0   0   0   0   0   7   0   0   0        -42.66666882
 f   0   0   0   0   0   0   0   0   0   8   0   0   0         66.74319535
 f   0   0   0   0   0   0   0   0   0   8   0   1   0        -75.71463344
relat_sterr,ilarge_sterr, tivar:        1.03389839   16    5
relat_sterr_min,ilow_sterr, tivar:    0.10338984D+01   16    5
rCOe                               0          1.42044790
rOHe                               0          0.95729738
rCH                                0          1.08837733
aHOC                               0        107.63554843
aHCO                               0        108.45879318
a1                                 0          2.16893551
a2                                 0          2.57276067
b1                                 0          1.78266276
Sa                                 0         -0.01016490
Sb                                 0          0.01763803
 f   0   0   0   0   0   0   0   0   0   0   0   0   9  -25373770.65439274
 f   0   0   0   0   0   0   0   0   0   0   0   3   9        128.47476043
 f   0   0   0   0   0   0   0   0   0   0   0   6   8          0.64155047
 f   0   0   0   0   0   0   0   0   0   0   0   9   7          0.00067742
 f   0   0   0   0   0   0   0   0   0   0   0  12   6          0.00073255
 f   0   0   0   0   0   0   0   0   0   0   0  15   0          0.00000000
 f   0   0   0   0   0   0   0   0   0   0   0  18   4         -0.00037037
 f   0   0   0   0   0   0   0   0   0   0   0  21   0          0.00000000
 f   2   0   0   0   0   0   0   0   0   0   0   0   0      29630.93506084
 f   3   0   0   0   0   0   0   0   0   0   0   0   0       3609.55313028
 f   4   0   0   0   0   0   0   0   0   0   0   0   0       2936.74337084
 f   5   0   0   0   0   0   0   0   0   0   0   0   0       1758.19577326
 f   6   0   0   0   0   0   0   0   0   0   0   0   0       1197.65403583
 f   7   0   0   0   0   0   0   0   0   0   0   0   0        836.62376208
 f   8   0   0   0   0   0   0   0   0   0   0   0   0        328.29764036
 f   0   2   0   0   0   0   0   0   0   0   0   0   0      31940.40375184
 f   0   3   0   0   0   0   0   0   0   0   0   0   0       2798.60039599
 f   0   4   0   0   0   0   0   0   0   0   0   0   0       3127.91077202
 f   0   5   0   0   0   0   0   0   0   0   0   0   0       1770.42495615
 f   0   6   0   0   0   0   0   0   0   0   0   0   0       1270.31144120
 f   0   7   0   0   0   0   0   0   0   0   0   0   0        999.77677247
 f   0   8   0   0   0   0   0   0   0   0   0   0   0        401.59578020
 f   0   0   0   1   0   0   0   0   0   0   0   1   0      -4299.93395817
 f   0   0   2   0   0   0   0   0   0   0   0   0   0     126760.59310067
 f   0   0   0   2   0   0   0   0   0   0   0   1   0      -4884.89892522
 f   0   0   3   0   0   0   0   0   0   0   0   0   0     -10981.56098501
 f   0   0   0   3   0   0   0   0   0   0   0   1   0      -3611.63662521
 f   0   0   4   0   0   0   0   0   0   0   0   0   0       9575.44675453
 f   0   0   0   4   0   0   0   0   0   0   0   1   0      -2414.22235117
 f   0   0   5   0   0   0   0   0   0   0   0   0   0       3164.53742562
 f   0   0   0   5   0   0   0   0   0   0   0   1   0      -1668.89316562
 f   0   0   6   0   0   0   0   0   0   0   0   0   0       2316.63076495
 f   0   0   0   6   0   0   0   0   0   0   0   1   0       -390.14500516
 f   0   0   7   0   0   0   0   0   0   0   0   0   0        918.47483332
 f   0   0   0   7   0   0   0   0   0   0   0   1   0       1101.83874779
 f   0   0   0   0   0   2   0   0   0   0   0   0   0      19879.25565582
 f   0   0   0   0   0   3   0   0   0   0   0   0   0      -7717.84616644
 f   0   0   0   0   0   4   0   0   0   0   0   0   0      -1255.76818289
 f   0   0   0   0   0   5   0   0   0   0   0   0   0       -385.18551517
 f   0   0   0   0   0   6   0   0   0   0   0   0   0       -316.29070980
 f   0   0   0   0   0   7   0   0   0   0   0   0   0       -538.93796837
 f   0   0   0   0   0   8   0   0   0   0   0   0   0        683.57491739
 f   0   0   0   0   0   0   0   1   0   0   0   1   0     -20311.10172955
 f   0   0   0   0   0   0   2   0   0   0   0   0   0      84720.61394282
 f   0   0   0   0   0   0   0   2   0   0   0   1   0       4331.33627200
 f   0   0   0   0   0   0   3   0   0   0   0   0   0     -12556.02967836
 f   0   0   0   0   0   0   0   3   0   0   0   1   0        701.06527137
 f   0   0   0   0   0   0   4   0   0   0   0   0   0       7636.69199844
 f   0   0   0   0   0   0   0   4   0   0   0   1   0      -3023.09243372
 f   0   0   0   0   0   0   5   0   0   0   0   0   0      -2028.45775182
 f   0   0   0   0   0   0   0   5   0   0   0   1   0       5867.71153691
 f   0   0   0   0   0   0   6   0   0   0   0   0   0      -2735.49233553
 f   0   0   0   0   0   0   0   6   0   0   0   1   0      -4290.27550626
 f   0   0   0   0   0   0   7   0   0   0   0   0   0       3125.80926126
 f   0   0   0   0   0   0   0   7   0   0   0   1   0       1627.58071442
 f   0   0   0   0   0   0   8   0   0   0   0   0   0      -2058.02261564
 f   0   0   0   0   0   0   0   8   0   0   0   1   0        365.58617151
 f   0   0   0   0   0   0   0   0   0   2   0   0   0      19703.76237877
 f   0   0   0   0   0   0   0   0   0   2   0   1   0         96.75850205
 f   0   0   0   0   0   0   0   0   0   1   2   0   0       5776.85219700
 h   0   0   0   0   0   0   0   0   0   2   1  -1   0       -826.72342352
 f   0   0   0   0   0   0   0   0   0   4   0   0   0         86.46396334
 f   0   0   0   0   0   0   0   0   0   4   0   1   0       -147.73480182
 f   0   0   0   0   0   0   0   0   0   5   0   0   0       -219.14952259
 h   0   0   0   0   0   0   0   0   0   4   1  -1   0        -16.19185855
 f   0   0   0   0   0   0   0   0   0   4   2   0   0       -863.84694879
 f   0   0   0   0   0   0   0   0   0   2   4   0   0        148.10316364
 f   0   0   0   0   0   0   0   0   0   7   0   0   0        -42.66666882
 f   0   0   0   0   0   0   0   0   0   8   0   0   0         66.74319535
 f   0   0   0   0   0   0   0   0   0   8   0   1   0        -75.71463344
     1 parameters are out - 
   |     1   |     13  |   0.61864E-03 |  0.45396E-03  |   0.162E+14 |
   |     2   |     13  |   0.61710E-03 |  0.45283E-03  |   0.250E-02 |
   |     3   |     13  |   0.61710E-03 |  0.45283E-03  |   0.109E-06 |
   |     4   |     13  |   0.61710E-03 |  0.45283E-03  |   0.118E-05 |
   |     5   |     13  |   0.61711E-03 |  0.45283E-03  |   0.123E-05 |
   |     6   |     13  |   0.61710E-03 |  0.45283E-03  |   0.274E-05 |
   |     7   |     13  |   0.61710E-03 |  0.45283E-03  |   0.187E-05 |
   |     8   |     13  |   0.61710E-03 |  0.45283E-03  |   0.697E-08 |
   |     9   |     13  |   0.61711E-03 |  0.45283E-03  |   0.957E-06 |
   |    10   |     13  |   0.61710E-03 |  0.45283E-03  |   0.105E-05 |
   |    11   |     13  |   0.61711E-03 |  0.45283E-03  |   0.778E-06 |
   |    12   |     13  |   0.61710E-03 |  0.45283E-03  |   0.133E-05 |
   |    13   |     13  |   0.61711E-03 |  0.45283E-03  |   0.130E-05 |
   |    14   |     13  |   0.61711E-03 |  0.45283E-03  |   0.284E-06 |
   |    15   |     13  |   0.61710E-03 |  0.45283E-03  |   0.216E-05 |
   |    16   |     13  |   0.61710E-03 |  0.45283E-03  |   0.166E-05 |
   |    17   |     13  |   0.61710E-03 |  0.45283E-03  |   0.168E-06 |
   |    18   |     13  |   0.61711E-03 |  0.45283E-03  |   0.373E-06 |
   |    19   |     13  |   0.61711E-03 |  0.45283E-03  |   0.321E-07 |
   |    20   |     13  |   0.61711E-03 |  0.45283E-03  |   0.261E-06 |
   |    21   |     13  |   0.61710E-03 |  0.45283E-03  |   0.198E-05 |

Watson Alpha parameter  0.1000 fitted with rms2 = 


Potential parameters rounded in accord. with their standart errors

rC  0  0  0  0  0  0  0  0  0  0  0  0   0   1.4204479    
rO  0  0  0  0  0  0  0  0  0  0  0  0   0  0.95729738    
rC  0  0  0  0  0  0  0  0  0  0  0  0   0   1.0883773    
aH  0  0  0  0  0  0  0  0  0  0  0  0   0   107.63555    
aH  0  0  0  0  0  0  0  0  0  0  0  0   0   108.45879    
a1  0  0  0  0  0  0  0  0  0  0  0  0   0   2.1689355    
a2  0  0  0  0  0  0  0  0  0  0  0  0   0   2.5727607    
b1  0  0  0  0  0  0  0  0  0  0  0  0   0   1.7826628    
Sa  0  0  0  0  0  0  0  0  0  0  0  0   0  -.10164900E-01
Sb  0  0  0  0  0  0  0  0  0  0  0  0   0  0.17638030E-01
 f  0  0  0  0  0  0  0  0  0  0  0  0   9   -25373770.65439    (      17)
 f  0  0  0  0  0  0  0  0  0  0  0  3   9         128.47479    (      24)
 f  0  0  0  0  0  0  0  0  0  0  0  6   8           0.64155    (      24)
 f  0  0  0  0  0  0  0  0  0  0  0  9   7           0.00071    (      24)
 f  0  0  0  0  0  0  0  0  0  0  0 12   6           0.00073    (      24)
 f  0  0  0  0  0  0  0  0  0  0  0 15   0         0.0    
 f  0  0  0  0  0  0  0  0  0  0  0 18   4          -0.00037    (      24)
 f  0  0  0  0  0  0  0  0  0  0  0 21   0         0.0    
 f  2  0  0  0  0  0  0  0  0  0  0  0   0   29630.935    
 f  3  0  0  0  0  0  0  0  0  0  0  0   0   3609.5531    
 f  4  0  0  0  0  0  0  0  0  0  0  0   0   2936.7434    
 f  5  0  0  0  0  0  0  0  0  0  0  0   0   1758.1958    
 f  6  0  0  0  0  0  0  0  0  0  0  0   0   1197.6540    
 f  7  0  0  0  0  0  0  0  0  0  0  0   0   836.62376    
 f  8  0  0  0  0  0  0  0  0  0  0  0   0   328.29764    
 f  0  2  0  0  0  0  0  0  0  0  0  0   0   31940.404    
 f  0  3  0  0  0  0  0  0  0  0  0  0   0   2798.6004    
 f  0  4  0  0  0  0  0  0  0  0  0  0   0   3127.9108    
 f  0  5  0  0  0  0  0  0  0  0  0  0   0   1770.4250    
 f  0  6  0  0  0  0  0  0  0  0  0  0   0   1270.3114    
 f  0  7  0  0  0  0  0  0  0  0  0  0   0   999.77677    
 f  0  8  0  0  0  0  0  0  0  0  0  0   0   401.59578    
 f  0  0  0  1  0  0  0  0  0  0  0  1   0  -4299.9340    
 f  0  0  2  0  0  0  0  0  0  0  0  0   0   126760.59    
 f  0  0  0  2  0  0  0  0  0  0  0  1   0  -4884.8989    
 f  0  0  3  0  0  0  0  0  0  0  0  0   0  -10981.561    
 f  0  0  0  3  0  0  0  0  0  0  0  1   0  -3611.6366    
 f  0  0  4  0  0  0  0  0  0  0  0  0   0   9575.4468    
 f  0  0  0  4  0  0  0  0  0  0  0  1   0  -2414.2224    
 f  0  0  5  0  0  0  0  0  0  0  0  0   0   3164.5374    
 f  0  0  0  5  0  0  0  0  0  0  0  1   0  -1668.8932    
 f  0  0  6  0  0  0  0  0  0  0  0  0   0   2316.6308    
 f  0  0  0  6  0  0  0  0  0  0  0  1   0  -390.14501    
 f  0  0  7  0  0  0  0  0  0  0  0  0   0   918.47483    
 f  0  0  0  7  0  0  0  0  0  0  0  1   0   1101.8387    
 f  0  0  0  0  0  2  0  0  0  0  0  0   0   19879.256    
 f  0  0  0  0  0  3  0  0  0  0  0  0   0  -7717.8462    
 f  0  0  0  0  0  4  0  0  0  0  0  0   0  -1255.7682    
 f  0  0  0  0  0  5  0  0  0  0  0  0   0  -385.18552    
 f  0  0  0  0  0  6  0  0  0  0  0  0   0  -316.29071    
 f  0  0  0  0  0  7  0  0  0  0  0  0   0  -538.93797    
 f  0  0  0  0  0  8  0  0  0  0  0  0   0   683.57492    
 f  0  0  0  0  0  0  0  1  0  0  0  1   0  -20311.102    
 f  0  0  0  0  0  0  2  0  0  0  0  0   0   84720.614    
 f  0  0  0  0  0  0  0  2  0  0  0  1   0   4331.3363    
 f  0  0  0  0  0  0  3  0  0  0  0  0   0  -12556.030    
 f  0  0  0  0  0  0  0  3  0  0  0  1   0   701.06527    
 f  0  0  0  0  0  0  4  0  0  0  0  0   0   7636.6920    
 f  0  0  0  0  0  0  0  4  0  0  0  1   0  -3023.0924    
 f  0  0  0  0  0  0  5  0  0  0  0  0   0  -2028.4578    
 f  0  0  0  0  0  0  0  5  0  0  0  1   0   5867.7115    
 f  0  0  0  0  0  0  6  0  0  0  0  0   0  -2735.4923    
 f  0  0  0  0  0  0  0  6  0  0  0  1   0  -4290.2755    
 f  0  0  0  0  0  0  7  0  0  0  0  0   0   3125.8093    
 f  0  0  0  0  0  0  0  7  0  0  0  1   0   1627.5807    
 f  0  0  0  0  0  0  8  0  0  0  0  0   0  -2058.0226    
 f  0  0  0  0  0  0  0  8  0  0  0  1   0   365.58617    
 f  0  0  0  0  0  0  0  0  0  2  0  0   0   19703.762    
 f  0  0  0  0  0  0  0  0  0  2  0  1   0   96.758502    
 f  0  0  0  0  0  0  0  0  0  1  2  0   0   5776.8522    
 h  0  0  0  0  0  0  0  0  0  2  1 -1   0  -826.72342    
 f  0  0  0  0  0  0  0  0  0  4  0  0   0   86.463963    
 f  0  0  0  0  0  0  0  0  0  4  0  1   0  -147.73480    
 f  0  0  0  0  0  0  0  0  0  5  0  0   0  -219.14952    
 h  0  0  0  0  0  0  0  0  0  4  1 -1   0  -16.191859    
 f  0  0  0  0  0  0  0  0  0  4  2  0   0  -863.84695    
 f  0  0  0  0  0  0  0  0  0  2  4  0   0   148.10316    
 f  0  0  0  0  0  0  0  0  0  7  0  0   0  -42.666669    
 f  0  0  0  0  0  0  0  0  0  8  0  0   0   66.743195    
 f  0  0  0  0  0  0  0  0  0  8  0  1   0  -75.714633    
------------------------------
*  FITTING OF THE POTENTIAL PARAMETERS TO AB INITIO DATA                        
*                                                                               
*  2016                                                                         
*  C2H6                                                                         
      rCOe                        0          1.42044790
      rOHe                        0          0.95729738
       rCH                        0          1.08837733
      aHOC                        0        107.63554843
      aHCO                        0        108.45879318
        a1                        0          2.16893551
        a2                        0          2.57276067
        b1                        0          1.78266276
        Sa                        0         -0.01016490
        Sb                        0          0.01763803
 f   0   0   0   0   0   0   0   0   0   0   0   0   9  -25373770.65439274
 f   0   0   0   0   0   0   0   0   0   0   0   3   9        128.47478928
 f   0   0   0   0   0   0   0   0   0   0   0   6   8          0.64155047
 f   0   0   0   0   0   0   0   0   0   0   0   9   7          0.00070627
 f   0   0   0   0   0   0   0   0   0   0   0  12   6          0.00073256
 f   0   0   0   0   0   0   0   0   0   0   0  15   0          0.00000000
 f   0   0   0   0   0   0   0   0   0   0   0  18   4         -0.00037037
 f   0   0   0   0   0   0   0   0   0   0   0  21   0          0.00000000
 f   2   0   0   0   0   0   0   0   0   0   0   0   0      29630.93506084
 f   3   0   0   0   0   0   0   0   0   0   0   0   0       3609.55313028
 f   4   0   0   0   0   0   0   0   0   0   0   0   0       2936.74337084
 f   5   0   0   0   0   0   0   0   0   0   0   0   0       1758.19577326
 f   6   0   0   0   0   0   0   0   0   0   0   0   0       1197.65403583
 f   7   0   0   0   0   0   0   0   0   0   0   0   0        836.62376208
 f   8   0   0   0   0   0   0   0   0   0   0   0   0        328.29764036
 f   0   2   0   0   0   0   0   0   0   0   0   0   0      31940.40375184
 f   0   3   0   0   0   0   0   0   0   0   0   0   0       2798.60039599
 f   0   4   0   0   0   0   0   0   0   0   0   0   0       3127.91077202
 f   0   5   0   0   0   0   0   0   0   0   0   0   0       1770.42495615
 f   0   6   0   0   0   0   0   0   0   0   0   0   0       1270.31144120
 f   0   7   0   0   0   0   0   0   0   0   0   0   0        999.77677247
 f   0   8   0   0   0   0   0   0   0   0   0   0   0        401.59578020
 f   0   0   0   1   0   0   0   0   0   0   0   1   0      -4299.93395817
 f   0   0   2   0   0   0   0   0   0   0   0   0   0     126760.59310067
 f   0   0   0   2   0   0   0   0   0   0   0   1   0      -4884.89892522
 f   0   0   3   0   0   0   0   0   0   0   0   0   0     -10981.56098501
 f   0   0   0   3   0   0   0   0   0   0   0   1   0      -3611.63662521
 f   0   0   4   0   0   0   0   0   0   0   0   0   0       9575.44675453
 f   0   0   0   4   0   0   0   0   0   0   0   1   0      -2414.22235117
 f   0   0   5   0   0   0   0   0   0   0   0   0   0       3164.53742562
 f   0   0   0   5   0   0   0   0   0   0   0   1   0      -1668.89316562
 f   0   0   6   0   0   0   0   0   0   0   0   0   0       2316.63076495
 f   0   0   0   6   0   0   0   0   0   0   0   1   0       -390.14500516
 f   0   0   7   0   0   0   0   0   0   0   0   0   0        918.47483332
 f   0   0   0   7   0   0   0   0   0   0   0   1   0       1101.83874779
 f   0   0   0   0   0   2   0   0   0   0   0   0   0      19879.25565582
 f   0   0   0   0   0   3   0   0   0   0   0   0   0      -7717.84616644
 f   0   0   0   0   0   4   0   0   0   0   0   0   0      -1255.76818289
 f   0   0   0   0   0   5   0   0   0   0   0   0   0       -385.18551517
 f   0   0   0   0   0   6   0   0   0   0   0   0   0       -316.29070980
 f   0   0   0   0   0   7   0   0   0   0   0   0   0       -538.93796837
 f   0   0   0   0   0   8   0   0   0   0   0   0   0        683.57491739
 f   0   0   0   0   0   0   0   1   0   0   0   1   0     -20311.10172955
 f   0   0   0   0   0   0   2   0   0   0   0   0   0      84720.61394282
 f   0   0   0   0   0   0   0   2   0   0   0   1   0       4331.33627200
 f   0   0   0   0   0   0   3   0   0   0   0   0   0     -12556.02967836
 f   0   0   0   0   0   0   0   3   0   0   0   1   0        701.06527137
 f   0   0   0   0   0   0   4   0   0   0   0   0   0       7636.69199844
 f   0   0   0   0   0   0   0   4   0   0   0   1   0      -3023.09243372
 f   0   0   0   0   0   0   5   0   0   0   0   0   0      -2028.45775182
 f   0   0   0   0   0   0   0   5   0   0   0   1   0       5867.71153691
 f   0   0   0   0   0   0   6   0   0   0   0   0   0      -2735.49233553
 f   0   0   0   0   0   0   0   6   0   0   0   1   0      -4290.27550626
 f   0   0   0   0   0   0   7   0   0   0   0   0   0       3125.80926126
 f   0   0   0   0   0   0   0   7   0   0   0   1   0       1627.58071442
 f   0   0   0   0   0   0   8   0   0   0   0   0   0      -2058.02261564
 f   0   0   0   0   0   0   0   8   0   0   0   1   0        365.58617151
 f   0   0   0   0   0   0   0   0   0   2   0   0   0      19703.76237877
 f   0   0   0   0   0   0   0   0   0   2   0   1   0         96.75850205
 f   0   0   0   0   0   0   0   0   0   1   2   0   0       5776.85219700
 h   0   0   0   0   0   0   0   0   0   2   1  -1   0       -826.72342352
 f   0   0   0   0   0   0   0   0   0   4   0   0   0         86.46396334
 f   0   0   0   0   0   0   0   0   0   4   0   1   0       -147.73480182
 f   0   0   0   0   0   0   0   0   0   5   0   0   0       -219.14952259
 h   0   0   0   0   0   0   0   0   0   4   1  -1   0        -16.19185855
 f   0   0   0   0   0   0   0   0   0   4   2   0   0       -863.84694879
 f   0   0   0   0   0   0   0   0   0   2   4   0   0        148.10316364
 f   0   0   0   0   0   0   0   0   0   7   0   0   0        -42.66666882
 f   0   0   0   0   0   0   0   0   0   8   0   0   0         66.74319535
 f   0   0   0   0   0   0   0   0   0   8   0   1   0        -75.71463344

Correlation coefficients larger than 0.9: 

               --------------------------------------------------------------------------------
               :     old parm   :     new parm   :  delta parm  :   std. err.  : sensitility
               --------------------------------------------------------------------------------
  1  f          :  -25373770.65  :  -25373770.65  :         0.000:         0.000:         0.000:!
  2  f          :        128.47  :        128.47  :        -0.000:         0.000:         0.000:!
  3  f          :          0.64  :          0.64  :        -0.000:         0.000:         0.000:!
  4  f          :          0.00  :          0.00  :        -0.000:         0.000:         0.000:!
  5  f          :          0.00  :          0.00  :        -0.000:         0.000:         0.000:!
  6  f          :         -0.00  :         -0.00  :        -0.000:         0.000:         0.000:!
relat_sterr_min,ilow_sterr, tivar:    0.10000000D+21   -1    4
rCOe                               0          1.42044790
rOHe                               0          0.95729738
rCH                                0          1.08837733
aHOC                               0        107.63554843
aHCO                               0        108.45879318
a1                                 0          2.16893551
a2                                 0          2.57276067
b1                                 0          1.78266276
Sa                                 0         -0.01016490
Sb                                 0          0.01763803
 f   0   0   0   0   0   0   0   0   0   0   0   0   9  -25373770.65439274
 f   0   0   0   0   0   0   0   0   0   0   0   3   9        128.47478928
 f   0   0   0   0   0   0   0   0   0   0   0   6   8          0.64155047
 f   0   0   0   0   0   0   0   0   0   0   0   9   7          0.00070627
 f   0   0   0   0   0   0   0   0   0   0   0  12   6          0.00073256
 f   0   0   0   0   0   0   0   0   0   0   0  15   0          0.00000000
 f   0   0   0   0   0   0   0   0   0   0   0  18   4         -0.00037037
 f   0   0   0   0   0   0   0   0   0   0   0  21   0          0.00000000
 f   2   0   0   0   0   0   0   0   0   0   0   0   0      29630.93506084
 f   3   0   0   0   0   0   0   0   0   0   0   0   0       3609.55313028
 f   4   0   0   0   0   0   0   0   0   0   0   0   0       2936.74337084
 f   5   0   0   0   0   0   0   0   0   0   0   0   0       1758.19577326
 f   6   0   0   0   0   0   0   0   0   0   0   0   0       1197.65403583
 f   7   0   0   0   0   0   0   0   0   0   0   0   0        836.62376208
 f   8   0   0   0   0   0   0   0   0   0   0   0   0        328.29764036
 f   0   2   0   0   0   0   0   0   0   0   0   0   0      31940.40375184
 f   0   3   0   0   0   0   0   0   0   0   0   0   0       2798.60039599
 f   0   4   0   0   0   0   0   0   0   0   0   0   0       3127.91077202
 f   0   5   0   0   0   0   0   0   0   0   0   0   0       1770.42495615
 f   0   6   0   0   0   0   0   0   0   0   0   0   0       1270.31144120
 f   0   7   0   0   0   0   0   0   0   0   0   0   0        999.77677247
 f   0   8   0   0   0   0   0   0   0   0   0   0   0        401.59578020
 f   0   0   0   1   0   0   0   0   0   0   0   1   0      -4299.93395817
 f   0   0   2   0   0   0   0   0   0   0   0   0   0     126760.59310067
 f   0   0   0   2   0   0   0   0   0   0   0   1   0      -4884.89892522
 f   0   0   3   0   0   0   0   0   0   0   0   0   0     -10981.56098501
 f   0   0   0   3   0   0   0   0   0   0   0   1   0      -3611.63662521
 f   0   0   4   0   0   0   0   0   0   0   0   0   0       9575.44675453
 f   0   0   0   4   0   0   0   0   0   0   0   1   0      -2414.22235117
 f   0   0   5   0   0   0   0   0   0   0   0   0   0       3164.53742562
 f   0   0   0   5   0   0   0   0   0   0   0   1   0      -1668.89316562
 f   0   0   6   0   0   0   0   0   0   0   0   0   0       2316.63076495
 f   0   0   0   6   0   0   0   0   0   0   0   1   0       -390.14500516
 f   0   0   7   0   0   0   0   0   0   0   0   0   0        918.47483332
 f   0   0   0   7   0   0   0   0   0   0   0   1   0       1101.83874779
 f   0   0   0   0   0   2   0   0   0   0   0   0   0      19879.25565582
 f   0   0   0   0   0   3   0   0   0   0   0   0   0      -7717.84616644
 f   0   0   0   0   0   4   0   0   0   0   0   0   0      -1255.76818289
 f   0   0   0   0   0   5   0   0   0   0   0   0   0       -385.18551517
 f   0   0   0   0   0   6   0   0   0   0   0   0   0       -316.29070980
 f   0   0   0   0   0   7   0   0   0   0   0   0   0       -538.93796837
 f   0   0   0   0   0   8   0   0   0   0   0   0   0        683.57491739
 f   0   0   0   0   0   0   0   1   0   0   0   1   0     -20311.10172955
 f   0   0   0   0   0   0   2   0   0   0   0   0   0      84720.61394282
 f   0   0   0   0   0   0   0   2   0   0   0   1   0       4331.33627200
 f   0   0   0   0   0   0   3   0   0   0   0   0   0     -12556.02967836
 f   0   0   0   0   0   0   0   3   0   0   0   1   0        701.06527137
 f   0   0   0   0   0   0   4   0   0   0   0   0   0       7636.69199844
 f   0   0   0   0   0   0   0   4   0   0   0   1   0      -3023.09243372
 f   0   0   0   0   0   0   5   0   0   0   0   0   0      -2028.45775182
 f   0   0   0   0   0   0   0   5   0   0   0   1   0       5867.71153691
 f   0   0   0   0   0   0   6   0   0   0   0   0   0      -2735.49233553
 f   0   0   0   0   0   0   0   6   0   0   0   1   0      -4290.27550626
 f   0   0   0   0   0   0   7   0   0   0   0   0   0       3125.80926126
 f   0   0   0   0   0   0   0   7   0   0   0   1   0       1627.58071442
 f   0   0   0   0   0   0   8   0   0   0   0   0   0      -2058.02261564
 f   0   0   0   0   0   0   0   8   0   0   0   1   0        365.58617151
 f   0   0   0   0   0   0   0   0   0   2   0   0   0      19703.76237877
 f   0   0   0   0   0   0   0   0   0   2   0   1   0         96.75850205
 f   0   0   0   0   0   0   0   0   0   1   2   0   0       5776.85219700
 h   0   0   0   0   0   0   0   0   0   2   1  -1   0       -826.72342352
 f   0   0   0   0   0   0   0   0   0   4   0   0   0         86.46396334
 f   0   0   0   0   0   0   0   0   0   4   0   1   0       -147.73480182
 f   0   0   0   0   0   0   0   0   0   5   0   0   0       -219.14952259
 h   0   0   0   0   0   0   0   0   0   4   1  -1   0        -16.19185855
 f   0   0   0   0   0   0   0   0   0   4   2   0   0       -863.84694879
 f   0   0   0   0   0   0   0   0   0   2   4   0   0        148.10316364
 f   0   0   0   0   0   0   0   0   0   7   0   0   0        -42.66666882
 f   0   0   0   0   0   0   0   0   0   8   0   0   0         66.74319535
 f   0   0   0   0   0   0   0   0   0   8   0   1   0        -75.71463344
relat_sterr_min,ilow_sterr, tivar:    0.10000000D+21   -1    5
rCOe                               0          1.42044790
rOHe                               0          0.95729738
rCH                                0          1.08837733
aHOC                               0        107.63554843
aHCO                               0        108.45879318
a1                                 0          2.16893551
a2                                 0          2.57276067
b1                                 0          1.78266276
Sa                                 0         -0.01016490
Sb                                 0          0.01763803
 f   0   0   0   0   0   0   0   0   0   0   0   0   9  -25373770.65439274
 f   0   0   0   0   0   0   0   0   0   0   0   3   9        128.47478928
 f   0   0   0   0   0   0   0   0   0   0   0   6   8          0.64155047
 f   0   0   0   0   0   0   0   0   0   0   0   9   7          0.00070627
 f   0   0   0   0   0   0   0   0   0   0   0  12   6          0.00073256
 f   0   0   0   0   0   0   0   0   0   0   0  15   0          0.00000000
 f   0   0   0   0   0   0   0   0   0   0   0  18   4         -0.00037037
 f   0   0   0   0   0   0   0   0   0   0   0  21   0          0.00000000
 f   2   0   0   0   0   0   0   0   0   0   0   0   0      29630.93506084
 f   3   0   0   0   0   0   0   0   0   0   0   0   0       3609.55313028
 f   4   0   0   0   0   0   0   0   0   0   0   0   0       2936.74337084
 f   5   0   0   0   0   0   0   0   0   0   0   0   0       1758.19577326
 f   6   0   0   0   0   0   0   0   0   0   0   0   0       1197.65403583
 f   7   0   0   0   0   0   0   0   0   0   0   0   0        836.62376208
 f   8   0   0   0   0   0   0   0   0   0   0   0   0        328.29764036
 f   0   2   0   0   0   0   0   0   0   0   0   0   0      31940.40375184
 f   0   3   0   0   0   0   0   0   0   0   0   0   0       2798.60039599
 f   0   4   0   0   0   0   0   0   0   0   0   0   0       3127.91077202
 f   0   5   0   0   0   0   0   0   0   0   0   0   0       1770.42495615
 f   0   6   0   0   0   0   0   0   0   0   0   0   0       1270.31144120
 f   0   7   0   0   0   0   0   0   0   0   0   0   0        999.77677247
 f   0   8   0   0   0   0   0   0   0   0   0   0   0        401.59578020
 f   0   0   0   1   0   0   0   0   0   0   0   1   0      -4299.93395817
 f   0   0   2   0   0   0   0   0   0   0   0   0   0     126760.59310067
 f   0   0   0   2   0   0   0   0   0   0   0   1   0      -4884.89892522
 f   0   0   3   0   0   0   0   0   0   0   0   0   0     -10981.56098501
 f   0   0   0   3   0   0   0   0   0   0   0   1   0      -3611.63662521
 f   0   0   4   0   0   0   0   0   0   0   0   0   0       9575.44675453
 f   0   0   0   4   0   0   0   0   0   0   0   1   0      -2414.22235117
 f   0   0   5   0   0   0   0   0   0   0   0   0   0       3164.53742562
 f   0   0   0   5   0   0   0   0   0   0   0   1   0      -1668.89316562
 f   0   0   6   0   0   0   0   0   0   0   0   0   0       2316.63076495
 f   0   0   0   6   0   0   0   0   0   0   0   1   0       -390.14500516
 f   0   0   7   0   0   0   0   0   0   0   0   0   0        918.47483332
 f   0   0   0   7   0   0   0   0   0   0   0   1   0       1101.83874779
 f   0   0   0   0   0   2   0   0   0   0   0   0   0      19879.25565582
 f   0   0   0   0   0   3   0   0   0   0   0   0   0      -7717.84616644
 f   0   0   0   0   0   4   0   0   0   0   0   0   0      -1255.76818289
 f   0   0   0   0   0   5   0   0   0   0   0   0   0       -385.18551517
 f   0   0   0   0   0   6   0   0   0   0   0   0   0       -316.29070980
 f   0   0   0   0   0   7   0   0   0   0   0   0   0       -538.93796837
 f   0   0   0   0   0   8   0   0   0   0   0   0   0        683.57491739
 f   0   0   0   0   0   0   0   1   0   0   0   1   0     -20311.10172955
 f   0   0   0   0   0   0   2   0   0   0   0   0   0      84720.61394282
 f   0   0   0   0   0   0   0   2   0   0   0   1   0       4331.33627200
 f   0   0   0   0   0   0   3   0   0   0   0   0   0     -12556.02967836
 f   0   0   0   0   0   0   0   3   0   0   0   1   0        701.06527137
 f   0   0   0   0   0   0   4   0   0   0   0   0   0       7636.69199844
 f   0   0   0   0   0   0   0   4   0   0   0   1   0      -3023.09243372
 f   0   0   0   0   0   0   5   0   0   0   0   0   0      -2028.45775182
 f   0   0   0   0   0   0   0   5   0   0   0   1   0       5867.71153691
 f   0   0   0   0   0   0   6   0   0   0   0   0   0      -2735.49233553
 f   0   0   0   0   0   0   0   6   0   0   0   1   0      -4290.27550626
 f   0   0   0   0   0   0   7   0   0   0   0   0   0       3125.80926126
 f   0   0   0   0   0   0   0   7   0   0   0   1   0       1627.58071442
 f   0   0   0   0   0   0   8   0   0   0   0   0   0      -2058.02261564
 f   0   0   0   0   0   0   0   8   0   0   0   1   0        365.58617151
 f   0   0   0   0   0   0   0   0   0   2   0   0   0      19703.76237877
 f   0   0   0   0   0   0   0   0   0   2   0   1   0         96.75850205
 f   0   0   0   0   0   0   0   0   0   1   2   0   0       5776.85219700
 h   0   0   0   0   0   0   0   0   0   2   1  -1   0       -826.72342352
 f   0   0   0   0   0   0   0   0   0   4   0   0   0         86.46396334
 f   0   0   0   0   0   0   0   0   0   4   0   1   0       -147.73480182
 f   0   0   0   0   0   0   0   0   0   5   0   0   0       -219.14952259
 h   0   0   0   0   0   0   0   0   0   4   1  -1   0        -16.19185855
 f   0   0   0   0   0   0   0   0   0   4   2   0   0       -863.84694879
 f   0   0   0   0   0   0   0   0   0   2   4   0   0        148.10316364
 f   0   0   0   0   0   0   0   0   0   7   0   0   0        -42.66666882
 f   0   0   0   0   0   0   0   0   0   8   0   0   0         66.74319535
 f   0   0   0   0   0   0   0   0   0   8   0   1   0        -75.71463344
relat_sterr_min,ilow_sterr, tivar:    0.10000000D+21   -1    6
rCOe                               0          1.42044790
rOHe                               0          0.95729738
rCH                                0          1.08837733
aHOC                               0        107.63554843
aHCO                               0        108.45879318
a1                                 0          2.16893551
a2                                 0          2.57276067
b1                                 0          1.78266276
Sa                                 0         -0.01016490
Sb                                 0          0.01763803
 f   0   0   0   0   0   0   0   0   0   0   0   0   9  -25373770.65439274
 f   0   0   0   0   0   0   0   0   0   0   0   3   9        128.47478928
 f   0   0   0   0   0   0   0   0   0   0   0   6   8          0.64155047
 f   0   0   0   0   0   0   0   0   0   0   0   9   7          0.00070627
 f   0   0   0   0   0   0   0   0   0   0   0  12   6          0.00073256
 f   0   0   0   0   0   0   0   0   0   0   0  15   0          0.00000000
 f   0   0   0   0   0   0   0   0   0   0   0  18   4         -0.00037037
 f   0   0   0   0   0   0   0   0   0   0   0  21   0          0.00000000
 f   2   0   0   0   0   0   0   0   0   0   0   0   0      29630.93506084
 f   3   0   0   0   0   0   0   0   0   0   0   0   0       3609.55313028
 f   4   0   0   0   0   0   0   0   0   0   0   0   0       2936.74337084
 f   5   0   0   0   0   0   0   0   0   0   0   0   0       1758.19577326
 f   6   0   0   0   0   0   0   0   0   0   0   0   0       1197.65403583
 f   7   0   0   0   0   0   0   0   0   0   0   0   0        836.62376208
 f   8   0   0   0   0   0   0   0   0   0   0   0   0        328.29764036
 f   0   2   0   0   0   0   0   0   0   0   0   0   0      31940.40375184
 f   0   3   0   0   0   0   0   0   0   0   0   0   0       2798.60039599
 f   0   4   0   0   0   0   0   0   0   0   0   0   0       3127.91077202
 f   0   5   0   0   0   0   0   0   0   0   0   0   0       1770.42495615
 f   0   6   0   0   0   0   0   0   0   0   0   0   0       1270.31144120
 f   0   7   0   0   0   0   0   0   0   0   0   0   0        999.77677247
 f   0   8   0   0   0   0   0   0   0   0   0   0   0        401.59578020
 f   0   0   0   1   0   0   0   0   0   0   0   1   0      -4299.93395817
 f   0   0   2   0   0   0   0   0   0   0   0   0   0     126760.59310067
 f   0   0   0   2   0   0   0   0   0   0   0   1   0      -4884.89892522
 f   0   0   3   0   0   0   0   0   0   0   0   0   0     -10981.56098501
 f   0   0   0   3   0   0   0   0   0   0   0   1   0      -3611.63662521
 f   0   0   4   0   0   0   0   0   0   0   0   0   0       9575.44675453
 f   0   0   0   4   0   0   0   0   0   0   0   1   0      -2414.22235117
 f   0   0   5   0   0   0   0   0   0   0   0   0   0       3164.53742562
 f   0   0   0   5   0   0   0   0   0   0   0   1   0      -1668.89316562
 f   0   0   6   0   0   0   0   0   0   0   0   0   0       2316.63076495
 f   0   0   0   6   0   0   0   0   0   0   0   1   0       -390.14500516
 f   0   0   7   0   0   0   0   0   0   0   0   0   0        918.47483332
 f   0   0   0   7   0   0   0   0   0   0   0   1   0       1101.83874779
 f   0   0   0   0   0   2   0   0   0   0   0   0   0      19879.25565582
 f   0   0   0   0   0   3   0   0   0   0   0   0   0      -7717.84616644
 f   0   0   0   0   0   4   0   0   0   0   0   0   0      -1255.76818289
 f   0   0   0   0   0   5   0   0   0   0   0   0   0       -385.18551517
 f   0   0   0   0   0   6   0   0   0   0   0   0   0       -316.29070980
 f   0   0   0   0   0   7   0   0   0   0   0   0   0       -538.93796837
 f   0   0   0   0   0   8   0   0   0   0   0   0   0        683.57491739
 f   0   0   0   0   0   0   0   1   0   0   0   1   0     -20311.10172955
 f   0   0   0   0   0   0   2   0   0   0   0   0   0      84720.61394282
 f   0   0   0   0   0   0   0   2   0   0   0   1   0       4331.33627200
 f   0   0   0   0   0   0   3   0   0   0   0   0   0     -12556.02967836
 f   0   0   0   0   0   0   0   3   0   0   0   1   0        701.06527137
 f   0   0   0   0   0   0   4   0   0   0   0   0   0       7636.69199844
 f   0   0   0   0   0   0   0   4   0   0   0   1   0      -3023.09243372
 f   0   0   0   0   0   0   5   0   0   0   0   0   0      -2028.45775182
 f   0   0   0   0   0   0   0   5   0   0   0   1   0       5867.71153691
 f   0   0   0   0   0   0   6   0   0   0   0   0   0      -2735.49233553
 f   0   0   0   0   0   0   0   6   0   0   0   1   0      -4290.27550626
 f   0   0   0   0   0   0   7   0   0   0   0   0   0       3125.80926126
 f   0   0   0   0   0   0   0   7   0   0   0   1   0       1627.58071442
 f   0   0   0   0   0   0   8   0   0   0   0   0   0      -2058.02261564
 f   0   0   0   0   0   0   0   8   0   0   0   1   0        365.58617151
 f   0   0   0   0   0   0   0   0   0   2   0   0   0      19703.76237877
 f   0   0   0   0   0   0   0   0   0   2   0   1   0         96.75850205
 f   0   0   0   0   0   0   0   0   0   1   2   0   0       5776.85219700
 h   0   0   0   0   0   0   0   0   0   2   1  -1   0       -826.72342352
 f   0   0   0   0   0   0   0   0   0   4   0   0   0         86.46396334
 f   0   0   0   0   0   0   0   0   0   4   0   1   0       -147.73480182
 f   0   0   0   0   0   0   0   0   0   5   0   0   0       -219.14952259
 h   0   0   0   0   0   0   0   0   0   4   1  -1   0        -16.19185855
 f   0   0   0   0   0   0   0   0   0   4   2   0   0       -863.84694879
 f   0   0   0   0   0   0   0   0   0   2   4   0   0        148.10316364
 f   0   0   0   0   0   0   0   0   0   7   0   0   0        -42.66666882
 f   0   0   0   0   0   0   0   0   0   8   0   0   0         66.74319535
 f   0   0   0   0   0   0   0   0   0   8   0   1   0        -75.71463344
relat_sterr_min,ilow_sterr, tivar:    0.10000000D+21   -1    7
rCOe                               0          1.42044790
rOHe                               0          0.95729738
rCH                                0          1.08837733
aHOC                               0        107.63554843
aHCO                               0        108.45879318
a1                                 0          2.16893551
a2                                 0          2.57276067
b1                                 0          1.78266276
Sa                                 0         -0.01016490
Sb                                 0          0.01763803
 f   0   0   0   0   0   0   0   0   0   0   0   0   9  -25373770.65439274
 f   0   0   0   0   0   0   0   0   0   0   0   3   9        128.47478928
 f   0   0   0   0   0   0   0   0   0   0   0   6   8          0.64155047
 f   0   0   0   0   0   0   0   0   0   0   0   9   7          0.00070627
 f   0   0   0   0   0   0   0   0   0   0   0  12   6          0.00073256
 f   0   0   0   0   0   0   0   0   0   0   0  15   0          0.00000000
 f   0   0   0   0   0   0   0   0   0   0   0  18   4         -0.00037037
 f   0   0   0   0   0   0   0   0   0   0   0  21   0          0.00000000
 f   2   0   0   0   0   0   0   0   0   0   0   0   0      29630.93506084
 f   3   0   0   0   0   0   0   0   0   0   0   0   0       3609.55313028
 f   4   0   0   0   0   0   0   0   0   0   0   0   0       2936.74337084
 f   5   0   0   0   0   0   0   0   0   0   0   0   0       1758.19577326
 f   6   0   0   0   0   0   0   0   0   0   0   0   0       1197.65403583
 f   7   0   0   0   0   0   0   0   0   0   0   0   0        836.62376208
 f   8   0   0   0   0   0   0   0   0   0   0   0   0        328.29764036
 f   0   2   0   0   0   0   0   0   0   0   0   0   0      31940.40375184
 f   0   3   0   0   0   0   0   0   0   0   0   0   0       2798.60039599
 f   0   4   0   0   0   0   0   0   0   0   0   0   0       3127.91077202
 f   0   5   0   0   0   0   0   0   0   0   0   0   0       1770.42495615
 f   0   6   0   0   0   0   0   0   0   0   0   0   0       1270.31144120
 f   0   7   0   0   0   0   0   0   0   0   0   0   0        999.77677247
 f   0   8   0   0   0   0   0   0   0   0   0   0   0        401.59578020
 f   0   0   0   1   0   0   0   0   0   0   0   1   0      -4299.93395817
 f   0   0   2   0   0   0   0   0   0   0   0   0   0     126760.59310067
 f   0   0   0   2   0   0   0   0   0   0   0   1   0      -4884.89892522
 f   0   0   3   0   0   0   0   0   0   0   0   0   0     -10981.56098501
 f   0   0   0   3   0   0   0   0   0   0   0   1   0      -3611.63662521
 f   0   0   4   0   0   0   0   0   0   0   0   0   0       9575.44675453
 f   0   0   0   4   0   0   0   0   0   0   0   1   0      -2414.22235117
 f   0   0   5   0   0   0   0   0   0   0   0   0   0       3164.53742562
 f   0   0   0   5   0   0   0   0   0   0   0   1   0      -1668.89316562
 f   0   0   6   0   0   0   0   0   0   0   0   0   0       2316.63076495
 f   0   0   0   6   0   0   0   0   0   0   0   1   0       -390.14500516
 f   0   0   7   0   0   0   0   0   0   0   0   0   0        918.47483332
 f   0   0   0   7   0   0   0   0   0   0   0   1   0       1101.83874779
 f   0   0   0   0   0   2   0   0   0   0   0   0   0      19879.25565582
 f   0   0   0   0   0   3   0   0   0   0   0   0   0      -7717.84616644
 f   0   0   0   0   0   4   0   0   0   0   0   0   0      -1255.76818289
 f   0   0   0   0   0   5   0   0   0   0   0   0   0       -385.18551517
 f   0   0   0   0   0   6   0   0   0   0   0   0   0       -316.29070980
 f   0   0   0   0   0   7   0   0   0   0   0   0   0       -538.93796837
 f   0   0   0   0   0   8   0   0   0   0   0   0   0        683.57491739
 f   0   0   0   0   0   0   0   1   0   0   0   1   0     -20311.10172955
 f   0   0   0   0   0   0   2   0   0   0   0   0   0      84720.61394282
 f   0   0   0   0   0   0   0   2   0   0   0   1   0       4331.33627200
 f   0   0   0   0   0   0   3   0   0   0   0   0   0     -12556.02967836
 f   0   0   0   0   0   0   0   3   0   0   0   1   0        701.06527137
 f   0   0   0   0   0   0   4   0   0   0   0   0   0       7636.69199844
 f   0   0   0   0   0   0   0   4   0   0   0   1   0      -3023.09243372
 f   0   0   0   0   0   0   5   0   0   0   0   0   0      -2028.45775182
 f   0   0   0   0   0   0   0   5   0   0   0   1   0       5867.71153691
 f   0   0   0   0   0   0   6   0   0   0   0   0   0      -2735.49233553
 f   0   0   0   0   0   0   0   6   0   0   0   1   0      -4290.27550626
 f   0   0   0   0   0   0   7   0   0   0   0   0   0       3125.80926126
 f   0   0   0   0   0   0   0   7   0   0   0   1   0       1627.58071442
 f   0   0   0   0   0   0   8   0   0   0   0   0   0      -2058.02261564
 f   0   0   0   0   0   0   0   8   0   0   0   1   0        365.58617151
 f   0   0   0   0   0   0   0   0   0   2   0   0   0      19703.76237877
 f   0   0   0   0   0   0   0   0   0   2   0   1   0         96.75850205
 f   0   0   0   0   0   0   0   0   0   1   2   0   0       5776.85219700
 h   0   0   0   0   0   0   0   0   0   2   1  -1   0       -826.72342352
 f   0   0   0   0   0   0   0   0   0   4   0   0   0         86.46396334
 f   0   0   0   0   0   0   0   0   0   4   0   1   0       -147.73480182
 f   0   0   0   0   0   0   0   0   0   5   0   0   0       -219.14952259
 h   0   0   0   0   0   0   0   0   0   4   1  -1   0        -16.19185855
 f   0   0   0   0   0   0   0   0   0   4   2   0   0       -863.84694879
 f   0   0   0   0   0   0   0   0   0   2   4   0   0        148.10316364
 f   0   0   0   0   0   0   0   0   0   7   0   0   0        -42.66666882
 f   0   0   0   0   0   0   0   0   0   8   0   0   0         66.74319535
 f   0   0   0   0   0   0   0   0   0   8   0   1   0        -75.71463344
relat_sterr_min,ilow_sterr, tivar:    0.10000000D+21   -1    8
rCOe                               0          1.42044790
rOHe                               0          0.95729738
rCH                                0          1.08837733
aHOC                               0        107.63554843
aHCO                               0        108.45879318
a1                                 0          2.16893551
a2                                 0          2.57276067
b1                                 0          1.78266276
Sa                                 0         -0.01016490
Sb                                 0          0.01763803
 f   0   0   0   0   0   0   0   0   0   0   0   0   9  -25373770.65439274
 f   0   0   0   0   0   0   0   0   0   0   0   3   9        128.47478928
 f   0   0   0   0   0   0   0   0   0   0   0   6   8          0.64155047
 f   0   0   0   0   0   0   0   0   0   0   0   9   7          0.00070627
 f   0   0   0   0   0   0   0   0   0   0   0  12   6          0.00073256
 f   0   0   0   0   0   0   0   0   0   0   0  15   0          0.00000000
 f   0   0   0   0   0   0   0   0   0   0   0  18   4         -0.00037037
 f   0   0   0   0   0   0   0   0   0   0   0  21   0          0.00000000
 f   2   0   0   0   0   0   0   0   0   0   0   0   0      29630.93506084
 f   3   0   0   0   0   0   0   0   0   0   0   0   0       3609.55313028
 f   4   0   0   0   0   0   0   0   0   0   0   0   0       2936.74337084
 f   5   0   0   0   0   0   0   0   0   0   0   0   0       1758.19577326
 f   6   0   0   0   0   0   0   0   0   0   0   0   0       1197.65403583
 f   7   0   0   0   0   0   0   0   0   0   0   0   0        836.62376208
 f   8   0   0   0   0   0   0   0   0   0   0   0   0        328.29764036
 f   0   2   0   0   0   0   0   0   0   0   0   0   0      31940.40375184
 f   0   3   0   0   0   0   0   0   0   0   0   0   0       2798.60039599
 f   0   4   0   0   0   0   0   0   0   0   0   0   0       3127.91077202
 f   0   5   0   0   0   0   0   0   0   0   0   0   0       1770.42495615
 f   0   6   0   0   0   0   0   0   0   0   0   0   0       1270.31144120
 f   0   7   0   0   0   0   0   0   0   0   0   0   0        999.77677247
 f   0   8   0   0   0   0   0   0   0   0   0   0   0        401.59578020
 f   0   0   0   1   0   0   0   0   0   0   0   1   0      -4299.93395817
 f   0   0   2   0   0   0   0   0   0   0   0   0   0     126760.59310067
 f   0   0   0   2   0   0   0   0   0   0   0   1   0      -4884.89892522
 f   0   0   3   0   0   0   0   0   0   0   0   0   0     -10981.56098501
 f   0   0   0   3   0   0   0   0   0   0   0   1   0      -3611.63662521
 f   0   0   4   0   0   0   0   0   0   0   0   0   0       9575.44675453
 f   0   0   0   4   0   0   0   0   0   0   0   1   0      -2414.22235117
 f   0   0   5   0   0   0   0   0   0   0   0   0   0       3164.53742562
 f   0   0   0   5   0   0   0   0   0   0   0   1   0      -1668.89316562
 f   0   0   6   0   0   0   0   0   0   0   0   0   0       2316.63076495
 f   0   0   0   6   0   0   0   0   0   0   0   1   0       -390.14500516
 f   0   0   7   0   0   0   0   0   0   0   0   0   0        918.47483332
 f   0   0   0   7   0   0   0   0   0   0   0   1   0       1101.83874779
 f   0   0   0   0   0   2   0   0   0   0   0   0   0      19879.25565582
 f   0   0   0   0   0   3   0   0   0   0   0   0   0      -7717.84616644
 f   0   0   0   0   0   4   0   0   0   0   0   0   0      -1255.76818289
 f   0   0   0   0   0   5   0   0   0   0   0   0   0       -385.18551517
 f   0   0   0   0   0   6   0   0   0   0   0   0   0       -316.29070980
 f   0   0   0   0   0   7   0   0   0   0   0   0   0       -538.93796837
 f   0   0   0   0   0   8   0   0   0   0   0   0   0        683.57491739
 f   0   0   0   0   0   0   0   1   0   0   0   1   0     -20311.10172955
 f   0   0   0   0   0   0   2   0   0   0   0   0   0      84720.61394282
 f   0   0   0   0   0   0   0   2   0   0   0   1   0       4331.33627200
 f   0   0   0   0   0   0   3   0   0   0   0   0   0     -12556.02967836
 f   0   0   0   0   0   0   0   3   0   0   0   1   0        701.06527137
 f   0   0   0   0   0   0   4   0   0   0   0   0   0       7636.69199844
 f   0   0   0   0   0   0   0   4   0   0   0   1   0      -3023.09243372
 f   0   0   0   0   0   0   5   0   0   0   0   0   0      -2028.45775182
 f   0   0   0   0   0   0   0   5   0   0   0   1   0       5867.71153691
 f   0   0   0   0   0   0   6   0   0   0   0   0   0      -2735.49233553
 f   0   0   0   0   0   0   0   6   0   0   0   1   0      -4290.27550626
 f   0   0   0   0   0   0   7   0   0   0   0   0   0       3125.80926126
 f   0   0   0   0   0   0   0   7   0   0   0   1   0       1627.58071442
 f   0   0   0   0   0   0   8   0   0   0   0   0   0      -2058.02261564
 f   0   0   0   0   0   0   0   8   0   0   0   1   0        365.58617151
 f   0   0   0   0   0   0   0   0   0   2   0   0   0      19703.76237877
 f   0   0   0   0   0   0   0   0   0   2   0   1   0         96.75850205
 f   0   0   0   0   0   0   0   0   0   1   2   0   0       5776.85219700
 h   0   0   0   0   0   0   0   0   0   2   1  -1   0       -826.72342352
 f   0   0   0   0   0   0   0   0   0   4   0   0   0         86.46396334
 f   0   0   0   0   0   0   0   0   0   4   0   1   0       -147.73480182
 f   0   0   0   0   0   0   0   0   0   5   0   0   0       -219.14952259
 h   0   0   0   0   0   0   0   0   0   4   1  -1   0        -16.19185855
 f   0   0   0   0   0   0   0   0   0   4   2   0   0       -863.84694879
 f   0   0   0   0   0   0   0   0   0   2   4   0   0        148.10316364
 f   0   0   0   0   0   0   0   0   0   7   0   0   0        -42.66666882
 f   0   0   0   0   0   0   0   0   0   8   0   0   0         66.74319535
 f   0   0   0   0   0   0   0   0   0   8   0   1   0        -75.71463344

   ------------------------------------------------------------------
   |   iter  |  points |    deviat     |     rms       |  stability  |
   ------------------------------------------------------------------

   -----------------------------------------------------------
   |  param  |  points |   deviat    |    rms      | stability |
   -----------------------------------------------------------
   |     6   |     13  |   0.61710E-03 |  0.45550E-03  |    0.198E-05 |

############################################################################################
