************************************************************************************************************************************
 ************************************************************************************************************************************
 ************************************************************************************************************************************
 ****************                                                                                                    ****************
 ****************          *  FITTING OF THE POTENTIAL PARAMETERS TO AB INITIO DATA                                  ****************
 ****************          *                                                                                         ****************
 ****************          *  2016                                                                                   ****************
 ****************          *  C2H6                                                                                   ****************

 ****************                                                                                                    ****************
 ************************************************************************************************************************************
 ************************************************************************************************************************************
 ************************************************************************************************************************************
 
        12 <= number of degrees of freedom
         5 <= number of bonds
         7 <= number of bond angles
        20 <= number of iterations in the fit
  0.000000 <= The fit is over if the stability is reached 
  0.000010 <= The fit is over if the st.dev. best is reached 
  1.000000 <= sterr parameter out 
  0.000010 <= stdev parameter out 
         1 <= watson robust on (1) or of (0) 
         8 <= number of non-linear parameters
 parameters of structure 
rCOe      =           1.420
rOHe      =           0.957
rCH       =           1.088
aHOC      =         107.636
aHCO      =         108.459
a1        =           2.169
a2        =           2.573
b1        =           1.783
Lowest energy = -115.611863    

   ------------------------------------------------------------------
   |   iter  |  points |    deviat     |     rms       |  stability  |
   ------------------------------------------------------------------
   |     1   |     35  |   0.14157E+02 |  0.37513E+03  |   0.371E+08 |
   |     2   |     35  |   0.69890E+01 |  0.67197E+01  |   0.375E+02 |
   |     3   |     35  |   0.69053E-01 |  0.10596E+00  |   0.143E+03 |
   |     4   |     35  |   0.54098E-02 |  0.18381E+01  |   0.801E+01 |
   |     5   |     35  |   0.52647E-02 |  0.19668E+01  |   0.277E-01 |
   |     6   |     35  |   0.52647E-02 |  0.19668E+01  |   0.870E-07 |
   |     7   |     35  |   0.52647E-02 |  0.19668E+01  |   0.107E-06 |
   |     8   |     35  |   0.52647E-02 |  0.19668E+01  |   0.286E-07 |
   |     9   |     35  |   0.52647E-02 |  0.19668E+01  |   0.639E-07 |
   |    10   |     35  |   0.52647E-02 |  0.19668E+01  |   0.141E-06 |
   |    11   |     35  |   0.52647E-02 |  0.19668E+01  |   0.457E-07 |
   |    12   |     35  |   0.52647E-02 |  0.19668E+01  |   0.593E-07 |
   |    13   |     35  |   0.52647E-02 |  0.19668E+01  |   0.193E-08 |
   |    14   |     35  |   0.52647E-02 |  0.19668E+01  |   0.196E-07 |
   |    15   |     35  |   0.52647E-02 |  0.19668E+01  |   0.450E-08 |
   |    16   |     35  |   0.52647E-02 |  0.19668E+01  |   0.659E-07 |
   |    17   |     35  |   0.52647E-02 |  0.19668E+01  |   0.717E-08 |
   |    18   |     35  |   0.52647E-02 |  0.19668E+01  |   0.205E-07 |
   |    19   |     35  |   0.52647E-02 |  0.19668E+01  |   0.118E-06 |
   |    20   |     35  |   0.52647E-02 |  0.19668E+01  |   0.110E-06 |
   |    21   |     35  |   0.52647E-02 |  0.19668E+01  |   0.318E-07 |

Watson Alpha parameter  0.1000 fitted with rms2 = 


Potential parameters rounded in accord. with their standart errors

rC  0  0  0  0  0  0  0  0  0  0  0  0   0   1.4204479    
rO  0  0  0  0  0  0  0  0  0  0  0  0   0  0.95729738    
rC  0  0  0  0  0  0  0  0  0  0  0  0   0   1.0883773    
aH  0  0  0  0  0  0  0  0  0  0  0  0   0   107.63555    
aH  0  0  0  0  0  0  0  0  0  0  0  0   9        108.918868    (      17)
a1  0  0  0  0  0  0  0  0  0  0  0  0   0   2.1689355    
a2  0  0  0  0  0  0  0  0  0  0  0  0   0   2.5727607    
b1  0  0  0  0  0  0  0  0  0  0  0  0   0   1.7826628    
 f  0  0  0  0  0  0  0  0  0  0  0  0   9    -25373859.1182    (      17)
 f  2  0  0  0  0  0  0  0  0  0  0  0   0   29630.935    
 f  3  0  0  0  0  0  0  0  0  0  0  0   0   3609.5531    
 f  4  0  0  0  0  0  0  0  0  0  0  0   0   2936.7434    
 f  5  0  0  0  0  0  0  0  0  0  0  0   0   1758.1958    
 f  6  0  0  0  0  0  0  0  0  0  0  0   0   1197.6540    
 f  7  0  0  0  0  0  0  0  0  0  0  0   0   836.62376    
 f  8  0  0  0  0  0  0  0  0  0  0  0   0   328.29764    
 f  0  2  0  0  0  0  0  0  0  0  0  0   0   31940.404    
 f  0  3  0  0  0  0  0  0  0  0  0  0   0   2798.6004    
 f  0  4  0  0  0  0  0  0  0  0  0  0   0   3127.9108    
 f  0  5  0  0  0  0  0  0  0  0  0  0   0   1770.4250    
 f  0  6  0  0  0  0  0  0  0  0  0  0   0   1270.3114    
 f  0  7  0  0  0  0  0  0  0  0  0  0   0   999.77677    
 f  0  8  0  0  0  0  0  0  0  0  0  0   0   401.59578    
 f  0  0  0  1  0  0  0  0  0  0  0  1   0  -4299.9340    
 f  0  0  2  0  0  0  0  0  0  0  0  0   0   126760.59    
 f  0  0  0  2  0  0  0  0  0  0  0  1   0  -4884.8989    
 f  0  0  3  0  0  0  0  0  0  0  0  0   0  -10981.561    
 f  0  0  0  3  0  0  0  0  0  0  0  1   0  -3611.6366    
 f  0  0  4  0  0  0  0  0  0  0  0  0   0   9575.4468    
 f  0  0  0  4  0  0  0  0  0  0  0  1   0  -2414.2224    
 f  0  0  5  0  0  0  0  0  0  0  0  0   0   3164.5374    
 f  0  0  0  5  0  0  0  0  0  0  0  1   0  -1668.8932    
 f  0  0  6  0  0  0  0  0  0  0  0  0   0   2316.6308    
 f  0  0  0  6  0  0  0  0  0  0  0  1   0  -390.14501    
 f  0  0  7  0  0  0  0  0  0  0  0  0   0   918.47483    
 f  0  0  0  7  0  0  0  0  0  0  0  1   0   1101.8387    
 f  0  0  0  0  0  2  0  0  0  0  0  0   0   19879.256    
 f  0  0  0  0  0  3  0  0  0  0  0  0   0  -7717.8462    
 f  0  0  0  0  0  4  0  0  0  0  0  0   0  -1255.7682    
 f  0  0  0  0  0  5  0  0  0  0  0  0   0  -385.18552    
 f  0  0  0  0  0  6  0  0  0  0  0  0   0  -316.29071    
 f  0  0  0  0  0  7  0  0  0  0  0  0   0  -538.93797    
 f  0  0  0  0  0  8  0  0  0  0  0  0   0   683.57492    
 f  0  0  0  0  0  0  0  1  0  0  0  1   9         -15266.13    (      12)
 f  0  0  0  0  0  0  2  0  0  0  0  0   9          83670.30    (      41)
 f  0  0  0  0  0  0  0  2  0  0  0  1   9           7464.76    (      76)
 f  0  0  0  0  0  0  3  0  0  0  0  0   8          -12325.4    (      15)
 f  0  0  0  0  0  0  0  3  0  0  0  1   8             188.3    (      37)
 f  0  0  0  0  0  0  4  0  0  0  0  0   7            7570.6    (      51)
 f  0  0  0  0  0  0  0  4  0  0  0  1   7            -2296.    (      10)
 f  0  0  0  0  0  0  5  0  0  0  0  0   6            -2079.    (      14)
 f  0  0  0  0  0  0  0  5  0  0  0  1   6             5059.    (      34)
 f  0  0  0  0  0  0  6  0  0  0  0  0   5            -2665.    (      19)
 f  0  0  0  0  0  0  0  6  0  0  0  1   5            -3840.    (      40)
 f  0  0  0  0  0  0  7  0  0  0  0  0   4             3064.    (      33)
 f  0  0  0  0  0  0  0  7  0  0  0  1   4             1184.    (      84)
 f  0  0  0  0  0  0  8  0  0  0  0  0   3            -1940.    (      31)
 f  0  0  0  0  0  0  0  8  0  0  0  1   3              272.    (      76)
------------------------------
*  FITTING OF THE POTENTIAL PARAMETERS TO AB INITIO DATA                        
*                                                                               
*  2016                                                                         
*  C2H6                                                                         
      rCOe                        0          1.42044790
      rOHe                        0          0.95729738
       rCH                        0          1.08837733
      aHOC                        0        107.63554843
      aHCO                        9        108.91886791
        a1                        0          2.16893551
        a2                        0          2.57276067
        b1                        0          1.78266276
 f   0   0   0   0   0   0   0   0   0   0   0   0   9  -25373859.11816041
 f   2   0   0   0   0   0   0   0   0   0   0   0   0      29630.93506084
 f   3   0   0   0   0   0   0   0   0   0   0   0   0       3609.55313028
 f   4   0   0   0   0   0   0   0   0   0   0   0   0       2936.74337084
 f   5   0   0   0   0   0   0   0   0   0   0   0   0       1758.19577326
 f   6   0   0   0   0   0   0   0   0   0   0   0   0       1197.65403583
 f   7   0   0   0   0   0   0   0   0   0   0   0   0        836.62376208
 f   8   0   0   0   0   0   0   0   0   0   0   0   0        328.29764036
 f   0   2   0   0   0   0   0   0   0   0   0   0   0      31940.40375184
 f   0   3   0   0   0   0   0   0   0   0   0   0   0       2798.60039599
 f   0   4   0   0   0   0   0   0   0   0   0   0   0       3127.91077202
 f   0   5   0   0   0   0   0   0   0   0   0   0   0       1770.42495615
 f   0   6   0   0   0   0   0   0   0   0   0   0   0       1270.31144120
 f   0   7   0   0   0   0   0   0   0   0   0   0   0        999.77677247
 f   0   8   0   0   0   0   0   0   0   0   0   0   0        401.59578020
 f   0   0   0   1   0   0   0   0   0   0   0   1   0      -4299.93395817
 f   0   0   2   0   0   0   0   0   0   0   0   0   0     126760.59310067
 f   0   0   0   2   0   0   0   0   0   0   0   1   0      -4884.89892522
 f   0   0   3   0   0   0   0   0   0   0   0   0   0     -10981.56098501
 f   0   0   0   3   0   0   0   0   0   0   0   1   0      -3611.63662521
 f   0   0   4   0   0   0   0   0   0   0   0   0   0       9575.44675453
 f   0   0   0   4   0   0   0   0   0   0   0   1   0      -2414.22235117
 f   0   0   5   0   0   0   0   0   0   0   0   0   0       3164.53742562
 f   0   0   0   5   0   0   0   0   0   0   0   1   0      -1668.89316562
 f   0   0   6   0   0   0   0   0   0   0   0   0   0       2316.63076495
 f   0   0   0   6   0   0   0   0   0   0   0   1   0       -390.14500516
 f   0   0   7   0   0   0   0   0   0   0   0   0   0        918.47483332
 f   0   0   0   7   0   0   0   0   0   0   0   1   0       1101.83874779
 f   0   0   0   0   0   2   0   0   0   0   0   0   0      19879.25565582
 f   0   0   0   0   0   3   0   0   0   0   0   0   0      -7717.84616644
 f   0   0   0   0   0   4   0   0   0   0   0   0   0      -1255.76818289
 f   0   0   0   0   0   5   0   0   0   0   0   0   0       -385.18551517
 f   0   0   0   0   0   6   0   0   0   0   0   0   0       -316.29070980
 f   0   0   0   0   0   7   0   0   0   0   0   0   0       -538.93796837
 f   0   0   0   0   0   8   0   0   0   0   0   0   0        683.57491739
 f   0   0   0   0   0   0   0   1   0   0   0   1   9     -15266.13186322
 f   0   0   0   0   0   0   2   0   0   0   0   0   9      83670.30492580
 f   0   0   0   0   0   0   0   2   0   0   0   1   9       7464.75509248
 f   0   0   0   0   0   0   3   0   0   0   0   0   8     -12325.40809806
 f   0   0   0   0   0   0   0   3   0   0   0   1   8        188.26011081
 f   0   0   0   0   0   0   4   0   0   0   0   0   7       7570.58161167
 f   0   0   0   0   0   0   0   4   0   0   0   1   7      -2296.23914511
 f   0   0   0   0   0   0   5   0   0   0   0   0   6      -2079.24940153
 f   0   0   0   0   0   0   0   5   0   0   0   1   6       5058.72248114
 f   0   0   0   0   0   0   6   0   0   0   0   0   5      -2665.40586455
 f   0   0   0   0   0   0   0   6   0   0   0   1   5      -3839.61726358
 f   0   0   0   0   0   0   7   0   0   0   0   0   4       3063.68324380
 f   0   0   0   0   0   0   0   7   0   0   0   1   4       1184.03952287
 f   0   0   0   0   0   0   8   0   0   0   0   0   3      -1939.74381667
 f   0   0   0   0   0   0   0   8   0   0   0   1   3        271.87490552

Correlation coefficients larger than 0.9: 
          corr(   4,   8) =  0.9639370
          corr(   5,   9) =  0.9505697
          corr(   6,  10) =  0.9411955
          corr(   7,  11) =  0.9435739
          corr(   8,  12) =  0.9120991
          corr(  10,  14) =  0.9845626
          corr(  10,  16) =  0.9031114
          corr(  11,  15) =  0.9861020
          corr(  11,  17) =  0.9060067
          corr(  15,  17) =  0.9065010

               --------------------------------------------------------------------------------
               :     old parm   :     new parm   :  delta parm  :   std. err.  : sensitility
               --------------------------------------------------------------------------------
  1  aHCO       :        108.92  :        108.92  :        -0.000:         0.000:         0.000:!
  2  f          :  -25373859.12  :  -25373859.12  :         0.000:         0.002:         0.000:!
  3  f          :     -15266.13  :     -15266.13  :         0.000:         0.124:         0.001:!
  4  f          :      83670.30  :      83670.30  :        -0.000:         0.408:         0.001:!
  5  f          :       7464.76  :       7464.76  :         0.000:         0.757:         0.002:!
  6  f          :     -12325.41  :     -12325.41  :        -0.000:         1.514:         0.002:!
  7  f          :        188.26  :        188.26  :        -0.000:         3.715:         0.004:!
  8  f          :       7570.58  :       7570.58  :         0.000:         5.132:         0.003:!
  9  f          :      -2296.24  :      -2296.24  :        -0.000:        10.282:         0.008:!
 10  f          :      -2079.25  :      -2079.25  :         0.000:        13.617:         0.006:!
 11  f          :       5058.72  :       5058.72  :        -0.000:        34.093:         0.015:!
 12  f          :      -2665.41  :      -2665.41  :        -0.000:        18.924:         0.011:!
 13  f          :      -3839.62  :      -3839.62  :         0.000:        40.488:         0.029:!
 14  f          :       3063.68  :       3063.68  :        -0.000:        33.347:         0.021:!
 15  f          :       1184.04  :       1184.04  :         0.000:        84.066:         0.054:!
 16  f          :      -1939.74  :      -1939.74  :         0.000:        31.030:         0.039:!
 17  f          :        271.87  :        271.87  :        -0.000:        75.851:         0.100:!
relat_sterr_min,ilow_sterr, tivar:    0.10000000D+21   -1    3
rCOe                               0          1.42044790
rOHe                               0          0.95729738
rCH                                0          1.08837733
aHOC                               0        107.63554843
aHCO                               9        108.91886791
a1                                 0          2.16893551
a2                                 0          2.57276067
b1                                 0          1.78266276
 f   0   0   0   0   0   0   0   0   0   0   0   0   9  -25373859.11816041
 f   2   0   0   0   0   0   0   0   0   0   0   0   0      29630.93506084
 f   3   0   0   0   0   0   0   0   0   0   0   0   0       3609.55313028
 f   4   0   0   0   0   0   0   0   0   0   0   0   0       2936.74337084
 f   5   0   0   0   0   0   0   0   0   0   0   0   0       1758.19577326
 f   6   0   0   0   0   0   0   0   0   0   0   0   0       1197.65403583
 f   7   0   0   0   0   0   0   0   0   0   0   0   0        836.62376208
 f   8   0   0   0   0   0   0   0   0   0   0   0   0        328.29764036
 f   0   2   0   0   0   0   0   0   0   0   0   0   0      31940.40375184
 f   0   3   0   0   0   0   0   0   0   0   0   0   0       2798.60039599
 f   0   4   0   0   0   0   0   0   0   0   0   0   0       3127.91077202
 f   0   5   0   0   0   0   0   0   0   0   0   0   0       1770.42495615
 f   0   6   0   0   0   0   0   0   0   0   0   0   0       1270.31144120
 f   0   7   0   0   0   0   0   0   0   0   0   0   0        999.77677247
 f   0   8   0   0   0   0   0   0   0   0   0   0   0        401.59578020
 f   0   0   0   1   0   0   0   0   0   0   0   1   0      -4299.93395817
 f   0   0   2   0   0   0   0   0   0   0   0   0   0     126760.59310067
 f   0   0   0   2   0   0   0   0   0   0   0   1   0      -4884.89892522
 f   0   0   3   0   0   0   0   0   0   0   0   0   0     -10981.56098501
 f   0   0   0   3   0   0   0   0   0   0   0   1   0      -3611.63662521
 f   0   0   4   0   0   0   0   0   0   0   0   0   0       9575.44675453
 f   0   0   0   4   0   0   0   0   0   0   0   1   0      -2414.22235117
 f   0   0   5   0   0   0   0   0   0   0   0   0   0       3164.53742562
 f   0   0   0   5   0   0   0   0   0   0   0   1   0      -1668.89316562
 f   0   0   6   0   0   0   0   0   0   0   0   0   0       2316.63076495
 f   0   0   0   6   0   0   0   0   0   0   0   1   0       -390.14500516
 f   0   0   7   0   0   0   0   0   0   0   0   0   0        918.47483332
 f   0   0   0   7   0   0   0   0   0   0   0   1   0       1101.83874779
 f   0   0   0   0   0   2   0   0   0   0   0   0   0      19879.25565582
 f   0   0   0   0   0   3   0   0   0   0   0   0   0      -7717.84616644
 f   0   0   0   0   0   4   0   0   0   0   0   0   0      -1255.76818289
 f   0   0   0   0   0   5   0   0   0   0   0   0   0       -385.18551517
 f   0   0   0   0   0   6   0   0   0   0   0   0   0       -316.29070980
 f   0   0   0   0   0   7   0   0   0   0   0   0   0       -538.93796837
 f   0   0   0   0   0   8   0   0   0   0   0   0   0        683.57491739
 f   0   0   0   0   0   0   0   1   0   0   0   1   9     -15266.13186322
 f   0   0   0   0   0   0   2   0   0   0   0   0   9      83670.30492580
 f   0   0   0   0   0   0   0   2   0   0   0   1   9       7464.75509248
 f   0   0   0   0   0   0   3   0   0   0   0   0   8     -12325.40809806
 f   0   0   0   0   0   0   0   3   0   0   0   1   8        188.26011081
 f   0   0   0   0   0   0   4   0   0   0   0   0   7       7570.58161167
 f   0   0   0   0   0   0   0   4   0   0   0   1   7      -2296.23914511
 f   0   0   0   0   0   0   5   0   0   0   0   0   6      -2079.24940153
 f   0   0   0   0   0   0   0   5   0   0   0   1   6       5058.72248114
 f   0   0   0   0   0   0   6   0   0   0   0   0   5      -2665.40586455
 f   0   0   0   0   0   0   0   6   0   0   0   1   5      -3839.61726358
 f   0   0   0   0   0   0   7   0   0   0   0   0   4       3063.68324380
 f   0   0   0   0   0   0   0   7   0   0   0   1   4       1184.03952287
 f   0   0   0   0   0   0   8   0   0   0   0   0   3      -1939.74381667
 f   0   0   0   0   0   0   0   8   0   0   0   1   3        271.87490552
relat_sterr_min,ilow_sterr, tivar:    0.10000000D+21   -1    4
rCOe                               0          1.42044790
rOHe                               0          0.95729738
rCH                                0          1.08837733
aHOC                               0        107.63554843
aHCO                               9        108.91886791
a1                                 0          2.16893551
a2                                 0          2.57276067
b1                                 0          1.78266276
 f   0   0   0   0   0   0   0   0   0   0   0   0   9  -25373859.11816041
 f   2   0   0   0   0   0   0   0   0   0   0   0   0      29630.93506084
 f   3   0   0   0   0   0   0   0   0   0   0   0   0       3609.55313028
 f   4   0   0   0   0   0   0   0   0   0   0   0   0       2936.74337084
 f   5   0   0   0   0   0   0   0   0   0   0   0   0       1758.19577326
 f   6   0   0   0   0   0   0   0   0   0   0   0   0       1197.65403583
 f   7   0   0   0   0   0   0   0   0   0   0   0   0        836.62376208
 f   8   0   0   0   0   0   0   0   0   0   0   0   0        328.29764036
 f   0   2   0   0   0   0   0   0   0   0   0   0   0      31940.40375184
 f   0   3   0   0   0   0   0   0   0   0   0   0   0       2798.60039599
 f   0   4   0   0   0   0   0   0   0   0   0   0   0       3127.91077202
 f   0   5   0   0   0   0   0   0   0   0   0   0   0       1770.42495615
 f   0   6   0   0   0   0   0   0   0   0   0   0   0       1270.31144120
 f   0   7   0   0   0   0   0   0   0   0   0   0   0        999.77677247
 f   0   8   0   0   0   0   0   0   0   0   0   0   0        401.59578020
 f   0   0   0   1   0   0   0   0   0   0   0   1   0      -4299.93395817
 f   0   0   2   0   0   0   0   0   0   0   0   0   0     126760.59310067
 f   0   0   0   2   0   0   0   0   0   0   0   1   0      -4884.89892522
 f   0   0   3   0   0   0   0   0   0   0   0   0   0     -10981.56098501
 f   0   0   0   3   0   0   0   0   0   0   0   1   0      -3611.63662521
 f   0   0   4   0   0   0   0   0   0   0   0   0   0       9575.44675453
 f   0   0   0   4   0   0   0   0   0   0   0   1   0      -2414.22235117
 f   0   0   5   0   0   0   0   0   0   0   0   0   0       3164.53742562
 f   0   0   0   5   0   0   0   0   0   0   0   1   0      -1668.89316562
 f   0   0   6   0   0   0   0   0   0   0   0   0   0       2316.63076495
 f   0   0   0   6   0   0   0   0   0   0   0   1   0       -390.14500516
 f   0   0   7   0   0   0   0   0   0   0   0   0   0        918.47483332
 f   0   0   0   7   0   0   0   0   0   0   0   1   0       1101.83874779
 f   0   0   0   0   0   2   0   0   0   0   0   0   0      19879.25565582
 f   0   0   0   0   0   3   0   0   0   0   0   0   0      -7717.84616644
 f   0   0   0   0   0   4   0   0   0   0   0   0   0      -1255.76818289
 f   0   0   0   0   0   5   0   0   0   0   0   0   0       -385.18551517
 f   0   0   0   0   0   6   0   0   0   0   0   0   0       -316.29070980
 f   0   0   0   0   0   7   0   0   0   0   0   0   0       -538.93796837
 f   0   0   0   0   0   8   0   0   0   0   0   0   0        683.57491739
 f   0   0   0   0   0   0   0   1   0   0   0   1   9     -15266.13186322
 f   0   0   0   0   0   0   2   0   0   0   0   0   9      83670.30492580
 f   0   0   0   0   0   0   0   2   0   0   0   1   9       7464.75509248
 f   0   0   0   0   0   0   3   0   0   0   0   0   8     -12325.40809806
 f   0   0   0   0   0   0   0   3   0   0   0   1   8        188.26011081
 f   0   0   0   0   0   0   4   0   0   0   0   0   7       7570.58161167
 f   0   0   0   0   0   0   0   4   0   0   0   1   7      -2296.23914511
 f   0   0   0   0   0   0   5   0   0   0   0   0   6      -2079.24940153
 f   0   0   0   0   0   0   0   5   0   0   0   1   6       5058.72248114
 f   0   0   0   0   0   0   6   0   0   0   0   0   5      -2665.40586455
 f   0   0   0   0   0   0   0   6   0   0   0   1   5      -3839.61726358
 f   0   0   0   0   0   0   7   0   0   0   0   0   4       3063.68324380
 f   0   0   0   0   0   0   0   7   0   0   0   1   4       1184.03952287
 f   0   0   0   0   0   0   8   0   0   0   0   0   3      -1939.74381667
 f   0   0   0   0   0   0   0   8   0   0   0   1   3        271.87490552
relat_sterr_min,ilow_sterr, tivar:    0.10000000D+21   -1    5
rCOe                               0          1.42044790
rOHe                               0          0.95729738
rCH                                0          1.08837733
aHOC                               0        107.63554843
aHCO                               9        108.91886791
a1                                 0          2.16893551
a2                                 0          2.57276067
b1                                 0          1.78266276
 f   0   0   0   0   0   0   0   0   0   0   0   0   9  -25373859.11816041
 f   2   0   0   0   0   0   0   0   0   0   0   0   0      29630.93506084
 f   3   0   0   0   0   0   0   0   0   0   0   0   0       3609.55313028
 f   4   0   0   0   0   0   0   0   0   0   0   0   0       2936.74337084
 f   5   0   0   0   0   0   0   0   0   0   0   0   0       1758.19577326
 f   6   0   0   0   0   0   0   0   0   0   0   0   0       1197.65403583
 f   7   0   0   0   0   0   0   0   0   0   0   0   0        836.62376208
 f   8   0   0   0   0   0   0   0   0   0   0   0   0        328.29764036
 f   0   2   0   0   0   0   0   0   0   0   0   0   0      31940.40375184
 f   0   3   0   0   0   0   0   0   0   0   0   0   0       2798.60039599
 f   0   4   0   0   0   0   0   0   0   0   0   0   0       3127.91077202
 f   0   5   0   0   0   0   0   0   0   0   0   0   0       1770.42495615
 f   0   6   0   0   0   0   0   0   0   0   0   0   0       1270.31144120
 f   0   7   0   0   0   0   0   0   0   0   0   0   0        999.77677247
 f   0   8   0   0   0   0   0   0   0   0   0   0   0        401.59578020
 f   0   0   0   1   0   0   0   0   0   0   0   1   0      -4299.93395817
 f   0   0   2   0   0   0   0   0   0   0   0   0   0     126760.59310067
 f   0   0   0   2   0   0   0   0   0   0   0   1   0      -4884.89892522
 f   0   0   3   0   0   0   0   0   0   0   0   0   0     -10981.56098501
 f   0   0   0   3   0   0   0   0   0   0   0   1   0      -3611.63662521
 f   0   0   4   0   0   0   0   0   0   0   0   0   0       9575.44675453
 f   0   0   0   4   0   0   0   0   0   0   0   1   0      -2414.22235117
 f   0   0   5   0   0   0   0   0   0   0   0   0   0       3164.53742562
 f   0   0   0   5   0   0   0   0   0   0   0   1   0      -1668.89316562
 f   0   0   6   0   0   0   0   0   0   0   0   0   0       2316.63076495
 f   0   0   0   6   0   0   0   0   0   0   0   1   0       -390.14500516
 f   0   0   7   0   0   0   0   0   0   0   0   0   0        918.47483332
 f   0   0   0   7   0   0   0   0   0   0   0   1   0       1101.83874779
 f   0   0   0   0   0   2   0   0   0   0   0   0   0      19879.25565582
 f   0   0   0   0   0   3   0   0   0   0   0   0   0      -7717.84616644
 f   0   0   0   0   0   4   0   0   0   0   0   0   0      -1255.76818289
 f   0   0   0   0   0   5   0   0   0   0   0   0   0       -385.18551517
 f   0   0   0   0   0   6   0   0   0   0   0   0   0       -316.29070980
 f   0   0   0   0   0   7   0   0   0   0   0   0   0       -538.93796837
 f   0   0   0   0   0   8   0   0   0   0   0   0   0        683.57491739
 f   0   0   0   0   0   0   0   1   0   0   0   1   9     -15266.13186322
 f   0   0   0   0   0   0   2   0   0   0   0   0   9      83670.30492580
 f   0   0   0   0   0   0   0   2   0   0   0   1   9       7464.75509248
 f   0   0   0   0   0   0   3   0   0   0   0   0   8     -12325.40809806
 f   0   0   0   0   0   0   0   3   0   0   0   1   8        188.26011081
 f   0   0   0   0   0   0   4   0   0   0   0   0   7       7570.58161167
 f   0   0   0   0   0   0   0   4   0   0   0   1   7      -2296.23914511
 f   0   0   0   0   0   0   5   0   0   0   0   0   6      -2079.24940153
 f   0   0   0   0   0   0   0   5   0   0   0   1   6       5058.72248114
 f   0   0   0   0   0   0   6   0   0   0   0   0   5      -2665.40586455
 f   0   0   0   0   0   0   0   6   0   0   0   1   5      -3839.61726358
 f   0   0   0   0   0   0   7   0   0   0   0   0   4       3063.68324380
 f   0   0   0   0   0   0   0   7   0   0   0   1   4       1184.03952287
 f   0   0   0   0   0   0   8   0   0   0   0   0   3      -1939.74381667
 f   0   0   0   0   0   0   0   8   0   0   0   1   3        271.87490552
relat_sterr_min,ilow_sterr, tivar:    0.10000000D+21   -1    6
rCOe                               0          1.42044790
rOHe                               0          0.95729738
rCH                                0          1.08837733
aHOC                               0        107.63554843
aHCO                               9        108.91886791
a1                                 0          2.16893551
a2                                 0          2.57276067
b1                                 0          1.78266276
 f   0   0   0   0   0   0   0   0   0   0   0   0   9  -25373859.11816041
 f   2   0   0   0   0   0   0   0   0   0   0   0   0      29630.93506084
 f   3   0   0   0   0   0   0   0   0   0   0   0   0       3609.55313028
 f   4   0   0   0   0   0   0   0   0   0   0   0   0       2936.74337084
 f   5   0   0   0   0   0   0   0   0   0   0   0   0       1758.19577326
 f   6   0   0   0   0   0   0   0   0   0   0   0   0       1197.65403583
 f   7   0   0   0   0   0   0   0   0   0   0   0   0        836.62376208
 f   8   0   0   0   0   0   0   0   0   0   0   0   0        328.29764036
 f   0   2   0   0   0   0   0   0   0   0   0   0   0      31940.40375184
 f   0   3   0   0   0   0   0   0   0   0   0   0   0       2798.60039599
 f   0   4   0   0   0   0   0   0   0   0   0   0   0       3127.91077202
 f   0   5   0   0   0   0   0   0   0   0   0   0   0       1770.42495615
 f   0   6   0   0   0   0   0   0   0   0   0   0   0       1270.31144120
 f   0   7   0   0   0   0   0   0   0   0   0   0   0        999.77677247
 f   0   8   0   0   0   0   0   0   0   0   0   0   0        401.59578020
 f   0   0   0   1   0   0   0   0   0   0   0   1   0      -4299.93395817
 f   0   0   2   0   0   0   0   0   0   0   0   0   0     126760.59310067
 f   0   0   0   2   0   0   0   0   0   0   0   1   0      -4884.89892522
 f   0   0   3   0   0   0   0   0   0   0   0   0   0     -10981.56098501
 f   0   0   0   3   0   0   0   0   0   0   0   1   0      -3611.63662521
 f   0   0   4   0   0   0   0   0   0   0   0   0   0       9575.44675453
 f   0   0   0   4   0   0   0   0   0   0   0   1   0      -2414.22235117
 f   0   0   5   0   0   0   0   0   0   0   0   0   0       3164.53742562
 f   0   0   0   5   0   0   0   0   0   0   0   1   0      -1668.89316562
 f   0   0   6   0   0   0   0   0   0   0   0   0   0       2316.63076495
 f   0   0   0   6   0   0   0   0   0   0   0   1   0       -390.14500516
 f   0   0   7   0   0   0   0   0   0   0   0   0   0        918.47483332
 f   0   0   0   7   0   0   0   0   0   0   0   1   0       1101.83874779
 f   0   0   0   0   0   2   0   0   0   0   0   0   0      19879.25565582
 f   0   0   0   0   0   3   0   0   0   0   0   0   0      -7717.84616644
 f   0   0   0   0   0   4   0   0   0   0   0   0   0      -1255.76818289
 f   0   0   0   0   0   5   0   0   0   0   0   0   0       -385.18551517
 f   0   0   0   0   0   6   0   0   0   0   0   0   0       -316.29070980
 f   0   0   0   0   0   7   0   0   0   0   0   0   0       -538.93796837
 f   0   0   0   0   0   8   0   0   0   0   0   0   0        683.57491739
 f   0   0   0   0   0   0   0   1   0   0   0   1   9     -15266.13186322
 f   0   0   0   0   0   0   2   0   0   0   0   0   9      83670.30492580
 f   0   0   0   0   0   0   0   2   0   0   0   1   9       7464.75509248
 f   0   0   0   0   0   0   3   0   0   0   0   0   8     -12325.40809806
 f   0   0   0   0   0   0   0   3   0   0   0   1   8        188.26011081
 f   0   0   0   0   0   0   4   0   0   0   0   0   7       7570.58161167
 f   0   0   0   0   0   0   0   4   0   0   0   1   7      -2296.23914511
 f   0   0   0   0   0   0   5   0   0   0   0   0   6      -2079.24940153
 f   0   0   0   0   0   0   0   5   0   0   0   1   6       5058.72248114
 f   0   0   0   0   0   0   6   0   0   0   0   0   5      -2665.40586455
 f   0   0   0   0   0   0   0   6   0   0   0   1   5      -3839.61726358
 f   0   0   0   0   0   0   7   0   0   0   0   0   4       3063.68324380
 f   0   0   0   0   0   0   0   7   0   0   0   1   4       1184.03952287
 f   0   0   0   0   0   0   8   0   0   0   0   0   3      -1939.74381667
 f   0   0   0   0   0   0   0   8   0   0   0   1   3        271.87490552
relat_sterr_min,ilow_sterr, tivar:    0.10000000D+21   -1    7
rCOe                               0          1.42044790
rOHe                               0          0.95729738
rCH                                0          1.08837733
aHOC                               0        107.63554843
aHCO                               9        108.91886791
a1                                 0          2.16893551
a2                                 0          2.57276067
b1                                 0          1.78266276
 f   0   0   0   0   0   0   0   0   0   0   0   0   9  -25373859.11816041
 f   2   0   0   0   0   0   0   0   0   0   0   0   0      29630.93506084
 f   3   0   0   0   0   0   0   0   0   0   0   0   0       3609.55313028
 f   4   0   0   0   0   0   0   0   0   0   0   0   0       2936.74337084
 f   5   0   0   0   0   0   0   0   0   0   0   0   0       1758.19577326
 f   6   0   0   0   0   0   0   0   0   0   0   0   0       1197.65403583
 f   7   0   0   0   0   0   0   0   0   0   0   0   0        836.62376208
 f   8   0   0   0   0   0   0   0   0   0   0   0   0        328.29764036
 f   0   2   0   0   0   0   0   0   0   0   0   0   0      31940.40375184
 f   0   3   0   0   0   0   0   0   0   0   0   0   0       2798.60039599
 f   0   4   0   0   0   0   0   0   0   0   0   0   0       3127.91077202
 f   0   5   0   0   0   0   0   0   0   0   0   0   0       1770.42495615
 f   0   6   0   0   0   0   0   0   0   0   0   0   0       1270.31144120
 f   0   7   0   0   0   0   0   0   0   0   0   0   0        999.77677247
 f   0   8   0   0   0   0   0   0   0   0   0   0   0        401.59578020
 f   0   0   0   1   0   0   0   0   0   0   0   1   0      -4299.93395817
 f   0   0   2   0   0   0   0   0   0   0   0   0   0     126760.59310067
 f   0   0   0   2   0   0   0   0   0   0   0   1   0      -4884.89892522
 f   0   0   3   0   0   0   0   0   0   0   0   0   0     -10981.56098501
 f   0   0   0   3   0   0   0   0   0   0   0   1   0      -3611.63662521
 f   0   0   4   0   0   0   0   0   0   0   0   0   0       9575.44675453
 f   0   0   0   4   0   0   0   0   0   0   0   1   0      -2414.22235117
 f   0   0   5   0   0   0   0   0   0   0   0   0   0       3164.53742562
 f   0   0   0   5   0   0   0   0   0   0   0   1   0      -1668.89316562
 f   0   0   6   0   0   0   0   0   0   0   0   0   0       2316.63076495
 f   0   0   0   6   0   0   0   0   0   0   0   1   0       -390.14500516
 f   0   0   7   0   0   0   0   0   0   0   0   0   0        918.47483332
 f   0   0   0   7   0   0   0   0   0   0   0   1   0       1101.83874779
 f   0   0   0   0   0   2   0   0   0   0   0   0   0      19879.25565582
 f   0   0   0   0   0   3   0   0   0   0   0   0   0      -7717.84616644
 f   0   0   0   0   0   4   0   0   0   0   0   0   0      -1255.76818289
 f   0   0   0   0   0   5   0   0   0   0   0   0   0       -385.18551517
 f   0   0   0   0   0   6   0   0   0   0   0   0   0       -316.29070980
 f   0   0   0   0   0   7   0   0   0   0   0   0   0       -538.93796837
 f   0   0   0   0   0   8   0   0   0   0   0   0   0        683.57491739
 f   0   0   0   0   0   0   0   1   0   0   0   1   9     -15266.13186322
 f   0   0   0   0   0   0   2   0   0   0   0   0   9      83670.30492580
 f   0   0   0   0   0   0   0   2   0   0   0   1   9       7464.75509248
 f   0   0   0   0   0   0   3   0   0   0   0   0   8     -12325.40809806
 f   0   0   0   0   0   0   0   3   0   0   0   1   8        188.26011081
 f   0   0   0   0   0   0   4   0   0   0   0   0   7       7570.58161167
 f   0   0   0   0   0   0   0   4   0   0   0   1   7      -2296.23914511
 f   0   0   0   0   0   0   5   0   0   0   0   0   6      -2079.24940153
 f   0   0   0   0   0   0   0   5   0   0   0   1   6       5058.72248114
 f   0   0   0   0   0   0   6   0   0   0   0   0   5      -2665.40586455
 f   0   0   0   0   0   0   0   6   0   0   0   1   5      -3839.61726358
 f   0   0   0   0   0   0   7   0   0   0   0   0   4       3063.68324380
 f   0   0   0   0   0   0   0   7   0   0   0   1   4       1184.03952287
 f   0   0   0   0   0   0   8   0   0   0   0   0   3      -1939.74381667
 f   0   0   0   0   0   0   0   8   0   0   0   1   3        271.87490552
relat_sterr_min,ilow_sterr, tivar:    0.10000000D+21   -1    8
rCOe                               0          1.42044790
rOHe                               0          0.95729738
rCH                                0          1.08837733
aHOC                               0        107.63554843
aHCO                               9        108.91886791
a1                                 0          2.16893551
a2                                 0          2.57276067
b1                                 0          1.78266276
 f   0   0   0   0   0   0   0   0   0   0   0   0   9  -25373859.11816041
 f   2   0   0   0   0   0   0   0   0   0   0   0   0      29630.93506084
 f   3   0   0   0   0   0   0   0   0   0   0   0   0       3609.55313028
 f   4   0   0   0   0   0   0   0   0   0   0   0   0       2936.74337084
 f   5   0   0   0   0   0   0   0   0   0   0   0   0       1758.19577326
 f   6   0   0   0   0   0   0   0   0   0   0   0   0       1197.65403583
 f   7   0   0   0   0   0   0   0   0   0   0   0   0        836.62376208
 f   8   0   0   0   0   0   0   0   0   0   0   0   0        328.29764036
 f   0   2   0   0   0   0   0   0   0   0   0   0   0      31940.40375184
 f   0   3   0   0   0   0   0   0   0   0   0   0   0       2798.60039599
 f   0   4   0   0   0   0   0   0   0   0   0   0   0       3127.91077202
 f   0   5   0   0   0   0   0   0   0   0   0   0   0       1770.42495615
 f   0   6   0   0   0   0   0   0   0   0   0   0   0       1270.31144120
 f   0   7   0   0   0   0   0   0   0   0   0   0   0        999.77677247
 f   0   8   0   0   0   0   0   0   0   0   0   0   0        401.59578020
 f   0   0   0   1   0   0   0   0   0   0   0   1   0      -4299.93395817
 f   0   0   2   0   0   0   0   0   0   0   0   0   0     126760.59310067
 f   0   0   0   2   0   0   0   0   0   0   0   1   0      -4884.89892522
 f   0   0   3   0   0   0   0   0   0   0   0   0   0     -10981.56098501
 f   0   0   0   3   0   0   0   0   0   0   0   1   0      -3611.63662521
 f   0   0   4   0   0   0   0   0   0   0   0   0   0       9575.44675453
 f   0   0   0   4   0   0   0   0   0   0   0   1   0      -2414.22235117
 f   0   0   5   0   0   0   0   0   0   0   0   0   0       3164.53742562
 f   0   0   0   5   0   0   0   0   0   0   0   1   0      -1668.89316562
 f   0   0   6   0   0   0   0   0   0   0   0   0   0       2316.63076495
 f   0   0   0   6   0   0   0   0   0   0   0   1   0       -390.14500516
 f   0   0   7   0   0   0   0   0   0   0   0   0   0        918.47483332
 f   0   0   0   7   0   0   0   0   0   0   0   1   0       1101.83874779
 f   0   0   0   0   0   2   0   0   0   0   0   0   0      19879.25565582
 f   0   0   0   0   0   3   0   0   0   0   0   0   0      -7717.84616644
 f   0   0   0   0   0   4   0   0   0   0   0   0   0      -1255.76818289
 f   0   0   0   0   0   5   0   0   0   0   0   0   0       -385.18551517
 f   0   0   0   0   0   6   0   0   0   0   0   0   0       -316.29070980
 f   0   0   0   0   0   7   0   0   0   0   0   0   0       -538.93796837
 f   0   0   0   0   0   8   0   0   0   0   0   0   0        683.57491739
 f   0   0   0   0   0   0   0   1   0   0   0   1   9     -15266.13186322
 f   0   0   0   0   0   0   2   0   0   0   0   0   9      83670.30492580
 f   0   0   0   0   0   0   0   2   0   0   0   1   9       7464.75509248
 f   0   0   0   0   0   0   3   0   0   0   0   0   8     -12325.40809806
 f   0   0   0   0   0   0   0   3   0   0   0   1   8        188.26011081
 f   0   0   0   0   0   0   4   0   0   0   0   0   7       7570.58161167
 f   0   0   0   0   0   0   0   4   0   0   0   1   7      -2296.23914511
 f   0   0   0   0   0   0   5   0   0   0   0   0   6      -2079.24940153
 f   0   0   0   0   0   0   0   5   0   0   0   1   6       5058.72248114
 f   0   0   0   0   0   0   6   0   0   0   0   0   5      -2665.40586455
 f   0   0   0   0   0   0   0   6   0   0   0   1   5      -3839.61726358
 f   0   0   0   0   0   0   7   0   0   0   0   0   4       3063.68324380
 f   0   0   0   0   0   0   0   7   0   0   0   1   4       1184.03952287
 f   0   0   0   0   0   0   8   0   0   0   0   0   3      -1939.74381667
 f   0   0   0   0   0   0   0   8   0   0   0   1   3        271.87490552

   ------------------------------------------------------------------
   |   iter  |  points |    deviat     |     rms       |  stability  |
   ------------------------------------------------------------------

   -----------------------------------------------------------
   |  param  |  points |   deviat    |    rms      | stability |
   -----------------------------------------------------------
   |    17   |     35  |   0.52647E-02 |  0.13735E+03  |    0.318E-07 |

############################################################################################
