************************************************************************************************************************************
 ************************************************************************************************************************************
 ************************************************************************************************************************************
 ****************                                                                                                    ****************
 ****************          *  FITTING OF THE POTENTIAL PARAMETERS TO AB INITIO DATA                                  ****************
 ****************          *                                                                                         ****************
 ****************          *  2016                                                                                   ****************
 ****************          *  C2H6                                                                                   ****************

 ****************                                                                                                    ****************
 ************************************************************************************************************************************
 ************************************************************************************************************************************
 ************************************************************************************************************************************
 
        12 <= number of degrees of freedom
         5 <= number of bonds
         7 <= number of bond angles
        20 <= number of iterations in the fit
  0.000000 <= The fit is over if the stability is reached 
  0.000010 <= The fit is over if the st.dev. best is reached 
  1.000000 <= sterr parameter out 
  0.000010 <= stdev parameter out 
         1 <= watson robust on (1) or of (0) 
         8 <= number of non-linear parameters
 parameters of structure 
rCOe      =           1.420
rOHe      =           0.960
rCH       =           1.091
aHOC      =         108.129
aHCO      =         111.952
a1        =           2.169
a2        =           2.345
b1        =           1.550
Lowest energy = -115.611612    

   ------------------------------------------------------------------
   |   iter  |  points |    deviat     |     rms       |  stability  |
   ------------------------------------------------------------------
   |     1   |     19  |   0.29768E-02 |  0.15023E+01  |   0.131E+12 |
   |     2   |     19  |   0.27700E-01 |  0.12554E+01  |   0.175E+01 |
   |     3   |     19  |   0.29759E-02 |  0.15023E+01  |   0.831E+01 |
   |     4   |     19  |   0.29759E-02 |  0.15023E+01  |   0.263E-04 |
   |     5   |     19  |   0.29759E-02 |  0.15023E+01  |   0.135E-07 |
   |     6   |     19  |   0.29759E-02 |  0.15023E+01  |   0.773E-07 |
   |     7   |     19  |   0.29759E-02 |  0.15023E+01  |   0.168E-07 |
   |     8   |     19  |   0.29759E-02 |  0.15023E+01  |   0.586E-07 |
   |     9   |     19  |   0.29759E-02 |  0.15023E+01  |   0.264E-06 |
   |    10   |     19  |   0.29759E-02 |  0.15023E+01  |   0.108E-06 |
   |    11   |     19  |   0.29759E-02 |  0.15023E+01  |   0.137E-07 |
   |    12   |     19  |   0.29759E-02 |  0.15023E+01  |   0.923E-07 |
   |    13   |     19  |   0.29759E-02 |  0.15023E+01  |   0.828E-07 |
   |    14   |     19  |   0.29759E-02 |  0.15023E+01  |   0.559E-07 |
   |    15   |     19  |   0.29759E-02 |  0.15023E+01  |   0.496E-07 |
   |    16   |     19  |   0.29759E-02 |  0.15023E+01  |   0.132E-06 |
   |    17   |     19  |   0.29759E-02 |  0.15023E+01  |   0.702E-08 |
   |    18   |     19  |   0.29759E-02 |  0.15023E+01  |   0.138E-06 |
   |    19   |     19  |   0.29759E-02 |  0.15023E+01  |   0.521E-07 |
   |    20   |     19  |   0.29759E-02 |  0.15023E+01  |   0.970E-07 |
   |    21   |     19  |   0.29759E-02 |  0.15023E+01  |   0.803E-07 |

Watson Alpha parameter  0.1000 fitted with rms2 = 


Potential parameters rounded in accord. with their standart errors

rC  0  0  0  0  0  0  0  0  0  0  0  0   9        1.42044790    (      12)
rO  0  0  0  0  0  0  0  0  0  0  0  0   0  0.96013932    
rC  0  0  0  0  0  0  0  0  0  0  0  0   0   1.0910897    
aH  0  0  0  0  0  0  0  0  0  0  0  0   0   108.12931    
aH  0  0  0  0  0  0  0  0  0  0  0  0   0   111.95221    
a1  0  0  0  0  0  0  0  0  0  0  0  0   0   2.1689355    
a2  0  0  0  0  0  0  0  0  0  0  0  0   0   2.3445074    
b1  0  0  0  0  0  0  0  0  0  0  0  0   0   1.5500000    
 f  0  0  0  0  0  0  0  0  0  0  0  0   9    -25373816.3930    (      14)
 f  2  0  0  0  0  0  0  0  0  0  0  0   9         29630.935    (      85)
 f  3  0  0  0  0  0  0  0  0  0  0  0   8           3609.55    (      46)
 f  4  0  0  0  0  0  0  0  0  0  0  0   7            2936.7    (      12)
 f  5  0  0  0  0  0  0  0  0  0  0  0   6            1758.2    (      40)
 f  6  0  0  0  0  0  0  0  0  0  0  0   5            1197.7    (      65)
 f  7  0  0  0  0  0  0  0  0  0  0  0   4             836.6    (      99)
 f  8  0  0  0  0  0  0  0  0  0  0  0   3              328.    (      14)
------------------------------
*  FITTING OF THE POTENTIAL PARAMETERS TO AB INITIO DATA                        
*                                                                               
*  2016                                                                         
*  C2H6                                                                         
      rCOe                        9          1.42044790
      rOHe                        0          0.96013932
       rCH                        0          1.09108970
      aHOC                        0        108.12930637
      aHCO                        0        111.95221297
        a1                        0          2.16893551
        a2                        0          2.34450735
        b1                        0          1.55000000
 f   0   0   0   0   0   0   0   0   0   0   0   0   9  -25373816.39299792
 f   2   0   0   0   0   0   0   0   0   0   0   0   9      29630.93510228
 f   3   0   0   0   0   0   0   0   0   0   0   0   8       3609.55311731
 f   4   0   0   0   0   0   0   0   0   0   0   0   7       2936.74337032
 f   5   0   0   0   0   0   0   0   0   0   0   0   6       1758.19576689
 f   6   0   0   0   0   0   0   0   0   0   0   0   5       1197.65402425
 f   7   0   0   0   0   0   0   0   0   0   0   0   4        836.62377050
 f   8   0   0   0   0   0   0   0   0   0   0   0   3        328.29765343

Correlation coefficients larger than 0.9: 
          corr(   1,   4) =  0.9047704
          corr(   3,   5) =  0.9403532
          corr(   4,   6) =  0.9671686
          corr(   4,   8) =  0.9207546
          corr(   5,   7) =  0.9090501
          corr(   6,   8) =  0.9886965
          corr(   7,   9) =  0.9166588

               --------------------------------------------------------------------------------
               :     old parm   :     new parm   :  delta parm  :   std. err.  : sensitility
               --------------------------------------------------------------------------------
  1  rCOe       :          1.42  :          1.42  :        -0.000:         0.000:         0.000:!
  2  f          :  -25373816.39  :  -25373816.39  :         0.000:         0.001:         0.000:!
  3  f          :      29630.94  :      29630.94  :         0.000:         0.085:         0.000:!
  4  f          :       3609.55  :       3609.55  :        -0.000:         0.461:         0.001:!
  5  f          :       2936.74  :       2936.74  :         0.000:         1.215:         0.001:!
  6  f          :       1758.20  :       1758.20  :        -0.000:         4.007:         0.002:!
  7  f          :       1197.65  :       1197.65  :        -0.000:         6.496:         0.004:!
  8  f          :        836.62  :        836.62  :         0.000:         9.932:         0.008:!
  9  f          :        328.30  :        328.30  :         0.000:        13.529:         0.016:!
relat_sterr_min,ilow_sterr, tivar:    0.10000000D+21   -1    3
rCOe                               9          1.42044790
rOHe                               0          0.96013932
rCH                                0          1.09108970
aHOC                               0        108.12930637
aHCO                               0        111.95221297
a1                                 0          2.16893551
a2                                 0          2.34450735
b1                                 0          1.55000000
 f   0   0   0   0   0   0   0   0   0   0   0   0   9  -25373816.39299792
 f   2   0   0   0   0   0   0   0   0   0   0   0   9      29630.93510228
 f   3   0   0   0   0   0   0   0   0   0   0   0   8       3609.55311731
 f   4   0   0   0   0   0   0   0   0   0   0   0   7       2936.74337032
 f   5   0   0   0   0   0   0   0   0   0   0   0   6       1758.19576689
 f   6   0   0   0   0   0   0   0   0   0   0   0   5       1197.65402425
 f   7   0   0   0   0   0   0   0   0   0   0   0   4        836.62377050
 f   8   0   0   0   0   0   0   0   0   0   0   0   3        328.29765343
relat_sterr_min,ilow_sterr, tivar:    0.10000000D+21   -1    4
rCOe                               9          1.42044790
rOHe                               0          0.96013932
rCH                                0          1.09108970
aHOC                               0        108.12930637
aHCO                               0        111.95221297
a1                                 0          2.16893551
a2                                 0          2.34450735
b1                                 0          1.55000000
 f   0   0   0   0   0   0   0   0   0   0   0   0   9  -25373816.39299792
 f   2   0   0   0   0   0   0   0   0   0   0   0   9      29630.93510228
 f   3   0   0   0   0   0   0   0   0   0   0   0   8       3609.55311731
 f   4   0   0   0   0   0   0   0   0   0   0   0   7       2936.74337032
 f   5   0   0   0   0   0   0   0   0   0   0   0   6       1758.19576689
 f   6   0   0   0   0   0   0   0   0   0   0   0   5       1197.65402425
 f   7   0   0   0   0   0   0   0   0   0   0   0   4        836.62377050
 f   8   0   0   0   0   0   0   0   0   0   0   0   3        328.29765343
relat_sterr_min,ilow_sterr, tivar:    0.10000000D+21   -1    5
rCOe                               9          1.42044790
rOHe                               0          0.96013932
rCH                                0          1.09108970
aHOC                               0        108.12930637
aHCO                               0        111.95221297
a1                                 0          2.16893551
a2                                 0          2.34450735
b1                                 0          1.55000000
 f   0   0   0   0   0   0   0   0   0   0   0   0   9  -25373816.39299792
 f   2   0   0   0   0   0   0   0   0   0   0   0   9      29630.93510228
 f   3   0   0   0   0   0   0   0   0   0   0   0   8       3609.55311731
 f   4   0   0   0   0   0   0   0   0   0   0   0   7       2936.74337032
 f   5   0   0   0   0   0   0   0   0   0   0   0   6       1758.19576689
 f   6   0   0   0   0   0   0   0   0   0   0   0   5       1197.65402425
 f   7   0   0   0   0   0   0   0   0   0   0   0   4        836.62377050
 f   8   0   0   0   0   0   0   0   0   0   0   0   3        328.29765343
relat_sterr_min,ilow_sterr, tivar:    0.10000000D+21   -1    6
rCOe                               9          1.42044790
rOHe                               0          0.96013932
rCH                                0          1.09108970
aHOC                               0        108.12930637
aHCO                               0        111.95221297
a1                                 0          2.16893551
a2                                 0          2.34450735
b1                                 0          1.55000000
 f   0   0   0   0   0   0   0   0   0   0   0   0   9  -25373816.39299792
 f   2   0   0   0   0   0   0   0   0   0   0   0   9      29630.93510228
 f   3   0   0   0   0   0   0   0   0   0   0   0   8       3609.55311731
 f   4   0   0   0   0   0   0   0   0   0   0   0   7       2936.74337032
 f   5   0   0   0   0   0   0   0   0   0   0   0   6       1758.19576689
 f   6   0   0   0   0   0   0   0   0   0   0   0   5       1197.65402425
 f   7   0   0   0   0   0   0   0   0   0   0   0   4        836.62377050
 f   8   0   0   0   0   0   0   0   0   0   0   0   3        328.29765343
relat_sterr_min,ilow_sterr, tivar:    0.10000000D+21   -1    7
rCOe                               9          1.42044790
rOHe                               0          0.96013932
rCH                                0          1.09108970
aHOC                               0        108.12930637
aHCO                               0        111.95221297
a1                                 0          2.16893551
a2                                 0          2.34450735
b1                                 0          1.55000000
 f   0   0   0   0   0   0   0   0   0   0   0   0   9  -25373816.39299792
 f   2   0   0   0   0   0   0   0   0   0   0   0   9      29630.93510228
 f   3   0   0   0   0   0   0   0   0   0   0   0   8       3609.55311731
 f   4   0   0   0   0   0   0   0   0   0   0   0   7       2936.74337032
 f   5   0   0   0   0   0   0   0   0   0   0   0   6       1758.19576689
 f   6   0   0   0   0   0   0   0   0   0   0   0   5       1197.65402425
 f   7   0   0   0   0   0   0   0   0   0   0   0   4        836.62377050
 f   8   0   0   0   0   0   0   0   0   0   0   0   3        328.29765343
relat_sterr_min,ilow_sterr, tivar:    0.10000000D+21   -1    8
rCOe                               9          1.42044790
rOHe                               0          0.96013932
rCH                                0          1.09108970
aHOC                               0        108.12930637
aHCO                               0        111.95221297
a1                                 0          2.16893551
a2                                 0          2.34450735
b1                                 0          1.55000000
 f   0   0   0   0   0   0   0   0   0   0   0   0   9  -25373816.39299792
 f   2   0   0   0   0   0   0   0   0   0   0   0   9      29630.93510228
 f   3   0   0   0   0   0   0   0   0   0   0   0   8       3609.55311731
 f   4   0   0   0   0   0   0   0   0   0   0   0   7       2936.74337032
 f   5   0   0   0   0   0   0   0   0   0   0   0   6       1758.19576689
 f   6   0   0   0   0   0   0   0   0   0   0   0   5       1197.65402425
 f   7   0   0   0   0   0   0   0   0   0   0   0   4        836.62377050
 f   8   0   0   0   0   0   0   0   0   0   0   0   3        328.29765343

   ------------------------------------------------------------------
   |   iter  |  points |    deviat     |     rms       |  stability  |
   ------------------------------------------------------------------

   -----------------------------------------------------------
   |  param  |  points |   deviat    |    rms      | stability |
   -----------------------------------------------------------
   |     9   |     19  |   0.29759E-02 |  0.44384E+02  |    0.803E-07 |

############################################################################################
