************************************************************************************************************************************
 ************************************************************************************************************************************
 ************************************************************************************************************************************
 ****************                                                                                                    ****************
 ****************          *  FITTING OF THE POTENTIAL PARAMETERS TO AB INITIO DATA                                  ****************
 ****************          *                                                                                         ****************
 ****************          *  2016                                                                                   ****************
 ****************          *  C2H6                                                                                   ****************

 ****************                                                                                                    ****************
 ************************************************************************************************************************************
 ************************************************************************************************************************************
 ************************************************************************************************************************************
 
        12 <= number of degrees of freedom
         5 <= number of bonds
         7 <= number of bond angles
        20 <= number of iterations in the fit
  0.000000 <= The fit is over if the stability is reached 
  0.000010 <= The fit is over if the st.dev. best is reached 
  1.000000 <= sterr parameter out 
  0.000010 <= stdev parameter out 
         1 <= watson robust on (1) or of (0) 
         8 <= number of non-linear parameters
 parameters of structure 
rCOe      =           1.420
rOHe      =           0.957
rCH       =           1.091
aHOC      =         108.129
aHCO      =         111.952
a1        =           2.169
a2        =           2.573
b1        =           1.783
Lowest energy = -115.611612    

   ------------------------------------------------------------------
   |   iter  |  points |    deviat     |     rms       |  stability  |
   ------------------------------------------------------------------
   |     1   |     37  |   0.12304E+02 |  0.39812E+03  |   0.501E+08 |
   |     2   |     37  |   0.41448E+02 |  0.51045E+03  |   0.172E+01 |
   |     3   |     37  |   0.60467E+01 |  0.40823E+03  |   0.359E+00 |
   |     4   |     37  |   0.29701E+02 |  0.52105E+03  |   0.466E+00 |
   |     5   |     37  |   0.62226E+01 |  0.44877E+03  |   0.915E+00 |
   |     6   |     37  |   0.20020E+02 |  0.48860E+03  |   0.489E+00 |
   |     7   |     37  |   0.52719E+01 |  0.45246E+03  |   0.337E+01 |
   |     8   |     37  |   0.93232E+01 |  0.45533E+03  |   0.719E+00 |
   |     9   |     37  |   0.41509E+01 |  0.45062E+03  |   0.628E+01 |
   |    10   |     37  |   0.75179E+01 |  0.43764E+03  |   0.866E+00 |
   |    11   |     37  |   0.30117E+01 |  0.49479E+03  |   0.810E+01 |
   |    12   |     37  |   0.72187E+01 |  0.42633E+03  |   0.891E+00 |
   |    13   |     37  |   0.27245E+01 |  0.51865E+03  |   0.834E+01 |
   |    14   |     37  |   0.61071E+01 |  0.43142E+03  |   0.884E+00 |
   |    15   |     37  |   0.27958E+01 |  0.52112E+03  |   0.856E+01 |
   |    16   |     37  |   0.59697E+01 |  0.46380E+03  |   0.891E+00 |
   |    17   |     37  |   0.29129E+01 |  0.52068E+03  |   0.854E+01 |
   |    18   |     37  |   0.58862E+01 |  0.49948E+03  |   0.889E+00 |
   |    19   |     37  |   0.29652E+01 |  0.51996E+03  |   0.860E+01 |
   |    20   |     37  |   0.59746E+01 |  0.55301E+03  |   0.884E+00 |
   |    21   |     37  |   0.29354E+01 |  0.51959E+03  |   0.859E+01 |

Watson Alpha parameter  0.1000 fitted with rms2 = 


Potential parameters rounded in accord. with their standart errors

rC  0  0  0  0  0  0  0  0  0  0  0  0   0   1.4204479    
rO  0  0  0  0  0  0  0  0  0  0  0  0   0  0.95729738    
rC  0  0  0  0  0  0  0  0  0  0  0  0   9           1.09362    (      21)
aH  0  0  0  0  0  0  0  0  0  0  0  0   0   108.12931    
aH  0  0  0  0  0  0  0  0  0  0  0  0   0   111.95221    
a1  0  0  0  0  0  0  0  0  0  0  0  0   0   2.1689355    
a2  0  0  0  0  0  0  0  0  0  0  0  0   0   2.5727607    
b1  0  0  0  0  0  0  0  0  0  0  0  0   0   1.7826628    
 f  0  0  0  0  0  0  0  0  0  0  0  0   9       -25373823.9    (      19)
 f  2  0  0  0  0  0  0  0  0  0  0  0   0   29630.935    
 f  3  0  0  0  0  0  0  0  0  0  0  0   0   3609.5531    
 f  4  0  0  0  0  0  0  0  0  0  0  0   0   2936.7434    
 f  5  0  0  0  0  0  0  0  0  0  0  0   0   1758.1958    
 f  6  0  0  0  0  0  0  0  0  0  0  0   0   1197.6540    
 f  7  0  0  0  0  0  0  0  0  0  0  0   0   836.62376    
 f  8  0  0  0  0  0  0  0  0  0  0  0   0   328.29764    
 f  0  2  0  0  0  0  0  0  0  0  0  0   0   31940.404    
 f  0  3  0  0  0  0  0  0  0  0  0  0   0   2798.6004    
 f  0  4  0  0  0  0  0  0  0  0  0  0   0   3127.9108    
 f  0  5  0  0  0  0  0  0  0  0  0  0   0   1770.4250    
 f  0  6  0  0  0  0  0  0  0  0  0  0   0   1270.3114    
 f  0  7  0  0  0  0  0  0  0  0  0  0   0   999.77677    
 f  0  8  0  0  0  0  0  0  0  0  0  0   0   401.59578    
 f  0  0  0  0  8  0  0  0  0  0  0  0   9          -429025.    (  255222)
 f  0  0  2  0  0  0  0  0  0  0  0  0   9           121347.    (    1058)
 f  0  0  3  0  0  0  0  0  0  0  0  0   8             8031.    (    7434)
 f  0  0  4  0  0  0  0  0  0  0  0  0   7           -31313.    (   24168)
 f  0  0  5  0  0  0  0  0  0  0  0  0   6          -132581.    (   53314)
 f  0  0  6  0  0  0  0  0  0  0  0  0   5           297295.    (  156464)
 f  0  0  7  0  0  0  0  0  0  0  0  0   4           178304.    (   99410)
------------------------------
*  FITTING OF THE POTENTIAL PARAMETERS TO AB INITIO DATA                        
*                                                                               
*  2016                                                                         
*  C2H6                                                                         
      rCOe                        0          1.42044790
      rOHe                        0          0.95729738
       rCH                        9          1.09361627
      aHOC                        0        108.12930637
      aHCO                        0        111.95221297
        a1                        0          2.16893551
        a2                        0          2.57276067
        b1                        0          1.78266276
 f   0   0   0   0   0   0   0   0   0   0   0   0   9  -25373823.93221256
 f   2   0   0   0   0   0   0   0   0   0   0   0   0      29630.93506084
 f   3   0   0   0   0   0   0   0   0   0   0   0   0       3609.55313028
 f   4   0   0   0   0   0   0   0   0   0   0   0   0       2936.74337084
 f   5   0   0   0   0   0   0   0   0   0   0   0   0       1758.19577326
 f   6   0   0   0   0   0   0   0   0   0   0   0   0       1197.65403583
 f   7   0   0   0   0   0   0   0   0   0   0   0   0        836.62376208
 f   8   0   0   0   0   0   0   0   0   0   0   0   0        328.29764036
 f   0   2   0   0   0   0   0   0   0   0   0   0   0      31940.40375184
 f   0   3   0   0   0   0   0   0   0   0   0   0   0       2798.60039599
 f   0   4   0   0   0   0   0   0   0   0   0   0   0       3127.91077202
 f   0   5   0   0   0   0   0   0   0   0   0   0   0       1770.42495615
 f   0   6   0   0   0   0   0   0   0   0   0   0   0       1270.31144120
 f   0   7   0   0   0   0   0   0   0   0   0   0   0        999.77677247
 f   0   8   0   0   0   0   0   0   0   0   0   0   0        401.59578020
 f   0   0   0   0   8   0   0   0   0   0   0   0   9    -429025.09413255
 f   0   0   2   0   0   0   0   0   0   0   0   0   9     121346.52462218
 f   0   0   3   0   0   0   0   0   0   0   0   0   8       8030.75082013
 f   0   0   4   0   0   0   0   0   0   0   0   0   7     -31313.23927979
 f   0   0   5   0   0   0   0   0   0   0   0   0   6    -132580.52875506
 f   0   0   6   0   0   0   0   0   0   0   0   0   5     297295.21279497
 f   0   0   7   0   0   0   0   0   0   0   0   0   4     178303.62134242

Correlation coefficients larger than 0.9: 
          corr(   3,   6) =  0.9153286
          corr(   3,   8) =  0.9751776
          corr(   5,   7) =  0.9721889
          corr(   6,   8) =  0.9720017
          corr(   7,   9) =  0.9053921

               --------------------------------------------------------------------------------
               :     old parm   :     new parm   :  delta parm  :   std. err.  : sensitility
               --------------------------------------------------------------------------------
  1  rCH        :          1.09  :          1.09  :         0.000:         0.000:         0.000: 
  2  f          :  -25373824.21  :  -25373823.93  :         0.278:         1.898:         0.033: 
  3  f          :       9965.55  :    -429025.09  :   -438990.641:    255222.422:       231.187: 
  4  f          :     121736.61  :     121346.52  :      -390.087:      1057.856:         1.346: 
  5  f          :     -11818.51  :       8030.75  :     19849.261:      7434.166:         3.588: 
  6  f          :       9825.66  :     -31313.24  :    -41138.904:     24168.466:         8.865: 
  7  f          :      -1630.32  :    -132580.53  :   -130950.211:     53314.322:        20.917: 
  8  f          :      -4456.56  :     297295.21  :    301751.768:    156463.658:        47.789: 
  9  f          :      10361.76  :     178303.62  :    167941.866:     99409.720:       106.359: 
relat_sterr_min,ilow_sterr, tivar:    0.10000000D+21   -1    4
rCOe                               0          1.42044790
rOHe                               0          0.95729738
rCH                                9          1.09361627
aHOC                               0        108.12930637
aHCO                               0        111.95221297
a1                                 0          2.16893551
a2                                 0          2.57276067
b1                                 0          1.78266276
 f   0   0   0   0   0   0   0   0   0   0   0   0   9  -25373823.93221256
 f   2   0   0   0   0   0   0   0   0   0   0   0   0      29630.93506084
 f   3   0   0   0   0   0   0   0   0   0   0   0   0       3609.55313028
 f   4   0   0   0   0   0   0   0   0   0   0   0   0       2936.74337084
 f   5   0   0   0   0   0   0   0   0   0   0   0   0       1758.19577326
 f   6   0   0   0   0   0   0   0   0   0   0   0   0       1197.65403583
 f   7   0   0   0   0   0   0   0   0   0   0   0   0        836.62376208
 f   8   0   0   0   0   0   0   0   0   0   0   0   0        328.29764036
 f   0   2   0   0   0   0   0   0   0   0   0   0   0      31940.40375184
 f   0   3   0   0   0   0   0   0   0   0   0   0   0       2798.60039599
 f   0   4   0   0   0   0   0   0   0   0   0   0   0       3127.91077202
 f   0   5   0   0   0   0   0   0   0   0   0   0   0       1770.42495615
 f   0   6   0   0   0   0   0   0   0   0   0   0   0       1270.31144120
 f   0   7   0   0   0   0   0   0   0   0   0   0   0        999.77677247
 f   0   8   0   0   0   0   0   0   0   0   0   0   0        401.59578020
 f   0   0   0   0   8   0   0   0   0   0   0   0   9    -429025.09413255
 f   0   0   2   0   0   0   0   0   0   0   0   0   9     121346.52462218
 f   0   0   3   0   0   0   0   0   0   0   0   0   8       8030.75082013
 f   0   0   4   0   0   0   0   0   0   0   0   0   7     -31313.23927979
 f   0   0   5   0   0   0   0   0   0   0   0   0   6    -132580.52875506
 f   0   0   6   0   0   0   0   0   0   0   0   0   5     297295.21279497
 f   0   0   7   0   0   0   0   0   0   0   0   0   4     178303.62134242
relat_sterr_min,ilow_sterr, tivar:    0.10000000D+21   -1    5
rCOe                               0          1.42044790
rOHe                               0          0.95729738
rCH                                9          1.09361627
aHOC                               0        108.12930637
aHCO                               0        111.95221297
a1                                 0          2.16893551
a2                                 0          2.57276067
b1                                 0          1.78266276
 f   0   0   0   0   0   0   0   0   0   0   0   0   9  -25373823.93221256
 f   2   0   0   0   0   0   0   0   0   0   0   0   0      29630.93506084
 f   3   0   0   0   0   0   0   0   0   0   0   0   0       3609.55313028
 f   4   0   0   0   0   0   0   0   0   0   0   0   0       2936.74337084
 f   5   0   0   0   0   0   0   0   0   0   0   0   0       1758.19577326
 f   6   0   0   0   0   0   0   0   0   0   0   0   0       1197.65403583
 f   7   0   0   0   0   0   0   0   0   0   0   0   0        836.62376208
 f   8   0   0   0   0   0   0   0   0   0   0   0   0        328.29764036
 f   0   2   0   0   0   0   0   0   0   0   0   0   0      31940.40375184
 f   0   3   0   0   0   0   0   0   0   0   0   0   0       2798.60039599
 f   0   4   0   0   0   0   0   0   0   0   0   0   0       3127.91077202
 f   0   5   0   0   0   0   0   0   0   0   0   0   0       1770.42495615
 f   0   6   0   0   0   0   0   0   0   0   0   0   0       1270.31144120
 f   0   7   0   0   0   0   0   0   0   0   0   0   0        999.77677247
 f   0   8   0   0   0   0   0   0   0   0   0   0   0        401.59578020
 f   0   0   0   0   8   0   0   0   0   0   0   0   9    -429025.09413255
 f   0   0   2   0   0   0   0   0   0   0   0   0   9     121346.52462218
 f   0   0   3   0   0   0   0   0   0   0   0   0   8       8030.75082013
 f   0   0   4   0   0   0   0   0   0   0   0   0   7     -31313.23927979
 f   0   0   5   0   0   0   0   0   0   0   0   0   6    -132580.52875506
 f   0   0   6   0   0   0   0   0   0   0   0   0   5     297295.21279497
 f   0   0   7   0   0   0   0   0   0   0   0   0   4     178303.62134242
relat_sterr_min,ilow_sterr, tivar:    0.10000000D+21   -1    6
rCOe                               0          1.42044790
rOHe                               0          0.95729738
rCH                                9          1.09361627
aHOC                               0        108.12930637
aHCO                               0        111.95221297
a1                                 0          2.16893551
a2                                 0          2.57276067
b1                                 0          1.78266276
 f   0   0   0   0   0   0   0   0   0   0   0   0   9  -25373823.93221256
 f   2   0   0   0   0   0   0   0   0   0   0   0   0      29630.93506084
 f   3   0   0   0   0   0   0   0   0   0   0   0   0       3609.55313028
 f   4   0   0   0   0   0   0   0   0   0   0   0   0       2936.74337084
 f   5   0   0   0   0   0   0   0   0   0   0   0   0       1758.19577326
 f   6   0   0   0   0   0   0   0   0   0   0   0   0       1197.65403583
 f   7   0   0   0   0   0   0   0   0   0   0   0   0        836.62376208
 f   8   0   0   0   0   0   0   0   0   0   0   0   0        328.29764036
 f   0   2   0   0   0   0   0   0   0   0   0   0   0      31940.40375184
 f   0   3   0   0   0   0   0   0   0   0   0   0   0       2798.60039599
 f   0   4   0   0   0   0   0   0   0   0   0   0   0       3127.91077202
 f   0   5   0   0   0   0   0   0   0   0   0   0   0       1770.42495615
 f   0   6   0   0   0   0   0   0   0   0   0   0   0       1270.31144120
 f   0   7   0   0   0   0   0   0   0   0   0   0   0        999.77677247
 f   0   8   0   0   0   0   0   0   0   0   0   0   0        401.59578020
 f   0   0   0   0   8   0   0   0   0   0   0   0   9    -429025.09413255
 f   0   0   2   0   0   0   0   0   0   0   0   0   9     121346.52462218
 f   0   0   3   0   0   0   0   0   0   0   0   0   8       8030.75082013
 f   0   0   4   0   0   0   0   0   0   0   0   0   7     -31313.23927979
 f   0   0   5   0   0   0   0   0   0   0   0   0   6    -132580.52875506
 f   0   0   6   0   0   0   0   0   0   0   0   0   5     297295.21279497
 f   0   0   7   0   0   0   0   0   0   0   0   0   4     178303.62134242
relat_sterr_min,ilow_sterr, tivar:    0.10000000D+21   -1    7
rCOe                               0          1.42044790
rOHe                               0          0.95729738
rCH                                9          1.09361627
aHOC                               0        108.12930637
aHCO                               0        111.95221297
a1                                 0          2.16893551
a2                                 0          2.57276067
b1                                 0          1.78266276
 f   0   0   0   0   0   0   0   0   0   0   0   0   9  -25373823.93221256
 f   2   0   0   0   0   0   0   0   0   0   0   0   0      29630.93506084
 f   3   0   0   0   0   0   0   0   0   0   0   0   0       3609.55313028
 f   4   0   0   0   0   0   0   0   0   0   0   0   0       2936.74337084
 f   5   0   0   0   0   0   0   0   0   0   0   0   0       1758.19577326
 f   6   0   0   0   0   0   0   0   0   0   0   0   0       1197.65403583
 f   7   0   0   0   0   0   0   0   0   0   0   0   0        836.62376208
 f   8   0   0   0   0   0   0   0   0   0   0   0   0        328.29764036
 f   0   2   0   0   0   0   0   0   0   0   0   0   0      31940.40375184
 f   0   3   0   0   0   0   0   0   0   0   0   0   0       2798.60039599
 f   0   4   0   0   0   0   0   0   0   0   0   0   0       3127.91077202
 f   0   5   0   0   0   0   0   0   0   0   0   0   0       1770.42495615
 f   0   6   0   0   0   0   0   0   0   0   0   0   0       1270.31144120
 f   0   7   0   0   0   0   0   0   0   0   0   0   0        999.77677247
 f   0   8   0   0   0   0   0   0   0   0   0   0   0        401.59578020
 f   0   0   0   0   8   0   0   0   0   0   0   0   9    -429025.09413255
 f   0   0   2   0   0   0   0   0   0   0   0   0   9     121346.52462218
 f   0   0   3   0   0   0   0   0   0   0   0   0   8       8030.75082013
 f   0   0   4   0   0   0   0   0   0   0   0   0   7     -31313.23927979
 f   0   0   5   0   0   0   0   0   0   0   0   0   6    -132580.52875506
 f   0   0   6   0   0   0   0   0   0   0   0   0   5     297295.21279497
 f   0   0   7   0   0   0   0   0   0   0   0   0   4     178303.62134242
relat_sterr_min,ilow_sterr, tivar:    0.10000000D+21   -1    8
rCOe                               0          1.42044790
rOHe                               0          0.95729738
rCH                                9          1.09361627
aHOC                               0        108.12930637
aHCO                               0        111.95221297
a1                                 0          2.16893551
a2                                 0          2.57276067
b1                                 0          1.78266276
 f   0   0   0   0   0   0   0   0   0   0   0   0   9  -25373823.93221256
 f   2   0   0   0   0   0   0   0   0   0   0   0   0      29630.93506084
 f   3   0   0   0   0   0   0   0   0   0   0   0   0       3609.55313028
 f   4   0   0   0   0   0   0   0   0   0   0   0   0       2936.74337084
 f   5   0   0   0   0   0   0   0   0   0   0   0   0       1758.19577326
 f   6   0   0   0   0   0   0   0   0   0   0   0   0       1197.65403583
 f   7   0   0   0   0   0   0   0   0   0   0   0   0        836.62376208
 f   8   0   0   0   0   0   0   0   0   0   0   0   0        328.29764036
 f   0   2   0   0   0   0   0   0   0   0   0   0   0      31940.40375184
 f   0   3   0   0   0   0   0   0   0   0   0   0   0       2798.60039599
 f   0   4   0   0   0   0   0   0   0   0   0   0   0       3127.91077202
 f   0   5   0   0   0   0   0   0   0   0   0   0   0       1770.42495615
 f   0   6   0   0   0   0   0   0   0   0   0   0   0       1270.31144120
 f   0   7   0   0   0   0   0   0   0   0   0   0   0        999.77677247
 f   0   8   0   0   0   0   0   0   0   0   0   0   0        401.59578020
 f   0   0   0   0   8   0   0   0   0   0   0   0   9    -429025.09413255
 f   0   0   2   0   0   0   0   0   0   0   0   0   9     121346.52462218
 f   0   0   3   0   0   0   0   0   0   0   0   0   8       8030.75082013
 f   0   0   4   0   0   0   0   0   0   0   0   0   7     -31313.23927979
 f   0   0   5   0   0   0   0   0   0   0   0   0   6    -132580.52875506
 f   0   0   6   0   0   0   0   0   0   0   0   0   5     297295.21279497
 f   0   0   7   0   0   0   0   0   0   0   0   0   4     178303.62134242

   ------------------------------------------------------------------
   |   iter  |  points |    deviat     |     rms       |  stability  |
   ------------------------------------------------------------------

   -----------------------------------------------------------
   |  param  |  points |   deviat    |    rms      | stability |
   -----------------------------------------------------------
   |     9   |     37  |   0.29354E+01 |  0.12526E+08  |    0.859E+01 |

############################################################################################
