************************************************************************************************************************************
 ************************************************************************************************************************************
 ************************************************************************************************************************************
 ****************                                                                                                    ****************
 ****************          *  FITTING OF THE POTENTIAL PARAMETERS TO AB INITIO DATA                                  ****************
 ****************          *                                                                                         ****************
 ****************          *  2016                                                                                   ****************
 ****************          *  C2H6                                                                                   ****************

 ****************                                                                                                    ****************
 ************************************************************************************************************************************
 ************************************************************************************************************************************
 ************************************************************************************************************************************
 
        12 <= number of degrees of freedom
         5 <= number of bonds
         7 <= number of bond angles
        20 <= number of iterations in the fit
  0.000000 <= The fit is over if the stability is reached 
  0.000010 <= The fit is over if the st.dev. best is reached 
  1.000000 <= sterr parameter out 
  0.000010 <= stdev parameter out 
         1 <= watson robust on (1) or of (0) 
         8 <= number of non-linear parameters
 parameters of structure 
rCOe      =           1.420
rOHe      =           0.958
rCH       =           1.089
aHOC      =         108.129
aHCO      =         111.952
a1        =           2.166
a2        =           2.559
b1        =           1.783
Lowest energy = -115.612182    

   ------------------------------------------------------------------
   |   iter  |  points |    deviat     |     rms       |  stability  |
   ------------------------------------------------------------------
   |     1   |     18  |   0.10911E+02 |  0.26060E+04  |   0.683E+07 |
   |     2   |     18  |   0.16587E+01 |  0.43550E+01  |   0.284E+04 |
   |     3   |     18  |   0.74859E+00 |  0.72713E+00  |   0.218E+00 |
   |     4   |     18  |   0.38611E-01 |  0.18505E+02  |   0.979E+01 |
   |     5   |     18  |   0.38453E-01 |  0.18792E+02  |   0.207E-01 |
   |     6   |     18  |   0.38453E-01 |  0.18805E+02  |   0.300E-04 |
   |     7   |     18  |   0.38453E-01 |  0.18805E+02  |   0.409E-06 |
   |     8   |     18  |   0.38453E-01 |  0.18805E+02  |   0.107E-07 |
   |     9   |     18  |   0.38453E-01 |  0.18805E+02  |   0.799E-08 |
   |    10   |     18  |   0.38453E-01 |  0.18805E+02  |   0.737E-09 |
   |    11   |     18  |   0.38453E-01 |  0.18805E+02  |   0.168E-07 |
   |    12   |     18  |   0.38453E-01 |  0.18805E+02  |   0.102E-07 |
   |    13   |     18  |   0.38453E-01 |  0.18805E+02  |   0.132E-07 |
   |    14   |     18  |   0.38453E-01 |  0.18805E+02  |   0.159E-07 |
   |    15   |     18  |   0.38453E-01 |  0.18805E+02  |   0.362E-09 |
   |    16   |     18  |   0.38453E-01 |  0.18805E+02  |   0.554E-08 |
   |    17   |     18  |   0.38453E-01 |  0.18805E+02  |   0.151E-08 |
   |    18   |     18  |   0.38453E-01 |  0.18805E+02  |   0.859E-08 |
   |    19   |     18  |   0.38453E-01 |  0.18805E+02  |   0.206E-07 |
   |    20   |     18  |   0.38453E-01 |  0.18805E+02  |   0.442E-08 |
   |    21   |     18  |   0.38453E-01 |  0.18805E+02  |   0.698E-08 |

Watson Alpha parameter  0.1000 fitted with rms2 = 


Potential parameters rounded in accord. with their standart errors

rC  0  0  0  0  0  0  0  0  0  0  0  0   0   1.4198733    
rO  0  0  0  0  0  0  0  0  0  0  0  0   0  0.95784813    
rC  0  0  0  0  0  0  0  0  0  0  0  0   0   1.0890440    
aH  0  0  0  0  0  0  0  0  0  0  0  0   9         108.10771    (      23)
aH  0  0  0  0  0  0  0  0  0  0  0  0   0   111.95221    
a1  0  0  0  0  0  0  0  0  0  0  0  0   0   2.1664794    
a2  0  0  0  0  0  0  0  0  0  0  0  0   0   2.5594912    
b1  0  0  0  0  0  0  0  0  0  0  0  0   0   1.7826628    
 f  0  0  0  0  0  0  0  0  0  0  0  0   9     -25373943.962    (      15)
 f  2  0  0  0  0  0  0  0  0  0  0  0   0   29729.892    
 f  3  0  0  0  0  0  0  0  0  0  0  0   0   3589.0522    
 f  4  0  0  0  0  0  0  0  0  0  0  0   0   2951.1711    
 f  5  0  0  0  0  0  0  0  0  0  0  0   0   1769.1948    
 f  6  0  0  0  0  0  0  0  0  0  0  0   0   1206.0406    
 f  7  0  0  0  0  0  0  0  0  0  0  0   0   849.26484    
 f  8  0  0  0  0  0  0  0  0  0  0  0   0   338.38028    
 f  0  2  0  0  0  0  0  0  0  0  0  0   0   32142.727    
 f  0  3  0  0  0  0  0  0  0  0  0  0   0   2653.3452    
 f  0  4  0  0  0  0  0  0  0  0  0  0   0   3096.5345    
 f  0  5  0  0  0  0  0  0  0  0  0  0   0   1742.2060    
 f  0  6  0  0  0  0  0  0  0  0  0  0   0   1245.4911    
 f  0  7  0  0  0  0  0  0  0  0  0  0   0   977.04773    
 f  0  8  0  0  0  0  0  0  0  0  0  0   0   393.48896    
 f  0  0  0  1  0  0  0  0  0  0  0  1   0  -3250.2277    
 f  0  0  2  0  0  0  0  0  0  0  0  0   0   126177.01    
 f  0  0  0  2  0  0  0  0  0  0  0  1   0  -3834.2799    
 f  0  0  3  0  0  0  0  0  0  0  0  0   0  -10993.762    
 f  0  0  0  3  0  0  0  0  0  0  0  1   0  -3065.0064    
 f  0  0  4  0  0  0  0  0  0  0  0  0   0   9520.3486    
 f  0  0  0  4  0  0  0  0  0  0  0  1   0  -2129.4960    
 f  0  0  5  0  0  0  0  0  0  0  0  0   0   3164.4804    
 f  0  0  0  5  0  0  0  0  0  0  0  1   0  -1471.5869    
 f  0  0  6  0  0  0  0  0  0  0  0  0   0   2304.0272    
 f  0  0  0  6  0  0  0  0  0  0  0  1   0  -334.21517    
 f  0  0  7  0  0  0  0  0  0  0  0  0   0   899.15112    
 f  0  0  0  7  0  0  0  0  0  0  0  1   0   924.27136    
 f  0  0  0  0  0  2  0  0  0  0  0  0   9           19859.8    (      13)
 f  0  0  0  0  0  3  0  0  0  0  0  0   8           -7505.7    (      42)
 f  0  0  0  0  0  4  0  0  0  0  0  0   7            -1311.    (      16)
 f  0  0  0  0  0  5  0  0  0  0  0  0   6             -333.    (      35)
 f  0  0  0  0  0  6  0  0  0  0  0  0   5             -395.    (      61)
 f  0  0  0  0  0  7  0  0  0  0  0  0   4             -532.    (      80)
 f  0  0  0  0  0  8  0  0  0  0  0  0   3              712.    (      93)
------------------------------
*  FITTING OF THE POTENTIAL PARAMETERS TO AB INITIO DATA                        
*                                                                               
*  2016                                                                         
*  C2H6                                                                         
      rCOe                        0          1.41987334
      rOHe                        0          0.95784813
       rCH                        0          1.08904402
      aHOC                        9        108.10770858
      aHCO                        0        111.95221297
        a1                        0          2.16647936
        a2                        0          2.55949120
        b1                        0          1.78266276
 f   0   0   0   0   0   0   0   0   0   0   0   0   9  -25373943.96234129
 f   2   0   0   0   0   0   0   0   0   0   0   0   0      29729.89171151
 f   3   0   0   0   0   0   0   0   0   0   0   0   0       3589.05223686
 f   4   0   0   0   0   0   0   0   0   0   0   0   0       2951.17109114
 f   5   0   0   0   0   0   0   0   0   0   0   0   0       1769.19477278
 f   6   0   0   0   0   0   0   0   0   0   0   0   0       1206.04063285
 f   7   0   0   0   0   0   0   0   0   0   0   0   0        849.26484308
 f   8   0   0   0   0   0   0   0   0   0   0   0   0        338.38027724
 f   0   2   0   0   0   0   0   0   0   0   0   0   0      32142.72741440
 f   0   3   0   0   0   0   0   0   0   0   0   0   0       2653.34522751
 f   0   4   0   0   0   0   0   0   0   0   0   0   0       3096.53446533
 f   0   5   0   0   0   0   0   0   0   0   0   0   0       1742.20599129
 f   0   6   0   0   0   0   0   0   0   0   0   0   0       1245.49108764
 f   0   7   0   0   0   0   0   0   0   0   0   0   0        977.04772884
 f   0   8   0   0   0   0   0   0   0   0   0   0   0        393.48896213
 f   0   0   0   1   0   0   0   0   0   0   0   1   0      -3250.22767830
 f   0   0   2   0   0   0   0   0   0   0   0   0   0     126177.00529996
 f   0   0   0   2   0   0   0   0   0   0   0   1   0      -3834.27993495
 f   0   0   3   0   0   0   0   0   0   0   0   0   0     -10993.76244966
 f   0   0   0   3   0   0   0   0   0   0   0   1   0      -3065.00640425
 f   0   0   4   0   0   0   0   0   0   0   0   0   0       9520.34856488
 f   0   0   0   4   0   0   0   0   0   0   0   1   0      -2129.49604639
 f   0   0   5   0   0   0   0   0   0   0   0   0   0       3164.48043805
 f   0   0   0   5   0   0   0   0   0   0   0   1   0      -1471.58694971
 f   0   0   6   0   0   0   0   0   0   0   0   0   0       2304.02716989
 f   0   0   0   6   0   0   0   0   0   0   0   1   0       -334.21516758
 f   0   0   7   0   0   0   0   0   0   0   0   0   0        899.15111913
 f   0   0   0   7   0   0   0   0   0   0   0   1   0        924.27136284
 f   0   0   0   0   0   2   0   0   0   0   0   0   9      19859.82992506
 f   0   0   0   0   0   3   0   0   0   0   0   0   8      -7505.65539831
 f   0   0   0   0   0   4   0   0   0   0   0   0   7      -1311.28493263
 f   0   0   0   0   0   5   0   0   0   0   0   0   6       -332.79228762
 f   0   0   0   0   0   6   0   0   0   0   0   0   5       -394.85493108
 f   0   0   0   0   0   7   0   0   0   0   0   0   4       -532.10818437
 f   0   0   0   0   0   8   0   0   0   0   0   0   3        711.73369579

Correlation coefficients larger than 0.9: 
          corr(   3,   5) =  0.9499212
          corr(   4,   6) =  0.9361987
          corr(   5,   7) =  0.9112296
          corr(   6,   8) =  0.9829625

               --------------------------------------------------------------------------------
               :     old parm   :     new parm   :  delta parm  :   std. err.  : sensitility
               --------------------------------------------------------------------------------
  1  aHOC       :        108.11  :        108.11  :        -0.000:         0.000:         0.000:!
  2  f          :  -25373943.96  :  -25373943.96  :         0.000:         0.015:         0.000:!
  3  f          :      19859.83  :      19859.83  :        -0.000:         1.306:         0.002:!
  4  f          :      -7505.66  :      -7505.66  :        -0.000:         4.165:         0.002:!
  5  f          :      -1311.28  :      -1311.28  :         0.000:        16.059:         0.003:!
  6  f          :       -332.79  :       -332.79  :        -0.000:        34.701:         0.003:!
  7  f          :       -394.85  :       -394.85  :        -0.000:        60.993:         0.004:!
  8  f          :       -532.11  :       -532.11  :         0.000:        79.992:         0.004:!
  9  f          :        711.73  :        711.73  :         0.000:        92.735:         0.005:!
relat_sterr_min,ilow_sterr, tivar:    0.10000000D+21   -1    3
rCOe                               0          1.41987334
rOHe                               0          0.95784813
rCH                                0          1.08904402
aHOC                               9        108.10770858
aHCO                               0        111.95221297
a1                                 0          2.16647936
a2                                 0          2.55949120
b1                                 0          1.78266276
 f   0   0   0   0   0   0   0   0   0   0   0   0   9  -25373943.96234129
 f   2   0   0   0   0   0   0   0   0   0   0   0   0      29729.89171151
 f   3   0   0   0   0   0   0   0   0   0   0   0   0       3589.05223686
 f   4   0   0   0   0   0   0   0   0   0   0   0   0       2951.17109114
 f   5   0   0   0   0   0   0   0   0   0   0   0   0       1769.19477278
 f   6   0   0   0   0   0   0   0   0   0   0   0   0       1206.04063285
 f   7   0   0   0   0   0   0   0   0   0   0   0   0        849.26484308
 f   8   0   0   0   0   0   0   0   0   0   0   0   0        338.38027724
 f   0   2   0   0   0   0   0   0   0   0   0   0   0      32142.72741440
 f   0   3   0   0   0   0   0   0   0   0   0   0   0       2653.34522751
 f   0   4   0   0   0   0   0   0   0   0   0   0   0       3096.53446533
 f   0   5   0   0   0   0   0   0   0   0   0   0   0       1742.20599129
 f   0   6   0   0   0   0   0   0   0   0   0   0   0       1245.49108764
 f   0   7   0   0   0   0   0   0   0   0   0   0   0        977.04772884
 f   0   8   0   0   0   0   0   0   0   0   0   0   0        393.48896213
 f   0   0   0   1   0   0   0   0   0   0   0   1   0      -3250.22767830
 f   0   0   2   0   0   0   0   0   0   0   0   0   0     126177.00529996
 f   0   0   0   2   0   0   0   0   0   0   0   1   0      -3834.27993495
 f   0   0   3   0   0   0   0   0   0   0   0   0   0     -10993.76244966
 f   0   0   0   3   0   0   0   0   0   0   0   1   0      -3065.00640425
 f   0   0   4   0   0   0   0   0   0   0   0   0   0       9520.34856488
 f   0   0   0   4   0   0   0   0   0   0   0   1   0      -2129.49604639
 f   0   0   5   0   0   0   0   0   0   0   0   0   0       3164.48043805
 f   0   0   0   5   0   0   0   0   0   0   0   1   0      -1471.58694971
 f   0   0   6   0   0   0   0   0   0   0   0   0   0       2304.02716989
 f   0   0   0   6   0   0   0   0   0   0   0   1   0       -334.21516758
 f   0   0   7   0   0   0   0   0   0   0   0   0   0        899.15111913
 f   0   0   0   7   0   0   0   0   0   0   0   1   0        924.27136284
 f   0   0   0   0   0   2   0   0   0   0   0   0   9      19859.82992506
 f   0   0   0   0   0   3   0   0   0   0   0   0   8      -7505.65539831
 f   0   0   0   0   0   4   0   0   0   0   0   0   7      -1311.28493263
 f   0   0   0   0   0   5   0   0   0   0   0   0   6       -332.79228762
 f   0   0   0   0   0   6   0   0   0   0   0   0   5       -394.85493108
 f   0   0   0   0   0   7   0   0   0   0   0   0   4       -532.10818437
 f   0   0   0   0   0   8   0   0   0   0   0   0   3        711.73369579
relat_sterr_min,ilow_sterr, tivar:    0.10000000D+21   -1    4
rCOe                               0          1.41987334
rOHe                               0          0.95784813
rCH                                0          1.08904402
aHOC                               9        108.10770858
aHCO                               0        111.95221297
a1                                 0          2.16647936
a2                                 0          2.55949120
b1                                 0          1.78266276
 f   0   0   0   0   0   0   0   0   0   0   0   0   9  -25373943.96234129
 f   2   0   0   0   0   0   0   0   0   0   0   0   0      29729.89171151
 f   3   0   0   0   0   0   0   0   0   0   0   0   0       3589.05223686
 f   4   0   0   0   0   0   0   0   0   0   0   0   0       2951.17109114
 f   5   0   0   0   0   0   0   0   0   0   0   0   0       1769.19477278
 f   6   0   0   0   0   0   0   0   0   0   0   0   0       1206.04063285
 f   7   0   0   0   0   0   0   0   0   0   0   0   0        849.26484308
 f   8   0   0   0   0   0   0   0   0   0   0   0   0        338.38027724
 f   0   2   0   0   0   0   0   0   0   0   0   0   0      32142.72741440
 f   0   3   0   0   0   0   0   0   0   0   0   0   0       2653.34522751
 f   0   4   0   0   0   0   0   0   0   0   0   0   0       3096.53446533
 f   0   5   0   0   0   0   0   0   0   0   0   0   0       1742.20599129
 f   0   6   0   0   0   0   0   0   0   0   0   0   0       1245.49108764
 f   0   7   0   0   0   0   0   0   0   0   0   0   0        977.04772884
 f   0   8   0   0   0   0   0   0   0   0   0   0   0        393.48896213
 f   0   0   0   1   0   0   0   0   0   0   0   1   0      -3250.22767830
 f   0   0   2   0   0   0   0   0   0   0   0   0   0     126177.00529996
 f   0   0   0   2   0   0   0   0   0   0   0   1   0      -3834.27993495
 f   0   0   3   0   0   0   0   0   0   0   0   0   0     -10993.76244966
 f   0   0   0   3   0   0   0   0   0   0   0   1   0      -3065.00640425
 f   0   0   4   0   0   0   0   0   0   0   0   0   0       9520.34856488
 f   0   0   0   4   0   0   0   0   0   0   0   1   0      -2129.49604639
 f   0   0   5   0   0   0   0   0   0   0   0   0   0       3164.48043805
 f   0   0   0   5   0   0   0   0   0   0   0   1   0      -1471.58694971
 f   0   0   6   0   0   0   0   0   0   0   0   0   0       2304.02716989
 f   0   0   0   6   0   0   0   0   0   0   0   1   0       -334.21516758
 f   0   0   7   0   0   0   0   0   0   0   0   0   0        899.15111913
 f   0   0   0   7   0   0   0   0   0   0   0   1   0        924.27136284
 f   0   0   0   0   0   2   0   0   0   0   0   0   9      19859.82992506
 f   0   0   0   0   0   3   0   0   0   0   0   0   8      -7505.65539831
 f   0   0   0   0   0   4   0   0   0   0   0   0   7      -1311.28493263
 f   0   0   0   0   0   5   0   0   0   0   0   0   6       -332.79228762
 f   0   0   0   0   0   6   0   0   0   0   0   0   5       -394.85493108
 f   0   0   0   0   0   7   0   0   0   0   0   0   4       -532.10818437
 f   0   0   0   0   0   8   0   0   0   0   0   0   3        711.73369579
relat_sterr_min,ilow_sterr, tivar:    0.10000000D+21   -1    5
rCOe                               0          1.41987334
rOHe                               0          0.95784813
rCH                                0          1.08904402
aHOC                               9        108.10770858
aHCO                               0        111.95221297
a1                                 0          2.16647936
a2                                 0          2.55949120
b1                                 0          1.78266276
 f   0   0   0   0   0   0   0   0   0   0   0   0   9  -25373943.96234129
 f   2   0   0   0   0   0   0   0   0   0   0   0   0      29729.89171151
 f   3   0   0   0   0   0   0   0   0   0   0   0   0       3589.05223686
 f   4   0   0   0   0   0   0   0   0   0   0   0   0       2951.17109114
 f   5   0   0   0   0   0   0   0   0   0   0   0   0       1769.19477278
 f   6   0   0   0   0   0   0   0   0   0   0   0   0       1206.04063285
 f   7   0   0   0   0   0   0   0   0   0   0   0   0        849.26484308
 f   8   0   0   0   0   0   0   0   0   0   0   0   0        338.38027724
 f   0   2   0   0   0   0   0   0   0   0   0   0   0      32142.72741440
 f   0   3   0   0   0   0   0   0   0   0   0   0   0       2653.34522751
 f   0   4   0   0   0   0   0   0   0   0   0   0   0       3096.53446533
 f   0   5   0   0   0   0   0   0   0   0   0   0   0       1742.20599129
 f   0   6   0   0   0   0   0   0   0   0   0   0   0       1245.49108764
 f   0   7   0   0   0   0   0   0   0   0   0   0   0        977.04772884
 f   0   8   0   0   0   0   0   0   0   0   0   0   0        393.48896213
 f   0   0   0   1   0   0   0   0   0   0   0   1   0      -3250.22767830
 f   0   0   2   0   0   0   0   0   0   0   0   0   0     126177.00529996
 f   0   0   0   2   0   0   0   0   0   0   0   1   0      -3834.27993495
 f   0   0   3   0   0   0   0   0   0   0   0   0   0     -10993.76244966
 f   0   0   0   3   0   0   0   0   0   0   0   1   0      -3065.00640425
 f   0   0   4   0   0   0   0   0   0   0   0   0   0       9520.34856488
 f   0   0   0   4   0   0   0   0   0   0   0   1   0      -2129.49604639
 f   0   0   5   0   0   0   0   0   0   0   0   0   0       3164.48043805
 f   0   0   0   5   0   0   0   0   0   0   0   1   0      -1471.58694971
 f   0   0   6   0   0   0   0   0   0   0   0   0   0       2304.02716989
 f   0   0   0   6   0   0   0   0   0   0   0   1   0       -334.21516758
 f   0   0   7   0   0   0   0   0   0   0   0   0   0        899.15111913
 f   0   0   0   7   0   0   0   0   0   0   0   1   0        924.27136284
 f   0   0   0   0   0   2   0   0   0   0   0   0   9      19859.82992506
 f   0   0   0   0   0   3   0   0   0   0   0   0   8      -7505.65539831
 f   0   0   0   0   0   4   0   0   0   0   0   0   7      -1311.28493263
 f   0   0   0   0   0   5   0   0   0   0   0   0   6       -332.79228762
 f   0   0   0   0   0   6   0   0   0   0   0   0   5       -394.85493108
 f   0   0   0   0   0   7   0   0   0   0   0   0   4       -532.10818437
 f   0   0   0   0   0   8   0   0   0   0   0   0   3        711.73369579
relat_sterr_min,ilow_sterr, tivar:    0.10000000D+21   -1    6
rCOe                               0          1.41987334
rOHe                               0          0.95784813
rCH                                0          1.08904402
aHOC                               9        108.10770858
aHCO                               0        111.95221297
a1                                 0          2.16647936
a2                                 0          2.55949120
b1                                 0          1.78266276
 f   0   0   0   0   0   0   0   0   0   0   0   0   9  -25373943.96234129
 f   2   0   0   0   0   0   0   0   0   0   0   0   0      29729.89171151
 f   3   0   0   0   0   0   0   0   0   0   0   0   0       3589.05223686
 f   4   0   0   0   0   0   0   0   0   0   0   0   0       2951.17109114
 f   5   0   0   0   0   0   0   0   0   0   0   0   0       1769.19477278
 f   6   0   0   0   0   0   0   0   0   0   0   0   0       1206.04063285
 f   7   0   0   0   0   0   0   0   0   0   0   0   0        849.26484308
 f   8   0   0   0   0   0   0   0   0   0   0   0   0        338.38027724
 f   0   2   0   0   0   0   0   0   0   0   0   0   0      32142.72741440
 f   0   3   0   0   0   0   0   0   0   0   0   0   0       2653.34522751
 f   0   4   0   0   0   0   0   0   0   0   0   0   0       3096.53446533
 f   0   5   0   0   0   0   0   0   0   0   0   0   0       1742.20599129
 f   0   6   0   0   0   0   0   0   0   0   0   0   0       1245.49108764
 f   0   7   0   0   0   0   0   0   0   0   0   0   0        977.04772884
 f   0   8   0   0   0   0   0   0   0   0   0   0   0        393.48896213
 f   0   0   0   1   0   0   0   0   0   0   0   1   0      -3250.22767830
 f   0   0   2   0   0   0   0   0   0   0   0   0   0     126177.00529996
 f   0   0   0   2   0   0   0   0   0   0   0   1   0      -3834.27993495
 f   0   0   3   0   0   0   0   0   0   0   0   0   0     -10993.76244966
 f   0   0   0   3   0   0   0   0   0   0   0   1   0      -3065.00640425
 f   0   0   4   0   0   0   0   0   0   0   0   0   0       9520.34856488
 f   0   0   0   4   0   0   0   0   0   0   0   1   0      -2129.49604639
 f   0   0   5   0   0   0   0   0   0   0   0   0   0       3164.48043805
 f   0   0   0   5   0   0   0   0   0   0   0   1   0      -1471.58694971
 f   0   0   6   0   0   0   0   0   0   0   0   0   0       2304.02716989
 f   0   0   0   6   0   0   0   0   0   0   0   1   0       -334.21516758
 f   0   0   7   0   0   0   0   0   0   0   0   0   0        899.15111913
 f   0   0   0   7   0   0   0   0   0   0   0   1   0        924.27136284
 f   0   0   0   0   0   2   0   0   0   0   0   0   9      19859.82992506
 f   0   0   0   0   0   3   0   0   0   0   0   0   8      -7505.65539831
 f   0   0   0   0   0   4   0   0   0   0   0   0   7      -1311.28493263
 f   0   0   0   0   0   5   0   0   0   0   0   0   6       -332.79228762
 f   0   0   0   0   0   6   0   0   0   0   0   0   5       -394.85493108
 f   0   0   0   0   0   7   0   0   0   0   0   0   4       -532.10818437
 f   0   0   0   0   0   8   0   0   0   0   0   0   3        711.73369579
relat_sterr_min,ilow_sterr, tivar:    0.10000000D+21   -1    7
rCOe                               0          1.41987334
rOHe                               0          0.95784813
rCH                                0          1.08904402
aHOC                               9        108.10770858
aHCO                               0        111.95221297
a1                                 0          2.16647936
a2                                 0          2.55949120
b1                                 0          1.78266276
 f   0   0   0   0   0   0   0   0   0   0   0   0   9  -25373943.96234129
 f   2   0   0   0   0   0   0   0   0   0   0   0   0      29729.89171151
 f   3   0   0   0   0   0   0   0   0   0   0   0   0       3589.05223686
 f   4   0   0   0   0   0   0   0   0   0   0   0   0       2951.17109114
 f   5   0   0   0   0   0   0   0   0   0   0   0   0       1769.19477278
 f   6   0   0   0   0   0   0   0   0   0   0   0   0       1206.04063285
 f   7   0   0   0   0   0   0   0   0   0   0   0   0        849.26484308
 f   8   0   0   0   0   0   0   0   0   0   0   0   0        338.38027724
 f   0   2   0   0   0   0   0   0   0   0   0   0   0      32142.72741440
 f   0   3   0   0   0   0   0   0   0   0   0   0   0       2653.34522751
 f   0   4   0   0   0   0   0   0   0   0   0   0   0       3096.53446533
 f   0   5   0   0   0   0   0   0   0   0   0   0   0       1742.20599129
 f   0   6   0   0   0   0   0   0   0   0   0   0   0       1245.49108764
 f   0   7   0   0   0   0   0   0   0   0   0   0   0        977.04772884
 f   0   8   0   0   0   0   0   0   0   0   0   0   0        393.48896213
 f   0   0   0   1   0   0   0   0   0   0   0   1   0      -3250.22767830
 f   0   0   2   0   0   0   0   0   0   0   0   0   0     126177.00529996
 f   0   0   0   2   0   0   0   0   0   0   0   1   0      -3834.27993495
 f   0   0   3   0   0   0   0   0   0   0   0   0   0     -10993.76244966
 f   0   0   0   3   0   0   0   0   0   0   0   1   0      -3065.00640425
 f   0   0   4   0   0   0   0   0   0   0   0   0   0       9520.34856488
 f   0   0   0   4   0   0   0   0   0   0   0   1   0      -2129.49604639
 f   0   0   5   0   0   0   0   0   0   0   0   0   0       3164.48043805
 f   0   0   0   5   0   0   0   0   0   0   0   1   0      -1471.58694971
 f   0   0   6   0   0   0   0   0   0   0   0   0   0       2304.02716989
 f   0   0   0   6   0   0   0   0   0   0   0   1   0       -334.21516758
 f   0   0   7   0   0   0   0   0   0   0   0   0   0        899.15111913
 f   0   0   0   7   0   0   0   0   0   0   0   1   0        924.27136284
 f   0   0   0   0   0   2   0   0   0   0   0   0   9      19859.82992506
 f   0   0   0   0   0   3   0   0   0   0   0   0   8      -7505.65539831
 f   0   0   0   0   0   4   0   0   0   0   0   0   7      -1311.28493263
 f   0   0   0   0   0   5   0   0   0   0   0   0   6       -332.79228762
 f   0   0   0   0   0   6   0   0   0   0   0   0   5       -394.85493108
 f   0   0   0   0   0   7   0   0   0   0   0   0   4       -532.10818437
 f   0   0   0   0   0   8   0   0   0   0   0   0   3        711.73369579
relat_sterr_min,ilow_sterr, tivar:    0.10000000D+21   -1    8
rCOe                               0          1.41987334
rOHe                               0          0.95784813
rCH                                0          1.08904402
aHOC                               9        108.10770858
aHCO                               0        111.95221297
a1                                 0          2.16647936
a2                                 0          2.55949120
b1                                 0          1.78266276
 f   0   0   0   0   0   0   0   0   0   0   0   0   9  -25373943.96234129
 f   2   0   0   0   0   0   0   0   0   0   0   0   0      29729.89171151
 f   3   0   0   0   0   0   0   0   0   0   0   0   0       3589.05223686
 f   4   0   0   0   0   0   0   0   0   0   0   0   0       2951.17109114
 f   5   0   0   0   0   0   0   0   0   0   0   0   0       1769.19477278
 f   6   0   0   0   0   0   0   0   0   0   0   0   0       1206.04063285
 f   7   0   0   0   0   0   0   0   0   0   0   0   0        849.26484308
 f   8   0   0   0   0   0   0   0   0   0   0   0   0        338.38027724
 f   0   2   0   0   0   0   0   0   0   0   0   0   0      32142.72741440
 f   0   3   0   0   0   0   0   0   0   0   0   0   0       2653.34522751
 f   0   4   0   0   0   0   0   0   0   0   0   0   0       3096.53446533
 f   0   5   0   0   0   0   0   0   0   0   0   0   0       1742.20599129
 f   0   6   0   0   0   0   0   0   0   0   0   0   0       1245.49108764
 f   0   7   0   0   0   0   0   0   0   0   0   0   0        977.04772884
 f   0   8   0   0   0   0   0   0   0   0   0   0   0        393.48896213
 f   0   0   0   1   0   0   0   0   0   0   0   1   0      -3250.22767830
 f   0   0   2   0   0   0   0   0   0   0   0   0   0     126177.00529996
 f   0   0   0   2   0   0   0   0   0   0   0   1   0      -3834.27993495
 f   0   0   3   0   0   0   0   0   0   0   0   0   0     -10993.76244966
 f   0   0   0   3   0   0   0   0   0   0   0   1   0      -3065.00640425
 f   0   0   4   0   0   0   0   0   0   0   0   0   0       9520.34856488
 f   0   0   0   4   0   0   0   0   0   0   0   1   0      -2129.49604639
 f   0   0   5   0   0   0   0   0   0   0   0   0   0       3164.48043805
 f   0   0   0   5   0   0   0   0   0   0   0   1   0      -1471.58694971
 f   0   0   6   0   0   0   0   0   0   0   0   0   0       2304.02716989
 f   0   0   0   6   0   0   0   0   0   0   0   1   0       -334.21516758
 f   0   0   7   0   0   0   0   0   0   0   0   0   0        899.15111913
 f   0   0   0   7   0   0   0   0   0   0   0   1   0        924.27136284
 f   0   0   0   0   0   2   0   0   0   0   0   0   9      19859.82992506
 f   0   0   0   0   0   3   0   0   0   0   0   0   8      -7505.65539831
 f   0   0   0   0   0   4   0   0   0   0   0   0   7      -1311.28493263
 f   0   0   0   0   0   5   0   0   0   0   0   0   6       -332.79228762
 f   0   0   0   0   0   6   0   0   0   0   0   0   5       -394.85493108
 f   0   0   0   0   0   7   0   0   0   0   0   0   4       -532.10818437
 f   0   0   0   0   0   8   0   0   0   0   0   0   3        711.73369579

   ------------------------------------------------------------------
   |   iter  |  points |    deviat     |     rms       |  stability  |
   ------------------------------------------------------------------

   -----------------------------------------------------------
   |  param  |  points |   deviat    |    rms      | stability |
   -----------------------------------------------------------
   |     9   |     18  |   0.38453E-01 |  0.63843E+04  |    0.698E-08 |

############################################################################################
