************************************************************************************************************************************
 ************************************************************************************************************************************
 ************************************************************************************************************************************
 ****************                                                                                                    ****************
 ****************          *  FITTING OF THE POTENTIAL PARAMETERS TO AB INITIO DATA                                  ****************
 ****************          *                                                                                         ****************
 ****************          *  2016                                                                                   ****************
 ****************          *  C2H6                                                                                   ****************

 ****************                                                                                                    ****************
 ************************************************************************************************************************************
 ************************************************************************************************************************************
 ************************************************************************************************************************************
 
        12 <= number of degrees of freedom
         5 <= number of bonds
         7 <= number of bond angles
        20 <= number of iterations in the fit
  0.000000 <= The fit is over if the stability is reached 
  0.000010 <= The fit is over if the st.dev. best is reached 
  1.000000 <= sterr parameter out 
  0.000010 <= stdev parameter out 
         1 <= watson robust on (1) or of (0) 
         8 <= number of non-linear parameters
 parameters of structure 
rCOe      =           1.420
rOHe      =           0.960
rCH       =           1.091
aHOC      =         108.129
aHCO      =         111.952
a1        =           2.166
a2        =           2.345
b1        =           1.550
Lowest energy = -115.612182    

   ------------------------------------------------------------------
   |   iter  |  points |    deviat     |     rms       |  stability  |
   ------------------------------------------------------------------
   |     2   |     19  |   0.64820E-01 |  0.11939E+01  |   0.175E+04 |
   |     3   |     19  |   0.16234E+00 |  0.59786E+00  |   0.208E+01 |
   |     4   |     19  |   0.30717E-02 |  0.14801E+01  |   0.518E+02 |
   |     5   |     19  |   0.30713E-02 |  0.14800E+01  |   0.110E-02 |
   |     6   |     19  |   0.30713E-02 |  0.14800E+01  |   0.340E-06 |
   |     7   |     19  |   0.30713E-02 |  0.14800E+01  |   0.421E-07 |
   |     8   |     19  |   0.30713E-02 |  0.14800E+01  |   0.154E-06 |
   |     9   |     19  |   0.30713E-02 |  0.14800E+01  |   0.253E-06 |
   |    10   |     19  |   0.30713E-02 |  0.14800E+01  |   0.152E-06 |
   |    11   |     19  |   0.30713E-02 |  0.14800E+01  |   0.749E-07 |
   |    12   |     19  |   0.30713E-02 |  0.14800E+01  |   0.210E-06 |
   |    13   |     19  |   0.30713E-02 |  0.14800E+01  |   0.801E-07 |
   |    14   |     19  |   0.30713E-02 |  0.14800E+01  |   0.491E-07 |
   |    15   |     19  |   0.30713E-02 |  0.14800E+01  |   0.833E-07 |
   |    16   |     19  |   0.30713E-02 |  0.14800E+01  |   0.265E-06 |
   |    17   |     19  |   0.30713E-02 |  0.14800E+01  |   0.169E-06 |
   |    18   |     19  |   0.30713E-02 |  0.14800E+01  |   0.283E-07 |
   |    19   |     19  |   0.30713E-02 |  0.14800E+01  |   0.172E-06 |
   |    20   |     19  |   0.30713E-02 |  0.14800E+01  |   0.307E-07 |
   |    21   |     19  |   0.30713E-02 |  0.14800E+01  |   0.164E-06 |

Watson Alpha parameter  0.1000 fitted with rms2 = 


Potential parameters rounded in accord. with their standart errors

rC  0  0  0  0  0  0  0  0  0  0  0  0   9        1.41987334    (      13)
rO  0  0  0  0  0  0  0  0  0  0  0  0   0  0.96013932    
rC  0  0  0  0  0  0  0  0  0  0  0  0   0   1.0910897    
aH  0  0  0  0  0  0  0  0  0  0  0  0   0   108.12931    
aH  0  0  0  0  0  0  0  0  0  0  0  0   0   111.95221    
a1  0  0  0  0  0  0  0  0  0  0  0  0   0   2.1664794    
a2  0  0  0  0  0  0  0  0  0  0  0  0   0   2.3445074    
b1  0  0  0  0  0  0  0  0  0  0  0  0   0   1.5500000    
 f  0  0  0  0  0  0  0  0  0  0  0  0   9    -25373941.5677    (      14)
 f  2  0  0  0  0  0  0  0  0  0  0  0   9         29729.892    (      89)
 f  3  0  0  0  0  0  0  0  0  0  0  0   8           3589.05    (      48)
 f  4  0  0  0  0  0  0  0  0  0  0  0   7            2951.2    (      13)
 f  5  0  0  0  0  0  0  0  0  0  0  0   6            1769.2    (      41)
 f  6  0  0  0  0  0  0  0  0  0  0  0   5            1206.0    (      68)
 f  7  0  0  0  0  0  0  0  0  0  0  0   4              849.    (      10)
 f  8  0  0  0  0  0  0  0  0  0  0  0   3              338.    (      14)
------------------------------
*  FITTING OF THE POTENTIAL PARAMETERS TO AB INITIO DATA                        
*                                                                               
*  2016                                                                         
*  C2H6                                                                         
      rCOe                        9          1.41987334
      rOHe                        0          0.96013932
       rCH                        0          1.09108970
      aHOC                        0        108.12930637
      aHCO                        0        111.95221297
        a1                        0          2.16647936
        a2                        0          2.34450735
        b1                        0          1.55000000
 f   0   0   0   0   0   0   0   0   0   0   0   0   9  -25373941.56773402
 f   2   0   0   0   0   0   0   0   0   0   0   0   9      29729.89171151
 f   3   0   0   0   0   0   0   0   0   0   0   0   8       3589.05223686
 f   4   0   0   0   0   0   0   0   0   0   0   0   7       2951.17109114
 f   5   0   0   0   0   0   0   0   0   0   0   0   6       1769.19477278
 f   6   0   0   0   0   0   0   0   0   0   0   0   5       1206.04063285
 f   7   0   0   0   0   0   0   0   0   0   0   0   4        849.26484308
 f   8   0   0   0   0   0   0   0   0   0   0   0   3        338.38027724

Correlation coefficients larger than 0.9: 
          corr(   1,   4) =  0.9045273
          corr(   3,   5) =  0.9403753
          corr(   4,   6) =  0.9670210
          corr(   4,   8) =  0.9207490
          corr(   5,   7) =  0.9120409
          corr(   6,   8) =  0.9888017
          corr(   7,   9) =  0.9204017

               --------------------------------------------------------------------------------
               :     old parm   :     new parm   :  delta parm  :   std. err.  : sensitility
               --------------------------------------------------------------------------------
  1  rCOe       :          1.42  :          1.42  :        -0.000:         0.000:         0.000:!
  2  f          :  -25373941.57  :  -25373941.57  :         0.000:         0.001:         0.000:!
  3  f          :      29729.89  :      29729.89  :         0.000:         0.089:         0.000:!
  4  f          :       3589.05  :       3589.05  :        -0.000:         0.476:         0.001:!
  5  f          :       2951.17  :       2951.17  :        -0.000:         1.273:         0.001:!
  6  f          :       1769.19  :       1769.19  :         0.000:         4.140:         0.002:!
  7  f          :       1206.04  :       1206.04  :         0.000:         6.841:         0.005:!
  8  f          :        849.26  :        849.26  :        -0.000:        10.264:         0.009:!
  9  f          :        338.38  :        338.38  :        -0.000:        14.191:         0.017:!
relat_sterr_min,ilow_sterr, tivar:    0.10000000D+21   -1    3
rCOe                               9          1.41987334
rOHe                               0          0.96013932
rCH                                0          1.09108970
aHOC                               0        108.12930637
aHCO                               0        111.95221297
a1                                 0          2.16647936
a2                                 0          2.34450735
b1                                 0          1.55000000
 f   0   0   0   0   0   0   0   0   0   0   0   0   9  -25373941.56773402
 f   2   0   0   0   0   0   0   0   0   0   0   0   9      29729.89171151
 f   3   0   0   0   0   0   0   0   0   0   0   0   8       3589.05223686
 f   4   0   0   0   0   0   0   0   0   0   0   0   7       2951.17109114
 f   5   0   0   0   0   0   0   0   0   0   0   0   6       1769.19477278
 f   6   0   0   0   0   0   0   0   0   0   0   0   5       1206.04063285
 f   7   0   0   0   0   0   0   0   0   0   0   0   4        849.26484308
 f   8   0   0   0   0   0   0   0   0   0   0   0   3        338.38027724
relat_sterr_min,ilow_sterr, tivar:    0.10000000D+21   -1    4
rCOe                               9          1.41987334
rOHe                               0          0.96013932
rCH                                0          1.09108970
aHOC                               0        108.12930637
aHCO                               0        111.95221297
a1                                 0          2.16647936
a2                                 0          2.34450735
b1                                 0          1.55000000
 f   0   0   0   0   0   0   0   0   0   0   0   0   9  -25373941.56773402
 f   2   0   0   0   0   0   0   0   0   0   0   0   9      29729.89171151
 f   3   0   0   0   0   0   0   0   0   0   0   0   8       3589.05223686
 f   4   0   0   0   0   0   0   0   0   0   0   0   7       2951.17109114
 f   5   0   0   0   0   0   0   0   0   0   0   0   6       1769.19477278
 f   6   0   0   0   0   0   0   0   0   0   0   0   5       1206.04063285
 f   7   0   0   0   0   0   0   0   0   0   0   0   4        849.26484308
 f   8   0   0   0   0   0   0   0   0   0   0   0   3        338.38027724
relat_sterr_min,ilow_sterr, tivar:    0.10000000D+21   -1    5
rCOe                               9          1.41987334
rOHe                               0          0.96013932
rCH                                0          1.09108970
aHOC                               0        108.12930637
aHCO                               0        111.95221297
a1                                 0          2.16647936
a2                                 0          2.34450735
b1                                 0          1.55000000
 f   0   0   0   0   0   0   0   0   0   0   0   0   9  -25373941.56773402
 f   2   0   0   0   0   0   0   0   0   0   0   0   9      29729.89171151
 f   3   0   0   0   0   0   0   0   0   0   0   0   8       3589.05223686
 f   4   0   0   0   0   0   0   0   0   0   0   0   7       2951.17109114
 f   5   0   0   0   0   0   0   0   0   0   0   0   6       1769.19477278
 f   6   0   0   0   0   0   0   0   0   0   0   0   5       1206.04063285
 f   7   0   0   0   0   0   0   0   0   0   0   0   4        849.26484308
 f   8   0   0   0   0   0   0   0   0   0   0   0   3        338.38027724
relat_sterr_min,ilow_sterr, tivar:    0.10000000D+21   -1    6
rCOe                               9          1.41987334
rOHe                               0          0.96013932
rCH                                0          1.09108970
aHOC                               0        108.12930637
aHCO                               0        111.95221297
a1                                 0          2.16647936
a2                                 0          2.34450735
b1                                 0          1.55000000
 f   0   0   0   0   0   0   0   0   0   0   0   0   9  -25373941.56773402
 f   2   0   0   0   0   0   0   0   0   0   0   0   9      29729.89171151
 f   3   0   0   0   0   0   0   0   0   0   0   0   8       3589.05223686
 f   4   0   0   0   0   0   0   0   0   0   0   0   7       2951.17109114
 f   5   0   0   0   0   0   0   0   0   0   0   0   6       1769.19477278
 f   6   0   0   0   0   0   0   0   0   0   0   0   5       1206.04063285
 f   7   0   0   0   0   0   0   0   0   0   0   0   4        849.26484308
 f   8   0   0   0   0   0   0   0   0   0   0   0   3        338.38027724
relat_sterr_min,ilow_sterr, tivar:    0.10000000D+21   -1    7
rCOe                               9          1.41987334
rOHe                               0          0.96013932
rCH                                0          1.09108970
aHOC                               0        108.12930637
aHCO                               0        111.95221297
a1                                 0          2.16647936
a2                                 0          2.34450735
b1                                 0          1.55000000
 f   0   0   0   0   0   0   0   0   0   0   0   0   9  -25373941.56773402
 f   2   0   0   0   0   0   0   0   0   0   0   0   9      29729.89171151
 f   3   0   0   0   0   0   0   0   0   0   0   0   8       3589.05223686
 f   4   0   0   0   0   0   0   0   0   0   0   0   7       2951.17109114
 f   5   0   0   0   0   0   0   0   0   0   0   0   6       1769.19477278
 f   6   0   0   0   0   0   0   0   0   0   0   0   5       1206.04063285
 f   7   0   0   0   0   0   0   0   0   0   0   0   4        849.26484308
 f   8   0   0   0   0   0   0   0   0   0   0   0   3        338.38027724
relat_sterr_min,ilow_sterr, tivar:    0.10000000D+21   -1    8
rCOe                               9          1.41987334
rOHe                               0          0.96013932
rCH                                0          1.09108970
aHOC                               0        108.12930637
aHCO                               0        111.95221297
a1                                 0          2.16647936
a2                                 0          2.34450735
b1                                 0          1.55000000
 f   0   0   0   0   0   0   0   0   0   0   0   0   9  -25373941.56773402
 f   2   0   0   0   0   0   0   0   0   0   0   0   9      29729.89171151
 f   3   0   0   0   0   0   0   0   0   0   0   0   8       3589.05223686
 f   4   0   0   0   0   0   0   0   0   0   0   0   7       2951.17109114
 f   5   0   0   0   0   0   0   0   0   0   0   0   6       1769.19477278
 f   6   0   0   0   0   0   0   0   0   0   0   0   5       1206.04063285
 f   7   0   0   0   0   0   0   0   0   0   0   0   4        849.26484308
 f   8   0   0   0   0   0   0   0   0   0   0   0   3        338.38027724

   ------------------------------------------------------------------
   |   iter  |  points |    deviat     |     rms       |  stability  |
   ------------------------------------------------------------------

   -----------------------------------------------------------
   |  param  |  points |   deviat    |    rms      | stability |
   -----------------------------------------------------------
   |     9   |     19  |   0.30713E-02 |  0.43099E+02  |    0.164E-06 |

############################################################################################
