************************************************************************************************************************************
 ************************************************************************************************************************************
 ************************************************************************************************************************************
 ****************                                                                                                    ****************
 ****************          *  FITTING OF THE POTENTIAL PARAMETERS TO AB INITIO DATA                                  ****************
 ****************          *                                                                                         ****************
 ****************          *  2016                                                                                   ****************
 ****************          *  C2H6                                                                                   ****************

 ****************                                                                                                    ****************
 ************************************************************************************************************************************
 ************************************************************************************************************************************
 ************************************************************************************************************************************
 
        12 <= number of degrees of freedom
         5 <= number of bonds
         7 <= number of bond angles
        20 <= number of iterations in the fit
  0.000000 <= The fit is over if the stability is reached 
  0.000010 <= The fit is over if the st.dev. best is reached 
  1.000000 <= sterr parameter out 
  0.000010 <= stdev parameter out 
         1 <= watson robust on (1) or of (0) 
         8 <= number of non-linear parameters
 parameters of structure 
rCOe      =           1.420
rOHe      =           0.958
rCH       =           1.089
aHOC      =         108.108
aHCO      =         111.848
a1        =           2.166
a2        =           2.559
b1        =           1.783
Lowest energy = -115.612182    

   ------------------------------------------------------------------
   |   iter  |  points |    deviat     |     rms       |  stability  |
   ------------------------------------------------------------------
   |     1   |     35  |   0.37636E+01 |  0.13050E+04  |   0.810E+07 |
   |     3   |     35  |   0.14568E+00 |  0.87939E+00  |   0.190E+04 |
   |     4   |     35  |   0.30030E-01 |  0.26591E-01  |   0.612E+01 |
   |     5   |     35  |   0.41495E-02 |  0.18529E+01  |   0.624E+01 |
   |     6   |     35  |   0.41495E-02 |  0.18529E+01  |   0.557E-05 |
   |     7   |     35  |   0.41495E-02 |  0.18529E+01  |   0.481E-07 |
   |     8   |     35  |   0.41495E-02 |  0.18529E+01  |   0.309E-07 |
   |     9   |     35  |   0.41495E-02 |  0.18529E+01  |   0.525E-07 |
   |    10   |     35  |   0.41495E-02 |  0.18529E+01  |   0.627E-07 |
   |    11   |     35  |   0.41495E-02 |  0.18529E+01  |   0.118E-08 |
   |    12   |     35  |   0.41495E-02 |  0.18529E+01  |   0.583E-07 |
   |    13   |     35  |   0.41495E-02 |  0.18529E+01  |   0.213E-07 |
   |    14   |     35  |   0.41495E-02 |  0.18529E+01  |   0.209E-06 |
   |    15   |     35  |   0.41495E-02 |  0.18529E+01  |   0.205E-06 |
   |    16   |     35  |   0.41495E-02 |  0.18529E+01  |   0.903E-07 |
   |    17   |     35  |   0.41495E-02 |  0.18529E+01  |   0.846E-07 |
   |    18   |     35  |   0.41495E-02 |  0.18529E+01  |   0.831E-08 |
   |    19   |     35  |   0.41495E-02 |  0.18529E+01  |   0.134E-06 |
   |    20   |     35  |   0.41495E-02 |  0.18529E+01  |   0.381E-07 |
   |    21   |     35  |   0.41495E-02 |  0.18529E+01  |   0.131E-07 |

Watson Alpha parameter  0.1000 fitted with rms2 = 


Potential parameters rounded in accord. with their standart errors

rC  0  0  0  0  0  0  0  0  0  0  0  0   0   1.4198733    
rO  0  0  0  0  0  0  0  0  0  0  0  0   0  0.95784813    
rC  0  0  0  0  0  0  0  0  0  0  0  0   0   1.0890440    
aH  0  0  0  0  0  0  0  0  0  0  0  0   0   108.10771    
aH  0  0  0  0  0  0  0  0  0  0  0  0   9        108.458793    (      13)
a1  0  0  0  0  0  0  0  0  0  0  0  0   0   2.1664794    
a2  0  0  0  0  0  0  0  0  0  0  0  0   0   2.5594912    
b1  0  0  0  0  0  0  0  0  0  0  0  0   0   1.7826628    
 f  0  0  0  0  0  0  0  0  0  0  0  0   9    -25374001.0127    (      18)
 f  2  0  0  0  0  0  0  0  0  0  0  0   0   29729.892    
 f  3  0  0  0  0  0  0  0  0  0  0  0   0   3589.0522    
 f  4  0  0  0  0  0  0  0  0  0  0  0   0   2951.1711    
 f  5  0  0  0  0  0  0  0  0  0  0  0   0   1769.1948    
 f  6  0  0  0  0  0  0  0  0  0  0  0   0   1206.0406    
 f  7  0  0  0  0  0  0  0  0  0  0  0   0   849.26484    
 f  8  0  0  0  0  0  0  0  0  0  0  0   0   338.38028    
 f  0  2  0  0  0  0  0  0  0  0  0  0   0   32142.727    
 f  0  3  0  0  0  0  0  0  0  0  0  0   0   2653.3452    
 f  0  4  0  0  0  0  0  0  0  0  0  0   0   3096.5345    
 f  0  5  0  0  0  0  0  0  0  0  0  0   0   1742.2060    
 f  0  6  0  0  0  0  0  0  0  0  0  0   0   1245.4911    
 f  0  7  0  0  0  0  0  0  0  0  0  0   0   977.04773    
 f  0  8  0  0  0  0  0  0  0  0  0  0   0   393.48896    
 f  0  0  0  1  0  0  0  0  0  0  0  1   0  -3250.2277    
 f  0  0  2  0  0  0  0  0  0  0  0  0   0   126177.01    
 f  0  0  0  2  0  0  0  0  0  0  0  1   0  -3834.2799    
 f  0  0  3  0  0  0  0  0  0  0  0  0   0  -10993.762    
 f  0  0  0  3  0  0  0  0  0  0  0  1   0  -3065.0064    
 f  0  0  4  0  0  0  0  0  0  0  0  0   0   9520.3486    
 f  0  0  0  4  0  0  0  0  0  0  0  1   0  -2129.4960    
 f  0  0  5  0  0  0  0  0  0  0  0  0   0   3164.4804    
 f  0  0  0  5  0  0  0  0  0  0  0  1   0  -1471.5869    
 f  0  0  6  0  0  0  0  0  0  0  0  0   0   2304.0272    
 f  0  0  0  6  0  0  0  0  0  0  0  1   0  -334.21517    
 f  0  0  7  0  0  0  0  0  0  0  0  0   0   899.15112    
 f  0  0  0  7  0  0  0  0  0  0  0  1   0   924.27136    
 f  0  0  0  0  0  2  0  0  0  0  0  0   0   19859.830    
 f  0  0  0  0  0  3  0  0  0  0  0  0   0  -7505.6554    
 f  0  0  0  0  0  4  0  0  0  0  0  0   0  -1311.2849    
 f  0  0  0  0  0  5  0  0  0  0  0  0   0  -332.79229    
 f  0  0  0  0  0  6  0  0  0  0  0  0   0  -394.85493    
 f  0  0  0  0  0  7  0  0  0  0  0  0   0  -532.10818    
 f  0  0  0  0  0  8  0  0  0  0  0  0   0   711.73370    
 f  0  0  0  0  0  0  0  1  0  0  0  1   9         -20311.10    (      11)
 f  0  0  0  0  0  0  2  0  0  0  0  0   9          84720.61    (      33)
 f  0  0  0  0  0  0  0  2  0  0  0  1   9           4331.34    (      62)
 f  0  0  0  0  0  0  3  0  0  0  0  0   8          -12556.0    (      11)
 f  0  0  0  0  0  0  0  3  0  0  0  1   8             701.1    (      30)
 f  0  0  0  0  0  0  4  0  0  0  0  0   7            7636.7    (      44)
 f  0  0  0  0  0  0  0  4  0  0  0  1   7           -3023.1    (      91)
 f  0  0  0  0  0  0  5  0  0  0  0  0   6           -2028.5    (      91)
 f  0  0  0  0  0  0  0  5  0  0  0  1   6             5868.    (      26)
 f  0  0  0  0  0  0  6  0  0  0  0  0   5            -2735.    (      18)
 f  0  0  0  0  0  0  0  6  0  0  0  1   5            -4290.    (      36)
 f  0  0  0  0  0  0  7  0  0  0  0  0   4             3126.    (      22)
 f  0  0  0  0  0  0  0  7  0  0  0  1   4             1628.    (      67)
 f  0  0  0  0  0  0  8  0  0  0  0  0   3            -2058.    (      24)
 f  0  0  0  0  0  0  0  8  0  0  0  1   3              366.    (      60)
------------------------------
*  FITTING OF THE POTENTIAL PARAMETERS TO AB INITIO DATA                        
*                                                                               
*  2016                                                                         
*  C2H6                                                                         
      rCOe                        0          1.41987334
      rOHe                        0          0.95784813
       rCH                        0          1.08904402
      aHOC                        0        108.10770858
      aHCO                        9        108.45879318
        a1                        0          2.16647936
        a2                        0          2.55949120
        b1                        0          1.78266276
 f   0   0   0   0   0   0   0   0   0   0   0   0   9  -25374001.01268637
 f   2   0   0   0   0   0   0   0   0   0   0   0   0      29729.89171151
 f   3   0   0   0   0   0   0   0   0   0   0   0   0       3589.05223686
 f   4   0   0   0   0   0   0   0   0   0   0   0   0       2951.17109114
 f   5   0   0   0   0   0   0   0   0   0   0   0   0       1769.19477278
 f   6   0   0   0   0   0   0   0   0   0   0   0   0       1206.04063285
 f   7   0   0   0   0   0   0   0   0   0   0   0   0        849.26484308
 f   8   0   0   0   0   0   0   0   0   0   0   0   0        338.38027724
 f   0   2   0   0   0   0   0   0   0   0   0   0   0      32142.72741440
 f   0   3   0   0   0   0   0   0   0   0   0   0   0       2653.34522751
 f   0   4   0   0   0   0   0   0   0   0   0   0   0       3096.53446533
 f   0   5   0   0   0   0   0   0   0   0   0   0   0       1742.20599129
 f   0   6   0   0   0   0   0   0   0   0   0   0   0       1245.49108764
 f   0   7   0   0   0   0   0   0   0   0   0   0   0        977.04772884
 f   0   8   0   0   0   0   0   0   0   0   0   0   0        393.48896213
 f   0   0   0   1   0   0   0   0   0   0   0   1   0      -3250.22767830
 f   0   0   2   0   0   0   0   0   0   0   0   0   0     126177.00529996
 f   0   0   0   2   0   0   0   0   0   0   0   1   0      -3834.27993495
 f   0   0   3   0   0   0   0   0   0   0   0   0   0     -10993.76244966
 f   0   0   0   3   0   0   0   0   0   0   0   1   0      -3065.00640425
 f   0   0   4   0   0   0   0   0   0   0   0   0   0       9520.34856488
 f   0   0   0   4   0   0   0   0   0   0   0   1   0      -2129.49604639
 f   0   0   5   0   0   0   0   0   0   0   0   0   0       3164.48043805
 f   0   0   0   5   0   0   0   0   0   0   0   1   0      -1471.58694971
 f   0   0   6   0   0   0   0   0   0   0   0   0   0       2304.02716989
 f   0   0   0   6   0   0   0   0   0   0   0   1   0       -334.21516758
 f   0   0   7   0   0   0   0   0   0   0   0   0   0        899.15111913
 f   0   0   0   7   0   0   0   0   0   0   0   1   0        924.27136284
 f   0   0   0   0   0   2   0   0   0   0   0   0   0      19859.82992506
 f   0   0   0   0   0   3   0   0   0   0   0   0   0      -7505.65539831
 f   0   0   0   0   0   4   0   0   0   0   0   0   0      -1311.28493263
 f   0   0   0   0   0   5   0   0   0   0   0   0   0       -332.79228762
 f   0   0   0   0   0   6   0   0   0   0   0   0   0       -394.85493108
 f   0   0   0   0   0   7   0   0   0   0   0   0   0       -532.10818437
 f   0   0   0   0   0   8   0   0   0   0   0   0   0        711.73369579
 f   0   0   0   0   0   0   0   1   0   0   0   1   9     -20311.10172955
 f   0   0   0   0   0   0   2   0   0   0   0   0   9      84720.61394282
 f   0   0   0   0   0   0   0   2   0   0   0   1   9       4331.33627200
 f   0   0   0   0   0   0   3   0   0   0   0   0   8     -12556.02967836
 f   0   0   0   0   0   0   0   3   0   0   0   1   8        701.06527137
 f   0   0   0   0   0   0   4   0   0   0   0   0   7       7636.69199844
 f   0   0   0   0   0   0   0   4   0   0   0   1   7      -3023.09243372
 f   0   0   0   0   0   0   5   0   0   0   0   0   6      -2028.45775182
 f   0   0   0   0   0   0   0   5   0   0   0   1   6       5867.71153691
 f   0   0   0   0   0   0   6   0   0   0   0   0   5      -2735.49233553
 f   0   0   0   0   0   0   0   6   0   0   0   1   5      -4290.27550626
 f   0   0   0   0   0   0   7   0   0   0   0   0   4       3125.80926126
 f   0   0   0   0   0   0   0   7   0   0   0   1   4       1627.58071442
 f   0   0   0   0   0   0   8   0   0   0   0   0   3      -2058.02261564
 f   0   0   0   0   0   0   0   8   0   0   0   1   3        365.58617151

Correlation coefficients larger than 0.9: 
          corr(   4,   8) =  0.9553896
          corr(   5,   9) =  0.9441481
          corr(   6,  10) =  0.9221656
          corr(   7,  11) =  0.9093016
          corr(   8,  12) =  0.9451075
          corr(   9,  13) =  0.9105614
          corr(  10,  14) =  0.9703736
          corr(  11,  15) =  0.9619730

               --------------------------------------------------------------------------------
               :     old parm   :     new parm   :  delta parm  :   std. err.  : sensitility
               --------------------------------------------------------------------------------
  1  aHCO       :        108.46  :        108.46  :         0.000:         0.000:         0.000:!
  2  f          :  -25374001.01  :  -25374001.01  :         0.000:         0.002:         0.000:!
  3  f          :     -20311.10  :     -20311.10  :        -0.000:         0.108:         0.001:!
  4  f          :      84720.61  :      84720.61  :         0.000:         0.325:         0.001:!
  5  f          :       4331.34  :       4331.34  :         0.000:         0.624:         0.002:!
  6  f          :     -12556.03  :     -12556.03  :         0.000:         1.059:         0.001:!
  7  f          :        701.07  :        701.07  :         0.000:         2.990:         0.003:!
  8  f          :       7636.69  :       7636.69  :        -0.000:         4.416:         0.002:!
  9  f          :      -3023.09  :      -3023.09  :        -0.000:         9.075:         0.006:!
 10  f          :      -2028.46  :      -2028.46  :        -0.000:         9.087:         0.004:!
 11  f          :       5867.71  :       5867.71  :        -0.000:        25.951:         0.010:!
 12  f          :      -2735.49  :      -2735.49  :         0.000:        17.654:         0.008:!
 13  f          :      -4290.28  :      -4290.28  :         0.000:        35.699:         0.019:!
 14  f          :       3125.81  :       3125.81  :         0.000:        22.293:         0.014:!
 15  f          :       1627.58  :       1627.58  :         0.000:        66.991:         0.033:!
 16  f          :      -2058.02  :      -2058.02  :        -0.000:        24.458:         0.025:!
 17  f          :        365.59  :        365.59  :        -0.000:        59.786:         0.057:!
relat_sterr_min,ilow_sterr, tivar:    0.10000000D+21   -1    3
rCOe                               0          1.41987334
rOHe                               0          0.95784813
rCH                                0          1.08904402
aHOC                               0        108.10770858
aHCO                               9        108.45879318
a1                                 0          2.16647936
a2                                 0          2.55949120
b1                                 0          1.78266276
 f   0   0   0   0   0   0   0   0   0   0   0   0   9  -25374001.01268637
 f   2   0   0   0   0   0   0   0   0   0   0   0   0      29729.89171151
 f   3   0   0   0   0   0   0   0   0   0   0   0   0       3589.05223686
 f   4   0   0   0   0   0   0   0   0   0   0   0   0       2951.17109114
 f   5   0   0   0   0   0   0   0   0   0   0   0   0       1769.19477278
 f   6   0   0   0   0   0   0   0   0   0   0   0   0       1206.04063285
 f   7   0   0   0   0   0   0   0   0   0   0   0   0        849.26484308
 f   8   0   0   0   0   0   0   0   0   0   0   0   0        338.38027724
 f   0   2   0   0   0   0   0   0   0   0   0   0   0      32142.72741440
 f   0   3   0   0   0   0   0   0   0   0   0   0   0       2653.34522751
 f   0   4   0   0   0   0   0   0   0   0   0   0   0       3096.53446533
 f   0   5   0   0   0   0   0   0   0   0   0   0   0       1742.20599129
 f   0   6   0   0   0   0   0   0   0   0   0   0   0       1245.49108764
 f   0   7   0   0   0   0   0   0   0   0   0   0   0        977.04772884
 f   0   8   0   0   0   0   0   0   0   0   0   0   0        393.48896213
 f   0   0   0   1   0   0   0   0   0   0   0   1   0      -3250.22767830
 f   0   0   2   0   0   0   0   0   0   0   0   0   0     126177.00529996
 f   0   0   0   2   0   0   0   0   0   0   0   1   0      -3834.27993495
 f   0   0   3   0   0   0   0   0   0   0   0   0   0     -10993.76244966
 f   0   0   0   3   0   0   0   0   0   0   0   1   0      -3065.00640425
 f   0   0   4   0   0   0   0   0   0   0   0   0   0       9520.34856488
 f   0   0   0   4   0   0   0   0   0   0   0   1   0      -2129.49604639
 f   0   0   5   0   0   0   0   0   0   0   0   0   0       3164.48043805
 f   0   0   0   5   0   0   0   0   0   0   0   1   0      -1471.58694971
 f   0   0   6   0   0   0   0   0   0   0   0   0   0       2304.02716989
 f   0   0   0   6   0   0   0   0   0   0   0   1   0       -334.21516758
 f   0   0   7   0   0   0   0   0   0   0   0   0   0        899.15111913
 f   0   0   0   7   0   0   0   0   0   0   0   1   0        924.27136284
 f   0   0   0   0   0   2   0   0   0   0   0   0   0      19859.82992506
 f   0   0   0   0   0   3   0   0   0   0   0   0   0      -7505.65539831
 f   0   0   0   0   0   4   0   0   0   0   0   0   0      -1311.28493263
 f   0   0   0   0   0   5   0   0   0   0   0   0   0       -332.79228762
 f   0   0   0   0   0   6   0   0   0   0   0   0   0       -394.85493108
 f   0   0   0   0   0   7   0   0   0   0   0   0   0       -532.10818437
 f   0   0   0   0   0   8   0   0   0   0   0   0   0        711.73369579
 f   0   0   0   0   0   0   0   1   0   0   0   1   9     -20311.10172955
 f   0   0   0   0   0   0   2   0   0   0   0   0   9      84720.61394282
 f   0   0   0   0   0   0   0   2   0   0   0   1   9       4331.33627200
 f   0   0   0   0   0   0   3   0   0   0   0   0   8     -12556.02967836
 f   0   0   0   0   0   0   0   3   0   0   0   1   8        701.06527137
 f   0   0   0   0   0   0   4   0   0   0   0   0   7       7636.69199844
 f   0   0   0   0   0   0   0   4   0   0   0   1   7      -3023.09243372
 f   0   0   0   0   0   0   5   0   0   0   0   0   6      -2028.45775182
 f   0   0   0   0   0   0   0   5   0   0   0   1   6       5867.71153691
 f   0   0   0   0   0   0   6   0   0   0   0   0   5      -2735.49233553
 f   0   0   0   0   0   0   0   6   0   0   0   1   5      -4290.27550626
 f   0   0   0   0   0   0   7   0   0   0   0   0   4       3125.80926126
 f   0   0   0   0   0   0   0   7   0   0   0   1   4       1627.58071442
 f   0   0   0   0   0   0   8   0   0   0   0   0   3      -2058.02261564
 f   0   0   0   0   0   0   0   8   0   0   0   1   3        365.58617151
relat_sterr_min,ilow_sterr, tivar:    0.10000000D+21   -1    4
rCOe                               0          1.41987334
rOHe                               0          0.95784813
rCH                                0          1.08904402
aHOC                               0        108.10770858
aHCO                               9        108.45879318
a1                                 0          2.16647936
a2                                 0          2.55949120
b1                                 0          1.78266276
 f   0   0   0   0   0   0   0   0   0   0   0   0   9  -25374001.01268637
 f   2   0   0   0   0   0   0   0   0   0   0   0   0      29729.89171151
 f   3   0   0   0   0   0   0   0   0   0   0   0   0       3589.05223686
 f   4   0   0   0   0   0   0   0   0   0   0   0   0       2951.17109114
 f   5   0   0   0   0   0   0   0   0   0   0   0   0       1769.19477278
 f   6   0   0   0   0   0   0   0   0   0   0   0   0       1206.04063285
 f   7   0   0   0   0   0   0   0   0   0   0   0   0        849.26484308
 f   8   0   0   0   0   0   0   0   0   0   0   0   0        338.38027724
 f   0   2   0   0   0   0   0   0   0   0   0   0   0      32142.72741440
 f   0   3   0   0   0   0   0   0   0   0   0   0   0       2653.34522751
 f   0   4   0   0   0   0   0   0   0   0   0   0   0       3096.53446533
 f   0   5   0   0   0   0   0   0   0   0   0   0   0       1742.20599129
 f   0   6   0   0   0   0   0   0   0   0   0   0   0       1245.49108764
 f   0   7   0   0   0   0   0   0   0   0   0   0   0        977.04772884
 f   0   8   0   0   0   0   0   0   0   0   0   0   0        393.48896213
 f   0   0   0   1   0   0   0   0   0   0   0   1   0      -3250.22767830
 f   0   0   2   0   0   0   0   0   0   0   0   0   0     126177.00529996
 f   0   0   0   2   0   0   0   0   0   0   0   1   0      -3834.27993495
 f   0   0   3   0   0   0   0   0   0   0   0   0   0     -10993.76244966
 f   0   0   0   3   0   0   0   0   0   0   0   1   0      -3065.00640425
 f   0   0   4   0   0   0   0   0   0   0   0   0   0       9520.34856488
 f   0   0   0   4   0   0   0   0   0   0   0   1   0      -2129.49604639
 f   0   0   5   0   0   0   0   0   0   0   0   0   0       3164.48043805
 f   0   0   0   5   0   0   0   0   0   0   0   1   0      -1471.58694971
 f   0   0   6   0   0   0   0   0   0   0   0   0   0       2304.02716989
 f   0   0   0   6   0   0   0   0   0   0   0   1   0       -334.21516758
 f   0   0   7   0   0   0   0   0   0   0   0   0   0        899.15111913
 f   0   0   0   7   0   0   0   0   0   0   0   1   0        924.27136284
 f   0   0   0   0   0   2   0   0   0   0   0   0   0      19859.82992506
 f   0   0   0   0   0   3   0   0   0   0   0   0   0      -7505.65539831
 f   0   0   0   0   0   4   0   0   0   0   0   0   0      -1311.28493263
 f   0   0   0   0   0   5   0   0   0   0   0   0   0       -332.79228762
 f   0   0   0   0   0   6   0   0   0   0   0   0   0       -394.85493108
 f   0   0   0   0   0   7   0   0   0   0   0   0   0       -532.10818437
 f   0   0   0   0   0   8   0   0   0   0   0   0   0        711.73369579
 f   0   0   0   0   0   0   0   1   0   0   0   1   9     -20311.10172955
 f   0   0   0   0   0   0   2   0   0   0   0   0   9      84720.61394282
 f   0   0   0   0   0   0   0   2   0   0   0   1   9       4331.33627200
 f   0   0   0   0   0   0   3   0   0   0   0   0   8     -12556.02967836
 f   0   0   0   0   0   0   0   3   0   0   0   1   8        701.06527137
 f   0   0   0   0   0   0   4   0   0   0   0   0   7       7636.69199844
 f   0   0   0   0   0   0   0   4   0   0   0   1   7      -3023.09243372
 f   0   0   0   0   0   0   5   0   0   0   0   0   6      -2028.45775182
 f   0   0   0   0   0   0   0   5   0   0   0   1   6       5867.71153691
 f   0   0   0   0   0   0   6   0   0   0   0   0   5      -2735.49233553
 f   0   0   0   0   0   0   0   6   0   0   0   1   5      -4290.27550626
 f   0   0   0   0   0   0   7   0   0   0   0   0   4       3125.80926126
 f   0   0   0   0   0   0   0   7   0   0   0   1   4       1627.58071442
 f   0   0   0   0   0   0   8   0   0   0   0   0   3      -2058.02261564
 f   0   0   0   0   0   0   0   8   0   0   0   1   3        365.58617151
relat_sterr_min,ilow_sterr, tivar:    0.10000000D+21   -1    5
rCOe                               0          1.41987334
rOHe                               0          0.95784813
rCH                                0          1.08904402
aHOC                               0        108.10770858
aHCO                               9        108.45879318
a1                                 0          2.16647936
a2                                 0          2.55949120
b1                                 0          1.78266276
 f   0   0   0   0   0   0   0   0   0   0   0   0   9  -25374001.01268637
 f   2   0   0   0   0   0   0   0   0   0   0   0   0      29729.89171151
 f   3   0   0   0   0   0   0   0   0   0   0   0   0       3589.05223686
 f   4   0   0   0   0   0   0   0   0   0   0   0   0       2951.17109114
 f   5   0   0   0   0   0   0   0   0   0   0   0   0       1769.19477278
 f   6   0   0   0   0   0   0   0   0   0   0   0   0       1206.04063285
 f   7   0   0   0   0   0   0   0   0   0   0   0   0        849.26484308
 f   8   0   0   0   0   0   0   0   0   0   0   0   0        338.38027724
 f   0   2   0   0   0   0   0   0   0   0   0   0   0      32142.72741440
 f   0   3   0   0   0   0   0   0   0   0   0   0   0       2653.34522751
 f   0   4   0   0   0   0   0   0   0   0   0   0   0       3096.53446533
 f   0   5   0   0   0   0   0   0   0   0   0   0   0       1742.20599129
 f   0   6   0   0   0   0   0   0   0   0   0   0   0       1245.49108764
 f   0   7   0   0   0   0   0   0   0   0   0   0   0        977.04772884
 f   0   8   0   0   0   0   0   0   0   0   0   0   0        393.48896213
 f   0   0   0   1   0   0   0   0   0   0   0   1   0      -3250.22767830
 f   0   0   2   0   0   0   0   0   0   0   0   0   0     126177.00529996
 f   0   0   0   2   0   0   0   0   0   0   0   1   0      -3834.27993495
 f   0   0   3   0   0   0   0   0   0   0   0   0   0     -10993.76244966
 f   0   0   0   3   0   0   0   0   0   0   0   1   0      -3065.00640425
 f   0   0   4   0   0   0   0   0   0   0   0   0   0       9520.34856488
 f   0   0   0   4   0   0   0   0   0   0   0   1   0      -2129.49604639
 f   0   0   5   0   0   0   0   0   0   0   0   0   0       3164.48043805
 f   0   0   0   5   0   0   0   0   0   0   0   1   0      -1471.58694971
 f   0   0   6   0   0   0   0   0   0   0   0   0   0       2304.02716989
 f   0   0   0   6   0   0   0   0   0   0   0   1   0       -334.21516758
 f   0   0   7   0   0   0   0   0   0   0   0   0   0        899.15111913
 f   0   0   0   7   0   0   0   0   0   0   0   1   0        924.27136284
 f   0   0   0   0   0   2   0   0   0   0   0   0   0      19859.82992506
 f   0   0   0   0   0   3   0   0   0   0   0   0   0      -7505.65539831
 f   0   0   0   0   0   4   0   0   0   0   0   0   0      -1311.28493263
 f   0   0   0   0   0   5   0   0   0   0   0   0   0       -332.79228762
 f   0   0   0   0   0   6   0   0   0   0   0   0   0       -394.85493108
 f   0   0   0   0   0   7   0   0   0   0   0   0   0       -532.10818437
 f   0   0   0   0   0   8   0   0   0   0   0   0   0        711.73369579
 f   0   0   0   0   0   0   0   1   0   0   0   1   9     -20311.10172955
 f   0   0   0   0   0   0   2   0   0   0   0   0   9      84720.61394282
 f   0   0   0   0   0   0   0   2   0   0   0   1   9       4331.33627200
 f   0   0   0   0   0   0   3   0   0   0   0   0   8     -12556.02967836
 f   0   0   0   0   0   0   0   3   0   0   0   1   8        701.06527137
 f   0   0   0   0   0   0   4   0   0   0   0   0   7       7636.69199844
 f   0   0   0   0   0   0   0   4   0   0   0   1   7      -3023.09243372
 f   0   0   0   0   0   0   5   0   0   0   0   0   6      -2028.45775182
 f   0   0   0   0   0   0   0   5   0   0   0   1   6       5867.71153691
 f   0   0   0   0   0   0   6   0   0   0   0   0   5      -2735.49233553
 f   0   0   0   0   0   0   0   6   0   0   0   1   5      -4290.27550626
 f   0   0   0   0   0   0   7   0   0   0   0   0   4       3125.80926126
 f   0   0   0   0   0   0   0   7   0   0   0   1   4       1627.58071442
 f   0   0   0   0   0   0   8   0   0   0   0   0   3      -2058.02261564
 f   0   0   0   0   0   0   0   8   0   0   0   1   3        365.58617151
relat_sterr_min,ilow_sterr, tivar:    0.10000000D+21   -1    6
rCOe                               0          1.41987334
rOHe                               0          0.95784813
rCH                                0          1.08904402
aHOC                               0        108.10770858
aHCO                               9        108.45879318
a1                                 0          2.16647936
a2                                 0          2.55949120
b1                                 0          1.78266276
 f   0   0   0   0   0   0   0   0   0   0   0   0   9  -25374001.01268637
 f   2   0   0   0   0   0   0   0   0   0   0   0   0      29729.89171151
 f   3   0   0   0   0   0   0   0   0   0   0   0   0       3589.05223686
 f   4   0   0   0   0   0   0   0   0   0   0   0   0       2951.17109114
 f   5   0   0   0   0   0   0   0   0   0   0   0   0       1769.19477278
 f   6   0   0   0   0   0   0   0   0   0   0   0   0       1206.04063285
 f   7   0   0   0   0   0   0   0   0   0   0   0   0        849.26484308
 f   8   0   0   0   0   0   0   0   0   0   0   0   0        338.38027724
 f   0   2   0   0   0   0   0   0   0   0   0   0   0      32142.72741440
 f   0   3   0   0   0   0   0   0   0   0   0   0   0       2653.34522751
 f   0   4   0   0   0   0   0   0   0   0   0   0   0       3096.53446533
 f   0   5   0   0   0   0   0   0   0   0   0   0   0       1742.20599129
 f   0   6   0   0   0   0   0   0   0   0   0   0   0       1245.49108764
 f   0   7   0   0   0   0   0   0   0   0   0   0   0        977.04772884
 f   0   8   0   0   0   0   0   0   0   0   0   0   0        393.48896213
 f   0   0   0   1   0   0   0   0   0   0   0   1   0      -3250.22767830
 f   0   0   2   0   0   0   0   0   0   0   0   0   0     126177.00529996
 f   0   0   0   2   0   0   0   0   0   0   0   1   0      -3834.27993495
 f   0   0   3   0   0   0   0   0   0   0   0   0   0     -10993.76244966
 f   0   0   0   3   0   0   0   0   0   0   0   1   0      -3065.00640425
 f   0   0   4   0   0   0   0   0   0   0   0   0   0       9520.34856488
 f   0   0   0   4   0   0   0   0   0   0   0   1   0      -2129.49604639
 f   0   0   5   0   0   0   0   0   0   0   0   0   0       3164.48043805
 f   0   0   0   5   0   0   0   0   0   0   0   1   0      -1471.58694971
 f   0   0   6   0   0   0   0   0   0   0   0   0   0       2304.02716989
 f   0   0   0   6   0   0   0   0   0   0   0   1   0       -334.21516758
 f   0   0   7   0   0   0   0   0   0   0   0   0   0        899.15111913
 f   0   0   0   7   0   0   0   0   0   0   0   1   0        924.27136284
 f   0   0   0   0   0   2   0   0   0   0   0   0   0      19859.82992506
 f   0   0   0   0   0   3   0   0   0   0   0   0   0      -7505.65539831
 f   0   0   0   0   0   4   0   0   0   0   0   0   0      -1311.28493263
 f   0   0   0   0   0   5   0   0   0   0   0   0   0       -332.79228762
 f   0   0   0   0   0   6   0   0   0   0   0   0   0       -394.85493108
 f   0   0   0   0   0   7   0   0   0   0   0   0   0       -532.10818437
 f   0   0   0   0   0   8   0   0   0   0   0   0   0        711.73369579
 f   0   0   0   0   0   0   0   1   0   0   0   1   9     -20311.10172955
 f   0   0   0   0   0   0   2   0   0   0   0   0   9      84720.61394282
 f   0   0   0   0   0   0   0   2   0   0   0   1   9       4331.33627200
 f   0   0   0   0   0   0   3   0   0   0   0   0   8     -12556.02967836
 f   0   0   0   0   0   0   0   3   0   0   0   1   8        701.06527137
 f   0   0   0   0   0   0   4   0   0   0   0   0   7       7636.69199844
 f   0   0   0   0   0   0   0   4   0   0   0   1   7      -3023.09243372
 f   0   0   0   0   0   0   5   0   0   0   0   0   6      -2028.45775182
 f   0   0   0   0   0   0   0   5   0   0   0   1   6       5867.71153691
 f   0   0   0   0   0   0   6   0   0   0   0   0   5      -2735.49233553
 f   0   0   0   0   0   0   0   6   0   0   0   1   5      -4290.27550626
 f   0   0   0   0   0   0   7   0   0   0   0   0   4       3125.80926126
 f   0   0   0   0   0   0   0   7   0   0   0   1   4       1627.58071442
 f   0   0   0   0   0   0   8   0   0   0   0   0   3      -2058.02261564
 f   0   0   0   0   0   0   0   8   0   0   0   1   3        365.58617151
relat_sterr_min,ilow_sterr, tivar:    0.10000000D+21   -1    7
rCOe                               0          1.41987334
rOHe                               0          0.95784813
rCH                                0          1.08904402
aHOC                               0        108.10770858
aHCO                               9        108.45879318
a1                                 0          2.16647936
a2                                 0          2.55949120
b1                                 0          1.78266276
 f   0   0   0   0   0   0   0   0   0   0   0   0   9  -25374001.01268637
 f   2   0   0   0   0   0   0   0   0   0   0   0   0      29729.89171151
 f   3   0   0   0   0   0   0   0   0   0   0   0   0       3589.05223686
 f   4   0   0   0   0   0   0   0   0   0   0   0   0       2951.17109114
 f   5   0   0   0   0   0   0   0   0   0   0   0   0       1769.19477278
 f   6   0   0   0   0   0   0   0   0   0   0   0   0       1206.04063285
 f   7   0   0   0   0   0   0   0   0   0   0   0   0        849.26484308
 f   8   0   0   0   0   0   0   0   0   0   0   0   0        338.38027724
 f   0   2   0   0   0   0   0   0   0   0   0   0   0      32142.72741440
 f   0   3   0   0   0   0   0   0   0   0   0   0   0       2653.34522751
 f   0   4   0   0   0   0   0   0   0   0   0   0   0       3096.53446533
 f   0   5   0   0   0   0   0   0   0   0   0   0   0       1742.20599129
 f   0   6   0   0   0   0   0   0   0   0   0   0   0       1245.49108764
 f   0   7   0   0   0   0   0   0   0   0   0   0   0        977.04772884
 f   0   8   0   0   0   0   0   0   0   0   0   0   0        393.48896213
 f   0   0   0   1   0   0   0   0   0   0   0   1   0      -3250.22767830
 f   0   0   2   0   0   0   0   0   0   0   0   0   0     126177.00529996
 f   0   0   0   2   0   0   0   0   0   0   0   1   0      -3834.27993495
 f   0   0   3   0   0   0   0   0   0   0   0   0   0     -10993.76244966
 f   0   0   0   3   0   0   0   0   0   0   0   1   0      -3065.00640425
 f   0   0   4   0   0   0   0   0   0   0   0   0   0       9520.34856488
 f   0   0   0   4   0   0   0   0   0   0   0   1   0      -2129.49604639
 f   0   0   5   0   0   0   0   0   0   0   0   0   0       3164.48043805
 f   0   0   0   5   0   0   0   0   0   0   0   1   0      -1471.58694971
 f   0   0   6   0   0   0   0   0   0   0   0   0   0       2304.02716989
 f   0   0   0   6   0   0   0   0   0   0   0   1   0       -334.21516758
 f   0   0   7   0   0   0   0   0   0   0   0   0   0        899.15111913
 f   0   0   0   7   0   0   0   0   0   0   0   1   0        924.27136284
 f   0   0   0   0   0   2   0   0   0   0   0   0   0      19859.82992506
 f   0   0   0   0   0   3   0   0   0   0   0   0   0      -7505.65539831
 f   0   0   0   0   0   4   0   0   0   0   0   0   0      -1311.28493263
 f   0   0   0   0   0   5   0   0   0   0   0   0   0       -332.79228762
 f   0   0   0   0   0   6   0   0   0   0   0   0   0       -394.85493108
 f   0   0   0   0   0   7   0   0   0   0   0   0   0       -532.10818437
 f   0   0   0   0   0   8   0   0   0   0   0   0   0        711.73369579
 f   0   0   0   0   0   0   0   1   0   0   0   1   9     -20311.10172955
 f   0   0   0   0   0   0   2   0   0   0   0   0   9      84720.61394282
 f   0   0   0   0   0   0   0   2   0   0   0   1   9       4331.33627200
 f   0   0   0   0   0   0   3   0   0   0   0   0   8     -12556.02967836
 f   0   0   0   0   0   0   0   3   0   0   0   1   8        701.06527137
 f   0   0   0   0   0   0   4   0   0   0   0   0   7       7636.69199844
 f   0   0   0   0   0   0   0   4   0   0   0   1   7      -3023.09243372
 f   0   0   0   0   0   0   5   0   0   0   0   0   6      -2028.45775182
 f   0   0   0   0   0   0   0   5   0   0   0   1   6       5867.71153691
 f   0   0   0   0   0   0   6   0   0   0   0   0   5      -2735.49233553
 f   0   0   0   0   0   0   0   6   0   0   0   1   5      -4290.27550626
 f   0   0   0   0   0   0   7   0   0   0   0   0   4       3125.80926126
 f   0   0   0   0   0   0   0   7   0   0   0   1   4       1627.58071442
 f   0   0   0   0   0   0   8   0   0   0   0   0   3      -2058.02261564
 f   0   0   0   0   0   0   0   8   0   0   0   1   3        365.58617151
relat_sterr_min,ilow_sterr, tivar:    0.10000000D+21   -1    8
rCOe                               0          1.41987334
rOHe                               0          0.95784813
rCH                                0          1.08904402
aHOC                               0        108.10770858
aHCO                               9        108.45879318
a1                                 0          2.16647936
a2                                 0          2.55949120
b1                                 0          1.78266276
 f   0   0   0   0   0   0   0   0   0   0   0   0   9  -25374001.01268637
 f   2   0   0   0   0   0   0   0   0   0   0   0   0      29729.89171151
 f   3   0   0   0   0   0   0   0   0   0   0   0   0       3589.05223686
 f   4   0   0   0   0   0   0   0   0   0   0   0   0       2951.17109114
 f   5   0   0   0   0   0   0   0   0   0   0   0   0       1769.19477278
 f   6   0   0   0   0   0   0   0   0   0   0   0   0       1206.04063285
 f   7   0   0   0   0   0   0   0   0   0   0   0   0        849.26484308
 f   8   0   0   0   0   0   0   0   0   0   0   0   0        338.38027724
 f   0   2   0   0   0   0   0   0   0   0   0   0   0      32142.72741440
 f   0   3   0   0   0   0   0   0   0   0   0   0   0       2653.34522751
 f   0   4   0   0   0   0   0   0   0   0   0   0   0       3096.53446533
 f   0   5   0   0   0   0   0   0   0   0   0   0   0       1742.20599129
 f   0   6   0   0   0   0   0   0   0   0   0   0   0       1245.49108764
 f   0   7   0   0   0   0   0   0   0   0   0   0   0        977.04772884
 f   0   8   0   0   0   0   0   0   0   0   0   0   0        393.48896213
 f   0   0   0   1   0   0   0   0   0   0   0   1   0      -3250.22767830
 f   0   0   2   0   0   0   0   0   0   0   0   0   0     126177.00529996
 f   0   0   0   2   0   0   0   0   0   0   0   1   0      -3834.27993495
 f   0   0   3   0   0   0   0   0   0   0   0   0   0     -10993.76244966
 f   0   0   0   3   0   0   0   0   0   0   0   1   0      -3065.00640425
 f   0   0   4   0   0   0   0   0   0   0   0   0   0       9520.34856488
 f   0   0   0   4   0   0   0   0   0   0   0   1   0      -2129.49604639
 f   0   0   5   0   0   0   0   0   0   0   0   0   0       3164.48043805
 f   0   0   0   5   0   0   0   0   0   0   0   1   0      -1471.58694971
 f   0   0   6   0   0   0   0   0   0   0   0   0   0       2304.02716989
 f   0   0   0   6   0   0   0   0   0   0   0   1   0       -334.21516758
 f   0   0   7   0   0   0   0   0   0   0   0   0   0        899.15111913
 f   0   0   0   7   0   0   0   0   0   0   0   1   0        924.27136284
 f   0   0   0   0   0   2   0   0   0   0   0   0   0      19859.82992506
 f   0   0   0   0   0   3   0   0   0   0   0   0   0      -7505.65539831
 f   0   0   0   0   0   4   0   0   0   0   0   0   0      -1311.28493263
 f   0   0   0   0   0   5   0   0   0   0   0   0   0       -332.79228762
 f   0   0   0   0   0   6   0   0   0   0   0   0   0       -394.85493108
 f   0   0   0   0   0   7   0   0   0   0   0   0   0       -532.10818437
 f   0   0   0   0   0   8   0   0   0   0   0   0   0        711.73369579
 f   0   0   0   0   0   0   0   1   0   0   0   1   9     -20311.10172955
 f   0   0   0   0   0   0   2   0   0   0   0   0   9      84720.61394282
 f   0   0   0   0   0   0   0   2   0   0   0   1   9       4331.33627200
 f   0   0   0   0   0   0   3   0   0   0   0   0   8     -12556.02967836
 f   0   0   0   0   0   0   0   3   0   0   0   1   8        701.06527137
 f   0   0   0   0   0   0   4   0   0   0   0   0   7       7636.69199844
 f   0   0   0   0   0   0   0   4   0   0   0   1   7      -3023.09243372
 f   0   0   0   0   0   0   5   0   0   0   0   0   6      -2028.45775182
 f   0   0   0   0   0   0   0   5   0   0   0   1   6       5867.71153691
 f   0   0   0   0   0   0   6   0   0   0   0   0   5      -2735.49233553
 f   0   0   0   0   0   0   0   6   0   0   0   1   5      -4290.27550626
 f   0   0   0   0   0   0   7   0   0   0   0   0   4       3125.80926126
 f   0   0   0   0   0   0   0   7   0   0   0   1   4       1627.58071442
 f   0   0   0   0   0   0   8   0   0   0   0   0   3      -2058.02261564
 f   0   0   0   0   0   0   0   8   0   0   0   1   3        365.58617151

   ------------------------------------------------------------------
   |   iter  |  points |    deviat     |     rms       |  stability  |
   ------------------------------------------------------------------

   -----------------------------------------------------------
   |  param  |  points |   deviat    |    rms      | stability |
   -----------------------------------------------------------
   |    17   |     35  |   0.41495E-02 |  0.12201E+03  |    0.131E-07 |

############################################################################################
