************************************************************************************************************************************
 ************************************************************************************************************************************
 ************************************************************************************************************************************
 ****************                                                                                                    ****************
 ****************          *  FITTING OF THE POTENTIAL PARAMETERS TO AB INITIO DATA                                  ****************
 ****************          *                                                                                         ****************
 ****************          *  2016                                                                                   ****************
 ****************          *  C2H6                                                                                   ****************

 ****************                                                                                                    ****************
 ************************************************************************************************************************************
 ************************************************************************************************************************************
 ************************************************************************************************************************************
 
        12 <= number of degrees of freedom
         5 <= number of bonds
         7 <= number of bond angles
        20 <= number of iterations in the fit
  0.000000 <= The fit is over if the stability is reached 
  0.000010 <= The fit is over if the st.dev. best is reached 
  1.000000 <= sterr parameter out 
  0.000010 <= stdev parameter out 
         1 <= watson robust on (1) or of (0) 
         8 <= number of non-linear parameters
 parameters of structure 
rCOe      =           1.420
rOHe      =           0.958
rCH       =           1.089
aHOC      =         108.108
aHCO      =         108.459
a1        =           2.166
a2        =           2.559
b1        =           1.783
Lowest energy = -115.612182    

   ------------------------------------------------------------------
   |   iter  |  points |    deviat     |     rms       |  stability  |
   ------------------------------------------------------------------
   |     1   |     13  |   0.19620E+03 |  0.29656E+03  |   0.209E+08 |
   |     2   |     13  |   0.21686E+01 |  0.17836E+01  |   0.412E+03 |
   |     3   |     13  |   0.19997E+01 |  0.19095E+01  |   0.476E+00 |
   |     4   |     13  |   0.18740E+01 |  0.18635E+01  |   0.157E+00 |
   |     5   |     13  |   0.18889E+01 |  0.18647E+01  |   0.233E-02 |
   |     6   |     13  |   0.17681E+01 |  0.19511E+01  |   0.313E-01 |
   |     7   |     13  |   0.18019E+01 |  0.19216E+01  |   0.369E-01 |
   |     8   |     13  |   0.17139E+01 |  0.20117E+01  |   0.451E-02 |
   |     9   |     13  |   0.17313E+01 |  0.19905E+01  |   0.369E-01 |
   |    10   |     13  |   0.16937E+01 |  0.20401E+01  |   0.404E-02 |
   |    11   |     13  |   0.16997E+01 |  0.20311E+01  |   0.188E-01 |
   |    12   |     13  |   0.16872E+01 |  0.20503E+01  |   0.273E-02 |
   |    13   |     13  |   0.16891E+01 |  0.20472E+01  |   0.698E-02 |
   |    14   |     13  |   0.16852E+01 |  0.20535E+01  |   0.104E-02 |
   |    15   |     13  |   0.16858E+01 |  0.20526E+01  |   0.226E-02 |
   |    16   |     13  |   0.16846E+01 |  0.20545E+01  |   0.336E-03 |
   |    17   |     13  |   0.16848E+01 |  0.20542E+01  |   0.699E-03 |
   |    18   |     13  |   0.16844E+01 |  0.20548E+01  |   0.104E-03 |
   |    19   |     13  |   0.16845E+01 |  0.20548E+01  |   0.213E-03 |
   |    20   |     13  |   0.16844E+01 |  0.20549E+01  |   0.315E-04 |
   |    21   |     13  |   0.16844E+01 |  0.20549E+01  |   0.644E-04 |

Watson Alpha parameter  0.1000 fitted with rms2 = 


Potential parameters rounded in accord. with their standart errors

rC  0  0  0  0  0  0  0  0  0  0  0  0   0   1.4198733    
rO  0  0  0  0  0  0  0  0  0  0  0  0   0  0.95784813    
rC  0  0  0  0  0  0  0  0  0  0  0  0   0   1.0890440    
aH  0  0  0  0  0  0  0  0  0  0  0  0   0   108.10771    
aH  0  0  0  0  0  0  0  0  0  0  0  0   0   108.45879    
a1  0  0  0  0  0  0  0  0  0  0  0  0   0   2.1664794    
a2  0  0  0  0  0  0  0  0  0  0  0  0   0   2.5594912    
b1  0  0  0  0  0  0  0  0  0  0  0  0   0   1.7826628    
 f  0  0  0  0  0  0  0  0  0  0  0  0   9      -25373748.08    (      47)
 f  0  0  0  0  0  0  0  0  0  0  0  3   9            205.89    (      67)
 f  0  0  0  0  0  0  0  0  0  0  0  6   8             17.49    (      66)
 f  0  0  0  0  0  0  0  0  0  0  0  9   7              7.64    (      66)
 f  0  0  0  0  0  0  0  0  0  0  0 12   6              4.58    (      64)
 f  0  0  0  0  0  0  0  0  0  0  0 15   5              2.98    (      63)
 f  0  0  0  0  0  0  0  0  0  0  0 18   4              2.08    (      63)
 f  0  0  0  0  0  0  0  0  0  0  0 21   3              1.34    (      64)
------------------------------
*  FITTING OF THE POTENTIAL PARAMETERS TO AB INITIO DATA                        
*                                                                               
*  2016                                                                         
*  C2H6                                                                         
      rCOe                        0          1.41987334
      rOHe                        0          0.95784813
       rCH                        0          1.08904402
      aHOC                        0        108.10770858
      aHCO                        0        108.45879318
        a1                        0          2.16647936
        a2                        0          2.55949120
        b1                        0          1.78266276
 f   0   0   0   0   0   0   0   0   0   0   0   0   9  -25373748.07983571
 f   0   0   0   0   0   0   0   0   0   0   0   3   9        205.89294129
 f   0   0   0   0   0   0   0   0   0   0   0   6   8         17.49366674
 f   0   0   0   0   0   0   0   0   0   0   0   9   7          7.64241146
 f   0   0   0   0   0   0   0   0   0   0   0  12   6          4.57931779
 f   0   0   0   0   0   0   0   0   0   0   0  15   5          2.97921073
 f   0   0   0   0   0   0   0   0   0   0   0  18   4          2.07976124
 f   0   0   0   0   0   0   0   0   0   0   0  21   3          1.33930499

Correlation coefficients larger than 0.9: 

               --------------------------------------------------------------------------------
               :     old parm   :     new parm   :  delta parm  :   std. err.  : sensitility
               --------------------------------------------------------------------------------
  1  f          :  -25373748.08  :  -25373748.08  :         0.000:         0.474:         0.021:!
  2  f          :        205.89  :        205.89  :         0.000:         0.675:         0.029:!
  3  f          :         17.49  :         17.49  :         0.000:         0.660:         0.029:!
  4  f          :          7.64  :          7.64  :         0.000:         0.657:         0.029:!
  5  f          :          4.58  :          4.58  :         0.000:         0.642:         0.028:!
  6  f          :          2.98  :          2.98  :         0.000:         0.631:         0.028:!
  7  f          :          2.08  :          2.08  :        -0.000:         0.631:         0.028:!
  8  f          :          1.34  :          1.34  :        -0.000:         0.642:         0.028:!
relat_sterr_min,ilow_sterr, tivar:    0.10000000D+21   -1    3
rCOe                               0          1.41987334
rOHe                               0          0.95784813
rCH                                0          1.08904402
aHOC                               0        108.10770858
aHCO                               0        108.45879318
a1                                 0          2.16647936
a2                                 0          2.55949120
b1                                 0          1.78266276
 f   0   0   0   0   0   0   0   0   0   0   0   0   9  -25373748.07983571
 f   0   0   0   0   0   0   0   0   0   0   0   3   9        205.89294129
 f   0   0   0   0   0   0   0   0   0   0   0   6   8         17.49366674
 f   0   0   0   0   0   0   0   0   0   0   0   9   7          7.64241146
 f   0   0   0   0   0   0   0   0   0   0   0  12   6          4.57931779
 f   0   0   0   0   0   0   0   0   0   0   0  15   5          2.97921073
 f   0   0   0   0   0   0   0   0   0   0   0  18   4          2.07976124
 f   0   0   0   0   0   0   0   0   0   0   0  21   3          1.33930499
relat_sterr_min,ilow_sterr, tivar:    0.10000000D+21   -1    4
rCOe                               0          1.41987334
rOHe                               0          0.95784813
rCH                                0          1.08904402
aHOC                               0        108.10770858
aHCO                               0        108.45879318
a1                                 0          2.16647936
a2                                 0          2.55949120
b1                                 0          1.78266276
 f   0   0   0   0   0   0   0   0   0   0   0   0   9  -25373748.07983571
 f   0   0   0   0   0   0   0   0   0   0   0   3   9        205.89294129
 f   0   0   0   0   0   0   0   0   0   0   0   6   8         17.49366674
 f   0   0   0   0   0   0   0   0   0   0   0   9   7          7.64241146
 f   0   0   0   0   0   0   0   0   0   0   0  12   6          4.57931779
 f   0   0   0   0   0   0   0   0   0   0   0  15   5          2.97921073
 f   0   0   0   0   0   0   0   0   0   0   0  18   4          2.07976124
 f   0   0   0   0   0   0   0   0   0   0   0  21   3          1.33930499
relat_sterr_min,ilow_sterr, tivar:    0.10000000D+21   -1    5
rCOe                               0          1.41987334
rOHe                               0          0.95784813
rCH                                0          1.08904402
aHOC                               0        108.10770858
aHCO                               0        108.45879318
a1                                 0          2.16647936
a2                                 0          2.55949120
b1                                 0          1.78266276
 f   0   0   0   0   0   0   0   0   0   0   0   0   9  -25373748.07983571
 f   0   0   0   0   0   0   0   0   0   0   0   3   9        205.89294129
 f   0   0   0   0   0   0   0   0   0   0   0   6   8         17.49366674
 f   0   0   0   0   0   0   0   0   0   0   0   9   7          7.64241146
 f   0   0   0   0   0   0   0   0   0   0   0  12   6          4.57931779
 f   0   0   0   0   0   0   0   0   0   0   0  15   5          2.97921073
 f   0   0   0   0   0   0   0   0   0   0   0  18   4          2.07976124
 f   0   0   0   0   0   0   0   0   0   0   0  21   3          1.33930499
relat_sterr_min,ilow_sterr, tivar:    0.10000000D+21   -1    6
rCOe                               0          1.41987334
rOHe                               0          0.95784813
rCH                                0          1.08904402
aHOC                               0        108.10770858
aHCO                               0        108.45879318
a1                                 0          2.16647936
a2                                 0          2.55949120
b1                                 0          1.78266276
 f   0   0   0   0   0   0   0   0   0   0   0   0   9  -25373748.07983571
 f   0   0   0   0   0   0   0   0   0   0   0   3   9        205.89294129
 f   0   0   0   0   0   0   0   0   0   0   0   6   8         17.49366674
 f   0   0   0   0   0   0   0   0   0   0   0   9   7          7.64241146
 f   0   0   0   0   0   0   0   0   0   0   0  12   6          4.57931779
 f   0   0   0   0   0   0   0   0   0   0   0  15   5          2.97921073
 f   0   0   0   0   0   0   0   0   0   0   0  18   4          2.07976124
 f   0   0   0   0   0   0   0   0   0   0   0  21   3          1.33930499
relat_sterr_min,ilow_sterr, tivar:    0.10000000D+21   -1    7
rCOe                               0          1.41987334
rOHe                               0          0.95784813
rCH                                0          1.08904402
aHOC                               0        108.10770858
aHCO                               0        108.45879318
a1                                 0          2.16647936
a2                                 0          2.55949120
b1                                 0          1.78266276
 f   0   0   0   0   0   0   0   0   0   0   0   0   9  -25373748.07983571
 f   0   0   0   0   0   0   0   0   0   0   0   3   9        205.89294129
 f   0   0   0   0   0   0   0   0   0   0   0   6   8         17.49366674
 f   0   0   0   0   0   0   0   0   0   0   0   9   7          7.64241146
 f   0   0   0   0   0   0   0   0   0   0   0  12   6          4.57931779
 f   0   0   0   0   0   0   0   0   0   0   0  15   5          2.97921073
 f   0   0   0   0   0   0   0   0   0   0   0  18   4          2.07976124
 f   0   0   0   0   0   0   0   0   0   0   0  21   3          1.33930499
relat_sterr_min,ilow_sterr, tivar:    0.10000000D+21   -1    8
rCOe                               0          1.41987334
rOHe                               0          0.95784813
rCH                                0          1.08904402
aHOC                               0        108.10770858
aHCO                               0        108.45879318
a1                                 0          2.16647936
a2                                 0          2.55949120
b1                                 0          1.78266276
 f   0   0   0   0   0   0   0   0   0   0   0   0   9  -25373748.07983571
 f   0   0   0   0   0   0   0   0   0   0   0   3   9        205.89294129
 f   0   0   0   0   0   0   0   0   0   0   0   6   8         17.49366674
 f   0   0   0   0   0   0   0   0   0   0   0   9   7          7.64241146
 f   0   0   0   0   0   0   0   0   0   0   0  12   6          4.57931779
 f   0   0   0   0   0   0   0   0   0   0   0  15   5          2.97921073
 f   0   0   0   0   0   0   0   0   0   0   0  18   4          2.07976124
 f   0   0   0   0   0   0   0   0   0   0   0  21   3          1.33930499

   ------------------------------------------------------------------
   |   iter  |  points |    deviat     |     rms       |  stability  |
   ------------------------------------------------------------------

   -----------------------------------------------------------
   |  param  |  points |   deviat    |    rms      | stability |
   -----------------------------------------------------------
   |     8   |     13  |   0.16844E+01 |  0.56952E+02  |    0.644E-04 |

############################################################################################
