************************************************************************************************************************************
 ************************************************************************************************************************************
 ************************************************************************************************************************************
 ****************                                                                                                    ****************
 ****************          *  FITTING OF THE POTENTIAL PARAMETERS TO AB INITIO DATA                                  ****************
 ****************          *                                                                                         ****************
 ****************          *  2016                                                                                   ****************
 ****************          *  C2H6                                                                                   ****************

 ****************                                                                                                    ****************
 ************************************************************************************************************************************
 ************************************************************************************************************************************
 ************************************************************************************************************************************
 
        12 <= number of degrees of freedom
         5 <= number of bonds
         7 <= number of bond angles
        20 <= number of iterations in the fit
  0.000000 <= The fit is over if the stability is reached 
  0.000010 <= The fit is over if the st.dev. best is reached 
  1.000000 <= sterr parameter out 
  0.000010 <= stdev parameter out 
         1 <= watson robust on (1) or of (0) 
         8 <= number of non-linear parameters
 parameters of structure 
rCOe      =           1.421
rOHe      =           0.960
rCH       =           1.092
aHOC      =         108.108
aHCO      =         108.459
a1        =           2.166
a2        =           2.559
b1        =           1.783
Lowest energy = -115.612182    

   ------------------------------------------------------------------
   |   iter  |  points |    deviat     |     rms       |  stability  |
   ------------------------------------------------------------------
   |     1   |     13  |   0.17684E+03 |  0.30775E+03  |   0.221E+08 |
   |     2   |     13  |   0.24108E+01 |  0.25034E+01  |   0.314E+03 |
   |     3   |     13  |   0.22397E+01 |  0.25532E+01  |   0.387E+00 |
   |     4   |     13  |   0.22413E+01 |  0.25496E+01  |   0.454E-01 |
   |     5   |     13  |   0.22332E+01 |  0.25516E+01  |   0.169E-01 |
   |     6   |     13  |   0.22238E+01 |  0.25907E+01  |   0.130E-01 |
   |     7   |     13  |   0.22364E+01 |  0.25528E+01  |   0.200E-01 |
   |     8   |     13  |   0.21933E+01 |  0.26540E+01  |   0.152E-01 |
   |     9   |     13  |   0.22347E+01 |  0.25659E+01  |   0.168E-01 |
   |    10   |     13  |   0.21491E+01 |  0.27333E+01  |   0.181E-01 |
   |    11   |     13  |   0.22203E+01 |  0.26028E+01  |   0.295E-03 |
   |    12   |     13  |   0.21109E+01 |  0.28017E+01  |   0.127E-01 |
   |    13   |     13  |   0.21869E+01 |  0.26682E+01  |   0.232E-01 |
   |    14   |     13  |   0.20897E+01 |  0.28431E+01  |   0.113E-02 |
   |    15   |     13  |   0.21421E+01 |  0.27468E+01  |   0.326E-01 |
   |    16   |     13  |   0.20806E+01 |  0.28624E+01  |   0.962E-02 |
   |    17   |     13  |   0.21064E+01 |  0.28109E+01  |   0.244E-01 |
   |    18   |     13  |   0.20772E+01 |  0.28702E+01  |   0.825E-02 |
   |    19   |     13  |   0.20876E+01 |  0.28477E+01  |   0.127E-01 |
   |    20   |     13  |   0.20759E+01 |  0.28731E+01  |   0.429E-02 |
   |    21   |     13  |   0.20798E+01 |  0.28644E+01  |   0.541E-02 |

Watson Alpha parameter  0.1000 fitted with rms2 = 


Potential parameters rounded in accord. with their standart errors

rC  0  0  0  0  0  0  0  0  0  0  0  0   0   1.4207768    
rO  0  0  0  0  0  0  0  0  0  0  0  0   0  0.96013932    
rC  0  0  0  0  0  0  0  0  0  0  0  0   0   1.0917175    
aH  0  0  0  0  0  0  0  0  0  0  0  0   0   108.10771    
aH  0  0  0  0  0  0  0  0  0  0  0  0   0   108.45879    
a1  0  0  0  0  0  0  0  0  0  0  0  0   0   2.1664794    
a2  0  0  0  0  0  0  0  0  0  0  0  0   0   2.5594912    
b1  0  0  0  0  0  0  0  0  0  0  0  0   0   1.7826628    
 f  0  0  0  0  0  0  0  0  0  0  0  0   9      -25373740.58    (      59)
 f  0  0  0  0  0  0  0  0  0  0  0  3   9            217.79    (      84)
 f  0  0  0  0  0  0  0  0  0  0  0  6   8             20.58    (      81)
 f  0  0  0  0  0  0  0  0  0  0  0  9   7              8.96    (      79)
 f  0  0  0  0  0  0  0  0  0  0  0 12   6              5.88    (      80)
 f  0  0  0  0  0  0  0  0  0  0  0 15   5              3.43    (      78)
 f  0  0  0  0  0  0  0  0  0  0  0 18   4              2.60    (      77)
------------------------------
*  FITTING OF THE POTENTIAL PARAMETERS TO AB INITIO DATA                        
*                                                                               
*  2016                                                                         
*  C2H6                                                                         
      rCOe                        0          1.42077677
      rOHe                        0          0.96013932
       rCH                        0          1.09171752
      aHOC                        0        108.10770858
      aHCO                        0        108.45879318
        a1                        0          2.16647936
        a2                        0          2.55949120
        b1                        0          1.78266276
 f   0   0   0   0   0   0   0   0   0   0   0   0   9  -25373740.58431835
 f   0   0   0   0   0   0   0   0   0   0   0   3   9        217.79108659
 f   0   0   0   0   0   0   0   0   0   0   0   6   8         20.58293567
 f   0   0   0   0   0   0   0   0   0   0   0   9   7          8.96046401
 f   0   0   0   0   0   0   0   0   0   0   0  12   6          5.87956186
 f   0   0   0   0   0   0   0   0   0   0   0  15   5          3.42842845
 f   0   0   0   0   0   0   0   0   0   0   0  18   4          2.60083223

Correlation coefficients larger than 0.9: 

               --------------------------------------------------------------------------------
               :     old parm   :     new parm   :  delta parm  :   std. err.  : sensitility
               --------------------------------------------------------------------------------
  1  f          :  -25373740.59  :  -25373740.58  :         0.005:         0.593:         0.030:!
  2  f          :        217.78  :        217.79  :         0.011:         0.844:         0.042:!
  3  f          :         20.57  :         20.58  :         0.012:         0.809:         0.040:!
  4  f          :          8.95  :          8.96  :         0.012:         0.791:         0.040:!
  5  f          :          5.87  :          5.88  :         0.011:         0.797:         0.040:!
  6  f          :          3.42  :          3.43  :         0.008:         0.783:         0.039:!
  7  f          :          2.60  :          2.60  :         0.002:         0.765:         0.038:!
relat_sterr_min,ilow_sterr, tivar:    0.10000000D+21   -1    4
rCOe                               0          1.42077677
rOHe                               0          0.96013932
rCH                                0          1.09171752
aHOC                               0        108.10770858
aHCO                               0        108.45879318
a1                                 0          2.16647936
a2                                 0          2.55949120
b1                                 0          1.78266276
 f   0   0   0   0   0   0   0   0   0   0   0   0   9  -25373740.58431835
 f   0   0   0   0   0   0   0   0   0   0   0   3   9        217.79108659
 f   0   0   0   0   0   0   0   0   0   0   0   6   8         20.58293567
 f   0   0   0   0   0   0   0   0   0   0   0   9   7          8.96046401
 f   0   0   0   0   0   0   0   0   0   0   0  12   6          5.87956186
 f   0   0   0   0   0   0   0   0   0   0   0  15   5          3.42842845
 f   0   0   0   0   0   0   0   0   0   0   0  18   4          2.60083223
relat_sterr_min,ilow_sterr, tivar:    0.10000000D+21   -1    5
rCOe                               0          1.42077677
rOHe                               0          0.96013932
rCH                                0          1.09171752
aHOC                               0        108.10770858
aHCO                               0        108.45879318
a1                                 0          2.16647936
a2                                 0          2.55949120
b1                                 0          1.78266276
 f   0   0   0   0   0   0   0   0   0   0   0   0   9  -25373740.58431835
 f   0   0   0   0   0   0   0   0   0   0   0   3   9        217.79108659
 f   0   0   0   0   0   0   0   0   0   0   0   6   8         20.58293567
 f   0   0   0   0   0   0   0   0   0   0   0   9   7          8.96046401
 f   0   0   0   0   0   0   0   0   0   0   0  12   6          5.87956186
 f   0   0   0   0   0   0   0   0   0   0   0  15   5          3.42842845
 f   0   0   0   0   0   0   0   0   0   0   0  18   4          2.60083223
relat_sterr_min,ilow_sterr, tivar:    0.10000000D+21   -1    6
rCOe                               0          1.42077677
rOHe                               0          0.96013932
rCH                                0          1.09171752
aHOC                               0        108.10770858
aHCO                               0        108.45879318
a1                                 0          2.16647936
a2                                 0          2.55949120
b1                                 0          1.78266276
 f   0   0   0   0   0   0   0   0   0   0   0   0   9  -25373740.58431835
 f   0   0   0   0   0   0   0   0   0   0   0   3   9        217.79108659
 f   0   0   0   0   0   0   0   0   0   0   0   6   8         20.58293567
 f   0   0   0   0   0   0   0   0   0   0   0   9   7          8.96046401
 f   0   0   0   0   0   0   0   0   0   0   0  12   6          5.87956186
 f   0   0   0   0   0   0   0   0   0   0   0  15   5          3.42842845
 f   0   0   0   0   0   0   0   0   0   0   0  18   4          2.60083223
relat_sterr_min,ilow_sterr, tivar:    0.10000000D+21   -1    7
rCOe                               0          1.42077677
rOHe                               0          0.96013932
rCH                                0          1.09171752
aHOC                               0        108.10770858
aHCO                               0        108.45879318
a1                                 0          2.16647936
a2                                 0          2.55949120
b1                                 0          1.78266276
 f   0   0   0   0   0   0   0   0   0   0   0   0   9  -25373740.58431835
 f   0   0   0   0   0   0   0   0   0   0   0   3   9        217.79108659
 f   0   0   0   0   0   0   0   0   0   0   0   6   8         20.58293567
 f   0   0   0   0   0   0   0   0   0   0   0   9   7          8.96046401
 f   0   0   0   0   0   0   0   0   0   0   0  12   6          5.87956186
 f   0   0   0   0   0   0   0   0   0   0   0  15   5          3.42842845
 f   0   0   0   0   0   0   0   0   0   0   0  18   4          2.60083223
relat_sterr_min,ilow_sterr, tivar:    0.10000000D+21   -1    8
rCOe                               0          1.42077677
rOHe                               0          0.96013932
rCH                                0          1.09171752
aHOC                               0        108.10770858
aHCO                               0        108.45879318
a1                                 0          2.16647936
a2                                 0          2.55949120
b1                                 0          1.78266276
 f   0   0   0   0   0   0   0   0   0   0   0   0   9  -25373740.58431835
 f   0   0   0   0   0   0   0   0   0   0   0   3   9        217.79108659
 f   0   0   0   0   0   0   0   0   0   0   0   6   8         20.58293567
 f   0   0   0   0   0   0   0   0   0   0   0   9   7          8.96046401
 f   0   0   0   0   0   0   0   0   0   0   0  12   6          5.87956186
 f   0   0   0   0   0   0   0   0   0   0   0  15   5          3.42842845
 f   0   0   0   0   0   0   0   0   0   0   0  18   4          2.60083223

   ------------------------------------------------------------------
   |   iter  |  points |    deviat     |     rms       |  stability  |
   ------------------------------------------------------------------

   -----------------------------------------------------------
   |  param  |  points |   deviat    |    rms      | stability |
   -----------------------------------------------------------
   |     7   |     13  |   0.20798E+01 |  0.11025E+03  |    0.541E-02 |

############################################################################################
