************************************************************************************************************************************
 ************************************************************************************************************************************
 ************************************************************************************************************************************
 ****************                                                                                                    ****************
 ****************          *  FITTING OF THE POTENTIAL PARAMETERS TO AB INITIO DATA                                  ****************
 ****************          *                                                                                         ****************
 ****************          *  2016                                                                                   ****************
 ****************          *  C2H6                                                                                   ****************

 ****************                                                                                                    ****************
 ************************************************************************************************************************************
 ************************************************************************************************************************************
 ************************************************************************************************************************************
 
        12 <= number of degrees of freedom
         5 <= number of bonds
         7 <= number of bond angles
        20 <= number of iterations in the fit
  0.000000 <= The fit is over if the stability is reached 
  0.000010 <= The fit is over if the st.dev. best is reached 
  1.000000 <= sterr parameter out 
  0.000010 <= stdev parameter out 
         1 <= watson robust on (1) or of (0) 
         8 <= number of non-linear parameters
 parameters of structure 
rCOe      =           1.420
rOHe      =           0.958
rCH       =           1.089
aHOC      =         108.108
aHCO      =         111.848
a1        =           2.166
a2        =           2.559
b1        =           1.783
Lowest energy = -115.612182    

   ------------------------------------------------------------------
   |   iter  |  points |    deviat     |     rms       |  stability  |
   ------------------------------------------------------------------
   |     1   |     18  |   0.78965E-01 |  0.43783E+02  |   0.466E+10 |
   |     2   |     18  |   0.16426E-01 |  0.11307E+00  |   0.130E+03 |
   |     3   |     18  |   0.19845E-02 |  0.10956E+01  |   0.728E+01 |
   |     4   |     18  |   0.19845E-02 |  0.10956E+01  |   0.832E-05 |
   |     5   |     18  |   0.19845E-02 |  0.10956E+01  |   0.396E-07 |
   |     6   |     18  |   0.19845E-02 |  0.10956E+01  |   0.617E-07 |
   |     7   |     18  |   0.19845E-02 |  0.10956E+01  |   0.172E-06 |
   |     8   |     18  |   0.19845E-02 |  0.10956E+01  |   0.256E-07 |
   |     9   |     18  |   0.19845E-02 |  0.10956E+01  |   0.803E-07 |
   |    10   |     18  |   0.19845E-02 |  0.10956E+01  |   0.251E-07 |
   |    11   |     18  |   0.19845E-02 |  0.10956E+01  |   0.161E-06 |
   |    12   |     18  |   0.19845E-02 |  0.10956E+01  |   0.606E-07 |
   |    13   |     18  |   0.19845E-02 |  0.10956E+01  |   0.137E-06 |
   |    14   |     18  |   0.19845E-02 |  0.10956E+01  |   0.778E-07 |
   |    15   |     18  |   0.19845E-02 |  0.10956E+01  |   0.635E-07 |
   |    16   |     18  |   0.19845E-02 |  0.10956E+01  |   0.863E-07 |
   |    17   |     18  |   0.19845E-02 |  0.10956E+01  |   0.147E-06 |
   |    18   |     18  |   0.19845E-02 |  0.10956E+01  |   0.419E-06 |
   |    19   |     18  |   0.19845E-02 |  0.10956E+01  |   0.252E-06 |
   |    20   |     18  |   0.19845E-02 |  0.10956E+01  |   0.141E-06 |
   |    21   |     18  |   0.19845E-02 |  0.10956E+01  |   0.101E-06 |

Watson Alpha parameter  0.1000 fitted with rms2 = 


Potential parameters rounded in accord. with their standart errors

rC  0  0  0  0  0  0  0  0  0  0  0  0   0   1.4198733    
rO  0  0  0  0  0  0  0  0  0  0  0  0   0  0.95784813    
rC  0  0  0  0  0  0  0  0  0  0  0  0   0   1.0890440    
aH  0  0  0  0  0  0  0  0  0  0  0  0   0   108.10771    
aH  0  0  0  0  0  0  0  0  0  0  0  0   9       111.8478078    (      81)
a1  0  0  0  0  0  0  0  0  0  0  0  0   0   2.1664794    
a2  0  0  0  0  0  0  0  0  0  0  0  0   0   2.5594912    
b1  0  0  0  0  0  0  0  0  0  0  0  0   0   1.7826628    
 f  0  0  0  0  0  0  0  0  0  0  0  0   9    -25374133.7596    (      13)
 f  2  0  0  0  0  0  0  0  0  0  0  0   0   29729.892    
 f  3  0  0  0  0  0  0  0  0  0  0  0   0   3589.0522    
 f  4  0  0  0  0  0  0  0  0  0  0  0   0   2951.1711    
 f  5  0  0  0  0  0  0  0  0  0  0  0   0   1769.1948    
 f  6  0  0  0  0  0  0  0  0  0  0  0   0   1206.0406    
 f  7  0  0  0  0  0  0  0  0  0  0  0   0   849.26484    
 f  8  0  0  0  0  0  0  0  0  0  0  0   0   338.38028    
 f  0  2  0  0  0  0  0  0  0  0  0  0   0   32142.727    
 f  0  3  0  0  0  0  0  0  0  0  0  0   0   2653.3452    
 f  0  4  0  0  0  0  0  0  0  0  0  0   0   3096.5345    
 f  0  5  0  0  0  0  0  0  0  0  0  0   0   1742.2060    
 f  0  6  0  0  0  0  0  0  0  0  0  0   0   1245.4911    
 f  0  7  0  0  0  0  0  0  0  0  0  0   0   977.04773    
 f  0  8  0  0  0  0  0  0  0  0  0  0   0   393.48896    
 f  0  0  0  1  0  0  0  0  0  0  0  1   0  -3250.2277    
 f  0  0  2  0  0  0  0  0  0  0  0  0   0   126177.01    
 f  0  0  0  2  0  0  0  0  0  0  0  1   0  -3834.2799    
 f  0  0  3  0  0  0  0  0  0  0  0  0   0  -10993.762    
 f  0  0  0  3  0  0  0  0  0  0  0  1   0  -3065.0064    
 f  0  0  4  0  0  0  0  0  0  0  0  0   0   9520.3486    
 f  0  0  0  4  0  0  0  0  0  0  0  1   0  -2129.4960    
 f  0  0  5  0  0  0  0  0  0  0  0  0   0   3164.4804    
 f  0  0  0  5  0  0  0  0  0  0  0  1   0  -1471.5869    
 f  0  0  6  0  0  0  0  0  0  0  0  0   0   2304.0272    
 f  0  0  0  6  0  0  0  0  0  0  0  1   0  -334.21517    
 f  0  0  7  0  0  0  0  0  0  0  0  0   0   899.15112    
 f  0  0  0  7  0  0  0  0  0  0  0  1   0   924.27136    
 f  0  0  0  0  0  2  0  0  0  0  0  0   0   19859.830    
 f  0  0  0  0  0  3  0  0  0  0  0  0   0  -7505.6554    
 f  0  0  0  0  0  4  0  0  0  0  0  0   0  -1311.2849    
 f  0  0  0  0  0  5  0  0  0  0  0  0   0  -332.79229    
 f  0  0  0  0  0  6  0  0  0  0  0  0   0  -394.85493    
 f  0  0  0  0  0  7  0  0  0  0  0  0   0  -532.10818    
 f  0  0  0  0  0  8  0  0  0  0  0  0   0   711.73370    
 f  0  0  0  0  0  0  2  0  0  0  0  0   9          84850.07    (      22)
 f  0  0  0  0  0  0  3  0  0  0  0  0   8         -10743.21    (      69)
 f  0  0  0  0  0  0  4  0  0  0  0  0   7            6163.5    (      28)
 f  0  0  0  0  0  0  5  0  0  0  0  0   6            -559.0    (      61)
 f  0  0  0  0  0  0  6  0  0  0  0  0   5            -3432.    (      11)
 f  0  0  0  0  0  0  7  0  0  0  0  0   4             3052.    (      14)
 f  0  0  0  0  0  0  8  0  0  0  0  0   3            -1876.    (      16)
------------------------------
*  FITTING OF THE POTENTIAL PARAMETERS TO AB INITIO DATA                        
*                                                                               
*  2016                                                                         
*  C2H6                                                                         
      rCOe                        0          1.41987334
      rOHe                        0          0.95784813
       rCH                        0          1.08904402
      aHOC                        0        108.10770858
      aHCO                        9        111.84780776
        a1                        0          2.16647936
        a2                        0          2.55949120
        b1                        0          1.78266276
 f   0   0   0   0   0   0   0   0   0   0   0   0   9  -25374133.75962618
 f   2   0   0   0   0   0   0   0   0   0   0   0   0      29729.89171151
 f   3   0   0   0   0   0   0   0   0   0   0   0   0       3589.05223686
 f   4   0   0   0   0   0   0   0   0   0   0   0   0       2951.17109114
 f   5   0   0   0   0   0   0   0   0   0   0   0   0       1769.19477278
 f   6   0   0   0   0   0   0   0   0   0   0   0   0       1206.04063285
 f   7   0   0   0   0   0   0   0   0   0   0   0   0        849.26484308
 f   8   0   0   0   0   0   0   0   0   0   0   0   0        338.38027724
 f   0   2   0   0   0   0   0   0   0   0   0   0   0      32142.72741440
 f   0   3   0   0   0   0   0   0   0   0   0   0   0       2653.34522751
 f   0   4   0   0   0   0   0   0   0   0   0   0   0       3096.53446533
 f   0   5   0   0   0   0   0   0   0   0   0   0   0       1742.20599129
 f   0   6   0   0   0   0   0   0   0   0   0   0   0       1245.49108764
 f   0   7   0   0   0   0   0   0   0   0   0   0   0        977.04772884
 f   0   8   0   0   0   0   0   0   0   0   0   0   0        393.48896213
 f   0   0   0   1   0   0   0   0   0   0   0   1   0      -3250.22767830
 f   0   0   2   0   0   0   0   0   0   0   0   0   0     126177.00529996
 f   0   0   0   2   0   0   0   0   0   0   0   1   0      -3834.27993495
 f   0   0   3   0   0   0   0   0   0   0   0   0   0     -10993.76244966
 f   0   0   0   3   0   0   0   0   0   0   0   1   0      -3065.00640425
 f   0   0   4   0   0   0   0   0   0   0   0   0   0       9520.34856488
 f   0   0   0   4   0   0   0   0   0   0   0   1   0      -2129.49604639
 f   0   0   5   0   0   0   0   0   0   0   0   0   0       3164.48043805
 f   0   0   0   5   0   0   0   0   0   0   0   1   0      -1471.58694971
 f   0   0   6   0   0   0   0   0   0   0   0   0   0       2304.02716989
 f   0   0   0   6   0   0   0   0   0   0   0   1   0       -334.21516758
 f   0   0   7   0   0   0   0   0   0   0   0   0   0        899.15111913
 f   0   0   0   7   0   0   0   0   0   0   0   1   0        924.27136284
 f   0   0   0   0   0   2   0   0   0   0   0   0   0      19859.82992506
 f   0   0   0   0   0   3   0   0   0   0   0   0   0      -7505.65539831
 f   0   0   0   0   0   4   0   0   0   0   0   0   0      -1311.28493263
 f   0   0   0   0   0   5   0   0   0   0   0   0   0       -332.79228762
 f   0   0   0   0   0   6   0   0   0   0   0   0   0       -394.85493108
 f   0   0   0   0   0   7   0   0   0   0   0   0   0       -532.10818437
 f   0   0   0   0   0   8   0   0   0   0   0   0   0        711.73369579
 f   0   0   0   0   0   0   2   0   0   0   0   0   9      84850.07091738
 f   0   0   0   0   0   0   3   0   0   0   0   0   8     -10743.21146817
 f   0   0   0   0   0   0   4   0   0   0   0   0   7       6163.47853521
 f   0   0   0   0   0   0   5   0   0   0   0   0   6       -559.03069281
 f   0   0   0   0   0   0   6   0   0   0   0   0   5      -3432.42495283
 f   0   0   0   0   0   0   7   0   0   0   0   0   4       3052.33397595
 f   0   0   0   0   0   0   8   0   0   0   0   0   3      -1875.78864025

Correlation coefficients larger than 0.9: 
          corr(   3,   5) =  0.9603874
          corr(   4,   6) =  0.9433704
          corr(   5,   7) =  0.9363693
          corr(   6,   8) =  0.9869979

               --------------------------------------------------------------------------------
               :     old parm   :     new parm   :  delta parm  :   std. err.  : sensitility
               --------------------------------------------------------------------------------
  1  aHCO       :        111.85  :        111.85  :        -0.000:         0.000:         0.000:!
  2  f          :  -25374133.76  :  -25374133.76  :         0.000:         0.001:         0.000:!
  3  f          :      84850.07  :      84850.07  :        -0.000:         0.217:         0.001:!
  4  f          :     -10743.21  :     -10743.21  :        -0.000:         0.694:         0.001:!
  5  f          :       6163.48  :       6163.48  :         0.000:         2.799:         0.002:!
  6  f          :       -559.03  :       -559.03  :         0.000:         6.054:         0.005:!
  7  f          :      -3432.42  :      -3432.42  :        -0.000:        11.036:         0.009:!
  8  f          :       3052.33  :       3052.33  :        -0.000:        14.156:         0.017:!
  9  f          :      -1875.79  :      -1875.79  :         0.000:        15.742:         0.031:!
relat_sterr_min,ilow_sterr, tivar:    0.10000000D+21   -1    3
rCOe                               0          1.41987334
rOHe                               0          0.95784813
rCH                                0          1.08904402
aHOC                               0        108.10770858
aHCO                               9        111.84780776
a1                                 0          2.16647936
a2                                 0          2.55949120
b1                                 0          1.78266276
 f   0   0   0   0   0   0   0   0   0   0   0   0   9  -25374133.75962618
 f   2   0   0   0   0   0   0   0   0   0   0   0   0      29729.89171151
 f   3   0   0   0   0   0   0   0   0   0   0   0   0       3589.05223686
 f   4   0   0   0   0   0   0   0   0   0   0   0   0       2951.17109114
 f   5   0   0   0   0   0   0   0   0   0   0   0   0       1769.19477278
 f   6   0   0   0   0   0   0   0   0   0   0   0   0       1206.04063285
 f   7   0   0   0   0   0   0   0   0   0   0   0   0        849.26484308
 f   8   0   0   0   0   0   0   0   0   0   0   0   0        338.38027724
 f   0   2   0   0   0   0   0   0   0   0   0   0   0      32142.72741440
 f   0   3   0   0   0   0   0   0   0   0   0   0   0       2653.34522751
 f   0   4   0   0   0   0   0   0   0   0   0   0   0       3096.53446533
 f   0   5   0   0   0   0   0   0   0   0   0   0   0       1742.20599129
 f   0   6   0   0   0   0   0   0   0   0   0   0   0       1245.49108764
 f   0   7   0   0   0   0   0   0   0   0   0   0   0        977.04772884
 f   0   8   0   0   0   0   0   0   0   0   0   0   0        393.48896213
 f   0   0   0   1   0   0   0   0   0   0   0   1   0      -3250.22767830
 f   0   0   2   0   0   0   0   0   0   0   0   0   0     126177.00529996
 f   0   0   0   2   0   0   0   0   0   0   0   1   0      -3834.27993495
 f   0   0   3   0   0   0   0   0   0   0   0   0   0     -10993.76244966
 f   0   0   0   3   0   0   0   0   0   0   0   1   0      -3065.00640425
 f   0   0   4   0   0   0   0   0   0   0   0   0   0       9520.34856488
 f   0   0   0   4   0   0   0   0   0   0   0   1   0      -2129.49604639
 f   0   0   5   0   0   0   0   0   0   0   0   0   0       3164.48043805
 f   0   0   0   5   0   0   0   0   0   0   0   1   0      -1471.58694971
 f   0   0   6   0   0   0   0   0   0   0   0   0   0       2304.02716989
 f   0   0   0   6   0   0   0   0   0   0   0   1   0       -334.21516758
 f   0   0   7   0   0   0   0   0   0   0   0   0   0        899.15111913
 f   0   0   0   7   0   0   0   0   0   0   0   1   0        924.27136284
 f   0   0   0   0   0   2   0   0   0   0   0   0   0      19859.82992506
 f   0   0   0   0   0   3   0   0   0   0   0   0   0      -7505.65539831
 f   0   0   0   0   0   4   0   0   0   0   0   0   0      -1311.28493263
 f   0   0   0   0   0   5   0   0   0   0   0   0   0       -332.79228762
 f   0   0   0   0   0   6   0   0   0   0   0   0   0       -394.85493108
 f   0   0   0   0   0   7   0   0   0   0   0   0   0       -532.10818437
 f   0   0   0   0   0   8   0   0   0   0   0   0   0        711.73369579
 f   0   0   0   0   0   0   2   0   0   0   0   0   9      84850.07091738
 f   0   0   0   0   0   0   3   0   0   0   0   0   8     -10743.21146817
 f   0   0   0   0   0   0   4   0   0   0   0   0   7       6163.47853521
 f   0   0   0   0   0   0   5   0   0   0   0   0   6       -559.03069281
 f   0   0   0   0   0   0   6   0   0   0   0   0   5      -3432.42495283
 f   0   0   0   0   0   0   7   0   0   0   0   0   4       3052.33397595
 f   0   0   0   0   0   0   8   0   0   0   0   0   3      -1875.78864025
relat_sterr_min,ilow_sterr, tivar:    0.10000000D+21   -1    4
rCOe                               0          1.41987334
rOHe                               0          0.95784813
rCH                                0          1.08904402
aHOC                               0        108.10770858
aHCO                               9        111.84780776
a1                                 0          2.16647936
a2                                 0          2.55949120
b1                                 0          1.78266276
 f   0   0   0   0   0   0   0   0   0   0   0   0   9  -25374133.75962618
 f   2   0   0   0   0   0   0   0   0   0   0   0   0      29729.89171151
 f   3   0   0   0   0   0   0   0   0   0   0   0   0       3589.05223686
 f   4   0   0   0   0   0   0   0   0   0   0   0   0       2951.17109114
 f   5   0   0   0   0   0   0   0   0   0   0   0   0       1769.19477278
 f   6   0   0   0   0   0   0   0   0   0   0   0   0       1206.04063285
 f   7   0   0   0   0   0   0   0   0   0   0   0   0        849.26484308
 f   8   0   0   0   0   0   0   0   0   0   0   0   0        338.38027724
 f   0   2   0   0   0   0   0   0   0   0   0   0   0      32142.72741440
 f   0   3   0   0   0   0   0   0   0   0   0   0   0       2653.34522751
 f   0   4   0   0   0   0   0   0   0   0   0   0   0       3096.53446533
 f   0   5   0   0   0   0   0   0   0   0   0   0   0       1742.20599129
 f   0   6   0   0   0   0   0   0   0   0   0   0   0       1245.49108764
 f   0   7   0   0   0   0   0   0   0   0   0   0   0        977.04772884
 f   0   8   0   0   0   0   0   0   0   0   0   0   0        393.48896213
 f   0   0   0   1   0   0   0   0   0   0   0   1   0      -3250.22767830
 f   0   0   2   0   0   0   0   0   0   0   0   0   0     126177.00529996
 f   0   0   0   2   0   0   0   0   0   0   0   1   0      -3834.27993495
 f   0   0   3   0   0   0   0   0   0   0   0   0   0     -10993.76244966
 f   0   0   0   3   0   0   0   0   0   0   0   1   0      -3065.00640425
 f   0   0   4   0   0   0   0   0   0   0   0   0   0       9520.34856488
 f   0   0   0   4   0   0   0   0   0   0   0   1   0      -2129.49604639
 f   0   0   5   0   0   0   0   0   0   0   0   0   0       3164.48043805
 f   0   0   0   5   0   0   0   0   0   0   0   1   0      -1471.58694971
 f   0   0   6   0   0   0   0   0   0   0   0   0   0       2304.02716989
 f   0   0   0   6   0   0   0   0   0   0   0   1   0       -334.21516758
 f   0   0   7   0   0   0   0   0   0   0   0   0   0        899.15111913
 f   0   0   0   7   0   0   0   0   0   0   0   1   0        924.27136284
 f   0   0   0   0   0   2   0   0   0   0   0   0   0      19859.82992506
 f   0   0   0   0   0   3   0   0   0   0   0   0   0      -7505.65539831
 f   0   0   0   0   0   4   0   0   0   0   0   0   0      -1311.28493263
 f   0   0   0   0   0   5   0   0   0   0   0   0   0       -332.79228762
 f   0   0   0   0   0   6   0   0   0   0   0   0   0       -394.85493108
 f   0   0   0   0   0   7   0   0   0   0   0   0   0       -532.10818437
 f   0   0   0   0   0   8   0   0   0   0   0   0   0        711.73369579
 f   0   0   0   0   0   0   2   0   0   0   0   0   9      84850.07091738
 f   0   0   0   0   0   0   3   0   0   0   0   0   8     -10743.21146817
 f   0   0   0   0   0   0   4   0   0   0   0   0   7       6163.47853521
 f   0   0   0   0   0   0   5   0   0   0   0   0   6       -559.03069281
 f   0   0   0   0   0   0   6   0   0   0   0   0   5      -3432.42495283
 f   0   0   0   0   0   0   7   0   0   0   0   0   4       3052.33397595
 f   0   0   0   0   0   0   8   0   0   0   0   0   3      -1875.78864025
relat_sterr_min,ilow_sterr, tivar:    0.10000000D+21   -1    5
rCOe                               0          1.41987334
rOHe                               0          0.95784813
rCH                                0          1.08904402
aHOC                               0        108.10770858
aHCO                               9        111.84780776
a1                                 0          2.16647936
a2                                 0          2.55949120
b1                                 0          1.78266276
 f   0   0   0   0   0   0   0   0   0   0   0   0   9  -25374133.75962618
 f   2   0   0   0   0   0   0   0   0   0   0   0   0      29729.89171151
 f   3   0   0   0   0   0   0   0   0   0   0   0   0       3589.05223686
 f   4   0   0   0   0   0   0   0   0   0   0   0   0       2951.17109114
 f   5   0   0   0   0   0   0   0   0   0   0   0   0       1769.19477278
 f   6   0   0   0   0   0   0   0   0   0   0   0   0       1206.04063285
 f   7   0   0   0   0   0   0   0   0   0   0   0   0        849.26484308
 f   8   0   0   0   0   0   0   0   0   0   0   0   0        338.38027724
 f   0   2   0   0   0   0   0   0   0   0   0   0   0      32142.72741440
 f   0   3   0   0   0   0   0   0   0   0   0   0   0       2653.34522751
 f   0   4   0   0   0   0   0   0   0   0   0   0   0       3096.53446533
 f   0   5   0   0   0   0   0   0   0   0   0   0   0       1742.20599129
 f   0   6   0   0   0   0   0   0   0   0   0   0   0       1245.49108764
 f   0   7   0   0   0   0   0   0   0   0   0   0   0        977.04772884
 f   0   8   0   0   0   0   0   0   0   0   0   0   0        393.48896213
 f   0   0   0   1   0   0   0   0   0   0   0   1   0      -3250.22767830
 f   0   0   2   0   0   0   0   0   0   0   0   0   0     126177.00529996
 f   0   0   0   2   0   0   0   0   0   0   0   1   0      -3834.27993495
 f   0   0   3   0   0   0   0   0   0   0   0   0   0     -10993.76244966
 f   0   0   0   3   0   0   0   0   0   0   0   1   0      -3065.00640425
 f   0   0   4   0   0   0   0   0   0   0   0   0   0       9520.34856488
 f   0   0   0   4   0   0   0   0   0   0   0   1   0      -2129.49604639
 f   0   0   5   0   0   0   0   0   0   0   0   0   0       3164.48043805
 f   0   0   0   5   0   0   0   0   0   0   0   1   0      -1471.58694971
 f   0   0   6   0   0   0   0   0   0   0   0   0   0       2304.02716989
 f   0   0   0   6   0   0   0   0   0   0   0   1   0       -334.21516758
 f   0   0   7   0   0   0   0   0   0   0   0   0   0        899.15111913
 f   0   0   0   7   0   0   0   0   0   0   0   1   0        924.27136284
 f   0   0   0   0   0   2   0   0   0   0   0   0   0      19859.82992506
 f   0   0   0   0   0   3   0   0   0   0   0   0   0      -7505.65539831
 f   0   0   0   0   0   4   0   0   0   0   0   0   0      -1311.28493263
 f   0   0   0   0   0   5   0   0   0   0   0   0   0       -332.79228762
 f   0   0   0   0   0   6   0   0   0   0   0   0   0       -394.85493108
 f   0   0   0   0   0   7   0   0   0   0   0   0   0       -532.10818437
 f   0   0   0   0   0   8   0   0   0   0   0   0   0        711.73369579
 f   0   0   0   0   0   0   2   0   0   0   0   0   9      84850.07091738
 f   0   0   0   0   0   0   3   0   0   0   0   0   8     -10743.21146817
 f   0   0   0   0   0   0   4   0   0   0   0   0   7       6163.47853521
 f   0   0   0   0   0   0   5   0   0   0   0   0   6       -559.03069281
 f   0   0   0   0   0   0   6   0   0   0   0   0   5      -3432.42495283
 f   0   0   0   0   0   0   7   0   0   0   0   0   4       3052.33397595
 f   0   0   0   0   0   0   8   0   0   0   0   0   3      -1875.78864025
relat_sterr_min,ilow_sterr, tivar:    0.10000000D+21   -1    6
rCOe                               0          1.41987334
rOHe                               0          0.95784813
rCH                                0          1.08904402
aHOC                               0        108.10770858
aHCO                               9        111.84780776
a1                                 0          2.16647936
a2                                 0          2.55949120
b1                                 0          1.78266276
 f   0   0   0   0   0   0   0   0   0   0   0   0   9  -25374133.75962618
 f   2   0   0   0   0   0   0   0   0   0   0   0   0      29729.89171151
 f   3   0   0   0   0   0   0   0   0   0   0   0   0       3589.05223686
 f   4   0   0   0   0   0   0   0   0   0   0   0   0       2951.17109114
 f   5   0   0   0   0   0   0   0   0   0   0   0   0       1769.19477278
 f   6   0   0   0   0   0   0   0   0   0   0   0   0       1206.04063285
 f   7   0   0   0   0   0   0   0   0   0   0   0   0        849.26484308
 f   8   0   0   0   0   0   0   0   0   0   0   0   0        338.38027724
 f   0   2   0   0   0   0   0   0   0   0   0   0   0      32142.72741440
 f   0   3   0   0   0   0   0   0   0   0   0   0   0       2653.34522751
 f   0   4   0   0   0   0   0   0   0   0   0   0   0       3096.53446533
 f   0   5   0   0   0   0   0   0   0   0   0   0   0       1742.20599129
 f   0   6   0   0   0   0   0   0   0   0   0   0   0       1245.49108764
 f   0   7   0   0   0   0   0   0   0   0   0   0   0        977.04772884
 f   0   8   0   0   0   0   0   0   0   0   0   0   0        393.48896213
 f   0   0   0   1   0   0   0   0   0   0   0   1   0      -3250.22767830
 f   0   0   2   0   0   0   0   0   0   0   0   0   0     126177.00529996
 f   0   0   0   2   0   0   0   0   0   0   0   1   0      -3834.27993495
 f   0   0   3   0   0   0   0   0   0   0   0   0   0     -10993.76244966
 f   0   0   0   3   0   0   0   0   0   0   0   1   0      -3065.00640425
 f   0   0   4   0   0   0   0   0   0   0   0   0   0       9520.34856488
 f   0   0   0   4   0   0   0   0   0   0   0   1   0      -2129.49604639
 f   0   0   5   0   0   0   0   0   0   0   0   0   0       3164.48043805
 f   0   0   0   5   0   0   0   0   0   0   0   1   0      -1471.58694971
 f   0   0   6   0   0   0   0   0   0   0   0   0   0       2304.02716989
 f   0   0   0   6   0   0   0   0   0   0   0   1   0       -334.21516758
 f   0   0   7   0   0   0   0   0   0   0   0   0   0        899.15111913
 f   0   0   0   7   0   0   0   0   0   0   0   1   0        924.27136284
 f   0   0   0   0   0   2   0   0   0   0   0   0   0      19859.82992506
 f   0   0   0   0   0   3   0   0   0   0   0   0   0      -7505.65539831
 f   0   0   0   0   0   4   0   0   0   0   0   0   0      -1311.28493263
 f   0   0   0   0   0   5   0   0   0   0   0   0   0       -332.79228762
 f   0   0   0   0   0   6   0   0   0   0   0   0   0       -394.85493108
 f   0   0   0   0   0   7   0   0   0   0   0   0   0       -532.10818437
 f   0   0   0   0   0   8   0   0   0   0   0   0   0        711.73369579
 f   0   0   0   0   0   0   2   0   0   0   0   0   9      84850.07091738
 f   0   0   0   0   0   0   3   0   0   0   0   0   8     -10743.21146817
 f   0   0   0   0   0   0   4   0   0   0   0   0   7       6163.47853521
 f   0   0   0   0   0   0   5   0   0   0   0   0   6       -559.03069281
 f   0   0   0   0   0   0   6   0   0   0   0   0   5      -3432.42495283
 f   0   0   0   0   0   0   7   0   0   0   0   0   4       3052.33397595
 f   0   0   0   0   0   0   8   0   0   0   0   0   3      -1875.78864025
relat_sterr_min,ilow_sterr, tivar:    0.10000000D+21   -1    7
rCOe                               0          1.41987334
rOHe                               0          0.95784813
rCH                                0          1.08904402
aHOC                               0        108.10770858
aHCO                               9        111.84780776
a1                                 0          2.16647936
a2                                 0          2.55949120
b1                                 0          1.78266276
 f   0   0   0   0   0   0   0   0   0   0   0   0   9  -25374133.75962618
 f   2   0   0   0   0   0   0   0   0   0   0   0   0      29729.89171151
 f   3   0   0   0   0   0   0   0   0   0   0   0   0       3589.05223686
 f   4   0   0   0   0   0   0   0   0   0   0   0   0       2951.17109114
 f   5   0   0   0   0   0   0   0   0   0   0   0   0       1769.19477278
 f   6   0   0   0   0   0   0   0   0   0   0   0   0       1206.04063285
 f   7   0   0   0   0   0   0   0   0   0   0   0   0        849.26484308
 f   8   0   0   0   0   0   0   0   0   0   0   0   0        338.38027724
 f   0   2   0   0   0   0   0   0   0   0   0   0   0      32142.72741440
 f   0   3   0   0   0   0   0   0   0   0   0   0   0       2653.34522751
 f   0   4   0   0   0   0   0   0   0   0   0   0   0       3096.53446533
 f   0   5   0   0   0   0   0   0   0   0   0   0   0       1742.20599129
 f   0   6   0   0   0   0   0   0   0   0   0   0   0       1245.49108764
 f   0   7   0   0   0   0   0   0   0   0   0   0   0        977.04772884
 f   0   8   0   0   0   0   0   0   0   0   0   0   0        393.48896213
 f   0   0   0   1   0   0   0   0   0   0   0   1   0      -3250.22767830
 f   0   0   2   0   0   0   0   0   0   0   0   0   0     126177.00529996
 f   0   0   0   2   0   0   0   0   0   0   0   1   0      -3834.27993495
 f   0   0   3   0   0   0   0   0   0   0   0   0   0     -10993.76244966
 f   0   0   0   3   0   0   0   0   0   0   0   1   0      -3065.00640425
 f   0   0   4   0   0   0   0   0   0   0   0   0   0       9520.34856488
 f   0   0   0   4   0   0   0   0   0   0   0   1   0      -2129.49604639
 f   0   0   5   0   0   0   0   0   0   0   0   0   0       3164.48043805
 f   0   0   0   5   0   0   0   0   0   0   0   1   0      -1471.58694971
 f   0   0   6   0   0   0   0   0   0   0   0   0   0       2304.02716989
 f   0   0   0   6   0   0   0   0   0   0   0   1   0       -334.21516758
 f   0   0   7   0   0   0   0   0   0   0   0   0   0        899.15111913
 f   0   0   0   7   0   0   0   0   0   0   0   1   0        924.27136284
 f   0   0   0   0   0   2   0   0   0   0   0   0   0      19859.82992506
 f   0   0   0   0   0   3   0   0   0   0   0   0   0      -7505.65539831
 f   0   0   0   0   0   4   0   0   0   0   0   0   0      -1311.28493263
 f   0   0   0   0   0   5   0   0   0   0   0   0   0       -332.79228762
 f   0   0   0   0   0   6   0   0   0   0   0   0   0       -394.85493108
 f   0   0   0   0   0   7   0   0   0   0   0   0   0       -532.10818437
 f   0   0   0   0   0   8   0   0   0   0   0   0   0        711.73369579
 f   0   0   0   0   0   0   2   0   0   0   0   0   9      84850.07091738
 f   0   0   0   0   0   0   3   0   0   0   0   0   8     -10743.21146817
 f   0   0   0   0   0   0   4   0   0   0   0   0   7       6163.47853521
 f   0   0   0   0   0   0   5   0   0   0   0   0   6       -559.03069281
 f   0   0   0   0   0   0   6   0   0   0   0   0   5      -3432.42495283
 f   0   0   0   0   0   0   7   0   0   0   0   0   4       3052.33397595
 f   0   0   0   0   0   0   8   0   0   0   0   0   3      -1875.78864025
relat_sterr_min,ilow_sterr, tivar:    0.10000000D+21   -1    8
rCOe                               0          1.41987334
rOHe                               0          0.95784813
rCH                                0          1.08904402
aHOC                               0        108.10770858
aHCO                               9        111.84780776
a1                                 0          2.16647936
a2                                 0          2.55949120
b1                                 0          1.78266276
 f   0   0   0   0   0   0   0   0   0   0   0   0   9  -25374133.75962618
 f   2   0   0   0   0   0   0   0   0   0   0   0   0      29729.89171151
 f   3   0   0   0   0   0   0   0   0   0   0   0   0       3589.05223686
 f   4   0   0   0   0   0   0   0   0   0   0   0   0       2951.17109114
 f   5   0   0   0   0   0   0   0   0   0   0   0   0       1769.19477278
 f   6   0   0   0   0   0   0   0   0   0   0   0   0       1206.04063285
 f   7   0   0   0   0   0   0   0   0   0   0   0   0        849.26484308
 f   8   0   0   0   0   0   0   0   0   0   0   0   0        338.38027724
 f   0   2   0   0   0   0   0   0   0   0   0   0   0      32142.72741440
 f   0   3   0   0   0   0   0   0   0   0   0   0   0       2653.34522751
 f   0   4   0   0   0   0   0   0   0   0   0   0   0       3096.53446533
 f   0   5   0   0   0   0   0   0   0   0   0   0   0       1742.20599129
 f   0   6   0   0   0   0   0   0   0   0   0   0   0       1245.49108764
 f   0   7   0   0   0   0   0   0   0   0   0   0   0        977.04772884
 f   0   8   0   0   0   0   0   0   0   0   0   0   0        393.48896213
 f   0   0   0   1   0   0   0   0   0   0   0   1   0      -3250.22767830
 f   0   0   2   0   0   0   0   0   0   0   0   0   0     126177.00529996
 f   0   0   0   2   0   0   0   0   0   0   0   1   0      -3834.27993495
 f   0   0   3   0   0   0   0   0   0   0   0   0   0     -10993.76244966
 f   0   0   0   3   0   0   0   0   0   0   0   1   0      -3065.00640425
 f   0   0   4   0   0   0   0   0   0   0   0   0   0       9520.34856488
 f   0   0   0   4   0   0   0   0   0   0   0   1   0      -2129.49604639
 f   0   0   5   0   0   0   0   0   0   0   0   0   0       3164.48043805
 f   0   0   0   5   0   0   0   0   0   0   0   1   0      -1471.58694971
 f   0   0   6   0   0   0   0   0   0   0   0   0   0       2304.02716989
 f   0   0   0   6   0   0   0   0   0   0   0   1   0       -334.21516758
 f   0   0   7   0   0   0   0   0   0   0   0   0   0        899.15111913
 f   0   0   0   7   0   0   0   0   0   0   0   1   0        924.27136284
 f   0   0   0   0   0   2   0   0   0   0   0   0   0      19859.82992506
 f   0   0   0   0   0   3   0   0   0   0   0   0   0      -7505.65539831
 f   0   0   0   0   0   4   0   0   0   0   0   0   0      -1311.28493263
 f   0   0   0   0   0   5   0   0   0   0   0   0   0       -332.79228762
 f   0   0   0   0   0   6   0   0   0   0   0   0   0       -394.85493108
 f   0   0   0   0   0   7   0   0   0   0   0   0   0       -532.10818437
 f   0   0   0   0   0   8   0   0   0   0   0   0   0        711.73369579
 f   0   0   0   0   0   0   2   0   0   0   0   0   9      84850.07091738
 f   0   0   0   0   0   0   3   0   0   0   0   0   8     -10743.21146817
 f   0   0   0   0   0   0   4   0   0   0   0   0   7       6163.47853521
 f   0   0   0   0   0   0   5   0   0   0   0   0   6       -559.03069281
 f   0   0   0   0   0   0   6   0   0   0   0   0   5      -3432.42495283
 f   0   0   0   0   0   0   7   0   0   0   0   0   4       3052.33397595
 f   0   0   0   0   0   0   8   0   0   0   0   0   3      -1875.78864025

   ------------------------------------------------------------------
   |   iter  |  points |    deviat     |     rms       |  stability  |
   ------------------------------------------------------------------

   -----------------------------------------------------------
   |  param  |  points |   deviat    |    rms      | stability |
   -----------------------------------------------------------
   |     9   |     18  |   0.19845E-02 |  0.22702E+02  |    0.101E-06 |

############################################################################################
