************************************************************************************************************************************
 ************************************************************************************************************************************
 ************************************************************************************************************************************
 ****************                                                                                                    ****************
 ****************          *  FITTING OF THE POTENTIAL PARAMETERS TO AB INITIO DATA                                  ****************
 ****************          *                                                                                         ****************
 ****************          *  2016                                                                                   ****************
 ****************          *  C2H6                                                                                   ****************

 ****************                                                                                                    ****************
 ************************************************************************************************************************************
 ************************************************************************************************************************************
 ************************************************************************************************************************************
 
        12 <= number of degrees of freedom
         5 <= number of bonds
         7 <= number of bond angles
        20 <= number of iterations in the fit
  0.000000 <= The fit is over if the stability is reached 
  0.000010 <= The fit is over if the st.dev. best is reached 
  1.000000 <= sterr parameter out 
  0.000010 <= stdev parameter out 
         1 <= watson robust on (1) or of (0) 
        10 <= number of non-linear parameters
 parameters of structure 
rCOe      =           1.420
rOHe      =           0.958
rCH       =           1.089
aHOC      =         108.108
aHCO      =         108.459
a1        =           2.166
a2        =           2.559
b1        =           1.783
Sa        =           0.000
Sb        =           0.000
Lowest energy = -115.612182    

   ------------------------------------------------------------------
   |   iter  |  points |    deviat     |     rms       |  stability  |
   ------------------------------------------------------------------
      63-th is out - f      
      68-th is out - f      
      73-th is out - f      
      75-th is out - f      
      76-th is out - h      
      78-th is out - f      
   |     1   |     35  |   0.28873E+02 |  0.40644E+04  |   0.341E+08 |
      70-th is out - f      
   |     1   |     35  |   0.63913E+02 |  0.20020E+08  |   0.324E+05 |
   |     2   |     35  |   0.44406E+02 |  0.20581E+07  |   0.764E+04 |
   |     3   |     35  |   0.96482E+02 |  0.19900E+06  |   0.600E+00 |
   |     4   |     35  |   0.11076E+03 |  0.53777E+05  |   0.885E+00 |
   |     5   |     35  |   0.63500E+02 |  0.12067E+04  |   0.182E+01 |
   |     6   |     35  |   0.18041E+03 |  0.15066E+03  |   0.673E+00 |
   |     7   |     35  |   0.65920E+00 |  0.78269E+00  |   0.247E+03 |
   |     8   |     35  |   0.30131E+00 |  0.14902E+01  |   0.146E+01 |
   |     9   |     35  |   0.12936E-01 |  0.54507E+01  |   0.223E+02 |
   |    10   |     35  |   0.12928E-01 |  0.54504E+01  |   0.437E-02 |
   |    11   |     35  |   0.12928E-01 |  0.54521E+01  |   0.122E-04 |
   |    12   |     35  |   0.12928E-01 |  0.54521E+01  |   0.360E-07 |
   |    13   |     35  |   0.12928E-01 |  0.54521E+01  |   0.238E-08 |
   |    14   |     35  |   0.12928E-01 |  0.54521E+01  |   0.885E-08 |
   |    15   |     35  |   0.12928E-01 |  0.54521E+01  |   0.885E-09 |
   |    16   |     35  |   0.12928E-01 |  0.54521E+01  |   0.299E-08 |
   |    17   |     35  |   0.12928E-01 |  0.54521E+01  |   0.134E-07 |
   |    18   |     35  |   0.12928E-01 |  0.54521E+01  |   0.141E-08 |
   |    19   |     35  |   0.12928E-01 |  0.54521E+01  |   0.122E-08 |
   |    20   |     35  |   0.12928E-01 |  0.54521E+01  |   0.848E-08 |
   |    21   |     35  |   0.12928E-01 |  0.54521E+01  |   0.220E-08 |

Watson Alpha parameter  0.1000 fitted with rms2 = 


Potential parameters rounded in accord. with their standart errors

rC  0  0  0  0  0  0  0  0  0  0  0  0   0   1.4198733    
rO  0  0  0  0  0  0  0  0  0  0  0  0   0  0.95784813    
rC  0  0  0  0  0  0  0  0  0  0  0  0   0   1.0890440    
aH  0  0  0  0  0  0  0  0  0  0  0  0   0   108.10771    
aH  0  0  0  0  0  0  0  0  0  0  0  0   0   108.45879    
a1  0  0  0  0  0  0  0  0  0  0  0  0   0   2.1664794    
a2  0  0  0  0  0  0  0  0  0  0  0  0   0   2.5594912    
b1  0  0  0  0  0  0  0  0  0  0  0  0   0   1.7826628    
Sa  0  0  0  0  0  0  0  0  0  0  0  0   9        -0.0267670    (      39)
Sb  0  0  0  0  0  0  0  0  0  0  0  0   9         0.0461507    (      21)
 f  0  0  0  0  0  0  0  0  0  0  0  0   9    -25374001.6270    (      35)
 f  2  0  0  0  0  0  0  0  0  0  0  0   0   29729.892    
 f  3  0  0  0  0  0  0  0  0  0  0  0   0   3589.0522    
 f  4  0  0  0  0  0  0  0  0  0  0  0   0   2951.1711    
 f  5  0  0  0  0  0  0  0  0  0  0  0   0   1769.1948    
 f  6  0  0  0  0  0  0  0  0  0  0  0   0   1206.0406    
 f  7  0  0  0  0  0  0  0  0  0  0  0   0   849.26484    
 f  8  0  0  0  0  0  0  0  0  0  0  0   0   338.38028    
 f  0  2  0  0  0  0  0  0  0  0  0  0   0   32142.727    
 f  0  3  0  0  0  0  0  0  0  0  0  0   0   2653.3452    
 f  0  4  0  0  0  0  0  0  0  0  0  0   0   3096.5345    
 f  0  5  0  0  0  0  0  0  0  0  0  0   0   1742.2060    
 f  0  6  0  0  0  0  0  0  0  0  0  0   0   1245.4911    
 f  0  7  0  0  0  0  0  0  0  0  0  0   0   977.04773    
 f  0  8  0  0  0  0  0  0  0  0  0  0   0   393.48896    
 f  0  0  0  1  0  0  0  0  0  0  0  1   0  -3250.2277    
 f  0  0  2  0  0  0  0  0  0  0  0  0   0   126177.01    
 f  0  0  0  2  0  0  0  0  0  0  0  1   0  -3834.2799    
 f  0  0  3  0  0  0  0  0  0  0  0  0   0  -10993.762    
 f  0  0  0  3  0  0  0  0  0  0  0  1   0  -3065.0064    
 f  0  0  4  0  0  0  0  0  0  0  0  0   0   9520.3486    
 f  0  0  0  4  0  0  0  0  0  0  0  1   0  -2129.4960    
 f  0  0  5  0  0  0  0  0  0  0  0  0   0   3164.4804    
 f  0  0  0  5  0  0  0  0  0  0  0  1   0  -1471.5869    
 f  0  0  6  0  0  0  0  0  0  0  0  0   0   2304.0272    
 f  0  0  0  6  0  0  0  0  0  0  0  1   0  -334.21517    
 f  0  0  7  0  0  0  0  0  0  0  0  0   0   899.15112    
 f  0  0  0  7  0  0  0  0  0  0  0  1   0   924.27136    
 f  0  0  0  0  0  2  0  0  0  0  0  0   0   19859.830    
 f  0  0  0  0  0  3  0  0  0  0  0  0   0  -7505.6554    
 f  0  0  0  0  0  4  0  0  0  0  0  0   0  -1311.2849    
 f  0  0  0  0  0  5  0  0  0  0  0  0   0  -332.79229    
 f  0  0  0  0  0  6  0  0  0  0  0  0   0  -394.85493    
 f  0  0  0  0  0  7  0  0  0  0  0  0   0  -532.10818    
 f  0  0  0  0  0  8  0  0  0  0  0  0   0   711.73370    
 f  0  0  0  0  0  0  0  1  0  0  0  1   0  -20311.102    
 f  0  0  0  0  0  0  2  0  0  0  0  0   0   84720.614    
 f  0  0  0  0  0  0  0  2  0  0  0  1   0   4331.3363    
 f  0  0  0  0  0  0  3  0  0  0  0  0   0  -12556.030    
 f  0  0  0  0  0  0  0  3  0  0  0  1   0   701.06527    
 f  0  0  0  0  0  0  4  0  0  0  0  0   0   7636.6920    
 f  0  0  0  0  0  0  0  4  0  0  0  1   0  -3023.0924    
 f  0  0  0  0  0  0  5  0  0  0  0  0   0  -2028.4578    
 f  0  0  0  0  0  0  0  5  0  0  0  1   0   5867.7115    
 f  0  0  0  0  0  0  6  0  0  0  0  0   0  -2735.4923    
 f  0  0  0  0  0  0  0  6  0  0  0  1   0  -4290.2755    
 f  0  0  0  0  0  0  7  0  0  0  0  0   0   3125.8093    
 f  0  0  0  0  0  0  0  7  0  0  0  1   0   1627.5807    
 f  0  0  0  0  0  0  8  0  0  0  0  0   0  -2058.0226    
 f  0  0  0  0  0  0  0  8  0  0  0  1   0   365.58617    
 f  0  0  0  0  0  0  0  0  0  2  0  0   9          19659.29    (      49)
 f  0  0  0  0  0  0  0  0  0  2  0  1   9            1178.9    (      14)
 f  0  0  0  0  0  0  0  0  0  2  0  2   0         0.0    
 f  0  0  0  0  0  0  0  0  0  1  2  0   8             5737.    (      14)
 h  0  0  0  0  0  0  0  0  0  2  1 -1   8            -857.2    (      85)
 f  0  0  0  0  0  0  0  0  0  4  0  0   7              79.7    (      48)
 f  0  0  0  0  0  0  0  0  0  4  0  1   7             -122.    (      15)
 f  0  0  0  0  0  0  0  0  0  2  2  1   0         0.0    
 f  0  0  0  0  0  0  0  0  0  5  0  0   6             -211.    (      27)
 f  0  0  0  0  0  0  0  0  0  5  0  1   0         0.0    
 h  0  0  0  0  0  0  0  0  0  4  1 -1   6              -67.    (      22)
 f  0  0  0  0  0  0  0  0  0  4  2  0   5             -968.    (      60)
 f  0  0  0  0  0  0  0  0  0  4  2  1   0         0.0    
 f  0  0  0  0  0  0  0  0  0  2  4  0   5              157.    (      85)
 f  0  0  0  0  0  0  0  0  0  2  4  0   0         0.0    
 h  0  0  0  0  0  0  0  0  0  5  1 -1   0         0.0    
 f  0  0  0  0  0  0  0  0  0  7  0  0   4              -52.    (      11)
 f  0  0  0  0  0  0  0  0  0  7  0  1   0         0.0    
 f  0  0  0  0  0  0  0  0  0  8  0  0   3              84.7    (      52)
 f  0  0  0  0  0  0  0  0  0  8  0  1   3             -104.    (      14)
------------------------------
*  FITTING OF THE POTENTIAL PARAMETERS TO AB INITIO DATA                        
*                                                                               
*  2016                                                                         
*  C2H6                                                                         
      rCOe                        0          1.41987334
      rOHe                        0          0.95784813
       rCH                        0          1.08904402
      aHOC                        0        108.10770858
      aHCO                        0        108.45879318
        a1                        0          2.16647936
        a2                        0          2.55949120
        b1                        0          1.78266276
        Sa                        9         -0.02676701
        Sb                        9          0.04615069
 f   0   0   0   0   0   0   0   0   0   0   0   0   9  -25374001.62702231
 f   2   0   0   0   0   0   0   0   0   0   0   0   0      29729.89171151
 f   3   0   0   0   0   0   0   0   0   0   0   0   0       3589.05223686
 f   4   0   0   0   0   0   0   0   0   0   0   0   0       2951.17109114
 f   5   0   0   0   0   0   0   0   0   0   0   0   0       1769.19477278
 f   6   0   0   0   0   0   0   0   0   0   0   0   0       1206.04063285
 f   7   0   0   0   0   0   0   0   0   0   0   0   0        849.26484308
 f   8   0   0   0   0   0   0   0   0   0   0   0   0        338.38027724
 f   0   2   0   0   0   0   0   0   0   0   0   0   0      32142.72741440
 f   0   3   0   0   0   0   0   0   0   0   0   0   0       2653.34522751
 f   0   4   0   0   0   0   0   0   0   0   0   0   0       3096.53446533
 f   0   5   0   0   0   0   0   0   0   0   0   0   0       1742.20599129
 f   0   6   0   0   0   0   0   0   0   0   0   0   0       1245.49108764
 f   0   7   0   0   0   0   0   0   0   0   0   0   0        977.04772884
 f   0   8   0   0   0   0   0   0   0   0   0   0   0        393.48896213
 f   0   0   0   1   0   0   0   0   0   0   0   1   0      -3250.22767830
 f   0   0   2   0   0   0   0   0   0   0   0   0   0     126177.00529996
 f   0   0   0   2   0   0   0   0   0   0   0   1   0      -3834.27993495
 f   0   0   3   0   0   0   0   0   0   0   0   0   0     -10993.76244966
 f   0   0   0   3   0   0   0   0   0   0   0   1   0      -3065.00640425
 f   0   0   4   0   0   0   0   0   0   0   0   0   0       9520.34856488
 f   0   0   0   4   0   0   0   0   0   0   0   1   0      -2129.49604639
 f   0   0   5   0   0   0   0   0   0   0   0   0   0       3164.48043805
 f   0   0   0   5   0   0   0   0   0   0   0   1   0      -1471.58694971
 f   0   0   6   0   0   0   0   0   0   0   0   0   0       2304.02716989
 f   0   0   0   6   0   0   0   0   0   0   0   1   0       -334.21516758
 f   0   0   7   0   0   0   0   0   0   0   0   0   0        899.15111913
 f   0   0   0   7   0   0   0   0   0   0   0   1   0        924.27136284
 f   0   0   0   0   0   2   0   0   0   0   0   0   0      19859.82992506
 f   0   0   0   0   0   3   0   0   0   0   0   0   0      -7505.65539831
 f   0   0   0   0   0   4   0   0   0   0   0   0   0      -1311.28493263
 f   0   0   0   0   0   5   0   0   0   0   0   0   0       -332.79228762
 f   0   0   0   0   0   6   0   0   0   0   0   0   0       -394.85493108
 f   0   0   0   0   0   7   0   0   0   0   0   0   0       -532.10818437
 f   0   0   0   0   0   8   0   0   0   0   0   0   0        711.73369579
 f   0   0   0   0   0   0   0   1   0   0   0   1   0     -20311.10172955
 f   0   0   0   0   0   0   2   0   0   0   0   0   0      84720.61394282
 f   0   0   0   0   0   0   0   2   0   0   0   1   0       4331.33627200
 f   0   0   0   0   0   0   3   0   0   0   0   0   0     -12556.02967836
 f   0   0   0   0   0   0   0   3   0   0   0   1   0        701.06527137
 f   0   0   0   0   0   0   4   0   0   0   0   0   0       7636.69199844
 f   0   0   0   0   0   0   0   4   0   0   0   1   0      -3023.09243372
 f   0   0   0   0   0   0   5   0   0   0   0   0   0      -2028.45775182
 f   0   0   0   0   0   0   0   5   0   0   0   1   0       5867.71153691
 f   0   0   0   0   0   0   6   0   0   0   0   0   0      -2735.49233553
 f   0   0   0   0   0   0   0   6   0   0   0   1   0      -4290.27550626
 f   0   0   0   0   0   0   7   0   0   0   0   0   0       3125.80926126
 f   0   0   0   0   0   0   0   7   0   0   0   1   0       1627.58071442
 f   0   0   0   0   0   0   8   0   0   0   0   0   0      -2058.02261564
 f   0   0   0   0   0   0   0   8   0   0   0   1   0        365.58617151
 f   0   0   0   0   0   0   0   0   0   2   0   0   9      19659.29473336
 f   0   0   0   0   0   0   0   0   0   2   0   1   9       1178.86482887
 f   0   0   0   0   0   0   0   0   0   2   0   2   0          0.00000000
 f   0   0   0   0   0   0   0   0   0   1   2   0   8       5736.59396936
 h   0   0   0   0   0   0   0   0   0   2   1  -1   8       -857.18745025
 f   0   0   0   0   0   0   0   0   0   4   0   0   7         79.74558556
 f   0   0   0   0   0   0   0   0   0   4   0   1   7       -121.90594955
 f   0   0   0   0   0   0   0   0   0   2   2   1   0          0.00000000
 f   0   0   0   0   0   0   0   0   0   5   0   0   6       -211.08461722
 f   0   0   0   0   0   0   0   0   0   5   0   1   0          0.00000000
 h   0   0   0   0   0   0   0   0   0   4   1  -1   6        -66.64164472
 f   0   0   0   0   0   0   0   0   0   4   2   0   5       -967.74610562
 f   0   0   0   0   0   0   0   0   0   4   2   1   0          0.00000000
 f   0   0   0   0   0   0   0   0   0   2   4   0   5        156.95249312
 f   0   0   0   0   0   0   0   0   0   2   4   0   0          0.00000000
 h   0   0   0   0   0   0   0   0   0   5   1  -1   0          0.00000000
 f   0   0   0   0   0   0   0   0   0   7   0   0   4        -52.09363633
 f   0   0   0   0   0   0   0   0   0   7   0   1   0          0.00000000
 f   0   0   0   0   0   0   0   0   0   8   0   0   3         84.69591211
 f   0   0   0   0   0   0   0   0   0   8   0   1   3       -103.70704551

Correlation coefficients larger than 0.9: 
          corr(   1,   6) =  0.9063598
          corr(   6,  10) =  0.9988165
          corr(   6,  13) =  0.9682533
          corr(   6,  14) =  0.9800991
          corr(   7,  11) =  0.9963675
          corr(   8,  15) =  0.9154848
          corr(   9,  13) =  0.9203531
          corr(   9,  16) =  0.9493025
          corr(  10,  13) =  0.9660199
          corr(  10,  14) =  0.9879740
          corr(  12,  16) =  0.9109193
          corr(  13,  14) =  0.9403273

               --------------------------------------------------------------------------------
               :     old parm   :     new parm   :  delta parm  :   std. err.  : sensitility
               --------------------------------------------------------------------------------
  1  Sa         :         -0.03  :         -0.03  :        -0.000:         0.000:         0.000:!
  2  Sb         :          0.05  :          0.05  :        -0.000:         0.000:         0.000:!
  3  f          :  -25374001.63  :  -25374001.63  :         0.000:         0.003:         0.000:!
  4  f          :      19659.29  :      19659.29  :        -0.000:         0.489:         0.001:!
  5  f          :       1178.86  :       1178.86  :         0.000:         1.448:         0.002:!
  6  f          :       5736.59  :       5736.59  :         0.000:        13.555:         0.001:!
  7  h          :       -857.19  :       -857.19  :         0.000:         8.459:         0.008:!
  8  f          :         79.75  :         79.75  :         0.000:         4.772:         0.001:!
  9  f          :       -121.91  :       -121.91  :         0.000:        15.153:         0.002:!
 10  f          :       -211.08  :       -211.08  :         0.000:        26.822:         0.001:!
 11  h          :        -66.64  :        -66.64  :        -0.000:        21.848:         0.021:!
 12  f          :       -967.75  :       -967.75  :         0.000:        60.213:         0.009:!
 13  f          :        156.95  :        156.95  :        -0.000:        85.203:         0.003:!
 14  f          :        -52.09  :        -52.09  :        -0.000:        11.152:         0.001:!
 15  f          :         84.70  :         84.70  :         0.000:         5.176:         0.001:!
 16  f          :       -103.71  :       -103.71  :         0.000:        13.886:         0.002:!
relat_sterr_min,ilow_sterr, tivar:    0.10000000D+21   -1    3
rCOe                               0          1.41987334
rOHe                               0          0.95784813
rCH                                0          1.08904402
aHOC                               0        108.10770858
aHCO                               0        108.45879318
a1                                 0          2.16647936
a2                                 0          2.55949120
b1                                 0          1.78266276
Sa                                 9         -0.02676701
Sb                                 9          0.04615069
 f   0   0   0   0   0   0   0   0   0   0   0   0   9  -25374001.62702231
 f   2   0   0   0   0   0   0   0   0   0   0   0   0      29729.89171151
 f   3   0   0   0   0   0   0   0   0   0   0   0   0       3589.05223686
 f   4   0   0   0   0   0   0   0   0   0   0   0   0       2951.17109114
 f   5   0   0   0   0   0   0   0   0   0   0   0   0       1769.19477278
 f   6   0   0   0   0   0   0   0   0   0   0   0   0       1206.04063285
 f   7   0   0   0   0   0   0   0   0   0   0   0   0        849.26484308
 f   8   0   0   0   0   0   0   0   0   0   0   0   0        338.38027724
 f   0   2   0   0   0   0   0   0   0   0   0   0   0      32142.72741440
 f   0   3   0   0   0   0   0   0   0   0   0   0   0       2653.34522751
 f   0   4   0   0   0   0   0   0   0   0   0   0   0       3096.53446533
 f   0   5   0   0   0   0   0   0   0   0   0   0   0       1742.20599129
 f   0   6   0   0   0   0   0   0   0   0   0   0   0       1245.49108764
 f   0   7   0   0   0   0   0   0   0   0   0   0   0        977.04772884
 f   0   8   0   0   0   0   0   0   0   0   0   0   0        393.48896213
 f   0   0   0   1   0   0   0   0   0   0   0   1   0      -3250.22767830
 f   0   0   2   0   0   0   0   0   0   0   0   0   0     126177.00529996
 f   0   0   0   2   0   0   0   0   0   0   0   1   0      -3834.27993495
 f   0   0   3   0   0   0   0   0   0   0   0   0   0     -10993.76244966
 f   0   0   0   3   0   0   0   0   0   0   0   1   0      -3065.00640425
 f   0   0   4   0   0   0   0   0   0   0   0   0   0       9520.34856488
 f   0   0   0   4   0   0   0   0   0   0   0   1   0      -2129.49604639
 f   0   0   5   0   0   0   0   0   0   0   0   0   0       3164.48043805
 f   0   0   0   5   0   0   0   0   0   0   0   1   0      -1471.58694971
 f   0   0   6   0   0   0   0   0   0   0   0   0   0       2304.02716989
 f   0   0   0   6   0   0   0   0   0   0   0   1   0       -334.21516758
 f   0   0   7   0   0   0   0   0   0   0   0   0   0        899.15111913
 f   0   0   0   7   0   0   0   0   0   0   0   1   0        924.27136284
 f   0   0   0   0   0   2   0   0   0   0   0   0   0      19859.82992506
 f   0   0   0   0   0   3   0   0   0   0   0   0   0      -7505.65539831
 f   0   0   0   0   0   4   0   0   0   0   0   0   0      -1311.28493263
 f   0   0   0   0   0   5   0   0   0   0   0   0   0       -332.79228762
 f   0   0   0   0   0   6   0   0   0   0   0   0   0       -394.85493108
 f   0   0   0   0   0   7   0   0   0   0   0   0   0       -532.10818437
 f   0   0   0   0   0   8   0   0   0   0   0   0   0        711.73369579
 f   0   0   0   0   0   0   0   1   0   0   0   1   0     -20311.10172955
 f   0   0   0   0   0   0   2   0   0   0   0   0   0      84720.61394282
 f   0   0   0   0   0   0   0   2   0   0   0   1   0       4331.33627200
 f   0   0   0   0   0   0   3   0   0   0   0   0   0     -12556.02967836
 f   0   0   0   0   0   0   0   3   0   0   0   1   0        701.06527137
 f   0   0   0   0   0   0   4   0   0   0   0   0   0       7636.69199844
 f   0   0   0   0   0   0   0   4   0   0   0   1   0      -3023.09243372
 f   0   0   0   0   0   0   5   0   0   0   0   0   0      -2028.45775182
 f   0   0   0   0   0   0   0   5   0   0   0   1   0       5867.71153691
 f   0   0   0   0   0   0   6   0   0   0   0   0   0      -2735.49233553
 f   0   0   0   0   0   0   0   6   0   0   0   1   0      -4290.27550626
 f   0   0   0   0   0   0   7   0   0   0   0   0   0       3125.80926126
 f   0   0   0   0   0   0   0   7   0   0   0   1   0       1627.58071442
 f   0   0   0   0   0   0   8   0   0   0   0   0   0      -2058.02261564
 f   0   0   0   0   0   0   0   8   0   0   0   1   0        365.58617151
 f   0   0   0   0   0   0   0   0   0   2   0   0   9      19659.29473336
 f   0   0   0   0   0   0   0   0   0   2   0   1   9       1178.86482887
 f   0   0   0   0   0   0   0   0   0   2   0   2   0          0.00000000
 f   0   0   0   0   0   0   0   0   0   1   2   0   8       5736.59396936
 h   0   0   0   0   0   0   0   0   0   2   1  -1   8       -857.18745025
 f   0   0   0   0   0   0   0   0   0   4   0   0   7         79.74558556
 f   0   0   0   0   0   0   0   0   0   4   0   1   7       -121.90594955
 f   0   0   0   0   0   0   0   0   0   2   2   1   0          0.00000000
 f   0   0   0   0   0   0   0   0   0   5   0   0   6       -211.08461722
 f   0   0   0   0   0   0   0   0   0   5   0   1   0          0.00000000
 h   0   0   0   0   0   0   0   0   0   4   1  -1   6        -66.64164472
 f   0   0   0   0   0   0   0   0   0   4   2   0   5       -967.74610562
 f   0   0   0   0   0   0   0   0   0   4   2   1   0          0.00000000
 f   0   0   0   0   0   0   0   0   0   2   4   0   5        156.95249312
 f   0   0   0   0   0   0   0   0   0   2   4   0   0          0.00000000
 h   0   0   0   0   0   0   0   0   0   5   1  -1   0          0.00000000
 f   0   0   0   0   0   0   0   0   0   7   0   0   4        -52.09363633
 f   0   0   0   0   0   0   0   0   0   7   0   1   0          0.00000000
 f   0   0   0   0   0   0   0   0   0   8   0   0   3         84.69591211
 f   0   0   0   0   0   0   0   0   0   8   0   1   3       -103.70704551
relat_sterr_min,ilow_sterr, tivar:    0.10000000D+21   -1    4
rCOe                               0          1.41987334
rOHe                               0          0.95784813
rCH                                0          1.08904402
aHOC                               0        108.10770858
aHCO                               0        108.45879318
a1                                 0          2.16647936
a2                                 0          2.55949120
b1                                 0          1.78266276
Sa                                 9         -0.02676701
Sb                                 9          0.04615069
 f   0   0   0   0   0   0   0   0   0   0   0   0   9  -25374001.62702231
 f   2   0   0   0   0   0   0   0   0   0   0   0   0      29729.89171151
 f   3   0   0   0   0   0   0   0   0   0   0   0   0       3589.05223686
 f   4   0   0   0   0   0   0   0   0   0   0   0   0       2951.17109114
 f   5   0   0   0   0   0   0   0   0   0   0   0   0       1769.19477278
 f   6   0   0   0   0   0   0   0   0   0   0   0   0       1206.04063285
 f   7   0   0   0   0   0   0   0   0   0   0   0   0        849.26484308
 f   8   0   0   0   0   0   0   0   0   0   0   0   0        338.38027724
 f   0   2   0   0   0   0   0   0   0   0   0   0   0      32142.72741440
 f   0   3   0   0   0   0   0   0   0   0   0   0   0       2653.34522751
 f   0   4   0   0   0   0   0   0   0   0   0   0   0       3096.53446533
 f   0   5   0   0   0   0   0   0   0   0   0   0   0       1742.20599129
 f   0   6   0   0   0   0   0   0   0   0   0   0   0       1245.49108764
 f   0   7   0   0   0   0   0   0   0   0   0   0   0        977.04772884
 f   0   8   0   0   0   0   0   0   0   0   0   0   0        393.48896213
 f   0   0   0   1   0   0   0   0   0   0   0   1   0      -3250.22767830
 f   0   0   2   0   0   0   0   0   0   0   0   0   0     126177.00529996
 f   0   0   0   2   0   0   0   0   0   0   0   1   0      -3834.27993495
 f   0   0   3   0   0   0   0   0   0   0   0   0   0     -10993.76244966
 f   0   0   0   3   0   0   0   0   0   0   0   1   0      -3065.00640425
 f   0   0   4   0   0   0   0   0   0   0   0   0   0       9520.34856488
 f   0   0   0   4   0   0   0   0   0   0   0   1   0      -2129.49604639
 f   0   0   5   0   0   0   0   0   0   0   0   0   0       3164.48043805
 f   0   0   0   5   0   0   0   0   0   0   0   1   0      -1471.58694971
 f   0   0   6   0   0   0   0   0   0   0   0   0   0       2304.02716989
 f   0   0   0   6   0   0   0   0   0   0   0   1   0       -334.21516758
 f   0   0   7   0   0   0   0   0   0   0   0   0   0        899.15111913
 f   0   0   0   7   0   0   0   0   0   0   0   1   0        924.27136284
 f   0   0   0   0   0   2   0   0   0   0   0   0   0      19859.82992506
 f   0   0   0   0   0   3   0   0   0   0   0   0   0      -7505.65539831
 f   0   0   0   0   0   4   0   0   0   0   0   0   0      -1311.28493263
 f   0   0   0   0   0   5   0   0   0   0   0   0   0       -332.79228762
 f   0   0   0   0   0   6   0   0   0   0   0   0   0       -394.85493108
 f   0   0   0   0   0   7   0   0   0   0   0   0   0       -532.10818437
 f   0   0   0   0   0   8   0   0   0   0   0   0   0        711.73369579
 f   0   0   0   0   0   0   0   1   0   0   0   1   0     -20311.10172955
 f   0   0   0   0   0   0   2   0   0   0   0   0   0      84720.61394282
 f   0   0   0   0   0   0   0   2   0   0   0   1   0       4331.33627200
 f   0   0   0   0   0   0   3   0   0   0   0   0   0     -12556.02967836
 f   0   0   0   0   0   0   0   3   0   0   0   1   0        701.06527137
 f   0   0   0   0   0   0   4   0   0   0   0   0   0       7636.69199844
 f   0   0   0   0   0   0   0   4   0   0   0   1   0      -3023.09243372
 f   0   0   0   0   0   0   5   0   0   0   0   0   0      -2028.45775182
 f   0   0   0   0   0   0   0   5   0   0   0   1   0       5867.71153691
 f   0   0   0   0   0   0   6   0   0   0   0   0   0      -2735.49233553
 f   0   0   0   0   0   0   0   6   0   0   0   1   0      -4290.27550626
 f   0   0   0   0   0   0   7   0   0   0   0   0   0       3125.80926126
 f   0   0   0   0   0   0   0   7   0   0   0   1   0       1627.58071442
 f   0   0   0   0   0   0   8   0   0   0   0   0   0      -2058.02261564
 f   0   0   0   0   0   0   0   8   0   0   0   1   0        365.58617151
 f   0   0   0   0   0   0   0   0   0   2   0   0   9      19659.29473336
 f   0   0   0   0   0   0   0   0   0   2   0   1   9       1178.86482887
 f   0   0   0   0   0   0   0   0   0   2   0   2   0          0.00000000
 f   0   0   0   0   0   0   0   0   0   1   2   0   8       5736.59396936
 h   0   0   0   0   0   0   0   0   0   2   1  -1   8       -857.18745025
 f   0   0   0   0   0   0   0   0   0   4   0   0   7         79.74558556
 f   0   0   0   0   0   0   0   0   0   4   0   1   7       -121.90594955
 f   0   0   0   0   0   0   0   0   0   2   2   1   0          0.00000000
 f   0   0   0   0   0   0   0   0   0   5   0   0   6       -211.08461722
 f   0   0   0   0   0   0   0   0   0   5   0   1   0          0.00000000
 h   0   0   0   0   0   0   0   0   0   4   1  -1   6        -66.64164472
 f   0   0   0   0   0   0   0   0   0   4   2   0   5       -967.74610562
 f   0   0   0   0   0   0   0   0   0   4   2   1   0          0.00000000
 f   0   0   0   0   0   0   0   0   0   2   4   0   5        156.95249312
 f   0   0   0   0   0   0   0   0   0   2   4   0   0          0.00000000
 h   0   0   0   0   0   0   0   0   0   5   1  -1   0          0.00000000
 f   0   0   0   0   0   0   0   0   0   7   0   0   4        -52.09363633
 f   0   0   0   0   0   0   0   0   0   7   0   1   0          0.00000000
 f   0   0   0   0   0   0   0   0   0   8   0   0   3         84.69591211
 f   0   0   0   0   0   0   0   0   0   8   0   1   3       -103.70704551
relat_sterr_min,ilow_sterr, tivar:    0.10000000D+21   -1    5
rCOe                               0          1.41987334
rOHe                               0          0.95784813
rCH                                0          1.08904402
aHOC                               0        108.10770858
aHCO                               0        108.45879318
a1                                 0          2.16647936
a2                                 0          2.55949120
b1                                 0          1.78266276
Sa                                 9         -0.02676701
Sb                                 9          0.04615069
 f   0   0   0   0   0   0   0   0   0   0   0   0   9  -25374001.62702231
 f   2   0   0   0   0   0   0   0   0   0   0   0   0      29729.89171151
 f   3   0   0   0   0   0   0   0   0   0   0   0   0       3589.05223686
 f   4   0   0   0   0   0   0   0   0   0   0   0   0       2951.17109114
 f   5   0   0   0   0   0   0   0   0   0   0   0   0       1769.19477278
 f   6   0   0   0   0   0   0   0   0   0   0   0   0       1206.04063285
 f   7   0   0   0   0   0   0   0   0   0   0   0   0        849.26484308
 f   8   0   0   0   0   0   0   0   0   0   0   0   0        338.38027724
 f   0   2   0   0   0   0   0   0   0   0   0   0   0      32142.72741440
 f   0   3   0   0   0   0   0   0   0   0   0   0   0       2653.34522751
 f   0   4   0   0   0   0   0   0   0   0   0   0   0       3096.53446533
 f   0   5   0   0   0   0   0   0   0   0   0   0   0       1742.20599129
 f   0   6   0   0   0   0   0   0   0   0   0   0   0       1245.49108764
 f   0   7   0   0   0   0   0   0   0   0   0   0   0        977.04772884
 f   0   8   0   0   0   0   0   0   0   0   0   0   0        393.48896213
 f   0   0   0   1   0   0   0   0   0   0   0   1   0      -3250.22767830
 f   0   0   2   0   0   0   0   0   0   0   0   0   0     126177.00529996
 f   0   0   0   2   0   0   0   0   0   0   0   1   0      -3834.27993495
 f   0   0   3   0   0   0   0   0   0   0   0   0   0     -10993.76244966
 f   0   0   0   3   0   0   0   0   0   0   0   1   0      -3065.00640425
 f   0   0   4   0   0   0   0   0   0   0   0   0   0       9520.34856488
 f   0   0   0   4   0   0   0   0   0   0   0   1   0      -2129.49604639
 f   0   0   5   0   0   0   0   0   0   0   0   0   0       3164.48043805
 f   0   0   0   5   0   0   0   0   0   0   0   1   0      -1471.58694971
 f   0   0   6   0   0   0   0   0   0   0   0   0   0       2304.02716989
 f   0   0   0   6   0   0   0   0   0   0   0   1   0       -334.21516758
 f   0   0   7   0   0   0   0   0   0   0   0   0   0        899.15111913
 f   0   0   0   7   0   0   0   0   0   0   0   1   0        924.27136284
 f   0   0   0   0   0   2   0   0   0   0   0   0   0      19859.82992506
 f   0   0   0   0   0   3   0   0   0   0   0   0   0      -7505.65539831
 f   0   0   0   0   0   4   0   0   0   0   0   0   0      -1311.28493263
 f   0   0   0   0   0   5   0   0   0   0   0   0   0       -332.79228762
 f   0   0   0   0   0   6   0   0   0   0   0   0   0       -394.85493108
 f   0   0   0   0   0   7   0   0   0   0   0   0   0       -532.10818437
 f   0   0   0   0   0   8   0   0   0   0   0   0   0        711.73369579
 f   0   0   0   0   0   0   0   1   0   0   0   1   0     -20311.10172955
 f   0   0   0   0   0   0   2   0   0   0   0   0   0      84720.61394282
 f   0   0   0   0   0   0   0   2   0   0   0   1   0       4331.33627200
 f   0   0   0   0   0   0   3   0   0   0   0   0   0     -12556.02967836
 f   0   0   0   0   0   0   0   3   0   0   0   1   0        701.06527137
 f   0   0   0   0   0   0   4   0   0   0   0   0   0       7636.69199844
 f   0   0   0   0   0   0   0   4   0   0   0   1   0      -3023.09243372
 f   0   0   0   0   0   0   5   0   0   0   0   0   0      -2028.45775182
 f   0   0   0   0   0   0   0   5   0   0   0   1   0       5867.71153691
 f   0   0   0   0   0   0   6   0   0   0   0   0   0      -2735.49233553
 f   0   0   0   0   0   0   0   6   0   0   0   1   0      -4290.27550626
 f   0   0   0   0   0   0   7   0   0   0   0   0   0       3125.80926126
 f   0   0   0   0   0   0   0   7   0   0   0   1   0       1627.58071442
 f   0   0   0   0   0   0   8   0   0   0   0   0   0      -2058.02261564
 f   0   0   0   0   0   0   0   8   0   0   0   1   0        365.58617151
 f   0   0   0   0   0   0   0   0   0   2   0   0   9      19659.29473336
 f   0   0   0   0   0   0   0   0   0   2   0   1   9       1178.86482887
 f   0   0   0   0   0   0   0   0   0   2   0   2   0          0.00000000
 f   0   0   0   0   0   0   0   0   0   1   2   0   8       5736.59396936
 h   0   0   0   0   0   0   0   0   0   2   1  -1   8       -857.18745025
 f   0   0   0   0   0   0   0   0   0   4   0   0   7         79.74558556
 f   0   0   0   0   0   0   0   0   0   4   0   1   7       -121.90594955
 f   0   0   0   0   0   0   0   0   0   2   2   1   0          0.00000000
 f   0   0   0   0   0   0   0   0   0   5   0   0   6       -211.08461722
 f   0   0   0   0   0   0   0   0   0   5   0   1   0          0.00000000
 h   0   0   0   0   0   0   0   0   0   4   1  -1   6        -66.64164472
 f   0   0   0   0   0   0   0   0   0   4   2   0   5       -967.74610562
 f   0   0   0   0   0   0   0   0   0   4   2   1   0          0.00000000
 f   0   0   0   0   0   0   0   0   0   2   4   0   5        156.95249312
 f   0   0   0   0   0   0   0   0   0   2   4   0   0          0.00000000
 h   0   0   0   0   0   0   0   0   0   5   1  -1   0          0.00000000
 f   0   0   0   0   0   0   0   0   0   7   0   0   4        -52.09363633
 f   0   0   0   0   0   0   0   0   0   7   0   1   0          0.00000000
 f   0   0   0   0   0   0   0   0   0   8   0   0   3         84.69591211
 f   0   0   0   0   0   0   0   0   0   8   0   1   3       -103.70704551
relat_sterr_min,ilow_sterr, tivar:    0.10000000D+21   -1    6
rCOe                               0          1.41987334
rOHe                               0          0.95784813
rCH                                0          1.08904402
aHOC                               0        108.10770858
aHCO                               0        108.45879318
a1                                 0          2.16647936
a2                                 0          2.55949120
b1                                 0          1.78266276
Sa                                 9         -0.02676701
Sb                                 9          0.04615069
 f   0   0   0   0   0   0   0   0   0   0   0   0   9  -25374001.62702231
 f   2   0   0   0   0   0   0   0   0   0   0   0   0      29729.89171151
 f   3   0   0   0   0   0   0   0   0   0   0   0   0       3589.05223686
 f   4   0   0   0   0   0   0   0   0   0   0   0   0       2951.17109114
 f   5   0   0   0   0   0   0   0   0   0   0   0   0       1769.19477278
 f   6   0   0   0   0   0   0   0   0   0   0   0   0       1206.04063285
 f   7   0   0   0   0   0   0   0   0   0   0   0   0        849.26484308
 f   8   0   0   0   0   0   0   0   0   0   0   0   0        338.38027724
 f   0   2   0   0   0   0   0   0   0   0   0   0   0      32142.72741440
 f   0   3   0   0   0   0   0   0   0   0   0   0   0       2653.34522751
 f   0   4   0   0   0   0   0   0   0   0   0   0   0       3096.53446533
 f   0   5   0   0   0   0   0   0   0   0   0   0   0       1742.20599129
 f   0   6   0   0   0   0   0   0   0   0   0   0   0       1245.49108764
 f   0   7   0   0   0   0   0   0   0   0   0   0   0        977.04772884
 f   0   8   0   0   0   0   0   0   0   0   0   0   0        393.48896213
 f   0   0   0   1   0   0   0   0   0   0   0   1   0      -3250.22767830
 f   0   0   2   0   0   0   0   0   0   0   0   0   0     126177.00529996
 f   0   0   0   2   0   0   0   0   0   0   0   1   0      -3834.27993495
 f   0   0   3   0   0   0   0   0   0   0   0   0   0     -10993.76244966
 f   0   0   0   3   0   0   0   0   0   0   0   1   0      -3065.00640425
 f   0   0   4   0   0   0   0   0   0   0   0   0   0       9520.34856488
 f   0   0   0   4   0   0   0   0   0   0   0   1   0      -2129.49604639
 f   0   0   5   0   0   0   0   0   0   0   0   0   0       3164.48043805
 f   0   0   0   5   0   0   0   0   0   0   0   1   0      -1471.58694971
 f   0   0   6   0   0   0   0   0   0   0   0   0   0       2304.02716989
 f   0   0   0   6   0   0   0   0   0   0   0   1   0       -334.21516758
 f   0   0   7   0   0   0   0   0   0   0   0   0   0        899.15111913
 f   0   0   0   7   0   0   0   0   0   0   0   1   0        924.27136284
 f   0   0   0   0   0   2   0   0   0   0   0   0   0      19859.82992506
 f   0   0   0   0   0   3   0   0   0   0   0   0   0      -7505.65539831
 f   0   0   0   0   0   4   0   0   0   0   0   0   0      -1311.28493263
 f   0   0   0   0   0   5   0   0   0   0   0   0   0       -332.79228762
 f   0   0   0   0   0   6   0   0   0   0   0   0   0       -394.85493108
 f   0   0   0   0   0   7   0   0   0   0   0   0   0       -532.10818437
 f   0   0   0   0   0   8   0   0   0   0   0   0   0        711.73369579
 f   0   0   0   0   0   0   0   1   0   0   0   1   0     -20311.10172955
 f   0   0   0   0   0   0   2   0   0   0   0   0   0      84720.61394282
 f   0   0   0   0   0   0   0   2   0   0   0   1   0       4331.33627200
 f   0   0   0   0   0   0   3   0   0   0   0   0   0     -12556.02967836
 f   0   0   0   0   0   0   0   3   0   0   0   1   0        701.06527137
 f   0   0   0   0   0   0   4   0   0   0   0   0   0       7636.69199844
 f   0   0   0   0   0   0   0   4   0   0   0   1   0      -3023.09243372
 f   0   0   0   0   0   0   5   0   0   0   0   0   0      -2028.45775182
 f   0   0   0   0   0   0   0   5   0   0   0   1   0       5867.71153691
 f   0   0   0   0   0   0   6   0   0   0   0   0   0      -2735.49233553
 f   0   0   0   0   0   0   0   6   0   0   0   1   0      -4290.27550626
 f   0   0   0   0   0   0   7   0   0   0   0   0   0       3125.80926126
 f   0   0   0   0   0   0   0   7   0   0   0   1   0       1627.58071442
 f   0   0   0   0   0   0   8   0   0   0   0   0   0      -2058.02261564
 f   0   0   0   0   0   0   0   8   0   0   0   1   0        365.58617151
 f   0   0   0   0   0   0   0   0   0   2   0   0   9      19659.29473336
 f   0   0   0   0   0   0   0   0   0   2   0   1   9       1178.86482887
 f   0   0   0   0   0   0   0   0   0   2   0   2   0          0.00000000
 f   0   0   0   0   0   0   0   0   0   1   2   0   8       5736.59396936
 h   0   0   0   0   0   0   0   0   0   2   1  -1   8       -857.18745025
 f   0   0   0   0   0   0   0   0   0   4   0   0   7         79.74558556
 f   0   0   0   0   0   0   0   0   0   4   0   1   7       -121.90594955
 f   0   0   0   0   0   0   0   0   0   2   2   1   0          0.00000000
 f   0   0   0   0   0   0   0   0   0   5   0   0   6       -211.08461722
 f   0   0   0   0   0   0   0   0   0   5   0   1   0          0.00000000
 h   0   0   0   0   0   0   0   0   0   4   1  -1   6        -66.64164472
 f   0   0   0   0   0   0   0   0   0   4   2   0   5       -967.74610562
 f   0   0   0   0   0   0   0   0   0   4   2   1   0          0.00000000
 f   0   0   0   0   0   0   0   0   0   2   4   0   5        156.95249312
 f   0   0   0   0   0   0   0   0   0   2   4   0   0          0.00000000
 h   0   0   0   0   0   0   0   0   0   5   1  -1   0          0.00000000
 f   0   0   0   0   0   0   0   0   0   7   0   0   4        -52.09363633
 f   0   0   0   0   0   0   0   0   0   7   0   1   0          0.00000000
 f   0   0   0   0   0   0   0   0   0   8   0   0   3         84.69591211
 f   0   0   0   0   0   0   0   0   0   8   0   1   3       -103.70704551
relat_sterr_min,ilow_sterr, tivar:    0.10000000D+21   -1    7
rCOe                               0          1.41987334
rOHe                               0          0.95784813
rCH                                0          1.08904402
aHOC                               0        108.10770858
aHCO                               0        108.45879318
a1                                 0          2.16647936
a2                                 0          2.55949120
b1                                 0          1.78266276
Sa                                 9         -0.02676701
Sb                                 9          0.04615069
 f   0   0   0   0   0   0   0   0   0   0   0   0   9  -25374001.62702231
 f   2   0   0   0   0   0   0   0   0   0   0   0   0      29729.89171151
 f   3   0   0   0   0   0   0   0   0   0   0   0   0       3589.05223686
 f   4   0   0   0   0   0   0   0   0   0   0   0   0       2951.17109114
 f   5   0   0   0   0   0   0   0   0   0   0   0   0       1769.19477278
 f   6   0   0   0   0   0   0   0   0   0   0   0   0       1206.04063285
 f   7   0   0   0   0   0   0   0   0   0   0   0   0        849.26484308
 f   8   0   0   0   0   0   0   0   0   0   0   0   0        338.38027724
 f   0   2   0   0   0   0   0   0   0   0   0   0   0      32142.72741440
 f   0   3   0   0   0   0   0   0   0   0   0   0   0       2653.34522751
 f   0   4   0   0   0   0   0   0   0   0   0   0   0       3096.53446533
 f   0   5   0   0   0   0   0   0   0   0   0   0   0       1742.20599129
 f   0   6   0   0   0   0   0   0   0   0   0   0   0       1245.49108764
 f   0   7   0   0   0   0   0   0   0   0   0   0   0        977.04772884
 f   0   8   0   0   0   0   0   0   0   0   0   0   0        393.48896213
 f   0   0   0   1   0   0   0   0   0   0   0   1   0      -3250.22767830
 f   0   0   2   0   0   0   0   0   0   0   0   0   0     126177.00529996
 f   0   0   0   2   0   0   0   0   0   0   0   1   0      -3834.27993495
 f   0   0   3   0   0   0   0   0   0   0   0   0   0     -10993.76244966
 f   0   0   0   3   0   0   0   0   0   0   0   1   0      -3065.00640425
 f   0   0   4   0   0   0   0   0   0   0   0   0   0       9520.34856488
 f   0   0   0   4   0   0   0   0   0   0   0   1   0      -2129.49604639
 f   0   0   5   0   0   0   0   0   0   0   0   0   0       3164.48043805
 f   0   0   0   5   0   0   0   0   0   0   0   1   0      -1471.58694971
 f   0   0   6   0   0   0   0   0   0   0   0   0   0       2304.02716989
 f   0   0   0   6   0   0   0   0   0   0   0   1   0       -334.21516758
 f   0   0   7   0   0   0   0   0   0   0   0   0   0        899.15111913
 f   0   0   0   7   0   0   0   0   0   0   0   1   0        924.27136284
 f   0   0   0   0   0   2   0   0   0   0   0   0   0      19859.82992506
 f   0   0   0   0   0   3   0   0   0   0   0   0   0      -7505.65539831
 f   0   0   0   0   0   4   0   0   0   0   0   0   0      -1311.28493263
 f   0   0   0   0   0   5   0   0   0   0   0   0   0       -332.79228762
 f   0   0   0   0   0   6   0   0   0   0   0   0   0       -394.85493108
 f   0   0   0   0   0   7   0   0   0   0   0   0   0       -532.10818437
 f   0   0   0   0   0   8   0   0   0   0   0   0   0        711.73369579
 f   0   0   0   0   0   0   0   1   0   0   0   1   0     -20311.10172955
 f   0   0   0   0   0   0   2   0   0   0   0   0   0      84720.61394282
 f   0   0   0   0   0   0   0   2   0   0   0   1   0       4331.33627200
 f   0   0   0   0   0   0   3   0   0   0   0   0   0     -12556.02967836
 f   0   0   0   0   0   0   0   3   0   0   0   1   0        701.06527137
 f   0   0   0   0   0   0   4   0   0   0   0   0   0       7636.69199844
 f   0   0   0   0   0   0   0   4   0   0   0   1   0      -3023.09243372
 f   0   0   0   0   0   0   5   0   0   0   0   0   0      -2028.45775182
 f   0   0   0   0   0   0   0   5   0   0   0   1   0       5867.71153691
 f   0   0   0   0   0   0   6   0   0   0   0   0   0      -2735.49233553
 f   0   0   0   0   0   0   0   6   0   0   0   1   0      -4290.27550626
 f   0   0   0   0   0   0   7   0   0   0   0   0   0       3125.80926126
 f   0   0   0   0   0   0   0   7   0   0   0   1   0       1627.58071442
 f   0   0   0   0   0   0   8   0   0   0   0   0   0      -2058.02261564
 f   0   0   0   0   0   0   0   8   0   0   0   1   0        365.58617151
 f   0   0   0   0   0   0   0   0   0   2   0   0   9      19659.29473336
 f   0   0   0   0   0   0   0   0   0   2   0   1   9       1178.86482887
 f   0   0   0   0   0   0   0   0   0   2   0   2   0          0.00000000
 f   0   0   0   0   0   0   0   0   0   1   2   0   8       5736.59396936
 h   0   0   0   0   0   0   0   0   0   2   1  -1   8       -857.18745025
 f   0   0   0   0   0   0   0   0   0   4   0   0   7         79.74558556
 f   0   0   0   0   0   0   0   0   0   4   0   1   7       -121.90594955
 f   0   0   0   0   0   0   0   0   0   2   2   1   0          0.00000000
 f   0   0   0   0   0   0   0   0   0   5   0   0   6       -211.08461722
 f   0   0   0   0   0   0   0   0   0   5   0   1   0          0.00000000
 h   0   0   0   0   0   0   0   0   0   4   1  -1   6        -66.64164472
 f   0   0   0   0   0   0   0   0   0   4   2   0   5       -967.74610562
 f   0   0   0   0   0   0   0   0   0   4   2   1   0          0.00000000
 f   0   0   0   0   0   0   0   0   0   2   4   0   5        156.95249312
 f   0   0   0   0   0   0   0   0   0   2   4   0   0          0.00000000
 h   0   0   0   0   0   0   0   0   0   5   1  -1   0          0.00000000
 f   0   0   0   0   0   0   0   0   0   7   0   0   4        -52.09363633
 f   0   0   0   0   0   0   0   0   0   7   0   1   0          0.00000000
 f   0   0   0   0   0   0   0   0   0   8   0   0   3         84.69591211
 f   0   0   0   0   0   0   0   0   0   8   0   1   3       -103.70704551
relat_sterr_min,ilow_sterr, tivar:    0.10000000D+21   -1    8
rCOe                               0          1.41987334
rOHe                               0          0.95784813
rCH                                0          1.08904402
aHOC                               0        108.10770858
aHCO                               0        108.45879318
a1                                 0          2.16647936
a2                                 0          2.55949120
b1                                 0          1.78266276
Sa                                 9         -0.02676701
Sb                                 9          0.04615069
 f   0   0   0   0   0   0   0   0   0   0   0   0   9  -25374001.62702231
 f   2   0   0   0   0   0   0   0   0   0   0   0   0      29729.89171151
 f   3   0   0   0   0   0   0   0   0   0   0   0   0       3589.05223686
 f   4   0   0   0   0   0   0   0   0   0   0   0   0       2951.17109114
 f   5   0   0   0   0   0   0   0   0   0   0   0   0       1769.19477278
 f   6   0   0   0   0   0   0   0   0   0   0   0   0       1206.04063285
 f   7   0   0   0   0   0   0   0   0   0   0   0   0        849.26484308
 f   8   0   0   0   0   0   0   0   0   0   0   0   0        338.38027724
 f   0   2   0   0   0   0   0   0   0   0   0   0   0      32142.72741440
 f   0   3   0   0   0   0   0   0   0   0   0   0   0       2653.34522751
 f   0   4   0   0   0   0   0   0   0   0   0   0   0       3096.53446533
 f   0   5   0   0   0   0   0   0   0   0   0   0   0       1742.20599129
 f   0   6   0   0   0   0   0   0   0   0   0   0   0       1245.49108764
 f   0   7   0   0   0   0   0   0   0   0   0   0   0        977.04772884
 f   0   8   0   0   0   0   0   0   0   0   0   0   0        393.48896213
 f   0   0   0   1   0   0   0   0   0   0   0   1   0      -3250.22767830
 f   0   0   2   0   0   0   0   0   0   0   0   0   0     126177.00529996
 f   0   0   0   2   0   0   0   0   0   0   0   1   0      -3834.27993495
 f   0   0   3   0   0   0   0   0   0   0   0   0   0     -10993.76244966
 f   0   0   0   3   0   0   0   0   0   0   0   1   0      -3065.00640425
 f   0   0   4   0   0   0   0   0   0   0   0   0   0       9520.34856488
 f   0   0   0   4   0   0   0   0   0   0   0   1   0      -2129.49604639
 f   0   0   5   0   0   0   0   0   0   0   0   0   0       3164.48043805
 f   0   0   0   5   0   0   0   0   0   0   0   1   0      -1471.58694971
 f   0   0   6   0   0   0   0   0   0   0   0   0   0       2304.02716989
 f   0   0   0   6   0   0   0   0   0   0   0   1   0       -334.21516758
 f   0   0   7   0   0   0   0   0   0   0   0   0   0        899.15111913
 f   0   0   0   7   0   0   0   0   0   0   0   1   0        924.27136284
 f   0   0   0   0   0   2   0   0   0   0   0   0   0      19859.82992506
 f   0   0   0   0   0   3   0   0   0   0   0   0   0      -7505.65539831
 f   0   0   0   0   0   4   0   0   0   0   0   0   0      -1311.28493263
 f   0   0   0   0   0   5   0   0   0   0   0   0   0       -332.79228762
 f   0   0   0   0   0   6   0   0   0   0   0   0   0       -394.85493108
 f   0   0   0   0   0   7   0   0   0   0   0   0   0       -532.10818437
 f   0   0   0   0   0   8   0   0   0   0   0   0   0        711.73369579
 f   0   0   0   0   0   0   0   1   0   0   0   1   0     -20311.10172955
 f   0   0   0   0   0   0   2   0   0   0   0   0   0      84720.61394282
 f   0   0   0   0   0   0   0   2   0   0   0   1   0       4331.33627200
 f   0   0   0   0   0   0   3   0   0   0   0   0   0     -12556.02967836
 f   0   0   0   0   0   0   0   3   0   0   0   1   0        701.06527137
 f   0   0   0   0   0   0   4   0   0   0   0   0   0       7636.69199844
 f   0   0   0   0   0   0   0   4   0   0   0   1   0      -3023.09243372
 f   0   0   0   0   0   0   5   0   0   0   0   0   0      -2028.45775182
 f   0   0   0   0   0   0   0   5   0   0   0   1   0       5867.71153691
 f   0   0   0   0   0   0   6   0   0   0   0   0   0      -2735.49233553
 f   0   0   0   0   0   0   0   6   0   0   0   1   0      -4290.27550626
 f   0   0   0   0   0   0   7   0   0   0   0   0   0       3125.80926126
 f   0   0   0   0   0   0   0   7   0   0   0   1   0       1627.58071442
 f   0   0   0   0   0   0   8   0   0   0   0   0   0      -2058.02261564
 f   0   0   0   0   0   0   0   8   0   0   0   1   0        365.58617151
 f   0   0   0   0   0   0   0   0   0   2   0   0   9      19659.29473336
 f   0   0   0   0   0   0   0   0   0   2   0   1   9       1178.86482887
 f   0   0   0   0   0   0   0   0   0   2   0   2   0          0.00000000
 f   0   0   0   0   0   0   0   0   0   1   2   0   8       5736.59396936
 h   0   0   0   0   0   0   0   0   0   2   1  -1   8       -857.18745025
 f   0   0   0   0   0   0   0   0   0   4   0   0   7         79.74558556
 f   0   0   0   0   0   0   0   0   0   4   0   1   7       -121.90594955
 f   0   0   0   0   0   0   0   0   0   2   2   1   0          0.00000000
 f   0   0   0   0   0   0   0   0   0   5   0   0   6       -211.08461722
 f   0   0   0   0   0   0   0   0   0   5   0   1   0          0.00000000
 h   0   0   0   0   0   0   0   0   0   4   1  -1   6        -66.64164472
 f   0   0   0   0   0   0   0   0   0   4   2   0   5       -967.74610562
 f   0   0   0   0   0   0   0   0   0   4   2   1   0          0.00000000
 f   0   0   0   0   0   0   0   0   0   2   4   0   5        156.95249312
 f   0   0   0   0   0   0   0   0   0   2   4   0   0          0.00000000
 h   0   0   0   0   0   0   0   0   0   5   1  -1   0          0.00000000
 f   0   0   0   0   0   0   0   0   0   7   0   0   4        -52.09363633
 f   0   0   0   0   0   0   0   0   0   7   0   1   0          0.00000000
 f   0   0   0   0   0   0   0   0   0   8   0   0   3         84.69591211
 f   0   0   0   0   0   0   0   0   0   8   0   1   3       -103.70704551

   ------------------------------------------------------------------
   |   iter  |  points |    deviat     |     rms       |  stability  |
   ------------------------------------------------------------------

   -----------------------------------------------------------
   |  param  |  points |   deviat    |    rms      | stability |
   -----------------------------------------------------------
   |    16   |     35  |   0.12928E-01 |  0.10459E+04  |    0.220E-08 |

############################################################################################
