************************************************************************************************************************************
 ************************************************************************************************************************************
 ************************************************************************************************************************************
 ****************                                                                                                    ****************
 ****************          *  FITTING OF THE POTENTIAL PARAMETERS TO AB INITIO DATA                                  ****************
 ****************          *                                                                                         ****************
 ****************          *  2016                                                                                   ****************
 ****************          *  C2H6                                                                                   ****************

 ****************                                                                                                    ****************
 ************************************************************************************************************************************
 ************************************************************************************************************************************
 ************************************************************************************************************************************
 
        12 <= number of degrees of freedom
         5 <= number of bonds
         7 <= number of bond angles
        20 <= number of iterations in the fit
  0.000000 <= The fit is over if the stability is reached 
  0.000010 <= The fit is over if the st.dev. best is reached 
  1.000000 <= sterr parameter out 
  0.000010 <= stdev parameter out 
         1 <= watson robust on (1) or of (0) 
         8 <= number of non-linear parameters
 parameters of structure 
rCOe      =           1.420
rOHe      =           0.958
rCH       =           1.091
aHOC      =         108.129
aHCO      =         111.952
a1        =           2.166
a2        =           2.559
b1        =           1.550
Lowest energy = -115.612182    

   ------------------------------------------------------------------
   |   iter  |  points |    deviat     |     rms       |  stability  |
   ------------------------------------------------------------------
   |     1   |     19  |   0.60982E-02 |  0.25125E+01  |   0.732E+11 |
   |     2   |     19  |   0.36201E-01 |  0.21336E+01  |   0.277E+01 |
   |     3   |     19  |   0.60967E-02 |  0.25125E+01  |   0.494E+01 |
   |     4   |     19  |   0.60967E-02 |  0.25125E+01  |   0.372E-04 |
   |     5   |     19  |   0.60967E-02 |  0.25125E+01  |   0.451E-06 |
   |     6   |     19  |   0.60967E-02 |  0.25125E+01  |   0.136E-06 |
   |     7   |     19  |   0.60967E-02 |  0.25125E+01  |   0.109E-06 |
   |     8   |     19  |   0.60967E-02 |  0.25125E+01  |   0.140E-09 |
   |     9   |     19  |   0.60967E-02 |  0.25125E+01  |   0.109E-06 |
   |    10   |     19  |   0.60967E-02 |  0.25125E+01  |   0.451E-07 |
   |    11   |     19  |   0.60967E-02 |  0.25125E+01  |   0.192E-06 |
   |    12   |     19  |   0.60967E-02 |  0.25125E+01  |   0.761E-07 |
   |    13   |     19  |   0.60967E-02 |  0.25125E+01  |   0.303E-07 |
   |    14   |     19  |   0.60967E-02 |  0.25125E+01  |   0.200E-07 |
   |    15   |     19  |   0.60967E-02 |  0.25125E+01  |   0.616E-07 |
   |    16   |     19  |   0.60967E-02 |  0.25125E+01  |   0.154E-06 |
   |    17   |     19  |   0.60967E-02 |  0.25125E+01  |   0.878E-07 |
   |    18   |     19  |   0.60967E-02 |  0.25125E+01  |   0.605E-07 |
   |    19   |     19  |   0.60967E-02 |  0.25125E+01  |   0.415E-07 |
   |    20   |     19  |   0.60967E-02 |  0.25125E+01  |   0.252E-06 |
   |    21   |     19  |   0.60967E-02 |  0.25125E+01  |   0.434E-06 |

Watson Alpha parameter  0.1000 fitted with rms2 = 


Potential parameters rounded in accord. with their standart errors

rC  0  0  0  0  0  0  0  0  0  0  0  0   0   1.4198733    
rO  0  0  0  0  0  0  0  0  0  0  0  0   9        0.95784813    (      17)
rC  0  0  0  0  0  0  0  0  0  0  0  0   0   1.0910897    
aH  0  0  0  0  0  0  0  0  0  0  0  0   0   108.12931    
aH  0  0  0  0  0  0  0  0  0  0  0  0   0   111.95221    
a1  0  0  0  0  0  0  0  0  0  0  0  0   0   2.1664794    
a2  0  0  0  0  0  0  0  0  0  0  0  0   0   2.5594912    
b1  0  0  0  0  0  0  0  0  0  0  0  0   0   1.5500000    
 f  0  0  0  0  0  0  0  0  0  0  0  0   9    -25373942.6681    (      28)
 f  2  0  0  0  0  0  0  0  0  0  0  0   0   29729.892    
 f  3  0  0  0  0  0  0  0  0  0  0  0   0   3589.0522    
 f  4  0  0  0  0  0  0  0  0  0  0  0   0   2951.1711    
 f  5  0  0  0  0  0  0  0  0  0  0  0   0   1769.1948    
 f  6  0  0  0  0  0  0  0  0  0  0  0   0   1206.0406    
 f  7  0  0  0  0  0  0  0  0  0  0  0   0   849.26484    
 f  8  0  0  0  0  0  0  0  0  0  0  0   0   338.38028    
 f  0  2  0  0  0  0  0  0  0  0  0  0   9          32142.73    (      20)
 f  0  3  0  0  0  0  0  0  0  0  0  0   8           2653.35    (      70)
 f  0  4  0  0  0  0  0  0  0  0  0  0   7            3096.5    (      29)
 f  0  5  0  0  0  0  0  0  0  0  0  0   6            1742.2    (      55)
 f  0  6  0  0  0  0  0  0  0  0  0  0   5             1245.    (      13)
 f  0  7  0  0  0  0  0  0  0  0  0  0   4              977.    (      13)
 f  0  8  0  0  0  0  0  0  0  0  0  0   3              393.    (      16)
------------------------------
*  FITTING OF THE POTENTIAL PARAMETERS TO AB INITIO DATA                        
*                                                                               
*  2016                                                                         
*  C2H6                                                                         
      rCOe                        0          1.41987334
      rOHe                        9          0.95784813
       rCH                        0          1.09108970
      aHOC                        0        108.12930637
      aHCO                        0        111.95221297
        a1                        0          2.16647936
        a2                        0          2.55949120
        b1                        0          1.55000000
 f   0   0   0   0   0   0   0   0   0   0   0   0   9  -25373942.66812357
 f   2   0   0   0   0   0   0   0   0   0   0   0   0      29729.89171151
 f   3   0   0   0   0   0   0   0   0   0   0   0   0       3589.05223686
 f   4   0   0   0   0   0   0   0   0   0   0   0   0       2951.17109114
 f   5   0   0   0   0   0   0   0   0   0   0   0   0       1769.19477278
 f   6   0   0   0   0   0   0   0   0   0   0   0   0       1206.04063285
 f   7   0   0   0   0   0   0   0   0   0   0   0   0        849.26484308
 f   8   0   0   0   0   0   0   0   0   0   0   0   0        338.38027724
 f   0   2   0   0   0   0   0   0   0   0   0   0   9      32142.72741440
 f   0   3   0   0   0   0   0   0   0   0   0   0   8       2653.34522751
 f   0   4   0   0   0   0   0   0   0   0   0   0   7       3096.53446533
 f   0   5   0   0   0   0   0   0   0   0   0   0   6       1742.20599129
 f   0   6   0   0   0   0   0   0   0   0   0   0   5       1245.49108764
 f   0   7   0   0   0   0   0   0   0   0   0   0   4        977.04772884
 f   0   8   0   0   0   0   0   0   0   0   0   0   3        393.48896213

Correlation coefficients larger than 0.9: 
          corr(   3,   5) =  0.9670553
          corr(   3,   7) =  0.9152894
          corr(   4,   6) =  0.9429747
          corr(   5,   7) =  0.9780197
          corr(   6,   8) =  0.9681300
          corr(   7,   9) =  0.9559568
          corr(   8,   9) =  0.9387592

               --------------------------------------------------------------------------------
               :     old parm   :     new parm   :  delta parm  :   std. err.  : sensitility
               --------------------------------------------------------------------------------
  1  rOHe       :          0.96  :          0.96  :         0.000:         0.000:         0.000:!
  2  f          :  -25373942.67  :  -25373942.67  :         0.000:         0.003:         0.000:!
  3  f          :      32142.73  :      32142.73  :         0.000:         0.202:         0.001:!
  4  f          :       2653.35  :       2653.35  :        -0.000:         0.704:         0.002:!
  5  f          :       3096.53  :       3096.53  :        -0.000:         2.868:         0.004:!
  6  f          :       1742.21  :       1742.21  :         0.000:         5.509:         0.009:!
  7  f          :       1245.49  :       1245.49  :         0.000:        12.832:         0.019:!
  8  f          :        977.05  :        977.05  :        -0.000:        13.110:         0.038:!
  9  f          :        393.49  :        393.49  :        -0.000:        15.990:         0.060:!
relat_sterr_min,ilow_sterr, tivar:    0.10000000D+21   -1    3
rCOe                               0          1.41987334
rOHe                               9          0.95784813
rCH                                0          1.09108970
aHOC                               0        108.12930637
aHCO                               0        111.95221297
a1                                 0          2.16647936
a2                                 0          2.55949120
b1                                 0          1.55000000
 f   0   0   0   0   0   0   0   0   0   0   0   0   9  -25373942.66812357
 f   2   0   0   0   0   0   0   0   0   0   0   0   0      29729.89171151
 f   3   0   0   0   0   0   0   0   0   0   0   0   0       3589.05223686
 f   4   0   0   0   0   0   0   0   0   0   0   0   0       2951.17109114
 f   5   0   0   0   0   0   0   0   0   0   0   0   0       1769.19477278
 f   6   0   0   0   0   0   0   0   0   0   0   0   0       1206.04063285
 f   7   0   0   0   0   0   0   0   0   0   0   0   0        849.26484308
 f   8   0   0   0   0   0   0   0   0   0   0   0   0        338.38027724
 f   0   2   0   0   0   0   0   0   0   0   0   0   9      32142.72741440
 f   0   3   0   0   0   0   0   0   0   0   0   0   8       2653.34522751
 f   0   4   0   0   0   0   0   0   0   0   0   0   7       3096.53446533
 f   0   5   0   0   0   0   0   0   0   0   0   0   6       1742.20599129
 f   0   6   0   0   0   0   0   0   0   0   0   0   5       1245.49108764
 f   0   7   0   0   0   0   0   0   0   0   0   0   4        977.04772884
 f   0   8   0   0   0   0   0   0   0   0   0   0   3        393.48896213
relat_sterr_min,ilow_sterr, tivar:    0.10000000D+21   -1    4
rCOe                               0          1.41987334
rOHe                               9          0.95784813
rCH                                0          1.09108970
aHOC                               0        108.12930637
aHCO                               0        111.95221297
a1                                 0          2.16647936
a2                                 0          2.55949120
b1                                 0          1.55000000
 f   0   0   0   0   0   0   0   0   0   0   0   0   9  -25373942.66812357
 f   2   0   0   0   0   0   0   0   0   0   0   0   0      29729.89171151
 f   3   0   0   0   0   0   0   0   0   0   0   0   0       3589.05223686
 f   4   0   0   0   0   0   0   0   0   0   0   0   0       2951.17109114
 f   5   0   0   0   0   0   0   0   0   0   0   0   0       1769.19477278
 f   6   0   0   0   0   0   0   0   0   0   0   0   0       1206.04063285
 f   7   0   0   0   0   0   0   0   0   0   0   0   0        849.26484308
 f   8   0   0   0   0   0   0   0   0   0   0   0   0        338.38027724
 f   0   2   0   0   0   0   0   0   0   0   0   0   9      32142.72741440
 f   0   3   0   0   0   0   0   0   0   0   0   0   8       2653.34522751
 f   0   4   0   0   0   0   0   0   0   0   0   0   7       3096.53446533
 f   0   5   0   0   0   0   0   0   0   0   0   0   6       1742.20599129
 f   0   6   0   0   0   0   0   0   0   0   0   0   5       1245.49108764
 f   0   7   0   0   0   0   0   0   0   0   0   0   4        977.04772884
 f   0   8   0   0   0   0   0   0   0   0   0   0   3        393.48896213
relat_sterr_min,ilow_sterr, tivar:    0.10000000D+21   -1    5
rCOe                               0          1.41987334
rOHe                               9          0.95784813
rCH                                0          1.09108970
aHOC                               0        108.12930637
aHCO                               0        111.95221297
a1                                 0          2.16647936
a2                                 0          2.55949120
b1                                 0          1.55000000
 f   0   0   0   0   0   0   0   0   0   0   0   0   9  -25373942.66812357
 f   2   0   0   0   0   0   0   0   0   0   0   0   0      29729.89171151
 f   3   0   0   0   0   0   0   0   0   0   0   0   0       3589.05223686
 f   4   0   0   0   0   0   0   0   0   0   0   0   0       2951.17109114
 f   5   0   0   0   0   0   0   0   0   0   0   0   0       1769.19477278
 f   6   0   0   0   0   0   0   0   0   0   0   0   0       1206.04063285
 f   7   0   0   0   0   0   0   0   0   0   0   0   0        849.26484308
 f   8   0   0   0   0   0   0   0   0   0   0   0   0        338.38027724
 f   0   2   0   0   0   0   0   0   0   0   0   0   9      32142.72741440
 f   0   3   0   0   0   0   0   0   0   0   0   0   8       2653.34522751
 f   0   4   0   0   0   0   0   0   0   0   0   0   7       3096.53446533
 f   0   5   0   0   0   0   0   0   0   0   0   0   6       1742.20599129
 f   0   6   0   0   0   0   0   0   0   0   0   0   5       1245.49108764
 f   0   7   0   0   0   0   0   0   0   0   0   0   4        977.04772884
 f   0   8   0   0   0   0   0   0   0   0   0   0   3        393.48896213
relat_sterr_min,ilow_sterr, tivar:    0.10000000D+21   -1    6
rCOe                               0          1.41987334
rOHe                               9          0.95784813
rCH                                0          1.09108970
aHOC                               0        108.12930637
aHCO                               0        111.95221297
a1                                 0          2.16647936
a2                                 0          2.55949120
b1                                 0          1.55000000
 f   0   0   0   0   0   0   0   0   0   0   0   0   9  -25373942.66812357
 f   2   0   0   0   0   0   0   0   0   0   0   0   0      29729.89171151
 f   3   0   0   0   0   0   0   0   0   0   0   0   0       3589.05223686
 f   4   0   0   0   0   0   0   0   0   0   0   0   0       2951.17109114
 f   5   0   0   0   0   0   0   0   0   0   0   0   0       1769.19477278
 f   6   0   0   0   0   0   0   0   0   0   0   0   0       1206.04063285
 f   7   0   0   0   0   0   0   0   0   0   0   0   0        849.26484308
 f   8   0   0   0   0   0   0   0   0   0   0   0   0        338.38027724
 f   0   2   0   0   0   0   0   0   0   0   0   0   9      32142.72741440
 f   0   3   0   0   0   0   0   0   0   0   0   0   8       2653.34522751
 f   0   4   0   0   0   0   0   0   0   0   0   0   7       3096.53446533
 f   0   5   0   0   0   0   0   0   0   0   0   0   6       1742.20599129
 f   0   6   0   0   0   0   0   0   0   0   0   0   5       1245.49108764
 f   0   7   0   0   0   0   0   0   0   0   0   0   4        977.04772884
 f   0   8   0   0   0   0   0   0   0   0   0   0   3        393.48896213
relat_sterr_min,ilow_sterr, tivar:    0.10000000D+21   -1    7
rCOe                               0          1.41987334
rOHe                               9          0.95784813
rCH                                0          1.09108970
aHOC                               0        108.12930637
aHCO                               0        111.95221297
a1                                 0          2.16647936
a2                                 0          2.55949120
b1                                 0          1.55000000
 f   0   0   0   0   0   0   0   0   0   0   0   0   9  -25373942.66812357
 f   2   0   0   0   0   0   0   0   0   0   0   0   0      29729.89171151
 f   3   0   0   0   0   0   0   0   0   0   0   0   0       3589.05223686
 f   4   0   0   0   0   0   0   0   0   0   0   0   0       2951.17109114
 f   5   0   0   0   0   0   0   0   0   0   0   0   0       1769.19477278
 f   6   0   0   0   0   0   0   0   0   0   0   0   0       1206.04063285
 f   7   0   0   0   0   0   0   0   0   0   0   0   0        849.26484308
 f   8   0   0   0   0   0   0   0   0   0   0   0   0        338.38027724
 f   0   2   0   0   0   0   0   0   0   0   0   0   9      32142.72741440
 f   0   3   0   0   0   0   0   0   0   0   0   0   8       2653.34522751
 f   0   4   0   0   0   0   0   0   0   0   0   0   7       3096.53446533
 f   0   5   0   0   0   0   0   0   0   0   0   0   6       1742.20599129
 f   0   6   0   0   0   0   0   0   0   0   0   0   5       1245.49108764
 f   0   7   0   0   0   0   0   0   0   0   0   0   4        977.04772884
 f   0   8   0   0   0   0   0   0   0   0   0   0   3        393.48896213
relat_sterr_min,ilow_sterr, tivar:    0.10000000D+21   -1    8
rCOe                               0          1.41987334
rOHe                               9          0.95784813
rCH                                0          1.09108970
aHOC                               0        108.12930637
aHCO                               0        111.95221297
a1                                 0          2.16647936
a2                                 0          2.55949120
b1                                 0          1.55000000
 f   0   0   0   0   0   0   0   0   0   0   0   0   9  -25373942.66812357
 f   2   0   0   0   0   0   0   0   0   0   0   0   0      29729.89171151
 f   3   0   0   0   0   0   0   0   0   0   0   0   0       3589.05223686
 f   4   0   0   0   0   0   0   0   0   0   0   0   0       2951.17109114
 f   5   0   0   0   0   0   0   0   0   0   0   0   0       1769.19477278
 f   6   0   0   0   0   0   0   0   0   0   0   0   0       1206.04063285
 f   7   0   0   0   0   0   0   0   0   0   0   0   0        849.26484308
 f   8   0   0   0   0   0   0   0   0   0   0   0   0        338.38027724
 f   0   2   0   0   0   0   0   0   0   0   0   0   9      32142.72741440
 f   0   3   0   0   0   0   0   0   0   0   0   0   8       2653.34522751
 f   0   4   0   0   0   0   0   0   0   0   0   0   7       3096.53446533
 f   0   5   0   0   0   0   0   0   0   0   0   0   6       1742.20599129
 f   0   6   0   0   0   0   0   0   0   0   0   0   5       1245.49108764
 f   0   7   0   0   0   0   0   0   0   0   0   0   4        977.04772884
 f   0   8   0   0   0   0   0   0   0   0   0   0   3        393.48896213

   ------------------------------------------------------------------
   |   iter  |  points |    deviat     |     rms       |  stability  |
   ------------------------------------------------------------------

   -----------------------------------------------------------
   |  param  |  points |   deviat    |    rms      | stability |
   -----------------------------------------------------------
   |     9   |     19  |   0.60967E-02 |  0.12246E+03  |    0.434E-06 |

############################################################################################
