************************************************************************************************************************************
 ************************************************************************************************************************************
 ************************************************************************************************************************************
 ****************                                                                                                    ****************
 ****************          *  FITTING OF THE POTENTIAL PARAMETERS TO AB INITIO DATA                                  ****************
 ****************          *                                                                                         ****************
 ****************          *  2016                                                                                   ****************
 ****************          *  C2H6                                                                                   ****************

 ****************                                                                                                    ****************
 ************************************************************************************************************************************
 ************************************************************************************************************************************
 ************************************************************************************************************************************
 
        12 <= number of degrees of freedom
         5 <= number of bonds
         7 <= number of bond angles
        20 <= number of iterations in the fit
  0.000000 <= The fit is over if the stability is reached 
  0.000010 <= The fit is over if the st.dev. best is reached 
  1.000000 <= sterr parameter out 
  0.000010 <= stdev parameter out 
         1 <= watson robust on (1) or of (0) 
         8 <= number of non-linear parameters
 parameters of structure 
rCOe      =           1.420
rOHe      =           0.958
rCH       =           1.089
aHOC      =         108.108
aHCO      =         108.459
a1        =           2.166
a2        =           2.559
b1        =           1.783
Lowest energy = -115.612195    

   ------------------------------------------------------------------
   |   iter  |  points |    deviat     |     rms       |  stability  |
   ------------------------------------------------------------------
   |     1   |     13  |   0.19074E+03 |  0.30771E+03  |   0.202E+08 |
   |     2   |     13  |   0.23969E+01 |  0.20648E+01  |   0.380E+03 |
   |     3   |     13  |   0.21442E+01 |  0.22200E+01  |   0.463E+00 |
   |     4   |     13  |   0.20054E+01 |  0.21777E+01  |   0.182E+00 |
   |     5   |     13  |   0.20253E+01 |  0.21749E+01  |   0.121E-01 |
   |     6   |     13  |   0.18752E+01 |  0.22981E+01  |   0.442E-01 |
   |     7   |     13  |   0.19280E+01 |  0.22482E+01  |   0.345E-01 |
   |     8   |     13  |   0.18061E+01 |  0.23818E+01  |   0.120E-01 |
   |     9   |     13  |   0.18328E+01 |  0.23465E+01  |   0.445E-01 |
   |    10   |     13  |   0.17836E+01 |  0.24175E+01  |   0.432E-02 |
   |    11   |     13  |   0.17914E+01 |  0.24041E+01  |   0.223E-01 |
   |    12   |     13  |   0.17775E+01 |  0.24285E+01  |   0.327E-02 |
   |    13   |     13  |   0.17796E+01 |  0.24246E+01  |   0.729E-02 |
   |    14   |     13  |   0.17759E+01 |  0.24315E+01  |   0.108E-02 |
   |    15   |     13  |   0.17764E+01 |  0.24304E+01  |   0.202E-02 |
   |    16   |     13  |   0.17755E+01 |  0.24323E+01  |   0.296E-03 |
   |    17   |     13  |   0.17756E+01 |  0.24320E+01  |   0.535E-03 |
   |    18   |     13  |   0.17754E+01 |  0.24325E+01  |   0.782E-04 |
   |    19   |     13  |   0.17754E+01 |  0.24324E+01  |   0.141E-03 |
   |    20   |     13  |   0.17753E+01 |  0.24325E+01  |   0.205E-04 |
   |    21   |     13  |   0.17753E+01 |  0.24325E+01  |   0.370E-04 |

Watson Alpha parameter  0.1000 fitted with rms2 = 


Potential parameters rounded in accord. with their standart errors

rC  0  0  0  0  0  0  0  0  0  0  0  0   0   1.4198733    
rO  0  0  0  0  0  0  0  0  0  0  0  0   0  0.95784813    
rC  0  0  0  0  0  0  0  0  0  0  0  0   0   1.0890440    
aH  0  0  0  0  0  0  0  0  0  0  0  0   0   108.10771    
aH  0  0  0  0  0  0  0  0  0  0  0  0   0   108.45879    
a1  0  0  0  0  0  0  0  0  0  0  0  0   0   2.1664794    
a2  0  0  0  0  0  0  0  0  0  0  0  0   0   2.5594912    
b1  0  0  0  0  0  0  0  0  0  0  0  0   0   1.7826628    
 f  0  0  0  0  0  0  0  0  0  0  0  0   9      -25373740.72    (      50)
 f  0  0  0  0  0  0  0  0  0  0  0  3   9            217.93    (      71)
 f  0  0  0  0  0  0  0  0  0  0  0  6   8             20.19    (      70)
 f  0  0  0  0  0  0  0  0  0  0  0  9   7              8.90    (      69)
 f  0  0  0  0  0  0  0  0  0  0  0 12   6              5.34    (      68)
 f  0  0  0  0  0  0  0  0  0  0  0 15   5              3.47    (      66)
 f  0  0  0  0  0  0  0  0  0  0  0 18   4              2.39    (      66)
 f  0  0  0  0  0  0  0  0  0  0  0 21   3              1.51    (      68)
------------------------------
*  FITTING OF THE POTENTIAL PARAMETERS TO AB INITIO DATA                        
*                                                                               
*  2016                                                                         
*  C2H6                                                                         
      rCOe                        0          1.41987334
      rOHe                        0          0.95784813
       rCH                        0          1.08904402
      aHOC                        0        108.10770858
      aHCO                        0        108.45879318
        a1                        0          2.16647936
        a2                        0          2.55949120
        b1                        0          1.78266276
 f   0   0   0   0   0   0   0   0   0   0   0   0   9  -25373740.72360406
 f   0   0   0   0   0   0   0   0   0   0   0   3   9        217.93244236
 f   0   0   0   0   0   0   0   0   0   0   0   6   8         20.19146902
 f   0   0   0   0   0   0   0   0   0   0   0   9   7          8.90351743
 f   0   0   0   0   0   0   0   0   0   0   0  12   6          5.34220082
 f   0   0   0   0   0   0   0   0   0   0   0  15   5          3.46811766
 f   0   0   0   0   0   0   0   0   0   0   0  18   4          2.39415821
 f   0   0   0   0   0   0   0   0   0   0   0  21   3          1.50735982

Correlation coefficients larger than 0.9: 

               --------------------------------------------------------------------------------
               :     old parm   :     new parm   :  delta parm  :   std. err.  : sensitility
               --------------------------------------------------------------------------------
  1  f          :  -25373740.72  :  -25373740.72  :         0.000:         0.500:         0.022:!
  2  f          :        217.93  :        217.93  :         0.000:         0.713:         0.031:!
  3  f          :         20.19  :         20.19  :         0.000:         0.696:         0.031:!
  4  f          :          8.90  :          8.90  :         0.000:         0.694:         0.030:!
  5  f          :          5.34  :          5.34  :         0.000:         0.678:         0.030:!
  6  f          :          3.47  :          3.47  :         0.000:         0.663:         0.029:!
  7  f          :          2.39  :          2.39  :        -0.000:         0.663:         0.029:!
  8  f          :          1.51  :          1.51  :        -0.000:         0.677:         0.029:!
relat_sterr_min,ilow_sterr, tivar:    0.10000000D+21   -1    3
rCOe                               0          1.41987334
rOHe                               0          0.95784813
rCH                                0          1.08904402
aHOC                               0        108.10770858
aHCO                               0        108.45879318
a1                                 0          2.16647936
a2                                 0          2.55949120
b1                                 0          1.78266276
 f   0   0   0   0   0   0   0   0   0   0   0   0   9  -25373740.72360406
 f   0   0   0   0   0   0   0   0   0   0   0   3   9        217.93244236
 f   0   0   0   0   0   0   0   0   0   0   0   6   8         20.19146902
 f   0   0   0   0   0   0   0   0   0   0   0   9   7          8.90351743
 f   0   0   0   0   0   0   0   0   0   0   0  12   6          5.34220082
 f   0   0   0   0   0   0   0   0   0   0   0  15   5          3.46811766
 f   0   0   0   0   0   0   0   0   0   0   0  18   4          2.39415821
 f   0   0   0   0   0   0   0   0   0   0   0  21   3          1.50735982
relat_sterr_min,ilow_sterr, tivar:    0.10000000D+21   -1    4
rCOe                               0          1.41987334
rOHe                               0          0.95784813
rCH                                0          1.08904402
aHOC                               0        108.10770858
aHCO                               0        108.45879318
a1                                 0          2.16647936
a2                                 0          2.55949120
b1                                 0          1.78266276
 f   0   0   0   0   0   0   0   0   0   0   0   0   9  -25373740.72360406
 f   0   0   0   0   0   0   0   0   0   0   0   3   9        217.93244236
 f   0   0   0   0   0   0   0   0   0   0   0   6   8         20.19146902
 f   0   0   0   0   0   0   0   0   0   0   0   9   7          8.90351743
 f   0   0   0   0   0   0   0   0   0   0   0  12   6          5.34220082
 f   0   0   0   0   0   0   0   0   0   0   0  15   5          3.46811766
 f   0   0   0   0   0   0   0   0   0   0   0  18   4          2.39415821
 f   0   0   0   0   0   0   0   0   0   0   0  21   3          1.50735982
relat_sterr_min,ilow_sterr, tivar:    0.10000000D+21   -1    5
rCOe                               0          1.41987334
rOHe                               0          0.95784813
rCH                                0          1.08904402
aHOC                               0        108.10770858
aHCO                               0        108.45879318
a1                                 0          2.16647936
a2                                 0          2.55949120
b1                                 0          1.78266276
 f   0   0   0   0   0   0   0   0   0   0   0   0   9  -25373740.72360406
 f   0   0   0   0   0   0   0   0   0   0   0   3   9        217.93244236
 f   0   0   0   0   0   0   0   0   0   0   0   6   8         20.19146902
 f   0   0   0   0   0   0   0   0   0   0   0   9   7          8.90351743
 f   0   0   0   0   0   0   0   0   0   0   0  12   6          5.34220082
 f   0   0   0   0   0   0   0   0   0   0   0  15   5          3.46811766
 f   0   0   0   0   0   0   0   0   0   0   0  18   4          2.39415821
 f   0   0   0   0   0   0   0   0   0   0   0  21   3          1.50735982
relat_sterr_min,ilow_sterr, tivar:    0.10000000D+21   -1    6
rCOe                               0          1.41987334
rOHe                               0          0.95784813
rCH                                0          1.08904402
aHOC                               0        108.10770858
aHCO                               0        108.45879318
a1                                 0          2.16647936
a2                                 0          2.55949120
b1                                 0          1.78266276
 f   0   0   0   0   0   0   0   0   0   0   0   0   9  -25373740.72360406
 f   0   0   0   0   0   0   0   0   0   0   0   3   9        217.93244236
 f   0   0   0   0   0   0   0   0   0   0   0   6   8         20.19146902
 f   0   0   0   0   0   0   0   0   0   0   0   9   7          8.90351743
 f   0   0   0   0   0   0   0   0   0   0   0  12   6          5.34220082
 f   0   0   0   0   0   0   0   0   0   0   0  15   5          3.46811766
 f   0   0   0   0   0   0   0   0   0   0   0  18   4          2.39415821
 f   0   0   0   0   0   0   0   0   0   0   0  21   3          1.50735982
relat_sterr_min,ilow_sterr, tivar:    0.10000000D+21   -1    7
rCOe                               0          1.41987334
rOHe                               0          0.95784813
rCH                                0          1.08904402
aHOC                               0        108.10770858
aHCO                               0        108.45879318
a1                                 0          2.16647936
a2                                 0          2.55949120
b1                                 0          1.78266276
 f   0   0   0   0   0   0   0   0   0   0   0   0   9  -25373740.72360406
 f   0   0   0   0   0   0   0   0   0   0   0   3   9        217.93244236
 f   0   0   0   0   0   0   0   0   0   0   0   6   8         20.19146902
 f   0   0   0   0   0   0   0   0   0   0   0   9   7          8.90351743
 f   0   0   0   0   0   0   0   0   0   0   0  12   6          5.34220082
 f   0   0   0   0   0   0   0   0   0   0   0  15   5          3.46811766
 f   0   0   0   0   0   0   0   0   0   0   0  18   4          2.39415821
 f   0   0   0   0   0   0   0   0   0   0   0  21   3          1.50735982
relat_sterr_min,ilow_sterr, tivar:    0.10000000D+21   -1    8
rCOe                               0          1.41987334
rOHe                               0          0.95784813
rCH                                0          1.08904402
aHOC                               0        108.10770858
aHCO                               0        108.45879318
a1                                 0          2.16647936
a2                                 0          2.55949120
b1                                 0          1.78266276
 f   0   0   0   0   0   0   0   0   0   0   0   0   9  -25373740.72360406
 f   0   0   0   0   0   0   0   0   0   0   0   3   9        217.93244236
 f   0   0   0   0   0   0   0   0   0   0   0   6   8         20.19146902
 f   0   0   0   0   0   0   0   0   0   0   0   9   7          8.90351743
 f   0   0   0   0   0   0   0   0   0   0   0  12   6          5.34220082
 f   0   0   0   0   0   0   0   0   0   0   0  15   5          3.46811766
 f   0   0   0   0   0   0   0   0   0   0   0  18   4          2.39415821
 f   0   0   0   0   0   0   0   0   0   0   0  21   3          1.50735982

   ------------------------------------------------------------------
   |   iter  |  points |    deviat     |     rms       |  stability  |
   ------------------------------------------------------------------

   -----------------------------------------------------------
   |  param  |  points |   deviat    |    rms      | stability |
   -----------------------------------------------------------
   |     8   |     13  |   0.17753E+01 |  0.79356E+02  |    0.370E-04 |

############################################################################################
