************************************************************************************************************************************
 ************************************************************************************************************************************
 ************************************************************************************************************************************
 ****************                                                                                                    ****************
 ****************          *  FITTING OF THE POTENTIAL PARAMETERS TO AB INITIO DATA                                  ****************
 ****************          *                                                                                         ****************
 ****************          *  2016                                                                                   ****************
 ****************          *  C2H6                                                                                   ****************

 ****************                                                                                                    ****************
 ************************************************************************************************************************************
 ************************************************************************************************************************************
 ************************************************************************************************************************************
 
        12 <= number of degrees of freedom
         5 <= number of bonds
         7 <= number of bond angles
        20 <= number of iterations in the fit
  0.000000 <= The fit is over if the stability is reached 
  0.000010 <= The fit is over if the st.dev. best is reached 
  1.000000 <= sterr parameter out 
  0.000010 <= stdev parameter out 
         1 <= watson robust on (1) or of (0) 
        10 <= number of non-linear parameters
 parameters of structure 
rCOe      =           1.420
rOHe      =           0.958
rCH       =           1.089
aHOC      =         108.108
aHCO      =         108.459
a1        =           2.166
a2        =           2.559
b1        =           1.783
Sa        =          -0.027
Sb        =           0.046
Lowest energy = -115.612182    

   ------------------------------------------------------------------
   |   iter  |  points |    deviat     |     rms       |  stability  |
   ------------------------------------------------------------------
   |     1   |    170  |   0.13555E+03 |  0.18163E+03  |   0.538E+08 |
   |     2   |    170  |   0.31870E+01 |  0.23339E+02  |   0.433E+00 |
   |     3   |    170  |   0.77047E+02 |  0.90090E+02  |   0.474E+00 |
   |     4   |    170  |   0.78844E+00 |  0.23502E+02  |   0.731E+00 |
   |     5   |    170  |   0.12675E+02 |  0.34817E+02  |   0.893E+00 |
   |     6   |    170  |   0.76273E+00 |  0.23489E+02  |   0.129E+01 |
   |     7   |    170  |   0.72713E+01 |  0.25946E+02  |   0.842E-01 |
   |     8   |    170  |   0.75574E+00 |  0.23482E+02  |   0.473E+01 |
   |     9   |    170  |   0.76088E+00 |  0.23466E+02  |   0.194E+01 |
   |    10   |    170  |   0.75459E+00 |  0.23479E+02  |   0.104E-01 |
   |    11   |    170  |   0.75458E+00 |  0.23479E+02  |   0.724E-03 |
   |    12   |    170  |   0.75459E+00 |  0.23479E+02  |   0.275E-05 |
   |    13   |    170  |   0.75459E+00 |  0.23479E+02  |   0.193E-05 |
   |    14   |    170  |   0.75459E+00 |  0.23479E+02  |   0.392E-08 |
   |    15   |    170  |   0.75459E+00 |  0.23479E+02  |   0.273E-08 |
   |    16   |    170  |   0.75459E+00 |  0.23479E+02  |   0.117E-11 |

Watson Alpha parameter  0.1000 fitted with rms2 = 


Potential parameters rounded in accord. with their standart errors

rC  0  0  0  0  0  0  0  0  0  0  0  0   9         1.4198733    (      42)
rO  0  0  0  0  0  0  0  0  0  0  0  0   9         0.9578481    (      38)
rC  0  0  0  0  0  0  0  0  0  0  0  0   9         1.0890440    (      30)
aH  0  0  0  0  0  0  0  0  0  0  0  0   9         108.10770    (      91)
aH  0  0  0  0  0  0  0  0  0  0  0  0   9         108.45879    (      46)
a1  0  0  0  0  0  0  0  0  0  0  0  0   0   2.1664794    
a2  0  0  0  0  0  0  0  0  0  0  0  0   0   2.5594912    
b1  0  0  0  0  0  0  0  0  0  0  0  0   0   1.7826628    
Sa  0  0  0  0  0  0  0  0  0  0  0  0   9         -0.026767    (      24)
Sb  0  0  0  0  0  0  0  0  0  0  0  0   9          0.046151    (      31)
 f  0  0  0  0  0  0  0  0  0  0  0  0   9     -25373819.043    (      70)
 f  0  0  0  0  0  0  0  0  0  0  0  3   0   186.98432    
 f  0  0  0  0  0  0  0  0  0  0  0  6   0   5.5460480    
 f  0  0  0  0  0  0  0  0  0  0  0  9   0   2.1302048    
 f  0  0  0  0  0  0  0  0  0  0  0 12   0   1.2431346    
 f  0  0  0  0  0  0  0  0  0  0  0 15   0  0.87664189    
 f  0  0  0  0  0  0  0  0  0  0  0 18   0  0.62553084    
 f  2  0  0  0  0  0  0  0  0  0  0  0   0   29729.892    
 f  3  0  0  0  0  0  0  0  0  0  0  0   0   3589.0522    
 f  4  0  0  0  0  0  0  0  0  0  0  0   0   2951.1711    
 f  5  0  0  0  0  0  0  0  0  0  0  0   0   1769.1948    
 f  6  0  0  0  0  0  0  0  0  0  0  0   0   1206.0406    
 f  7  0  0  0  0  0  0  0  0  0  0  0   0   849.26484    
 f  8  0  0  0  0  0  0  0  0  0  0  0   0   338.38028    
 f  0  2  0  0  0  0  0  0  0  0  0  0   0   32142.727    
 f  0  3  0  0  0  0  0  0  0  0  0  0   0   2653.3452    
 f  0  4  0  0  0  0  0  0  0  0  0  0   0   3096.5345    
 f  0  5  0  0  0  0  0  0  0  0  0  0   0   1742.2060    
 f  0  6  0  0  0  0  0  0  0  0  0  0   0   1245.4911    
 f  0  7  0  0  0  0  0  0  0  0  0  0   0   977.04773    
 f  0  8  0  0  0  0  0  0  0  0  0  0   0   393.48896    
 f  0  0  0  1  0  0  0  0  0  0  0  1   0  -3250.2277    
 f  0  0  2  0  0  0  0  0  0  0  0  0   0   126177.01    
 f  0  0  0  2  0  0  0  0  0  0  0  1   0  -3834.2799    
 f  0  0  3  0  0  0  0  0  0  0  0  0   0  -10993.762    
 f  0  0  0  3  0  0  0  0  0  0  0  1   0  -3065.0064    
 f  0  0  4  0  0  0  0  0  0  0  0  0   0   9520.3486    
 f  0  0  0  4  0  0  0  0  0  0  0  1   0  -2129.4960    
 f  0  0  5  0  0  0  0  0  0  0  0  0   0   3164.4804    
 f  0  0  0  5  0  0  0  0  0  0  0  1   0  -1471.5869    
 f  0  0  6  0  0  0  0  0  0  0  0  0   0   2304.0272    
 f  0  0  0  6  0  0  0  0  0  0  0  1   0  -334.21517    
 f  0  0  7  0  0  0  0  0  0  0  0  0   0   899.15112    
 f  0  0  0  7  0  0  0  0  0  0  0  1   0   924.27136    
 f  0  0  0  0  0  2  0  0  0  0  0  0   0   19859.830    
 f  0  0  0  0  0  3  0  0  0  0  0  0   0  -7505.6554    
 f  0  0  0  0  0  4  0  0  0  0  0  0   0  -1311.2849    
 f  0  0  0  0  0  5  0  0  0  0  0  0   0  -332.79229    
 f  0  0  0  0  0  6  0  0  0  0  0  0   0  -394.85493    
 f  0  0  0  0  0  7  0  0  0  0  0  0   0  -532.10818    
 f  0  0  0  0  0  8  0  0  0  0  0  0   0   711.73370    
 f  0  0  0  0  0  0  0  1  0  0  0  1   0  -20311.102    
 f  0  0  0  0  0  0  2  0  0  0  0  0   0   84720.614    
 f  0  0  0  0  0  0  0  2  0  0  0  1   0   4331.3363    
 f  0  0  0  0  0  0  3  0  0  0  0  0   0  -12556.030    
 f  0  0  0  0  0  0  0  3  0  0  0  1   0   701.06527    
 f  0  0  0  0  0  0  4  0  0  0  0  0   0   7636.6920    
 f  0  0  0  0  0  0  0  4  0  0  0  1   0  -3023.0924    
 f  0  0  0  0  0  0  5  0  0  0  0  0   0  -2028.4578    
 f  0  0  0  0  0  0  0  5  0  0  0  1   0   5867.7115    
 f  0  0  0  0  0  0  6  0  0  0  0  0   0  -2735.4923    
 f  0  0  0  0  0  0  0  6  0  0  0  1   0  -4290.2755    
 f  0  0  0  0  0  0  7  0  0  0  0  0   0   3125.8093    
 f  0  0  0  0  0  0  0  7  0  0  0  1   0   1627.5807    
 f  0  0  0  0  0  0  8  0  0  0  0  0   0  -2058.0226    
 f  0  0  0  0  0  0  0  8  0  0  0  1   0   365.58617    
 f  0  0  0  0  0  0  0  0  0  2  0  0   0   19659.295    
 f  0  0  0  0  0  0  0  0  0  2  0  1   0   1178.8648    
 f  0  0  0  0  0  0  0  0  0  1  2  0   0   5736.5940    
 h  0  0  0  0  0  0  0  0  0  2  1 -1   0  -857.18745    
 f  0  0  0  0  0  0  0  0  0  4  0  0   0   79.745586    
 f  0  0  0  0  0  0  0  0  0  4  0  1   0  -121.90595    
 f  0  0  0  0  0  0  0  0  0  5  0  0   0  -211.08462    
 h  0  0  0  0  0  0  0  0  0  4  1 -1   0  -66.641645    
 f  0  0  0  0  0  0  0  0  0  4  2  0   0  -967.74611    
 f  0  0  0  0  0  0  0  0  0  2  4  0   0   156.95249    
 f  0  0  0  0  0  0  0  0  0  7  0  0   0  -52.093636    
 f  0  0  0  0  0  0  0  0  0  8  0  0   0   84.695912    
 f  0  0  0  0  0  0  0  0  0  8  0  1   0  -103.70705    
------------------------------
*  FITTING OF THE POTENTIAL PARAMETERS TO AB INITIO DATA                        
*                                                                               
*  2016                                                                         
*  C2H6                                                                         
      rCOe                        9          1.41987329
      rOHe                        9          0.95784809
       rCH                        9          1.08904397
      aHOC                        9        108.10770303
      aHCO                        9        108.45879104
        a1                        0          2.16647936
        a2                        0          2.55949120
        b1                        0          1.78266276
        Sa                        9         -0.02676683
        Sb                        9          0.04615068
 f   0   0   0   0   0   0   0   0   0   0   0   0   9  -25373819.04278896
 f   0   0   0   0   0   0   0   0   0   0   0   3   0        186.98432450
 f   0   0   0   0   0   0   0   0   0   0   0   6   0          5.54604798
 f   0   0   0   0   0   0   0   0   0   0   0   9   0          2.13020478
 f   0   0   0   0   0   0   0   0   0   0   0  12   0          1.24313458
 f   0   0   0   0   0   0   0   0   0   0   0  15   0          0.87664189
 f   0   0   0   0   0   0   0   0   0   0   0  18   0          0.62553084
 f   2   0   0   0   0   0   0   0   0   0   0   0   0      29729.89171151
 f   3   0   0   0   0   0   0   0   0   0   0   0   0       3589.05223686
 f   4   0   0   0   0   0   0   0   0   0   0   0   0       2951.17109114
 f   5   0   0   0   0   0   0   0   0   0   0   0   0       1769.19477278
 f   6   0   0   0   0   0   0   0   0   0   0   0   0       1206.04063285
 f   7   0   0   0   0   0   0   0   0   0   0   0   0        849.26484308
 f   8   0   0   0   0   0   0   0   0   0   0   0   0        338.38027724
 f   0   2   0   0   0   0   0   0   0   0   0   0   0      32142.72741440
 f   0   3   0   0   0   0   0   0   0   0   0   0   0       2653.34522751
 f   0   4   0   0   0   0   0   0   0   0   0   0   0       3096.53446533
 f   0   5   0   0   0   0   0   0   0   0   0   0   0       1742.20599129
 f   0   6   0   0   0   0   0   0   0   0   0   0   0       1245.49108764
 f   0   7   0   0   0   0   0   0   0   0   0   0   0        977.04772884
 f   0   8   0   0   0   0   0   0   0   0   0   0   0        393.48896213
 f   0   0   0   1   0   0   0   0   0   0   0   1   0      -3250.22767830
 f   0   0   2   0   0   0   0   0   0   0   0   0   0     126177.00529996
 f   0   0   0   2   0   0   0   0   0   0   0   1   0      -3834.27993495
 f   0   0   3   0   0   0   0   0   0   0   0   0   0     -10993.76244966
 f   0   0   0   3   0   0   0   0   0   0   0   1   0      -3065.00640425
 f   0   0   4   0   0   0   0   0   0   0   0   0   0       9520.34856488
 f   0   0   0   4   0   0   0   0   0   0   0   1   0      -2129.49604639
 f   0   0   5   0   0   0   0   0   0   0   0   0   0       3164.48043805
 f   0   0   0   5   0   0   0   0   0   0   0   1   0      -1471.58694971
 f   0   0   6   0   0   0   0   0   0   0   0   0   0       2304.02716989
 f   0   0   0   6   0   0   0   0   0   0   0   1   0       -334.21516758
 f   0   0   7   0   0   0   0   0   0   0   0   0   0        899.15111913
 f   0   0   0   7   0   0   0   0   0   0   0   1   0        924.27136284
 f   0   0   0   0   0   2   0   0   0   0   0   0   0      19859.82992506
 f   0   0   0   0   0   3   0   0   0   0   0   0   0      -7505.65539831
 f   0   0   0   0   0   4   0   0   0   0   0   0   0      -1311.28493263
 f   0   0   0   0   0   5   0   0   0   0   0   0   0       -332.79228762
 f   0   0   0   0   0   6   0   0   0   0   0   0   0       -394.85493108
 f   0   0   0   0   0   7   0   0   0   0   0   0   0       -532.10818437
 f   0   0   0   0   0   8   0   0   0   0   0   0   0        711.73369579
 f   0   0   0   0   0   0   0   1   0   0   0   1   0     -20311.10172955
 f   0   0   0   0   0   0   2   0   0   0   0   0   0      84720.61394282
 f   0   0   0   0   0   0   0   2   0   0   0   1   0       4331.33627200
 f   0   0   0   0   0   0   3   0   0   0   0   0   0     -12556.02967836
 f   0   0   0   0   0   0   0   3   0   0   0   1   0        701.06527137
 f   0   0   0   0   0   0   4   0   0   0   0   0   0       7636.69199844
 f   0   0   0   0   0   0   0   4   0   0   0   1   0      -3023.09243372
 f   0   0   0   0   0   0   5   0   0   0   0   0   0      -2028.45775182
 f   0   0   0   0   0   0   0   5   0   0   0   1   0       5867.71153691
 f   0   0   0   0   0   0   6   0   0   0   0   0   0      -2735.49233553
 f   0   0   0   0   0   0   0   6   0   0   0   1   0      -4290.27550626
 f   0   0   0   0   0   0   7   0   0   0   0   0   0       3125.80926126
 f   0   0   0   0   0   0   0   7   0   0   0   1   0       1627.58071442
 f   0   0   0   0   0   0   8   0   0   0   0   0   0      -2058.02261564
 f   0   0   0   0   0   0   0   8   0   0   0   1   0        365.58617151
 f   0   0   0   0   0   0   0   0   0   2   0   0   0      19659.29473336
 f   0   0   0   0   0   0   0   0   0   2   0   1   0       1178.86482887
 f   0   0   0   0   0   0   0   0   0   1   2   0   0       5736.59396936
 h   0   0   0   0   0   0   0   0   0   2   1  -1   0       -857.18745025
 f   0   0   0   0   0   0   0   0   0   4   0   0   0         79.74558556
 f   0   0   0   0   0   0   0   0   0   4   0   1   0       -121.90594955
 f   0   0   0   0   0   0   0   0   0   5   0   0   0       -211.08461722
 h   0   0   0   0   0   0   0   0   0   4   1  -1   0        -66.64164472
 f   0   0   0   0   0   0   0   0   0   4   2   0   0       -967.74610562
 f   0   0   0   0   0   0   0   0   0   2   4   0   0        156.95249312
 f   0   0   0   0   0   0   0   0   0   7   0   0   0        -52.09363633
 f   0   0   0   0   0   0   0   0   0   8   0   0   0         84.69591211
 f   0   0   0   0   0   0   0   0   0   8   0   1   0       -103.70704551

Correlation coefficients larger than 0.9: 

               --------------------------------------------------------------------------------
               :     old parm   :     new parm   :  delta parm  :   std. err.  : sensitility
               --------------------------------------------------------------------------------
  1  rCOe       :          1.42  :          1.42  :        -0.000:         0.000:         0.000:!
  2  rOHe       :          0.96  :          0.96  :         0.000:         0.000:         0.000:!
  3  rCH        :          1.09  :          1.09  :         0.000:         0.000:         0.000:!
  4  aHOC       :        108.11  :        108.11  :        -0.000:         0.001:         0.000:!
  5  aHCO       :        108.46  :        108.46  :        -0.000:         0.000:         0.000:!
  6  Sa         :         -0.03  :         -0.03  :         0.000:         0.000:         0.000:!
  7  Sb         :          0.05  :          0.05  :        -0.000:         0.000:         0.000:!
  8  f          :  -25373819.04  :  -25373819.04  :         0.000:         0.070:         0.009:!

   ------------------------------------------------------------------
   |   iter  |  points |    deviat     |     rms       |  stability  |
   ------------------------------------------------------------------

   -----------------------------------------------------------
   |  param  |  points |   deviat    |    rms      | stability |
   -----------------------------------------------------------
   |     8   |    170  |   0.75459E+00 |  0.93739E+05  |    0.117E-11 |

############################################################################################
