************************************************************************************************************************************
 ************************************************************************************************************************************
 ************************************************************************************************************************************
 ****************                                                                                                    ****************
 ****************          *  FITTING OF THE POTENTIAL PARAMETERS TO AB INITIO DATA                                  ****************
 ****************          *                                                                                         ****************
 ****************          *  2016                                                                                   ****************
 ****************          *  C2H6                                                                                   ****************

 ****************                                                                                                    ****************
 ************************************************************************************************************************************
 ************************************************************************************************************************************
 ************************************************************************************************************************************
 
        12 <= number of degrees of freedom
         5 <= number of bonds
         7 <= number of bond angles
        20 <= number of iterations in the fit
  0.000000 <= The fit is over if the stability is reached 
  0.000010 <= The fit is over if the st.dev. best is reached 
  1.000000 <= sterr parameter out 
  0.000010 <= stdev parameter out 
         1 <= watson robust on (1) or of (0) 
         8 <= number of non-linear parameters
 parameters of structure 
rCOe      =           1.420
rOHe      =           0.958
rCH       =           1.089
aHOC      =         108.129
aHCO      =         111.952
a1        =           2.166
a2        =           2.559
b1        =           1.783
Lowest energy = -115.612182    

   ------------------------------------------------------------------
   |   iter  |  points |    deviat     |     rms       |  stability  |
   ------------------------------------------------------------------
   |     1   |     37  |   0.68496E+00 |  0.15060E+02  |   0.820E+10 |
   |     2   |     37  |   0.11479E-01 |  0.59369E+00  |   0.104E+03 |
   |     3   |     37  |   0.39737E-02 |  0.14788E+01  |   0.193E+01 |
   |     4   |     37  |   0.39447E-02 |  0.14916E+01  |   0.736E-02 |
   |     5   |     37  |   0.39447E-02 |  0.14916E+01  |   0.922E-07 |
   |     6   |     37  |   0.39447E-02 |  0.14916E+01  |   0.177E-07 |
   |     7   |     37  |   0.39447E-02 |  0.14916E+01  |   0.281E-07 |
   |     8   |     37  |   0.39447E-02 |  0.14916E+01  |   0.173E-06 |
   |     9   |     37  |   0.39447E-02 |  0.14916E+01  |   0.866E-07 |
   |    10   |     37  |   0.39447E-02 |  0.14916E+01  |   0.118E-06 |
   |    11   |     37  |   0.39447E-02 |  0.14916E+01  |   0.177E-06 |
   |    12   |     37  |   0.39447E-02 |  0.14916E+01  |   0.186E-06 |
   |    13   |     37  |   0.39447E-02 |  0.14916E+01  |   0.113E-06 |
   |    14   |     37  |   0.39447E-02 |  0.14916E+01  |   0.124E-06 |
   |    15   |     37  |   0.39447E-02 |  0.14916E+01  |   0.654E-07 |
   |    16   |     37  |   0.39447E-02 |  0.14916E+01  |   0.895E-07 |
   |    17   |     37  |   0.39447E-02 |  0.14916E+01  |   0.220E-06 |
   |    18   |     37  |   0.39447E-02 |  0.14916E+01  |   0.165E-06 |
   |    19   |     37  |   0.39447E-02 |  0.14916E+01  |   0.417E-07 |
   |    20   |     37  |   0.39447E-02 |  0.14916E+01  |   0.617E-07 |
   |    21   |     37  |   0.39447E-02 |  0.14916E+01  |   0.910E-07 |

Watson Alpha parameter  0.1000 fitted with rms2 = 


Potential parameters rounded in accord. with their standart errors

rC  0  0  0  0  0  0  0  0  0  0  0  0   0   1.4198733    
rO  0  0  0  0  0  0  0  0  0  0  0  0   0  0.95784813    
rC  0  0  0  0  0  0  0  0  0  0  0  0   9        1.08904402    (      11)
aH  0  0  0  0  0  0  0  0  0  0  0  0   0   108.12931    
aH  0  0  0  0  0  0  0  0  0  0  0  0   0   111.95221    
a1  0  0  0  0  0  0  0  0  0  0  0  0   0   2.1664794    
a2  0  0  0  0  0  0  0  0  0  0  0  0   0   2.5594912    
b1  0  0  0  0  0  0  0  0  0  0  0  0   0   1.7826628    
 f  0  0  0  0  0  0  0  0  0  0  0  0   9    -25373943.9504    (      14)
 f  2  0  0  0  0  0  0  0  0  0  0  0   0   29729.892    
 f  3  0  0  0  0  0  0  0  0  0  0  0   0   3589.0522    
 f  4  0  0  0  0  0  0  0  0  0  0  0   0   2951.1711    
 f  5  0  0  0  0  0  0  0  0  0  0  0   0   1769.1948    
 f  6  0  0  0  0  0  0  0  0  0  0  0   0   1206.0406    
 f  7  0  0  0  0  0  0  0  0  0  0  0   0   849.26484    
 f  8  0  0  0  0  0  0  0  0  0  0  0   0   338.38028    
 f  0  2  0  0  0  0  0  0  0  0  0  0   0   32142.727    
 f  0  3  0  0  0  0  0  0  0  0  0  0   0   2653.3452    
 f  0  4  0  0  0  0  0  0  0  0  0  0   0   3096.5345    
 f  0  5  0  0  0  0  0  0  0  0  0  0   0   1742.2060    
 f  0  6  0  0  0  0  0  0  0  0  0  0   0   1245.4911    
 f  0  7  0  0  0  0  0  0  0  0  0  0   0   977.04773    
 f  0  8  0  0  0  0  0  0  0  0  0  0   0   393.48896    
 f  0  0  0  1  0  0  0  0  0  0  0  1   9          -3250.23    (      13)
 f  0  0  2  0  0  0  0  0  0  0  0  0   9         126177.01    (      31)
 f  0  0  0  2  0  0  0  0  0  0  0  1   9          -3834.28    (      57)
 f  0  0  3  0  0  0  0  0  0  0  0  0   8          -10993.8    (      19)
 f  0  0  0  3  0  0  0  0  0  0  0  1   8           -3065.0    (      46)
 f  0  0  4  0  0  0  0  0  0  0  0  0   7            9520.3    (      51)
 f  0  0  0  4  0  0  0  0  0  0  0  1   7            -2129.    (      11)
 f  0  0  5  0  0  0  0  0  0  0  0  0   6             3164.    (      22)
 f  0  0  0  5  0  0  0  0  0  0  0  1   6            -1472.    (      53)
 f  0  0  6  0  0  0  0  0  0  0  0  0   5             2304.    (      20)
 f  0  0  0  6  0  0  0  0  0  0  0  1   5             -334.    (      45)
 f  0  0  7  0  0  0  0  0  0  0  0  0   4              899.    (      75)
 f  0  0  0  7  0  0  0  0  0  0  0  1   4              924.    (     177)
------------------------------
*  FITTING OF THE POTENTIAL PARAMETERS TO AB INITIO DATA                        
*                                                                               
*  2016                                                                         
*  C2H6                                                                         
      rCOe                        0          1.41987334
      rOHe                        0          0.95784813
       rCH                        9          1.08904402
      aHOC                        0        108.12930637
      aHCO                        0        111.95221297
        a1                        0          2.16647936
        a2                        0          2.55949120
        b1                        0          1.78266276
 f   0   0   0   0   0   0   0   0   0   0   0   0   9  -25373943.95042189
 f   2   0   0   0   0   0   0   0   0   0   0   0   0      29729.89171151
 f   3   0   0   0   0   0   0   0   0   0   0   0   0       3589.05223686
 f   4   0   0   0   0   0   0   0   0   0   0   0   0       2951.17109114
 f   5   0   0   0   0   0   0   0   0   0   0   0   0       1769.19477278
 f   6   0   0   0   0   0   0   0   0   0   0   0   0       1206.04063285
 f   7   0   0   0   0   0   0   0   0   0   0   0   0        849.26484308
 f   8   0   0   0   0   0   0   0   0   0   0   0   0        338.38027724
 f   0   2   0   0   0   0   0   0   0   0   0   0   0      32142.72741440
 f   0   3   0   0   0   0   0   0   0   0   0   0   0       2653.34522751
 f   0   4   0   0   0   0   0   0   0   0   0   0   0       3096.53446533
 f   0   5   0   0   0   0   0   0   0   0   0   0   0       1742.20599129
 f   0   6   0   0   0   0   0   0   0   0   0   0   0       1245.49108764
 f   0   7   0   0   0   0   0   0   0   0   0   0   0        977.04772884
 f   0   8   0   0   0   0   0   0   0   0   0   0   0        393.48896213
 f   0   0   0   1   0   0   0   0   0   0   0   1   9      -3250.22767830
 f   0   0   2   0   0   0   0   0   0   0   0   0   9     126177.00529996
 f   0   0   0   2   0   0   0   0   0   0   0   1   9      -3834.27993495
 f   0   0   3   0   0   0   0   0   0   0   0   0   8     -10993.76244966
 f   0   0   0   3   0   0   0   0   0   0   0   1   8      -3065.00640425
 f   0   0   4   0   0   0   0   0   0   0   0   0   7       9520.34856488
 f   0   0   0   4   0   0   0   0   0   0   0   1   7      -2129.49604639
 f   0   0   5   0   0   0   0   0   0   0   0   0   6       3164.48043805
 f   0   0   0   5   0   0   0   0   0   0   0   1   6      -1471.58694971
 f   0   0   6   0   0   0   0   0   0   0   0   0   5       2304.02716989
 f   0   0   0   6   0   0   0   0   0   0   0   1   5       -334.21516758
 f   0   0   7   0   0   0   0   0   0   0   0   0   4        899.15111913
 f   0   0   0   7   0   0   0   0   0   0   0   1   4        924.27136284

Correlation coefficients larger than 0.9: 
          corr(   4,   8) =  0.9408898
          corr(   5,   9) =  0.9654778
          corr(   5,  13) =  0.9256139
          corr(   6,  10) =  0.9544262
          corr(   7,  11) =  0.9499909
          corr(   8,  12) =  0.9887882
          corr(   9,  13) =  0.9906006
          corr(  10,  14) =  0.9844953
          corr(  11,  15) =  0.9822074

               --------------------------------------------------------------------------------
               :     old parm   :     new parm   :  delta parm  :   std. err.  : sensitility
               --------------------------------------------------------------------------------
  1  rCH        :          1.09  :          1.09  :         0.000:         0.000:         0.000:!
  2  f          :  -25373943.95  :  -25373943.95  :         0.000:         0.001:         0.000:!
  3  f          :      -3250.23  :      -3250.23  :         0.000:         0.127:         0.001:!
  4  f          :     126177.01  :     126177.01  :         0.000:         0.308:         0.001:!
  5  f          :      -3834.28  :      -3834.28  :        -0.000:         0.568:         0.002:!
  6  f          :     -10993.76  :     -10993.76  :         0.000:         1.923:         0.002:!
  7  f          :      -3065.01  :      -3065.01  :        -0.000:         4.606:         0.006:!
  8  f          :       9520.35  :       9520.35  :        -0.000:         5.094:         0.006:!
  9  f          :      -2129.50  :      -2129.50  :         0.000:        10.959:         0.016:!
 10  f          :       3164.48  :       3164.48  :         0.000:        22.217:         0.015:!
 11  f          :      -1471.59  :      -1471.59  :        -0.000:        52.609:         0.038:!
 12  f          :       2304.03  :       2304.03  :         0.000:        20.116:         0.035:!
 13  f          :       -334.22  :       -334.22  :        -0.000:        45.142:         0.091:!
 14  f          :        899.15  :        899.15  :        -0.000:        74.887:         0.082:!
 15  f          :        924.27  :        924.27  :         0.000:       176.585:         0.216:!
relat_sterr_min,ilow_sterr, tivar:    0.10000000D+21   -1    4
rCOe                               0          1.41987334
rOHe                               0          0.95784813
rCH                                9          1.08904402
aHOC                               0        108.12930637
aHCO                               0        111.95221297
a1                                 0          2.16647936
a2                                 0          2.55949120
b1                                 0          1.78266276
 f   0   0   0   0   0   0   0   0   0   0   0   0   9  -25373943.95042189
 f   2   0   0   0   0   0   0   0   0   0   0   0   0      29729.89171151
 f   3   0   0   0   0   0   0   0   0   0   0   0   0       3589.05223686
 f   4   0   0   0   0   0   0   0   0   0   0   0   0       2951.17109114
 f   5   0   0   0   0   0   0   0   0   0   0   0   0       1769.19477278
 f   6   0   0   0   0   0   0   0   0   0   0   0   0       1206.04063285
 f   7   0   0   0   0   0   0   0   0   0   0   0   0        849.26484308
 f   8   0   0   0   0   0   0   0   0   0   0   0   0        338.38027724
 f   0   2   0   0   0   0   0   0   0   0   0   0   0      32142.72741440
 f   0   3   0   0   0   0   0   0   0   0   0   0   0       2653.34522751
 f   0   4   0   0   0   0   0   0   0   0   0   0   0       3096.53446533
 f   0   5   0   0   0   0   0   0   0   0   0   0   0       1742.20599129
 f   0   6   0   0   0   0   0   0   0   0   0   0   0       1245.49108764
 f   0   7   0   0   0   0   0   0   0   0   0   0   0        977.04772884
 f   0   8   0   0   0   0   0   0   0   0   0   0   0        393.48896213
 f   0   0   0   1   0   0   0   0   0   0   0   1   9      -3250.22767830
 f   0   0   2   0   0   0   0   0   0   0   0   0   9     126177.00529996
 f   0   0   0   2   0   0   0   0   0   0   0   1   9      -3834.27993495
 f   0   0   3   0   0   0   0   0   0   0   0   0   8     -10993.76244966
 f   0   0   0   3   0   0   0   0   0   0   0   1   8      -3065.00640425
 f   0   0   4   0   0   0   0   0   0   0   0   0   7       9520.34856488
 f   0   0   0   4   0   0   0   0   0   0   0   1   7      -2129.49604639
 f   0   0   5   0   0   0   0   0   0   0   0   0   6       3164.48043805
 f   0   0   0   5   0   0   0   0   0   0   0   1   6      -1471.58694971
 f   0   0   6   0   0   0   0   0   0   0   0   0   5       2304.02716989
 f   0   0   0   6   0   0   0   0   0   0   0   1   5       -334.21516758
 f   0   0   7   0   0   0   0   0   0   0   0   0   4        899.15111913
 f   0   0   0   7   0   0   0   0   0   0   0   1   4        924.27136284
relat_sterr_min,ilow_sterr, tivar:    0.10000000D+21   -1    5
rCOe                               0          1.41987334
rOHe                               0          0.95784813
rCH                                9          1.08904402
aHOC                               0        108.12930637
aHCO                               0        111.95221297
a1                                 0          2.16647936
a2                                 0          2.55949120
b1                                 0          1.78266276
 f   0   0   0   0   0   0   0   0   0   0   0   0   9  -25373943.95042189
 f   2   0   0   0   0   0   0   0   0   0   0   0   0      29729.89171151
 f   3   0   0   0   0   0   0   0   0   0   0   0   0       3589.05223686
 f   4   0   0   0   0   0   0   0   0   0   0   0   0       2951.17109114
 f   5   0   0   0   0   0   0   0   0   0   0   0   0       1769.19477278
 f   6   0   0   0   0   0   0   0   0   0   0   0   0       1206.04063285
 f   7   0   0   0   0   0   0   0   0   0   0   0   0        849.26484308
 f   8   0   0   0   0   0   0   0   0   0   0   0   0        338.38027724
 f   0   2   0   0   0   0   0   0   0   0   0   0   0      32142.72741440
 f   0   3   0   0   0   0   0   0   0   0   0   0   0       2653.34522751
 f   0   4   0   0   0   0   0   0   0   0   0   0   0       3096.53446533
 f   0   5   0   0   0   0   0   0   0   0   0   0   0       1742.20599129
 f   0   6   0   0   0   0   0   0   0   0   0   0   0       1245.49108764
 f   0   7   0   0   0   0   0   0   0   0   0   0   0        977.04772884
 f   0   8   0   0   0   0   0   0   0   0   0   0   0        393.48896213
 f   0   0   0   1   0   0   0   0   0   0   0   1   9      -3250.22767830
 f   0   0   2   0   0   0   0   0   0   0   0   0   9     126177.00529996
 f   0   0   0   2   0   0   0   0   0   0   0   1   9      -3834.27993495
 f   0   0   3   0   0   0   0   0   0   0   0   0   8     -10993.76244966
 f   0   0   0   3   0   0   0   0   0   0   0   1   8      -3065.00640425
 f   0   0   4   0   0   0   0   0   0   0   0   0   7       9520.34856488
 f   0   0   0   4   0   0   0   0   0   0   0   1   7      -2129.49604639
 f   0   0   5   0   0   0   0   0   0   0   0   0   6       3164.48043805
 f   0   0   0   5   0   0   0   0   0   0   0   1   6      -1471.58694971
 f   0   0   6   0   0   0   0   0   0   0   0   0   5       2304.02716989
 f   0   0   0   6   0   0   0   0   0   0   0   1   5       -334.21516758
 f   0   0   7   0   0   0   0   0   0   0   0   0   4        899.15111913
 f   0   0   0   7   0   0   0   0   0   0   0   1   4        924.27136284
relat_sterr_min,ilow_sterr, tivar:    0.10000000D+21   -1    6
rCOe                               0          1.41987334
rOHe                               0          0.95784813
rCH                                9          1.08904402
aHOC                               0        108.12930637
aHCO                               0        111.95221297
a1                                 0          2.16647936
a2                                 0          2.55949120
b1                                 0          1.78266276
 f   0   0   0   0   0   0   0   0   0   0   0   0   9  -25373943.95042189
 f   2   0   0   0   0   0   0   0   0   0   0   0   0      29729.89171151
 f   3   0   0   0   0   0   0   0   0   0   0   0   0       3589.05223686
 f   4   0   0   0   0   0   0   0   0   0   0   0   0       2951.17109114
 f   5   0   0   0   0   0   0   0   0   0   0   0   0       1769.19477278
 f   6   0   0   0   0   0   0   0   0   0   0   0   0       1206.04063285
 f   7   0   0   0   0   0   0   0   0   0   0   0   0        849.26484308
 f   8   0   0   0   0   0   0   0   0   0   0   0   0        338.38027724
 f   0   2   0   0   0   0   0   0   0   0   0   0   0      32142.72741440
 f   0   3   0   0   0   0   0   0   0   0   0   0   0       2653.34522751
 f   0   4   0   0   0   0   0   0   0   0   0   0   0       3096.53446533
 f   0   5   0   0   0   0   0   0   0   0   0   0   0       1742.20599129
 f   0   6   0   0   0   0   0   0   0   0   0   0   0       1245.49108764
 f   0   7   0   0   0   0   0   0   0   0   0   0   0        977.04772884
 f   0   8   0   0   0   0   0   0   0   0   0   0   0        393.48896213
 f   0   0   0   1   0   0   0   0   0   0   0   1   9      -3250.22767830
 f   0   0   2   0   0   0   0   0   0   0   0   0   9     126177.00529996
 f   0   0   0   2   0   0   0   0   0   0   0   1   9      -3834.27993495
 f   0   0   3   0   0   0   0   0   0   0   0   0   8     -10993.76244966
 f   0   0   0   3   0   0   0   0   0   0   0   1   8      -3065.00640425
 f   0   0   4   0   0   0   0   0   0   0   0   0   7       9520.34856488
 f   0   0   0   4   0   0   0   0   0   0   0   1   7      -2129.49604639
 f   0   0   5   0   0   0   0   0   0   0   0   0   6       3164.48043805
 f   0   0   0   5   0   0   0   0   0   0   0   1   6      -1471.58694971
 f   0   0   6   0   0   0   0   0   0   0   0   0   5       2304.02716989
 f   0   0   0   6   0   0   0   0   0   0   0   1   5       -334.21516758
 f   0   0   7   0   0   0   0   0   0   0   0   0   4        899.15111913
 f   0   0   0   7   0   0   0   0   0   0   0   1   4        924.27136284
relat_sterr_min,ilow_sterr, tivar:    0.10000000D+21   -1    7
rCOe                               0          1.41987334
rOHe                               0          0.95784813
rCH                                9          1.08904402
aHOC                               0        108.12930637
aHCO                               0        111.95221297
a1                                 0          2.16647936
a2                                 0          2.55949120
b1                                 0          1.78266276
 f   0   0   0   0   0   0   0   0   0   0   0   0   9  -25373943.95042189
 f   2   0   0   0   0   0   0   0   0   0   0   0   0      29729.89171151
 f   3   0   0   0   0   0   0   0   0   0   0   0   0       3589.05223686
 f   4   0   0   0   0   0   0   0   0   0   0   0   0       2951.17109114
 f   5   0   0   0   0   0   0   0   0   0   0   0   0       1769.19477278
 f   6   0   0   0   0   0   0   0   0   0   0   0   0       1206.04063285
 f   7   0   0   0   0   0   0   0   0   0   0   0   0        849.26484308
 f   8   0   0   0   0   0   0   0   0   0   0   0   0        338.38027724
 f   0   2   0   0   0   0   0   0   0   0   0   0   0      32142.72741440
 f   0   3   0   0   0   0   0   0   0   0   0   0   0       2653.34522751
 f   0   4   0   0   0   0   0   0   0   0   0   0   0       3096.53446533
 f   0   5   0   0   0   0   0   0   0   0   0   0   0       1742.20599129
 f   0   6   0   0   0   0   0   0   0   0   0   0   0       1245.49108764
 f   0   7   0   0   0   0   0   0   0   0   0   0   0        977.04772884
 f   0   8   0   0   0   0   0   0   0   0   0   0   0        393.48896213
 f   0   0   0   1   0   0   0   0   0   0   0   1   9      -3250.22767830
 f   0   0   2   0   0   0   0   0   0   0   0   0   9     126177.00529996
 f   0   0   0   2   0   0   0   0   0   0   0   1   9      -3834.27993495
 f   0   0   3   0   0   0   0   0   0   0   0   0   8     -10993.76244966
 f   0   0   0   3   0   0   0   0   0   0   0   1   8      -3065.00640425
 f   0   0   4   0   0   0   0   0   0   0   0   0   7       9520.34856488
 f   0   0   0   4   0   0   0   0   0   0   0   1   7      -2129.49604639
 f   0   0   5   0   0   0   0   0   0   0   0   0   6       3164.48043805
 f   0   0   0   5   0   0   0   0   0   0   0   1   6      -1471.58694971
 f   0   0   6   0   0   0   0   0   0   0   0   0   5       2304.02716989
 f   0   0   0   6   0   0   0   0   0   0   0   1   5       -334.21516758
 f   0   0   7   0   0   0   0   0   0   0   0   0   4        899.15111913
 f   0   0   0   7   0   0   0   0   0   0   0   1   4        924.27136284
relat_sterr_min,ilow_sterr, tivar:    0.10000000D+21   -1    8
rCOe                               0          1.41987334
rOHe                               0          0.95784813
rCH                                9          1.08904402
aHOC                               0        108.12930637
aHCO                               0        111.95221297
a1                                 0          2.16647936
a2                                 0          2.55949120
b1                                 0          1.78266276
 f   0   0   0   0   0   0   0   0   0   0   0   0   9  -25373943.95042189
 f   2   0   0   0   0   0   0   0   0   0   0   0   0      29729.89171151
 f   3   0   0   0   0   0   0   0   0   0   0   0   0       3589.05223686
 f   4   0   0   0   0   0   0   0   0   0   0   0   0       2951.17109114
 f   5   0   0   0   0   0   0   0   0   0   0   0   0       1769.19477278
 f   6   0   0   0   0   0   0   0   0   0   0   0   0       1206.04063285
 f   7   0   0   0   0   0   0   0   0   0   0   0   0        849.26484308
 f   8   0   0   0   0   0   0   0   0   0   0   0   0        338.38027724
 f   0   2   0   0   0   0   0   0   0   0   0   0   0      32142.72741440
 f   0   3   0   0   0   0   0   0   0   0   0   0   0       2653.34522751
 f   0   4   0   0   0   0   0   0   0   0   0   0   0       3096.53446533
 f   0   5   0   0   0   0   0   0   0   0   0   0   0       1742.20599129
 f   0   6   0   0   0   0   0   0   0   0   0   0   0       1245.49108764
 f   0   7   0   0   0   0   0   0   0   0   0   0   0        977.04772884
 f   0   8   0   0   0   0   0   0   0   0   0   0   0        393.48896213
 f   0   0   0   1   0   0   0   0   0   0   0   1   9      -3250.22767830
 f   0   0   2   0   0   0   0   0   0   0   0   0   9     126177.00529996
 f   0   0   0   2   0   0   0   0   0   0   0   1   9      -3834.27993495
 f   0   0   3   0   0   0   0   0   0   0   0   0   8     -10993.76244966
 f   0   0   0   3   0   0   0   0   0   0   0   1   8      -3065.00640425
 f   0   0   4   0   0   0   0   0   0   0   0   0   7       9520.34856488
 f   0   0   0   4   0   0   0   0   0   0   0   1   7      -2129.49604639
 f   0   0   5   0   0   0   0   0   0   0   0   0   6       3164.48043805
 f   0   0   0   5   0   0   0   0   0   0   0   1   6      -1471.58694971
 f   0   0   6   0   0   0   0   0   0   0   0   0   5       2304.02716989
 f   0   0   0   6   0   0   0   0   0   0   0   1   5       -334.21516758
 f   0   0   7   0   0   0   0   0   0   0   0   0   4        899.15111913
 f   0   0   0   7   0   0   0   0   0   0   0   1   4        924.27136284

   ------------------------------------------------------------------
   |   iter  |  points |    deviat     |     rms       |  stability  |
   ------------------------------------------------------------------

   -----------------------------------------------------------
   |  param  |  points |   deviat    |    rms      | stability |
   -----------------------------------------------------------
   |    15   |     37  |   0.39447E-02 |  0.83817E+02  |    0.910E-07 |

############################################################################################
