 Evaluating energy using basis set AUG-CC-PVQZ-F12
 SETTING BASIS          =    AUG-CC-PVQZ-F12


 Recomputing integrals since basis changed


 Using spherical harmonics

 Library entry C      S cc-pVQZ-F12          selected for orbital group  1
 Library entry C      P cc-pVQZ-F12          selected for orbital group  1
 Library entry C      D cc-pVQZ-F12          selected for orbital group  1
 Library entry C      D vqz-f12-diff         selected for orbital group  1
 Library entry C      F cc-pVQZ-F12          selected for orbital group  1
 Library entry C      F vqz-f12-diff         selected for orbital group  1
 Library entry C      G cc-pVQZ-F12          selected for orbital group  1
 Library entry C      G vqz-f12-diff         selected for orbital group  1
 Library entry O      S cc-pVQZ-F12          selected for orbital group  2
 Library entry O      P cc-pVQZ-F12          selected for orbital group  2
 Library entry O      D cc-pVQZ-F12          selected for orbital group  2
 Library entry O      D vqz-f12-diff         selected for orbital group  2
 Library entry O      F cc-pVQZ-F12          selected for orbital group  2
 Library entry O      F vqz-f12-diff         selected for orbital group  2
 Library entry O      G cc-pVQZ-F12          selected for orbital group  2
 Library entry O      G vqz-f12-diff         selected for orbital group  2
 Library entry H      S cc-pVQZ-F12          selected for orbital group  3
 Library entry H      P cc-pVQZ-F12          selected for orbital group  3
 Library entry H      P vqz-f12-diff         selected for orbital group  3
 Library entry H      D cc-pVQZ-F12          selected for orbital group  3
 Library entry H      D vqz-f12-diff         selected for orbital group  3
 Library entry H      F cc-pVQZ-F12          selected for orbital group  3
 Library entry H      F vqz-f12-diff         selected for orbital group  3


 PROGRAM * SEWARD (Integral evaluation for generally contracted gaussian basis sets)     Author: Roland Lindh, 1990

 Geometry written to block  1 of record 700

 Orientation using atomic masses  
 Molecule type: Asymmetric top
 Symmetry elements: X
 Rotational constants:      23.6333757     24.5065391    128.9114827 GHz  (calculated with average atomic masses)

 Point group  Cs  



 ATOMIC COORDINATES

 NR  ATOM    CHARGE       X              Y              Z

   1  C       6.00    0.000000000    0.021622205   -1.383678043
   2  O       8.00    0.000000000   -0.126383340    1.313817109
   3  H       1.00    0.000000000    1.563882378    1.966773405
   4  H1      1.00    1.672584827    1.025746373   -2.058106820
   5  H3      1.00   -1.672584827    1.025746373   -2.058106820
   6  H2      1.00    0.000000000   -1.866904676   -2.216820134

 Bond lengths in Bohr (Angstrom)

 1-2  2.701552468  1-4  2.064136508  1-5  2.064136508  1-6  2.064136508  2-3  1.812001689
     ( 1.429600000)     ( 1.092294000)     ( 1.092294000)     ( 1.092294000)     ( 0.958870000)

 Bond angles

  1-2-3  107.98120000   2-1-4  110.66460000   2-1-5  110.66460000   2-1-6  110.66460000

  4-1-5  108.25192757   4-1-6  108.25192757   5-1-6  108.25192757

 NUCLEAR CHARGE:                   18
 NUMBER OF PRIMITIVE AOS:         558
 NUMBER OF SYMMETRY AOS:          452
 NUMBER OF CONTRACTIONS:          412   (  247A'  +  165A"  )
 NUMBER OF INNER CORE ORBITALS:     0   (    0A'  +    0A"  )
 NUMBER OF OUTER CORE ORBITALS:     2   (    2A'  +    0A"  )
 NUMBER OF VALENCE ORBITALS:       12   (    9A'  +    3A"  )


 NUCLEAR REPULSION ENERGY   40.16373301


 Eigenvalues of metric

         1 0.142E-05 0.319E-05 0.502E-05 0.543E-05 0.733E-05 0.886E-05 0.106E-04 0.245E-04
         2 0.158E-05 0.726E-05 0.399E-04 0.582E-04 0.729E-04 0.768E-04 0.839E-04 0.118E-03


 Contracted 2-electron integrals neglected if value below      1.0D-12
 AO integral compression algorithm  1   Integral accuracy      1.0D-12

     9820.701 MB (compressed) written to integral file ( 57.8%)


 NUMBER OF SORTED TWO-ELECTRON INTEGRALS: 1821187246.     BUFFER LENGTH:  32768
 NUMBER OF SEGMENTS:  57  SEGMENT LENGTH:   31998650      RECORD LENGTH: 524288

 Memory used in sort:      32.56 MW

 SORT1 READ  2125634283. AND WROTE  1793547980. INTEGRALS IN   5161 RECORDS. CPU TIME:    22.18 SEC, REAL TIME:    42.82 SEC
 SORT2 READ  1793547980. AND WROTE  1821187246. INTEGRALS IN  37463 RECORDS. CPU TIME:    18.57 SEC, REAL TIME:    33.77 SEC

 FILE SIZES:   FILE 1:  9855.1 MBYTE,  FILE 4: 21646.8 MBYTE,   TOTAL:  31501.9 MBYTE

 OPERATOR DM      FOR CENTER  0  COORDINATES:    0.000000    0.000000    0.000000


 **********************************************************************************************************************************
 DATASETS  * FILE   NREC   LENGTH (MB)   RECORD NAMES
              1      19     8340.13       500      610      700      900      950      970     1001      129      960     1100   
                                          VAR    BASINP    GEOM    SYMINP    ZMAT    AOBASIS   BASIS     P2S    ABASIS      S 
                                         1400     1410     1200     1210     1080     1600     1650     1300     1700   
                                           T        V       H0       H01     AOSYM     SMH    MOLCAS    ERIS     OPER   

              2       7        1.30       700     1000      520     2100     7360     7350     1001   
                                         GEOM     BASIS   MCVARS     RHF    F12ABS    EF12     BASIS   

 PROGRAMS   *        TOTAL       INT   CCSD(T)    HF-SCF       INT
 CPU TIMES  *      1232.35    619.24    492.47     70.37     50.15
 REAL TIME  *       270.53 SEC
 DISK USED  *        29.34 GB
 **********************************************************************************************************************************


 Program * Restricted Hartree-Fock

 Molecular orbitals read from record     2100.2  Type=RHF/CANONICAL  

 Present basis size:      247  165
 Previous basis size:     146   88
 Previous occupation:       7    2
 Previous closed-shells:    7    2
 Previous core-orbitals:    2    0
 Present occupation:        7    2
 Present closed-shells:     7    2
 Present core-orbitals:     2    0
 Wavefunction symmetry:    1   Singlet 

 Orbital overlap <old|new>:  < 1.1| 1.1> = 1.000000   < 2.1| 2.1> = 1.000000   < 3.1| 3.1> = 0.999999   < 4.1| 4.1> = 0.999999
                             < 5.1| 5.1> = 0.999997   < 6.1| 6.1> = 0.999997   < 7.1| 7.1> = 0.999997   < 1.2| 1.2> = 0.999997
                             < 2.2| 2.2> = 0.999995


 Initial occupancy:   7   2

 NELEC=   18   SYM=1   MS2= 0   THRE=1.0D-08   THRD=3.2D-06   THRG=3.2D-06  HFMA2=F  DIIS_START=2   DIIS_MAX=10   DIIS_INCORE=F

 Level shifts:    0.00 (CLOSED)    0.00 (OPEN)    0.30 (GAP_MIN)

 ITER           ETOT              DE          GRAD        DDIFF     DIIS  NEXP   TIME(IT)  TIME(TOT)  DIAG
   1     -115.09977127    -115.09977127     0.00D+00     0.31D-01     0     0      83.42     83.73    start
   2     -115.10058116      -0.00080989     0.14D-02     0.66D-02     1     0      81.42    165.15    diag
   3     -115.10058433      -0.00000317     0.69D-04     0.50D-03     2     0      83.38    248.53    diag
   4     -115.10058438      -0.00000005     0.67D-05     0.26D-04     3     0      85.80    334.33    diag
   5     -115.10058440      -0.00000002     0.37D-05     0.46D-05     4     0      81.31    415.64    diag
   6     -115.10058440      -0.00000000     0.30D-06     0.14D-05     5     0      85.33    500.97    diag
   7     -115.10058440      -0.00000000     0.11D-06     0.28D-06     0     0      85.80    586.77    diag

 Final occupancy:   7   2

 !RHF STATE 1.1 Energy               -115.100584396443
  RHF One-electron energy            -236.595938630037
  RHF Two-electron energy              81.331621224874
  RHF Kinetic energy                  114.954185548065
  RHF Nuclear energy                   40.163733008720
  RHF Virial quotient                  -1.001273540826

 !RHF STATE 1.1 Dipole moment           0.00000000     0.59194681    -0.41140870
 Dipole moment /Debye                   0.00000000     1.50457871    -1.04569662

 Orbital energies:

           1.1          2.1          3.1          4.1          5.1          6.1          7.1          8.1          9.1
    -20.555550   -11.272038    -1.353926    -0.925917    -0.688230    -0.595812    -0.504054     0.037367     0.040992

           1.2          2.2          3.2          4.2
     -0.619198    -0.451629     0.046054     0.107941


 HOMO      2.2    -0.451629 =     -12.2895eV
 LUMO      8.1     0.037367 =       1.0168eV
 LUMO-HOMO         0.488996 =      13.3063eV

 Orbitals saved in record  2101.2


 **********************************************************************************************************************************
 DATASETS  * FILE   NREC   LENGTH (MB)   RECORD NAMES
              1      19     8340.13       500      610      700      900      950      970     1001      129      960     1100   
                                          VAR    BASINP    GEOM    SYMINP    ZMAT    AOBASIS   BASIS     P2S    ABASIS      S 
                                         1400     1410     1200     1210     1080     1600     1650     1300     1700   
                                           T        V       H0       H01     AOSYM     SMH    MOLCAS    ERIS     OPER   

              2       8        2.76       700     1000      520     2100     7360     7350     1001     2101   
                                         GEOM     BASIS   MCVARS     RHF    F12ABS    EF12     BASIS     RHF  

 PROGRAMS   *        TOTAL    HF-SCF       INT   CCSD(T)    HF-SCF       INT
 CPU TIMES  *      1819.17    586.81    619.24    492.47     70.37     50.15
 REAL TIME  *       349.15 SEC
 DISK USED  *        29.34 GB
 **********************************************************************************************************************************


 PROGRAM * CCSD (Closed-shell coupled cluster)     Authors: C. Hampel, H.-J. Werner, 1991, M. Deegan, P.J. Knowles, 1992

                                  CCSD-F12 implementation by  H.-J. Werner, 2007

                   Density fitting integral evaluation by F.R. Manby, 2003,2007, G. Knizia, 2010



 Convergence thresholds:  THRVAR = 1.00D-08  THRDEN = 1.00D-06

 CCSD(T)     terms to be evaluated (factor= 1.000)


 Number of core orbitals:           2 (   2   0 )
 Number of closed-shell orbitals:   7 (   5   2 )
 Number of external orbitals:     403 ( 240 163 )

 Molecular orbitals read from record     2101.2  Type=RHF/CANONICAL (state 1.1)

 MP2-F12 correlation treatment (H.-J. Werner, 2006)
 ==================================================

 Using MP2-F12 with ansatz 3C(FIX)

 Using projected zeroth-order Hamiltonian (+Z)

 FOCKRIB=T FOCKRIC=T FOCKRIP=T CABSP=T CABSA=T CABSK=T CABSF=T GBC=F EBC=F DMAT=T NOFIK=T NOPAO=1 SOLVE=-1  USEPAO=0
 EXCH_A= T EXCH_B= F EXCH_C= F EXCH_P= F

 Geminal basis:    OPTFULL  GEM_TYPE=SLATER  BETA=1.0  NGEM=6

 Optimizing Gaussian exponents for each gem_beta

 Geminal optimization for beta= 1.0000
 Weight function:   m=0, omega= 1.4646

 Augmented Hessian optimization of geminal fit. Trust ratio= 0.40000
 Convergence reached after   2 iterations. Final gradient= 8.66D-16, Step= 4.23D-06, Delta= 1.28D-09

 Alpha:                 0.19532     0.81920     2.85917     9.50073    35.69989   197.79328
 Coeff:                 0.27070     0.30552     0.18297     0.10986     0.06810     0.04224


 Symmetry turned off. Reference energy:       -115.100584396443

 All pairs explicitly correlated. Number of r12-pairs:           28

 Excluding core orbitals from MO domains

 AO(A)-basis ORBITAL           loaded. Number of functions:     412
 RI(R)-basis CC-PVQZ-F12/OPTRI loaded. Number of functions:     372
 DF-basis VQZ-F12/JKFIT        loaded. Number of functions:     588

 Screening thresholds:   THRAO=  1.00D-10  THRMO=  1.00D-09  THRPROD=  1.00D-09
                         THRSW=  1.00D-05  THROV=  1.00D-12  THRAOF12= 1.00D-08

 CPU time for Fock operators                     20.96 sec

 Construction of ABS:
 Smallest eigenvalue of S          2.77E-04  (threshold= 1.00E-08)
 Ratio eigmin/eigmax               4.86E-05  (threshold= 1.00E-09)
 Smallest eigenvalue of S kept     2.77E-04  (threshold= 2.77E-04, 0 functions deleted, 372 kept)

 Construction of CABS:
 Smallest eigenvalue of S          2.44E-08  (threshold= 1.00E-08)
 Ratio eigmin/eigmax               2.44E-08  (threshold= 1.00E-09)
 Smallest eigenvalue of S kept     2.44E-08  (threshold= 2.44E-08, 0 functions deleted, 372 kept)

 CPU time for CABS singles                        0.37 sec

 CABS-singles contribution of  -0.00014888 patched into reference energy.
 New reference energy        -115.10073327

 AO(A)-basis ORBITAL           loaded. Number of functions:     412
 RI(R)-basis CC-PVQZ-F12/OPTRI loaded. Number of functions:     372
 DF-basis AUG-CC-PVQZ-F12/MP2FIloaded. Number of functions:     656

 Screening thresholds:   THRAO=  1.00D-10  THRMO=  1.00D-09  THRPROD=  1.00D-09
                         THRSW=  1.00D-05  THROV=  1.00D-12  THRAOF12= 1.00D-08

 CPU time for 3-index integral evaluation        31.25 sec
 CPU time for first  half transformation          7.08 sec ( 2336.6 MFLOP/sec)
 CPU time for second half transformation          0.43 sec (  554.4 MFLOP/sec)
 CPU time for sorting                             0.15 sec
 CPU time for fitting                             0.31 sec (15761.4 MFLOP/sec)
 CPU time for tilde quantities                    0.43 sec (17009.3 MFLOP/sec)
 CPU time for assembly                            2.68 sec (22873.1 MFLOP/sec)
 CPU time for tranop_f12                          5.88 sec (14029.4 MFLOP/sec)
 CPU time for f12 integrals (total)              57.61 sec, Elapsed time:     20.94 sec
 CPU time for f12 matrices (total)                2.44 sec, Elapsed time:      0.34 sec

 Diagonal F12 approximation with fixed coefficients:  TSING= 0.500,  TTRIP= 0.250 (scaled by -1/beta)

 DF-MP2-F12 energy corrections:
 ==============================
 Approx.                                    Singlet             Triplet             Total
 DF-MP2-F12/3*C(DX,FIX)                -0.019490659482     -0.001359657414     -0.020850316896
 DF-MP2-F12/3*C(FIX)                   -0.018689102333     -0.001242781197     -0.019931883530
 DF-MP2-F12/3C(FIX)                    -0.018587020293     -0.001259494990     -0.019846515283

 DF-MP2-F12 correlation energies:
 ================================
 Approx.                                    Singlet             Triplet             Ecorr            Total Energy
 DF-MP2                                -0.309728074105     -0.155349655579     -0.465077729684   -115.565811003955
 DF-MP2-F12/3*C(DX,FIX)                -0.329218733587     -0.156709312993     -0.485928046580   -115.586661320851
 DF-MP2-F12/3*C(FIX)                   -0.328417176438     -0.156592436776     -0.485009613214   -115.585742887485
 DF-MP2-F12/3C(FIX)                    -0.328315094399     -0.156609150568     -0.484924244967   -115.585657519238

 SCS-DF-MP2 energies (F_SING= 1.20000  F_TRIP= 0.62222  F_PARALLEL= 0.33333):
 ============================================================================
 SCS-DF-MP2                            -0.468335696842   -115.569068971113
 SCS-DF-MP2-F12/3*C(DX,FIX)            -0.492570497278   -115.593303771549
 SCS-DF-MP2-F12/3*C(FIX)               -0.491535905720   -115.592269179991
 SCS-DF-MP2-F12/3C(FIX)                -0.491423806966   -115.592157081237

 Symmetry restored.
 Symmetry transformation completed.

 Number of N-1 electron functions:               7
 Number of N-2 electron functions:              28
 Number of singly external CSFs:              1526
 Number of doubly external CSFs:           2004261
 Total number of CSFs:                     2005788

 Length of J-op  integral file:             343.53 MB
 Length of K-op  integral file:             480.07 MB
 Length of 3-ext integral record:             0.00 MB

 Memory could be reduced to 317.68 Mwords without degradation in triples

 Integral transformation finished. Total CPU: 236.07 sec, npass=  1  Memory used:  94.08 MW

 Reference energy:                   -115.10073327

 Adding F12 terms to K(Cij), methodcc=6,  factor= 1.0

 ITER.      SQ.NORM     CORR.ENERGY   TOTAL ENERGY   ENERGY CHANGE        DEN1      VAR(S)    VAR(P)  DIIS     TIME  TIME/IT
   1      1.11942353    -0.47279915  -115.57353242    -0.00764359     0.00347262  0.15D-02  0.19D-02  1  1   558.04    24.09
   2      1.12703479    -0.47360019  -115.57433347    -0.00080104    -0.00942212  0.26D-04  0.24D-03  2  2   798.38    24.38
   3      1.13001200    -0.47372738  -115.57446065    -0.00012719    -0.00208486  0.13D-04  0.13D-04  3  3  1038.17    23.97
   4      1.13089096    -0.47372759  -115.57446087    -0.00000022    -0.00047756  0.93D-06  0.13D-05  4  4  1277.84    23.82
   5      1.13105914    -0.47373041  -115.57446369    -0.00000282    -0.00004885  0.27D-06  0.12D-06  5  5  1513.75    23.60
   6      1.13110845    -0.47372777  -115.57446105     0.00000264    -0.00000781  0.44D-07  0.13D-07  6  6  1751.80    23.47
   7      1.13112048    -0.47372677  -115.57446004     0.00000100    -0.00000220  0.66D-08  0.26D-08  6  2  1990.96    23.42
   8      1.13112379    -0.47372653  -115.57445980     0.00000024    -0.00000036  0.10D-08  0.35D-09  6  1  2228.37    23.34
   9      1.13112512    -0.47372646  -115.57445974     0.00000006    -0.00000002  0.11D-09  0.47D-10  6  3  2466.95    23.30

 Norm of t1 vector:      0.05052956      S-energy:     0.00000000      T1 diagnostic:  0.00954919
                                                                       D1 diagnostic:  0.02039562
                                                                       D2 diagnostic:  0.13774276 (internal)

 Adding energy correction from Wij-K(Fij), methodcc=6  factor= 1.0

  CCSD correlation energy              -0.473726463372
  MP2-F12 correction (uncoupled)       -0.019719226330
  C*T doubles correction               -0.000187859615
  f12b correction                       0.004204192817


 Total CPU time for triples:    446.65 sec


 RESULTS
 =======

  Reference energy                   -115.100584396443
  F12 singles correction               -0.000148877828

 F12 singles corrections added to reference energy

  New reference energy               -115.100733274271

  F12a singlet correction              -0.018655831652
  F12a triplet correction              -0.001251254293
  F12a total correction                -0.019907085945

 F12a corrections for ansatz F12/3C(FIX) added to CCSD energy

  CCSD-F12a singlet pair energy        -0.351708551047
  CCSD-F12a triplet pair energy        -0.141925000159
  CCSD-F12a correlation energy         -0.493633549317

  Triples (T) contribution             -0.017175339506
  Total correlation energy             -0.510808888823

  CCSD-F12a total energy             -115.594366823588
  CCSD[T]-F12a energy                -115.612106844454
  CCSD-T-F12a energy                 -115.611294359520
 !CCSD(T)-F12a total energy          -115.611542163094

 F12b corrections for ansatz F12/3C(FIX) added to CCSD(T)-F12a energy

  CCSD-F12b singlet pair energy        -0.347686334223
  CCSD-F12b triplet pair energy        -0.141743024166
  CCSD-F12b correlation energy         -0.489429356501

  Triples (T) contribution             -0.017175339506
  Total correlation energy             -0.506604696007

  CCSD-F12b total energy             -115.590162630772
  CCSD[T]-F12b energy                -115.607902651638
  CCSD-T-F12b energy                 -115.607090166703
 !CCSD(T)-F12b total energy          -115.607337970278

 Timing summary (sec):

 STEP                 CPU(USER)    SYS     CPU(TOT)    WALL
 Transformation        236.93      3.64    240.57     30.16
 CCSD iterations      2147.94     69.25   2217.19    209.77
 Triples               446.65      4.26    450.91     68.74
 MP2-F12                82.46      1.27     83.73     37.92
 F12b energy           220.84      5.99    226.83     20.93

 Program statistics:

 Available memory in ccsd:               499999650
 Min. memory needed in ccsd:               6288650
 Max. memory used in ccsd:                 7983428
 Max. memory used in cckext:              15646125 (10 integral passes)



 **********************************************************************************************************************************
 DATASETS  * FILE   NREC   LENGTH (MB)   RECORD NAMES
              1      20     9247.86       500      610      700      900      950      970     1001      129      960     1100   
                                          VAR    BASINP    GEOM    SYMINP    ZMAT    AOBASIS   BASIS     P2S    ABASIS      S 
                                         1400     1410     1200     1210     1080     1600     1650     1300     1700     1380   
                                           T        V       H0       H01     AOSYM     SMH    MOLCAS    ERIS     OPER     JKOP   

              2       8        2.76       700     1000      520     2100     7360     7350     1001     2101   
                                         GEOM     BASIS   MCVARS     RHF    F12ABS    EF12     BASIS     RHF  

 PROGRAMS   *        TOTAL   CCSD(T)    HF-SCF       INT   CCSD(T)    HF-SCF       INT
 CPU TIMES  *      4954.03   3134.85    586.81    619.24    492.47     70.37     50.15
 REAL TIME  *       716.81 SEC
 DISK USED  *        29.34 GB
 **********************************************************************************************************************************
