 Evaluating energy using basis set CC-PVQZ-F12
 SETTING BASIS          =    CC-PVQZ-F12


 Recomputing integrals since basis changed


 Using spherical harmonics

 Library entry C      S cc-pVQZ-F12          selected for orbital group  1
 Library entry C      P cc-pVQZ-F12          selected for orbital group  1
 Library entry C      D cc-pVQZ-F12          selected for orbital group  1
 Library entry C      F cc-pVQZ-F12          selected for orbital group  1
 Library entry C      G cc-pVQZ-F12          selected for orbital group  1
 Library entry O      S cc-pVQZ-F12          selected for orbital group  2
 Library entry O      P cc-pVQZ-F12          selected for orbital group  2
 Library entry O      D cc-pVQZ-F12          selected for orbital group  2
 Library entry O      F cc-pVQZ-F12          selected for orbital group  2
 Library entry O      G cc-pVQZ-F12          selected for orbital group  2
 Library entry H      S cc-pVQZ-F12          selected for orbital group  3
 Library entry H      P cc-pVQZ-F12          selected for orbital group  3
 Library entry H      D cc-pVQZ-F12          selected for orbital group  3
 Library entry H      F cc-pVQZ-F12          selected for orbital group  3


 PROGRAM * SEWARD (Integral evaluation for generally contracted gaussian basis sets)     Author: Roland Lindh, 1990

 Geometry written to block  1 of record 700

 Orientation using atomic masses  
 Molecule type: Asymmetric top
 Symmetry elements: X
 Rotational constants:      23.6333757     24.5065391    128.9114827 GHz  (calculated with average atomic masses)

 Point group  Cs  



 ATOMIC COORDINATES

 NR  ATOM    CHARGE       X              Y              Z

   1  C       6.00    0.000000000    0.021622205   -1.383678043
   2  O       8.00    0.000000000   -0.126383340    1.313817109
   3  H       1.00    0.000000000    1.563882378    1.966773405
   4  H1      1.00    1.672584827    1.025746373   -2.058106820
   5  H3      1.00   -1.672584827    1.025746373   -2.058106820
   6  H2      1.00    0.000000000   -1.866904676   -2.216820134

 Bond lengths in Bohr (Angstrom)

 1-2  2.701552468  1-4  2.064136508  1-5  2.064136508  1-6  2.064136508  2-3  1.812001689
     ( 1.429600000)     ( 1.092294000)     ( 1.092294000)     ( 1.092294000)     ( 0.958870000)

 Bond angles

  1-2-3  107.98120000   2-1-4  110.66460000   2-1-5  110.66460000   2-1-6  110.66460000

  4-1-5  108.25192757   4-1-6  108.25192757   5-1-6  108.25192757

 NUCLEAR CHARGE:                   18
 NUMBER OF PRIMITIVE AOS:         420
 NUMBER OF SYMMETRY AOS:          350
 NUMBER OF CONTRACTIONS:          310   (  190A'  +  120A"  )
 NUMBER OF INNER CORE ORBITALS:     0   (    0A'  +    0A"  )
 NUMBER OF OUTER CORE ORBITALS:     2   (    2A'  +    0A"  )
 NUMBER OF VALENCE ORBITALS:       12   (    9A'  +    3A"  )


 NUCLEAR REPULSION ENERGY   40.16373301


 Eigenvalues of metric

         1 0.138E-04 0.265E-04 0.279E-04 0.482E-04 0.822E-04 0.112E-03 0.135E-03 0.137E-03
         2 0.283E-04 0.135E-03 0.340E-03 0.428E-03 0.579E-03 0.584E-03 0.866E-03 0.134E-02


 Contracted 2-electron integrals neglected if value below      1.0D-12
 AO integral compression algorithm  1   Integral accuracy      1.0D-12

     3133.669 MB (compressed) written to integral file ( 57.9%)


 NUMBER OF SORTED TWO-ELECTRON INTEGRALS:  586185115.     BUFFER LENGTH:  32768
 NUMBER OF SEGMENTS:  19  SEGMENT LENGTH:   31996000      RECORD LENGTH: 524288

 Memory used in sort:      32.55 MW

 SORT1 READ   676773299. AND WROTE   574235320. INTEGRALS IN   1652 RECORDS. CPU TIME:     5.99 SEC, REAL TIME:     8.39 SEC
 SORT2 READ   574235320. AND WROTE   586185115. INTEGRALS IN  11954 RECORDS. CPU TIME:     5.78 SEC, REAL TIME:     7.51 SEC

 FILE SIZES:   FILE 1:  3166.2 MBYTE,  FILE 4:  6929.0 MBYTE,   TOTAL:  10095.3 MBYTE

 OPERATOR DM      FOR CENTER  0  COORDINATES:    0.000000    0.000000    0.000000


 **********************************************************************************************************************************
 DATASETS  * FILE   NREC   LENGTH (MB)   RECORD NAMES
              1      19     2696.03       500      610      700      900      950      970     1001      129      960     1100   
                                          VAR    BASINP    GEOM    SYMINP    ZMAT    AOBASIS   BASIS     P2S    ABASIS      S 
                                         1400     1410     1200     1210     1080     1600     1650     1300     1700   
                                           T        V       H0       H01     AOSYM     SMH    MOLCAS    ERIS     OPER   

              2       7        0.95       700     1000      520     2100     7360     7350     1001   
                                         GEOM     BASIS   MCVARS     RHF    F12ABS    EF12     BASIS   

 PROGRAMS   *        TOTAL       INT   CCSD(T)    HF-SCF       INT
 CPU TIMES  *       489.58    180.78    284.65     12.33     11.71
 REAL TIME  *        94.66 SEC
 DISK USED  *         9.40 GB
 **********************************************************************************************************************************


 Program * Restricted Hartree-Fock

 Molecular orbitals read from record     2100.2  Type=RHF/CANONICAL  

 Present basis size:      190  120
 Previous basis size:     114   64
 Previous occupation:       7    2
 Previous closed-shells:    7    2
 Previous core-orbitals:    2    0
 Present occupation:        7    2
 Present closed-shells:     7    2
 Present core-orbitals:     2    0
 Wavefunction symmetry:    1   Singlet 

 Orbital overlap <old|new>:  < 1.1| 1.1> = 1.000000   < 2.1| 2.1> = 1.000000   < 3.1| 3.1> = 0.999999   < 4.1| 4.1> = 0.999998
                             < 5.1| 5.1> = 0.999996   < 6.1| 6.1> = 0.999996   < 7.1| 7.1> = 0.999996   < 1.2| 1.2> = 0.999996
                             < 2.2| 2.2> = 0.999993


 Initial occupancy:   7   2

 NELEC=   18   SYM=1   MS2= 0   THRE=1.0D-08   THRD=3.2D-06   THRG=3.2D-06  HFMA2=F  DIIS_START=2   DIIS_MAX=10   DIIS_INCORE=F

 Level shifts:    0.00 (CLOSED)    0.00 (OPEN)    0.30 (GAP_MIN)

 ITER           ETOT              DE          GRAD        DDIFF     DIIS  NEXP   TIME(IT)  TIME(TOT)  DIAG
   1     -115.09970590    -115.09970590     0.00D+00     0.39D-01     0     0      28.30     28.48    start
   2     -115.10056335      -0.00085745     0.16D-02     0.49D-02     1     0      26.92     55.40    diag
   3     -115.10056737      -0.00000403     0.84D-04     0.57D-03     2     0      25.58     80.98    diag
   4     -115.10056743      -0.00000006     0.80D-05     0.56D-04     3     0      26.73    107.71    diag
   5     -115.10056745      -0.00000002     0.45D-05     0.89D-05     4     0      26.57    134.28    diag
   6     -115.10056745      -0.00000000     0.40D-06     0.27D-05     5     0      26.62    160.90    diag
   7     -115.10056745      -0.00000000     0.14D-06     0.32D-06     0     0      25.52    186.42    diag

 Final occupancy:   7   2

 !RHF STATE 1.1 Energy               -115.100567452123
  RHF One-electron energy            -236.595936311988
  RHF Two-electron energy              81.331635851144
  RHF Kinetic energy                  114.954244472830
  RHF Nuclear energy                   40.163733008720
  RHF Virial quotient                  -1.001272880179

 !RHF STATE 1.1 Dipole moment           0.00000000     0.59251259    -0.41241591
 Dipole moment /Debye                   0.00000000     1.50601678    -1.04825669

 Orbital energies:

           1.1          2.1          3.1          4.1          5.1          6.1          7.1          8.1          9.1
    -20.555542   -11.272041    -1.353921    -0.925920    -0.688226    -0.595809    -0.504049     0.045571     0.053167

           1.2          2.2          3.2          4.2
     -0.619202    -0.451628     0.059418     0.145811


 HOMO      2.2    -0.451628 =     -12.2894eV
 LUMO      8.1     0.045571 =       1.2401eV
 LUMO-HOMO         0.497199 =      13.5295eV

 Orbitals saved in record  2101.2


 **********************************************************************************************************************************
 DATASETS  * FILE   NREC   LENGTH (MB)   RECORD NAMES
              1      19     2696.03       500      610      700      900      950      970     1001      129      960     1100   
                                          VAR    BASINP    GEOM    SYMINP    ZMAT    AOBASIS   BASIS     P2S    ABASIS      S 
                                         1400     1410     1200     1210     1080     1600     1650     1300     1700   
                                           T        V       H0       H01     AOSYM     SMH    MOLCAS    ERIS     OPER   

              2       8        1.83       700     1000      520     2100     7360     7350     1001     2101   
                                         GEOM     BASIS   MCVARS     RHF    F12ABS    EF12     BASIS     RHF  

 PROGRAMS   *        TOTAL    HF-SCF       INT   CCSD(T)    HF-SCF       INT
 CPU TIMES  *       676.03    186.45    180.78    284.65     12.33     11.71
 REAL TIME  *       121.51 SEC
 DISK USED  *         9.40 GB
 **********************************************************************************************************************************


 PROGRAM * CCSD (Closed-shell coupled cluster)     Authors: C. Hampel, H.-J. Werner, 1991, M. Deegan, P.J. Knowles, 1992

                                  CCSD-F12 implementation by  H.-J. Werner, 2007

                   Density fitting integral evaluation by F.R. Manby, 2003,2007, G. Knizia, 2010



 Convergence thresholds:  THRVAR = 1.00D-08  THRDEN = 1.00D-06

 CCSD(T)     terms to be evaluated (factor= 1.000)


 Number of core orbitals:           2 (   2   0 )
 Number of closed-shell orbitals:   7 (   5   2 )
 Number of external orbitals:     301 ( 183 118 )

 Molecular orbitals read from record     2101.2  Type=RHF/CANONICAL (state 1.1)

 MP2-F12 correlation treatment (H.-J. Werner, 2006)
 ==================================================

 Using MP2-F12 with ansatz 3C(FIX)

 Using projected zeroth-order Hamiltonian (+Z)

 FOCKRIB=T FOCKRIC=T FOCKRIP=T CABSP=T CABSA=T CABSK=T CABSF=T GBC=F EBC=F DMAT=T NOFIK=T NOPAO=1 SOLVE=-1  USEPAO=0
 EXCH_A= T EXCH_B= F EXCH_C= F EXCH_P= F

 Geminal basis:    OPTFULL  GEM_TYPE=SLATER  BETA=1.0  NGEM=6

 Optimizing Gaussian exponents for each gem_beta

 Geminal optimization for beta= 1.0000
 Weight function:   m=0, omega= 1.4646

 Augmented Hessian optimization of geminal fit. Trust ratio= 0.40000
 Convergence reached after   2 iterations. Final gradient= 8.66D-16, Step= 4.23D-06, Delta= 1.28D-09

 Alpha:                 0.19532     0.81920     2.85917     9.50073    35.69989   197.79328
 Coeff:                 0.27070     0.30552     0.18297     0.10986     0.06810     0.04224


 Symmetry turned off. Reference energy:       -115.100567452123

 All pairs explicitly correlated. Number of r12-pairs:           28

 Excluding core orbitals from MO domains

 AO(A)-basis ORBITAL           loaded. Number of functions:     310
 RI(R)-basis CC-PVQZ-F12/OPTRI loaded. Number of functions:     372
 DF-basis VQZ-F12/JKFIT        loaded. Number of functions:     588

 Screening thresholds:   THRAO=  1.00D-10  THRMO=  1.00D-09  THRPROD=  1.00D-09
                         THRSW=  1.00D-05  THROV=  1.00D-12  THRAOF12= 1.00D-08

 CPU time for Fock operators                     17.02 sec

 Construction of ABS:
 Smallest eigenvalue of S          2.77E-04  (threshold= 1.00E-08)
 Ratio eigmin/eigmax               4.86E-05  (threshold= 1.00E-09)
 Smallest eigenvalue of S kept     2.77E-04  (threshold= 2.77E-04, 0 functions deleted, 372 kept)

 Construction of CABS:
 Smallest eigenvalue of S          3.24E-08  (threshold= 1.00E-08)
 Ratio eigmin/eigmax               3.24E-08  (threshold= 1.00E-09)
 Smallest eigenvalue of S kept     3.24E-08  (threshold= 3.24E-08, 0 functions deleted, 372 kept)

 CPU time for CABS singles                        0.26 sec

 CABS-singles contribution of  -0.00015600 patched into reference energy.
 New reference energy        -115.10072345

 AO(A)-basis ORBITAL           loaded. Number of functions:     310
 RI(R)-basis CC-PVQZ-F12/OPTRI loaded. Number of functions:     372
 DF-basis CC-PVQZ-F12/MP2FIT   loaded. Number of functions:     656

 Screening thresholds:   THRAO=  1.00D-10  THRMO=  1.00D-09  THRPROD=  1.00D-09
                         THRSW=  1.00D-05  THROV=  1.00D-12  THRAOF12= 1.00D-08

 CPU time for 3-index integral evaluation        24.34 sec
 CPU time for first  half transformation          4.28 sec ( 2433.3 MFLOP/sec)
 CPU time for second half transformation          0.01 sec (17936.4 MFLOP/sec)
 CPU time for fitting                             0.27 sec (15820.4 MFLOP/sec)
 CPU time for tilde quantities                    0.37 sec (16445.8 MFLOP/sec)
 CPU time for assembly                            1.66 sec (25840.0 MFLOP/sec)
 CPU time for tranop_f12                          3.48 sec (13869.9 MFLOP/sec)
 CPU time for f12 integrals (total)              41.38 sec, Elapsed time:     15.69 sec
 CPU time for f12 matrices (total)                1.07 sec, Elapsed time:      0.15 sec

 Diagonal F12 approximation with fixed coefficients:  TSING= 0.500,  TTRIP= 0.250 (scaled by -1/beta)

 DF-MP2-F12 energy corrections:
 ==============================
 Approx.                                    Singlet             Triplet             Total
 DF-MP2-F12/3*C(DX,FIX)                -0.019752317350     -0.001386011553     -0.021138328904
 DF-MP2-F12/3*C(FIX)                   -0.018964430042     -0.001274486072     -0.020238916114
 DF-MP2-F12/3C(FIX)                    -0.018885888259     -0.001294685465     -0.020180573723

 DF-MP2-F12 correlation energies:
 ================================
 Approx.                                    Singlet             Triplet             Ecorr            Total Energy
 DF-MP2                                -0.309406937987     -0.155296935575     -0.464703873562   -115.565427325349
 DF-MP2-F12/3*C(DX,FIX)                -0.329159255338     -0.156682947128     -0.485842202466   -115.586565654253
 DF-MP2-F12/3*C(FIX)                   -0.328371368029     -0.156571421647     -0.484942789676   -115.585666241463
 DF-MP2-F12/3C(FIX)                    -0.328292826246     -0.156591621039     -0.484884447285   -115.585607899072

 SCS-DF-MP2 energies (F_SING= 1.20000  F_TRIP= 0.62222  F_PARALLEL= 0.33333):
 ============================================================================
 SCS-DF-MP2                            -0.467917529942   -115.568640981730
 SCS-DF-MP2-F12/3*C(DX,FIX)            -0.492482717952   -115.593206169739
 SCS-DF-MP2-F12/3*C(FIX)               -0.491467859548   -115.592191311336
 SCS-DF-MP2-F12/3C(FIX)                -0.491386177920   -115.592109629707

 Symmetry restored.
 Symmetry transformation completed.

 Number of N-1 electron functions:               7
 Number of N-2 electron functions:              28
 Number of singly external CSFs:              1151
 Number of doubly external CSFs:           1120422
 Total number of CSFs:                     1121574

 Length of J-op  integral file:             229.00 MB
 Length of K-op  integral file:             306.42 MB
 Length of 3-ext integral record:             0.00 MB

 Memory could be reduced to 133.39 Mwords without degradation in triples

 Integral transformation finished. Total CPU:  82.14 sec, npass=  1  Memory used:  39.75 MW

 Reference energy:                   -115.10072345

 Adding F12 terms to K(Cij), methodcc=6,  factor= 1.0

 ITER.      SQ.NORM     CORR.ENERGY   TOTAL ENERGY   ENERGY CHANGE        DEN1      VAR(S)    VAR(P)  DIIS     TIME  TIME/IT
   1      1.11938892    -0.47252445  -115.57324790    -0.00774632     0.00334510  0.15D-02  0.19D-02  1  1   228.59     8.14
   2      1.12698112    -0.47332153  -115.57404498    -0.00079708    -0.00939854  0.26D-04  0.24D-03  2  2   312.41     8.19
   3      1.12995602    -0.47344863  -115.57417208    -0.00012710    -0.00208494  0.13D-04  0.13D-04  3  3   395.89     8.18
   4      1.13082961    -0.47344964  -115.57417309    -0.00000101    -0.00047531  0.91D-06  0.12D-05  4  4   481.73     8.22
   5      1.13099308    -0.47345246  -115.57417592    -0.00000283    -0.00004680  0.25D-06  0.11D-06  5  5   567.78     8.25
   6      1.13104087    -0.47344970  -115.57417315     0.00000276    -0.00000780  0.40D-07  0.11D-07  6  6   649.96     8.20
   7      1.13105205    -0.47344877  -115.57417222     0.00000093    -0.00000204  0.53D-08  0.20D-08  6  2   736.10     8.23
   8      1.13105496    -0.47344857  -115.57417202     0.00000020    -0.00000026  0.83D-09  0.26D-09  6  1   821.68     8.24

 Norm of t1 vector:      0.05036990      S-energy:    -0.00000014      T1 diagnostic:  0.00951902
                                                                       D1 diagnostic:  0.02024545
                                                                       D2 diagnostic:  0.13772486 (internal)

 Adding energy correction from Wij-K(Fij), methodcc=6  factor= 1.0

  CCSD correlation energy              -0.473448565476
  MP2-F12 correction (uncoupled)       -0.019965712226
  C*T doubles correction               -0.000235657036
  f12b correction                       0.004262344544


 Total CPU time for triples:    175.83 sec


 RESULTS
 =======

  Reference energy                   -115.100567452123
  F12 singles correction               -0.000155999664

 F12 singles corrections added to reference energy

  New reference energy               -115.100723451787

  F12a singlet correction              -0.018918756828
  F12a triplet correction              -0.001282612434
  F12a total correction                -0.020201369263

 F12a corrections for ansatz F12/3C(FIX) added to CCSD energy

  CCSD-F12a singlet pair energy        -0.351732938904
  CCSD-F12a triplet pair energy        -0.141916856629
  CCSD-F12a correlation energy         -0.493649934739

  Triples (T) contribution             -0.017139950018
  Total correlation energy             -0.510789884756

  CCSD-F12a total energy             -115.594373386526
  CCSD[T]-F12a energy                -115.612076637014
  CCSD-T-F12a energy                 -115.611265775053
 !CCSD(T)-F12a total energy          -115.611513336544

 F12b corrections for ansatz F12/3C(FIX) added to CCSD(T)-F12a energy

  CCSD-F12b singlet pair energy        -0.347656067255
  CCSD-F12b triplet pair energy        -0.141731383735
  CCSD-F12b correlation energy         -0.489387590195

  Triples (T) contribution             -0.017139950018
  Total correlation energy             -0.506527540213

  CCSD-F12b total energy             -115.590111041982
  CCSD[T]-F12b energy                -115.607814292471
  CCSD-T-F12b energy                 -115.607003430509
 !CCSD(T)-F12b total energy          -115.607250992000

 Timing summary (sec):

 STEP                 CPU(USER)    SYS     CPU(TOT)    WALL
 Transformation         83.24      1.46     84.70     10.70
 CCSD iterations       678.44     29.06    707.50     66.04
 Triples               175.83      1.84    177.67     27.16
 MP2-F12                60.51      0.87     61.38     29.15
 F12b energy            78.97      3.17     82.14      7.59

 Program statistics:

 Available memory in ccsd:               499999650
 Min. memory needed in ccsd:               3543551
 Max. memory used in ccsd:                 4486316
 Max. memory used in cckext:               7504336 ( 9 integral passes)



 **********************************************************************************************************************************
 DATASETS  * FILE   NREC   LENGTH (MB)   RECORD NAMES
              1      20     3079.46       500      610      700      900      950      970     1001      129      960     1100   
                                          VAR    BASINP    GEOM    SYMINP    ZMAT    AOBASIS   BASIS     P2S    ABASIS      S 
                                         1400     1410     1200     1210     1080     1600     1650     1300     1700     1380   
                                           T        V       H0       H01     AOSYM     SMH    MOLCAS    ERIS     OPER     JKOP   

              2       8        1.83       700     1000      520     2100     7360     7350     1001     2101   
                                         GEOM     BASIS   MCVARS     RHF    F12ABS    EF12     BASIS     RHF  

 PROGRAMS   *        TOTAL   CCSD(T)    HF-SCF       INT   CCSD(T)    HF-SCF       INT
 CPU TIMES  *      1753.07   1077.02    186.45    180.78    284.65     12.33     11.71
 REAL TIME  *       262.25 SEC
 DISK USED  *         9.40 GB
 **********************************************************************************************************************************
