 Evaluating energy using basis set CC-PVTZ-F12
 SETTING BASIS          =    CC-PVTZ-F12


 Recomputing integrals since basis changed


 Using spherical harmonics

 Library entry C      S cc-pVTZ-F12          selected for orbital group  1
 Library entry C      P cc-pVTZ-F12          selected for orbital group  1
 Library entry C      D cc-pVTZ-F12          selected for orbital group  1
 Library entry C      F cc-pVTZ-F12          selected for orbital group  1
 Library entry O      S cc-pVTZ-F12          selected for orbital group  2
 Library entry O      P cc-pVTZ-F12          selected for orbital group  2
 Library entry O      D cc-pVTZ-F12          selected for orbital group  2
 Library entry O      F cc-pVTZ-F12          selected for orbital group  2
 Library entry H      S cc-pVTZ-F12          selected for orbital group  3
 Library entry H      P cc-pVTZ-F12          selected for orbital group  3
 Library entry H      D cc-pVTZ-F12          selected for orbital group  3


 PROGRAM * SEWARD (Integral evaluation for generally contracted gaussian basis sets)     Author: Roland Lindh, 1990

 Geometry written to block  1 of record 700

 Orientation using atomic masses  
 Molecule type: Asymmetric top
 Symmetry elements: X
 Rotational constants:      23.6333757     24.5065391    128.9114827 GHz  (calculated with average atomic masses)

 Point group  Cs  



 ATOMIC COORDINATES

 NR  ATOM    CHARGE       X              Y              Z

   1  C       6.00    0.000000000    0.021622205   -1.383678043
   2  O       8.00    0.000000000   -0.126383340    1.313817109
   3  H       1.00    0.000000000    1.563882378    1.966773405
   4  H1      1.00    1.672584827    1.025746373   -2.058106820
   5  H3      1.00   -1.672584827    1.025746373   -2.058106820
   6  H2      1.00    0.000000000   -1.866904676   -2.216820134

 Bond lengths in Bohr (Angstrom)

 1-2  2.701552468  1-4  2.064136508  1-5  2.064136508  1-6  2.064136508  2-3  1.812001689
     ( 1.429600000)     ( 1.092294000)     ( 1.092294000)     ( 1.092294000)     ( 0.958870000)

 Bond angles

  1-2-3  107.98120000   2-1-4  110.66460000   2-1-5  110.66460000   2-1-6  110.66460000

  4-1-5  108.25192757   4-1-6  108.25192757   5-1-6  108.25192757

 NUCLEAR CHARGE:                   18
 NUMBER OF PRIMITIVE AOS:         228
 NUMBER OF SYMMETRY AOS:          206
 NUMBER OF CONTRACTIONS:          178   (  114A'  +   64A"  )
 NUMBER OF INNER CORE ORBITALS:     0   (    0A'  +    0A"  )
 NUMBER OF OUTER CORE ORBITALS:     2   (    2A'  +    0A"  )
 NUMBER OF VALENCE ORBITALS:       12   (    9A'  +    3A"  )


 NUCLEAR REPULSION ENERGY   40.16373301

 Eigenvalues of metric

         1 0.891E-04 0.188E-03 0.310E-03 0.462E-03 0.495E-03 0.562E-03 0.621E-03 0.624E-03
         2 0.327E-03 0.571E-03 0.687E-03 0.180E-02 0.355E-02 0.488E-02 0.647E-02 0.854E-02


 Contracted 2-electron integrals neglected if value below      1.0D-11
 AO integral compression algorithm  1   Integral accuracy      1.0D-11

     331.350 MB (compressed) written to integral file ( 53.4%)


 NUMBER OF SORTED TWO-ELECTRON INTEGRALS:   64554730.     BUFFER LENGTH:  32768
 NUMBER OF SEGMENTS:   5  SEGMENT LENGTH:   15997996      RECORD LENGTH: 524288

 Memory used in sort:      16.56 MW

 SORT1 READ    77497885. AND WROTE    63543333. INTEGRALS IN    184 RECORDS. CPU TIME:     0.62 SEC, REAL TIME:     0.87 SEC
 SORT2 READ    63543333. AND WROTE    64554730. INTEGRALS IN   1264 RECORDS. CPU TIME:     0.72 SEC, REAL TIME:     0.90 SEC

 FILE SIZES:   FILE 1:   362.2 MBYTE,  FILE 4:   771.8 MBYTE,   TOTAL:   1134.0 MBYTE

 OPERATOR DM      FOR CENTER  0  COORDINATES:    0.000000    0.000000    0.000000


 **********************************************************************************************************************************
 DATASETS  * FILE   NREC   LENGTH (MB)   RECORD NAMES
              1      19      297.18       500      610      700      900      950      970     1001      129      960     1100   
                                          VAR    BASINP    GEOM    SYMINP    ZMAT    AOBASIS   BASIS     P2S    ABASIS      S 
                                         1400     1410     1200     1210     1080     1600     1650     1300     1700   
                                           T        V       H0       H01     AOSYM     SMH    MOLCAS    ERIS     OPER   

              2       7        0.59       700     1000      520     2100     7360     7350     1001   
                                         GEOM     BASIS   MCVARS     RHF    F12ABS    EF12     BASIS   

 PROGRAMS   *        TOTAL       INT  CCSD-F12    HF-SCF       INT
 CPU TIMES  *        65.43     11.72     51.44      1.06      1.07
 REAL TIME  *        14.86 SEC
 DISK USED  *         1.06 GB
 **********************************************************************************************************************************


 Program * Restricted Hartree-Fock

 Molecular orbitals read from record     2100.2  Type=RHF/CANONICAL  

 Present basis size:      114   64
 Previous basis size:      65   31
 Previous occupation:       7    2
 Previous closed-shells:    7    2
 Previous core-orbitals:    2    0
 Present occupation:        7    2
 Present closed-shells:     7    2
 Present core-orbitals:     2    0
 Wavefunction symmetry:    1   Singlet 

 Orbital overlap <old|new>:  < 1.1| 1.1> = 0.999999   < 2.1| 2.1> = 0.999999   < 3.1| 3.1> = 0.999993   < 4.1| 4.1> = 0.999991
                             < 5.1| 5.1> = 0.999981   < 6.1| 6.1> = 0.999982   < 7.1| 7.1> = 0.999980   < 1.2| 1.2> = 0.999983
                             < 2.2| 2.2> = 0.999972


 Initial occupancy:   7   2

 NELEC=   18   SYM=1   MS2= 0   THRE=1.0D-08   THRD=3.2D-06   THRG=3.2D-06  HFMA2=F  DIIS_START=2   DIIS_MAX=10   DIIS_INCORE=F

 Level shifts:    0.00 (CLOSED)    0.00 (OPEN)    0.30 (GAP_MIN)

 ITER           ETOT              DE          GRAD        DDIFF     DIIS  NEXP   TIME(IT)  TIME(TOT)  DIAG
   1     -115.09459968    -115.09459968     0.00D+00     0.66D-01     0     0       1.19      1.27    start
   2     -115.09787028      -0.00327060     0.35D-02     0.61D-02     1     0       1.14      2.41    diag
   3     -115.09789873      -0.00002845     0.24D-03     0.59D-03     2     0       1.14      3.55    diag
   4     -115.09789962      -0.00000089     0.38D-04     0.61D-04     3     0       1.15      4.70    diag
   5     -115.09789978      -0.00000016     0.17D-04     0.16D-04     4     0       1.28      5.98    diag
   6     -115.09789979      -0.00000001     0.25D-05     0.31D-05     5     0       1.15      7.13    diag
   7     -115.09789979      -0.00000000     0.87D-06     0.11D-05     0     0       1.30      8.43    diag

 Final occupancy:   7   2

 !RHF STATE 1.1 Energy               -115.097899790337
  RHF One-electron energy            -236.586720590610
  RHF Two-electron energy              81.325087791552
  RHF Kinetic energy                  114.949341149909
  RHF Nuclear energy                   40.163733008720
  RHF Virial quotient                  -1.001292383575

 !RHF STATE 1.1 Dipole moment           0.00000000     0.59375345    -0.41483793
 Dipole moment /Debye                   0.00000000     1.50917073    -1.05441283

 Orbital energies:

           1.1          2.1          3.1          4.1          5.1          6.1          7.1          8.1          9.1
    -20.556411   -11.272291    -1.354281    -0.926080    -0.688340    -0.595883    -0.504109     0.054451     0.064759

           1.2          2.2          3.2          4.2
     -0.619226    -0.451645     0.074009     0.181534


 HOMO      2.2    -0.451645 =     -12.2899eV
 LUMO      8.1     0.054451 =       1.4817eV
 LUMO-HOMO         0.506096 =      13.7716eV

 Orbitals saved in record  2101.2


 **********************************************************************************************************************************
 DATASETS  * FILE   NREC   LENGTH (MB)   RECORD NAMES
              1      19      297.18       500      610      700      900      950      970     1001      129      960     1100   
                                          VAR    BASINP    GEOM    SYMINP    ZMAT    AOBASIS   BASIS     P2S    ABASIS      S 
                                         1400     1410     1200     1210     1080     1600     1650     1300     1700   
                                           T        V       H0       H01     AOSYM     SMH    MOLCAS    ERIS     OPER   

              2       8        0.96       700     1000      520     2100     7360     7350     1001     2101   
                                         GEOM     BASIS   MCVARS     RHF    F12ABS    EF12     BASIS     RHF  

 PROGRAMS   *        TOTAL    HF-SCF       INT  CCSD-F12    HF-SCF       INT
 CPU TIMES  *        73.89      8.46     11.72     51.44      1.06      1.07
 REAL TIME  *        17.45 SEC
 DISK USED  *         1.06 GB
 **********************************************************************************************************************************


 PROGRAM * CCSD (Closed-shell coupled cluster)     Authors: C. Hampel, H.-J. Werner, 1991, M. Deegan, P.J. Knowles, 1992

                                  CCSD-F12 implementation by  H.-J. Werner, 2007

                   Density fitting integral evaluation by F.R. Manby, 2003,2007, G. Knizia, 2010



 Convergence thresholds:  THRVAR = 1.00D-08  THRDEN = 1.00D-06

 Number of core orbitals:           2 (   2   0 )
 Number of closed-shell orbitals:   7 (   5   2 )
 Number of external orbitals:     169 ( 107  62 )

 Molecular orbitals read from record     2101.2  Type=RHF/CANONICAL (state 1.1)

 MP2-F12 correlation treatment (H.-J. Werner, 2006)
 ==================================================

 Using MP2-F12 with ansatz 3C(FIX)

 Using projected zeroth-order Hamiltonian (+Z)

 FOCKRIB=T FOCKRIC=T FOCKRIP=T CABSP=T CABSA=T CABSK=T CABSF=T GBC=F EBC=F DMAT=T NOFIK=T NOPAO=1 SOLVE=-1  USEPAO=0
 EXCH_A= T EXCH_B= F EXCH_C= F EXCH_P= F

 Geminal basis:    OPTFULL  GEM_TYPE=SLATER  BETA=1.0  NGEM=6

 Optimizing Gaussian exponents for each gem_beta

 Geminal optimization for beta= 1.0000
 Weight function:   m=0, omega= 1.4646

 Augmented Hessian optimization of geminal fit. Trust ratio= 0.40000
 Convergence reached after   2 iterations. Final gradient= 8.66D-16, Step= 4.23D-06, Delta= 1.28D-09

 Alpha:                 0.19532     0.81920     2.85917     9.50073    35.69989   197.79328
 Coeff:                 0.27070     0.30552     0.18297     0.10986     0.06810     0.04224


 Symmetry turned off. Reference energy:       -115.097899790337

 All pairs explicitly correlated. Number of r12-pairs:           28

 Excluding core orbitals from MO domains

 AO(A)-basis ORBITAL           loaded. Number of functions:     178
 RI(R)-basis CC-PVTZ-F12/OPTRI loaded. Number of functions:     314
 DF-basis VTZ-F12/JKFIT        loaded. Number of functions:     392

 Screening thresholds:   THRAO=  1.00D-10  THRMO=  1.00D-09  THRPROD=  1.00D-09
                         THRSW=  1.00D-05  THROV=  1.00D-12  THRAOF12= 1.00D-08

 CPU time for Fock operators                      6.18 sec

 Construction of ABS:
 Smallest eigenvalue of S          4.21E-04  (threshold= 1.00E-08)
 Ratio eigmin/eigmax               5.39E-05  (threshold= 1.00E-09)
 Smallest eigenvalue of S kept     4.21E-04  (threshold= 4.21E-04, 0 functions deleted, 314 kept)

 Construction of CABS:
 Smallest eigenvalue of S          7.45E-07  (threshold= 1.00E-08)
 Ratio eigmin/eigmax               7.45E-07  (threshold= 1.00E-09)
 Smallest eigenvalue of S kept     7.45E-07  (threshold= 7.45E-07, 0 functions deleted, 314 kept)

 CPU time for CABS singles                        0.11 sec

 CABS-singles contribution of  -0.00134873 patched into reference energy.
 New reference energy        -115.09924852

 AO(A)-basis ORBITAL           loaded. Number of functions:     178
 RI(R)-basis CC-PVTZ-F12/OPTRI loaded. Number of functions:     314
 DF-basis CC-PVTZ-F12/MP2FIT   loaded. Number of functions:     396

 Screening thresholds:   THRAO=  1.00D-10  THRMO=  1.00D-09  THRPROD=  1.00D-09
                         THRSW=  1.00D-05  THROV=  1.00D-12  THRAOF12= 1.00D-08

 CPU time for 3-index integral evaluation         4.67 sec
 CPU time for first  half transformation          0.67 sec ( 3685.2 MFLOP/sec)
 CPU time for second half transformation          0.01 sec ( 6217.0 MFLOP/sec)
 CPU time for sorting                             0.01 sec
 CPU time for fitting                             0.10 sec (11394.3 MFLOP/sec)
 CPU time for tilde quantities                    0.11 sec (13731.4 MFLOP/sec)
 CPU time for assembly                            0.53 sec (23308.7 MFLOP/sec)
 CPU time for tranop_f12                          1.41 sec (11248.4 MFLOP/sec)
 CPU time for f12 integrals (total)              10.74 sec, Elapsed time:      5.71 sec
 CPU time for f12 matrices (total)                0.48 sec, Elapsed time:      0.07 sec

 Diagonal F12 approximation with fixed coefficients:  TSING= 0.500,  TTRIP= 0.250 (scaled by -1/beta)

 DF-MP2-F12 energy corrections:
 ==============================
 Approx.                                    Singlet             Triplet             Total
 DF-MP2-F12/3*C(DX,FIX)                -0.038249402395     -0.004202054236     -0.042451456632
 DF-MP2-F12/3*C(FIX)                   -0.036062539440     -0.003922683189     -0.039985222629
 DF-MP2-F12/3C(FIX)                    -0.036006413728     -0.004057605422     -0.040064019150

 DF-MP2-F12 correlation energies:
 ================================
 Approx.                                    Singlet             Triplet             Ecorr            Total Energy
 DF-MP2                                -0.291287764415     -0.152327284113     -0.443615048528   -115.542863570021
 DF-MP2-F12/3*C(DX,FIX)                -0.329537166811     -0.156529338349     -0.486066505160   -115.585315026653
 DF-MP2-F12/3*C(FIX)                   -0.327350303856     -0.156249967302     -0.483600271157   -115.582848792650
 DF-MP2-F12/3C(FIX)                    -0.327294178143     -0.156384889535     -0.483679067678   -115.582927589171

 SCS-DF-MP2 energies (F_SING= 1.20000  F_TRIP= 0.62222  F_PARALLEL= 0.33333):
 ============================================================================
 SCS-DF-MP2                            -0.444326738524   -115.543575260017
 SCS-DF-MP2-F12/3*C(DX,FIX)            -0.492840632923   -115.592089154416
 SCS-DF-MP2-F12/3*C(FIX)               -0.490042566503   -115.589291087996
 SCS-DF-MP2-F12/3C(FIX)                -0.490059167260   -115.589307688753

 Symmetry restored.
 Symmetry transformation completed.

 Number of N-1 electron functions:               7
 Number of N-2 electron functions:              28
 Number of singly external CSFs:               659
 Number of doubly external CSFs:            355020
 Total number of CSFs:                      355680

 Length of J-op  integral file:             103.62 MB
 Length of K-op  integral file:             127.95 MB
 Length of 3-ext integral record:             0.00 MB

 Integral transformation finished. Total CPU:   7.97 sec, npass=  1  Memory used:   7.45 MW

 Reference energy:                   -115.09924852

 Adding F12 terms to K(Cij), methodcc=6,  factor= 1.0

 ITER.      SQ.NORM     CORR.ENERGY   TOTAL ENERGY   ENERGY CHANGE        DEN1      VAR(S)    VAR(P)  DIIS     TIME  TIME/IT
   1      1.11803963    -0.45304757  -115.55229609    -0.00936570     0.00169416  0.15D-02  0.19D-02  1  1    49.41     2.33
   2      1.12551226    -0.45341504  -115.55266356    -0.00036747    -0.00908896  0.24D-04  0.23D-03  2  2    74.68     2.47
   3      1.12827831    -0.45359548  -115.55284401    -0.00018045    -0.00188086  0.15D-04  0.14D-04  3  3   100.65     2.53
   4      1.12924223    -0.45361350  -115.55286203    -0.00001802    -0.00060805  0.89D-06  0.12D-05  4  4   122.46     2.48
   5      1.12940163    -0.45361521  -115.55286373    -0.00000170    -0.00003888  0.24D-06  0.11D-06  5  5   144.91     2.45
   6      1.12944553    -0.45361282  -115.55286134     0.00000238    -0.00000446  0.38D-07  0.10D-07  6  6   167.24     2.44
   7      1.12945704    -0.45361193  -115.55286046     0.00000089    -0.00000308  0.42D-08  0.15D-08  6  1   196.03     2.49
   8      1.12945888    -0.45361200  -115.55286053    -0.00000007     0.00000036  0.71D-09  0.22D-09  6  3   220.69     2.50

 Norm of t1 vector:      0.05027820      S-energy:    -0.00000001      T1 diagnostic:  0.00950169
                                                                       D1 diagnostic:  0.02001640
                                                                       D2 diagnostic:  0.13692133 (internal)

 Adding energy correction from Wij-K(Fij), methodcc=6  factor= 1.0

  CCSD correlation energy              -0.453612004907
  MP2-F12 correction (uncoupled)       -0.038507628836
  C*T doubles correction               -0.001167865565
  f12b correction                       0.007101067708


 RESULTS
 =======

  Reference energy                   -115.097899790337
  F12 singles correction               -0.001348731156

 F12 singles corrections added to reference energy

  New reference energy               -115.099248521493

  F12a singlet correction              -0.035765205064
  F12a triplet correction              -0.003910289337
  F12a total correction                -0.039675494401

 F12a corrections for ansatz F12/3C(FIX) added to CCSD energy

  CCSD-F12a singlet pair energy        -0.351473659314
  CCSD-F12a triplet pair energy        -0.141813831093
  CCSD-F12a correlation energy         -0.493287499308

 !CCSD-F12a total energy             -115.592536020801

 F12b corrections for ansatz F12/3C(FIX) added to CCSD-F12a energy

  CCSD-F12b singlet pair energy        -0.344833972951
  CCSD-F12b triplet pair energy        -0.141352449749
  CCSD-F12b correlation energy         -0.486186431601

 !CCSD-F12b total energy             -115.585434953094

 Timing summary (sec):

 STEP                 CPU(USER)    SYS     CPU(TOT)    WALL
 Transformation          8.70      0.16      8.86      1.28
 CCSD iterations       194.23     14.61    208.84     20.04
 MP2-F12                17.99      0.39     18.38     10.54
 F12b energy            12.55      1.48     14.03      1.49

 Program statistics:

 Available memory in ccsd:               499999650
 Min. memory needed in ccsd:               1149135
 Max. memory used in ccsd:                 1443104
 Max. memory used in cckext:               1888566 ( 9 integral passes)



 **********************************************************************************************************************************
 DATASETS  * FILE   NREC   LENGTH (MB)   RECORD NAMES
              1      20      368.05       500      610      700      900      950      970     1001      129      960     1100   
                                          VAR    BASINP    GEOM    SYMINP    ZMAT    AOBASIS   BASIS     P2S    ABASIS      S 
                                         1400     1410     1200     1210     1080     1600     1650     1300     1700     1380   
                                           T        V       H0       H01     AOSYM     SMH    MOLCAS    ERIS     OPER     JKOP   

              2       8        0.96       700     1000      520     2100     7360     7350     1001     2101   
                                         GEOM     BASIS   MCVARS     RHF    F12ABS    EF12     BASIS     RHF  

 PROGRAMS   *        TOTAL  CCSD-F12    HF-SCF       INT  CCSD-F12    HF-SCF       INT
 CPU TIMES  *       307.42    233.52      8.46     11.72     51.44      1.06      1.07
 REAL TIME  *        50.87 SEC
 DISK USED  *         1.06 GB
 **********************************************************************************************************************************
 Evaluating energy using basis set CC-PVQZ-F12
 SETTING BASIS          =    CC-PVQZ-F12


 Recomputing integrals since basis changed


 Using spherical harmonics

 Library entry C      S cc-pVQZ-F12          selected for orbital group  1
 Library entry C      P cc-pVQZ-F12          selected for orbital group  1
 Library entry C      D cc-pVQZ-F12          selected for orbital group  1
 Library entry C      F cc-pVQZ-F12          selected for orbital group  1
 Library entry C      G cc-pVQZ-F12          selected for orbital group  1
 Library entry O      S cc-pVQZ-F12          selected for orbital group  2
 Library entry O      P cc-pVQZ-F12          selected for orbital group  2
 Library entry O      D cc-pVQZ-F12          selected for orbital group  2
 Library entry O      F cc-pVQZ-F12          selected for orbital group  2
 Library entry O      G cc-pVQZ-F12          selected for orbital group  2
 Library entry H      S cc-pVQZ-F12          selected for orbital group  3
 Library entry H      P cc-pVQZ-F12          selected for orbital group  3
 Library entry H      D cc-pVQZ-F12          selected for orbital group  3
 Library entry H      F cc-pVQZ-F12          selected for orbital group  3


 PROGRAM * SEWARD (Integral evaluation for generally contracted gaussian basis sets)     Author: Roland Lindh, 1990

 Geometry written to block  1 of record 700

 Orientation using atomic masses  
 Molecule type: Asymmetric top
 Symmetry elements: X
 Rotational constants:      23.6333757     24.5065391    128.9114827 GHz  (calculated with average atomic masses)

 Point group  Cs  



 ATOMIC COORDINATES

 NR  ATOM    CHARGE       X              Y              Z

   1  C       6.00    0.000000000    0.021622205   -1.383678043
   2  O       8.00    0.000000000   -0.126383340    1.313817109
   3  H       1.00    0.000000000    1.563882378    1.966773405
   4  H1      1.00    1.672584827    1.025746373   -2.058106820
   5  H3      1.00   -1.672584827    1.025746373   -2.058106820
   6  H2      1.00    0.000000000   -1.866904676   -2.216820134

 Bond lengths in Bohr (Angstrom)

 1-2  2.701552468  1-4  2.064136508  1-5  2.064136508  1-6  2.064136508  2-3  1.812001689
     ( 1.429600000)     ( 1.092294000)     ( 1.092294000)     ( 1.092294000)     ( 0.958870000)

 Bond angles

  1-2-3  107.98120000   2-1-4  110.66460000   2-1-5  110.66460000   2-1-6  110.66460000

  4-1-5  108.25192757   4-1-6  108.25192757   5-1-6  108.25192757

 NUCLEAR CHARGE:                   18
 NUMBER OF PRIMITIVE AOS:         420
 NUMBER OF SYMMETRY AOS:          350
 NUMBER OF CONTRACTIONS:          310   (  190A'  +  120A"  )
 NUMBER OF INNER CORE ORBITALS:     0   (    0A'  +    0A"  )
 NUMBER OF OUTER CORE ORBITALS:     2   (    2A'  +    0A"  )
 NUMBER OF VALENCE ORBITALS:       12   (    9A'  +    3A"  )


 NUCLEAR REPULSION ENERGY   40.16373301


 Eigenvalues of metric

         1 0.138E-04 0.265E-04 0.279E-04 0.482E-04 0.822E-04 0.112E-03 0.135E-03 0.137E-03
         2 0.283E-04 0.135E-03 0.340E-03 0.428E-03 0.579E-03 0.584E-03 0.866E-03 0.134E-02


 Contracted 2-electron integrals neglected if value below      1.0D-12
 AO integral compression algorithm  1   Integral accuracy      1.0D-12

     3133.669 MB (compressed) written to integral file ( 57.9%)


 NUMBER OF SORTED TWO-ELECTRON INTEGRALS:  586185115.     BUFFER LENGTH:  32768
 NUMBER OF SEGMENTS:  19  SEGMENT LENGTH:   31996000      RECORD LENGTH: 524288

 Memory used in sort:      32.55 MW

 SORT1 READ   676773299. AND WROTE   574235320. INTEGRALS IN   1652 RECORDS. CPU TIME:     6.08 SEC, REAL TIME:     8.45 SEC
 SORT2 READ   574235320. AND WROTE   586185115. INTEGRALS IN  11954 RECORDS. CPU TIME:     5.75 SEC, REAL TIME:     7.52 SEC

 FILE SIZES:   FILE 1:  3166.2 MBYTE,  FILE 4:  6929.0 MBYTE,   TOTAL:  10095.3 MBYTE

 OPERATOR DM      FOR CENTER  0  COORDINATES:    0.000000    0.000000    0.000000


 **********************************************************************************************************************************
 DATASETS  * FILE   NREC   LENGTH (MB)   RECORD NAMES
              1      19     2696.03       500      610      700      900      950      970     1002      129      960     1100   
                                          VAR    BASINP    GEOM    SYMINP    ZMAT    AOBASIS   BASIS     P2S    ABASIS      S 
                                         1400     1410     1200     1210     1080     1600     1650     1300     1700   
                                           T        V       H0       H01     AOSYM     SMH    MOLCAS    ERIS     OPER   

              2       9        1.21       700     1000      520     2100     7360     7350     1001     2101     1002   
                                         GEOM     BASIS   MCVARS     RHF    F12ABS    EF12     BASIS     RHF     BASIS   

 PROGRAMS   *        TOTAL       INT  CCSD-F12    HF-SCF       INT  CCSD-F12    HF-SCF       INT
 CPU TIMES  *       488.58    181.16    233.52      8.46     11.72     51.44      1.06      1.07
 REAL TIME  *        97.99 SEC
 DISK USED  *         9.40 GB
 **********************************************************************************************************************************


 Program * Restricted Hartree-Fock

 Molecular orbitals read from record     2101.2  Type=RHF/CANONICAL (state 1.1)

 Present basis size:      190  120
 Previous basis size:     114   64
 Previous occupation:       7    2
 Previous closed-shells:    7    2
 Previous core-orbitals:    2    0
 Present occupation:        7    2
 Present closed-shells:     7    2
 Present core-orbitals:     2    0
 Wavefunction symmetry:    1   Singlet 

 Orbital overlap <old|new>:  < 1.1| 1.1> = 1.000000   < 2.1| 2.1> = 1.000000   < 3.1| 3.1> = 0.999999   < 4.1| 4.1> = 0.999998
                             < 5.1| 5.1> = 0.999996   < 6.1| 6.1> = 0.999996   < 7.1| 7.1> = 0.999996   < 1.2| 1.2> = 0.999996
                             < 2.2| 2.2> = 0.999993


 Initial occupancy:   7   2

 NELEC=   18   SYM=1   MS2= 0   THRE=1.0D-08   THRD=3.2D-06   THRG=3.2D-06  HFMA2=F  DIIS_START=2   DIIS_MAX=10   DIIS_INCORE=F

 Level shifts:    0.00 (CLOSED)    0.00 (OPEN)    0.30 (GAP_MIN)

 ITER           ETOT              DE          GRAD        DDIFF     DIIS  NEXP   TIME(IT)  TIME(TOT)  DIAG
   1     -115.09970590    -115.09970590     0.00D+00     0.39D-01     0     0      26.29     26.48    start
   2     -115.10056335      -0.00085745     0.16D-02     0.49D-02     1     0      26.97     53.45    diag
   3     -115.10056737      -0.00000403     0.84D-04     0.57D-03     2     0      25.77     79.22    diag
   4     -115.10056743      -0.00000006     0.81D-05     0.56D-04     3     0      27.12    106.34    diag
   5     -115.10056745      -0.00000002     0.46D-05     0.90D-05     4     0      27.25    133.59    diag
   6     -115.10056745      -0.00000000     0.40D-06     0.27D-05     5     0      27.13    160.72    diag
   7     -115.10056745      -0.00000000     0.14D-06     0.31D-06     0     0      28.68    189.40    diag

 Final occupancy:   7   2

 !RHF STATE 1.1 Energy               -115.100567452123
  RHF One-electron energy            -236.595936458913
  RHF Two-electron energy              81.331635998069
  RHF Kinetic energy                  114.954244566828
  RHF Nuclear energy                   40.163733008720
  RHF Virial quotient                  -1.001272879360

 !RHF STATE 1.1 Dipole moment           0.00000000     0.59251258    -0.41241627
 Dipole moment /Debye                   0.00000000     1.50601675    -1.04825759

 Orbital energies:

           1.1          2.1          3.1          4.1          5.1          6.1          7.1          8.1          9.1
    -20.555542   -11.272041    -1.353921    -0.925920    -0.688226    -0.595809    -0.504049     0.045571     0.053167

           1.2          2.2          3.2          4.2
     -0.619202    -0.451628     0.059418     0.145811


 HOMO      2.2    -0.451628 =     -12.2894eV
 LUMO      8.1     0.045571 =       1.2401eV
 LUMO-HOMO         0.497199 =      13.5295eV

 Orbitals saved in record  2102.2


 **********************************************************************************************************************************
 DATASETS  * FILE   NREC   LENGTH (MB)   RECORD NAMES
              1      19     2696.03       500      610      700      900      950      970     1002      129      960     1100   
                                          VAR    BASINP    GEOM    SYMINP    ZMAT    AOBASIS   BASIS     P2S    ABASIS      S 
                                         1400     1410     1200     1210     1080     1600     1650     1300     1700   
                                           T        V       H0       H01     AOSYM     SMH    MOLCAS    ERIS     OPER   

              2      10        2.09       700     1000      520     2100     7360     7350     1001     2101     1002     2102   
                                         GEOM     BASIS   MCVARS     RHF    F12ABS    EF12     BASIS     RHF     BASIS     RHF  

 PROGRAMS   *        TOTAL    HF-SCF       INT  CCSD-F12    HF-SCF       INT  CCSD-F12    HF-SCF       INT
 CPU TIMES  *       678.01    189.43    181.16    233.52      8.46     11.72     51.44      1.06      1.07
 REAL TIME  *       125.29 SEC
 DISK USED  *         9.40 GB
 **********************************************************************************************************************************


 PROGRAM * CCSD (Closed-shell coupled cluster)     Authors: C. Hampel, H.-J. Werner, 1991, M. Deegan, P.J. Knowles, 1992

                                  CCSD-F12 implementation by  H.-J. Werner, 2007

                   Density fitting integral evaluation by F.R. Manby, 2003,2007, G. Knizia, 2010



 Convergence thresholds:  THRVAR = 1.00D-08  THRDEN = 1.00D-06

 Number of core orbitals:           2 (   2   0 )
 Number of closed-shell orbitals:   7 (   5   2 )
 Number of external orbitals:     301 ( 183 118 )

 Molecular orbitals read from record     2102.2  Type=RHF/CANONICAL (state 1.1)

 MP2-F12 correlation treatment (H.-J. Werner, 2006)
 ==================================================

 Using MP2-F12 with ansatz 3C(FIX)

 Using projected zeroth-order Hamiltonian (+Z)

 FOCKRIB=T FOCKRIC=T FOCKRIP=T CABSP=T CABSA=T CABSK=T CABSF=T GBC=F EBC=F DMAT=T NOFIK=T NOPAO=1 SOLVE=-1  USEPAO=0
 EXCH_A= T EXCH_B= F EXCH_C= F EXCH_P= F

 Geminal basis:    OPTFULL  GEM_TYPE=SLATER  BETA=1.0  NGEM=6

 Optimizing Gaussian exponents for each gem_beta

 Geminal optimization for beta= 1.0000
 Weight function:   m=0, omega= 1.4646

 Augmented Hessian optimization of geminal fit. Trust ratio= 0.40000
 Convergence reached after   2 iterations. Final gradient= 8.66D-16, Step= 4.23D-06, Delta= 1.28D-09

 Alpha:                 0.19532     0.81920     2.85917     9.50073    35.69989   197.79328
 Coeff:                 0.27070     0.30552     0.18297     0.10986     0.06810     0.04224


 Symmetry turned off. Reference energy:       -115.100567452123

 All pairs explicitly correlated. Number of r12-pairs:           28

 Excluding core orbitals from MO domains

 AO(A)-basis ORBITAL           loaded. Number of functions:     310
 RI(R)-basis CC-PVQZ-F12/OPTRI loaded. Number of functions:     372
 DF-basis VQZ-F12/JKFIT        loaded. Number of functions:     588

 Screening thresholds:   THRAO=  1.00D-10  THRMO=  1.00D-09  THRPROD=  1.00D-09
                         THRSW=  1.00D-05  THROV=  1.00D-12  THRAOF12= 1.00D-08

 CPU time for Fock operators                     16.85 sec

 Construction of ABS:
 Smallest eigenvalue of S          2.77E-04  (threshold= 1.00E-08)
 Ratio eigmin/eigmax               4.86E-05  (threshold= 1.00E-09)
 Smallest eigenvalue of S kept     2.77E-04  (threshold= 2.77E-04, 0 functions deleted, 372 kept)

 Construction of CABS:
 Smallest eigenvalue of S          3.24E-08  (threshold= 1.00E-08)
 Ratio eigmin/eigmax               3.24E-08  (threshold= 1.00E-09)
 Smallest eigenvalue of S kept     3.24E-08  (threshold= 3.24E-08, 0 functions deleted, 372 kept)

 CPU time for CABS singles                        0.27 sec

 CABS-singles contribution of  -0.00015600 patched into reference energy.
 New reference energy        -115.10072345

 AO(A)-basis ORBITAL           loaded. Number of functions:     310
 RI(R)-basis CC-PVQZ-F12/OPTRI loaded. Number of functions:     372
 DF-basis CC-PVQZ-F12/MP2FIT   loaded. Number of functions:     656

 Screening thresholds:   THRAO=  1.00D-10  THRMO=  1.00D-09  THRPROD=  1.00D-09
                         THRSW=  1.00D-05  THROV=  1.00D-12  THRAOF12= 1.00D-08

 CPU time for 3-index integral evaluation        24.62 sec
 CPU time for first  half transformation          4.29 sec ( 2427.6 MFLOP/sec)
 CPU time for second half transformation          0.05 sec ( 3587.3 MFLOP/sec)
 CPU time for sorting                             0.02 sec
 CPU time for fitting                             0.24 sec (17798.0 MFLOP/sec)
 CPU time for tilde quantities                    0.35 sec (17385.6 MFLOP/sec)
 CPU time for assembly                            1.57 sec (27321.2 MFLOP/sec)
 CPU time for tranop_f12                          3.95 sec (12219.5 MFLOP/sec)
 CPU time for f12 integrals (total)              42.87 sec, Elapsed time:     15.90 sec
 CPU time for f12 matrices (total)                1.35 sec, Elapsed time:      0.18 sec

 Diagonal F12 approximation with fixed coefficients:  TSING= 0.500,  TTRIP= 0.250 (scaled by -1/beta)

 DF-MP2-F12 energy corrections:
 ==============================
 Approx.                                    Singlet             Triplet             Total
 DF-MP2-F12/3*C(DX,FIX)                -0.019752317464     -0.001386011564     -0.021138329028
 DF-MP2-F12/3*C(FIX)                   -0.018964430151     -0.001274486081     -0.020238916232
 DF-MP2-F12/3C(FIX)                    -0.018885888366     -0.001294685474     -0.020180573840

 DF-MP2-F12 correlation energies:
 ================================
 Approx.                                    Singlet             Triplet             Ecorr            Total Energy
 DF-MP2                                -0.309406940630     -0.155296937814     -0.464703878444   -115.565427330240
 DF-MP2-F12/3*C(DX,FIX)                -0.329159258094     -0.156682949378     -0.485842207472   -115.586565659268
 DF-MP2-F12/3*C(FIX)                   -0.328371370781     -0.156571423895     -0.484942794676   -115.585666246472
 DF-MP2-F12/3C(FIX)                    -0.328292828996     -0.156591623288     -0.484884452284   -115.585607904080

 SCS-DF-MP2 energies (F_SING= 1.20000  F_TRIP= 0.62222  F_PARALLEL= 0.33333):
 ============================================================================
 SCS-DF-MP2                            -0.467917534507   -115.568640986303
 SCS-DF-MP2-F12/3*C(DX,FIX)            -0.492482722659   -115.593206174455
 SCS-DF-MP2-F12/3*C(FIX)               -0.491467864250   -115.592191316046
 SCS-DF-MP2-F12/3C(FIX)                -0.491386182619   -115.592109634415

 Symmetry restored.
 Symmetry transformation completed.

 Number of N-1 electron functions:               7
 Number of N-2 electron functions:              28
 Number of singly external CSFs:              1151
 Number of doubly external CSFs:           1120422
 Total number of CSFs:                     1121574

 Length of J-op  integral file:             229.00 MB
 Length of K-op  integral file:             306.42 MB
 Length of 3-ext integral record:             0.00 MB

 Integral transformation finished. Total CPU:  83.12 sec, npass=  1  Memory used:  39.75 MW

 Reference energy:                   -115.10072345

 Adding F12 terms to K(Cij), methodcc=6,  factor= 1.0

 ITER.      SQ.NORM     CORR.ENERGY   TOTAL ENERGY   ENERGY CHANGE        DEN1      VAR(S)    VAR(P)  DIIS     TIME  TIME/IT
   1      1.11938892    -0.47252445  -115.57324790    -0.00774632     0.00334510  0.15D-02  0.19D-02  1  1   226.90     7.82
   2      1.12698112    -0.47332153  -115.57404498    -0.00079708    -0.00939854  0.26D-04  0.24D-03  2  2   308.95     7.90
   3      1.12995602    -0.47344863  -115.57417208    -0.00012710    -0.00208493  0.13D-04  0.13D-04  3  3   392.41     7.99
   4      1.13082961    -0.47344964  -115.57417309    -0.00000101    -0.00047531  0.91D-06  0.12D-05  4  4   474.69     8.01
   5      1.13099307    -0.47345246  -115.57417592    -0.00000283    -0.00004680  0.25D-06  0.11D-06  5  5   556.11     7.99
   6      1.13104087    -0.47344970  -115.57417315     0.00000276    -0.00000780  0.40D-07  0.11D-07  6  6   639.33     8.01
   7      1.13105204    -0.47344877  -115.57417222     0.00000093    -0.00000204  0.53D-08  0.20D-08  6  2   722.54     8.03
   8      1.13105496    -0.47344857  -115.57417202     0.00000020    -0.00000026  0.83D-09  0.26D-09  6  1   804.44     8.02

 Norm of t1 vector:      0.05036986      S-energy:    -0.00000014      T1 diagnostic:  0.00951901
                                                                       D1 diagnostic:  0.02024539
                                                                       D2 diagnostic:  0.13772486 (internal)

 Adding energy correction from Wij-K(Fij), methodcc=6  factor= 1.0

  CCSD correlation energy              -0.473448565212
  MP2-F12 correction (uncoupled)       -0.019965712347
  C*T doubles correction               -0.000235657033
  f12b correction                       0.004262344627


 RESULTS
 =======

  Reference energy                   -115.100567452123
  F12 singles correction               -0.000155999673

 F12 singles corrections added to reference energy

  New reference energy               -115.100723451796

  F12a singlet correction              -0.018918756936
  F12a triplet correction              -0.001282612444
  F12a total correction                -0.020201369380

 F12a corrections for ansatz F12/3C(FIX) added to CCSD energy

  CCSD-F12a singlet pair energy        -0.351732939428
  CCSD-F12a triplet pair energy        -0.141916856828
  CCSD-F12a correlation energy         -0.493649934592

 !CCSD-F12a total energy             -115.594373386388

 F12b corrections for ansatz F12/3C(FIX) added to CCSD-F12a energy

  CCSD-F12b singlet pair energy        -0.347656067703
  CCSD-F12b triplet pair energy        -0.141731383926
  CCSD-F12b correlation energy         -0.489387589965

 !CCSD-F12b total energy             -115.590111041761

 Timing summary (sec):

 STEP                 CPU(USER)    SYS     CPU(TOT)    WALL
 Transformation         84.00      1.19     85.19     10.79
 CCSD iterations       658.66     26.01    684.67     64.24
 MP2-F12                62.08      0.86     62.94     29.35
 F12b energy            76.23      2.67     78.90      7.34

 Program statistics:

 Available memory in ccsd:               499999643
 Min. memory needed in ccsd:               3543551
 Max. memory used in ccsd:                 4486316
 Max. memory used in cckext:               7504336 ( 9 integral passes)



 **********************************************************************************************************************************
 DATASETS  * FILE   NREC   LENGTH (MB)   RECORD NAMES
              1      20     3079.46       500      610      700      900      950      970     1002      129      960     1100   
                                          VAR    BASINP    GEOM    SYMINP    ZMAT    AOBASIS   BASIS     P2S    ABASIS      S 
                                         1400     1410     1200     1210     1080     1600     1650     1300     1700     1380   
                                           T        V       H0       H01     AOSYM     SMH    MOLCAS    ERIS     OPER     JKOP   

              2      10        2.09       700     1000      520     2100     7360     7350     1001     2101     1002     2102   
                                         GEOM     BASIS   MCVARS     RHF    F12ABS    EF12     BASIS     RHF     BASIS     RHF  

 PROGRAMS   *        TOTAL  CCSD-F12    HF-SCF       INT  CCSD-F12    HF-SCF       INT  CCSD-F12    HF-SCF       INT
 CPU TIMES  *      1559.03    881.00    189.43    181.16    233.52      8.46     11.72     51.44      1.06      1.07
 REAL TIME  *       237.12 SEC
 DISK USED  *         9.40 GB
 **********************************************************************************************************************************
 Evaluating energy using basis set CC-PVTZ
 SETTING BASIS          =    CC-PVTZ


 Recomputing integrals since basis changed


 Using spherical harmonics

 Library entry C      S cc-pVTZ              selected for orbital group  1
 Library entry C      P cc-pVTZ              selected for orbital group  1
 Library entry C      D cc-pVTZ              selected for orbital group  1
 Library entry C      F cc-pVTZ              selected for orbital group  1
 Library entry O      S cc-pVTZ              selected for orbital group  2
 Library entry O      P cc-pVTZ              selected for orbital group  2
 Library entry O      D cc-pVTZ              selected for orbital group  2
 Library entry O      F cc-pVTZ              selected for orbital group  2
 Library entry H      S cc-pVTZ              selected for orbital group  3
 Library entry H      P cc-pVTZ              selected for orbital group  3
 Library entry H      D cc-pVTZ              selected for orbital group  3


 PROGRAM * SEWARD (Integral evaluation for generally contracted gaussian basis sets)     Author: Roland Lindh, 1990

 Geometry written to block  1 of record 700

 Orientation using atomic masses  
 Molecule type: Asymmetric top
 Symmetry elements: X
 Rotational constants:      23.6333757     24.5065391    128.9114827 GHz  (calculated with average atomic masses)

 Point group  Cs  



 ATOMIC COORDINATES

 NR  ATOM    CHARGE       X              Y              Z

   1  C       6.00    0.000000000    0.021622205   -1.383678043
   2  O       8.00    0.000000000   -0.126383340    1.313817109
   3  H       1.00    0.000000000    1.563882378    1.966773405
   4  H1      1.00    1.672584827    1.025746373   -2.058106820
   5  H3      1.00   -1.672584827    1.025746373   -2.058106820
   6  H2      1.00    0.000000000   -1.866904676   -2.216820134

 Bond lengths in Bohr (Angstrom)

 1-2  2.701552468  1-4  2.064136508  1-5  2.064136508  1-6  2.064136508  2-3  1.812001689
     ( 1.429600000)     ( 1.092294000)     ( 1.092294000)     ( 1.092294000)     ( 0.958870000)

 Bond angles

  1-2-3  107.98120000   2-1-4  110.66460000   2-1-5  110.66460000   2-1-6  110.66460000

  4-1-5  108.25192757   4-1-6  108.25192757   5-1-6  108.25192757

 NUCLEAR CHARGE:                   18
 NUMBER OF PRIMITIVE AOS:         162
 NUMBER OF SYMMETRY AOS:          148
 NUMBER OF CONTRACTIONS:          116   (   74A'  +   42A"  )
 NUMBER OF INNER CORE ORBITALS:     0   (    0A'  +    0A"  )
 NUMBER OF OUTER CORE ORBITALS:     2   (    2A'  +    0A"  )
 NUMBER OF VALENCE ORBITALS:       12   (    9A'  +    3A"  )


 NUCLEAR REPULSION ENERGY   40.16373301

 Eigenvalues of metric

         1 0.133E-02 0.180E-02 0.238E-02 0.328E-02 0.465E-02 0.744E-02 0.101E-01 0.104E-01
         2 0.190E-02 0.106E-01 0.222E-01 0.315E-01 0.378E-01 0.474E-01 0.779E-01 0.972E-01


 Contracted 2-electron integrals neglected if value below      1.0D-11
 AO integral compression algorithm  1   Integral accuracy      1.0D-11

     59.507 MB (compressed) written to integral file ( 53.4%)


 NUMBER OF SORTED TWO-ELECTRON INTEGRALS:   11777331.     BUFFER LENGTH:  32768
 NUMBER OF SEGMENTS:   1  SEGMENT LENGTH:   11777331      RECORD LENGTH: 524288

 Memory used in sort:      12.33 MW

 SORT1 READ    13984354. AND WROTE    11633326. INTEGRALS IN     34 RECORDS. CPU TIME:     0.11 SEC, REAL TIME:     0.16 SEC
 SORT2 READ    11633326. AND WROTE    11777331. INTEGRALS IN    227 RECORDS. CPU TIME:     0.20 SEC, REAL TIME:     0.22 SEC

 FILE SIZES:   FILE 1:    90.9 MBYTE,  FILE 4:   142.6 MBYTE,   TOTAL:    233.5 MBYTE

 OPERATOR DM      FOR CENTER  0  COORDINATES:    0.000000    0.000000    0.000000


 **********************************************************************************************************************************
 DATASETS  * FILE   NREC   LENGTH (MB)   RECORD NAMES
              1      19       86.72       500      610      700      900      950      970     1004      129      960     1100   
                                          VAR    BASINP    GEOM    SYMINP    ZMAT    AOBASIS   BASIS     P2S    ABASIS      S 
                                         1400     1410     1200     1210     1080     1600     1650     1300     1700   
                                           T        V       H0       H01     AOSYM     SMH    MOLCAS    ERIS     OPER   

              2      13        2.83       700     1000      520     2100     7360     7350     1001     2101     1002     2102   
                                         GEOM     BASIS   MCVARS     RHF    F12ABS    EF12     BASIS     RHF     BASIS     RHF  
                                         1003     2103     1004   
                                         BASIS     RHF     BASIS   

 PROGRAMS   *        TOTAL       INT   CCSD(T)    HF-SCF       INT  CCSD-F12    HF-SCF       INT  CCSD-F12    HF-SCF       INT
 CPU TIMES  *      1567.33      1.51      6.15      0.27      0.35    881.00    189.43    181.16    233.52      8.46     11.72
 REAL TIME  *       239.74 SEC
 DISK USED  *         9.40 GB
 **********************************************************************************************************************************


 Program * Restricted Hartree-Fock

 Molecular orbitals read from record     2103.2  Type=RHF/CANONICAL (state 1.1)

 Present basis size:       74   42
 Previous basis size:      33   15
 Previous occupation:       7    2
 Previous closed-shells:    7    2
 Previous core-orbitals:    2    0
 Present occupation:        7    2
 Present closed-shells:     7    2
 Present core-orbitals:     2    0
 Wavefunction symmetry:    1   Singlet 

 Orbital overlap <old|new>:  < 1.1| 1.1> = 0.999998   < 2.1| 2.1> = 0.999999   < 3.1| 3.1> = 0.999957   < 4.1| 4.1> = 0.999937
                             < 5.1| 5.1> = 0.999900   < 6.1| 6.1> = 0.999856   < 7.1| 7.1> = 0.999792   < 1.2| 1.2> = 0.999848
                             < 2.2| 2.2> = 0.999675


 Initial occupancy:   7   2

 NELEC=   18   SYM=1   MS2= 0   THRE=1.0D-08   THRD=3.2D-06   THRG=3.2D-06  HFMA2=F  DIIS_START=2   DIIS_MAX=10   DIIS_INCORE=F

 Level shifts:    0.00 (CLOSED)    0.00 (OPEN)    0.30 (GAP_MIN)

 ITER           ETOT              DE          GRAD        DDIFF     DIIS  NEXP   TIME(IT)  TIME(TOT)  DIAG
   1     -115.07181375    -115.07181375     0.00D+00     0.96D-01     0     0       0.16      0.21    start
   2     -115.08807448      -0.01626073     0.79D-02     0.12D-01     1     0       0.13      0.34    diag
   3     -115.08838100      -0.00030653     0.80D-03     0.17D-02     2     0       0.14      0.48    diag
   4     -115.08839905      -0.00001805     0.17D-03     0.24D-03     3     0       0.15      0.63    diag
   5     -115.08840330      -0.00000424     0.76D-04     0.94D-04     4     0       0.14      0.77    diag
   6     -115.08840374      -0.00000045     0.21D-04     0.34D-04     5     0       0.15      0.92    diag
   7     -115.08840377      -0.00000003     0.58D-05     0.92D-05     6     0       0.15      1.07    diag
   8     -115.08840378      -0.00000000     0.13D-05     0.18D-05     7     0       0.14      1.21    fixocc
   9     -115.08840378      -0.00000000     0.35D-06     0.46D-06     0     0       0.13      1.34    diag

 Final occupancy:   7   2

 !RHF STATE 1.1 Energy               -115.088403776416
  RHF One-electron energy            -236.626091862846
  RHF Two-electron energy              81.373955077710
  RHF Kinetic energy                  114.923283457521
  RHF Nuclear energy                   40.163733008720
  RHF Virial quotient                  -1.001436787341

 !RHF STATE 1.1 Dipole moment           0.00000000     0.58982521    -0.40023949
 Dipole moment /Debye                   0.00000000     1.49918615    -1.01730732

 Orbital energies:

           1.1          2.1          3.1          4.1          5.1          6.1          7.1          8.1          9.1
    -20.551356   -11.270945    -1.350251    -0.923785    -0.684332    -0.592636    -0.500850     0.138092     0.177521

           1.2          2.2          3.2          4.2
     -0.616604    -0.448340     0.219980     0.399126


 HOMO      2.2    -0.448340 =     -12.2000eV
 LUMO      8.1     0.138092 =       3.7577eV
 LUMO-HOMO         0.586432 =      15.9576eV

 Orbitals saved in record  2104.2


 **********************************************************************************************************************************
 DATASETS  * FILE   NREC   LENGTH (MB)   RECORD NAMES
              1      19       86.72       500      610      700      900      950      970     1004      129      960     1100   
                                          VAR    BASINP    GEOM    SYMINP    ZMAT    AOBASIS   BASIS     P2S    ABASIS      S 
                                         1400     1410     1200     1210     1080     1600     1650     1300     1700   
                                           T        V       H0       H01     AOSYM     SMH    MOLCAS    ERIS     OPER   

              2      14        3.05       700     1000      520     2100     7360     7350     1001     2101     1002     2102   
                                         GEOM     BASIS   MCVARS     RHF    F12ABS    EF12     BASIS     RHF     BASIS     RHF  
                                         1003     2103     1004     2104   
                                         BASIS     RHF     BASIS     RHF  

 PROGRAMS   *        TOTAL    HF-SCF       INT   CCSD(T)    HF-SCF       INT  CCSD-F12    HF-SCF       INT  CCSD-F12    HF-SCF
 CPU TIMES  *      1568.69      1.36      1.51      6.15      0.27      0.35    881.00    189.43    181.16    233.52      8.46
 REAL TIME  *       240.40 SEC
 DISK USED  *         9.40 GB
 **********************************************************************************************************************************


 PROGRAM * CCSD (Closed-shell coupled cluster)     Authors: C. Hampel, H.-J. Werner, 1991, M. Deegan, P.J. Knowles, 1992


 Convergence thresholds:  THRVAR = 1.00D-08  THRDEN = 1.00D-06

 CCSD(T)     terms to be evaluated (factor= 1.000)


 Number of core orbitals:           2 (   2   0 )
 Number of closed-shell orbitals:   7 (   5   2 )
 Number of external orbitals:     107 (  67  40 )

 Molecular orbitals read from record     2104.2  Type=RHF/CANONICAL (state 1.1)

 Number of N-1 electron functions:               7
 Number of N-2 electron functions:              28
 Number of singly external CSFs:               415
 Number of doubly external CSFs:            142265
 Total number of CSFs:                      142681

 Length of J-op  integral file:               0.00 MB
 Length of K-op  integral file:               0.53 MB
 Length of 3-ext integral record:             0.00 MB

 Memory could be reduced to 6.32 Mwords without degradation in triples

 Integral transformation finished. Total CPU:   1.54 sec, npass=  1  Memory used:   2.19 MW

 Reference energy:                   -115.08840378

 MP2 singlet pair energy:              -0.28106570
 MP2 triplet pair energy:              -0.14717700
 MP2 correlation energy:               -0.42824270
 MP2 total energy:                   -115.51664648

 SCS-MP2 correlation energy:           -0.42885564   (PS=  1.200000  PT=  0.333333)
 SCS-MP2 total energy:               -115.51725942

 ITER.      SQ.NORM     CORR.ENERGY   TOTAL ENERGY   ENERGY CHANGE        DEN1      VAR(S)    VAR(P)  DIIS     TIME  TIME/IT
   1      1.11816324    -0.44557597  -115.53397975    -0.01733327    -0.00697028  0.12D-02  0.18D-02  1  1    12.90     0.88
   2      1.12606503    -0.44676726  -115.53517104    -0.00119129    -0.00946246  0.16D-04  0.22D-03  2  2    22.72     0.89
   3      1.12866487    -0.44684467  -115.53524845    -0.00007741    -0.00178851  0.74D-05  0.10D-04  3  3    35.03     0.96
   4      1.12930839    -0.44684676  -115.53525054    -0.00000209    -0.00033421  0.38D-06  0.84D-06  4  4    43.77     0.92
   5      1.12941492    -0.44684861  -115.53525238    -0.00000185    -0.00004037  0.12D-06  0.68D-07  5  5    52.18     0.89
   6      1.12944076    -0.44684643  -115.53525021     0.00000217    -0.00000768  0.20D-07  0.54D-08  6  6    63.36     0.91
   7      1.12944460    -0.44684637  -115.53525014     0.00000007    -0.00000025  0.29D-08  0.99D-09  6  2    72.45     0.90
   8      1.12944608    -0.44684631  -115.53525009     0.00000005     0.00000002  0.44D-09  0.12D-09  6  1    82.32     0.90

 Norm of t1 vector:      0.04464047      S-energy:    -0.00000014      T1 diagnostic:  0.00843626
                                                                       D1 diagnostic:  0.01745283
                                                                       D2 diagnostic:  0.13794101 (internal)


 Total CPU time for triples:     10.62 sec


 RESULTS
 =======

  Reference energy                   -115.088403776416
  CCSD singlet pair energy             -0.313237690265
  CCSD triplet pair energy             -0.133608485064
  CCSD correlation energy              -0.446846312650

  Triples (T) contribution             -0.014801801839
  Total correlation energy             -0.461648114489

  CCSD total energy                  -115.535250089066
  CCSD[T] energy                     -115.550518223910
  CCSD-T energy                      -115.549784989117
 !CCSD(T) total energy               -115.550051890905

 Timing summary (sec):

 STEP                 CPU(USER)    SYS     CPU(TOT)    WALL
 Transformation          3.17      0.03      3.20      0.38
 CCSD iterations        79.87      2.73     82.60      7.29
 Triples                10.62      0.12     10.74      0.78

 Program statistics:

 Available memory in ccsd:               499999769
 Min. memory needed in ccsd:                470717
 Max. memory used in ccsd:                  585702
 Max. memory used in cckext:                692873 ( 8 integral passes)



 **********************************************************************************************************************************
 DATASETS  * FILE   NREC   LENGTH (MB)   RECORD NAMES
              1      20      105.69       500      610      700      900      950      970     1004      129      960     1100   
                                          VAR    BASINP    GEOM    SYMINP    ZMAT    AOBASIS   BASIS     P2S    ABASIS      S 
                                         1400     1410     1200     1210     1080     1600     1650     1300     1700     1380   
                                           T        V       H0       H01     AOSYM     SMH    MOLCAS    ERIS     OPER     JKOP   

              2      14        3.05       700     1000      520     2100     7360     7350     1001     2101     1002     2102   
                                         GEOM     BASIS   MCVARS     RHF    F12ABS    EF12     BASIS     RHF     BASIS     RHF  
                                         1003     2103     1004     2104   
                                         BASIS     RHF     BASIS     RHF  

 PROGRAMS   *        TOTAL   CCSD(T)    HF-SCF       INT   CCSD(T)    HF-SCF       INT  CCSD-F12    HF-SCF       INT  CCSD-F12
 CPU TIMES  *      1662.40     93.71      1.36      1.51      6.15      0.27      0.35    881.00    189.43    181.16    233.52
 REAL TIME  *       248.89 SEC
 DISK USED  *         9.40 GB
 **********************************************************************************************************************************
 Evaluating energy using basis set CC-PVQZ
 SETTING BASIS          =    CC-PVQZ


 Recomputing integrals since basis changed


 Using spherical harmonics

 Library entry C      S cc-pVQZ              selected for orbital group  1
 Library entry C      P cc-pVQZ              selected for orbital group  1
 Library entry C      D cc-pVQZ              selected for orbital group  1
 Library entry C      F cc-pVQZ              selected for orbital group  1
 Library entry C      G cc-pVQZ              selected for orbital group  1
 Library entry O      S cc-pVQZ              selected for orbital group  2
 Library entry O      P cc-pVQZ              selected for orbital group  2
 Library entry O      D cc-pVQZ              selected for orbital group  2
 Library entry O      F cc-pVQZ              selected for orbital group  2
 Library entry O      G cc-pVQZ              selected for orbital group  2
 Library entry H      S cc-pVQZ              selected for orbital group  3
 Library entry H      P cc-pVQZ              selected for orbital group  3
 Library entry H      D cc-pVQZ              selected for orbital group  3
 Library entry H      F cc-pVQZ              selected for orbital group  3


 PROGRAM * SEWARD (Integral evaluation for generally contracted gaussian basis sets)     Author: Roland Lindh, 1990

 Geometry written to block  1 of record 700

 Orientation using atomic masses  
 Molecule type: Asymmetric top
 Symmetry elements: X
 Rotational constants:      23.6333757     24.5065391    128.9114827 GHz  (calculated with average atomic masses)

 Point group  Cs  



 ATOMIC COORDINATES

 NR  ATOM    CHARGE       X              Y              Z

   1  C       6.00    0.000000000    0.021622205   -1.383678043
   2  O       8.00    0.000000000   -0.126383340    1.313817109
   3  H       1.00    0.000000000    1.563882378    1.966773405
   4  H1      1.00    1.672584827    1.025746373   -2.058106820
   5  H3      1.00   -1.672584827    1.025746373   -2.058106820
   6  H2      1.00    0.000000000   -1.866904676   -2.216820134

 Bond lengths in Bohr (Angstrom)

 1-2  2.701552468  1-4  2.064136508  1-5  2.064136508  1-6  2.064136508  2-3  1.812001689
     ( 1.429600000)     ( 1.092294000)     ( 1.092294000)     ( 1.092294000)     ( 0.958870000)

 Bond angles

  1-2-3  107.98120000   2-1-4  110.66460000   2-1-5  110.66460000   2-1-6  110.66460000

  4-1-5  108.25192757   4-1-6  108.25192757   5-1-6  108.25192757

 NUCLEAR CHARGE:                   18
 NUMBER OF PRIMITIVE AOS:         314
 NUMBER OF SYMMETRY AOS:          264
 NUMBER OF CONTRACTIONS:          230   (  140A'  +   90A"  )
 NUMBER OF INNER CORE ORBITALS:     0   (    0A'  +    0A"  )
 NUMBER OF OUTER CORE ORBITALS:     2   (    2A'  +    0A"  )
 NUMBER OF VALENCE ORBITALS:       12   (    9A'  +    3A"  )


 NUCLEAR REPULSION ENERGY   40.16373301


 Eigenvalues of metric

         1 0.144E-03 0.248E-03 0.275E-03 0.438E-03 0.534E-03 0.103E-02 0.153E-02 0.159E-02
         2 0.286E-03 0.165E-02 0.475E-02 0.551E-02 0.821E-02 0.948E-02 0.105E-01 0.109E-01


 Contracted 2-electron integrals neglected if value below      1.0D-11
 AO integral compression algorithm  1   Integral accuracy      1.0D-11

     803.996 MB (compressed) written to integral file ( 48.6%)


 NUMBER OF SORTED TWO-ELECTRON INTEGRALS:  178352895.     BUFFER LENGTH:  32768
 NUMBER OF SEGMENTS:  12  SEGMENT LENGTH:   15999503      RECORD LENGTH: 524288

 Memory used in sort:      16.56 MW

 SORT1 READ   206945457. AND WROTE   173349041. INTEGRALS IN    500 RECORDS. CPU TIME:     1.99 SEC, REAL TIME:     2.65 SEC
 SORT2 READ   173349041. AND WROTE   178352895. INTEGRALS IN   3067 RECORDS. CPU TIME:     1.91 SEC, REAL TIME:     2.45 SEC

 FILE SIZES:   FILE 1:   849.2 MBYTE,  FILE 4:  2097.2 MBYTE,   TOTAL:   2946.4 MBYTE

 OPERATOR DM      FOR CENTER  0  COORDINATES:    0.000000    0.000000    0.000000


 **********************************************************************************************************************************
 DATASETS  * FILE   NREC   LENGTH (MB)   RECORD NAMES
              1      19      810.14       500      610      700      900      950      970     1005      129      960     1100   
                                          VAR    BASINP    GEOM    SYMINP    ZMAT    AOBASIS   BASIS     P2S    ABASIS      S 
                                         1400     1410     1200     1210     1080     1600     1650     1300     1700   
                                           T        V       H0       H01     AOSYM     SMH    MOLCAS    ERIS     OPER   

              2      15        3.17       700     1000      520     2100     7360     7350     1001     2101     1002     2102   
                                         GEOM     BASIS   MCVARS     RHF    F12ABS    EF12     BASIS     RHF     BASIS     RHF  
                                         1003     2103     1004     2104     1005   
                                         BASIS     RHF     BASIS     RHF     BASIS   

 PROGRAMS   *        TOTAL       INT   CCSD(T)    HF-SCF       INT   CCSD(T)    HF-SCF       INT  CCSD-F12    HF-SCF       INT
 CPU TIMES  *      1699.29     36.89     93.71      1.36      1.51      6.15      0.27      0.35    881.00    189.43    181.16
 REAL TIME  *       264.52 SEC
 DISK USED  *         9.40 GB
 **********************************************************************************************************************************


 Program * Restricted Hartree-Fock

 Molecular orbitals read from record     2104.2  Type=RHF/CANONICAL (state 1.1)

 Present basis size:      140   90
 Previous basis size:      74   42
 Previous occupation:       7    2
 Previous closed-shells:    7    2
 Previous core-orbitals:    2    0
 Present occupation:        7    2
 Present closed-shells:     7    2
 Present core-orbitals:     2    0
 Wavefunction symmetry:    1   Singlet 

 Orbital overlap <old|new>:  < 1.1| 1.1> = 0.999999   < 2.1| 2.1> = 0.999999   < 3.1| 3.1> = 0.999994   < 4.1| 4.1> = 0.999993
                             < 5.1| 5.1> = 0.999980   < 6.1| 6.1> = 0.999974   < 7.1| 7.1> = 0.999961   < 1.2| 1.2> = 0.999972
                             < 2.2| 2.2> = 0.999926


 Initial occupancy:   7   2

 NELEC=   18   SYM=1   MS2= 0   THRE=1.0D-08   THRD=3.2D-06   THRG=3.2D-06  HFMA2=F  DIIS_START=2   DIIS_MAX=10   DIIS_INCORE=F

 Level shifts:    0.00 (CLOSED)    0.00 (OPEN)    0.30 (GAP_MIN)

 ITER           ETOT              DE          GRAD        DDIFF     DIIS  NEXP   TIME(IT)  TIME(TOT)  DIAG
   1     -115.09566916    -115.09566916     0.00D+00     0.51D-01     0     0       5.78      5.88    start
   2     -115.09787733      -0.00220816     0.26D-02     0.67D-02     1     0       5.01     10.89    diag
   3     -115.09791467      -0.00003735     0.17D-03     0.95D-03     2     0       5.08     15.97    diag
   4     -115.09791705      -0.00000237     0.34D-04     0.13D-03     3     0       5.03     21.00    diag
   5     -115.09791751      -0.00000047     0.20D-04     0.27D-04     4     0       5.07     26.07    diag
   6     -115.09791758      -0.00000007     0.51D-05     0.89D-05     5     0       5.09     31.16    diag
   7     -115.09791758      -0.00000000     0.83D-06     0.17D-05     6     0       5.14     36.30    diag
   8     -115.09791758      -0.00000000     0.24D-06     0.25D-06     0     0       5.06     41.36    fixocc

 Final occupancy:   7   2

 !RHF STATE 1.1 Energy               -115.097917584314
  RHF One-electron energy            -236.612862318927
  RHF Two-electron energy              81.351211725892
  RHF Kinetic energy                  114.953898139373
  RHF Nuclear energy                   40.163733008720
  RHF Virial quotient                  -1.001252845247

 !RHF STATE 1.1 Dipole moment           0.00000000     0.59106281    -0.40656885
 Dipole moment /Debye                   0.00000000     1.50233182    -1.03339495

 Orbital energies:

           1.1          2.1          3.1          4.1          5.1          6.1          7.1          8.1          9.1
    -20.553537   -11.271312    -1.352389    -0.925027    -0.686746    -0.594586    -0.502867     0.110999     0.149910

           1.2          2.2          3.2          4.2
     -0.618220    -0.450508     0.189342     0.300739


 HOMO      2.2    -0.450508 =     -12.2589eV
 LUMO      8.1     0.110999 =       3.0204eV
 LUMO-HOMO         0.561507 =      15.2794eV

 Orbitals saved in record  2105.2


 **********************************************************************************************************************************
 DATASETS  * FILE   NREC   LENGTH (MB)   RECORD NAMES
              1      19      810.14       500      610      700      900      950      970     1005      129      960     1100   
                                          VAR    BASINP    GEOM    SYMINP    ZMAT    AOBASIS   BASIS     P2S    ABASIS      S 
                                         1400     1410     1200     1210     1080     1600     1650     1300     1700   
                                           T        V       H0       H01     AOSYM     SMH    MOLCAS    ERIS     OPER   

              2      16        3.70       700     1000      520     2100     7360     7350     1001     2101     1002     2102   
                                         GEOM     BASIS   MCVARS     RHF    F12ABS    EF12     BASIS     RHF     BASIS     RHF  
                                         1003     2103     1004     2104     1005     2105   
                                         BASIS     RHF     BASIS     RHF     BASIS     RHF  

 PROGRAMS   *        TOTAL    HF-SCF       INT   CCSD(T)    HF-SCF       INT   CCSD(T)    HF-SCF       INT  CCSD-F12    HF-SCF
 CPU TIMES  *      1740.69     41.39     36.89     93.71      1.36      1.51      6.15      0.27      0.35    881.00    189.43
 REAL TIME  *       273.83 SEC
 DISK USED  *         9.40 GB
 **********************************************************************************************************************************


 PROGRAM * CCSD (Closed-shell coupled cluster)     Authors: C. Hampel, H.-J. Werner, 1991, M. Deegan, P.J. Knowles, 1992


 Convergence thresholds:  THRVAR = 1.00D-08  THRDEN = 1.00D-06

 CCSD(T)     terms to be evaluated (factor= 1.000)


 Number of core orbitals:           2 (   2   0 )
 Number of closed-shell orbitals:   7 (   5   2 )
 Number of external orbitals:     221 ( 133  88 )

 Molecular orbitals read from record     2105.2  Type=RHF/CANONICAL (state 1.1)

 Number of N-1 electron functions:               7
 Number of N-2 electron functions:              28
 Number of singly external CSFs:               841
 Number of doubly external CSFs:            603632
 Total number of CSFs:                      604474

 Length of J-op  integral file:               0.00 MB
 Length of K-op  integral file:               1.93 MB
 Length of 3-ext integral record:             0.00 MB

 Memory could be reduced to 53.22 Mwords without degradation in triples

 Integral transformation finished. Total CPU:  23.21 sec, npass=  1  Memory used:  16.61 MW

 Reference energy:                   -115.09791758

 MP2 singlet pair energy:              -0.30592438
 MP2 triplet pair energy:              -0.15364353
 MP2 correlation energy:               -0.45956791
 MP2 total energy:                   -115.55748549

 SCS-MP2 correlation energy:           -0.46270967   (PS=  1.200000  PT=  0.333333)
 SCS-MP2 total energy:               -115.56062726

 ITER.      SQ.NORM     CORR.ENERGY   TOTAL ENERGY   ENERGY CHANGE        DEN1      VAR(S)    VAR(P)  DIIS     TIME  TIME/IT
   1      1.12021811    -0.47244066  -115.57035824    -0.01287275    -0.00205353  0.14D-02  0.19D-02  1  1    55.17     3.23
   2      1.12794611    -0.47350961  -115.57142720    -0.00106895    -0.00948297  0.21D-04  0.23D-03  2  2    87.96     3.35
   3      1.13082453    -0.47357839  -115.57149597    -0.00006877    -0.00204351  0.78D-05  0.12D-04  3  3   118.74     3.33
   4      1.13154537    -0.47357185  -115.57148943     0.00000654    -0.00037178  0.47D-06  0.96D-06  4  4   150.79     3.34
   5      1.13166850    -0.47357501  -115.57149259    -0.00000316    -0.00004341  0.11D-06  0.78D-07  5  5   183.04     3.35
   6      1.13169839    -0.47357291  -115.57149050     0.00000210    -0.00000872  0.19D-07  0.62D-08  6  6   215.34     3.36
   7      1.13170269    -0.47357249  -115.57149007     0.00000043    -0.00000089  0.31D-08  0.10D-08  6  2   248.53     3.38
   8      1.13170367    -0.47357246  -115.57149004     0.00000003     0.00000010  0.58D-09  0.14D-09  6  1   280.59     3.39

 Norm of t1 vector:      0.04722975      S-energy:    -0.00000017      T1 diagnostic:  0.00892558
                                                                       D1 diagnostic:  0.01816623
                                                                       D2 diagnostic:  0.13848101 (internal)


 Total CPU time for triples:     71.91 sec


 RESULTS
 =======

  Reference energy                   -115.097917584314
  CCSD singlet pair energy             -0.334303501686
  CCSD triplet pair energy             -0.139268788165
  CCSD correlation energy              -0.473572457163

  Triples (T) contribution             -0.016729801602
  Total correlation energy             -0.490302258765

  CCSD total energy                  -115.571490041477
  CCSD[T] energy                     -115.588743649502
  CCSD-T energy                      -115.587962253636
 !CCSD(T) total energy               -115.588219843079

 Timing summary (sec):

 STEP                 CPU(USER)    SYS     CPU(TOT)    WALL
 Transformation         24.33      0.65     24.98      3.22
 CCSD iterations       256.51     21.92    278.43     27.11
 Triples                71.91      0.82     72.73      9.55

 Program statistics:

 Available memory in ccsd:               499999762
 Min. memory needed in ccsd:               1922261
 Max. memory used in ccsd:                 2426076
 Max. memory used in cckext:               3509126 ( 8 integral passes)



 **********************************************************************************************************************************
 DATASETS  * FILE   NREC   LENGTH (MB)   RECORD NAMES
              1      20      964.52       500      610      700      900      950      970     1005      129      960     1100   
                                          VAR    BASINP    GEOM    SYMINP    ZMAT    AOBASIS   BASIS     P2S    ABASIS      S 
                                         1400     1410     1200     1210     1080     1600     1650     1300     1700     1380   
                                           T        V       H0       H01     AOSYM     SMH    MOLCAS    ERIS     OPER     JKOP   

              2      16        3.70       700     1000      520     2100     7360     7350     1001     2101     1002     2102   
                                         GEOM     BASIS   MCVARS     RHF    F12ABS    EF12     BASIS     RHF     BASIS     RHF  
                                         1003     2103     1004     2104     1005     2105   
                                         BASIS     RHF     BASIS     RHF     BASIS     RHF  

 PROGRAMS   *        TOTAL   CCSD(T)    HF-SCF       INT   CCSD(T)    HF-SCF       INT   CCSD(T)    HF-SCF       INT  CCSD-F12
 CPU TIMES  *      2093.48    352.77     41.39     36.89     93.71      1.36      1.51      6.15      0.27      0.35    881.00
 REAL TIME  *       313.75 SEC
 DISK USED  *         9.40 GB
 **********************************************************************************************************************************
